2024-11-04 21:56:08,883 :: INFO :: Start experiment: perezram-407654
2024-11-04 21:56:08,889 :: INFO :: Control node : Starting of control node serial interface
2024-11-04 21:56:08,894 :: INFO :: Control node : reset
2024-11-04 21:56:08,898 :: INFO :: Reset Control Node
2024-11-04 21:56:11,700 :: INFO :: Control node : start power of open node
2024-11-04 21:56:11,717 :: INFO :: Node OpenOCD: Setup of openocd node
2024-11-04 21:56:14,732 :: INFO :: Node OpenOCD: flash of openocd node
2024-11-04 21:56:14,737 :: INFO :: Flash firmware on OpenOCD: /usr/lib/python3.8/site-packages/gateway_code/static/m3_idle.elf
2024-11-04 21:56:16,884 :: INFO :: Control node : Start experiment
2024-11-04 21:56:16,949 :: INFO :: Control Node set time delay: 15493 us
2024-11-04 21:56:16,981 :: INFO :: Control node : profile configuration
2024-11-04 21:56:16,990 :: INFO :: Configure profile on Control Node
2024-11-04 21:56:17,050 :: INFO :: Start experiment succeeded
2024-11-04 21:57:17,004 :: INFO :: Gateway Manager : Flash of node
2024-11-04 21:57:17,009 :: INFO :: Flash firmware on open node: /tmp/tmp_orb0pcp--firmware8652768654734843898-udp-client.iotlab
2024-11-04 21:57:17,053 :: INFO :: Node OpenOCD: flash of openocd node
2024-11-04 21:57:17,057 :: INFO :: Flash firmware on OpenOCD: /tmp/tmp_orb0pcp--firmware8652768654734843898-udp-client.iotlab
2024-11-04 22:56:26,811 :: INFO :: Gateway Manager : Stop experiment
2024-11-04 22:56:26,818 :: INFO :: Stop experiment
2024-11-04 22:56:26,823 :: INFO :: Control node : stop of the experiment
2024-11-04 22:56:26,828 :: INFO :: Control node : profile configuration
2024-11-04 22:56:26,831 :: INFO :: Configure profile on Control Node
2024-11-04 22:56:26,880 :: INFO :: Control node : start power of open node
2024-11-04 22:56:26,912 :: INFO :: Node OpenOCD: teardown of openocd node
2024-11-04 22:56:29,931 :: INFO :: openocd node debugger stop
2024-11-04 22:56:30,553 :: INFO :: Node OpenOCD: flash of openocd node
2024-11-04 22:56:30,556 :: INFO :: Flash firmware on OpenOCD: /usr/lib/python3.8/site-packages/gateway_code/static/m3_idle.elf
2024-11-04 22:56:32,697 :: INFO :: Control node : Stop control node serial interface
2024-11-04 22:56:32,702 :: INFO :: Control node : stop power of open node
2024-11-04 22:56:32,739 :: INFO :: Control node : reset
2024-11-04 22:56:32,743 :: INFO :: Reset Control Node
2024-11-04 22:56:35,483 :: INFO :: Stop experiment succeeded
