2024-11-04 21:56:08,843 :: INFO :: Start experiment: perezram-407654
2024-11-04 21:56:08,847 :: INFO :: Control node : Starting of control node serial interface
2024-11-04 21:56:08,850 :: INFO :: Control node : reset
2024-11-04 21:56:08,852 :: INFO :: Reset Control Node
2024-11-04 21:56:11,650 :: INFO :: Control node : start power of open node
2024-11-04 21:56:11,667 :: INFO :: Node OpenOCD: Setup of openocd node
2024-11-04 21:56:14,682 :: INFO :: Node OpenOCD: flash of openocd node
2024-11-04 21:56:14,687 :: INFO :: Flash firmware on OpenOCD: /usr/lib/python3.8/site-packages/gateway_code/static/m3_idle.elf
2024-11-04 21:56:16,838 :: INFO :: Control node : Start experiment
2024-11-04 21:56:16,899 :: INFO :: Control Node set time delay: 7155 us
2024-11-04 21:56:16,923 :: INFO :: Control node : profile configuration
2024-11-04 21:56:16,932 :: INFO :: Configure profile on Control Node
2024-11-04 21:56:17,006 :: INFO :: Start experiment succeeded
2024-11-04 21:57:17,106 :: INFO :: Gateway Manager : Flash of node
2024-11-04 21:57:17,111 :: INFO :: Flash firmware on open node: /tmp/tmpvywldutf--firmware8652768654734843898-udp-client.iotlab
2024-11-04 21:57:17,150 :: INFO :: Node OpenOCD: flash of openocd node
2024-11-04 21:57:17,154 :: INFO :: Flash firmware on OpenOCD: /tmp/tmpvywldutf--firmware8652768654734843898-udp-client.iotlab
2024-11-04 22:56:26,677 :: INFO :: Gateway Manager : Stop experiment
2024-11-04 22:56:26,685 :: INFO :: Stop experiment
2024-11-04 22:56:26,690 :: INFO :: Control node : stop of the experiment
2024-11-04 22:56:26,696 :: INFO :: Control node : profile configuration
2024-11-04 22:56:26,700 :: INFO :: Configure profile on Control Node
2024-11-04 22:56:26,746 :: INFO :: Control node : start power of open node
2024-11-04 22:56:26,780 :: INFO :: Node OpenOCD: teardown of openocd node
2024-11-04 22:56:29,798 :: INFO :: openocd node debugger stop
2024-11-04 22:56:30,420 :: INFO :: Node OpenOCD: flash of openocd node
2024-11-04 22:56:30,423 :: INFO :: Flash firmware on OpenOCD: /usr/lib/python3.8/site-packages/gateway_code/static/m3_idle.elf
2024-11-04 22:56:32,566 :: INFO :: Control node : Stop control node serial interface
2024-11-04 22:56:32,570 :: INFO :: Control node : stop power of open node
2024-11-04 22:56:32,606 :: INFO :: Control node : reset
2024-11-04 22:56:32,610 :: INFO :: Reset Control Node
2024-11-04 22:56:35,353 :: INFO :: Stop experiment succeeded
