2024-11-04 21:56:08,971 :: INFO :: Start experiment: perezram-407654
2024-11-04 21:56:08,974 :: INFO :: Control node : Starting of control node serial interface
2024-11-04 21:56:08,978 :: INFO :: Control node : reset
2024-11-04 21:56:08,981 :: INFO :: Reset Control Node
2024-11-04 21:56:11,771 :: INFO :: Control node : start power of open node
2024-11-04 21:56:11,789 :: INFO :: Node OpenOCD: Setup of openocd node
2024-11-04 21:56:14,804 :: INFO :: Node OpenOCD: flash of openocd node
2024-11-04 21:56:14,808 :: INFO :: Flash firmware on OpenOCD: /usr/lib/python3.8/site-packages/gateway_code/static/m3_idle.elf
2024-11-04 21:56:16,956 :: INFO :: Control node : Start experiment
2024-11-04 21:56:17,022 :: INFO :: Control Node set time delay: 5612 us
2024-11-04 21:56:17,053 :: INFO :: Control node : profile configuration
2024-11-04 21:56:17,067 :: INFO :: Configure profile on Control Node
2024-11-04 21:56:17,122 :: INFO :: Start experiment succeeded
2024-11-04 21:57:17,069 :: INFO :: Gateway Manager : Flash of node
2024-11-04 21:57:17,074 :: INFO :: Flash firmware on open node: /tmp/tmpg8uygb9v--firmware8652768654734843898-udp-client.iotlab
2024-11-04 21:57:17,114 :: INFO :: Node OpenOCD: flash of openocd node
2024-11-04 21:57:17,118 :: INFO :: Flash firmware on OpenOCD: /tmp/tmpg8uygb9v--firmware8652768654734843898-udp-client.iotlab
2024-11-04 22:56:26,728 :: INFO :: Gateway Manager : Stop experiment
2024-11-04 22:56:26,733 :: INFO :: Stop experiment
2024-11-04 22:56:26,737 :: INFO :: Control node : stop of the experiment
2024-11-04 22:56:26,742 :: INFO :: Control node : profile configuration
2024-11-04 22:56:26,745 :: INFO :: Configure profile on Control Node
2024-11-04 22:56:26,792 :: INFO :: Control node : start power of open node
2024-11-04 22:56:26,822 :: INFO :: Node OpenOCD: teardown of openocd node
2024-11-04 22:56:29,850 :: INFO :: openocd node debugger stop
2024-11-04 22:56:30,375 :: INFO :: Node OpenOCD: flash of openocd node
2024-11-04 22:56:30,378 :: INFO :: Flash firmware on OpenOCD: /usr/lib/python3.8/site-packages/gateway_code/static/m3_idle.elf
2024-11-04 22:56:32,521 :: INFO :: Control node : Stop control node serial interface
2024-11-04 22:56:32,526 :: INFO :: Control node : stop power of open node
2024-11-04 22:56:32,570 :: INFO :: Control node : reset
2024-11-04 22:56:32,573 :: INFO :: Reset Control Node
2024-11-04 22:56:35,316 :: INFO :: Stop experiment succeeded
