2024-11-04 21:56:09,208 :: INFO :: Start experiment: perezram-407654
2024-11-04 21:56:09,212 :: INFO :: Control node : Starting of control node serial interface
2024-11-04 21:56:09,215 :: INFO :: Control node : reset
2024-11-04 21:56:09,218 :: INFO :: Reset Control Node
2024-11-04 21:56:12,044 :: INFO :: Control node : start power of open node
2024-11-04 21:56:12,061 :: INFO :: Node OpenOCD: Setup of openocd node
2024-11-04 21:56:15,076 :: INFO :: Node OpenOCD: flash of openocd node
2024-11-04 21:56:15,081 :: INFO :: Flash firmware on OpenOCD: /usr/lib/python3.8/site-packages/gateway_code/static/m3_idle.elf
2024-11-04 21:56:17,228 :: INFO :: Control node : Start experiment
2024-11-04 21:56:17,293 :: INFO :: Control Node set time delay: 8208 us
2024-11-04 21:56:17,315 :: INFO :: Control node : profile configuration
2024-11-04 21:56:17,329 :: INFO :: Configure profile on Control Node
2024-11-04 21:56:17,394 :: INFO :: Start experiment succeeded
2024-11-04 21:57:16,615 :: INFO :: Gateway Manager : Flash of node
2024-11-04 21:57:16,620 :: INFO :: Flash firmware on open node: /tmp/tmphzv6kmmt--firmware8652768654734843898-udp-client.iotlab
2024-11-04 21:57:16,664 :: INFO :: Node OpenOCD: flash of openocd node
2024-11-04 21:57:16,668 :: INFO :: Flash firmware on OpenOCD: /tmp/tmphzv6kmmt--firmware8652768654734843898-udp-client.iotlab
2024-11-04 22:56:26,967 :: INFO :: Gateway Manager : Stop experiment
2024-11-04 22:56:26,972 :: INFO :: Stop experiment
2024-11-04 22:56:26,976 :: INFO :: Control node : stop of the experiment
2024-11-04 22:56:26,981 :: INFO :: Control node : profile configuration
2024-11-04 22:56:26,984 :: INFO :: Configure profile on Control Node
2024-11-04 22:56:27,039 :: INFO :: Control node : start power of open node
2024-11-04 22:56:27,071 :: INFO :: Node OpenOCD: teardown of openocd node
2024-11-04 22:56:30,087 :: INFO :: openocd node debugger stop
2024-11-04 22:56:30,709 :: INFO :: Node OpenOCD: flash of openocd node
2024-11-04 22:56:30,712 :: INFO :: Flash firmware on OpenOCD: /usr/lib/python3.8/site-packages/gateway_code/static/m3_idle.elf
2024-11-04 22:56:32,854 :: INFO :: Control node : Stop control node serial interface
2024-11-04 22:56:32,859 :: INFO :: Control node : stop power of open node
2024-11-04 22:56:32,899 :: INFO :: Control node : reset
2024-11-04 22:56:32,902 :: INFO :: Reset Control Node
2024-11-04 22:56:35,650 :: INFO :: Stop experiment succeeded
