2024-11-04 21:56:09,271 :: INFO :: Start experiment: perezram-407654
2024-11-04 21:56:09,275 :: INFO :: Control node : Starting of control node serial interface
2024-11-04 21:56:09,278 :: INFO :: Control node : reset
2024-11-04 21:56:09,281 :: INFO :: Reset Control Node
2024-11-04 21:56:12,077 :: INFO :: Control node : start power of open node
2024-11-04 21:56:12,093 :: INFO :: Node OpenOCD: Setup of openocd node
2024-11-04 21:56:15,108 :: INFO :: Node OpenOCD: flash of openocd node
2024-11-04 21:56:15,113 :: INFO :: Flash firmware on OpenOCD: /usr/lib/python3.8/site-packages/gateway_code/static/m3_idle.elf
2024-11-04 21:56:17,260 :: INFO :: Control node : Start experiment
2024-11-04 21:56:17,325 :: INFO :: Control Node set time delay: 7466 us
2024-11-04 21:56:17,373 :: INFO :: Control node : profile configuration
2024-11-04 21:56:17,376 :: INFO :: Configure profile on Control Node
2024-11-04 21:56:17,426 :: INFO :: Start experiment succeeded
2024-11-04 21:57:16,764 :: INFO :: Gateway Manager : Flash of node
2024-11-04 21:57:16,769 :: INFO :: Flash firmware on open node: /tmp/tmpfrz766_c--firmware8652768654734843898-udp-client.iotlab
2024-11-04 21:57:16,809 :: INFO :: Node OpenOCD: flash of openocd node
2024-11-04 21:57:16,812 :: INFO :: Flash firmware on OpenOCD: /tmp/tmpfrz766_c--firmware8652768654734843898-udp-client.iotlab
2024-11-04 22:56:26,972 :: INFO :: Gateway Manager : Stop experiment
2024-11-04 22:56:26,978 :: INFO :: Stop experiment
2024-11-04 22:56:26,982 :: INFO :: Control node : stop of the experiment
2024-11-04 22:56:26,987 :: INFO :: Control node : profile configuration
2024-11-04 22:56:26,990 :: INFO :: Configure profile on Control Node
2024-11-04 22:56:27,043 :: INFO :: Control node : start power of open node
2024-11-04 22:56:27,075 :: INFO :: Node OpenOCD: teardown of openocd node
2024-11-04 22:56:30,091 :: INFO :: openocd node debugger stop
2024-11-04 22:56:30,617 :: INFO :: Node OpenOCD: flash of openocd node
2024-11-04 22:56:30,620 :: INFO :: Flash firmware on OpenOCD: /usr/lib/python3.8/site-packages/gateway_code/static/m3_idle.elf
2024-11-04 22:56:32,765 :: INFO :: Control node : Stop control node serial interface
2024-11-04 22:56:32,770 :: INFO :: Control node : stop power of open node
2024-11-04 22:56:32,807 :: INFO :: Control node : reset
2024-11-04 22:56:32,811 :: INFO :: Reset Control Node
2024-11-04 22:56:35,568 :: INFO :: Stop experiment succeeded
