2024-11-04 21:56:09,049 :: INFO :: Start experiment: perezram-407654
2024-11-04 21:56:09,053 :: INFO :: Control node : Starting of control node serial interface
2024-11-04 21:56:09,056 :: INFO :: Control node : reset
2024-11-04 21:56:09,059 :: INFO :: Reset Control Node
2024-11-04 21:56:12,003 :: INFO :: Control node : start power of open node
2024-11-04 21:56:12,021 :: INFO :: Node OpenOCD: Setup of openocd node
2024-11-04 21:56:15,035 :: INFO :: Node OpenOCD: flash of openocd node
2024-11-04 21:56:15,041 :: INFO :: Flash firmware on OpenOCD: /usr/lib/python3.8/site-packages/gateway_code/static/m3_idle.elf
2024-11-04 21:56:17,188 :: INFO :: Control node : Start experiment
2024-11-04 21:56:17,257 :: INFO :: Control Node set time delay: 3942 us
2024-11-04 21:56:17,284 :: INFO :: Control node : profile configuration
2024-11-04 21:56:17,288 :: INFO :: Configure profile on Control Node
2024-11-04 21:56:17,353 :: INFO :: Start experiment succeeded
2024-11-04 21:57:16,966 :: INFO :: Gateway Manager : Flash of node
2024-11-04 21:57:16,971 :: INFO :: Flash firmware on open node: /tmp/tmp1xiaoi2e--firmware8652768654734843898-udp-client.iotlab
2024-11-04 21:57:17,010 :: INFO :: Node OpenOCD: flash of openocd node
2024-11-04 21:57:17,014 :: INFO :: Flash firmware on OpenOCD: /tmp/tmp1xiaoi2e--firmware8652768654734843898-udp-client.iotlab
2024-11-04 22:56:26,808 :: INFO :: Gateway Manager : Stop experiment
2024-11-04 22:56:26,813 :: INFO :: Stop experiment
2024-11-04 22:56:26,818 :: INFO :: Control node : stop of the experiment
2024-11-04 22:56:26,823 :: INFO :: Control node : profile configuration
2024-11-04 22:56:26,826 :: INFO :: Configure profile on Control Node
2024-11-04 22:56:26,885 :: INFO :: Control node : start power of open node
2024-11-04 22:56:26,917 :: INFO :: Node OpenOCD: teardown of openocd node
2024-11-04 22:56:29,933 :: INFO :: openocd node debugger stop
2024-11-04 22:56:30,555 :: INFO :: Node OpenOCD: flash of openocd node
2024-11-04 22:56:30,558 :: INFO :: Flash firmware on OpenOCD: /usr/lib/python3.8/site-packages/gateway_code/static/m3_idle.elf
2024-11-04 22:56:32,700 :: INFO :: Control node : Stop control node serial interface
2024-11-04 22:56:32,705 :: INFO :: Control node : stop power of open node
2024-11-04 22:56:32,745 :: INFO :: Control node : reset
2024-11-04 22:56:32,749 :: INFO :: Reset Control Node
2024-11-04 22:56:35,488 :: INFO :: Stop experiment succeeded
