2024-11-04 21:56:09,060 :: INFO :: Start experiment: perezram-407654
2024-11-04 21:56:09,064 :: INFO :: Control node : Starting of control node serial interface
2024-11-04 21:56:09,067 :: INFO :: Control node : reset
2024-11-04 21:56:09,070 :: INFO :: Reset Control Node
2024-11-04 21:56:12,026 :: INFO :: Control node : start power of open node
2024-11-04 21:56:12,042 :: INFO :: Node OpenOCD: Setup of openocd node
2024-11-04 21:56:15,058 :: INFO :: Node OpenOCD: flash of openocd node
2024-11-04 21:56:15,063 :: INFO :: Flash firmware on OpenOCD: /usr/lib/python3.8/site-packages/gateway_code/static/m3_idle.elf
2024-11-04 21:56:17,211 :: INFO :: Control node : Start experiment
2024-11-04 21:56:17,276 :: INFO :: Control Node set time delay: 9337 us
2024-11-04 21:56:17,312 :: INFO :: Control node : profile configuration
2024-11-04 21:56:17,326 :: INFO :: Configure profile on Control Node
2024-11-04 21:56:17,391 :: INFO :: Start experiment succeeded
2024-11-04 21:57:16,493 :: INFO :: Gateway Manager : Flash of node
2024-11-04 21:57:16,498 :: INFO :: Flash firmware on open node: /tmp/tmpdfcwop28--firmware8652768654734843898-udp-client.iotlab
2024-11-04 21:57:16,544 :: INFO :: Node OpenOCD: flash of openocd node
2024-11-04 21:57:16,548 :: INFO :: Flash firmware on OpenOCD: /tmp/tmpdfcwop28--firmware8652768654734843898-udp-client.iotlab
2024-11-04 22:56:26,817 :: INFO :: Gateway Manager : Stop experiment
2024-11-04 22:56:26,822 :: INFO :: Stop experiment
2024-11-04 22:56:26,827 :: INFO :: Control node : stop of the experiment
2024-11-04 22:56:26,832 :: INFO :: Control node : profile configuration
2024-11-04 22:56:26,835 :: INFO :: Configure profile on Control Node
2024-11-04 22:56:26,892 :: INFO :: Control node : start power of open node
2024-11-04 22:56:26,923 :: INFO :: Node OpenOCD: teardown of openocd node
2024-11-04 22:56:29,947 :: INFO :: openocd node debugger stop
2024-11-04 22:56:30,570 :: INFO :: Node OpenOCD: flash of openocd node
2024-11-04 22:56:30,573 :: INFO :: Flash firmware on OpenOCD: /usr/lib/python3.8/site-packages/gateway_code/static/m3_idle.elf
2024-11-04 22:56:32,715 :: INFO :: Control node : Stop control node serial interface
2024-11-04 22:56:32,719 :: INFO :: Control node : stop power of open node
2024-11-04 22:56:32,766 :: INFO :: Control node : reset
2024-11-04 22:56:32,770 :: INFO :: Reset Control Node
2024-11-04 22:56:35,506 :: INFO :: Stop experiment succeeded
