2024-11-04 21:56:09,082 :: INFO :: Start experiment: perezram-407654
2024-11-04 21:56:09,086 :: INFO :: Control node : Starting of control node serial interface
2024-11-04 21:56:09,089 :: INFO :: Control node : reset
2024-11-04 21:56:09,092 :: INFO :: Reset Control Node
2024-11-04 21:56:12,083 :: INFO :: Control node : start power of open node
2024-11-04 21:56:12,108 :: INFO :: Node OpenOCD: Setup of openocd node
2024-11-04 21:56:15,123 :: INFO :: Node OpenOCD: flash of openocd node
2024-11-04 21:56:15,128 :: INFO :: Flash firmware on OpenOCD: /usr/lib/python3.8/site-packages/gateway_code/static/m3_idle.elf
2024-11-04 21:56:17,325 :: INFO :: Control node : Start experiment
2024-11-04 21:56:17,388 :: INFO :: Control Node set time delay: 6281 us
2024-11-04 21:56:17,420 :: INFO :: Control node : profile configuration
2024-11-04 21:56:17,424 :: INFO :: Configure profile on Control Node
2024-11-04 21:56:17,489 :: INFO :: Start experiment succeeded
2024-11-04 21:57:16,819 :: INFO :: Gateway Manager : Flash of node
2024-11-04 21:57:16,824 :: INFO :: Flash firmware on open node: /tmp/tmpsm_v3y_1--firmware8652768654734843898-udp-client.iotlab
2024-11-04 21:57:16,870 :: INFO :: Node OpenOCD: flash of openocd node
2024-11-04 21:57:16,873 :: INFO :: Flash firmware on OpenOCD: /tmp/tmpsm_v3y_1--firmware8652768654734843898-udp-client.iotlab
2024-11-04 22:56:26,902 :: INFO :: Gateway Manager : Stop experiment
2024-11-04 22:56:26,908 :: INFO :: Stop experiment
2024-11-04 22:56:26,912 :: INFO :: Control node : stop of the experiment
2024-11-04 22:56:26,921 :: INFO :: Control node : profile configuration
2024-11-04 22:56:26,924 :: INFO :: Configure profile on Control Node
2024-11-04 22:56:26,971 :: INFO :: Control node : start power of open node
2024-11-04 22:56:27,003 :: INFO :: Node OpenOCD: teardown of openocd node
2024-11-04 22:56:30,019 :: INFO :: openocd node debugger stop
2024-11-04 22:56:30,641 :: INFO :: Node OpenOCD: flash of openocd node
2024-11-04 22:56:30,645 :: INFO :: Flash firmware on OpenOCD: /usr/lib/python3.8/site-packages/gateway_code/static/m3_idle.elf
2024-11-04 22:56:32,736 :: INFO :: Control node : Stop control node serial interface
2024-11-04 22:56:32,740 :: INFO :: Control node : stop power of open node
2024-11-04 22:56:32,783 :: INFO :: Control node : reset
2024-11-04 22:56:32,787 :: INFO :: Reset Control Node
2024-11-04 22:56:35,523 :: INFO :: Stop experiment succeeded
