2024-11-04 21:56:09,198 :: INFO :: Start experiment: perezram-407654
2024-11-04 21:56:09,201 :: INFO :: Control node : Starting of control node serial interface
2024-11-04 21:56:09,205 :: INFO :: Control node : reset
2024-11-04 21:56:09,208 :: INFO :: Reset Control Node
2024-11-04 21:56:12,045 :: INFO :: Control node : start power of open node
2024-11-04 21:56:12,061 :: INFO :: Node OpenOCD: Setup of openocd node
2024-11-04 21:56:15,076 :: INFO :: Node OpenOCD: flash of openocd node
2024-11-04 21:56:15,081 :: INFO :: Flash firmware on OpenOCD: /usr/lib/python3.8/site-packages/gateway_code/static/m3_idle.elf
2024-11-04 21:56:17,228 :: INFO :: Control node : Start experiment
2024-11-04 21:56:17,295 :: INFO :: Control Node set time delay: 5892 us
2024-11-04 21:56:17,341 :: INFO :: Control node : profile configuration
2024-11-04 21:56:17,344 :: INFO :: Configure profile on Control Node
2024-11-04 21:56:17,394 :: INFO :: Start experiment succeeded
2024-11-04 21:57:17,098 :: INFO :: Gateway Manager : Flash of node
2024-11-04 21:57:17,103 :: INFO :: Flash firmware on open node: /tmp/tmpm28md_78--firmware8652768654734843898-udp-client.iotlab
2024-11-04 21:57:17,142 :: INFO :: Node OpenOCD: flash of openocd node
2024-11-04 21:57:17,146 :: INFO :: Flash firmware on OpenOCD: /tmp/tmpm28md_78--firmware8652768654734843898-udp-client.iotlab
2024-11-04 22:56:26,973 :: INFO :: Gateway Manager : Stop experiment
2024-11-04 22:56:26,979 :: INFO :: Stop experiment
2024-11-04 22:56:26,983 :: INFO :: Control node : stop of the experiment
2024-11-04 22:56:26,988 :: INFO :: Control node : profile configuration
2024-11-04 22:56:26,991 :: INFO :: Configure profile on Control Node
2024-11-04 22:56:27,046 :: INFO :: Control node : start power of open node
2024-11-04 22:56:27,078 :: INFO :: Node OpenOCD: teardown of openocd node
2024-11-04 22:56:30,094 :: INFO :: openocd node debugger stop
2024-11-04 22:56:30,618 :: INFO :: Node OpenOCD: flash of openocd node
2024-11-04 22:56:30,622 :: INFO :: Flash firmware on OpenOCD: /usr/lib/python3.8/site-packages/gateway_code/static/m3_idle.elf
2024-11-04 22:56:32,763 :: INFO :: Control node : Stop control node serial interface
2024-11-04 22:56:32,767 :: INFO :: Control node : stop power of open node
2024-11-04 22:56:32,809 :: INFO :: Control node : reset
2024-11-04 22:56:32,813 :: INFO :: Reset Control Node
2024-11-04 22:56:35,589 :: INFO :: Stop experiment succeeded
