2024-11-04 21:56:08,976 :: INFO :: Start experiment: perezram-407654
2024-11-04 21:56:08,980 :: INFO :: Control node : Starting of control node serial interface
2024-11-04 21:56:08,983 :: INFO :: Control node : reset
2024-11-04 21:56:08,986 :: INFO :: Reset Control Node
2024-11-04 21:56:11,947 :: INFO :: Control node : start power of open node
2024-11-04 21:56:11,963 :: INFO :: Node OpenOCD: Setup of openocd node
2024-11-04 21:56:14,978 :: INFO :: Node OpenOCD: flash of openocd node
2024-11-04 21:56:14,983 :: INFO :: Flash firmware on OpenOCD: /usr/lib/python3.8/site-packages/gateway_code/static/m3_idle.elf
2024-11-04 21:56:17,130 :: INFO :: Control node : Start experiment
2024-11-04 21:56:17,194 :: INFO :: Control Node set time delay: 7176 us
2024-11-04 21:56:17,227 :: INFO :: Control node : profile configuration
2024-11-04 21:56:17,239 :: INFO :: Configure profile on Control Node
2024-11-04 21:56:17,296 :: INFO :: Start experiment succeeded
2024-11-04 21:57:17,012 :: INFO :: Gateway Manager : Flash of node
2024-11-04 21:57:17,017 :: INFO :: Flash firmware on open node: /tmp/tmpjui6dq03--firmware8652768654734843898-udp-client.iotlab
2024-11-04 21:57:17,057 :: INFO :: Node OpenOCD: flash of openocd node
2024-11-04 21:57:17,061 :: INFO :: Flash firmware on OpenOCD: /tmp/tmpjui6dq03--firmware8652768654734843898-udp-client.iotlab
2024-11-04 22:56:26,792 :: INFO :: Gateway Manager : Stop experiment
2024-11-04 22:56:26,799 :: INFO :: Stop experiment
2024-11-04 22:56:26,804 :: INFO :: Control node : stop of the experiment
2024-11-04 22:56:26,809 :: INFO :: Control node : profile configuration
2024-11-04 22:56:26,812 :: INFO :: Configure profile on Control Node
2024-11-04 22:56:26,862 :: INFO :: Control node : start power of open node
2024-11-04 22:56:26,892 :: INFO :: Node OpenOCD: teardown of openocd node
2024-11-04 22:56:29,908 :: INFO :: openocd node debugger stop
2024-11-04 22:56:30,531 :: INFO :: Node OpenOCD: flash of openocd node
2024-11-04 22:56:30,534 :: INFO :: Flash firmware on OpenOCD: /usr/lib/python3.8/site-packages/gateway_code/static/m3_idle.elf
2024-11-04 22:56:32,676 :: INFO :: Control node : Stop control node serial interface
2024-11-04 22:56:32,681 :: INFO :: Control node : stop power of open node
2024-11-04 22:56:32,719 :: INFO :: Control node : reset
2024-11-04 22:56:32,723 :: INFO :: Reset Control Node
2024-11-04 22:56:35,463 :: INFO :: Stop experiment succeeded
