2024-11-04 21:56:08,849 :: INFO :: Start experiment: perezram-407654
2024-11-04 21:56:08,853 :: INFO :: Control node : Starting of control node serial interface
2024-11-04 21:56:08,857 :: INFO :: Control node : reset
2024-11-04 21:56:08,861 :: INFO :: Reset Control Node
2024-11-04 21:56:11,660 :: INFO :: Control node : start power of open node
2024-11-04 21:56:11,678 :: INFO :: Node OpenOCD: Setup of openocd node
2024-11-04 21:56:14,693 :: INFO :: Node OpenOCD: flash of openocd node
2024-11-04 21:56:14,698 :: INFO :: Flash firmware on OpenOCD: /usr/lib/python3.8/site-packages/gateway_code/static/m3_idle.elf
2024-11-04 21:56:16,848 :: INFO :: Control node : Start experiment
2024-11-04 21:56:16,910 :: INFO :: Control Node set time delay: 3270 us
2024-11-04 21:56:16,942 :: INFO :: Control node : profile configuration
2024-11-04 21:56:16,945 :: INFO :: Configure profile on Control Node
2024-11-04 21:56:17,011 :: INFO :: Start experiment succeeded
2024-11-04 21:57:16,925 :: INFO :: Gateway Manager : Flash of node
2024-11-04 21:57:16,931 :: INFO :: Flash firmware on open node: /tmp/tmpsvun7bln--firmware8652768654734843898-udp-client.iotlab
2024-11-04 21:57:16,970 :: INFO :: Node OpenOCD: flash of openocd node
2024-11-04 21:57:16,974 :: INFO :: Flash firmware on OpenOCD: /tmp/tmpsvun7bln--firmware8652768654734843898-udp-client.iotlab
2024-11-04 22:56:26,699 :: INFO :: Gateway Manager : Stop experiment
2024-11-04 22:56:26,706 :: INFO :: Stop experiment
2024-11-04 22:56:26,710 :: INFO :: Control node : stop of the experiment
2024-11-04 22:56:26,715 :: INFO :: Control node : profile configuration
2024-11-04 22:56:26,719 :: INFO :: Configure profile on Control Node
2024-11-04 22:56:26,777 :: INFO :: Control node : start power of open node
2024-11-04 22:56:26,808 :: INFO :: Node OpenOCD: teardown of openocd node
2024-11-04 22:56:29,824 :: INFO :: openocd node debugger stop
2024-11-04 22:56:30,446 :: INFO :: Node OpenOCD: flash of openocd node
2024-11-04 22:56:30,450 :: INFO :: Flash firmware on OpenOCD: /usr/lib/python3.8/site-packages/gateway_code/static/m3_idle.elf
2024-11-04 22:56:32,592 :: INFO :: Control node : Stop control node serial interface
2024-11-04 22:56:32,597 :: INFO :: Control node : stop power of open node
2024-11-04 22:56:32,635 :: INFO :: Control node : reset
2024-11-04 22:56:32,639 :: INFO :: Reset Control Node
2024-11-04 22:56:35,391 :: INFO :: Stop experiment succeeded
