2024-11-04 21:56:08,963 :: INFO :: Start experiment: perezram-407654
2024-11-04 21:56:08,969 :: INFO :: Control node : Starting of control node serial interface
2024-11-04 21:56:08,974 :: INFO :: Control node : reset
2024-11-04 21:56:08,979 :: INFO :: Reset Control Node
2024-11-04 21:56:11,771 :: INFO :: Control node : start power of open node
2024-11-04 21:56:11,789 :: INFO :: Node OpenOCD: Setup of openocd node
2024-11-04 21:56:14,804 :: INFO :: Node OpenOCD: flash of openocd node
2024-11-04 21:56:14,809 :: INFO :: Flash firmware on OpenOCD: /usr/lib/python3.8/site-packages/gateway_code/static/m3_idle.elf
2024-11-04 21:56:16,958 :: INFO :: Control node : Start experiment
2024-11-04 21:56:17,021 :: INFO :: Control Node set time delay: 5221 us
2024-11-04 21:56:17,053 :: INFO :: Control node : profile configuration
2024-11-04 21:56:17,056 :: INFO :: Configure profile on Control Node
2024-11-04 21:56:17,122 :: INFO :: Start experiment succeeded
2024-11-04 21:57:16,907 :: INFO :: Gateway Manager : Flash of node
2024-11-04 21:57:16,912 :: INFO :: Flash firmware on open node: /tmp/tmpw8teh12w--firmware8652768654734843898-udp-client.iotlab
2024-11-04 21:57:16,957 :: INFO :: Node OpenOCD: flash of openocd node
2024-11-04 21:57:16,961 :: INFO :: Flash firmware on OpenOCD: /tmp/tmpw8teh12w--firmware8652768654734843898-udp-client.iotlab
2024-11-04 22:56:26,727 :: INFO :: Gateway Manager : Stop experiment
2024-11-04 22:56:26,733 :: INFO :: Stop experiment
2024-11-04 22:56:26,737 :: INFO :: Control node : stop of the experiment
2024-11-04 22:56:26,742 :: INFO :: Control node : profile configuration
2024-11-04 22:56:26,745 :: INFO :: Configure profile on Control Node
2024-11-04 22:56:26,794 :: INFO :: Control node : start power of open node
2024-11-04 22:56:26,826 :: INFO :: Node OpenOCD: teardown of openocd node
2024-11-04 22:56:29,848 :: INFO :: openocd node debugger stop
2024-11-04 22:56:30,469 :: INFO :: Node OpenOCD: flash of openocd node
2024-11-04 22:56:30,473 :: INFO :: Flash firmware on OpenOCD: /usr/lib/python3.8/site-packages/gateway_code/static/m3_idle.elf
2024-11-04 22:56:32,615 :: INFO :: Control node : Stop control node serial interface
2024-11-04 22:56:32,620 :: INFO :: Control node : stop power of open node
2024-11-04 22:56:32,654 :: INFO :: Control node : reset
2024-11-04 22:56:32,658 :: INFO :: Reset Control Node
2024-11-04 22:56:35,397 :: INFO :: Stop experiment succeeded
