2024-11-04 21:56:09,186 :: INFO :: Start experiment: perezram-407654
2024-11-04 21:56:09,190 :: INFO :: Control node : Starting of control node serial interface
2024-11-04 21:56:09,193 :: INFO :: Control node : reset
2024-11-04 21:56:09,196 :: INFO :: Reset Control Node
2024-11-04 21:56:12,043 :: INFO :: Control node : start power of open node
2024-11-04 21:56:12,061 :: INFO :: Node OpenOCD: Setup of openocd node
2024-11-04 21:56:15,077 :: INFO :: Node OpenOCD: flash of openocd node
2024-11-04 21:56:15,082 :: INFO :: Flash firmware on OpenOCD: /usr/lib/python3.8/site-packages/gateway_code/static/m3_idle.elf
2024-11-04 21:56:17,229 :: INFO :: Control node : Start experiment
2024-11-04 21:56:17,297 :: INFO :: Control Node set time delay: 4847 us
2024-11-04 21:56:17,341 :: INFO :: Control node : profile configuration
2024-11-04 21:56:17,344 :: INFO :: Configure profile on Control Node
2024-11-04 21:56:17,394 :: INFO :: Start experiment succeeded
2024-11-04 21:57:16,819 :: INFO :: Gateway Manager : Flash of node
2024-11-04 21:57:16,824 :: INFO :: Flash firmware on open node: /tmp/tmp1xss_3uv--firmware8652768654734843898-udp-client.iotlab
2024-11-04 21:57:16,863 :: INFO :: Node OpenOCD: flash of openocd node
2024-11-04 21:57:16,866 :: INFO :: Flash firmware on OpenOCD: /tmp/tmp1xss_3uv--firmware8652768654734843898-udp-client.iotlab
2024-11-04 22:56:26,988 :: INFO :: Gateway Manager : Stop experiment
2024-11-04 22:56:26,993 :: INFO :: Stop experiment
2024-11-04 22:56:26,997 :: INFO :: Control node : stop of the experiment
2024-11-04 22:56:27,002 :: INFO :: Control node : profile configuration
2024-11-04 22:56:27,005 :: INFO :: Configure profile on Control Node
2024-11-04 22:56:27,053 :: INFO :: Control node : start power of open node
2024-11-04 22:56:27,085 :: INFO :: Node OpenOCD: teardown of openocd node
2024-11-04 22:56:30,101 :: INFO :: openocd node debugger stop
2024-11-04 22:56:30,626 :: INFO :: Node OpenOCD: flash of openocd node
2024-11-04 22:56:30,629 :: INFO :: Flash firmware on OpenOCD: /usr/lib/python3.8/site-packages/gateway_code/static/m3_idle.elf
2024-11-04 22:56:32,771 :: INFO :: Control node : Stop control node serial interface
2024-11-04 22:56:32,776 :: INFO :: Control node : stop power of open node
2024-11-04 22:56:32,816 :: INFO :: Control node : reset
2024-11-04 22:56:32,820 :: INFO :: Reset Control Node
2024-11-04 22:56:35,584 :: INFO :: Stop experiment succeeded
