2024-11-04 21:56:09,137 :: INFO :: Start experiment: perezram-407654
2024-11-04 21:56:09,141 :: INFO :: Control node : Starting of control node serial interface
2024-11-04 21:56:09,145 :: INFO :: Control node : reset
2024-11-04 21:56:09,148 :: INFO :: Reset Control Node
2024-11-04 21:56:12,111 :: INFO :: Control node : start power of open node
2024-11-04 21:56:12,142 :: INFO :: Node OpenOCD: Setup of openocd node
2024-11-04 21:56:15,158 :: INFO :: Node OpenOCD: flash of openocd node
2024-11-04 21:56:15,165 :: INFO :: Flash firmware on OpenOCD: /usr/lib/python3.8/site-packages/gateway_code/static/m3_idle.elf
2024-11-04 21:56:17,374 :: INFO :: Control node : Start experiment
2024-11-04 21:56:17,469 :: INFO :: Control Node set time delay: 13631 us
2024-11-04 21:56:17,501 :: INFO :: Control node : profile configuration
2024-11-04 21:56:17,505 :: INFO :: Configure profile on Control Node
2024-11-04 21:56:17,571 :: INFO :: Start experiment succeeded
2024-11-04 21:57:16,934 :: INFO :: Gateway Manager : Flash of node
2024-11-04 21:57:16,940 :: INFO :: Flash firmware on open node: /tmp/tmpd2c0wutd--firmware8652768654734843898-udp-client.iotlab
2024-11-04 21:57:16,989 :: INFO :: Node OpenOCD: flash of openocd node
2024-11-04 21:57:16,994 :: INFO :: Flash firmware on OpenOCD: /tmp/tmpd2c0wutd--firmware8652768654734843898-udp-client.iotlab
2024-11-04 22:56:26,905 :: INFO :: Gateway Manager : Stop experiment
2024-11-04 22:56:26,912 :: INFO :: Stop experiment
2024-11-04 22:56:26,922 :: INFO :: Control node : stop of the experiment
2024-11-04 22:56:26,929 :: INFO :: Control node : profile configuration
2024-11-04 22:56:26,935 :: INFO :: Configure profile on Control Node
2024-11-04 22:56:26,982 :: INFO :: Control node : start power of open node
2024-11-04 22:56:27,014 :: INFO :: Node OpenOCD: teardown of openocd node
2024-11-04 22:56:30,032 :: INFO :: openocd node debugger stop
2024-11-04 22:56:30,658 :: INFO :: Node OpenOCD: flash of openocd node
2024-11-04 22:56:30,662 :: INFO :: Flash firmware on OpenOCD: /usr/lib/python3.8/site-packages/gateway_code/static/m3_idle.elf
2024-11-04 22:56:32,865 :: INFO :: Control node : Stop control node serial interface
2024-11-04 22:56:32,870 :: INFO :: Control node : stop power of open node
2024-11-04 22:56:32,909 :: INFO :: Control node : reset
2024-11-04 22:56:32,914 :: INFO :: Reset Control Node
2024-11-04 22:56:35,670 :: INFO :: Stop experiment succeeded
