2024-11-04 21:56:08,973 :: INFO :: Start experiment: perezram-407654
2024-11-04 21:56:08,976 :: INFO :: Control node : Starting of control node serial interface
2024-11-04 21:56:08,980 :: INFO :: Control node : reset
2024-11-04 21:56:08,983 :: INFO :: Reset Control Node
2024-11-04 21:56:11,775 :: INFO :: Control node : start power of open node
2024-11-04 21:56:11,794 :: INFO :: Node OpenOCD: Setup of openocd node
2024-11-04 21:56:14,808 :: INFO :: Node OpenOCD: flash of openocd node
2024-11-04 21:56:14,813 :: INFO :: Flash firmware on OpenOCD: /usr/lib/python3.8/site-packages/gateway_code/static/m3_idle.elf
2024-11-04 21:56:16,961 :: INFO :: Control node : Start experiment
2024-11-04 21:56:17,030 :: INFO :: Control Node set time delay: 3192 us
2024-11-04 21:56:17,074 :: INFO :: Control node : profile configuration
2024-11-04 21:56:17,077 :: INFO :: Configure profile on Control Node
2024-11-04 21:56:17,127 :: INFO :: Start experiment succeeded
2024-11-04 21:57:16,600 :: INFO :: Gateway Manager : Flash of node
2024-11-04 21:57:16,605 :: INFO :: Flash firmware on open node: /tmp/tmpmdeh0_06--firmware8652768654734843898-udp-client.iotlab
2024-11-04 21:57:16,645 :: INFO :: Node OpenOCD: flash of openocd node
2024-11-04 21:57:16,648 :: INFO :: Flash firmware on OpenOCD: /tmp/tmpmdeh0_06--firmware8652768654734843898-udp-client.iotlab
2024-11-04 22:56:26,794 :: INFO :: Gateway Manager : Stop experiment
2024-11-04 22:56:26,800 :: INFO :: Stop experiment
2024-11-04 22:56:26,805 :: INFO :: Control node : stop of the experiment
2024-11-04 22:56:26,810 :: INFO :: Control node : profile configuration
2024-11-04 22:56:26,813 :: INFO :: Configure profile on Control Node
2024-11-04 22:56:26,874 :: INFO :: Control node : start power of open node
2024-11-04 22:56:26,904 :: INFO :: Node OpenOCD: teardown of openocd node
2024-11-04 22:56:29,920 :: INFO :: openocd node debugger stop
2024-11-04 22:56:30,542 :: INFO :: Node OpenOCD: flash of openocd node
2024-11-04 22:56:30,545 :: INFO :: Flash firmware on OpenOCD: /usr/lib/python3.8/site-packages/gateway_code/static/m3_idle.elf
2024-11-04 22:56:32,688 :: INFO :: Control node : Stop control node serial interface
2024-11-04 22:56:32,692 :: INFO :: Control node : stop power of open node
2024-11-04 22:56:32,732 :: INFO :: Control node : reset
2024-11-04 22:56:32,735 :: INFO :: Reset Control Node
2024-11-04 22:56:35,476 :: INFO :: Stop experiment succeeded
