2024-11-04 21:56:09,276 :: INFO :: Start experiment: perezram-407654
2024-11-04 21:56:09,280 :: INFO :: Control node : Starting of control node serial interface
2024-11-04 21:56:09,283 :: INFO :: Control node : reset
2024-11-04 21:56:09,286 :: INFO :: Reset Control Node
2024-11-04 21:56:12,080 :: INFO :: Control node : start power of open node
2024-11-04 21:56:12,098 :: INFO :: Node OpenOCD: Setup of openocd node
2024-11-04 21:56:15,112 :: INFO :: Node OpenOCD: flash of openocd node
2024-11-04 21:56:15,117 :: INFO :: Flash firmware on OpenOCD: /usr/lib/python3.8/site-packages/gateway_code/static/m3_idle.elf
2024-11-04 21:56:17,263 :: INFO :: Control node : Start experiment
2024-11-04 21:56:17,329 :: INFO :: Control Node set time delay: 11674 us
2024-11-04 21:56:17,360 :: INFO :: Control node : profile configuration
2024-11-04 21:56:17,363 :: INFO :: Configure profile on Control Node
2024-11-04 21:56:17,431 :: INFO :: Start experiment succeeded
2024-11-04 21:57:16,452 :: INFO :: Gateway Manager : Flash of node
2024-11-04 21:57:16,457 :: INFO :: Flash firmware on open node: /tmp/tmpq53zrs_g--firmware8652768654734843898-udp-client.iotlab
2024-11-04 21:57:16,500 :: INFO :: Node OpenOCD: flash of openocd node
2024-11-04 21:57:16,504 :: INFO :: Flash firmware on OpenOCD: /tmp/tmpq53zrs_g--firmware8652768654734843898-udp-client.iotlab
2024-11-04 22:56:26,970 :: INFO :: Gateway Manager : Stop experiment
2024-11-04 22:56:26,976 :: INFO :: Stop experiment
2024-11-04 22:56:26,979 :: INFO :: Control node : stop of the experiment
2024-11-04 22:56:26,984 :: INFO :: Control node : profile configuration
2024-11-04 22:56:26,988 :: INFO :: Configure profile on Control Node
2024-11-04 22:56:27,033 :: INFO :: Control node : start power of open node
2024-11-04 22:56:27,065 :: INFO :: Node OpenOCD: teardown of openocd node
2024-11-04 22:56:30,081 :: INFO :: openocd node debugger stop
2024-11-04 22:56:30,606 :: INFO :: Node OpenOCD: flash of openocd node
2024-11-04 22:56:30,609 :: INFO :: Flash firmware on OpenOCD: /usr/lib/python3.8/site-packages/gateway_code/static/m3_idle.elf
2024-11-04 22:56:32,752 :: INFO :: Control node : Stop control node serial interface
2024-11-04 22:56:32,757 :: INFO :: Control node : stop power of open node
2024-11-04 22:56:32,796 :: INFO :: Control node : reset
2024-11-04 22:56:32,800 :: INFO :: Reset Control Node
2024-11-04 22:56:35,545 :: INFO :: Stop experiment succeeded
