2024-11-04 21:56:09,274 :: INFO :: Start experiment: perezram-407654
2024-11-04 21:56:09,278 :: INFO :: Control node : Starting of control node serial interface
2024-11-04 21:56:09,281 :: INFO :: Control node : reset
2024-11-04 21:56:09,284 :: INFO :: Reset Control Node
2024-11-04 21:56:12,078 :: INFO :: Control node : start power of open node
2024-11-04 21:56:12,093 :: INFO :: Node OpenOCD: Setup of openocd node
2024-11-04 21:56:15,107 :: INFO :: Node OpenOCD: flash of openocd node
2024-11-04 21:56:15,112 :: INFO :: Flash firmware on OpenOCD: /usr/lib/python3.8/site-packages/gateway_code/static/m3_idle.elf
2024-11-04 21:56:17,259 :: INFO :: Control node : Start experiment
2024-11-04 21:56:17,330 :: INFO :: Control Node set time delay: 12740 us
2024-11-04 21:56:17,357 :: INFO :: Control node : profile configuration
2024-11-04 21:56:17,360 :: INFO :: Configure profile on Control Node
2024-11-04 21:56:17,426 :: INFO :: Start experiment succeeded
2024-11-04 21:57:16,407 :: INFO :: Gateway Manager : Flash of node
2024-11-04 21:57:16,412 :: INFO :: Flash firmware on open node: /tmp/tmpk9jxcige--firmware8652768654734843898-udp-client.iotlab
2024-11-04 21:57:16,456 :: INFO :: Node OpenOCD: flash of openocd node
2024-11-04 21:57:16,459 :: INFO :: Flash firmware on OpenOCD: /tmp/tmpk9jxcige--firmware8652768654734843898-udp-client.iotlab
2024-11-04 22:56:26,968 :: INFO :: Gateway Manager : Stop experiment
2024-11-04 22:56:26,973 :: INFO :: Stop experiment
2024-11-04 22:56:26,977 :: INFO :: Control node : stop of the experiment
2024-11-04 22:56:26,982 :: INFO :: Control node : profile configuration
2024-11-04 22:56:26,985 :: INFO :: Configure profile on Control Node
2024-11-04 22:56:27,040 :: INFO :: Control node : start power of open node
2024-11-04 22:56:27,072 :: INFO :: Node OpenOCD: teardown of openocd node
2024-11-04 22:56:30,088 :: INFO :: openocd node debugger stop
2024-11-04 22:56:30,710 :: INFO :: Node OpenOCD: flash of openocd node
2024-11-04 22:56:30,713 :: INFO :: Flash firmware on OpenOCD: /usr/lib/python3.8/site-packages/gateway_code/static/m3_idle.elf
2024-11-04 22:56:32,855 :: INFO :: Control node : Stop control node serial interface
2024-11-04 22:56:32,860 :: INFO :: Control node : stop power of open node
2024-11-04 22:56:32,899 :: INFO :: Control node : reset
2024-11-04 22:56:32,903 :: INFO :: Reset Control Node
2024-11-04 22:56:35,656 :: INFO :: Stop experiment succeeded
