2024-11-04 21:56:09,113 :: INFO :: Start experiment: perezram-407654
2024-11-04 21:56:09,117 :: INFO :: Control node : Starting of control node serial interface
2024-11-04 21:56:09,120 :: INFO :: Control node : reset
2024-11-04 21:56:09,123 :: INFO :: Reset Control Node
2024-11-04 21:56:12,042 :: INFO :: Control node : start power of open node
2024-11-04 21:56:12,058 :: INFO :: Node OpenOCD: Setup of openocd node
2024-11-04 21:56:15,073 :: INFO :: Node OpenOCD: flash of openocd node
2024-11-04 21:56:15,078 :: INFO :: Flash firmware on OpenOCD: /usr/lib/python3.8/site-packages/gateway_code/static/m3_idle.elf
2024-11-04 21:56:17,227 :: INFO :: Control node : Start experiment
2024-11-04 21:56:17,289 :: INFO :: Control Node set time delay: 6764 us
2024-11-04 21:56:17,338 :: INFO :: Control node : profile configuration
2024-11-04 21:56:17,341 :: INFO :: Configure profile on Control Node
2024-11-04 21:56:17,391 :: INFO :: Start experiment succeeded
2024-11-04 21:57:16,607 :: INFO :: Gateway Manager : Flash of node
2024-11-04 21:57:16,613 :: INFO :: Flash firmware on open node: /tmp/tmpj9ohfe54--firmware8652768654734843898-udp-client.iotlab
2024-11-04 21:57:16,657 :: INFO :: Node OpenOCD: flash of openocd node
2024-11-04 21:57:16,661 :: INFO :: Flash firmware on OpenOCD: /tmp/tmpj9ohfe54--firmware8652768654734843898-udp-client.iotlab
2024-11-04 22:56:26,898 :: INFO :: Gateway Manager : Stop experiment
2024-11-04 22:56:26,903 :: INFO :: Stop experiment
2024-11-04 22:56:26,907 :: INFO :: Control node : stop of the experiment
2024-11-04 22:56:26,912 :: INFO :: Control node : profile configuration
2024-11-04 22:56:26,919 :: INFO :: Configure profile on Control Node
2024-11-04 22:56:26,971 :: INFO :: Control node : start power of open node
2024-11-04 22:56:27,003 :: INFO :: Node OpenOCD: teardown of openocd node
2024-11-04 22:56:30,019 :: INFO :: openocd node debugger stop
2024-11-04 22:56:30,641 :: INFO :: Node OpenOCD: flash of openocd node
2024-11-04 22:56:30,644 :: INFO :: Flash firmware on OpenOCD: /usr/lib/python3.8/site-packages/gateway_code/static/m3_idle.elf
2024-11-04 22:56:32,786 :: INFO :: Control node : Stop control node serial interface
2024-11-04 22:56:32,791 :: INFO :: Control node : stop power of open node
2024-11-04 22:56:32,831 :: INFO :: Control node : reset
2024-11-04 22:56:32,835 :: INFO :: Reset Control Node
2024-11-04 22:56:35,619 :: INFO :: Stop experiment succeeded
