2024-11-04 21:56:09,313 :: INFO :: Start experiment: perezram-407654
2024-11-04 21:56:09,317 :: INFO :: Control node : Starting of control node serial interface
2024-11-04 21:56:09,320 :: INFO :: Control node : reset
2024-11-04 21:56:09,323 :: INFO :: Reset Control Node
2024-11-04 21:56:12,119 :: INFO :: Control node : start power of open node
2024-11-04 21:56:12,135 :: INFO :: Node OpenOCD: Setup of openocd node
2024-11-04 21:56:15,150 :: INFO :: Node OpenOCD: flash of openocd node
2024-11-04 21:56:15,154 :: INFO :: Flash firmware on OpenOCD: /usr/lib/python3.8/site-packages/gateway_code/static/m3_idle.elf
2024-11-04 21:56:17,300 :: INFO :: Control node : Start experiment
2024-11-04 21:56:17,367 :: INFO :: Control Node set time delay: 11427 us
2024-11-04 21:56:17,415 :: INFO :: Control node : profile configuration
2024-11-04 21:56:17,418 :: INFO :: Configure profile on Control Node
2024-11-04 21:56:17,468 :: INFO :: Start experiment succeeded
2024-11-04 21:57:16,589 :: INFO :: Gateway Manager : Flash of node
2024-11-04 21:57:16,594 :: INFO :: Flash firmware on open node: /tmp/tmpeuf45vtw--firmware8652768654734843898-udp-client.iotlab
2024-11-04 21:57:16,639 :: INFO :: Node OpenOCD: flash of openocd node
2024-11-04 21:57:16,643 :: INFO :: Flash firmware on OpenOCD: /tmp/tmpeuf45vtw--firmware8652768654734843898-udp-client.iotlab
2024-11-04 22:56:26,969 :: INFO :: Gateway Manager : Stop experiment
2024-11-04 22:56:26,974 :: INFO :: Stop experiment
2024-11-04 22:56:26,979 :: INFO :: Control node : stop of the experiment
2024-11-04 22:56:26,984 :: INFO :: Control node : profile configuration
2024-11-04 22:56:26,987 :: INFO :: Configure profile on Control Node
2024-11-04 22:56:27,046 :: INFO :: Control node : start power of open node
2024-11-04 22:56:27,078 :: INFO :: Node OpenOCD: teardown of openocd node
2024-11-04 22:56:30,095 :: INFO :: openocd node debugger stop
2024-11-04 22:56:30,717 :: INFO :: Node OpenOCD: flash of openocd node
2024-11-04 22:56:30,720 :: INFO :: Flash firmware on OpenOCD: /usr/lib/python3.8/site-packages/gateway_code/static/m3_idle.elf
2024-11-04 22:56:32,862 :: INFO :: Control node : Stop control node serial interface
2024-11-04 22:56:32,867 :: INFO :: Control node : stop power of open node
2024-11-04 22:56:32,906 :: INFO :: Control node : reset
2024-11-04 22:56:32,910 :: INFO :: Reset Control Node
2024-11-04 22:56:35,657 :: INFO :: Stop experiment succeeded
