2024-11-04 21:56:09,353 :: INFO :: Start experiment: perezram-407654
2024-11-04 21:56:09,357 :: INFO :: Control node : Starting of control node serial interface
2024-11-04 21:56:09,360 :: INFO :: Control node : reset
2024-11-04 21:56:09,363 :: INFO :: Reset Control Node
2024-11-04 21:56:12,156 :: INFO :: Control node : start power of open node
2024-11-04 21:56:12,185 :: INFO :: Node OpenOCD: Setup of openocd node
2024-11-04 21:56:15,200 :: INFO :: Node OpenOCD: flash of openocd node
2024-11-04 21:56:15,205 :: INFO :: Flash firmware on OpenOCD: /usr/lib/python3.8/site-packages/gateway_code/static/m3_idle.elf
2024-11-04 21:56:17,402 :: INFO :: Control node : Start experiment
2024-11-04 21:56:17,465 :: INFO :: Control Node set time delay: 6773 us
2024-11-04 21:56:17,488 :: INFO :: Control node : profile configuration
2024-11-04 21:56:17,501 :: INFO :: Configure profile on Control Node
2024-11-04 21:56:17,566 :: INFO :: Start experiment succeeded
2024-11-04 21:57:17,130 :: INFO :: Gateway Manager : Flash of node
2024-11-04 21:57:17,135 :: INFO :: Flash firmware on open node: /tmp/tmpd5ch_ye9--firmware8652768654734843898-udp-client.iotlab
2024-11-04 21:57:17,178 :: INFO :: Node OpenOCD: flash of openocd node
2024-11-04 21:57:17,182 :: INFO :: Flash firmware on OpenOCD: /tmp/tmpd5ch_ye9--firmware8652768654734843898-udp-client.iotlab
2024-11-04 22:56:27,036 :: INFO :: Gateway Manager : Stop experiment
2024-11-04 22:56:27,042 :: INFO :: Stop experiment
2024-11-04 22:56:27,046 :: INFO :: Control node : stop of the experiment
2024-11-04 22:56:27,051 :: INFO :: Control node : profile configuration
2024-11-04 22:56:27,054 :: INFO :: Configure profile on Control Node
2024-11-04 22:56:27,100 :: INFO :: Control node : start power of open node
2024-11-04 22:56:27,132 :: INFO :: Node OpenOCD: teardown of openocd node
2024-11-04 22:56:30,151 :: INFO :: openocd node debugger stop
2024-11-04 22:56:30,773 :: INFO :: Node OpenOCD: flash of openocd node
2024-11-04 22:56:30,776 :: INFO :: Flash firmware on OpenOCD: /usr/lib/python3.8/site-packages/gateway_code/static/m3_idle.elf
2024-11-04 22:56:32,920 :: INFO :: Control node : Stop control node serial interface
2024-11-04 22:56:32,924 :: INFO :: Control node : stop power of open node
2024-11-04 22:56:32,960 :: INFO :: Control node : reset
2024-11-04 22:56:32,964 :: INFO :: Reset Control Node
2024-11-04 22:56:35,704 :: INFO :: Stop experiment succeeded
