2024-11-04 21:56:09,260 :: INFO :: Start experiment: perezram-407654
2024-11-04 21:56:09,263 :: INFO :: Control node : Starting of control node serial interface
2024-11-04 21:56:09,267 :: INFO :: Control node : reset
2024-11-04 21:56:09,270 :: INFO :: Reset Control Node
2024-11-04 21:56:12,068 :: INFO :: Control node : start power of open node
2024-11-04 21:56:12,082 :: INFO :: Node OpenOCD: Setup of openocd node
2024-11-04 21:56:15,097 :: INFO :: Node OpenOCD: flash of openocd node
2024-11-04 21:56:15,101 :: INFO :: Flash firmware on OpenOCD: /usr/lib/python3.8/site-packages/gateway_code/static/m3_idle.elf
2024-11-04 21:56:17,248 :: INFO :: Control node : Start experiment
2024-11-04 21:56:17,319 :: INFO :: Control Node set time delay: 6998 us
2024-11-04 21:56:17,346 :: INFO :: Control node : profile configuration
2024-11-04 21:56:17,350 :: INFO :: Configure profile on Control Node
2024-11-04 21:56:17,399 :: INFO :: Start experiment succeeded
2024-11-04 21:57:16,875 :: INFO :: Gateway Manager : Flash of node
2024-11-04 21:57:16,880 :: INFO :: Flash firmware on open node: /tmp/tmpegactubt--firmware8652768654734843898-udp-client.iotlab
2024-11-04 21:57:16,926 :: INFO :: Node OpenOCD: flash of openocd node
2024-11-04 21:57:16,930 :: INFO :: Flash firmware on OpenOCD: /tmp/tmpegactubt--firmware8652768654734843898-udp-client.iotlab
2024-11-04 22:56:26,973 :: INFO :: Gateway Manager : Stop experiment
2024-11-04 22:56:26,979 :: INFO :: Stop experiment
2024-11-04 22:56:26,983 :: INFO :: Control node : stop of the experiment
2024-11-04 22:56:26,988 :: INFO :: Control node : profile configuration
2024-11-04 22:56:26,991 :: INFO :: Configure profile on Control Node
2024-11-04 22:56:27,036 :: INFO :: Control node : start power of open node
2024-11-04 22:56:27,068 :: INFO :: Node OpenOCD: teardown of openocd node
2024-11-04 22:56:30,085 :: INFO :: openocd node debugger stop
2024-11-04 22:56:30,706 :: INFO :: Node OpenOCD: flash of openocd node
2024-11-04 22:56:30,709 :: INFO :: Flash firmware on OpenOCD: /usr/lib/python3.8/site-packages/gateway_code/static/m3_idle.elf
2024-11-04 22:56:32,851 :: INFO :: Control node : Stop control node serial interface
2024-11-04 22:56:32,856 :: INFO :: Control node : stop power of open node
2024-11-04 22:56:32,895 :: INFO :: Control node : reset
2024-11-04 22:56:32,899 :: INFO :: Reset Control Node
2024-11-04 22:56:35,646 :: INFO :: Stop experiment succeeded
