2024-11-04 21:56:09,086 :: INFO :: Start experiment: perezram-407654
2024-11-04 21:56:09,090 :: INFO :: Control node : Starting of control node serial interface
2024-11-04 21:56:09,093 :: INFO :: Control node : reset
2024-11-04 21:56:09,096 :: INFO :: Reset Control Node
2024-11-04 21:56:12,045 :: INFO :: Control node : start power of open node
2024-11-04 21:56:12,063 :: INFO :: Node OpenOCD: Setup of openocd node
2024-11-04 21:56:15,077 :: INFO :: Node OpenOCD: flash of openocd node
2024-11-04 21:56:15,082 :: INFO :: Flash firmware on OpenOCD: /usr/lib/python3.8/site-packages/gateway_code/static/m3_idle.elf
2024-11-04 21:56:17,228 :: INFO :: Control node : Start experiment
2024-11-04 21:56:17,294 :: INFO :: Control Node set time delay: 15455 us
2024-11-04 21:56:17,331 :: INFO :: Control node : profile configuration
2024-11-04 21:56:17,334 :: INFO :: Configure profile on Control Node
2024-11-04 21:56:17,396 :: INFO :: Start experiment succeeded
2024-11-04 21:57:16,701 :: INFO :: Gateway Manager : Flash of node
2024-11-04 21:57:16,706 :: INFO :: Flash firmware on open node: /tmp/tmp4ahcnqgz--firmware8652768654734843898-udp-client.iotlab
2024-11-04 21:57:16,751 :: INFO :: Node OpenOCD: flash of openocd node
2024-11-04 21:57:16,755 :: INFO :: Flash firmware on OpenOCD: /tmp/tmp4ahcnqgz--firmware8652768654734843898-udp-client.iotlab
2024-11-04 22:56:26,903 :: INFO :: Gateway Manager : Stop experiment
2024-11-04 22:56:26,909 :: INFO :: Stop experiment
2024-11-04 22:56:26,913 :: INFO :: Control node : stop of the experiment
2024-11-04 22:56:26,922 :: INFO :: Control node : profile configuration
2024-11-04 22:56:26,925 :: INFO :: Configure profile on Control Node
2024-11-04 22:56:26,970 :: INFO :: Control node : start power of open node
2024-11-04 22:56:27,002 :: INFO :: Node OpenOCD: teardown of openocd node
2024-11-04 22:56:30,017 :: INFO :: openocd node debugger stop
2024-11-04 22:56:30,639 :: INFO :: Node OpenOCD: flash of openocd node
2024-11-04 22:56:30,642 :: INFO :: Flash firmware on OpenOCD: /usr/lib/python3.8/site-packages/gateway_code/static/m3_idle.elf
2024-11-04 22:56:32,784 :: INFO :: Control node : Stop control node serial interface
2024-11-04 22:56:32,789 :: INFO :: Control node : stop power of open node
2024-11-04 22:56:32,829 :: INFO :: Control node : reset
2024-11-04 22:56:32,833 :: INFO :: Reset Control Node
2024-11-04 22:56:35,612 :: INFO :: Stop experiment succeeded
