2024-11-04 21:56:09,360 :: INFO :: Start experiment: perezram-407654
2024-11-04 21:56:09,364 :: INFO :: Control node : Starting of control node serial interface
2024-11-04 21:56:09,367 :: INFO :: Control node : reset
2024-11-04 21:56:09,370 :: INFO :: Reset Control Node
2024-11-04 21:56:12,162 :: INFO :: Control node : start power of open node
2024-11-04 21:56:12,179 :: INFO :: Node OpenOCD: Setup of openocd node
2024-11-04 21:56:15,194 :: INFO :: Node OpenOCD: flash of openocd node
2024-11-04 21:56:15,199 :: INFO :: Flash firmware on OpenOCD: /usr/lib/python3.8/site-packages/gateway_code/static/m3_idle.elf
2024-11-04 21:56:17,396 :: INFO :: Control node : Start experiment
2024-11-04 21:56:17,459 :: INFO :: Control Node set time delay: 10921 us
2024-11-04 21:56:17,491 :: INFO :: Control node : profile configuration
2024-11-04 21:56:17,494 :: INFO :: Configure profile on Control Node
2024-11-04 21:56:17,560 :: INFO :: Start experiment succeeded
2024-11-04 21:57:16,920 :: INFO :: Gateway Manager : Flash of node
2024-11-04 21:57:16,925 :: INFO :: Flash firmware on open node: /tmp/tmpeoirshzc--firmware8652768654734843898-udp-client.iotlab
2024-11-04 21:57:16,970 :: INFO :: Node OpenOCD: flash of openocd node
2024-11-04 21:57:16,974 :: INFO :: Flash firmware on OpenOCD: /tmp/tmpeoirshzc--firmware8652768654734843898-udp-client.iotlab
2024-11-04 22:56:27,038 :: INFO :: Gateway Manager : Stop experiment
2024-11-04 22:56:27,044 :: INFO :: Stop experiment
2024-11-04 22:56:27,048 :: INFO :: Control node : stop of the experiment
2024-11-04 22:56:27,053 :: INFO :: Control node : profile configuration
2024-11-04 22:56:27,056 :: INFO :: Configure profile on Control Node
2024-11-04 22:56:27,110 :: INFO :: Control node : start power of open node
2024-11-04 22:56:27,142 :: INFO :: Node OpenOCD: teardown of openocd node
2024-11-04 22:56:30,159 :: INFO :: openocd node debugger stop
2024-11-04 22:56:30,684 :: INFO :: Node OpenOCD: flash of openocd node
2024-11-04 22:56:30,687 :: INFO :: Flash firmware on OpenOCD: /usr/lib/python3.8/site-packages/gateway_code/static/m3_idle.elf
2024-11-04 22:56:32,828 :: INFO :: Control node : Stop control node serial interface
2024-11-04 22:56:32,833 :: INFO :: Control node : stop power of open node
2024-11-04 22:56:32,874 :: INFO :: Control node : reset
2024-11-04 22:56:32,878 :: INFO :: Reset Control Node
2024-11-04 22:56:35,630 :: INFO :: Stop experiment succeeded
