2024-11-04 21:56:09,351 :: INFO :: Start experiment: perezram-407654
2024-11-04 21:56:09,355 :: INFO :: Control node : Starting of control node serial interface
2024-11-04 21:56:09,358 :: INFO :: Control node : reset
2024-11-04 21:56:09,361 :: INFO :: Reset Control Node
2024-11-04 21:56:12,159 :: INFO :: Control node : start power of open node
2024-11-04 21:56:12,176 :: INFO :: Node OpenOCD: Setup of openocd node
2024-11-04 21:56:15,191 :: INFO :: Node OpenOCD: flash of openocd node
2024-11-04 21:56:15,196 :: INFO :: Flash firmware on OpenOCD: /usr/lib/python3.8/site-packages/gateway_code/static/m3_idle.elf
2024-11-04 21:56:17,343 :: INFO :: Control node : Start experiment
2024-11-04 21:56:17,408 :: INFO :: Control Node set time delay: 12801 us
2024-11-04 21:56:17,439 :: INFO :: Control node : profile configuration
2024-11-04 21:56:17,443 :: INFO :: Configure profile on Control Node
2024-11-04 21:56:17,510 :: INFO :: Start experiment succeeded
2024-11-04 21:57:16,754 :: INFO :: Gateway Manager : Flash of node
2024-11-04 21:57:16,760 :: INFO :: Flash firmware on open node: /tmp/tmpuc8bt5yq--firmware8652768654734843898-udp-client.iotlab
2024-11-04 21:57:16,799 :: INFO :: Node OpenOCD: flash of openocd node
2024-11-04 21:57:16,803 :: INFO :: Flash firmware on OpenOCD: /tmp/tmpuc8bt5yq--firmware8652768654734843898-udp-client.iotlab
2024-11-04 22:56:27,041 :: INFO :: Gateway Manager : Stop experiment
2024-11-04 22:56:27,047 :: INFO :: Stop experiment
2024-11-04 22:56:27,051 :: INFO :: Control node : stop of the experiment
2024-11-04 22:56:27,055 :: INFO :: Control node : profile configuration
2024-11-04 22:56:27,059 :: INFO :: Configure profile on Control Node
2024-11-04 22:56:27,114 :: INFO :: Control node : start power of open node
2024-11-04 22:56:27,146 :: INFO :: Node OpenOCD: teardown of openocd node
2024-11-04 22:56:30,163 :: INFO :: openocd node debugger stop
2024-11-04 22:56:30,785 :: INFO :: Node OpenOCD: flash of openocd node
2024-11-04 22:56:30,788 :: INFO :: Flash firmware on OpenOCD: /usr/lib/python3.8/site-packages/gateway_code/static/m3_idle.elf
2024-11-04 22:56:32,930 :: INFO :: Control node : Stop control node serial interface
2024-11-04 22:56:32,935 :: INFO :: Control node : stop power of open node
2024-11-04 22:56:32,973 :: INFO :: Control node : reset
2024-11-04 22:56:32,977 :: INFO :: Reset Control Node
2024-11-04 22:56:35,723 :: INFO :: Stop experiment succeeded
