2024-11-04 21:56:08,878 :: INFO :: Start experiment: perezram-407654
2024-11-04 21:56:08,884 :: INFO :: Control node : Starting of control node serial interface
2024-11-04 21:56:08,888 :: INFO :: Control node : reset
2024-11-04 21:56:08,891 :: INFO :: Reset Control Node
2024-11-04 21:56:11,683 :: INFO :: Control node : start power of open node
2024-11-04 21:56:11,707 :: INFO :: Node OpenOCD: Setup of openocd node
2024-11-04 21:56:14,721 :: INFO :: Node OpenOCD: flash of openocd node
2024-11-04 21:56:14,727 :: INFO :: Flash firmware on OpenOCD: /usr/lib/python3.8/site-packages/gateway_code/static/m3_idle.elf
2024-11-04 21:56:16,873 :: INFO :: Control node : Start experiment
2024-11-04 21:56:16,939 :: INFO :: Control Node set time delay: 14154 us
2024-11-04 21:56:16,963 :: INFO :: Control node : profile configuration
2024-11-04 21:56:16,977 :: INFO :: Configure profile on Control Node
2024-11-04 21:56:17,040 :: INFO :: Start experiment succeeded
2024-11-04 21:57:16,844 :: INFO :: Gateway Manager : Flash of node
2024-11-04 21:57:16,849 :: INFO :: Flash firmware on open node: /tmp/tmpvknby1v2--firmware8652768654734843898-udp-client.iotlab
2024-11-04 21:57:16,888 :: INFO :: Node OpenOCD: flash of openocd node
2024-11-04 21:57:16,892 :: INFO :: Flash firmware on OpenOCD: /tmp/tmpvknby1v2--firmware8652768654734843898-udp-client.iotlab
2024-11-04 22:56:26,722 :: INFO :: Gateway Manager : Stop experiment
2024-11-04 22:56:26,727 :: INFO :: Stop experiment
2024-11-04 22:56:26,732 :: INFO :: Control node : stop of the experiment
2024-11-04 22:56:26,737 :: INFO :: Control node : profile configuration
2024-11-04 22:56:26,740 :: INFO :: Configure profile on Control Node
2024-11-04 22:56:26,800 :: INFO :: Control node : start power of open node
2024-11-04 22:56:26,830 :: INFO :: Node OpenOCD: teardown of openocd node
2024-11-04 22:56:29,851 :: INFO :: openocd node debugger stop
2024-11-04 22:56:30,473 :: INFO :: Node OpenOCD: flash of openocd node
2024-11-04 22:56:30,477 :: INFO :: Flash firmware on OpenOCD: /usr/lib/python3.8/site-packages/gateway_code/static/m3_idle.elf
2024-11-04 22:56:32,618 :: INFO :: Control node : Stop control node serial interface
2024-11-04 22:56:32,622 :: INFO :: Control node : stop power of open node
2024-11-04 22:56:32,658 :: INFO :: Control node : reset
2024-11-04 22:56:32,662 :: INFO :: Reset Control Node
2024-11-04 22:56:35,400 :: INFO :: Stop experiment succeeded
