2024-11-04 21:56:09,343 :: INFO :: Start experiment: perezram-407654
2024-11-04 21:56:09,347 :: INFO :: Control node : Starting of control node serial interface
2024-11-04 21:56:09,350 :: INFO :: Control node : reset
2024-11-04 21:56:09,353 :: INFO :: Reset Control Node
2024-11-04 21:56:12,143 :: INFO :: Control node : start power of open node
2024-11-04 21:56:12,163 :: INFO :: Node OpenOCD: Setup of openocd node
2024-11-04 21:56:15,178 :: INFO :: Node OpenOCD: flash of openocd node
2024-11-04 21:56:15,183 :: INFO :: Flash firmware on OpenOCD: /usr/lib/python3.8/site-packages/gateway_code/static/m3_idle.elf
2024-11-04 21:56:17,329 :: INFO :: Control node : Start experiment
2024-11-04 21:56:17,396 :: INFO :: Control Node set time delay: 5266 us
2024-11-04 21:56:17,427 :: INFO :: Control node : profile configuration
2024-11-04 21:56:17,431 :: INFO :: Configure profile on Control Node
2024-11-04 21:56:17,496 :: INFO :: Start experiment succeeded
2024-11-04 21:57:17,078 :: INFO :: Gateway Manager : Flash of node
2024-11-04 21:57:17,083 :: INFO :: Flash firmware on open node: /tmp/tmp018yesbo--firmware8652768654734843898-udp-client.iotlab
2024-11-04 21:57:17,129 :: INFO :: Node OpenOCD: flash of openocd node
2024-11-04 21:57:17,132 :: INFO :: Flash firmware on OpenOCD: /tmp/tmp018yesbo--firmware8652768654734843898-udp-client.iotlab
2024-11-04 22:56:26,982 :: INFO :: Gateway Manager : Stop experiment
2024-11-04 22:56:26,988 :: INFO :: Stop experiment
2024-11-04 22:56:26,992 :: INFO :: Control node : stop of the experiment
2024-11-04 22:56:26,997 :: INFO :: Control node : profile configuration
2024-11-04 22:56:27,000 :: INFO :: Configure profile on Control Node
2024-11-04 22:56:27,050 :: INFO :: Control node : start power of open node
2024-11-04 22:56:27,082 :: INFO :: Node OpenOCD: teardown of openocd node
2024-11-04 22:56:30,098 :: INFO :: openocd node debugger stop
2024-11-04 22:56:30,720 :: INFO :: Node OpenOCD: flash of openocd node
2024-11-04 22:56:30,723 :: INFO :: Flash firmware on OpenOCD: /usr/lib/python3.8/site-packages/gateway_code/static/m3_idle.elf
2024-11-04 22:56:32,864 :: INFO :: Control node : Stop control node serial interface
2024-11-04 22:56:32,869 :: INFO :: Control node : stop power of open node
2024-11-04 22:56:32,909 :: INFO :: Control node : reset
2024-11-04 22:56:32,913 :: INFO :: Reset Control Node
2024-11-04 22:56:35,655 :: INFO :: Stop experiment succeeded
