2024-11-04 21:56:09,204 :: INFO :: Start experiment: perezram-407654
2024-11-04 21:56:09,208 :: INFO :: Control node : Starting of control node serial interface
2024-11-04 21:56:09,211 :: INFO :: Control node : reset
2024-11-04 21:56:09,214 :: INFO :: Reset Control Node
2024-11-04 21:56:12,043 :: INFO :: Control node : start power of open node
2024-11-04 21:56:12,071 :: INFO :: Node OpenOCD: Setup of openocd node
2024-11-04 21:56:15,085 :: INFO :: Node OpenOCD: flash of openocd node
2024-11-04 21:56:15,090 :: INFO :: Flash firmware on OpenOCD: /usr/lib/python3.8/site-packages/gateway_code/static/m3_idle.elf
2024-11-04 21:56:17,237 :: INFO :: Control node : Start experiment
2024-11-04 21:56:17,302 :: INFO :: Control Node set time delay: 12263 us
2024-11-04 21:56:17,333 :: INFO :: Control node : profile configuration
2024-11-04 21:56:17,347 :: INFO :: Configure profile on Control Node
2024-11-04 21:56:17,404 :: INFO :: Start experiment succeeded
2024-11-04 21:57:16,844 :: INFO :: Gateway Manager : Flash of node
2024-11-04 21:57:16,849 :: INFO :: Flash firmware on open node: /tmp/tmpc8qlpoap--firmware8652768654734843898-udp-client.iotlab
2024-11-04 21:57:16,895 :: INFO :: Node OpenOCD: flash of openocd node
2024-11-04 21:57:16,899 :: INFO :: Flash firmware on OpenOCD: /tmp/tmpc8qlpoap--firmware8652768654734843898-udp-client.iotlab
2024-11-04 22:56:26,972 :: INFO :: Gateway Manager : Stop experiment
2024-11-04 22:56:26,977 :: INFO :: Stop experiment
2024-11-04 22:56:26,981 :: INFO :: Control node : stop of the experiment
2024-11-04 22:56:26,986 :: INFO :: Control node : profile configuration
2024-11-04 22:56:26,989 :: INFO :: Configure profile on Control Node
2024-11-04 22:56:27,039 :: INFO :: Control node : start power of open node
2024-11-04 22:56:27,070 :: INFO :: Node OpenOCD: teardown of openocd node
2024-11-04 22:56:30,087 :: INFO :: openocd node debugger stop
2024-11-04 22:56:30,709 :: INFO :: Node OpenOCD: flash of openocd node
2024-11-04 22:56:30,712 :: INFO :: Flash firmware on OpenOCD: /usr/lib/python3.8/site-packages/gateway_code/static/m3_idle.elf
2024-11-04 22:56:32,853 :: INFO :: Control node : Stop control node serial interface
2024-11-04 22:56:32,858 :: INFO :: Control node : stop power of open node
2024-11-04 22:56:32,898 :: INFO :: Control node : reset
2024-11-04 22:56:32,902 :: INFO :: Reset Control Node
2024-11-04 22:56:35,649 :: INFO :: Stop experiment succeeded
