2024-11-04 21:56:09,043 :: INFO :: Start experiment: perezram-407654
2024-11-04 21:56:09,047 :: INFO :: Control node : Starting of control node serial interface
2024-11-04 21:56:09,050 :: INFO :: Control node : reset
2024-11-04 21:56:09,053 :: INFO :: Reset Control Node
2024-11-04 21:56:12,046 :: INFO :: Control node : start power of open node
2024-11-04 21:56:12,076 :: INFO :: Node OpenOCD: Setup of openocd node
2024-11-04 21:56:15,090 :: INFO :: Node OpenOCD: flash of openocd node
2024-11-04 21:56:15,095 :: INFO :: Flash firmware on OpenOCD: /usr/lib/python3.8/site-packages/gateway_code/static/m3_idle.elf
2024-11-04 21:56:17,241 :: INFO :: Control node : Start experiment
2024-11-04 21:56:17,308 :: INFO :: Control Node set time delay: 14623 us
2024-11-04 21:56:17,340 :: INFO :: Control node : profile configuration
2024-11-04 21:56:17,353 :: INFO :: Configure profile on Control Node
2024-11-04 21:56:17,408 :: INFO :: Start experiment succeeded
2024-11-04 21:57:16,339 :: INFO :: Gateway Manager : Flash of node
2024-11-04 21:57:16,344 :: INFO :: Flash firmware on open node: /tmp/tmpnsaa6mtm--firmware8652768654734843898-udp-client.iotlab
2024-11-04 21:57:16,388 :: INFO :: Node OpenOCD: flash of openocd node
2024-11-04 21:57:16,392 :: INFO :: Flash firmware on OpenOCD: /tmp/tmpnsaa6mtm--firmware8652768654734843898-udp-client.iotlab
2024-11-04 22:56:26,806 :: INFO :: Gateway Manager : Stop experiment
2024-11-04 22:56:26,811 :: INFO :: Stop experiment
2024-11-04 22:56:26,815 :: INFO :: Control node : stop of the experiment
2024-11-04 22:56:26,820 :: INFO :: Control node : profile configuration
2024-11-04 22:56:26,824 :: INFO :: Configure profile on Control Node
2024-11-04 22:56:26,876 :: INFO :: Control node : start power of open node
2024-11-04 22:56:26,906 :: INFO :: Node OpenOCD: teardown of openocd node
2024-11-04 22:56:29,921 :: INFO :: openocd node debugger stop
2024-11-04 22:56:30,543 :: INFO :: Node OpenOCD: flash of openocd node
2024-11-04 22:56:30,546 :: INFO :: Flash firmware on OpenOCD: /usr/lib/python3.8/site-packages/gateway_code/static/m3_idle.elf
2024-11-04 22:56:32,689 :: INFO :: Control node : Stop control node serial interface
2024-11-04 22:56:32,693 :: INFO :: Control node : stop power of open node
2024-11-04 22:56:32,733 :: INFO :: Control node : reset
2024-11-04 22:56:32,737 :: INFO :: Reset Control Node
2024-11-04 22:56:35,477 :: INFO :: Stop experiment succeeded
