2024-11-04 21:56:09,157 :: INFO :: Start experiment: perezram-407654
2024-11-04 21:56:09,160 :: INFO :: Control node : Starting of control node serial interface
2024-11-04 21:56:09,164 :: INFO :: Control node : reset
2024-11-04 21:56:09,167 :: INFO :: Reset Control Node
2024-11-04 21:56:12,043 :: INFO :: Control node : start power of open node
2024-11-04 21:56:12,060 :: INFO :: Node OpenOCD: Setup of openocd node
2024-11-04 21:56:15,075 :: INFO :: Node OpenOCD: flash of openocd node
2024-11-04 21:56:15,080 :: INFO :: Flash firmware on OpenOCD: /usr/lib/python3.8/site-packages/gateway_code/static/m3_idle.elf
2024-11-04 21:56:17,227 :: INFO :: Control node : Start experiment
2024-11-04 21:56:17,292 :: INFO :: Control Node set time delay: 11872 us
2024-11-04 21:56:17,324 :: INFO :: Control node : profile configuration
2024-11-04 21:56:17,327 :: INFO :: Configure profile on Control Node
2024-11-04 21:56:17,393 :: INFO :: Start experiment succeeded
2024-11-04 21:57:15,612 :: INFO :: Gateway Manager : Flash of node
2024-11-04 21:57:15,641 :: INFO :: Flash firmware on open node: /tmp/tmp3i8echnz--firmware8652768654734843898-udp-client.iotlab
2024-11-04 21:57:15,680 :: INFO :: Node OpenOCD: flash of openocd node
2024-11-04 21:57:15,684 :: INFO :: Flash firmware on OpenOCD: /tmp/tmp3i8echnz--firmware8652768654734843898-udp-client.iotlab
2024-11-04 22:56:26,903 :: INFO :: Gateway Manager : Stop experiment
2024-11-04 22:56:26,909 :: INFO :: Stop experiment
2024-11-04 22:56:26,913 :: INFO :: Control node : stop of the experiment
2024-11-04 22:56:26,918 :: INFO :: Control node : profile configuration
2024-11-04 22:56:26,925 :: INFO :: Configure profile on Control Node
2024-11-04 22:56:26,976 :: INFO :: Control node : start power of open node
2024-11-04 22:56:27,008 :: INFO :: Node OpenOCD: teardown of openocd node
2024-11-04 22:56:30,024 :: INFO :: openocd node debugger stop
2024-11-04 22:56:30,646 :: INFO :: Node OpenOCD: flash of openocd node
2024-11-04 22:56:30,649 :: INFO :: Flash firmware on OpenOCD: /usr/lib/python3.8/site-packages/gateway_code/static/m3_idle.elf
2024-11-04 22:56:32,791 :: INFO :: Control node : Stop control node serial interface
2024-11-04 22:56:32,796 :: INFO :: Control node : stop power of open node
2024-11-04 22:56:32,836 :: INFO :: Control node : reset
2024-11-04 22:56:32,840 :: INFO :: Reset Control Node
2024-11-04 22:56:35,600 :: INFO :: Stop experiment succeeded
