2024-11-04 21:56:09,355 :: INFO :: Start experiment: perezram-407654
2024-11-04 21:56:09,358 :: INFO :: Control node : Starting of control node serial interface
2024-11-04 21:56:09,361 :: INFO :: Control node : reset
2024-11-04 21:56:09,364 :: INFO :: Reset Control Node
2024-11-04 21:56:12,155 :: INFO :: Control node : start power of open node
2024-11-04 21:56:12,173 :: INFO :: Node OpenOCD: Setup of openocd node
2024-11-04 21:56:15,187 :: INFO :: Node OpenOCD: flash of openocd node
2024-11-04 21:56:15,192 :: INFO :: Flash firmware on OpenOCD: /usr/lib/python3.8/site-packages/gateway_code/static/m3_idle.elf
2024-11-04 21:56:17,337 :: INFO :: Control node : Start experiment
2024-11-04 21:56:17,408 :: INFO :: Control Node set time delay: 10440 us
2024-11-04 21:56:17,436 :: INFO :: Control node : profile configuration
2024-11-04 21:56:17,439 :: INFO :: Configure profile on Control Node
2024-11-04 21:56:17,505 :: INFO :: Start experiment succeeded
2024-11-04 21:57:17,069 :: INFO :: Gateway Manager : Flash of node
2024-11-04 21:57:17,075 :: INFO :: Flash firmware on open node: /tmp/tmp2ddkoxhx--firmware8652768654734843898-udp-client.iotlab
2024-11-04 21:57:17,118 :: INFO :: Node OpenOCD: flash of openocd node
2024-11-04 21:57:17,122 :: INFO :: Flash firmware on OpenOCD: /tmp/tmp2ddkoxhx--firmware8652768654734843898-udp-client.iotlab
2024-11-04 22:56:26,993 :: INFO :: Gateway Manager : Stop experiment
2024-11-04 22:56:26,998 :: INFO :: Stop experiment
2024-11-04 22:56:27,002 :: INFO :: Control node : stop of the experiment
2024-11-04 22:56:27,007 :: INFO :: Control node : profile configuration
2024-11-04 22:56:27,010 :: INFO :: Configure profile on Control Node
2024-11-04 22:56:27,059 :: INFO :: Control node : start power of open node
2024-11-04 22:56:27,091 :: INFO :: Node OpenOCD: teardown of openocd node
2024-11-04 22:56:30,107 :: INFO :: openocd node debugger stop
2024-11-04 22:56:30,728 :: INFO :: Node OpenOCD: flash of openocd node
2024-11-04 22:56:30,731 :: INFO :: Flash firmware on OpenOCD: /usr/lib/python3.8/site-packages/gateway_code/static/m3_idle.elf
2024-11-04 22:56:32,873 :: INFO :: Control node : Stop control node serial interface
2024-11-04 22:56:32,878 :: INFO :: Control node : stop power of open node
2024-11-04 22:56:32,918 :: INFO :: Control node : reset
2024-11-04 22:56:32,922 :: INFO :: Reset Control Node
2024-11-04 22:56:35,670 :: INFO :: Stop experiment succeeded
