2024-11-04 21:56:08,871 :: INFO :: Start experiment: perezram-407654
2024-11-04 21:56:08,876 :: INFO :: Control node : Starting of control node serial interface
2024-11-04 21:56:08,881 :: INFO :: Control node : reset
2024-11-04 21:56:08,885 :: INFO :: Reset Control Node
2024-11-04 21:56:11,676 :: INFO :: Control node : start power of open node
2024-11-04 21:56:11,695 :: INFO :: Node OpenOCD: Setup of openocd node
2024-11-04 21:56:14,709 :: INFO :: Node OpenOCD: flash of openocd node
2024-11-04 21:56:14,714 :: INFO :: Flash firmware on OpenOCD: /usr/lib/python3.8/site-packages/gateway_code/static/m3_idle.elf
2024-11-04 21:56:16,861 :: INFO :: Control node : Start experiment
2024-11-04 21:56:16,926 :: INFO :: Control Node set time delay: 7420 us
2024-11-04 21:56:16,959 :: INFO :: Control node : profile configuration
2024-11-04 21:56:16,962 :: INFO :: Configure profile on Control Node
2024-11-04 21:56:17,027 :: INFO :: Start experiment succeeded
2024-11-04 21:57:16,923 :: INFO :: Gateway Manager : Flash of node
2024-11-04 21:57:16,928 :: INFO :: Flash firmware on open node: /tmp/tmpuvwhvo_2--firmware8652768654734843898-udp-client.iotlab
2024-11-04 21:57:16,972 :: INFO :: Node OpenOCD: flash of openocd node
2024-11-04 21:57:16,975 :: INFO :: Flash firmware on OpenOCD: /tmp/tmpuvwhvo_2--firmware8652768654734843898-udp-client.iotlab
2024-11-04 22:56:26,713 :: INFO :: Gateway Manager : Stop experiment
2024-11-04 22:56:26,718 :: INFO :: Stop experiment
2024-11-04 22:56:26,722 :: INFO :: Control node : stop of the experiment
2024-11-04 22:56:26,727 :: INFO :: Control node : profile configuration
2024-11-04 22:56:26,731 :: INFO :: Configure profile on Control Node
2024-11-04 22:56:26,780 :: INFO :: Control node : start power of open node
2024-11-04 22:56:26,811 :: INFO :: Node OpenOCD: teardown of openocd node
2024-11-04 22:56:29,827 :: INFO :: openocd node debugger stop
2024-11-04 22:56:30,448 :: INFO :: Node OpenOCD: flash of openocd node
2024-11-04 22:56:30,452 :: INFO :: Flash firmware on OpenOCD: /usr/lib/python3.8/site-packages/gateway_code/static/m3_idle.elf
2024-11-04 22:56:32,593 :: INFO :: Control node : Stop control node serial interface
2024-11-04 22:56:32,598 :: INFO :: Control node : stop power of open node
2024-11-04 22:56:32,638 :: INFO :: Control node : reset
2024-11-04 22:56:32,642 :: INFO :: Reset Control Node
2024-11-04 22:56:35,390 :: INFO :: Stop experiment succeeded
