2024-11-04 21:56:09,223 :: INFO :: Start experiment: perezram-407654
2024-11-04 21:56:09,227 :: INFO :: Control node : Starting of control node serial interface
2024-11-04 21:56:09,230 :: INFO :: Control node : reset
2024-11-04 21:56:09,233 :: INFO :: Reset Control Node
2024-11-04 21:56:12,044 :: INFO :: Control node : start power of open node
2024-11-04 21:56:12,062 :: INFO :: Node OpenOCD: Setup of openocd node
2024-11-04 21:56:15,076 :: INFO :: Node OpenOCD: flash of openocd node
2024-11-04 21:56:15,081 :: INFO :: Flash firmware on OpenOCD: /usr/lib/python3.8/site-packages/gateway_code/static/m3_idle.elf
2024-11-04 21:56:17,227 :: INFO :: Control node : Start experiment
2024-11-04 21:56:17,293 :: INFO :: Control Node set time delay: 8202 us
2024-11-04 21:56:17,317 :: INFO :: Control node : profile configuration
2024-11-04 21:56:17,331 :: INFO :: Configure profile on Control Node
2024-11-04 21:56:17,394 :: INFO :: Start experiment succeeded
2024-11-04 21:57:17,086 :: INFO :: Gateway Manager : Flash of node
2024-11-04 21:57:17,092 :: INFO :: Flash firmware on open node: /tmp/tmp1fspyr4y--firmware8652768654734843898-udp-client.iotlab
2024-11-04 21:57:17,131 :: INFO :: Node OpenOCD: flash of openocd node
2024-11-04 21:57:17,134 :: INFO :: Flash firmware on OpenOCD: /tmp/tmp1fspyr4y--firmware8652768654734843898-udp-client.iotlab
2024-11-04 22:56:26,984 :: INFO :: Gateway Manager : Stop experiment
2024-11-04 22:56:26,990 :: INFO :: Stop experiment
2024-11-04 22:56:26,994 :: INFO :: Control node : stop of the experiment
2024-11-04 22:56:26,999 :: INFO :: Control node : profile configuration
2024-11-04 22:56:27,002 :: INFO :: Configure profile on Control Node
2024-11-04 22:56:27,053 :: INFO :: Control node : start power of open node
2024-11-04 22:56:27,085 :: INFO :: Node OpenOCD: teardown of openocd node
2024-11-04 22:56:30,101 :: INFO :: openocd node debugger stop
2024-11-04 22:56:30,723 :: INFO :: Node OpenOCD: flash of openocd node
2024-11-04 22:56:30,726 :: INFO :: Flash firmware on OpenOCD: /usr/lib/python3.8/site-packages/gateway_code/static/m3_idle.elf
2024-11-04 22:56:33,120 :: INFO :: Control node : Stop control node serial interface
2024-11-04 22:56:33,125 :: INFO :: Control node : stop power of open node
2024-11-04 22:56:33,169 :: INFO :: Control node : reset
2024-11-04 22:56:33,173 :: INFO :: Reset Control Node
2024-11-04 22:56:35,920 :: INFO :: Stop experiment succeeded
