2024-11-04 21:56:09,180 :: INFO :: Start experiment: perezram-407654
2024-11-04 21:56:09,184 :: INFO :: Control node : Starting of control node serial interface
2024-11-04 21:56:09,187 :: INFO :: Control node : reset
2024-11-04 21:56:09,190 :: INFO :: Reset Control Node
2024-11-04 21:56:12,046 :: INFO :: Control node : start power of open node
2024-11-04 21:56:12,061 :: INFO :: Node OpenOCD: Setup of openocd node
2024-11-04 21:56:15,076 :: INFO :: Node OpenOCD: flash of openocd node
2024-11-04 21:56:15,081 :: INFO :: Flash firmware on OpenOCD: /usr/lib/python3.8/site-packages/gateway_code/static/m3_idle.elf
2024-11-04 21:56:17,229 :: INFO :: Control node : Start experiment
2024-11-04 21:56:17,293 :: INFO :: Control Node set time delay: 7344 us
2024-11-04 21:56:17,316 :: INFO :: Control node : profile configuration
2024-11-04 21:56:17,327 :: INFO :: Configure profile on Control Node
2024-11-04 21:56:17,394 :: INFO :: Start experiment succeeded
2024-11-04 21:57:17,097 :: INFO :: Gateway Manager : Flash of node
2024-11-04 21:57:17,102 :: INFO :: Flash firmware on open node: /tmp/tmpxif63w0z--firmware8652768654734843898-udp-client.iotlab
2024-11-04 21:57:17,142 :: INFO :: Node OpenOCD: flash of openocd node
2024-11-04 21:57:17,145 :: INFO :: Flash firmware on OpenOCD: /tmp/tmpxif63w0z--firmware8652768654734843898-udp-client.iotlab
2024-11-04 22:56:26,965 :: INFO :: Gateway Manager : Stop experiment
2024-11-04 22:56:26,971 :: INFO :: Stop experiment
2024-11-04 22:56:26,975 :: INFO :: Control node : stop of the experiment
2024-11-04 22:56:26,979 :: INFO :: Control node : profile configuration
2024-11-04 22:56:26,983 :: INFO :: Configure profile on Control Node
2024-11-04 22:56:27,039 :: INFO :: Control node : start power of open node
2024-11-04 22:56:27,070 :: INFO :: Node OpenOCD: teardown of openocd node
2024-11-04 22:56:30,087 :: INFO :: openocd node debugger stop
2024-11-04 22:56:30,709 :: INFO :: Node OpenOCD: flash of openocd node
2024-11-04 22:56:30,712 :: INFO :: Flash firmware on OpenOCD: /usr/lib/python3.8/site-packages/gateway_code/static/m3_idle.elf
2024-11-04 22:56:32,853 :: INFO :: Control node : Stop control node serial interface
2024-11-04 22:56:32,857 :: INFO :: Control node : stop power of open node
2024-11-04 22:56:32,898 :: INFO :: Control node : reset
2024-11-04 22:56:32,901 :: INFO :: Reset Control Node
2024-11-04 22:56:35,654 :: INFO :: Stop experiment succeeded
