2024-11-04 21:56:08,851 :: INFO :: Start experiment: perezram-407654
2024-11-04 21:56:08,855 :: INFO :: Control node : Starting of control node serial interface
2024-11-04 21:56:08,859 :: INFO :: Control node : reset
2024-11-04 21:56:08,863 :: INFO :: Reset Control Node
2024-11-04 21:56:11,658 :: INFO :: Control node : start power of open node
2024-11-04 21:56:11,677 :: INFO :: Node OpenOCD: Setup of openocd node
2024-11-04 21:56:14,691 :: INFO :: Node OpenOCD: flash of openocd node
2024-11-04 21:56:14,697 :: INFO :: Flash firmware on OpenOCD: /usr/lib/python3.8/site-packages/gateway_code/static/m3_idle.elf
2024-11-04 21:56:16,846 :: INFO :: Control node : Start experiment
2024-11-04 21:56:16,911 :: INFO :: Control Node set time delay: 5501 us
2024-11-04 21:56:16,957 :: INFO :: Control node : profile configuration
2024-11-04 21:56:16,960 :: INFO :: Configure profile on Control Node
2024-11-04 21:56:17,010 :: INFO :: Start experiment succeeded
2024-11-04 21:57:17,032 :: INFO :: Gateway Manager : Flash of node
2024-11-04 21:57:17,037 :: INFO :: Flash firmware on open node: /tmp/tmpuxs2i0j9--firmware8652768654734843898-udp-client.iotlab
2024-11-04 21:57:17,077 :: INFO :: Node OpenOCD: flash of openocd node
2024-11-04 21:57:17,080 :: INFO :: Flash firmware on OpenOCD: /tmp/tmpuxs2i0j9--firmware8652768654734843898-udp-client.iotlab
2024-11-04 22:56:26,699 :: INFO :: Gateway Manager : Stop experiment
2024-11-04 22:56:26,705 :: INFO :: Stop experiment
2024-11-04 22:56:26,709 :: INFO :: Control node : stop of the experiment
2024-11-04 22:56:26,715 :: INFO :: Control node : profile configuration
2024-11-04 22:56:26,718 :: INFO :: Configure profile on Control Node
2024-11-04 22:56:26,768 :: INFO :: Control node : start power of open node
2024-11-04 22:56:26,800 :: INFO :: Node OpenOCD: teardown of openocd node
2024-11-04 22:56:29,817 :: INFO :: openocd node debugger stop
2024-11-04 22:56:30,438 :: INFO :: Node OpenOCD: flash of openocd node
2024-11-04 22:56:30,441 :: INFO :: Flash firmware on OpenOCD: /usr/lib/python3.8/site-packages/gateway_code/static/m3_idle.elf
2024-11-04 22:56:32,582 :: INFO :: Control node : Stop control node serial interface
2024-11-04 22:56:32,587 :: INFO :: Control node : stop power of open node
2024-11-04 22:56:32,627 :: INFO :: Control node : reset
2024-11-04 22:56:32,630 :: INFO :: Reset Control Node
2024-11-04 22:56:35,377 :: INFO :: Stop experiment succeeded
