2024-11-04 21:56:09,251 :: INFO :: Start experiment: perezram-407654
2024-11-04 21:56:09,255 :: INFO :: Control node : Starting of control node serial interface
2024-11-04 21:56:09,258 :: INFO :: Control node : reset
2024-11-04 21:56:09,261 :: INFO :: Reset Control Node
2024-11-04 21:56:12,058 :: INFO :: Control node : start power of open node
2024-11-04 21:56:12,076 :: INFO :: Node OpenOCD: Setup of openocd node
2024-11-04 21:56:15,091 :: INFO :: Node OpenOCD: flash of openocd node
2024-11-04 21:56:15,096 :: INFO :: Flash firmware on OpenOCD: /usr/lib/python3.8/site-packages/gateway_code/static/m3_idle.elf
2024-11-04 21:56:17,257 :: INFO :: Control node : Start experiment
2024-11-04 21:56:17,323 :: INFO :: Control Node set time delay: 16904 us
2024-11-04 21:56:17,355 :: INFO :: Control node : profile configuration
2024-11-04 21:56:17,358 :: INFO :: Configure profile on Control Node
2024-11-04 21:56:17,409 :: INFO :: Start experiment succeeded
2024-11-04 21:57:17,121 :: INFO :: Gateway Manager : Flash of node
2024-11-04 21:57:17,127 :: INFO :: Flash firmware on open node: /tmp/tmpkf8x7ysc--firmware8652768654734843898-udp-client.iotlab
2024-11-04 21:57:17,171 :: INFO :: Node OpenOCD: flash of openocd node
2024-11-04 21:57:17,174 :: INFO :: Flash firmware on OpenOCD: /tmp/tmpkf8x7ysc--firmware8652768654734843898-udp-client.iotlab
2024-11-04 22:56:26,988 :: INFO :: Gateway Manager : Stop experiment
2024-11-04 22:56:26,993 :: INFO :: Stop experiment
2024-11-04 22:56:26,997 :: INFO :: Control node : stop of the experiment
2024-11-04 22:56:27,002 :: INFO :: Control node : profile configuration
2024-11-04 22:56:27,006 :: INFO :: Configure profile on Control Node
2024-11-04 22:56:27,056 :: INFO :: Control node : start power of open node
2024-11-04 22:56:27,088 :: INFO :: Node OpenOCD: teardown of openocd node
2024-11-04 22:56:30,103 :: INFO :: openocd node debugger stop
2024-11-04 22:56:30,629 :: INFO :: Node OpenOCD: flash of openocd node
2024-11-04 22:56:30,632 :: INFO :: Flash firmware on OpenOCD: /usr/lib/python3.8/site-packages/gateway_code/static/m3_idle.elf
2024-11-04 22:56:32,774 :: INFO :: Control node : Stop control node serial interface
2024-11-04 22:56:32,778 :: INFO :: Control node : stop power of open node
2024-11-04 22:56:32,819 :: INFO :: Control node : reset
2024-11-04 22:56:32,823 :: INFO :: Reset Control Node
2024-11-04 22:56:35,601 :: INFO :: Stop experiment succeeded
