2024-11-04 21:56:09,056 :: INFO :: Start experiment: perezram-407654
2024-11-04 21:56:09,060 :: INFO :: Control node : Starting of control node serial interface
2024-11-04 21:56:09,063 :: INFO :: Control node : reset
2024-11-04 21:56:09,066 :: INFO :: Reset Control Node
2024-11-04 21:56:12,063 :: INFO :: Control node : start power of open node
2024-11-04 21:56:12,081 :: INFO :: Node OpenOCD: Setup of openocd node
2024-11-04 21:56:15,096 :: INFO :: Node OpenOCD: flash of openocd node
2024-11-04 21:56:15,100 :: INFO :: Flash firmware on OpenOCD: /usr/lib/python3.8/site-packages/gateway_code/static/m3_idle.elf
2024-11-04 21:56:17,246 :: INFO :: Control node : Start experiment
2024-11-04 21:56:17,318 :: INFO :: Control Node set time delay: 13056 us
2024-11-04 21:56:17,345 :: INFO :: Control node : profile configuration
2024-11-04 21:56:17,348 :: INFO :: Configure profile on Control Node
2024-11-04 21:56:17,413 :: INFO :: Start experiment succeeded
2024-11-04 21:57:17,107 :: INFO :: Gateway Manager : Flash of node
2024-11-04 21:57:17,112 :: INFO :: Flash firmware on open node: /tmp/tmprzrdssuv--firmware8652768654734843898-udp-client.iotlab
2024-11-04 21:57:17,155 :: INFO :: Node OpenOCD: flash of openocd node
2024-11-04 21:57:17,159 :: INFO :: Flash firmware on OpenOCD: /tmp/tmprzrdssuv--firmware8652768654734843898-udp-client.iotlab
2024-11-04 22:56:26,900 :: INFO :: Gateway Manager : Stop experiment
2024-11-04 22:56:26,905 :: INFO :: Stop experiment
2024-11-04 22:56:26,909 :: INFO :: Control node : stop of the experiment
2024-11-04 22:56:26,915 :: INFO :: Control node : profile configuration
2024-11-04 22:56:26,918 :: INFO :: Configure profile on Control Node
2024-11-04 22:56:26,976 :: INFO :: Control node : start power of open node
2024-11-04 22:56:27,008 :: INFO :: Node OpenOCD: teardown of openocd node
2024-11-04 22:56:30,024 :: INFO :: openocd node debugger stop
2024-11-04 22:56:30,645 :: INFO :: Node OpenOCD: flash of openocd node
2024-11-04 22:56:30,648 :: INFO :: Flash firmware on OpenOCD: /usr/lib/python3.8/site-packages/gateway_code/static/m3_idle.elf
2024-11-04 22:56:32,791 :: INFO :: Control node : Stop control node serial interface
2024-11-04 22:56:32,795 :: INFO :: Control node : stop power of open node
2024-11-04 22:56:32,835 :: INFO :: Control node : reset
2024-11-04 22:56:32,839 :: INFO :: Reset Control Node
2024-11-04 22:56:35,598 :: INFO :: Stop experiment succeeded
