2024-11-04 21:56:09,283 :: INFO :: Start experiment: perezram-407654
2024-11-04 21:56:09,287 :: INFO :: Control node : Starting of control node serial interface
2024-11-04 21:56:09,290 :: INFO :: Control node : reset
2024-11-04 21:56:09,293 :: INFO :: Reset Control Node
2024-11-04 21:56:12,088 :: INFO :: Control node : start power of open node
2024-11-04 21:56:12,117 :: INFO :: Node OpenOCD: Setup of openocd node
2024-11-04 21:56:15,132 :: INFO :: Node OpenOCD: flash of openocd node
2024-11-04 21:56:15,137 :: INFO :: Flash firmware on OpenOCD: /usr/lib/python3.8/site-packages/gateway_code/static/m3_idle.elf
2024-11-04 21:56:17,284 :: INFO :: Control node : Start experiment
2024-11-04 21:56:17,349 :: INFO :: Control Node set time delay: 13012 us
2024-11-04 21:56:17,381 :: INFO :: Control node : profile configuration
2024-11-04 21:56:17,385 :: INFO :: Configure profile on Control Node
2024-11-04 21:56:17,450 :: INFO :: Start experiment succeeded
2024-11-04 21:57:15,946 :: INFO :: Gateway Manager : Flash of node
2024-11-04 21:57:15,959 :: INFO :: Flash firmware on open node: /tmp/tmps4jy5y8o--firmware8652768654734843898-udp-client.iotlab
2024-11-04 21:57:16,003 :: INFO :: Node OpenOCD: flash of openocd node
2024-11-04 21:57:16,007 :: INFO :: Flash firmware on OpenOCD: /tmp/tmps4jy5y8o--firmware8652768654734843898-udp-client.iotlab
2024-11-04 22:56:26,986 :: INFO :: Gateway Manager : Stop experiment
2024-11-04 22:56:26,991 :: INFO :: Stop experiment
2024-11-04 22:56:26,995 :: INFO :: Control node : stop of the experiment
2024-11-04 22:56:27,000 :: INFO :: Control node : profile configuration
2024-11-04 22:56:27,003 :: INFO :: Configure profile on Control Node
2024-11-04 22:56:27,049 :: INFO :: Control node : start power of open node
2024-11-04 22:56:27,081 :: INFO :: Node OpenOCD: teardown of openocd node
2024-11-04 22:56:30,097 :: INFO :: openocd node debugger stop
2024-11-04 22:56:30,622 :: INFO :: Node OpenOCD: flash of openocd node
2024-11-04 22:56:30,625 :: INFO :: Flash firmware on OpenOCD: /usr/lib/python3.8/site-packages/gateway_code/static/m3_idle.elf
2024-11-04 22:56:32,767 :: INFO :: Control node : Stop control node serial interface
2024-11-04 22:56:32,772 :: INFO :: Control node : stop power of open node
2024-11-04 22:56:32,812 :: INFO :: Control node : reset
2024-11-04 22:56:32,816 :: INFO :: Reset Control Node
2024-11-04 22:56:35,580 :: INFO :: Stop experiment succeeded
