2024-11-04 21:13:53,131 :: INFO :: Start experiment: perezram-407652
2024-11-04 21:13:53,135 :: INFO :: Control node : Starting of control node serial interface
2024-11-04 21:13:53,138 :: INFO :: Control node : reset
2024-11-04 21:13:53,141 :: INFO :: Reset Control Node
2024-11-04 21:13:55,934 :: INFO :: Control node : start power of open node
2024-11-04 21:13:55,950 :: INFO :: Node OpenOCD: Setup of openocd node
2024-11-04 21:13:58,966 :: INFO :: Node OpenOCD: flash of openocd node
2024-11-04 21:13:58,971 :: INFO :: Flash firmware on OpenOCD: /usr/lib/python3.8/site-packages/gateway_code/static/m3_idle.elf
2024-11-04 21:14:01,177 :: INFO :: Control node : Start experiment
2024-11-04 21:14:01,235 :: INFO :: Control Node set time delay: 4224 us
2024-11-04 21:14:01,262 :: INFO :: Control node : profile configuration
2024-11-04 21:14:01,274 :: INFO :: Configure profile on Control Node
2024-11-04 21:14:01,348 :: INFO :: Start experiment succeeded
2024-11-04 21:16:13,796 :: INFO :: Gateway Manager : Flash of node
2024-11-04 21:16:13,801 :: INFO :: Flash firmware on open node: /tmp/tmp6a1y18e8--firmware4910095410119043639-udp-client.iotlab
2024-11-04 21:16:13,841 :: INFO :: Node OpenOCD: flash of openocd node
2024-11-04 21:16:13,844 :: INFO :: Flash firmware on OpenOCD: /tmp/tmp6a1y18e8--firmware4910095410119043639-udp-client.iotlab
2024-11-04 21:44:10,877 :: INFO :: Gateway Manager : Stop experiment
2024-11-04 21:44:10,882 :: INFO :: Stop experiment
2024-11-04 21:44:10,886 :: INFO :: Control node : stop of the experiment
2024-11-04 21:44:10,891 :: INFO :: Control node : profile configuration
2024-11-04 21:44:10,895 :: INFO :: Configure profile on Control Node
2024-11-04 21:44:10,945 :: INFO :: Control node : start power of open node
2024-11-04 21:44:10,977 :: INFO :: Node OpenOCD: teardown of openocd node
2024-11-04 21:44:13,993 :: INFO :: openocd node debugger stop
2024-11-04 21:44:14,518 :: INFO :: Node OpenOCD: flash of openocd node
2024-11-04 21:44:14,521 :: INFO :: Flash firmware on OpenOCD: /usr/lib/python3.8/site-packages/gateway_code/static/m3_idle.elf
2024-11-04 21:44:16,664 :: INFO :: Control node : Stop control node serial interface
2024-11-04 21:44:16,668 :: INFO :: Control node : stop power of open node
2024-11-04 21:44:16,709 :: INFO :: Control node : reset
2024-11-04 21:44:16,713 :: INFO :: Reset Control Node
2024-11-04 21:44:19,512 :: INFO :: Stop experiment succeeded
