2024-11-04 21:13:53,000 :: INFO :: Start experiment: perezram-407652
2024-11-04 21:13:53,003 :: INFO :: Control node : Starting of control node serial interface
2024-11-04 21:13:53,007 :: INFO :: Control node : reset
2024-11-04 21:13:53,010 :: INFO :: Reset Control Node
2024-11-04 21:13:55,864 :: INFO :: Control node : start power of open node
2024-11-04 21:13:55,883 :: INFO :: Node OpenOCD: Setup of openocd node
2024-11-04 21:13:58,899 :: INFO :: Node OpenOCD: flash of openocd node
2024-11-04 21:13:58,904 :: INFO :: Flash firmware on OpenOCD: /usr/lib/python3.8/site-packages/gateway_code/static/m3_idle.elf
2024-11-04 21:14:01,104 :: INFO :: Control node : Start experiment
2024-11-04 21:14:01,169 :: INFO :: Control Node set time delay: 4781 us
2024-11-04 21:14:01,206 :: INFO :: Control node : profile configuration
2024-11-04 21:14:01,210 :: INFO :: Configure profile on Control Node
2024-11-04 21:14:01,264 :: INFO :: Start experiment succeeded
2024-11-04 21:16:15,372 :: INFO :: Gateway Manager : Flash of node
2024-11-04 21:16:15,377 :: INFO :: Flash firmware on open node: /tmp/tmpifdlsqjp--firmware4910095410119043639-udp-client.iotlab
2024-11-04 21:16:15,416 :: INFO :: Node OpenOCD: flash of openocd node
2024-11-04 21:16:15,420 :: INFO :: Flash firmware on OpenOCD: /tmp/tmpifdlsqjp--firmware4910095410119043639-udp-client.iotlab
2024-11-04 21:44:10,762 :: INFO :: Gateway Manager : Stop experiment
2024-11-04 21:44:10,768 :: INFO :: Stop experiment
2024-11-04 21:44:10,772 :: INFO :: Control node : stop of the experiment
2024-11-04 21:44:10,777 :: INFO :: Control node : profile configuration
2024-11-04 21:44:10,780 :: INFO :: Configure profile on Control Node
2024-11-04 21:44:10,833 :: INFO :: Control node : start power of open node
2024-11-04 21:44:10,865 :: INFO :: Node OpenOCD: teardown of openocd node
2024-11-04 21:44:13,882 :: INFO :: openocd node debugger stop
2024-11-04 21:44:14,408 :: INFO :: Node OpenOCD: flash of openocd node
2024-11-04 21:44:14,411 :: INFO :: Flash firmware on OpenOCD: /usr/lib/python3.8/site-packages/gateway_code/static/m3_idle.elf
2024-11-04 21:44:16,552 :: INFO :: Control node : Stop control node serial interface
2024-11-04 21:44:16,557 :: INFO :: Control node : stop power of open node
2024-11-04 21:44:16,597 :: INFO :: Control node : reset
2024-11-04 21:44:16,601 :: INFO :: Reset Control Node
2024-11-04 21:44:19,344 :: INFO :: Stop experiment succeeded
