2024-11-04 21:13:53,165 :: INFO :: Start experiment: perezram-407652
2024-11-04 21:13:53,169 :: INFO :: Control node : Starting of control node serial interface
2024-11-04 21:13:53,172 :: INFO :: Control node : reset
2024-11-04 21:13:53,175 :: INFO :: Reset Control Node
2024-11-04 21:13:55,969 :: INFO :: Control node : start power of open node
2024-11-04 21:13:55,984 :: INFO :: Node OpenOCD: Setup of openocd node
2024-11-04 21:13:58,999 :: INFO :: Node OpenOCD: flash of openocd node
2024-11-04 21:13:59,004 :: INFO :: Flash firmware on OpenOCD: /usr/lib/python3.8/site-packages/gateway_code/static/m3_idle.elf
2024-11-04 21:14:01,150 :: INFO :: Control node : Start experiment
2024-11-04 21:14:01,216 :: INFO :: Control Node set time delay: 7610 us
2024-11-04 21:14:01,249 :: INFO :: Control node : profile configuration
2024-11-04 21:14:01,252 :: INFO :: Configure profile on Control Node
2024-11-04 21:14:01,318 :: INFO :: Start experiment succeeded
2024-11-04 21:16:15,372 :: INFO :: Gateway Manager : Flash of node
2024-11-04 21:16:15,377 :: INFO :: Flash firmware on open node: /tmp/tmpupb18dw7--firmware4910095410119043639-udp-client.iotlab
2024-11-04 21:16:15,416 :: INFO :: Node OpenOCD: flash of openocd node
2024-11-04 21:16:15,420 :: INFO :: Flash firmware on OpenOCD: /tmp/tmpupb18dw7--firmware4910095410119043639-udp-client.iotlab
2024-11-04 21:44:10,864 :: INFO :: Gateway Manager : Stop experiment
2024-11-04 21:44:10,869 :: INFO :: Stop experiment
2024-11-04 21:44:10,874 :: INFO :: Control node : stop of the experiment
2024-11-04 21:44:10,878 :: INFO :: Control node : profile configuration
2024-11-04 21:44:10,882 :: INFO :: Configure profile on Control Node
2024-11-04 21:44:10,940 :: INFO :: Control node : start power of open node
2024-11-04 21:44:10,972 :: INFO :: Node OpenOCD: teardown of openocd node
2024-11-04 21:44:13,988 :: INFO :: openocd node debugger stop
2024-11-04 21:44:14,513 :: INFO :: Node OpenOCD: flash of openocd node
2024-11-04 21:44:14,516 :: INFO :: Flash firmware on OpenOCD: /usr/lib/python3.8/site-packages/gateway_code/static/m3_idle.elf
2024-11-04 21:44:16,659 :: INFO :: Control node : Stop control node serial interface
2024-11-04 21:44:16,663 :: INFO :: Control node : stop power of open node
2024-11-04 21:44:16,703 :: INFO :: Control node : reset
2024-11-04 21:44:16,707 :: INFO :: Reset Control Node
2024-11-04 21:44:19,482 :: INFO :: Stop experiment succeeded
