2024-11-04 21:13:52,894 :: INFO :: Start experiment: perezram-407652
2024-11-04 21:13:52,898 :: INFO :: Control node : Starting of control node serial interface
2024-11-04 21:13:52,901 :: INFO :: Control node : reset
2024-11-04 21:13:52,905 :: INFO :: Reset Control Node
2024-11-04 21:13:55,802 :: INFO :: Control node : start power of open node
2024-11-04 21:13:55,822 :: INFO :: Node OpenOCD: Setup of openocd node
2024-11-04 21:13:58,837 :: INFO :: Node OpenOCD: flash of openocd node
2024-11-04 21:13:58,842 :: INFO :: Flash firmware on OpenOCD: /usr/lib/python3.8/site-packages/gateway_code/static/m3_idle.elf
2024-11-04 21:14:00,989 :: INFO :: Control node : Start experiment
2024-11-04 21:14:01,057 :: INFO :: Control Node set time delay: 4427 us
2024-11-04 21:14:01,094 :: INFO :: Control node : profile configuration
2024-11-04 21:14:01,098 :: INFO :: Configure profile on Control Node
2024-11-04 21:14:01,169 :: INFO :: Start experiment succeeded
2024-11-04 21:16:14,216 :: INFO :: Gateway Manager : Flash of node
2024-11-04 21:16:14,226 :: INFO :: Flash firmware on open node: /tmp/tmpiftzrxlr--firmware4910095410119043639-udp-client.iotlab
2024-11-04 21:16:14,265 :: INFO :: Node OpenOCD: flash of openocd node
2024-11-04 21:16:14,269 :: INFO :: Flash firmware on OpenOCD: /tmp/tmpiftzrxlr--firmware4910095410119043639-udp-client.iotlab
2024-11-04 21:44:10,760 :: INFO :: Gateway Manager : Stop experiment
2024-11-04 21:44:10,766 :: INFO :: Stop experiment
2024-11-04 21:44:10,770 :: INFO :: Control node : stop of the experiment
2024-11-04 21:44:10,775 :: INFO :: Control node : profile configuration
2024-11-04 21:44:10,779 :: INFO :: Configure profile on Control Node
2024-11-04 21:44:10,832 :: INFO :: Control node : start power of open node
2024-11-04 21:44:10,863 :: INFO :: Node OpenOCD: teardown of openocd node
2024-11-04 21:44:13,880 :: INFO :: openocd node debugger stop
2024-11-04 21:44:14,503 :: INFO :: Node OpenOCD: flash of openocd node
2024-11-04 21:44:14,506 :: INFO :: Flash firmware on OpenOCD: /usr/lib/python3.8/site-packages/gateway_code/static/m3_idle.elf
2024-11-04 21:44:16,648 :: INFO :: Control node : Stop control node serial interface
2024-11-04 21:44:16,653 :: INFO :: Control node : stop power of open node
2024-11-04 21:44:16,691 :: INFO :: Control node : reset
2024-11-04 21:44:16,695 :: INFO :: Reset Control Node
2024-11-04 21:44:19,459 :: INFO :: Stop experiment succeeded
