2024-11-04 21:13:53,189 :: INFO :: Start experiment: perezram-407652
2024-11-04 21:13:53,193 :: INFO :: Control node : Starting of control node serial interface
2024-11-04 21:13:53,196 :: INFO :: Control node : reset
2024-11-04 21:13:53,199 :: INFO :: Reset Control Node
2024-11-04 21:13:55,992 :: INFO :: Control node : start power of open node
2024-11-04 21:13:56,009 :: INFO :: Node OpenOCD: Setup of openocd node
2024-11-04 21:13:59,024 :: INFO :: Node OpenOCD: flash of openocd node
2024-11-04 21:13:59,029 :: INFO :: Flash firmware on OpenOCD: /usr/lib/python3.8/site-packages/gateway_code/static/m3_idle.elf
2024-11-04 21:14:01,176 :: INFO :: Control node : Start experiment
2024-11-04 21:14:01,241 :: INFO :: Control Node set time delay: 13716 us
2024-11-04 21:14:01,274 :: INFO :: Control node : profile configuration
2024-11-04 21:14:01,277 :: INFO :: Configure profile on Control Node
2024-11-04 21:14:01,326 :: INFO :: Start experiment succeeded
2024-11-04 21:16:13,679 :: INFO :: Gateway Manager : Flash of node
2024-11-04 21:16:13,684 :: INFO :: Flash firmware on open node: /tmp/tmpwgg500jz--firmware4910095410119043639-udp-client.iotlab
2024-11-04 21:16:13,724 :: INFO :: Node OpenOCD: flash of openocd node
2024-11-04 21:16:13,728 :: INFO :: Flash firmware on OpenOCD: /tmp/tmpwgg500jz--firmware4910095410119043639-udp-client.iotlab
2024-11-04 21:44:10,878 :: INFO :: Gateway Manager : Stop experiment
2024-11-04 21:44:10,883 :: INFO :: Stop experiment
2024-11-04 21:44:10,888 :: INFO :: Control node : stop of the experiment
2024-11-04 21:44:10,892 :: INFO :: Control node : profile configuration
2024-11-04 21:44:10,896 :: INFO :: Configure profile on Control Node
2024-11-04 21:44:10,949 :: INFO :: Control node : start power of open node
2024-11-04 21:44:10,981 :: INFO :: Node OpenOCD: teardown of openocd node
2024-11-04 21:44:13,997 :: INFO :: openocd node debugger stop
2024-11-04 21:44:14,522 :: INFO :: Node OpenOCD: flash of openocd node
2024-11-04 21:44:14,525 :: INFO :: Flash firmware on OpenOCD: /usr/lib/python3.8/site-packages/gateway_code/static/m3_idle.elf
2024-11-04 21:44:16,667 :: INFO :: Control node : Stop control node serial interface
2024-11-04 21:44:16,672 :: INFO :: Control node : stop power of open node
2024-11-04 21:44:16,712 :: INFO :: Control node : reset
2024-11-04 21:44:16,716 :: INFO :: Reset Control Node
2024-11-04 21:44:19,517 :: INFO :: Stop experiment succeeded
