2024-11-04 21:13:53,124 :: INFO :: Start experiment: perezram-407652
2024-11-04 21:13:53,128 :: INFO :: Control node : Starting of control node serial interface
2024-11-04 21:13:53,131 :: INFO :: Control node : reset
2024-11-04 21:13:53,134 :: INFO :: Reset Control Node
2024-11-04 21:13:55,932 :: INFO :: Control node : start power of open node
2024-11-04 21:13:55,950 :: INFO :: Node OpenOCD: Setup of openocd node
2024-11-04 21:13:58,964 :: INFO :: Node OpenOCD: flash of openocd node
2024-11-04 21:13:58,969 :: INFO :: Flash firmware on OpenOCD: /usr/lib/python3.8/site-packages/gateway_code/static/m3_idle.elf
2024-11-04 21:14:01,114 :: INFO :: Control node : Start experiment
2024-11-04 21:14:01,181 :: INFO :: Control Node set time delay: 7499 us
2024-11-04 21:14:01,213 :: INFO :: Control node : profile configuration
2024-11-04 21:14:01,216 :: INFO :: Configure profile on Control Node
2024-11-04 21:14:01,283 :: INFO :: Start experiment succeeded
2024-11-04 21:16:14,016 :: INFO :: Gateway Manager : Flash of node
2024-11-04 21:16:14,020 :: INFO :: Flash firmware on open node: /tmp/tmpuhzgml52--firmware4910095410119043639-udp-client.iotlab
2024-11-04 21:16:14,065 :: INFO :: Node OpenOCD: flash of openocd node
2024-11-04 21:16:14,069 :: INFO :: Flash firmware on OpenOCD: /tmp/tmpuhzgml52--firmware4910095410119043639-udp-client.iotlab
2024-11-04 21:44:10,869 :: INFO :: Gateway Manager : Stop experiment
2024-11-04 21:44:10,874 :: INFO :: Stop experiment
2024-11-04 21:44:10,878 :: INFO :: Control node : stop of the experiment
2024-11-04 21:44:10,883 :: INFO :: Control node : profile configuration
2024-11-04 21:44:10,886 :: INFO :: Configure profile on Control Node
2024-11-04 21:44:10,945 :: INFO :: Control node : start power of open node
2024-11-04 21:44:10,977 :: INFO :: Node OpenOCD: teardown of openocd node
2024-11-04 21:44:13,993 :: INFO :: openocd node debugger stop
2024-11-04 21:44:14,518 :: INFO :: Node OpenOCD: flash of openocd node
2024-11-04 21:44:14,521 :: INFO :: Flash firmware on OpenOCD: /usr/lib/python3.8/site-packages/gateway_code/static/m3_idle.elf
2024-11-04 21:44:16,663 :: INFO :: Control node : Stop control node serial interface
2024-11-04 21:44:16,667 :: INFO :: Control node : stop power of open node
2024-11-04 21:44:16,708 :: INFO :: Control node : reset
2024-11-04 21:44:16,712 :: INFO :: Reset Control Node
2024-11-04 21:44:19,502 :: INFO :: Stop experiment succeeded
