2024-11-04 21:13:52,939 :: INFO :: Start experiment: perezram-407652
2024-11-04 21:13:52,943 :: INFO :: Control node : Starting of control node serial interface
2024-11-04 21:13:52,946 :: INFO :: Control node : reset
2024-11-04 21:13:52,949 :: INFO :: Reset Control Node
2024-11-04 21:13:55,852 :: INFO :: Control node : start power of open node
2024-11-04 21:13:55,869 :: INFO :: Node OpenOCD: Setup of openocd node
2024-11-04 21:13:58,884 :: INFO :: Node OpenOCD: flash of openocd node
2024-11-04 21:13:58,889 :: INFO :: Flash firmware on OpenOCD: /usr/lib/python3.8/site-packages/gateway_code/static/m3_idle.elf
2024-11-04 21:14:01,035 :: INFO :: Control node : Start experiment
2024-11-04 21:14:01,104 :: INFO :: Control Node set time delay: 9163 us
2024-11-04 21:14:01,133 :: INFO :: Control node : profile configuration
2024-11-04 21:14:01,136 :: INFO :: Configure profile on Control Node
2024-11-04 21:14:01,202 :: INFO :: Start experiment succeeded
2024-11-04 21:16:14,206 :: INFO :: Gateway Manager : Flash of node
2024-11-04 21:16:14,216 :: INFO :: Flash firmware on open node: /tmp/tmps021ax5i--firmware4910095410119043639-udp-client.iotlab
2024-11-04 21:16:14,256 :: INFO :: Node OpenOCD: flash of openocd node
2024-11-04 21:16:14,260 :: INFO :: Flash firmware on OpenOCD: /tmp/tmps021ax5i--firmware4910095410119043639-udp-client.iotlab
2024-11-04 21:44:10,859 :: INFO :: Gateway Manager : Stop experiment
2024-11-04 21:44:10,864 :: INFO :: Stop experiment
2024-11-04 21:44:10,868 :: INFO :: Control node : stop of the experiment
2024-11-04 21:44:10,873 :: INFO :: Control node : profile configuration
2024-11-04 21:44:10,876 :: INFO :: Configure profile on Control Node
2024-11-04 21:44:10,921 :: INFO :: Control node : start power of open node
2024-11-04 21:44:10,953 :: INFO :: Node OpenOCD: teardown of openocd node
2024-11-04 21:44:13,969 :: INFO :: openocd node debugger stop
2024-11-04 21:44:14,495 :: INFO :: Node OpenOCD: flash of openocd node
2024-11-04 21:44:14,498 :: INFO :: Flash firmware on OpenOCD: /usr/lib/python3.8/site-packages/gateway_code/static/m3_idle.elf
2024-11-04 21:44:16,640 :: INFO :: Control node : Stop control node serial interface
2024-11-04 21:44:16,645 :: INFO :: Control node : stop power of open node
2024-11-04 21:44:16,684 :: INFO :: Control node : reset
2024-11-04 21:44:16,688 :: INFO :: Reset Control Node
2024-11-04 21:44:19,441 :: INFO :: Stop experiment succeeded
