2024-11-04 21:13:53,124 :: INFO :: Start experiment: perezram-407652
2024-11-04 21:13:53,128 :: INFO :: Control node : Starting of control node serial interface
2024-11-04 21:13:53,131 :: INFO :: Control node : reset
2024-11-04 21:13:53,134 :: INFO :: Reset Control Node
2024-11-04 21:13:55,937 :: INFO :: Control node : start power of open node
2024-11-04 21:13:55,952 :: INFO :: Node OpenOCD: Setup of openocd node
2024-11-04 21:13:58,967 :: INFO :: Node OpenOCD: flash of openocd node
2024-11-04 21:13:58,972 :: INFO :: Flash firmware on OpenOCD: /usr/lib/python3.8/site-packages/gateway_code/static/m3_idle.elf
2024-11-04 21:14:01,118 :: INFO :: Control node : Start experiment
2024-11-04 21:14:01,184 :: INFO :: Control Node set time delay: 16396 us
2024-11-04 21:14:01,216 :: INFO :: Control node : profile configuration
2024-11-04 21:14:01,223 :: INFO :: Configure profile on Control Node
2024-11-04 21:14:01,301 :: INFO :: Start experiment succeeded
2024-11-04 21:16:15,373 :: INFO :: Gateway Manager : Flash of node
2024-11-04 21:16:15,378 :: INFO :: Flash firmware on open node: /tmp/tmpxflssffy--firmware4910095410119043639-udp-client.iotlab
2024-11-04 21:16:15,424 :: INFO :: Node OpenOCD: flash of openocd node
2024-11-04 21:16:15,428 :: INFO :: Flash firmware on OpenOCD: /tmp/tmpxflssffy--firmware4910095410119043639-udp-client.iotlab
2024-11-04 21:44:10,867 :: INFO :: Gateway Manager : Stop experiment
2024-11-04 21:44:10,872 :: INFO :: Stop experiment
2024-11-04 21:44:10,876 :: INFO :: Control node : stop of the experiment
2024-11-04 21:44:10,881 :: INFO :: Control node : profile configuration
2024-11-04 21:44:10,884 :: INFO :: Configure profile on Control Node
2024-11-04 21:44:10,939 :: INFO :: Control node : start power of open node
2024-11-04 21:44:10,971 :: INFO :: Node OpenOCD: teardown of openocd node
2024-11-04 21:44:13,987 :: INFO :: openocd node debugger stop
2024-11-04 21:44:14,512 :: INFO :: Node OpenOCD: flash of openocd node
2024-11-04 21:44:14,515 :: INFO :: Flash firmware on OpenOCD: /usr/lib/python3.8/site-packages/gateway_code/static/m3_idle.elf
2024-11-04 21:44:16,657 :: INFO :: Control node : Stop control node serial interface
2024-11-04 21:44:16,661 :: INFO :: Control node : stop power of open node
2024-11-04 21:44:16,702 :: INFO :: Control node : reset
2024-11-04 21:44:16,706 :: INFO :: Reset Control Node
2024-11-04 21:44:19,491 :: INFO :: Stop experiment succeeded
