2024-11-04 21:13:52,750 :: INFO :: Start experiment: perezram-407652
2024-11-04 21:13:52,753 :: INFO :: Control node : Starting of control node serial interface
2024-11-04 21:13:52,757 :: INFO :: Control node : reset
2024-11-04 21:13:52,760 :: INFO :: Reset Control Node
2024-11-04 21:13:55,555 :: INFO :: Control node : start power of open node
2024-11-04 21:13:55,574 :: INFO :: Node OpenOCD: Setup of openocd node
2024-11-04 21:13:58,589 :: INFO :: Node OpenOCD: flash of openocd node
2024-11-04 21:13:58,594 :: INFO :: Flash firmware on OpenOCD: /usr/lib/python3.8/site-packages/gateway_code/static/m3_idle.elf
2024-11-04 21:14:00,741 :: INFO :: Control node : Start experiment
2024-11-04 21:14:00,789 :: INFO :: Control Node set time delay: 1240 us
2024-11-04 21:14:00,822 :: INFO :: Control node : profile configuration
2024-11-04 21:14:00,836 :: INFO :: Configure profile on Control Node
2024-11-04 21:14:00,891 :: INFO :: Start experiment succeeded
2024-11-04 21:16:14,025 :: INFO :: Gateway Manager : Flash of node
2024-11-04 21:16:14,030 :: INFO :: Flash firmware on open node: /tmp/tmp_ss68rp9--firmware4910095410119043639-udp-client.iotlab
2024-11-04 21:16:14,070 :: INFO :: Node OpenOCD: flash of openocd node
2024-11-04 21:16:14,073 :: INFO :: Flash firmware on OpenOCD: /tmp/tmp_ss68rp9--firmware4910095410119043639-udp-client.iotlab
2024-11-04 21:44:10,759 :: INFO :: Gateway Manager : Stop experiment
2024-11-04 21:44:10,765 :: INFO :: Stop experiment
2024-11-04 21:44:10,769 :: INFO :: Control node : stop of the experiment
2024-11-04 21:44:10,774 :: INFO :: Control node : profile configuration
2024-11-04 21:44:10,777 :: INFO :: Configure profile on Control Node
2024-11-04 21:44:10,831 :: INFO :: Control node : start power of open node
2024-11-04 21:44:10,863 :: INFO :: Node OpenOCD: teardown of openocd node
2024-11-04 21:44:13,879 :: INFO :: openocd node debugger stop
2024-11-04 21:44:14,501 :: INFO :: Node OpenOCD: flash of openocd node
2024-11-04 21:44:14,504 :: INFO :: Flash firmware on OpenOCD: /usr/lib/python3.8/site-packages/gateway_code/static/m3_idle.elf
2024-11-04 21:44:16,595 :: INFO :: Control node : Stop control node serial interface
2024-11-04 21:44:16,600 :: INFO :: Control node : stop power of open node
2024-11-04 21:44:16,643 :: INFO :: Control node : reset
2024-11-04 21:44:16,646 :: INFO :: Reset Control Node
2024-11-04 21:44:19,386 :: INFO :: Stop experiment succeeded
