2024-11-04 21:13:53,125 :: INFO :: Start experiment: perezram-407652
2024-11-04 21:13:53,129 :: INFO :: Control node : Starting of control node serial interface
2024-11-04 21:13:53,132 :: INFO :: Control node : reset
2024-11-04 21:13:53,135 :: INFO :: Reset Control Node
2024-11-04 21:13:55,934 :: INFO :: Control node : start power of open node
2024-11-04 21:13:55,951 :: INFO :: Node OpenOCD: Setup of openocd node
2024-11-04 21:13:58,966 :: INFO :: Node OpenOCD: flash of openocd node
2024-11-04 21:13:58,971 :: INFO :: Flash firmware on OpenOCD: /usr/lib/python3.8/site-packages/gateway_code/static/m3_idle.elf
2024-11-04 21:14:01,116 :: INFO :: Control node : Start experiment
2024-11-04 21:14:01,188 :: INFO :: Control Node set time delay: 12595 us
2024-11-04 21:14:01,214 :: INFO :: Control node : profile configuration
2024-11-04 21:14:01,217 :: INFO :: Configure profile on Control Node
2024-11-04 21:14:01,283 :: INFO :: Start experiment succeeded
2024-11-04 21:16:13,976 :: INFO :: Gateway Manager : Flash of node
2024-11-04 21:16:13,981 :: INFO :: Flash firmware on open node: /tmp/tmpdzdlvsd9--firmware4910095410119043639-udp-client.iotlab
2024-11-04 21:16:14,020 :: INFO :: Node OpenOCD: flash of openocd node
2024-11-04 21:16:14,024 :: INFO :: Flash firmware on OpenOCD: /tmp/tmpdzdlvsd9--firmware4910095410119043639-udp-client.iotlab
2024-11-04 21:44:10,935 :: INFO :: Gateway Manager : Stop experiment
2024-11-04 21:44:10,941 :: INFO :: Stop experiment
2024-11-04 21:44:10,945 :: INFO :: Control node : stop of the experiment
2024-11-04 21:44:10,950 :: INFO :: Control node : profile configuration
2024-11-04 21:44:10,953 :: INFO :: Configure profile on Control Node
2024-11-04 21:44:11,007 :: INFO :: Control node : start power of open node
2024-11-04 21:44:11,039 :: INFO :: Node OpenOCD: teardown of openocd node
2024-11-04 21:44:14,056 :: INFO :: openocd node debugger stop
2024-11-04 21:44:14,677 :: INFO :: Node OpenOCD: flash of openocd node
2024-11-04 21:44:14,681 :: INFO :: Flash firmware on OpenOCD: /usr/lib/python3.8/site-packages/gateway_code/static/m3_idle.elf
2024-11-04 21:44:16,823 :: INFO :: Control node : Stop control node serial interface
2024-11-04 21:44:16,828 :: INFO :: Control node : stop power of open node
2024-11-04 21:44:16,866 :: INFO :: Control node : reset
2024-11-04 21:44:16,870 :: INFO :: Reset Control Node
2024-11-04 21:44:19,612 :: INFO :: Stop experiment succeeded
