2024-11-04 21:13:53,142 :: INFO :: Start experiment: perezram-407652
2024-11-04 21:13:53,145 :: INFO :: Control node : Starting of control node serial interface
2024-11-04 21:13:53,149 :: INFO :: Control node : reset
2024-11-04 21:13:53,152 :: INFO :: Reset Control Node
2024-11-04 21:13:56,005 :: INFO :: Control node : start power of open node
2024-11-04 21:13:56,022 :: INFO :: Node OpenOCD: Setup of openocd node
2024-11-04 21:13:59,037 :: INFO :: Node OpenOCD: flash of openocd node
2024-11-04 21:13:59,042 :: INFO :: Flash firmware on OpenOCD: /usr/lib/python3.8/site-packages/gateway_code/static/m3_idle.elf
2024-11-04 21:14:01,238 :: INFO :: Control node : Start experiment
2024-11-04 21:14:01,305 :: INFO :: Control Node set time delay: 4420 us
2024-11-04 21:14:01,350 :: INFO :: Control node : profile configuration
2024-11-04 21:14:01,353 :: INFO :: Configure profile on Control Node
2024-11-04 21:14:01,403 :: INFO :: Start experiment succeeded
2024-11-04 21:16:14,036 :: INFO :: Gateway Manager : Flash of node
2024-11-04 21:16:14,041 :: INFO :: Flash firmware on open node: /tmp/tmpeh_smbse--firmware4910095410119043639-udp-client.iotlab
2024-11-04 21:16:14,081 :: INFO :: Node OpenOCD: flash of openocd node
2024-11-04 21:16:14,084 :: INFO :: Flash firmware on OpenOCD: /tmp/tmpeh_smbse--firmware4910095410119043639-udp-client.iotlab
2024-11-04 21:44:10,864 :: INFO :: Gateway Manager : Stop experiment
2024-11-04 21:44:10,870 :: INFO :: Stop experiment
2024-11-04 21:44:10,874 :: INFO :: Control node : stop of the experiment
2024-11-04 21:44:10,879 :: INFO :: Control node : profile configuration
2024-11-04 21:44:10,882 :: INFO :: Configure profile on Control Node
2024-11-04 21:44:10,930 :: INFO :: Control node : start power of open node
2024-11-04 21:44:10,961 :: INFO :: Node OpenOCD: teardown of openocd node
2024-11-04 21:44:13,978 :: INFO :: openocd node debugger stop
2024-11-04 21:44:14,503 :: INFO :: Node OpenOCD: flash of openocd node
2024-11-04 21:44:14,506 :: INFO :: Flash firmware on OpenOCD: /usr/lib/python3.8/site-packages/gateway_code/static/m3_idle.elf
2024-11-04 21:44:16,649 :: INFO :: Control node : Stop control node serial interface
2024-11-04 21:44:16,654 :: INFO :: Control node : stop power of open node
2024-11-04 21:44:16,693 :: INFO :: Control node : reset
2024-11-04 21:44:16,697 :: INFO :: Reset Control Node
2024-11-04 21:44:19,454 :: INFO :: Stop experiment succeeded
