2024-11-04 21:13:53,021 :: INFO :: Start experiment: perezram-407652
2024-11-04 21:13:53,025 :: INFO :: Control node : Starting of control node serial interface
2024-11-04 21:13:53,028 :: INFO :: Control node : reset
2024-11-04 21:13:53,031 :: INFO :: Reset Control Node
2024-11-04 21:13:55,861 :: INFO :: Control node : start power of open node
2024-11-04 21:13:55,877 :: INFO :: Node OpenOCD: Setup of openocd node
2024-11-04 21:13:58,892 :: INFO :: Node OpenOCD: flash of openocd node
2024-11-04 21:13:58,897 :: INFO :: Flash firmware on OpenOCD: /usr/lib/python3.8/site-packages/gateway_code/static/m3_idle.elf
2024-11-04 21:14:01,044 :: INFO :: Control node : Start experiment
2024-11-04 21:14:01,109 :: INFO :: Control Node set time delay: 7188 us
2024-11-04 21:14:01,141 :: INFO :: Control node : profile configuration
2024-11-04 21:14:01,145 :: INFO :: Configure profile on Control Node
2024-11-04 21:14:01,226 :: INFO :: Start experiment succeeded
2024-11-04 21:16:14,097 :: INFO :: Gateway Manager : Flash of node
2024-11-04 21:16:14,102 :: INFO :: Flash firmware on open node: /tmp/tmptplzq9ny--firmware4910095410119043639-udp-client.iotlab
2024-11-04 21:16:14,141 :: INFO :: Node OpenOCD: flash of openocd node
2024-11-04 21:16:14,145 :: INFO :: Flash firmware on OpenOCD: /tmp/tmptplzq9ny--firmware4910095410119043639-udp-client.iotlab
2024-11-04 21:44:10,855 :: INFO :: Gateway Manager : Stop experiment
2024-11-04 21:44:10,860 :: INFO :: Stop experiment
2024-11-04 21:44:10,864 :: INFO :: Control node : stop of the experiment
2024-11-04 21:44:10,869 :: INFO :: Control node : profile configuration
2024-11-04 21:44:10,873 :: INFO :: Configure profile on Control Node
2024-11-04 21:44:10,920 :: INFO :: Control node : start power of open node
2024-11-04 21:44:10,952 :: INFO :: Node OpenOCD: teardown of openocd node
2024-11-04 21:44:13,968 :: INFO :: openocd node debugger stop
2024-11-04 21:44:14,493 :: INFO :: Node OpenOCD: flash of openocd node
2024-11-04 21:44:14,496 :: INFO :: Flash firmware on OpenOCD: /usr/lib/python3.8/site-packages/gateway_code/static/m3_idle.elf
2024-11-04 21:44:16,639 :: INFO :: Control node : Stop control node serial interface
2024-11-04 21:44:16,644 :: INFO :: Control node : stop power of open node
2024-11-04 21:44:16,683 :: INFO :: Control node : reset
2024-11-04 21:44:16,687 :: INFO :: Reset Control Node
2024-11-04 21:44:19,428 :: INFO :: Stop experiment succeeded
