2024-11-04 21:13:52,860 :: INFO :: Start experiment: perezram-407652
2024-11-04 21:13:52,863 :: INFO :: Control node : Starting of control node serial interface
2024-11-04 21:13:52,867 :: INFO :: Control node : reset
2024-11-04 21:13:52,870 :: INFO :: Reset Control Node
2024-11-04 21:13:55,993 :: INFO :: Control node : start power of open node
2024-11-04 21:13:56,022 :: INFO :: Node OpenOCD: Setup of openocd node
2024-11-04 21:13:59,037 :: INFO :: Node OpenOCD: flash of openocd node
2024-11-04 21:13:59,050 :: INFO :: Flash firmware on OpenOCD: /usr/lib/python3.8/site-packages/gateway_code/static/m3_idle.elf
2024-11-04 21:14:01,924 :: INFO :: Control node : Start experiment
2024-11-04 21:14:01,989 :: INFO :: Control Node set time delay: 7953 us
2024-11-04 21:14:02,037 :: INFO :: Control node : profile configuration
2024-11-04 21:14:02,051 :: INFO :: Configure profile on Control Node
2024-11-04 21:14:02,132 :: INFO :: Start experiment succeeded
2024-11-04 21:16:13,223 :: INFO :: Gateway Manager : Flash of node
2024-11-04 21:16:13,228 :: INFO :: Flash firmware on open node: /tmp/tmpe3rqgsly--firmware4910095410119043639-udp-client.iotlab
2024-11-04 21:16:13,269 :: INFO :: Node OpenOCD: flash of openocd node
2024-11-04 21:16:13,273 :: INFO :: Flash firmware on OpenOCD: /tmp/tmpe3rqgsly--firmware4910095410119043639-udp-client.iotlab
2024-11-04 21:44:10,723 :: INFO :: Gateway Manager : Stop experiment
2024-11-04 21:44:10,730 :: INFO :: Stop experiment
2024-11-04 21:44:10,734 :: INFO :: Control node : stop of the experiment
2024-11-04 21:44:10,741 :: INFO :: Control node : profile configuration
2024-11-04 21:44:10,744 :: INFO :: Configure profile on Control Node
2024-11-04 21:44:10,788 :: INFO :: Control node : start power of open node
2024-11-04 21:44:10,822 :: INFO :: Node OpenOCD: teardown of openocd node
2024-11-04 21:44:13,841 :: INFO :: openocd node debugger stop
2024-11-04 21:44:14,463 :: INFO :: Node OpenOCD: flash of openocd node
2024-11-04 21:44:14,467 :: INFO :: Flash firmware on OpenOCD: /usr/lib/python3.8/site-packages/gateway_code/static/m3_idle.elf
2024-11-04 21:44:16,610 :: INFO :: Control node : Stop control node serial interface
2024-11-04 21:44:16,614 :: INFO :: Control node : stop power of open node
2024-11-04 21:44:16,647 :: INFO :: Control node : reset
2024-11-04 21:44:16,651 :: INFO :: Reset Control Node
2024-11-04 21:44:19,391 :: INFO :: Stop experiment succeeded
