2024-11-04 21:13:52,930 :: INFO :: Start experiment: perezram-407652
2024-11-04 21:13:52,934 :: INFO :: Control node : Starting of control node serial interface
2024-11-04 21:13:52,937 :: INFO :: Control node : reset
2024-11-04 21:13:52,940 :: INFO :: Reset Control Node
2024-11-04 21:13:56,124 :: INFO :: Control node : start power of open node
2024-11-04 21:13:56,161 :: INFO :: Node OpenOCD: Setup of openocd node
2024-11-04 21:13:59,177 :: INFO :: Node OpenOCD: flash of openocd node
2024-11-04 21:13:59,180 :: INFO :: Flash firmware on OpenOCD: /usr/lib/python3.8/site-packages/gateway_code/static/m3_idle.elf
2024-11-04 21:14:02,018 :: INFO :: Control node : Start experiment
2024-11-04 21:14:02,086 :: INFO :: Control Node set time delay: 1406 us
2024-11-04 21:14:02,135 :: INFO :: Control node : profile configuration
2024-11-04 21:14:02,138 :: INFO :: Configure profile on Control Node
2024-11-04 21:14:02,246 :: INFO :: Start experiment succeeded
2024-11-04 21:16:13,593 :: INFO :: Gateway Manager : Flash of node
2024-11-04 21:16:13,598 :: INFO :: Flash firmware on open node: /tmp/tmprxasmu1o--firmware4910095410119043639-udp-client.iotlab
2024-11-04 21:16:13,638 :: INFO :: Node OpenOCD: flash of openocd node
2024-11-04 21:16:13,641 :: INFO :: Flash firmware on OpenOCD: /tmp/tmprxasmu1o--firmware4910095410119043639-udp-client.iotlab
2024-11-04 21:44:10,849 :: INFO :: Gateway Manager : Stop experiment
2024-11-04 21:44:10,855 :: INFO :: Stop experiment
2024-11-04 21:44:10,859 :: INFO :: Control node : stop of the experiment
2024-11-04 21:44:10,864 :: INFO :: Control node : profile configuration
2024-11-04 21:44:10,867 :: INFO :: Configure profile on Control Node
2024-11-04 21:44:10,911 :: INFO :: Control node : start power of open node
2024-11-04 21:44:10,943 :: INFO :: Node OpenOCD: teardown of openocd node
2024-11-04 21:44:13,959 :: INFO :: openocd node debugger stop
2024-11-04 21:44:14,581 :: INFO :: Node OpenOCD: flash of openocd node
2024-11-04 21:44:14,585 :: INFO :: Flash firmware on OpenOCD: /usr/lib/python3.8/site-packages/gateway_code/static/m3_idle.elf
2024-11-04 21:44:16,726 :: INFO :: Control node : Stop control node serial interface
2024-11-04 21:44:16,731 :: INFO :: Control node : stop power of open node
2024-11-04 21:44:16,770 :: INFO :: Control node : reset
2024-11-04 21:44:16,774 :: INFO :: Reset Control Node
2024-11-04 21:44:19,524 :: INFO :: Stop experiment succeeded
