2024-11-04 21:13:53,162 :: INFO :: Start experiment: perezram-407652
2024-11-04 21:13:53,166 :: INFO :: Control node : Starting of control node serial interface
2024-11-04 21:13:53,169 :: INFO :: Control node : reset
2024-11-04 21:13:53,172 :: INFO :: Reset Control Node
2024-11-04 21:13:55,966 :: INFO :: Control node : start power of open node
2024-11-04 21:13:55,981 :: INFO :: Node OpenOCD: Setup of openocd node
2024-11-04 21:13:58,995 :: INFO :: Node OpenOCD: flash of openocd node
2024-11-04 21:13:59,000 :: INFO :: Flash firmware on OpenOCD: /usr/lib/python3.8/site-packages/gateway_code/static/m3_idle.elf
2024-11-04 21:14:01,147 :: INFO :: Control node : Start experiment
2024-11-04 21:14:01,213 :: INFO :: Control Node set time delay: 7335 us
2024-11-04 21:14:01,260 :: INFO :: Control node : profile configuration
2024-11-04 21:14:01,264 :: INFO :: Configure profile on Control Node
2024-11-04 21:14:01,314 :: INFO :: Start experiment succeeded
2024-11-04 21:16:15,401 :: INFO :: Gateway Manager : Flash of node
2024-11-04 21:16:15,406 :: INFO :: Flash firmware on open node: /tmp/tmpga6fh0ry--firmware4910095410119043639-udp-client.iotlab
2024-11-04 21:16:15,445 :: INFO :: Node OpenOCD: flash of openocd node
2024-11-04 21:16:15,449 :: INFO :: Flash firmware on OpenOCD: /tmp/tmpga6fh0ry--firmware4910095410119043639-udp-client.iotlab
2024-11-04 21:44:10,880 :: INFO :: Gateway Manager : Stop experiment
2024-11-04 21:44:10,886 :: INFO :: Stop experiment
2024-11-04 21:44:10,890 :: INFO :: Control node : stop of the experiment
2024-11-04 21:44:10,895 :: INFO :: Control node : profile configuration
2024-11-04 21:44:10,898 :: INFO :: Configure profile on Control Node
2024-11-04 21:44:10,950 :: INFO :: Control node : start power of open node
2024-11-04 21:44:10,982 :: INFO :: Node OpenOCD: teardown of openocd node
2024-11-04 21:44:13,998 :: INFO :: openocd node debugger stop
2024-11-04 21:44:14,523 :: INFO :: Node OpenOCD: flash of openocd node
2024-11-04 21:44:14,527 :: INFO :: Flash firmware on OpenOCD: /usr/lib/python3.8/site-packages/gateway_code/static/m3_idle.elf
2024-11-04 21:44:16,669 :: INFO :: Control node : Stop control node serial interface
2024-11-04 21:44:16,673 :: INFO :: Control node : stop power of open node
2024-11-04 21:44:16,714 :: INFO :: Control node : reset
2024-11-04 21:44:16,718 :: INFO :: Reset Control Node
2024-11-04 21:44:19,513 :: INFO :: Stop experiment succeeded
