2024-11-04 21:13:52,769 :: INFO :: Start experiment: perezram-407652
2024-11-04 21:13:52,774 :: INFO :: Control node : Starting of control node serial interface
2024-11-04 21:13:52,777 :: INFO :: Control node : reset
2024-11-04 21:13:52,780 :: INFO :: Reset Control Node
2024-11-04 21:13:55,591 :: INFO :: Control node : start power of open node
2024-11-04 21:13:55,614 :: INFO :: Node OpenOCD: Setup of openocd node
2024-11-04 21:13:58,629 :: INFO :: Node OpenOCD: flash of openocd node
2024-11-04 21:13:58,634 :: INFO :: Flash firmware on OpenOCD: /usr/lib/python3.8/site-packages/gateway_code/static/m3_idle.elf
2024-11-04 21:14:00,783 :: INFO :: Control node : Start experiment
2024-11-04 21:14:00,846 :: INFO :: Control Node set time delay: 10432 us
2024-11-04 21:14:00,881 :: INFO :: Control node : profile configuration
2024-11-04 21:14:00,884 :: INFO :: Configure profile on Control Node
2024-11-04 21:14:00,947 :: INFO :: Start experiment succeeded
2024-11-04 21:16:13,029 :: INFO :: Gateway Manager : Flash of node
2024-11-04 21:16:13,045 :: INFO :: Flash firmware on open node: /tmp/tmplercsqvg--firmware4910095410119043639-udp-client.iotlab
2024-11-04 21:16:13,086 :: INFO :: Node OpenOCD: flash of openocd node
2024-11-04 21:16:13,090 :: INFO :: Flash firmware on OpenOCD: /tmp/tmplercsqvg--firmware4910095410119043639-udp-client.iotlab
2024-11-04 21:44:10,585 :: INFO :: Gateway Manager : Stop experiment
2024-11-04 21:44:10,590 :: INFO :: Stop experiment
2024-11-04 21:44:10,597 :: INFO :: Control node : stop of the experiment
2024-11-04 21:44:10,604 :: INFO :: Control node : profile configuration
2024-11-04 21:44:10,610 :: INFO :: Configure profile on Control Node
2024-11-04 21:44:10,662 :: INFO :: Control node : start power of open node
2024-11-04 21:44:10,695 :: INFO :: Node OpenOCD: teardown of openocd node
2024-11-04 21:44:13,712 :: INFO :: openocd node debugger stop
2024-11-04 21:44:14,334 :: INFO :: Node OpenOCD: flash of openocd node
2024-11-04 21:44:14,337 :: INFO :: Flash firmware on OpenOCD: /usr/lib/python3.8/site-packages/gateway_code/static/m3_idle.elf
2024-11-04 21:44:16,481 :: INFO :: Control node : Stop control node serial interface
2024-11-04 21:44:16,486 :: INFO :: Control node : stop power of open node
2024-11-04 21:44:16,522 :: INFO :: Control node : reset
2024-11-04 21:44:16,525 :: INFO :: Reset Control Node
2024-11-04 21:44:19,266 :: INFO :: Stop experiment succeeded
