2024-11-04 21:13:53,065 :: INFO :: Start experiment: perezram-407652
2024-11-04 21:13:53,069 :: INFO :: Control node : Starting of control node serial interface
2024-11-04 21:13:53,072 :: INFO :: Control node : reset
2024-11-04 21:13:53,075 :: INFO :: Reset Control Node
2024-11-04 21:13:55,867 :: INFO :: Control node : start power of open node
2024-11-04 21:13:55,884 :: INFO :: Node OpenOCD: Setup of openocd node
2024-11-04 21:13:58,899 :: INFO :: Node OpenOCD: flash of openocd node
2024-11-04 21:13:58,904 :: INFO :: Flash firmware on OpenOCD: /usr/lib/python3.8/site-packages/gateway_code/static/m3_idle.elf
2024-11-04 21:14:01,054 :: INFO :: Control node : Start experiment
2024-11-04 21:14:01,115 :: INFO :: Control Node set time delay: 1332 us
2024-11-04 21:14:01,148 :: INFO :: Control node : profile configuration
2024-11-04 21:14:01,151 :: INFO :: Configure profile on Control Node
2024-11-04 21:14:01,217 :: INFO :: Start experiment succeeded
2024-11-04 21:16:13,956 :: INFO :: Gateway Manager : Flash of node
2024-11-04 21:16:13,961 :: INFO :: Flash firmware on open node: /tmp/tmpdv0jsopl--firmware4910095410119043639-udp-client.iotlab
2024-11-04 21:16:14,000 :: INFO :: Node OpenOCD: flash of openocd node
2024-11-04 21:16:14,004 :: INFO :: Flash firmware on OpenOCD: /tmp/tmpdv0jsopl--firmware4910095410119043639-udp-client.iotlab
2024-11-04 21:44:10,869 :: INFO :: Gateway Manager : Stop experiment
2024-11-04 21:44:10,875 :: INFO :: Stop experiment
2024-11-04 21:44:10,879 :: INFO :: Control node : stop of the experiment
2024-11-04 21:44:10,884 :: INFO :: Control node : profile configuration
2024-11-04 21:44:10,887 :: INFO :: Configure profile on Control Node
2024-11-04 21:44:10,935 :: INFO :: Control node : start power of open node
2024-11-04 21:44:10,967 :: INFO :: Node OpenOCD: teardown of openocd node
2024-11-04 21:44:13,983 :: INFO :: openocd node debugger stop
2024-11-04 21:44:14,605 :: INFO :: Node OpenOCD: flash of openocd node
2024-11-04 21:44:14,608 :: INFO :: Flash firmware on OpenOCD: /usr/lib/python3.8/site-packages/gateway_code/static/m3_idle.elf
2024-11-04 21:44:16,750 :: INFO :: Control node : Stop control node serial interface
2024-11-04 21:44:16,755 :: INFO :: Control node : stop power of open node
2024-11-04 21:44:16,795 :: INFO :: Control node : reset
2024-11-04 21:44:16,798 :: INFO :: Reset Control Node
2024-11-04 21:44:19,548 :: INFO :: Stop experiment succeeded
