2024-11-04 21:13:52,721 :: INFO :: Start experiment: perezram-407652
2024-11-04 21:13:52,724 :: INFO :: Control node : Starting of control node serial interface
2024-11-04 21:13:52,727 :: INFO :: Control node : reset
2024-11-04 21:13:52,730 :: INFO :: Reset Control Node
2024-11-04 21:13:55,525 :: INFO :: Control node : start power of open node
2024-11-04 21:13:55,542 :: INFO :: Node OpenOCD: Setup of openocd node
2024-11-04 21:13:58,556 :: INFO :: Node OpenOCD: flash of openocd node
2024-11-04 21:13:58,561 :: INFO :: Flash firmware on OpenOCD: /usr/lib/python3.8/site-packages/gateway_code/static/m3_idle.elf
2024-11-04 21:14:00,710 :: INFO :: Control node : Start experiment
2024-11-04 21:14:00,773 :: INFO :: Control Node set time delay: 11554 us
2024-11-04 21:14:00,803 :: INFO :: Control node : profile configuration
2024-11-04 21:14:00,807 :: INFO :: Configure profile on Control Node
2024-11-04 21:14:00,875 :: INFO :: Start experiment succeeded
2024-11-04 21:16:12,586 :: INFO :: Gateway Manager : Flash of node
2024-11-04 21:16:12,613 :: INFO :: Flash firmware on open node: /tmp/tmppbk48_m9--firmware4910095410119043639-udp-client.iotlab
2024-11-04 21:16:12,652 :: INFO :: Node OpenOCD: flash of openocd node
2024-11-04 21:16:12,656 :: INFO :: Flash firmware on OpenOCD: /tmp/tmppbk48_m9--firmware4910095410119043639-udp-client.iotlab
2024-11-04 21:44:10,550 :: INFO :: Gateway Manager : Stop experiment
2024-11-04 21:44:10,557 :: INFO :: Stop experiment
2024-11-04 21:44:10,562 :: INFO :: Control node : stop of the experiment
2024-11-04 21:44:10,569 :: INFO :: Control node : profile configuration
2024-11-04 21:44:10,573 :: INFO :: Configure profile on Control Node
2024-11-04 21:44:10,632 :: INFO :: Control node : start power of open node
2024-11-04 21:44:10,664 :: INFO :: Node OpenOCD: teardown of openocd node
2024-11-04 21:44:13,680 :: INFO :: openocd node debugger stop
2024-11-04 21:44:14,302 :: INFO :: Node OpenOCD: flash of openocd node
2024-11-04 21:44:14,305 :: INFO :: Flash firmware on OpenOCD: /usr/lib/python3.8/site-packages/gateway_code/static/m3_idle.elf
2024-11-04 21:44:16,449 :: INFO :: Control node : Stop control node serial interface
2024-11-04 21:44:16,453 :: INFO :: Control node : stop power of open node
2024-11-04 21:44:16,492 :: INFO :: Control node : reset
2024-11-04 21:44:16,496 :: INFO :: Reset Control Node
2024-11-04 21:44:19,239 :: INFO :: Stop experiment succeeded
