2024-11-04 21:13:52,894 :: INFO :: Start experiment: perezram-407652
2024-11-04 21:13:52,898 :: INFO :: Control node : Starting of control node serial interface
2024-11-04 21:13:52,901 :: INFO :: Control node : reset
2024-11-04 21:13:52,903 :: INFO :: Reset Control Node
2024-11-04 21:13:55,795 :: INFO :: Control node : start power of open node
2024-11-04 21:13:55,813 :: INFO :: Node OpenOCD: Setup of openocd node
2024-11-04 21:13:58,827 :: INFO :: Node OpenOCD: flash of openocd node
2024-11-04 21:13:58,832 :: INFO :: Flash firmware on OpenOCD: /usr/lib/python3.8/site-packages/gateway_code/static/m3_idle.elf
2024-11-04 21:14:00,980 :: INFO :: Control node : Start experiment
2024-11-04 21:14:01,048 :: INFO :: Control Node set time delay: 5725 us
2024-11-04 21:14:01,093 :: INFO :: Control node : profile configuration
2024-11-04 21:14:01,096 :: INFO :: Configure profile on Control Node
2024-11-04 21:14:01,146 :: INFO :: Start experiment succeeded
2024-11-04 21:16:14,050 :: INFO :: Gateway Manager : Flash of node
2024-11-04 21:16:14,055 :: INFO :: Flash firmware on open node: /tmp/tmp9s5iwsqy--firmware4910095410119043639-udp-client.iotlab
2024-11-04 21:16:14,094 :: INFO :: Node OpenOCD: flash of openocd node
2024-11-04 21:16:14,098 :: INFO :: Flash firmware on OpenOCD: /tmp/tmp9s5iwsqy--firmware4910095410119043639-udp-client.iotlab
2024-11-04 21:44:10,746 :: INFO :: Gateway Manager : Stop experiment
2024-11-04 21:44:10,752 :: INFO :: Stop experiment
2024-11-04 21:44:10,756 :: INFO :: Control node : stop of the experiment
2024-11-04 21:44:10,761 :: INFO :: Control node : profile configuration
2024-11-04 21:44:10,764 :: INFO :: Configure profile on Control Node
2024-11-04 21:44:10,814 :: INFO :: Control node : start power of open node
2024-11-04 21:44:10,847 :: INFO :: Node OpenOCD: teardown of openocd node
2024-11-04 21:44:13,869 :: INFO :: openocd node debugger stop
2024-11-04 21:44:14,490 :: INFO :: Node OpenOCD: flash of openocd node
2024-11-04 21:44:14,494 :: INFO :: Flash firmware on OpenOCD: /usr/lib/python3.8/site-packages/gateway_code/static/m3_idle.elf
2024-11-04 21:44:16,635 :: INFO :: Control node : Stop control node serial interface
2024-11-04 21:44:16,640 :: INFO :: Control node : stop power of open node
2024-11-04 21:44:16,673 :: INFO :: Control node : reset
2024-11-04 21:44:16,677 :: INFO :: Reset Control Node
2024-11-04 21:44:19,416 :: INFO :: Stop experiment succeeded
