2024-11-04 21:13:52,724 :: INFO :: Start experiment: perezram-407652
2024-11-04 21:13:52,727 :: INFO :: Control node : Starting of control node serial interface
2024-11-04 21:13:52,731 :: INFO :: Control node : reset
2024-11-04 21:13:52,733 :: INFO :: Reset Control Node
2024-11-04 21:13:55,530 :: INFO :: Control node : start power of open node
2024-11-04 21:13:55,547 :: INFO :: Node OpenOCD: Setup of openocd node
2024-11-04 21:13:58,562 :: INFO :: Node OpenOCD: flash of openocd node
2024-11-04 21:13:58,567 :: INFO :: Flash firmware on OpenOCD: /usr/lib/python3.8/site-packages/gateway_code/static/m3_idle.elf
2024-11-04 21:14:00,714 :: INFO :: Control node : Start experiment
2024-11-04 21:14:00,779 :: INFO :: Control Node set time delay: 16185 us
2024-11-04 21:14:00,827 :: INFO :: Control node : profile configuration
2024-11-04 21:14:00,831 :: INFO :: Configure profile on Control Node
2024-11-04 21:14:00,880 :: INFO :: Start experiment succeeded
2024-11-04 21:16:12,635 :: INFO :: Gateway Manager : Flash of node
2024-11-04 21:16:12,662 :: INFO :: Flash firmware on open node: /tmp/tmpxtdpwi_q--firmware4910095410119043639-udp-client.iotlab
2024-11-04 21:16:12,701 :: INFO :: Node OpenOCD: flash of openocd node
2024-11-04 21:16:12,705 :: INFO :: Flash firmware on OpenOCD: /tmp/tmpxtdpwi_q--firmware4910095410119043639-udp-client.iotlab
2024-11-04 21:44:10,552 :: INFO :: Gateway Manager : Stop experiment
2024-11-04 21:44:10,558 :: INFO :: Stop experiment
2024-11-04 21:44:10,564 :: INFO :: Control node : stop of the experiment
2024-11-04 21:44:10,570 :: INFO :: Control node : profile configuration
2024-11-04 21:44:10,574 :: INFO :: Configure profile on Control Node
2024-11-04 21:44:10,631 :: INFO :: Control node : start power of open node
2024-11-04 21:44:10,663 :: INFO :: Node OpenOCD: teardown of openocd node
2024-11-04 21:44:13,680 :: INFO :: openocd node debugger stop
2024-11-04 21:44:14,301 :: INFO :: Node OpenOCD: flash of openocd node
2024-11-04 21:44:14,305 :: INFO :: Flash firmware on OpenOCD: /usr/lib/python3.8/site-packages/gateway_code/static/m3_idle.elf
2024-11-04 21:44:16,447 :: INFO :: Control node : Stop control node serial interface
2024-11-04 21:44:16,452 :: INFO :: Control node : stop power of open node
2024-11-04 21:44:16,491 :: INFO :: Control node : reset
2024-11-04 21:44:16,495 :: INFO :: Reset Control Node
2024-11-04 21:44:19,247 :: INFO :: Stop experiment succeeded
