2024-11-04 21:13:52,733 :: INFO :: Start experiment: perezram-407652
2024-11-04 21:13:52,737 :: INFO :: Control node : Starting of control node serial interface
2024-11-04 21:13:52,740 :: INFO :: Control node : reset
2024-11-04 21:13:52,743 :: INFO :: Reset Control Node
2024-11-04 21:13:55,539 :: INFO :: Control node : start power of open node
2024-11-04 21:13:55,557 :: INFO :: Node OpenOCD: Setup of openocd node
2024-11-04 21:13:58,572 :: INFO :: Node OpenOCD: flash of openocd node
2024-11-04 21:13:58,577 :: INFO :: Flash firmware on OpenOCD: /usr/lib/python3.8/site-packages/gateway_code/static/m3_idle.elf
2024-11-04 21:14:00,723 :: INFO :: Control node : Start experiment
2024-11-04 21:14:00,791 :: INFO :: Control Node set time delay: 8012 us
2024-11-04 21:14:00,821 :: INFO :: Control node : profile configuration
2024-11-04 21:14:00,824 :: INFO :: Configure profile on Control Node
2024-11-04 21:14:00,890 :: INFO :: Start experiment succeeded
2024-11-04 21:16:12,748 :: INFO :: Gateway Manager : Flash of node
2024-11-04 21:16:12,772 :: INFO :: Flash firmware on open node: /tmp/tmp62el0lon--firmware4910095410119043639-udp-client.iotlab
2024-11-04 21:16:12,812 :: INFO :: Node OpenOCD: flash of openocd node
2024-11-04 21:16:12,816 :: INFO :: Flash firmware on OpenOCD: /tmp/tmp62el0lon--firmware4910095410119043639-udp-client.iotlab
2024-11-04 21:44:10,558 :: INFO :: Gateway Manager : Stop experiment
2024-11-04 21:44:10,565 :: INFO :: Stop experiment
2024-11-04 21:44:10,570 :: INFO :: Control node : stop of the experiment
2024-11-04 21:44:10,577 :: INFO :: Control node : profile configuration
2024-11-04 21:44:10,581 :: INFO :: Configure profile on Control Node
2024-11-04 21:44:10,628 :: INFO :: Control node : start power of open node
2024-11-04 21:44:10,660 :: INFO :: Node OpenOCD: teardown of openocd node
2024-11-04 21:44:13,676 :: INFO :: openocd node debugger stop
2024-11-04 21:44:14,298 :: INFO :: Node OpenOCD: flash of openocd node
2024-11-04 21:44:14,302 :: INFO :: Flash firmware on OpenOCD: /usr/lib/python3.8/site-packages/gateway_code/static/m3_idle.elf
2024-11-04 21:44:16,445 :: INFO :: Control node : Stop control node serial interface
2024-11-04 21:44:16,450 :: INFO :: Control node : stop power of open node
2024-11-04 21:44:16,488 :: INFO :: Control node : reset
2024-11-04 21:44:16,492 :: INFO :: Reset Control Node
2024-11-04 21:44:19,241 :: INFO :: Stop experiment succeeded
