2024-11-04 21:13:52,921 :: INFO :: Start experiment: perezram-407652
2024-11-04 21:13:52,925 :: INFO :: Control node : Starting of control node serial interface
2024-11-04 21:13:52,928 :: INFO :: Control node : reset
2024-11-04 21:13:52,931 :: INFO :: Reset Control Node
2024-11-04 21:13:55,832 :: INFO :: Control node : start power of open node
2024-11-04 21:13:55,848 :: INFO :: Node OpenOCD: Setup of openocd node
2024-11-04 21:13:58,863 :: INFO :: Node OpenOCD: flash of openocd node
2024-11-04 21:13:58,868 :: INFO :: Flash firmware on OpenOCD: /usr/lib/python3.8/site-packages/gateway_code/static/m3_idle.elf
2024-11-04 21:14:01,014 :: INFO :: Control node : Start experiment
2024-11-04 21:14:01,085 :: INFO :: Control Node set time delay: 8670 us
2024-11-04 21:14:01,113 :: INFO :: Control node : profile configuration
2024-11-04 21:14:01,116 :: INFO :: Configure profile on Control Node
2024-11-04 21:14:01,197 :: INFO :: Start experiment succeeded
2024-11-04 21:16:13,541 :: INFO :: Gateway Manager : Flash of node
2024-11-04 21:16:13,546 :: INFO :: Flash firmware on open node: /tmp/tmpphk0f5g8--firmware4910095410119043639-udp-client.iotlab
2024-11-04 21:16:13,585 :: INFO :: Node OpenOCD: flash of openocd node
2024-11-04 21:16:13,589 :: INFO :: Flash firmware on OpenOCD: /tmp/tmpphk0f5g8--firmware4910095410119043639-udp-client.iotlab
2024-11-04 21:44:10,766 :: INFO :: Gateway Manager : Stop experiment
2024-11-04 21:44:10,772 :: INFO :: Stop experiment
2024-11-04 21:44:10,776 :: INFO :: Control node : stop of the experiment
2024-11-04 21:44:10,781 :: INFO :: Control node : profile configuration
2024-11-04 21:44:10,784 :: INFO :: Configure profile on Control Node
2024-11-04 21:44:10,830 :: INFO :: Control node : start power of open node
2024-11-04 21:44:10,862 :: INFO :: Node OpenOCD: teardown of openocd node
2024-11-04 21:44:13,878 :: INFO :: openocd node debugger stop
2024-11-04 21:44:14,500 :: INFO :: Node OpenOCD: flash of openocd node
2024-11-04 21:44:14,503 :: INFO :: Flash firmware on OpenOCD: /usr/lib/python3.8/site-packages/gateway_code/static/m3_idle.elf
2024-11-04 21:44:16,645 :: INFO :: Control node : Stop control node serial interface
2024-11-04 21:44:16,650 :: INFO :: Control node : stop power of open node
2024-11-04 21:44:16,690 :: INFO :: Control node : reset
2024-11-04 21:44:16,693 :: INFO :: Reset Control Node
2024-11-04 21:44:19,459 :: INFO :: Stop experiment succeeded
