2024-11-04 21:13:53,098 :: INFO :: Start experiment: perezram-407652
2024-11-04 21:13:53,102 :: INFO :: Control node : Starting of control node serial interface
2024-11-04 21:13:53,106 :: INFO :: Control node : reset
2024-11-04 21:13:53,109 :: INFO :: Reset Control Node
2024-11-04 21:13:55,901 :: INFO :: Control node : start power of open node
2024-11-04 21:13:55,917 :: INFO :: Node OpenOCD: Setup of openocd node
2024-11-04 21:13:58,932 :: INFO :: Node OpenOCD: flash of openocd node
2024-11-04 21:13:58,936 :: INFO :: Flash firmware on OpenOCD: /usr/lib/python3.8/site-packages/gateway_code/static/m3_idle.elf
2024-11-04 21:14:01,086 :: INFO :: Control node : Start experiment
2024-11-04 21:14:01,148 :: INFO :: Control Node set time delay: 11972 us
2024-11-04 21:14:01,180 :: INFO :: Control node : profile configuration
2024-11-04 21:14:01,184 :: INFO :: Configure profile on Control Node
2024-11-04 21:14:01,250 :: INFO :: Start experiment succeeded
2024-11-04 21:16:13,960 :: INFO :: Gateway Manager : Flash of node
2024-11-04 21:16:13,965 :: INFO :: Flash firmware on open node: /tmp/tmpllpnawbc--firmware4910095410119043639-udp-client.iotlab
2024-11-04 21:16:14,005 :: INFO :: Node OpenOCD: flash of openocd node
2024-11-04 21:16:14,008 :: INFO :: Flash firmware on OpenOCD: /tmp/tmpllpnawbc--firmware4910095410119043639-udp-client.iotlab
2024-11-04 21:44:10,870 :: INFO :: Gateway Manager : Stop experiment
2024-11-04 21:44:10,876 :: INFO :: Stop experiment
2024-11-04 21:44:10,880 :: INFO :: Control node : stop of the experiment
2024-11-04 21:44:10,884 :: INFO :: Control node : profile configuration
2024-11-04 21:44:10,888 :: INFO :: Configure profile on Control Node
2024-11-04 21:44:10,941 :: INFO :: Control node : start power of open node
2024-11-04 21:44:10,973 :: INFO :: Node OpenOCD: teardown of openocd node
2024-11-04 21:44:13,990 :: INFO :: openocd node debugger stop
2024-11-04 21:44:14,515 :: INFO :: Node OpenOCD: flash of openocd node
2024-11-04 21:44:14,518 :: INFO :: Flash firmware on OpenOCD: /usr/lib/python3.8/site-packages/gateway_code/static/m3_idle.elf
2024-11-04 21:44:16,663 :: INFO :: Control node : Stop control node serial interface
2024-11-04 21:44:16,668 :: INFO :: Control node : stop power of open node
2024-11-04 21:44:16,705 :: INFO :: Control node : reset
2024-11-04 21:44:16,709 :: INFO :: Reset Control Node
2024-11-04 21:44:19,495 :: INFO :: Stop experiment succeeded
