2024-11-04 01:10:08,897 :: INFO :: Start experiment: perezram-407559
2024-11-04 01:10:08,901 :: INFO :: Control node : Starting of control node serial interface
2024-11-04 01:10:08,904 :: INFO :: Control node : reset
2024-11-04 01:10:08,907 :: INFO :: Reset Control Node
2024-11-04 01:10:11,700 :: INFO :: Control node : start power of open node
2024-11-04 01:10:11,722 :: INFO :: Node OpenOCD: Setup of openocd node
2024-11-04 01:10:14,737 :: INFO :: Node OpenOCD: flash of openocd node
2024-11-04 01:10:14,742 :: INFO :: Flash firmware on OpenOCD: /tmp/tmpe_fx0c57--5beeb7e95392731f2752dd0708f8d959_get-mac.iotlab
2024-11-04 01:10:22,239 :: INFO :: Control node : Start experiment
2024-11-04 01:10:22,298 :: INFO :: Control Node set time delay: 7567 us
2024-11-04 01:10:22,334 :: INFO :: Control node : profile configuration
2024-11-04 01:10:22,337 :: INFO :: Configure profile on Control Node
2024-11-04 01:10:22,399 :: INFO :: Start experiment succeeded
2024-11-04 01:25:32,874 :: INFO :: Gateway Manager : Stop experiment
2024-11-04 01:25:33,548 :: INFO :: Stop experiment
2024-11-04 01:25:33,564 :: INFO :: Control node : stop of the experiment
2024-11-04 01:25:33,573 :: INFO :: Control node : profile configuration
2024-11-04 01:25:33,577 :: INFO :: Configure profile on Control Node
2024-11-04 01:25:33,648 :: INFO :: Control node : start power of open node
2024-11-04 01:25:33,680 :: INFO :: Node OpenOCD: teardown of openocd node
2024-11-04 01:25:36,694 :: INFO :: openocd node debugger stop
2024-11-04 01:25:37,218 :: INFO :: Node OpenOCD: flash of openocd node
2024-11-04 01:25:37,222 :: INFO :: Flash firmware on OpenOCD: /usr/lib/python3.8/site-packages/gateway_code/static/m3_idle.elf
2024-11-04 01:25:39,366 :: INFO :: Control node : Stop control node serial interface
2024-11-04 01:25:39,371 :: INFO :: Control node : stop power of open node
2024-11-04 01:25:39,411 :: INFO :: Control node : reset
2024-11-04 01:25:39,415 :: INFO :: Reset Control Node
2024-11-04 01:25:42,153 :: INFO :: Stop experiment succeeded
