2024-11-04 01:10:08,914 :: INFO :: Start experiment: perezram-407559
2024-11-04 01:10:08,918 :: INFO :: Control node : Starting of control node serial interface
2024-11-04 01:10:08,921 :: INFO :: Control node : reset
2024-11-04 01:10:08,924 :: INFO :: Reset Control Node
2024-11-04 01:10:11,713 :: INFO :: Control node : start power of open node
2024-11-04 01:10:11,731 :: INFO :: Node OpenOCD: Setup of openocd node
2024-11-04 01:10:14,745 :: INFO :: Node OpenOCD: flash of openocd node
2024-11-04 01:10:14,750 :: INFO :: Flash firmware on OpenOCD: /tmp/tmpofvdjja_--5beeb7e95392731f2752dd0708f8d959_get-mac.iotlab
2024-11-04 01:10:22,242 :: INFO :: Control node : Start experiment
2024-11-04 01:10:22,306 :: INFO :: Control Node set time delay: 5426 us
2024-11-04 01:10:22,340 :: INFO :: Control node : profile configuration
2024-11-04 01:10:22,344 :: INFO :: Configure profile on Control Node
2024-11-04 01:10:22,408 :: INFO :: Start experiment succeeded
2024-11-04 01:25:32,775 :: INFO :: Gateway Manager : Stop experiment
2024-11-04 01:25:32,781 :: INFO :: Stop experiment
2024-11-04 01:25:32,785 :: INFO :: Control node : stop of the experiment
2024-11-04 01:25:32,789 :: INFO :: Control node : profile configuration
2024-11-04 01:25:32,793 :: INFO :: Configure profile on Control Node
2024-11-04 01:25:32,847 :: INFO :: Control node : start power of open node
2024-11-04 01:25:32,878 :: INFO :: Node OpenOCD: teardown of openocd node
2024-11-04 01:25:35,902 :: INFO :: openocd node debugger stop
2024-11-04 01:25:36,524 :: INFO :: Node OpenOCD: flash of openocd node
2024-11-04 01:25:36,527 :: INFO :: Flash firmware on OpenOCD: /usr/lib/python3.8/site-packages/gateway_code/static/m3_idle.elf
2024-11-04 01:25:38,670 :: INFO :: Control node : Stop control node serial interface
2024-11-04 01:25:38,674 :: INFO :: Control node : stop power of open node
2024-11-04 01:25:38,722 :: INFO :: Control node : reset
2024-11-04 01:25:38,726 :: INFO :: Reset Control Node
2024-11-04 01:25:41,472 :: INFO :: Stop experiment succeeded
