2024-11-04 01:10:09,004 :: INFO :: Start experiment: perezram-407559
2024-11-04 01:10:09,007 :: INFO :: Control node : Starting of control node serial interface
2024-11-04 01:10:09,010 :: INFO :: Control node : reset
2024-11-04 01:10:09,014 :: INFO :: Reset Control Node
2024-11-04 01:10:11,809 :: INFO :: Control node : start power of open node
2024-11-04 01:10:11,828 :: INFO :: Node OpenOCD: Setup of openocd node
2024-11-04 01:10:14,842 :: INFO :: Node OpenOCD: flash of openocd node
2024-11-04 01:10:14,847 :: INFO :: Flash firmware on OpenOCD: /tmp/tmp2k43_za2--5beeb7e95392731f2752dd0708f8d959_get-mac.iotlab
2024-11-04 01:10:22,391 :: INFO :: Control node : Start experiment
2024-11-04 01:10:22,467 :: INFO :: Control Node set time delay: 17153 us
2024-11-04 01:10:22,496 :: INFO :: Control node : profile configuration
2024-11-04 01:10:22,500 :: INFO :: Configure profile on Control Node
2024-11-04 01:10:22,552 :: INFO :: Start experiment succeeded
2024-11-04 01:25:32,760 :: INFO :: Gateway Manager : Stop experiment
2024-11-04 01:25:32,766 :: INFO :: Stop experiment
2024-11-04 01:25:32,770 :: INFO :: Control node : stop of the experiment
2024-11-04 01:25:32,775 :: INFO :: Control node : profile configuration
2024-11-04 01:25:32,778 :: INFO :: Configure profile on Control Node
2024-11-04 01:25:32,827 :: INFO :: Control node : start power of open node
2024-11-04 01:25:32,859 :: INFO :: Node OpenOCD: teardown of openocd node
2024-11-04 01:25:35,881 :: INFO :: openocd node debugger stop
2024-11-04 01:25:36,503 :: INFO :: Node OpenOCD: flash of openocd node
2024-11-04 01:25:36,506 :: INFO :: Flash firmware on OpenOCD: /usr/lib/python3.8/site-packages/gateway_code/static/m3_idle.elf
2024-11-04 01:25:38,651 :: INFO :: Control node : Stop control node serial interface
2024-11-04 01:25:38,655 :: INFO :: Control node : stop power of open node
2024-11-04 01:25:38,702 :: INFO :: Control node : reset
2024-11-04 01:25:38,706 :: INFO :: Reset Control Node
2024-11-04 01:25:41,448 :: INFO :: Stop experiment succeeded
