2024-11-04 01:10:08,873 :: INFO :: Start experiment: perezram-407559
2024-11-04 01:10:08,877 :: INFO :: Control node : Starting of control node serial interface
2024-11-04 01:10:08,880 :: INFO :: Control node : reset
2024-11-04 01:10:08,883 :: INFO :: Reset Control Node
2024-11-04 01:10:11,682 :: INFO :: Control node : start power of open node
2024-11-04 01:10:11,700 :: INFO :: Node OpenOCD: Setup of openocd node
2024-11-04 01:10:14,714 :: INFO :: Node OpenOCD: flash of openocd node
2024-11-04 01:10:14,719 :: INFO :: Flash firmware on OpenOCD: /tmp/tmpwadjfz8t--5beeb7e95392731f2752dd0708f8d959_get-mac.iotlab
2024-11-04 01:10:22,214 :: INFO :: Control node : Start experiment
2024-11-04 01:10:22,275 :: INFO :: Control Node set time delay: 3968 us
2024-11-04 01:10:22,307 :: INFO :: Control node : profile configuration
2024-11-04 01:10:22,321 :: INFO :: Configure profile on Control Node
2024-11-04 01:10:22,376 :: INFO :: Start experiment succeeded
2024-11-04 01:25:32,878 :: INFO :: Gateway Manager : Stop experiment
2024-11-04 01:25:32,883 :: INFO :: Stop experiment
2024-11-04 01:25:32,887 :: INFO :: Control node : stop of the experiment
2024-11-04 01:25:32,893 :: INFO :: Control node : profile configuration
2024-11-04 01:25:32,896 :: INFO :: Configure profile on Control Node
2024-11-04 01:25:32,953 :: INFO :: Control node : start power of open node
2024-11-04 01:25:32,986 :: INFO :: Node OpenOCD: teardown of openocd node
2024-11-04 01:25:36,008 :: INFO :: openocd node debugger stop
2024-11-04 01:25:36,630 :: INFO :: Node OpenOCD: flash of openocd node
2024-11-04 01:25:36,634 :: INFO :: Flash firmware on OpenOCD: /usr/lib/python3.8/site-packages/gateway_code/static/m3_idle.elf
2024-11-04 01:25:38,777 :: INFO :: Control node : Stop control node serial interface
2024-11-04 01:25:38,782 :: INFO :: Control node : stop power of open node
2024-11-04 01:25:38,829 :: INFO :: Control node : reset
2024-11-04 01:25:38,833 :: INFO :: Reset Control Node
2024-11-04 01:25:41,570 :: INFO :: Stop experiment succeeded
