2024-11-04 01:10:08,905 :: INFO :: Start experiment: perezram-407559
2024-11-04 01:10:08,909 :: INFO :: Control node : Starting of control node serial interface
2024-11-04 01:10:08,912 :: INFO :: Control node : reset
2024-11-04 01:10:08,915 :: INFO :: Reset Control Node
2024-11-04 01:10:11,713 :: INFO :: Control node : start power of open node
2024-11-04 01:10:11,731 :: INFO :: Node OpenOCD: Setup of openocd node
2024-11-04 01:10:14,746 :: INFO :: Node OpenOCD: flash of openocd node
2024-11-04 01:10:14,750 :: INFO :: Flash firmware on OpenOCD: /tmp/tmp_d9ype38--5beeb7e95392731f2752dd0708f8d959_get-mac.iotlab
2024-11-04 01:10:22,295 :: INFO :: Control node : Start experiment
2024-11-04 01:10:22,370 :: INFO :: Control Node set time delay: 12961 us
2024-11-04 01:10:22,402 :: INFO :: Control node : profile configuration
2024-11-04 01:10:22,405 :: INFO :: Configure profile on Control Node
2024-11-04 01:10:22,471 :: INFO :: Start experiment succeeded
2024-11-04 01:25:32,883 :: INFO :: Gateway Manager : Stop experiment
2024-11-04 01:25:32,888 :: INFO :: Stop experiment
2024-11-04 01:25:32,892 :: INFO :: Control node : stop of the experiment
2024-11-04 01:25:32,898 :: INFO :: Control node : profile configuration
2024-11-04 01:25:32,902 :: INFO :: Configure profile on Control Node
2024-11-04 01:25:32,950 :: INFO :: Control node : start power of open node
2024-11-04 01:25:32,984 :: INFO :: Node OpenOCD: teardown of openocd node
2024-11-04 01:25:36,002 :: INFO :: openocd node debugger stop
2024-11-04 01:25:36,527 :: INFO :: Node OpenOCD: flash of openocd node
2024-11-04 01:25:36,531 :: INFO :: Flash firmware on OpenOCD: /usr/lib/python3.8/site-packages/gateway_code/static/m3_idle.elf
2024-11-04 01:25:38,674 :: INFO :: Control node : Stop control node serial interface
2024-11-04 01:25:38,678 :: INFO :: Control node : stop power of open node
2024-11-04 01:25:38,714 :: INFO :: Control node : reset
2024-11-04 01:25:38,718 :: INFO :: Reset Control Node
2024-11-04 01:25:41,465 :: INFO :: Stop experiment succeeded
