2024-11-04 01:10:09,423 :: INFO :: Start experiment: perezram-407559
2024-11-04 01:10:09,427 :: INFO :: Control node : Starting of control node serial interface
2024-11-04 01:10:09,431 :: INFO :: Control node : reset
2024-11-04 01:10:09,434 :: INFO :: Reset Control Node
2024-11-04 01:10:12,232 :: INFO :: Control node : start power of open node
2024-11-04 01:10:12,249 :: INFO :: Node OpenOCD: Setup of openocd node
2024-11-04 01:10:15,264 :: INFO :: Node OpenOCD: flash of openocd node
2024-11-04 01:10:15,269 :: INFO :: Flash firmware on OpenOCD: /tmp/tmple2p4uqy--5beeb7e95392731f2752dd0708f8d959_get-mac.iotlab
2024-11-04 01:10:22,815 :: INFO :: Control node : Start experiment
2024-11-04 01:10:22,894 :: INFO :: Control Node set time delay: 11227 us
2024-11-04 01:10:22,922 :: INFO :: Control node : profile configuration
2024-11-04 01:10:22,925 :: INFO :: Configure profile on Control Node
2024-11-04 01:10:22,990 :: INFO :: Start experiment succeeded
2024-11-04 01:25:32,870 :: INFO :: Gateway Manager : Stop experiment
2024-11-04 01:25:33,544 :: INFO :: Stop experiment
2024-11-04 01:25:33,564 :: INFO :: Control node : stop of the experiment
2024-11-04 01:25:33,573 :: INFO :: Control node : profile configuration
2024-11-04 01:25:33,576 :: INFO :: Configure profile on Control Node
2024-11-04 01:25:33,648 :: INFO :: Control node : start power of open node
2024-11-04 01:25:33,680 :: INFO :: Node OpenOCD: teardown of openocd node
2024-11-04 01:25:36,695 :: INFO :: openocd node debugger stop
2024-11-04 01:25:37,219 :: INFO :: Node OpenOCD: flash of openocd node
2024-11-04 01:25:37,222 :: INFO :: Flash firmware on OpenOCD: /usr/lib/python3.8/site-packages/gateway_code/static/m3_idle.elf
2024-11-04 01:25:39,365 :: INFO :: Control node : Stop control node serial interface
2024-11-04 01:25:39,370 :: INFO :: Control node : stop power of open node
2024-11-04 01:25:39,411 :: INFO :: Control node : reset
2024-11-04 01:25:39,415 :: INFO :: Reset Control Node
2024-11-04 01:25:42,153 :: INFO :: Stop experiment succeeded
