2024-11-04 01:10:08,587 :: INFO :: Start experiment: perezram-407559
2024-11-04 01:10:08,591 :: INFO :: Control node : Starting of control node serial interface
2024-11-04 01:10:08,594 :: INFO :: Control node : reset
2024-11-04 01:10:08,597 :: INFO :: Reset Control Node
2024-11-04 01:10:11,529 :: INFO :: Control node : start power of open node
2024-11-04 01:10:11,546 :: INFO :: Node OpenOCD: Setup of openocd node
2024-11-04 01:10:14,561 :: INFO :: Node OpenOCD: flash of openocd node
2024-11-04 01:10:14,566 :: INFO :: Flash firmware on OpenOCD: /tmp/tmpkbl3jmoz--5beeb7e95392731f2752dd0708f8d959_get-mac.iotlab
2024-11-04 01:10:22,112 :: INFO :: Control node : Start experiment
2024-11-04 01:10:22,187 :: INFO :: Control Node set time delay: 8951 us
2024-11-04 01:10:22,217 :: INFO :: Control node : profile configuration
2024-11-04 01:10:22,220 :: INFO :: Configure profile on Control Node
2024-11-04 01:10:22,286 :: INFO :: Start experiment succeeded
2024-11-04 01:25:32,609 :: INFO :: Gateway Manager : Stop experiment
2024-11-04 01:25:33,262 :: INFO :: Stop experiment
2024-11-04 01:25:33,278 :: INFO :: Control node : stop of the experiment
2024-11-04 01:25:33,288 :: INFO :: Control node : profile configuration
2024-11-04 01:25:33,291 :: INFO :: Configure profile on Control Node
2024-11-04 01:25:33,372 :: INFO :: Control node : start power of open node
2024-11-04 01:25:33,404 :: INFO :: Node OpenOCD: teardown of openocd node
2024-11-04 01:25:36,421 :: INFO :: openocd node debugger stop
2024-11-04 01:25:36,946 :: INFO :: Node OpenOCD: flash of openocd node
2024-11-04 01:25:36,949 :: INFO :: Flash firmware on OpenOCD: /usr/lib/python3.8/site-packages/gateway_code/static/m3_idle.elf
2024-11-04 01:25:39,091 :: INFO :: Control node : Stop control node serial interface
2024-11-04 01:25:39,096 :: INFO :: Control node : stop power of open node
2024-11-04 01:25:39,136 :: INFO :: Control node : reset
2024-11-04 01:25:39,139 :: INFO :: Reset Control Node
2024-11-04 01:25:41,880 :: INFO :: Stop experiment succeeded
