2024-11-04 01:10:09,524 :: INFO :: Start experiment: perezram-407559
2024-11-04 01:10:09,527 :: INFO :: Control node : Starting of control node serial interface
2024-11-04 01:10:09,530 :: INFO :: Control node : reset
2024-11-04 01:10:09,534 :: INFO :: Reset Control Node
2024-11-04 01:10:12,340 :: INFO :: Control node : start power of open node
2024-11-04 01:10:12,358 :: INFO :: Node OpenOCD: Setup of openocd node
2024-11-04 01:10:15,373 :: INFO :: Node OpenOCD: flash of openocd node
2024-11-04 01:10:15,378 :: INFO :: Flash firmware on OpenOCD: /tmp/tmpzz34mbss--5beeb7e95392731f2752dd0708f8d959_get-mac.iotlab
2024-11-04 01:10:22,922 :: INFO :: Control node : Start experiment
2024-11-04 01:10:22,981 :: INFO :: Control Node set time delay: 4761 us
2024-11-04 01:10:23,029 :: INFO :: Control node : profile configuration
2024-11-04 01:10:23,034 :: INFO :: Configure profile on Control Node
2024-11-04 01:10:23,099 :: INFO :: Start experiment succeeded
2024-11-04 01:25:32,619 :: INFO :: Gateway Manager : Stop experiment
2024-11-04 01:25:32,625 :: INFO :: Stop experiment
2024-11-04 01:25:32,629 :: INFO :: Control node : stop of the experiment
2024-11-04 01:25:32,633 :: INFO :: Control node : profile configuration
2024-11-04 01:25:32,637 :: INFO :: Configure profile on Control Node
2024-11-04 01:25:32,688 :: INFO :: Control node : start power of open node
2024-11-04 01:25:32,719 :: INFO :: Node OpenOCD: teardown of openocd node
2024-11-04 01:25:35,735 :: INFO :: openocd node debugger stop
2024-11-04 01:25:36,261 :: INFO :: Node OpenOCD: flash of openocd node
2024-11-04 01:25:36,264 :: INFO :: Flash firmware on OpenOCD: /usr/lib/python3.8/site-packages/gateway_code/static/m3_idle.elf
2024-11-04 01:25:38,406 :: INFO :: Control node : Stop control node serial interface
2024-11-04 01:25:38,411 :: INFO :: Control node : stop power of open node
2024-11-04 01:25:38,451 :: INFO :: Control node : reset
2024-11-04 01:25:38,455 :: INFO :: Reset Control Node
2024-11-04 01:25:41,213 :: INFO :: Stop experiment succeeded
