2024-11-04 01:10:09,047 :: INFO :: Start experiment: perezram-407559
2024-11-04 01:10:09,051 :: INFO :: Control node : Starting of control node serial interface
2024-11-04 01:10:09,054 :: INFO :: Control node : reset
2024-11-04 01:10:09,057 :: INFO :: Reset Control Node
2024-11-04 01:10:11,850 :: INFO :: Control node : start power of open node
2024-11-04 01:10:11,868 :: INFO :: Node OpenOCD: Setup of openocd node
2024-11-04 01:10:14,883 :: INFO :: Node OpenOCD: flash of openocd node
2024-11-04 01:10:14,888 :: INFO :: Flash firmware on OpenOCD: /tmp/tmpsxudwzbn--5beeb7e95392731f2752dd0708f8d959_get-mac.iotlab
2024-11-04 01:10:22,432 :: INFO :: Control node : Start experiment
2024-11-04 01:10:22,508 :: INFO :: Control Node set time delay: 8019 us
2024-11-04 01:10:22,540 :: INFO :: Control node : profile configuration
2024-11-04 01:10:22,543 :: INFO :: Configure profile on Control Node
2024-11-04 01:10:22,593 :: INFO :: Start experiment succeeded
2024-11-04 01:25:32,671 :: INFO :: Gateway Manager : Stop experiment
2024-11-04 01:25:32,677 :: INFO :: Stop experiment
2024-11-04 01:25:32,681 :: INFO :: Control node : stop of the experiment
2024-11-04 01:25:32,685 :: INFO :: Control node : profile configuration
2024-11-04 01:25:32,688 :: INFO :: Configure profile on Control Node
2024-11-04 01:25:32,744 :: INFO :: Control node : start power of open node
2024-11-04 01:25:32,776 :: INFO :: Node OpenOCD: teardown of openocd node
2024-11-04 01:25:35,792 :: INFO :: openocd node debugger stop
2024-11-04 01:25:36,414 :: INFO :: Node OpenOCD: flash of openocd node
2024-11-04 01:25:36,417 :: INFO :: Flash firmware on OpenOCD: /usr/lib/python3.8/site-packages/gateway_code/static/m3_idle.elf
2024-11-04 01:25:38,560 :: INFO :: Control node : Stop control node serial interface
2024-11-04 01:25:38,565 :: INFO :: Control node : stop power of open node
2024-11-04 01:25:38,604 :: INFO :: Control node : reset
2024-11-04 01:25:38,607 :: INFO :: Reset Control Node
2024-11-04 01:25:41,354 :: INFO :: Stop experiment succeeded
