2024-11-04 01:10:08,790 :: INFO :: Start experiment: perezram-407559
2024-11-04 01:10:08,794 :: INFO :: Control node : Starting of control node serial interface
2024-11-04 01:10:08,797 :: INFO :: Control node : reset
2024-11-04 01:10:08,800 :: INFO :: Reset Control Node
2024-11-04 01:10:11,594 :: INFO :: Control node : start power of open node
2024-11-04 01:10:11,610 :: INFO :: Node OpenOCD: Setup of openocd node
2024-11-04 01:10:14,625 :: INFO :: Node OpenOCD: flash of openocd node
2024-11-04 01:10:14,630 :: INFO :: Flash firmware on OpenOCD: /tmp/tmp5tqj3u71--5beeb7e95392731f2752dd0708f8d959_get-mac.iotlab
2024-11-04 01:10:22,123 :: INFO :: Control node : Start experiment
2024-11-04 01:10:22,202 :: INFO :: Control Node set time delay: 7813 us
2024-11-04 01:10:22,233 :: INFO :: Control node : profile configuration
2024-11-04 01:10:22,237 :: INFO :: Configure profile on Control Node
2024-11-04 01:10:22,287 :: INFO :: Start experiment succeeded
2024-11-04 01:25:32,602 :: INFO :: Gateway Manager : Stop experiment
2024-11-04 01:25:32,608 :: INFO :: Stop experiment
2024-11-04 01:25:32,612 :: INFO :: Control node : stop of the experiment
2024-11-04 01:25:32,617 :: INFO :: Control node : profile configuration
2024-11-04 01:25:32,620 :: INFO :: Configure profile on Control Node
2024-11-04 01:25:32,679 :: INFO :: Control node : start power of open node
2024-11-04 01:25:32,711 :: INFO :: Node OpenOCD: teardown of openocd node
2024-11-04 01:25:35,727 :: INFO :: openocd node debugger stop
2024-11-04 01:25:36,253 :: INFO :: Node OpenOCD: flash of openocd node
2024-11-04 01:25:36,256 :: INFO :: Flash firmware on OpenOCD: /usr/lib/python3.8/site-packages/gateway_code/static/m3_idle.elf
2024-11-04 01:25:38,400 :: INFO :: Control node : Stop control node serial interface
2024-11-04 01:25:38,405 :: INFO :: Control node : stop power of open node
2024-11-04 01:25:38,443 :: INFO :: Control node : reset
2024-11-04 01:25:38,447 :: INFO :: Reset Control Node
2024-11-04 01:25:41,195 :: INFO :: Stop experiment succeeded
