2024-11-04 01:10:09,042 :: INFO :: Start experiment: perezram-407559
2024-11-04 01:10:09,046 :: INFO :: Control node : Starting of control node serial interface
2024-11-04 01:10:09,049 :: INFO :: Control node : reset
2024-11-04 01:10:09,052 :: INFO :: Reset Control Node
2024-11-04 01:10:11,843 :: INFO :: Control node : start power of open node
2024-11-04 01:10:11,862 :: INFO :: Node OpenOCD: Setup of openocd node
2024-11-04 01:10:14,876 :: INFO :: Node OpenOCD: flash of openocd node
2024-11-04 01:10:14,881 :: INFO :: Flash firmware on OpenOCD: /tmp/tmpbq1l2vnq--5beeb7e95392731f2752dd0708f8d959_get-mac.iotlab
2024-11-04 01:10:22,375 :: INFO :: Control node : Start experiment
2024-11-04 01:10:22,453 :: INFO :: Control Node set time delay: 7775 us
2024-11-04 01:10:22,485 :: INFO :: Control node : profile configuration
2024-11-04 01:10:22,488 :: INFO :: Configure profile on Control Node
2024-11-04 01:10:22,538 :: INFO :: Start experiment succeeded
2024-11-04 01:25:32,879 :: INFO :: Gateway Manager : Stop experiment
2024-11-04 01:25:32,884 :: INFO :: Stop experiment
2024-11-04 01:25:32,889 :: INFO :: Control node : stop of the experiment
2024-11-04 01:25:32,894 :: INFO :: Control node : profile configuration
2024-11-04 01:25:32,898 :: INFO :: Configure profile on Control Node
2024-11-04 01:25:32,944 :: INFO :: Control node : start power of open node
2024-11-04 01:25:32,977 :: INFO :: Node OpenOCD: teardown of openocd node
2024-11-04 01:25:35,995 :: INFO :: openocd node debugger stop
2024-11-04 01:25:36,617 :: INFO :: Node OpenOCD: flash of openocd node
2024-11-04 01:25:36,620 :: INFO :: Flash firmware on OpenOCD: /usr/lib/python3.8/site-packages/gateway_code/static/m3_idle.elf
2024-11-04 01:25:38,763 :: INFO :: Control node : Stop control node serial interface
2024-11-04 01:25:38,768 :: INFO :: Control node : stop power of open node
2024-11-04 01:25:38,803 :: INFO :: Control node : reset
2024-11-04 01:25:38,807 :: INFO :: Reset Control Node
2024-11-04 01:25:41,549 :: INFO :: Stop experiment succeeded
