2024-11-04 01:10:08,865 :: INFO :: Start experiment: perezram-407559
2024-11-04 01:10:08,869 :: INFO :: Control node : Starting of control node serial interface
2024-11-04 01:10:08,872 :: INFO :: Control node : reset
2024-11-04 01:10:08,875 :: INFO :: Reset Control Node
2024-11-04 01:10:11,676 :: INFO :: Control node : start power of open node
2024-11-04 01:10:11,692 :: INFO :: Node OpenOCD: Setup of openocd node
2024-11-04 01:10:14,707 :: INFO :: Node OpenOCD: flash of openocd node
2024-11-04 01:10:14,712 :: INFO :: Flash firmware on OpenOCD: /tmp/tmp5202vln1--5beeb7e95392731f2752dd0708f8d959_get-mac.iotlab
2024-11-04 01:10:22,205 :: INFO :: Control node : Start experiment
2024-11-04 01:10:22,283 :: INFO :: Control Node set time delay: 13066 us
2024-11-04 01:10:22,315 :: INFO :: Control node : profile configuration
2024-11-04 01:10:22,319 :: INFO :: Configure profile on Control Node
2024-11-04 01:10:22,369 :: INFO :: Start experiment succeeded
2024-11-04 01:25:32,674 :: INFO :: Gateway Manager : Stop experiment
2024-11-04 01:25:33,268 :: INFO :: Stop experiment
2024-11-04 01:25:33,287 :: INFO :: Control node : stop of the experiment
2024-11-04 01:25:33,292 :: INFO :: Control node : profile configuration
2024-11-04 01:25:33,304 :: INFO :: Configure profile on Control Node
2024-11-04 01:25:33,379 :: INFO :: Control node : start power of open node
2024-11-04 01:25:33,411 :: INFO :: Node OpenOCD: teardown of openocd node
2024-11-04 01:25:36,426 :: INFO :: openocd node debugger stop
2024-11-04 01:25:36,950 :: INFO :: Node OpenOCD: flash of openocd node
2024-11-04 01:25:36,953 :: INFO :: Flash firmware on OpenOCD: /usr/lib/python3.8/site-packages/gateway_code/static/m3_idle.elf
2024-11-04 01:25:39,096 :: INFO :: Control node : Stop control node serial interface
2024-11-04 01:25:39,101 :: INFO :: Control node : stop power of open node
2024-11-04 01:25:39,143 :: INFO :: Control node : reset
2024-11-04 01:25:39,147 :: INFO :: Reset Control Node
2024-11-04 01:25:41,889 :: INFO :: Stop experiment succeeded
