2024-11-04 01:10:08,798 :: INFO :: Start experiment: perezram-407559
2024-11-04 01:10:08,802 :: INFO :: Control node : Starting of control node serial interface
2024-11-04 01:10:08,805 :: INFO :: Control node : reset
2024-11-04 01:10:08,808 :: INFO :: Reset Control Node
2024-11-04 01:10:11,655 :: INFO :: Control node : start power of open node
2024-11-04 01:10:11,672 :: INFO :: Node OpenOCD: Setup of openocd node
2024-11-04 01:10:14,687 :: INFO :: Node OpenOCD: flash of openocd node
2024-11-04 01:10:14,692 :: INFO :: Flash firmware on OpenOCD: /tmp/tmp65aeq2l2--5beeb7e95392731f2752dd0708f8d959_get-mac.iotlab
2024-11-04 01:10:22,235 :: INFO :: Control node : Start experiment
2024-11-04 01:10:22,297 :: INFO :: Control Node set time delay: 2560 us
2024-11-04 01:10:22,327 :: INFO :: Control node : profile configuration
2024-11-04 01:10:22,331 :: INFO :: Configure profile on Control Node
2024-11-04 01:10:22,397 :: INFO :: Start experiment succeeded
2024-11-04 01:25:32,772 :: INFO :: Gateway Manager : Stop experiment
2024-11-04 01:25:32,778 :: INFO :: Stop experiment
2024-11-04 01:25:32,782 :: INFO :: Control node : stop of the experiment
2024-11-04 01:25:32,787 :: INFO :: Control node : profile configuration
2024-11-04 01:25:32,790 :: INFO :: Configure profile on Control Node
2024-11-04 01:25:32,847 :: INFO :: Control node : start power of open node
2024-11-04 01:25:32,879 :: INFO :: Node OpenOCD: teardown of openocd node
2024-11-04 01:25:35,896 :: INFO :: openocd node debugger stop
2024-11-04 01:25:36,518 :: INFO :: Node OpenOCD: flash of openocd node
2024-11-04 01:25:36,521 :: INFO :: Flash firmware on OpenOCD: /usr/lib/python3.8/site-packages/gateway_code/static/m3_idle.elf
2024-11-04 01:25:38,665 :: INFO :: Control node : Stop control node serial interface
2024-11-04 01:25:38,669 :: INFO :: Control node : stop power of open node
2024-11-04 01:25:38,707 :: INFO :: Control node : reset
2024-11-04 01:25:38,711 :: INFO :: Reset Control Node
2024-11-04 01:25:41,452 :: INFO :: Stop experiment succeeded
