2024-11-04 01:10:09,563 :: INFO :: Start experiment: perezram-407559
2024-11-04 01:10:09,567 :: INFO :: Control node : Starting of control node serial interface
2024-11-04 01:10:09,571 :: INFO :: Control node : reset
2024-11-04 01:10:09,573 :: INFO :: Reset Control Node
2024-11-04 01:10:12,365 :: INFO :: Control node : start power of open node
2024-11-04 01:10:12,384 :: INFO :: Node OpenOCD: Setup of openocd node
2024-11-04 01:10:15,398 :: INFO :: Node OpenOCD: flash of openocd node
2024-11-04 01:10:15,403 :: INFO :: Flash firmware on OpenOCD: /tmp/tmp70g68p73--5beeb7e95392731f2752dd0708f8d959_get-mac.iotlab
2024-11-04 01:10:22,947 :: INFO :: Control node : Start experiment
2024-11-04 01:10:23,023 :: INFO :: Control Node set time delay: 13724 us
2024-11-04 01:10:23,055 :: INFO :: Control node : profile configuration
2024-11-04 01:10:23,058 :: INFO :: Configure profile on Control Node
2024-11-04 01:10:23,108 :: INFO :: Start experiment succeeded
2024-11-04 01:25:32,704 :: INFO :: Gateway Manager : Stop experiment
2024-11-04 01:25:33,319 :: INFO :: Stop experiment
2024-11-04 01:25:33,338 :: INFO :: Control node : stop of the experiment
2024-11-04 01:25:33,343 :: INFO :: Control node : profile configuration
2024-11-04 01:25:33,358 :: INFO :: Configure profile on Control Node
2024-11-04 01:25:33,415 :: INFO :: Control node : start power of open node
2024-11-04 01:25:33,447 :: INFO :: Node OpenOCD: teardown of openocd node
2024-11-04 01:25:36,461 :: INFO :: openocd node debugger stop
2024-11-04 01:25:36,985 :: INFO :: Node OpenOCD: flash of openocd node
2024-11-04 01:25:36,989 :: INFO :: Flash firmware on OpenOCD: /usr/lib/python3.8/site-packages/gateway_code/static/m3_idle.elf
2024-11-04 01:25:39,133 :: INFO :: Control node : Stop control node serial interface
2024-11-04 01:25:39,138 :: INFO :: Control node : stop power of open node
2024-11-04 01:25:39,178 :: INFO :: Control node : reset
2024-11-04 01:25:39,182 :: INFO :: Reset Control Node
2024-11-04 01:25:41,925 :: INFO :: Stop experiment succeeded
