2024-11-04 01:10:08,861 :: INFO :: Start experiment: perezram-407559
2024-11-04 01:10:08,865 :: INFO :: Control node : Starting of control node serial interface
2024-11-04 01:10:08,868 :: INFO :: Control node : reset
2024-11-04 01:10:08,871 :: INFO :: Reset Control Node
2024-11-04 01:10:11,663 :: INFO :: Control node : start power of open node
2024-11-04 01:10:11,678 :: INFO :: Node OpenOCD: Setup of openocd node
2024-11-04 01:10:14,692 :: INFO :: Node OpenOCD: flash of openocd node
2024-11-04 01:10:14,697 :: INFO :: Flash firmware on OpenOCD: /tmp/tmp0q2yrl0r--5beeb7e95392731f2752dd0708f8d959_get-mac.iotlab
2024-11-04 01:10:22,190 :: INFO :: Control node : Start experiment
2024-11-04 01:10:22,253 :: INFO :: Control Node set time delay: 6721 us
2024-11-04 01:10:22,290 :: INFO :: Control node : profile configuration
2024-11-04 01:10:22,294 :: INFO :: Configure profile on Control Node
2024-11-04 01:10:22,361 :: INFO :: Start experiment succeeded
2024-11-04 01:25:32,604 :: INFO :: Gateway Manager : Stop experiment
2024-11-04 01:25:32,609 :: INFO :: Stop experiment
2024-11-04 01:25:32,613 :: INFO :: Control node : stop of the experiment
2024-11-04 01:25:32,618 :: INFO :: Control node : profile configuration
2024-11-04 01:25:32,621 :: INFO :: Configure profile on Control Node
2024-11-04 01:25:32,674 :: INFO :: Control node : start power of open node
2024-11-04 01:25:32,706 :: INFO :: Node OpenOCD: teardown of openocd node
2024-11-04 01:25:35,722 :: INFO :: openocd node debugger stop
2024-11-04 01:25:36,247 :: INFO :: Node OpenOCD: flash of openocd node
2024-11-04 01:25:36,250 :: INFO :: Flash firmware on OpenOCD: /usr/lib/python3.8/site-packages/gateway_code/static/m3_idle.elf
2024-11-04 01:25:38,394 :: INFO :: Control node : Stop control node serial interface
2024-11-04 01:25:38,399 :: INFO :: Control node : stop power of open node
2024-11-04 01:25:38,438 :: INFO :: Control node : reset
2024-11-04 01:25:38,442 :: INFO :: Reset Control Node
2024-11-04 01:25:41,201 :: INFO :: Stop experiment succeeded
