2024-11-04 01:10:08,816 :: INFO :: Start experiment: perezram-407559
2024-11-04 01:10:08,820 :: INFO :: Control node : Starting of control node serial interface
2024-11-04 01:10:08,823 :: INFO :: Control node : reset
2024-11-04 01:10:08,826 :: INFO :: Reset Control Node
2024-11-04 01:10:11,618 :: INFO :: Control node : start power of open node
2024-11-04 01:10:11,634 :: INFO :: Node OpenOCD: Setup of openocd node
2024-11-04 01:10:14,649 :: INFO :: Node OpenOCD: flash of openocd node
2024-11-04 01:10:14,654 :: INFO :: Flash firmware on OpenOCD: /tmp/tmp676skbbt--5beeb7e95392731f2752dd0708f8d959_get-mac.iotlab
2024-11-04 01:10:22,147 :: INFO :: Control node : Start experiment
2024-11-04 01:10:22,218 :: INFO :: Control Node set time delay: 1720 us
2024-11-04 01:10:22,257 :: INFO :: Control node : profile configuration
2024-11-04 01:10:22,262 :: INFO :: Configure profile on Control Node
2024-11-04 01:10:22,327 :: INFO :: Start experiment succeeded
2024-11-04 01:25:33,670 :: INFO :: Gateway Manager : Stop experiment
2024-11-04 01:25:33,675 :: INFO :: Stop experiment
2024-11-04 01:25:33,680 :: INFO :: Control node : stop of the experiment
2024-11-04 01:25:33,685 :: INFO :: Control node : profile configuration
2024-11-04 01:25:33,688 :: INFO :: Configure profile on Control Node
2024-11-04 01:25:33,734 :: INFO :: Control node : start power of open node
2024-11-04 01:25:33,766 :: INFO :: Node OpenOCD: teardown of openocd node
2024-11-04 01:25:36,781 :: INFO :: openocd node debugger stop
2024-11-04 01:25:37,304 :: INFO :: Node OpenOCD: flash of openocd node
2024-11-04 01:25:37,308 :: INFO :: Flash firmware on OpenOCD: /usr/lib/python3.8/site-packages/gateway_code/static/m3_idle.elf
2024-11-04 01:25:39,450 :: INFO :: Control node : Stop control node serial interface
2024-11-04 01:25:39,454 :: INFO :: Control node : stop power of open node
2024-11-04 01:25:39,498 :: INFO :: Control node : reset
2024-11-04 01:25:39,501 :: INFO :: Reset Control Node
2024-11-04 01:25:42,260 :: INFO :: Stop experiment succeeded
