2024-11-04 01:10:09,512 :: INFO :: Start experiment: perezram-407559
2024-11-04 01:10:09,516 :: INFO :: Control node : Starting of control node serial interface
2024-11-04 01:10:09,519 :: INFO :: Control node : reset
2024-11-04 01:10:09,522 :: INFO :: Reset Control Node
2024-11-04 01:10:12,314 :: INFO :: Control node : start power of open node
2024-11-04 01:10:12,332 :: INFO :: Node OpenOCD: Setup of openocd node
2024-11-04 01:10:15,347 :: INFO :: Node OpenOCD: flash of openocd node
2024-11-04 01:10:15,351 :: INFO :: Flash firmware on OpenOCD: /tmp/tmpapyurgyo--5beeb7e95392731f2752dd0708f8d959_get-mac.iotlab
2024-11-04 01:10:22,846 :: INFO :: Control node : Start experiment
2024-11-04 01:10:22,923 :: INFO :: Control Node set time delay: 14103 us
2024-11-04 01:10:22,955 :: INFO :: Control node : profile configuration
2024-11-04 01:10:22,958 :: INFO :: Configure profile on Control Node
2024-11-04 01:10:23,025 :: INFO :: Start experiment succeeded
2024-11-04 01:25:32,696 :: INFO :: Gateway Manager : Stop experiment
2024-11-04 01:25:32,702 :: INFO :: Stop experiment
2024-11-04 01:25:32,706 :: INFO :: Control node : stop of the experiment
2024-11-04 01:25:32,710 :: INFO :: Control node : profile configuration
2024-11-04 01:25:32,714 :: INFO :: Configure profile on Control Node
2024-11-04 01:25:32,766 :: INFO :: Control node : start power of open node
2024-11-04 01:25:32,798 :: INFO :: Node OpenOCD: teardown of openocd node
2024-11-04 01:25:35,814 :: INFO :: openocd node debugger stop
2024-11-04 01:25:36,339 :: INFO :: Node OpenOCD: flash of openocd node
2024-11-04 01:25:36,342 :: INFO :: Flash firmware on OpenOCD: /usr/lib/python3.8/site-packages/gateway_code/static/m3_idle.elf
2024-11-04 01:25:38,485 :: INFO :: Control node : Stop control node serial interface
2024-11-04 01:25:38,490 :: INFO :: Control node : stop power of open node
2024-11-04 01:25:38,530 :: INFO :: Control node : reset
2024-11-04 01:25:38,533 :: INFO :: Reset Control Node
2024-11-04 01:25:41,290 :: INFO :: Stop experiment succeeded
