2024-11-04 01:10:09,644 :: INFO :: Start experiment: perezram-407559
2024-11-04 01:10:09,647 :: INFO :: Control node : Starting of control node serial interface
2024-11-04 01:10:09,650 :: INFO :: Control node : reset
2024-11-04 01:10:09,653 :: INFO :: Reset Control Node
2024-11-04 01:10:12,456 :: INFO :: Control node : start power of open node
2024-11-04 01:10:12,470 :: INFO :: Node OpenOCD: Setup of openocd node
2024-11-04 01:10:15,485 :: INFO :: Node OpenOCD: flash of openocd node
2024-11-04 01:10:15,490 :: INFO :: Flash firmware on OpenOCD: /tmp/tmpnwfrnkuj--5beeb7e95392731f2752dd0708f8d959_get-mac.iotlab
2024-11-04 01:10:23,033 :: INFO :: Control node : Start experiment
2024-11-04 01:10:23,109 :: INFO :: Control Node set time delay: 13496 us
2024-11-04 01:10:23,157 :: INFO :: Control node : profile configuration
2024-11-04 01:10:23,161 :: INFO :: Configure profile on Control Node
2024-11-04 01:10:23,211 :: INFO :: Start experiment succeeded
2024-11-04 01:25:32,765 :: INFO :: Gateway Manager : Stop experiment
2024-11-04 01:25:32,771 :: INFO :: Stop experiment
2024-11-04 01:25:32,775 :: INFO :: Control node : stop of the experiment
2024-11-04 01:25:32,779 :: INFO :: Control node : profile configuration
2024-11-04 01:25:32,782 :: INFO :: Configure profile on Control Node
2024-11-04 01:25:32,834 :: INFO :: Control node : start power of open node
2024-11-04 01:25:32,866 :: INFO :: Node OpenOCD: teardown of openocd node
2024-11-04 01:25:35,882 :: INFO :: openocd node debugger stop
2024-11-04 01:25:36,407 :: INFO :: Node OpenOCD: flash of openocd node
2024-11-04 01:25:36,410 :: INFO :: Flash firmware on OpenOCD: /usr/lib/python3.8/site-packages/gateway_code/static/m3_idle.elf
2024-11-04 01:25:38,553 :: INFO :: Control node : Stop control node serial interface
2024-11-04 01:25:38,558 :: INFO :: Control node : stop power of open node
2024-11-04 01:25:38,598 :: INFO :: Control node : reset
2024-11-04 01:25:38,602 :: INFO :: Reset Control Node
2024-11-04 01:25:41,344 :: INFO :: Stop experiment succeeded
