2024-11-04 01:10:08,771 :: INFO :: Start experiment: perezram-407559
2024-11-04 01:10:08,775 :: INFO :: Control node : Starting of control node serial interface
2024-11-04 01:10:08,778 :: INFO :: Control node : reset
2024-11-04 01:10:08,781 :: INFO :: Reset Control Node
2024-11-04 01:10:11,574 :: INFO :: Control node : start power of open node
2024-11-04 01:10:11,591 :: INFO :: Node OpenOCD: Setup of openocd node
2024-11-04 01:10:14,606 :: INFO :: Node OpenOCD: flash of openocd node
2024-11-04 01:10:14,611 :: INFO :: Flash firmware on OpenOCD: /tmp/tmpk2_ky_lo--5beeb7e95392731f2752dd0708f8d959_get-mac.iotlab
2024-11-04 01:10:22,106 :: INFO :: Control node : Start experiment
2024-11-04 01:10:22,166 :: INFO :: Control Node set time delay: 6043 us
2024-11-04 01:10:22,199 :: INFO :: Control node : profile configuration
2024-11-04 01:10:22,215 :: INFO :: Configure profile on Control Node
2024-11-04 01:10:22,284 :: INFO :: Start experiment succeeded
2024-11-04 01:25:32,590 :: INFO :: Gateway Manager : Stop experiment
2024-11-04 01:25:32,595 :: INFO :: Stop experiment
2024-11-04 01:25:32,600 :: INFO :: Control node : stop of the experiment
2024-11-04 01:25:32,604 :: INFO :: Control node : profile configuration
2024-11-04 01:25:32,607 :: INFO :: Configure profile on Control Node
2024-11-04 01:25:32,669 :: INFO :: Control node : start power of open node
2024-11-04 01:25:32,713 :: INFO :: Node OpenOCD: teardown of openocd node
2024-11-04 01:25:35,729 :: INFO :: openocd node debugger stop
2024-11-04 01:25:36,255 :: INFO :: Node OpenOCD: flash of openocd node
2024-11-04 01:25:36,258 :: INFO :: Flash firmware on OpenOCD: /usr/lib/python3.8/site-packages/gateway_code/static/m3_idle.elf
2024-11-04 01:25:38,401 :: INFO :: Control node : Stop control node serial interface
2024-11-04 01:25:38,406 :: INFO :: Control node : stop power of open node
2024-11-04 01:25:38,445 :: INFO :: Control node : reset
2024-11-04 01:25:38,449 :: INFO :: Reset Control Node
2024-11-04 01:25:41,207 :: INFO :: Stop experiment succeeded
