2024-11-04 01:10:09,439 :: INFO :: Start experiment: perezram-407559
2024-11-04 01:10:09,466 :: INFO :: Control node : Starting of control node serial interface
2024-11-04 01:10:09,470 :: INFO :: Control node : reset
2024-11-04 01:10:09,473 :: INFO :: Reset Control Node
2024-11-04 01:10:12,264 :: INFO :: Control node : start power of open node
2024-11-04 01:10:12,281 :: INFO :: Node OpenOCD: Setup of openocd node
2024-11-04 01:10:15,296 :: INFO :: Node OpenOCD: flash of openocd node
2024-11-04 01:10:15,301 :: INFO :: Flash firmware on OpenOCD: /tmp/tmppgyshj4z--5beeb7e95392731f2752dd0708f8d959_get-mac.iotlab
2024-11-04 01:10:22,845 :: INFO :: Control node : Start experiment
2024-11-04 01:10:22,907 :: INFO :: Control Node set time delay: 5400 us
2024-11-04 01:10:22,937 :: INFO :: Control node : profile configuration
2024-11-04 01:10:22,951 :: INFO :: Configure profile on Control Node
2024-11-04 01:10:23,006 :: INFO :: Start experiment succeeded
2024-11-04 01:25:33,667 :: INFO :: Gateway Manager : Stop experiment
2024-11-04 01:25:33,672 :: INFO :: Stop experiment
2024-11-04 01:25:33,676 :: INFO :: Control node : stop of the experiment
2024-11-04 01:25:33,682 :: INFO :: Control node : profile configuration
2024-11-04 01:25:33,685 :: INFO :: Configure profile on Control Node
2024-11-04 01:25:33,730 :: INFO :: Control node : start power of open node
2024-11-04 01:25:33,762 :: INFO :: Node OpenOCD: teardown of openocd node
2024-11-04 01:25:36,777 :: INFO :: openocd node debugger stop
2024-11-04 01:25:37,301 :: INFO :: Node OpenOCD: flash of openocd node
2024-11-04 01:25:37,304 :: INFO :: Flash firmware on OpenOCD: /usr/lib/python3.8/site-packages/gateway_code/static/m3_idle.elf
2024-11-04 01:25:39,446 :: INFO :: Control node : Stop control node serial interface
2024-11-04 01:25:39,451 :: INFO :: Control node : stop power of open node
2024-11-04 01:25:39,494 :: INFO :: Control node : reset
2024-11-04 01:25:39,498 :: INFO :: Reset Control Node
2024-11-04 01:25:42,252 :: INFO :: Stop experiment succeeded
