2024-11-04 01:10:09,677 :: INFO :: Start experiment: perezram-407559
2024-11-04 01:10:09,681 :: INFO :: Control node : Starting of control node serial interface
2024-11-04 01:10:09,685 :: INFO :: Control node : reset
2024-11-04 01:10:09,687 :: INFO :: Reset Control Node
2024-11-04 01:10:12,479 :: INFO :: Control node : start power of open node
2024-11-04 01:10:12,496 :: INFO :: Node OpenOCD: Setup of openocd node
2024-11-04 01:10:15,511 :: INFO :: Node OpenOCD: flash of openocd node
2024-11-04 01:10:15,516 :: INFO :: Flash firmware on OpenOCD: /tmp/tmp5pl1ququ--5beeb7e95392731f2752dd0708f8d959_get-mac.iotlab
2024-11-04 01:10:23,058 :: INFO :: Control node : Start experiment
2024-11-04 01:10:23,121 :: INFO :: Control Node set time delay: 1086 us
2024-11-04 01:10:23,168 :: INFO :: Control node : profile configuration
2024-11-04 01:10:23,171 :: INFO :: Configure profile on Control Node
2024-11-04 01:10:23,221 :: INFO :: Start experiment succeeded
2024-11-04 01:25:32,799 :: INFO :: Gateway Manager : Stop experiment
2024-11-04 01:25:32,805 :: INFO :: Stop experiment
2024-11-04 01:25:32,809 :: INFO :: Control node : stop of the experiment
2024-11-04 01:25:32,814 :: INFO :: Control node : profile configuration
2024-11-04 01:25:32,817 :: INFO :: Configure profile on Control Node
2024-11-04 01:25:32,870 :: INFO :: Control node : start power of open node
2024-11-04 01:25:32,903 :: INFO :: Node OpenOCD: teardown of openocd node
2024-11-04 01:25:35,919 :: INFO :: openocd node debugger stop
2024-11-04 01:25:36,445 :: INFO :: Node OpenOCD: flash of openocd node
2024-11-04 01:25:36,448 :: INFO :: Flash firmware on OpenOCD: /usr/lib/python3.8/site-packages/gateway_code/static/m3_idle.elf
2024-11-04 01:25:38,592 :: INFO :: Control node : Stop control node serial interface
2024-11-04 01:25:38,597 :: INFO :: Control node : stop power of open node
2024-11-04 01:25:38,634 :: INFO :: Control node : reset
2024-11-04 01:25:38,637 :: INFO :: Reset Control Node
2024-11-04 01:25:41,398 :: INFO :: Stop experiment succeeded
