2024-11-04 01:10:08,413 :: INFO :: Start experiment: perezram-407559
2024-11-04 01:10:08,416 :: INFO :: Control node : Starting of control node serial interface
2024-11-04 01:10:08,419 :: INFO :: Control node : reset
2024-11-04 01:10:08,423 :: INFO :: Reset Control Node
2024-11-04 01:10:11,509 :: INFO :: Control node : start power of open node
2024-11-04 01:10:11,525 :: INFO :: Node OpenOCD: Setup of openocd node
2024-11-04 01:10:14,540 :: INFO :: Node OpenOCD: flash of openocd node
2024-11-04 01:10:14,544 :: INFO :: Flash firmware on OpenOCD: /tmp/tmpy0vddlz2--5beeb7e95392731f2752dd0708f8d959_get-mac.iotlab
2024-11-04 01:10:22,087 :: INFO :: Control node : Start experiment
2024-11-04 01:10:22,150 :: INFO :: Control Node set time delay: 6621 us
2024-11-04 01:10:22,192 :: INFO :: Control node : profile configuration
2024-11-04 01:10:22,195 :: INFO :: Configure profile on Control Node
2024-11-04 01:10:22,250 :: INFO :: Start experiment succeeded
2024-11-04 01:25:32,598 :: INFO :: Gateway Manager : Stop experiment
2024-11-04 01:25:32,603 :: INFO :: Stop experiment
2024-11-04 01:25:32,607 :: INFO :: Control node : stop of the experiment
2024-11-04 01:25:32,612 :: INFO :: Control node : profile configuration
2024-11-04 01:25:32,615 :: INFO :: Configure profile on Control Node
2024-11-04 01:25:32,665 :: INFO :: Control node : start power of open node
2024-11-04 01:25:32,697 :: INFO :: Node OpenOCD: teardown of openocd node
2024-11-04 01:25:35,719 :: INFO :: openocd node debugger stop
2024-11-04 01:25:36,244 :: INFO :: Node OpenOCD: flash of openocd node
2024-11-04 01:25:36,247 :: INFO :: Flash firmware on OpenOCD: /usr/lib/python3.8/site-packages/gateway_code/static/m3_idle.elf
2024-11-04 01:25:38,390 :: INFO :: Control node : Stop control node serial interface
2024-11-04 01:25:38,394 :: INFO :: Control node : stop power of open node
2024-11-04 01:25:38,429 :: INFO :: Control node : reset
2024-11-04 01:25:38,433 :: INFO :: Reset Control Node
2024-11-04 01:25:41,179 :: INFO :: Stop experiment succeeded
