2024-11-04 01:10:09,567 :: INFO :: Start experiment: perezram-407559
2024-11-04 01:10:09,571 :: INFO :: Control node : Starting of control node serial interface
2024-11-04 01:10:09,574 :: INFO :: Control node : reset
2024-11-04 01:10:09,577 :: INFO :: Reset Control Node
2024-11-04 01:10:12,373 :: INFO :: Control node : start power of open node
2024-11-04 01:10:12,391 :: INFO :: Node OpenOCD: Setup of openocd node
2024-11-04 01:10:15,405 :: INFO :: Node OpenOCD: flash of openocd node
2024-11-04 01:10:15,410 :: INFO :: Flash firmware on OpenOCD: /tmp/tmpg9k0bl9c--5beeb7e95392731f2752dd0708f8d959_get-mac.iotlab
2024-11-04 01:10:22,903 :: INFO :: Control node : Start experiment
2024-11-04 01:10:22,967 :: INFO :: Control Node set time delay: 2755 us
2024-11-04 01:10:22,998 :: INFO :: Control node : profile configuration
2024-11-04 01:10:23,001 :: INFO :: Configure profile on Control Node
2024-11-04 01:10:23,067 :: INFO :: Start experiment succeeded
2024-11-04 01:25:32,686 :: INFO :: Gateway Manager : Stop experiment
2024-11-04 01:25:33,261 :: INFO :: Stop experiment
2024-11-04 01:25:33,280 :: INFO :: Control node : stop of the experiment
2024-11-04 01:25:33,289 :: INFO :: Control node : profile configuration
2024-11-04 01:25:33,292 :: INFO :: Configure profile on Control Node
2024-11-04 01:25:33,360 :: INFO :: Control node : start power of open node
2024-11-04 01:25:33,392 :: INFO :: Node OpenOCD: teardown of openocd node
2024-11-04 01:25:36,407 :: INFO :: openocd node debugger stop
2024-11-04 01:25:37,027 :: INFO :: Node OpenOCD: flash of openocd node
2024-11-04 01:25:37,030 :: INFO :: Flash firmware on OpenOCD: /usr/lib/python3.8/site-packages/gateway_code/static/m3_idle.elf
2024-11-04 01:25:39,173 :: INFO :: Control node : Stop control node serial interface
2024-11-04 01:25:39,177 :: INFO :: Control node : stop power of open node
2024-11-04 01:25:39,219 :: INFO :: Control node : reset
2024-11-04 01:25:39,223 :: INFO :: Reset Control Node
2024-11-04 01:25:41,960 :: INFO :: Stop experiment succeeded
