2024-11-04 01:10:09,038 :: INFO :: Start experiment: perezram-407559
2024-11-04 01:10:09,042 :: INFO :: Control node : Starting of control node serial interface
2024-11-04 01:10:09,045 :: INFO :: Control node : reset
2024-11-04 01:10:09,048 :: INFO :: Reset Control Node
2024-11-04 01:10:11,841 :: INFO :: Control node : start power of open node
2024-11-04 01:10:11,870 :: INFO :: Node OpenOCD: Setup of openocd node
2024-11-04 01:10:14,885 :: INFO :: Node OpenOCD: flash of openocd node
2024-11-04 01:10:14,890 :: INFO :: Flash firmware on OpenOCD: /tmp/tmpums655d8--5beeb7e95392731f2752dd0708f8d959_get-mac.iotlab
2024-11-04 01:10:22,383 :: INFO :: Control node : Start experiment
2024-11-04 01:10:22,461 :: INFO :: Control Node set time delay: 16691 us
2024-11-04 01:10:22,490 :: INFO :: Control node : profile configuration
2024-11-04 01:10:22,494 :: INFO :: Configure profile on Control Node
2024-11-04 01:10:22,547 :: INFO :: Start experiment succeeded
2024-11-04 01:25:32,614 :: INFO :: Gateway Manager : Stop experiment
2024-11-04 01:25:33,253 :: INFO :: Stop experiment
2024-11-04 01:25:33,272 :: INFO :: Control node : stop of the experiment
2024-11-04 01:25:33,280 :: INFO :: Control node : profile configuration
2024-11-04 01:25:33,283 :: INFO :: Configure profile on Control Node
2024-11-04 01:25:33,355 :: INFO :: Control node : start power of open node
2024-11-04 01:25:33,387 :: INFO :: Node OpenOCD: teardown of openocd node
2024-11-04 01:25:36,401 :: INFO :: openocd node debugger stop
2024-11-04 01:25:36,925 :: INFO :: Node OpenOCD: flash of openocd node
2024-11-04 01:25:36,929 :: INFO :: Flash firmware on OpenOCD: /usr/lib/python3.8/site-packages/gateway_code/static/m3_idle.elf
2024-11-04 01:25:39,072 :: INFO :: Control node : Stop control node serial interface
2024-11-04 01:25:39,076 :: INFO :: Control node : stop power of open node
2024-11-04 01:25:39,118 :: INFO :: Control node : reset
2024-11-04 01:25:39,122 :: INFO :: Reset Control Node
2024-11-04 01:25:41,867 :: INFO :: Stop experiment succeeded
