2024-11-04 01:10:09,713 :: INFO :: Start experiment: perezram-407559
2024-11-04 01:10:09,717 :: INFO :: Control node : Starting of control node serial interface
2024-11-04 01:10:09,720 :: INFO :: Control node : reset
2024-11-04 01:10:09,723 :: INFO :: Reset Control Node
2024-11-04 01:10:12,514 :: INFO :: Control node : start power of open node
2024-11-04 01:10:12,532 :: INFO :: Node OpenOCD: Setup of openocd node
2024-11-04 01:10:15,547 :: INFO :: Node OpenOCD: flash of openocd node
2024-11-04 01:10:15,552 :: INFO :: Flash firmware on OpenOCD: /tmp/tmpa4buqh8h--5beeb7e95392731f2752dd0708f8d959_get-mac.iotlab
2024-11-04 01:10:23,046 :: INFO :: Control node : Start experiment
2024-11-04 01:10:23,107 :: INFO :: Control Node set time delay: 7615 us
2024-11-04 01:10:23,140 :: INFO :: Control node : profile configuration
2024-11-04 01:10:23,143 :: INFO :: Configure profile on Control Node
2024-11-04 01:10:23,209 :: INFO :: Start experiment succeeded
2024-11-04 01:25:32,616 :: INFO :: Gateway Manager : Stop experiment
2024-11-04 01:25:32,622 :: INFO :: Stop experiment
2024-11-04 01:25:32,626 :: INFO :: Control node : stop of the experiment
2024-11-04 01:25:32,630 :: INFO :: Control node : profile configuration
2024-11-04 01:25:32,634 :: INFO :: Configure profile on Control Node
2024-11-04 01:25:32,683 :: INFO :: Control node : start power of open node
2024-11-04 01:25:32,715 :: INFO :: Node OpenOCD: teardown of openocd node
2024-11-04 01:25:35,731 :: INFO :: openocd node debugger stop
2024-11-04 01:25:36,256 :: INFO :: Node OpenOCD: flash of openocd node
2024-11-04 01:25:36,259 :: INFO :: Flash firmware on OpenOCD: /usr/lib/python3.8/site-packages/gateway_code/static/m3_idle.elf
2024-11-04 01:25:38,403 :: INFO :: Control node : Stop control node serial interface
2024-11-04 01:25:38,408 :: INFO :: Control node : stop power of open node
2024-11-04 01:25:38,447 :: INFO :: Control node : reset
2024-11-04 01:25:38,451 :: INFO :: Reset Control Node
2024-11-04 01:25:41,206 :: INFO :: Stop experiment succeeded
