2024-11-04 01:10:08,777 :: INFO :: Start experiment: perezram-407559
2024-11-04 01:10:08,781 :: INFO :: Control node : Starting of control node serial interface
2024-11-04 01:10:08,784 :: INFO :: Control node : reset
2024-11-04 01:10:08,787 :: INFO :: Reset Control Node
2024-11-04 01:10:11,581 :: INFO :: Control node : start power of open node
2024-11-04 01:10:11,598 :: INFO :: Node OpenOCD: Setup of openocd node
2024-11-04 01:10:14,613 :: INFO :: Node OpenOCD: flash of openocd node
2024-11-04 01:10:14,618 :: INFO :: Flash firmware on OpenOCD: /tmp/tmp_0mth8c4--5beeb7e95392731f2752dd0708f8d959_get-mac.iotlab
2024-11-04 01:10:22,112 :: INFO :: Control node : Start experiment
2024-11-04 01:10:22,175 :: INFO :: Control Node set time delay: 6923 us
2024-11-04 01:10:22,210 :: INFO :: Control node : profile configuration
2024-11-04 01:10:22,220 :: INFO :: Configure profile on Control Node
2024-11-04 01:10:22,291 :: INFO :: Start experiment succeeded
2024-11-04 01:25:32,585 :: INFO :: Gateway Manager : Stop experiment
2024-11-04 01:25:32,590 :: INFO :: Stop experiment
2024-11-04 01:25:32,594 :: INFO :: Control node : stop of the experiment
2024-11-04 01:25:32,599 :: INFO :: Control node : profile configuration
2024-11-04 01:25:32,602 :: INFO :: Configure profile on Control Node
2024-11-04 01:25:32,660 :: INFO :: Control node : start power of open node
2024-11-04 01:25:32,692 :: INFO :: Node OpenOCD: teardown of openocd node
2024-11-04 01:25:35,708 :: INFO :: openocd node debugger stop
2024-11-04 01:25:36,233 :: INFO :: Node OpenOCD: flash of openocd node
2024-11-04 01:25:36,237 :: INFO :: Flash firmware on OpenOCD: /usr/lib/python3.8/site-packages/gateway_code/static/m3_idle.elf
2024-11-04 01:25:38,381 :: INFO :: Control node : Stop control node serial interface
2024-11-04 01:25:38,385 :: INFO :: Control node : stop power of open node
2024-11-04 01:25:38,424 :: INFO :: Control node : reset
2024-11-04 01:25:38,428 :: INFO :: Reset Control Node
2024-11-04 01:25:41,181 :: INFO :: Stop experiment succeeded
