2024-11-04 01:10:08,862 :: INFO :: Start experiment: perezram-407559
2024-11-04 01:10:08,866 :: INFO :: Control node : Starting of control node serial interface
2024-11-04 01:10:08,870 :: INFO :: Control node : reset
2024-11-04 01:10:08,873 :: INFO :: Reset Control Node
2024-11-04 01:10:11,665 :: INFO :: Control node : start power of open node
2024-11-04 01:10:11,682 :: INFO :: Node OpenOCD: Setup of openocd node
2024-11-04 01:10:14,696 :: INFO :: Node OpenOCD: flash of openocd node
2024-11-04 01:10:14,701 :: INFO :: Flash firmware on OpenOCD: /tmp/tmpophdoq31--5beeb7e95392731f2752dd0708f8d959_get-mac.iotlab
2024-11-04 01:10:22,193 :: INFO :: Control node : Start experiment
2024-11-04 01:10:22,256 :: INFO :: Control Node set time delay: 7672 us
2024-11-04 01:10:22,300 :: INFO :: Control node : profile configuration
2024-11-04 01:10:22,303 :: INFO :: Configure profile on Control Node
2024-11-04 01:10:22,358 :: INFO :: Start experiment succeeded
2024-11-04 01:25:32,600 :: INFO :: Gateway Manager : Stop experiment
2024-11-04 01:25:33,243 :: INFO :: Stop experiment
2024-11-04 01:25:33,262 :: INFO :: Control node : stop of the experiment
2024-11-04 01:25:33,267 :: INFO :: Control node : profile configuration
2024-11-04 01:25:33,279 :: INFO :: Configure profile on Control Node
2024-11-04 01:25:33,353 :: INFO :: Control node : start power of open node
2024-11-04 01:25:33,385 :: INFO :: Node OpenOCD: teardown of openocd node
2024-11-04 01:25:36,401 :: INFO :: openocd node debugger stop
2024-11-04 01:25:36,925 :: INFO :: Node OpenOCD: flash of openocd node
2024-11-04 01:25:36,928 :: INFO :: Flash firmware on OpenOCD: /usr/lib/python3.8/site-packages/gateway_code/static/m3_idle.elf
2024-11-04 01:25:39,072 :: INFO :: Control node : Stop control node serial interface
2024-11-04 01:25:39,077 :: INFO :: Control node : stop power of open node
2024-11-04 01:25:39,117 :: INFO :: Control node : reset
2024-11-04 01:25:39,121 :: INFO :: Reset Control Node
2024-11-04 01:25:41,865 :: INFO :: Stop experiment succeeded
