2024-11-04 01:10:08,873 :: INFO :: Start experiment: perezram-407559
2024-11-04 01:10:08,877 :: INFO :: Control node : Starting of control node serial interface
2024-11-04 01:10:08,880 :: INFO :: Control node : reset
2024-11-04 01:10:08,883 :: INFO :: Reset Control Node
2024-11-04 01:10:11,674 :: INFO :: Control node : start power of open node
2024-11-04 01:10:11,691 :: INFO :: Node OpenOCD: Setup of openocd node
2024-11-04 01:10:14,706 :: INFO :: Node OpenOCD: flash of openocd node
2024-11-04 01:10:14,711 :: INFO :: Flash firmware on OpenOCD: /tmp/tmpgpi224nr--5beeb7e95392731f2752dd0708f8d959_get-mac.iotlab
2024-11-04 01:10:22,253 :: INFO :: Control node : Start experiment
2024-11-04 01:10:22,330 :: INFO :: Control Node set time delay: 7931 us
2024-11-04 01:10:22,362 :: INFO :: Control node : profile configuration
2024-11-04 01:10:22,365 :: INFO :: Configure profile on Control Node
2024-11-04 01:10:22,415 :: INFO :: Start experiment succeeded
2024-11-04 01:25:32,603 :: INFO :: Gateway Manager : Stop experiment
2024-11-04 01:25:32,608 :: INFO :: Stop experiment
2024-11-04 01:25:32,612 :: INFO :: Control node : stop of the experiment
2024-11-04 01:25:32,617 :: INFO :: Control node : profile configuration
2024-11-04 01:25:32,620 :: INFO :: Configure profile on Control Node
2024-11-04 01:25:32,675 :: INFO :: Control node : start power of open node
2024-11-04 01:25:32,705 :: INFO :: Node OpenOCD: teardown of openocd node
2024-11-04 01:25:35,721 :: INFO :: openocd node debugger stop
2024-11-04 01:25:36,247 :: INFO :: Node OpenOCD: flash of openocd node
2024-11-04 01:25:36,250 :: INFO :: Flash firmware on OpenOCD: /usr/lib/python3.8/site-packages/gateway_code/static/m3_idle.elf
2024-11-04 01:25:38,394 :: INFO :: Control node : Stop control node serial interface
2024-11-04 01:25:38,399 :: INFO :: Control node : stop power of open node
2024-11-04 01:25:38,437 :: INFO :: Control node : reset
2024-11-04 01:25:38,441 :: INFO :: Reset Control Node
2024-11-04 01:25:41,194 :: INFO :: Stop experiment succeeded
