2024-11-04 01:10:08,468 :: INFO :: Start experiment: perezram-407559
2024-11-04 01:10:08,472 :: INFO :: Control node : Starting of control node serial interface
2024-11-04 01:10:08,475 :: INFO :: Control node : reset
2024-11-04 01:10:08,478 :: INFO :: Reset Control Node
2024-11-04 01:10:11,549 :: INFO :: Control node : start power of open node
2024-11-04 01:10:11,568 :: INFO :: Node OpenOCD: Setup of openocd node
2024-11-04 01:10:14,583 :: INFO :: Node OpenOCD: flash of openocd node
2024-11-04 01:10:14,587 :: INFO :: Flash firmware on OpenOCD: /tmp/tmp_4j2tyxx--5beeb7e95392731f2752dd0708f8d959_get-mac.iotlab
2024-11-04 01:10:22,079 :: INFO :: Control node : Start experiment
2024-11-04 01:10:22,143 :: INFO :: Control Node set time delay: 4690 us
2024-11-04 01:10:22,175 :: INFO :: Control node : profile configuration
2024-11-04 01:10:22,179 :: INFO :: Configure profile on Control Node
2024-11-04 01:10:22,246 :: INFO :: Start experiment succeeded
2024-11-04 01:25:32,885 :: INFO :: Gateway Manager : Stop experiment
2024-11-04 01:25:32,891 :: INFO :: Stop experiment
2024-11-04 01:25:32,896 :: INFO :: Control node : stop of the experiment
2024-11-04 01:25:32,901 :: INFO :: Control node : profile configuration
2024-11-04 01:25:32,904 :: INFO :: Configure profile on Control Node
2024-11-04 01:25:32,955 :: INFO :: Control node : start power of open node
2024-11-04 01:25:32,989 :: INFO :: Node OpenOCD: teardown of openocd node
2024-11-04 01:25:36,006 :: INFO :: openocd node debugger stop
2024-11-04 01:25:36,628 :: INFO :: Node OpenOCD: flash of openocd node
2024-11-04 01:25:36,631 :: INFO :: Flash firmware on OpenOCD: /usr/lib/python3.8/site-packages/gateway_code/static/m3_idle.elf
2024-11-04 01:25:38,773 :: INFO :: Control node : Stop control node serial interface
2024-11-04 01:25:38,778 :: INFO :: Control node : stop power of open node
2024-11-04 01:25:38,815 :: INFO :: Control node : reset
2024-11-04 01:25:38,818 :: INFO :: Reset Control Node
2024-11-04 01:25:41,557 :: INFO :: Stop experiment succeeded
