2024-11-04 01:10:09,060 :: INFO :: Start experiment: perezram-407559
2024-11-04 01:10:09,064 :: INFO :: Control node : Starting of control node serial interface
2024-11-04 01:10:09,067 :: INFO :: Control node : reset
2024-11-04 01:10:09,070 :: INFO :: Reset Control Node
2024-11-04 01:10:11,861 :: INFO :: Control node : start power of open node
2024-11-04 01:10:11,879 :: INFO :: Node OpenOCD: Setup of openocd node
2024-11-04 01:10:14,893 :: INFO :: Node OpenOCD: flash of openocd node
2024-11-04 01:10:14,898 :: INFO :: Flash firmware on OpenOCD: /tmp/tmp4v9cqng6--5beeb7e95392731f2752dd0708f8d959_get-mac.iotlab
2024-11-04 01:10:22,442 :: INFO :: Control node : Start experiment
2024-11-04 01:10:22,506 :: INFO :: Control Node set time delay: 5121 us
2024-11-04 01:10:22,535 :: INFO :: Control node : profile configuration
2024-11-04 01:10:22,538 :: INFO :: Configure profile on Control Node
2024-11-04 01:10:22,604 :: INFO :: Start experiment succeeded
2024-11-04 01:25:32,621 :: INFO :: Gateway Manager : Stop experiment
2024-11-04 01:25:32,627 :: INFO :: Stop experiment
2024-11-04 01:25:32,631 :: INFO :: Control node : stop of the experiment
2024-11-04 01:25:32,635 :: INFO :: Control node : profile configuration
2024-11-04 01:25:32,638 :: INFO :: Configure profile on Control Node
2024-11-04 01:25:32,693 :: INFO :: Control node : start power of open node
2024-11-04 01:25:32,725 :: INFO :: Node OpenOCD: teardown of openocd node
2024-11-04 01:25:35,741 :: INFO :: openocd node debugger stop
2024-11-04 01:25:36,362 :: INFO :: Node OpenOCD: flash of openocd node
2024-11-04 01:25:36,366 :: INFO :: Flash firmware on OpenOCD: /usr/lib/python3.8/site-packages/gateway_code/static/m3_idle.elf
2024-11-04 01:25:38,507 :: INFO :: Control node : Stop control node serial interface
2024-11-04 01:25:38,512 :: INFO :: Control node : stop power of open node
2024-11-04 01:25:38,552 :: INFO :: Control node : reset
2024-11-04 01:25:38,556 :: INFO :: Reset Control Node
2024-11-04 01:25:41,307 :: INFO :: Stop experiment succeeded
