2024-11-04 01:10:08,952 :: INFO :: Start experiment: perezram-407559
2024-11-04 01:10:08,956 :: INFO :: Control node : Starting of control node serial interface
2024-11-04 01:10:08,959 :: INFO :: Control node : reset
2024-11-04 01:10:08,962 :: INFO :: Reset Control Node
2024-11-04 01:10:11,768 :: INFO :: Control node : start power of open node
2024-11-04 01:10:11,786 :: INFO :: Node OpenOCD: Setup of openocd node
2024-11-04 01:10:14,802 :: INFO :: Node OpenOCD: flash of openocd node
2024-11-04 01:10:14,806 :: INFO :: Flash firmware on OpenOCD: /tmp/tmpb_zigl59--5beeb7e95392731f2752dd0708f8d959_get-mac.iotlab
2024-11-04 01:10:22,349 :: INFO :: Control node : Start experiment
2024-11-04 01:10:22,411 :: INFO :: Control Node set time delay: 7291 us
2024-11-04 01:10:22,453 :: INFO :: Control node : profile configuration
2024-11-04 01:10:22,456 :: INFO :: Configure profile on Control Node
2024-11-04 01:10:22,511 :: INFO :: Start experiment succeeded
2024-11-04 01:25:32,602 :: INFO :: Gateway Manager : Stop experiment
2024-11-04 01:25:32,607 :: INFO :: Stop experiment
2024-11-04 01:25:32,612 :: INFO :: Control node : stop of the experiment
2024-11-04 01:25:32,616 :: INFO :: Control node : profile configuration
2024-11-04 01:25:32,619 :: INFO :: Configure profile on Control Node
2024-11-04 01:25:32,673 :: INFO :: Control node : start power of open node
2024-11-04 01:25:32,705 :: INFO :: Node OpenOCD: teardown of openocd node
2024-11-04 01:25:35,721 :: INFO :: openocd node debugger stop
2024-11-04 01:25:36,246 :: INFO :: Node OpenOCD: flash of openocd node
2024-11-04 01:25:36,249 :: INFO :: Flash firmware on OpenOCD: /usr/lib/python3.8/site-packages/gateway_code/static/m3_idle.elf
2024-11-04 01:25:38,391 :: INFO :: Control node : Stop control node serial interface
2024-11-04 01:25:38,396 :: INFO :: Control node : stop power of open node
2024-11-04 01:25:38,436 :: INFO :: Control node : reset
2024-11-04 01:25:38,440 :: INFO :: Reset Control Node
2024-11-04 01:25:41,201 :: INFO :: Stop experiment succeeded
