2024-11-04 01:10:09,409 :: INFO :: Start experiment: perezram-407559
2024-11-04 01:10:09,413 :: INFO :: Control node : Starting of control node serial interface
2024-11-04 01:10:09,416 :: INFO :: Control node : reset
2024-11-04 01:10:09,419 :: INFO :: Reset Control Node
2024-11-04 01:10:12,219 :: INFO :: Control node : start power of open node
2024-11-04 01:10:12,244 :: INFO :: Node OpenOCD: Setup of openocd node
2024-11-04 01:10:15,259 :: INFO :: Node OpenOCD: flash of openocd node
2024-11-04 01:10:15,264 :: INFO :: Flash firmware on OpenOCD: /tmp/tmpw4ncit6y--5beeb7e95392731f2752dd0708f8d959_get-mac.iotlab
2024-11-04 01:10:22,760 :: INFO :: Control node : Start experiment
2024-11-04 01:10:22,835 :: INFO :: Control Node set time delay: 14251 us
2024-11-04 01:10:22,865 :: INFO :: Control node : profile configuration
2024-11-04 01:10:22,868 :: INFO :: Configure profile on Control Node
2024-11-04 01:10:22,921 :: INFO :: Start experiment succeeded
2024-11-04 01:25:32,773 :: INFO :: Gateway Manager : Stop experiment
2024-11-04 01:25:32,778 :: INFO :: Stop experiment
2024-11-04 01:25:32,782 :: INFO :: Control node : stop of the experiment
2024-11-04 01:25:32,787 :: INFO :: Control node : profile configuration
2024-11-04 01:25:32,790 :: INFO :: Configure profile on Control Node
2024-11-04 01:25:32,841 :: INFO :: Control node : start power of open node
2024-11-04 01:25:32,873 :: INFO :: Node OpenOCD: teardown of openocd node
2024-11-04 01:25:35,890 :: INFO :: openocd node debugger stop
2024-11-04 01:25:36,415 :: INFO :: Node OpenOCD: flash of openocd node
2024-11-04 01:25:36,418 :: INFO :: Flash firmware on OpenOCD: /usr/lib/python3.8/site-packages/gateway_code/static/m3_idle.elf
2024-11-04 01:25:38,561 :: INFO :: Control node : Stop control node serial interface
2024-11-04 01:25:38,566 :: INFO :: Control node : stop power of open node
2024-11-04 01:25:38,605 :: INFO :: Control node : reset
2024-11-04 01:25:38,608 :: INFO :: Reset Control Node
2024-11-04 01:25:41,361 :: INFO :: Stop experiment succeeded
