2024-11-04 01:10:09,628 :: INFO :: Start experiment: perezram-407559
2024-11-04 01:10:09,632 :: INFO :: Control node : Starting of control node serial interface
2024-11-04 01:10:09,635 :: INFO :: Control node : reset
2024-11-04 01:10:09,638 :: INFO :: Reset Control Node
2024-11-04 01:10:12,428 :: INFO :: Control node : start power of open node
2024-11-04 01:10:12,445 :: INFO :: Node OpenOCD: Setup of openocd node
2024-11-04 01:10:15,460 :: INFO :: Node OpenOCD: flash of openocd node
2024-11-04 01:10:15,465 :: INFO :: Flash firmware on OpenOCD: /tmp/tmp_6rgjzvz--5beeb7e95392731f2752dd0708f8d959_get-mac.iotlab
2024-11-04 01:10:22,957 :: INFO :: Control node : Start experiment
2024-11-04 01:10:23,026 :: INFO :: Control Node set time delay: 7325 us
2024-11-04 01:10:23,052 :: INFO :: Control node : profile configuration
2024-11-04 01:10:23,056 :: INFO :: Configure profile on Control Node
2024-11-04 01:10:23,122 :: INFO :: Start experiment succeeded
2024-11-04 01:25:32,793 :: INFO :: Gateway Manager : Stop experiment
2024-11-04 01:25:33,359 :: INFO :: Stop experiment
2024-11-04 01:25:33,363 :: INFO :: Control node : stop of the experiment
2024-11-04 01:25:33,368 :: INFO :: Control node : profile configuration
2024-11-04 01:25:33,371 :: INFO :: Configure profile on Control Node
2024-11-04 01:25:33,426 :: INFO :: Control node : start power of open node
2024-11-04 01:25:33,457 :: INFO :: Node OpenOCD: teardown of openocd node
2024-11-04 01:25:36,473 :: INFO :: openocd node debugger stop
2024-11-04 01:25:36,999 :: INFO :: Node OpenOCD: flash of openocd node
2024-11-04 01:25:37,002 :: INFO :: Flash firmware on OpenOCD: /usr/lib/python3.8/site-packages/gateway_code/static/m3_idle.elf
2024-11-04 01:25:39,144 :: INFO :: Control node : Stop control node serial interface
2024-11-04 01:25:39,148 :: INFO :: Control node : stop power of open node
2024-11-04 01:25:39,188 :: INFO :: Control node : reset
2024-11-04 01:25:39,192 :: INFO :: Reset Control Node
2024-11-04 01:25:41,932 :: INFO :: Stop experiment succeeded
