2024-11-04 01:10:08,791 :: INFO :: Start experiment: perezram-407559
2024-11-04 01:10:08,795 :: INFO :: Control node : Starting of control node serial interface
2024-11-04 01:10:08,798 :: INFO :: Control node : reset
2024-11-04 01:10:08,801 :: INFO :: Reset Control Node
2024-11-04 01:10:11,593 :: INFO :: Control node : start power of open node
2024-11-04 01:10:11,609 :: INFO :: Node OpenOCD: Setup of openocd node
2024-11-04 01:10:14,624 :: INFO :: Node OpenOCD: flash of openocd node
2024-11-04 01:10:14,629 :: INFO :: Flash firmware on OpenOCD: /tmp/tmp7ldmw4sb--5beeb7e95392731f2752dd0708f8d959_get-mac.iotlab
2024-11-04 01:10:22,123 :: INFO :: Control node : Start experiment
2024-11-04 01:10:22,186 :: INFO :: Control Node set time delay: 4256 us
2024-11-04 01:10:22,230 :: INFO :: Control node : profile configuration
2024-11-04 01:10:22,233 :: INFO :: Configure profile on Control Node
2024-11-04 01:10:22,286 :: INFO :: Start experiment succeeded
2024-11-04 01:25:33,661 :: INFO :: Gateway Manager : Stop experiment
2024-11-04 01:25:33,823 :: INFO :: Stop experiment
2024-11-04 01:25:33,827 :: INFO :: Control node : stop of the experiment
2024-11-04 01:25:33,832 :: INFO :: Control node : profile configuration
2024-11-04 01:25:33,835 :: INFO :: Configure profile on Control Node
2024-11-04 01:25:33,885 :: INFO :: Control node : start power of open node
2024-11-04 01:25:33,917 :: INFO :: Node OpenOCD: teardown of openocd node
2024-11-04 01:25:36,932 :: INFO :: openocd node debugger stop
2024-11-04 01:25:37,458 :: INFO :: Node OpenOCD: flash of openocd node
2024-11-04 01:25:37,461 :: INFO :: Flash firmware on OpenOCD: /usr/lib/python3.8/site-packages/gateway_code/static/m3_idle.elf
2024-11-04 01:25:39,603 :: INFO :: Control node : Stop control node serial interface
2024-11-04 01:25:39,608 :: INFO :: Control node : stop power of open node
2024-11-04 01:25:39,649 :: INFO :: Control node : reset
2024-11-04 01:25:39,652 :: INFO :: Reset Control Node
2024-11-04 01:25:42,397 :: INFO :: Stop experiment succeeded
