2024-11-04 01:10:08,869 :: INFO :: Start experiment: perezram-407559
2024-11-04 01:10:08,872 :: INFO :: Control node : Starting of control node serial interface
2024-11-04 01:10:08,876 :: INFO :: Control node : reset
2024-11-04 01:10:08,879 :: INFO :: Reset Control Node
2024-11-04 01:10:11,670 :: INFO :: Control node : start power of open node
2024-11-04 01:10:11,687 :: INFO :: Node OpenOCD: Setup of openocd node
2024-11-04 01:10:14,701 :: INFO :: Node OpenOCD: flash of openocd node
2024-11-04 01:10:14,706 :: INFO :: Flash firmware on OpenOCD: /tmp/tmpcw_9h53x--5beeb7e95392731f2752dd0708f8d959_get-mac.iotlab
2024-11-04 01:10:22,149 :: INFO :: Control node : Start experiment
2024-11-04 01:10:22,214 :: INFO :: Control Node set time delay: 10317 us
2024-11-04 01:10:22,247 :: INFO :: Control node : profile configuration
2024-11-04 01:10:22,250 :: INFO :: Configure profile on Control Node
2024-11-04 01:10:22,316 :: INFO :: Start experiment succeeded
2024-11-04 01:25:33,658 :: INFO :: Gateway Manager : Stop experiment
2024-11-04 01:25:33,664 :: INFO :: Stop experiment
2024-11-04 01:25:33,668 :: INFO :: Control node : stop of the experiment
2024-11-04 01:25:33,672 :: INFO :: Control node : profile configuration
2024-11-04 01:25:33,676 :: INFO :: Configure profile on Control Node
2024-11-04 01:25:33,729 :: INFO :: Control node : start power of open node
2024-11-04 01:25:33,761 :: INFO :: Node OpenOCD: teardown of openocd node
2024-11-04 01:25:36,778 :: INFO :: openocd node debugger stop
2024-11-04 01:25:37,303 :: INFO :: Node OpenOCD: flash of openocd node
2024-11-04 01:25:37,306 :: INFO :: Flash firmware on OpenOCD: /usr/lib/python3.8/site-packages/gateway_code/static/m3_idle.elf
2024-11-04 01:25:39,448 :: INFO :: Control node : Stop control node serial interface
2024-11-04 01:25:39,453 :: INFO :: Control node : stop power of open node
2024-11-04 01:25:39,493 :: INFO :: Control node : reset
2024-11-04 01:25:39,497 :: INFO :: Reset Control Node
2024-11-04 01:25:42,256 :: INFO :: Stop experiment succeeded
