2024-11-04 01:10:08,890 :: INFO :: Start experiment: perezram-407559
2024-11-04 01:10:08,894 :: INFO :: Control node : Starting of control node serial interface
2024-11-04 01:10:08,897 :: INFO :: Control node : reset
2024-11-04 01:10:08,900 :: INFO :: Reset Control Node
2024-11-04 01:10:11,691 :: INFO :: Control node : start power of open node
2024-11-04 01:10:11,707 :: INFO :: Node OpenOCD: Setup of openocd node
2024-11-04 01:10:14,721 :: INFO :: Node OpenOCD: flash of openocd node
2024-11-04 01:10:14,726 :: INFO :: Flash firmware on OpenOCD: /tmp/tmpx__f96pm--5beeb7e95392731f2752dd0708f8d959_get-mac.iotlab
2024-11-04 01:10:22,169 :: INFO :: Control node : Start experiment
2024-11-04 01:10:22,239 :: INFO :: Control Node set time delay: 11257 us
2024-11-04 01:10:22,266 :: INFO :: Control node : profile configuration
2024-11-04 01:10:22,269 :: INFO :: Configure profile on Control Node
2024-11-04 01:10:22,336 :: INFO :: Start experiment succeeded
2024-11-04 01:25:32,604 :: INFO :: Gateway Manager : Stop experiment
2024-11-04 01:25:33,238 :: INFO :: Stop experiment
2024-11-04 01:25:33,243 :: INFO :: Control node : stop of the experiment
2024-11-04 01:25:33,247 :: INFO :: Control node : profile configuration
2024-11-04 01:25:33,250 :: INFO :: Configure profile on Control Node
2024-11-04 01:25:33,297 :: INFO :: Control node : start power of open node
2024-11-04 01:25:33,329 :: INFO :: Node OpenOCD: teardown of openocd node
2024-11-04 01:25:36,347 :: INFO :: openocd node debugger stop
2024-11-04 01:25:36,872 :: INFO :: Node OpenOCD: flash of openocd node
2024-11-04 01:25:36,875 :: INFO :: Flash firmware on OpenOCD: /usr/lib/python3.8/site-packages/gateway_code/static/m3_idle.elf
2024-11-04 01:25:39,018 :: INFO :: Control node : Stop control node serial interface
2024-11-04 01:25:39,023 :: INFO :: Control node : stop power of open node
2024-11-04 01:25:39,061 :: INFO :: Control node : reset
2024-11-04 01:25:39,064 :: INFO :: Reset Control Node
2024-11-04 01:25:41,805 :: INFO :: Stop experiment succeeded
