2024-11-04 01:10:09,321 :: INFO :: Start experiment: perezram-407559
2024-11-04 01:10:09,325 :: INFO :: Control node : Starting of control node serial interface
2024-11-04 01:10:09,328 :: INFO :: Control node : reset
2024-11-04 01:10:09,331 :: INFO :: Reset Control Node
2024-11-04 01:10:12,121 :: INFO :: Control node : start power of open node
2024-11-04 01:10:12,139 :: INFO :: Node OpenOCD: Setup of openocd node
2024-11-04 01:10:15,154 :: INFO :: Node OpenOCD: flash of openocd node
2024-11-04 01:10:15,159 :: INFO :: Flash firmware on OpenOCD: /tmp/tmphr702o1c--5beeb7e95392731f2752dd0708f8d959_get-mac.iotlab
2024-11-04 01:10:22,700 :: INFO :: Control node : Start experiment
2024-11-04 01:10:22,769 :: INFO :: Control Node set time delay: 7665 us
2024-11-04 01:10:22,795 :: INFO :: Control node : profile configuration
2024-11-04 01:10:22,798 :: INFO :: Configure profile on Control Node
2024-11-04 01:10:22,865 :: INFO :: Start experiment succeeded
2024-11-04 01:25:32,768 :: INFO :: Gateway Manager : Stop experiment
2024-11-04 01:25:33,342 :: INFO :: Stop experiment
2024-11-04 01:25:33,346 :: INFO :: Control node : stop of the experiment
2024-11-04 01:25:33,351 :: INFO :: Control node : profile configuration
2024-11-04 01:25:33,354 :: INFO :: Configure profile on Control Node
2024-11-04 01:25:33,409 :: INFO :: Control node : start power of open node
2024-11-04 01:25:33,441 :: INFO :: Node OpenOCD: teardown of openocd node
2024-11-04 01:25:36,458 :: INFO :: openocd node debugger stop
2024-11-04 01:25:36,983 :: INFO :: Node OpenOCD: flash of openocd node
2024-11-04 01:25:36,987 :: INFO :: Flash firmware on OpenOCD: /usr/lib/python3.8/site-packages/gateway_code/static/m3_idle.elf
2024-11-04 01:25:39,128 :: INFO :: Control node : Stop control node serial interface
2024-11-04 01:25:39,133 :: INFO :: Control node : stop power of open node
2024-11-04 01:25:39,172 :: INFO :: Control node : reset
2024-11-04 01:25:39,176 :: INFO :: Reset Control Node
2024-11-04 01:25:41,918 :: INFO :: Stop experiment succeeded
