2024-11-04 01:10:08,814 :: INFO :: Start experiment: perezram-407559
2024-11-04 01:10:08,818 :: INFO :: Control node : Starting of control node serial interface
2024-11-04 01:10:08,821 :: INFO :: Control node : reset
2024-11-04 01:10:08,824 :: INFO :: Reset Control Node
2024-11-04 01:10:11,617 :: INFO :: Control node : start power of open node
2024-11-04 01:10:11,632 :: INFO :: Node OpenOCD: Setup of openocd node
2024-11-04 01:10:14,647 :: INFO :: Node OpenOCD: flash of openocd node
2024-11-04 01:10:14,651 :: INFO :: Flash firmware on OpenOCD: /tmp/tmpe2na2hxn--5beeb7e95392731f2752dd0708f8d959_get-mac.iotlab
2024-11-04 01:10:22,145 :: INFO :: Control node : Start experiment
2024-11-04 01:10:22,223 :: INFO :: Control Node set time delay: 14789 us
2024-11-04 01:10:22,255 :: INFO :: Control node : profile configuration
2024-11-04 01:10:22,258 :: INFO :: Configure profile on Control Node
2024-11-04 01:10:22,309 :: INFO :: Start experiment succeeded
2024-11-04 01:25:32,876 :: INFO :: Gateway Manager : Stop experiment
2024-11-04 01:25:33,557 :: INFO :: Stop experiment
2024-11-04 01:25:33,562 :: INFO :: Control node : stop of the experiment
2024-11-04 01:25:33,566 :: INFO :: Control node : profile configuration
2024-11-04 01:25:33,570 :: INFO :: Configure profile on Control Node
2024-11-04 01:25:33,622 :: INFO :: Control node : start power of open node
2024-11-04 01:25:33,655 :: INFO :: Node OpenOCD: teardown of openocd node
2024-11-04 01:25:36,674 :: INFO :: openocd node debugger stop
2024-11-04 01:25:37,199 :: INFO :: Node OpenOCD: flash of openocd node
2024-11-04 01:25:37,203 :: INFO :: Flash firmware on OpenOCD: /usr/lib/python3.8/site-packages/gateway_code/static/m3_idle.elf
2024-11-04 01:25:39,345 :: INFO :: Control node : Stop control node serial interface
2024-11-04 01:25:39,349 :: INFO :: Control node : stop power of open node
2024-11-04 01:25:39,386 :: INFO :: Control node : reset
2024-11-04 01:25:39,390 :: INFO :: Reset Control Node
2024-11-04 01:25:42,138 :: INFO :: Stop experiment succeeded
