2024-11-04 01:10:09,182 :: INFO :: Start experiment: perezram-407559
2024-11-04 01:10:09,186 :: INFO :: Control node : Starting of control node serial interface
2024-11-04 01:10:09,189 :: INFO :: Control node : reset
2024-11-04 01:10:09,192 :: INFO :: Reset Control Node
2024-11-04 01:10:11,983 :: INFO :: Control node : start power of open node
2024-11-04 01:10:12,001 :: INFO :: Node OpenOCD: Setup of openocd node
2024-11-04 01:10:15,015 :: INFO :: Node OpenOCD: flash of openocd node
2024-11-04 01:10:15,020 :: INFO :: Flash firmware on OpenOCD: /tmp/tmpk40d935b--5beeb7e95392731f2752dd0708f8d959_get-mac.iotlab
2024-11-04 01:10:22,513 :: INFO :: Control node : Start experiment
2024-11-04 01:10:22,608 :: INFO :: Control Node set time delay: 13201 us
2024-11-04 01:10:22,624 :: INFO :: Control node : profile configuration
2024-11-04 01:10:22,627 :: INFO :: Configure profile on Control Node
2024-11-04 01:10:22,677 :: INFO :: Start experiment succeeded
2024-11-04 01:25:32,788 :: INFO :: Gateway Manager : Stop experiment
2024-11-04 01:25:32,793 :: INFO :: Stop experiment
2024-11-04 01:25:32,797 :: INFO :: Control node : stop of the experiment
2024-11-04 01:25:32,802 :: INFO :: Control node : profile configuration
2024-11-04 01:25:32,805 :: INFO :: Configure profile on Control Node
2024-11-04 01:25:32,851 :: INFO :: Control node : start power of open node
2024-11-04 01:25:32,883 :: INFO :: Node OpenOCD: teardown of openocd node
2024-11-04 01:25:35,900 :: INFO :: openocd node debugger stop
2024-11-04 01:25:36,425 :: INFO :: Node OpenOCD: flash of openocd node
2024-11-04 01:25:36,429 :: INFO :: Flash firmware on OpenOCD: /usr/lib/python3.8/site-packages/gateway_code/static/m3_idle.elf
2024-11-04 01:25:38,571 :: INFO :: Control node : Stop control node serial interface
2024-11-04 01:25:38,575 :: INFO :: Control node : stop power of open node
2024-11-04 01:25:38,614 :: INFO :: Control node : reset
2024-11-04 01:25:38,618 :: INFO :: Reset Control Node
2024-11-04 01:25:41,367 :: INFO :: Stop experiment succeeded
