2024-11-04 01:10:09,702 :: INFO :: Start experiment: perezram-407559
2024-11-04 01:10:09,706 :: INFO :: Control node : Starting of control node serial interface
2024-11-04 01:10:09,709 :: INFO :: Control node : reset
2024-11-04 01:10:09,712 :: INFO :: Reset Control Node
2024-11-04 01:10:12,501 :: INFO :: Control node : start power of open node
2024-11-04 01:10:12,519 :: INFO :: Node OpenOCD: Setup of openocd node
2024-11-04 01:10:15,534 :: INFO :: Node OpenOCD: flash of openocd node
2024-11-04 01:10:15,539 :: INFO :: Flash firmware on OpenOCD: /tmp/tmp5uw_n7ec--5beeb7e95392731f2752dd0708f8d959_get-mac.iotlab
2024-11-04 01:10:23,030 :: INFO :: Control node : Start experiment
2024-11-04 01:10:23,094 :: INFO :: Control Node set time delay: 11419 us
2024-11-04 01:10:23,142 :: INFO :: Control node : profile configuration
2024-11-04 01:10:23,146 :: INFO :: Configure profile on Control Node
2024-11-04 01:10:23,196 :: INFO :: Start experiment succeeded
2024-11-04 01:25:32,678 :: INFO :: Gateway Manager : Stop experiment
2024-11-04 01:25:33,313 :: INFO :: Stop experiment
2024-11-04 01:25:33,317 :: INFO :: Control node : stop of the experiment
2024-11-04 01:25:33,322 :: INFO :: Control node : profile configuration
2024-11-04 01:25:33,325 :: INFO :: Configure profile on Control Node
2024-11-04 01:25:33,378 :: INFO :: Control node : start power of open node
2024-11-04 01:25:33,410 :: INFO :: Node OpenOCD: teardown of openocd node
2024-11-04 01:25:36,426 :: INFO :: openocd node debugger stop
2024-11-04 01:25:36,951 :: INFO :: Node OpenOCD: flash of openocd node
2024-11-04 01:25:36,954 :: INFO :: Flash firmware on OpenOCD: /usr/lib/python3.8/site-packages/gateway_code/static/m3_idle.elf
2024-11-04 01:25:39,248 :: INFO :: Control node : Stop control node serial interface
2024-11-04 01:25:39,252 :: INFO :: Control node : stop power of open node
2024-11-04 01:25:39,285 :: INFO :: Control node : reset
2024-11-04 01:25:39,289 :: INFO :: Reset Control Node
2024-11-04 01:25:42,027 :: INFO :: Stop experiment succeeded
