2024-11-04 01:10:09,261 :: INFO :: Start experiment: perezram-407559
2024-11-04 01:10:09,265 :: INFO :: Control node : Starting of control node serial interface
2024-11-04 01:10:09,269 :: INFO :: Control node : reset
2024-11-04 01:10:09,272 :: INFO :: Reset Control Node
2024-11-04 01:10:12,064 :: INFO :: Control node : start power of open node
2024-11-04 01:10:12,090 :: INFO :: Node OpenOCD: Setup of openocd node
2024-11-04 01:10:15,104 :: INFO :: Node OpenOCD: flash of openocd node
2024-11-04 01:10:15,109 :: INFO :: Flash firmware on OpenOCD: /tmp/tmpjk8yjbya--5beeb7e95392731f2752dd0708f8d959_get-mac.iotlab
2024-11-04 01:10:22,553 :: INFO :: Control node : Start experiment
2024-11-04 01:10:22,633 :: INFO :: Control Node set time delay: 16679 us
2024-11-04 01:10:22,662 :: INFO :: Control node : profile configuration
2024-11-04 01:10:22,665 :: INFO :: Configure profile on Control Node
2024-11-04 01:10:22,719 :: INFO :: Start experiment succeeded
2024-11-04 01:25:32,605 :: INFO :: Gateway Manager : Stop experiment
2024-11-04 01:25:32,610 :: INFO :: Stop experiment
2024-11-04 01:25:32,614 :: INFO :: Control node : stop of the experiment
2024-11-04 01:25:32,619 :: INFO :: Control node : profile configuration
2024-11-04 01:25:32,622 :: INFO :: Configure profile on Control Node
2024-11-04 01:25:32,680 :: INFO :: Control node : start power of open node
2024-11-04 01:25:32,712 :: INFO :: Node OpenOCD: teardown of openocd node
2024-11-04 01:25:35,731 :: INFO :: openocd node debugger stop
2024-11-04 01:25:36,256 :: INFO :: Node OpenOCD: flash of openocd node
2024-11-04 01:25:36,259 :: INFO :: Flash firmware on OpenOCD: /usr/lib/python3.8/site-packages/gateway_code/static/m3_idle.elf
2024-11-04 01:25:38,402 :: INFO :: Control node : Stop control node serial interface
2024-11-04 01:25:38,406 :: INFO :: Control node : stop power of open node
2024-11-04 01:25:38,445 :: INFO :: Control node : reset
2024-11-04 01:25:38,448 :: INFO :: Reset Control Node
2024-11-04 01:25:41,204 :: INFO :: Stop experiment succeeded
