2024-11-04 01:10:08,905 :: INFO :: Start experiment: perezram-407559
2024-11-04 01:10:08,909 :: INFO :: Control node : Starting of control node serial interface
2024-11-04 01:10:08,912 :: INFO :: Control node : reset
2024-11-04 01:10:08,915 :: INFO :: Reset Control Node
2024-11-04 01:10:11,706 :: INFO :: Control node : start power of open node
2024-11-04 01:10:11,723 :: INFO :: Node OpenOCD: Setup of openocd node
2024-11-04 01:10:14,738 :: INFO :: Node OpenOCD: flash of openocd node
2024-11-04 01:10:14,743 :: INFO :: Flash firmware on OpenOCD: /tmp/tmp0_ysnxiz--5beeb7e95392731f2752dd0708f8d959_get-mac.iotlab
2024-11-04 01:10:22,237 :: INFO :: Control node : Start experiment
2024-11-04 01:10:22,314 :: INFO :: Control Node set time delay: 13688 us
2024-11-04 01:10:22,362 :: INFO :: Control node : profile configuration
2024-11-04 01:10:22,365 :: INFO :: Configure profile on Control Node
2024-11-04 01:10:22,416 :: INFO :: Start experiment succeeded
2024-11-04 01:25:32,687 :: INFO :: Gateway Manager : Stop experiment
2024-11-04 01:25:32,693 :: INFO :: Stop experiment
2024-11-04 01:25:32,697 :: INFO :: Control node : stop of the experiment
2024-11-04 01:25:32,702 :: INFO :: Control node : profile configuration
2024-11-04 01:25:32,705 :: INFO :: Configure profile on Control Node
2024-11-04 01:25:32,751 :: INFO :: Control node : start power of open node
2024-11-04 01:25:32,783 :: INFO :: Node OpenOCD: teardown of openocd node
2024-11-04 01:25:35,799 :: INFO :: openocd node debugger stop
2024-11-04 01:25:36,324 :: INFO :: Node OpenOCD: flash of openocd node
2024-11-04 01:25:36,328 :: INFO :: Flash firmware on OpenOCD: /usr/lib/python3.8/site-packages/gateway_code/static/m3_idle.elf
2024-11-04 01:25:38,470 :: INFO :: Control node : Stop control node serial interface
2024-11-04 01:25:38,474 :: INFO :: Control node : stop power of open node
2024-11-04 01:25:38,514 :: INFO :: Control node : reset
2024-11-04 01:25:38,518 :: INFO :: Reset Control Node
2024-11-04 01:25:41,262 :: INFO :: Stop experiment succeeded
