2024-11-04 01:10:08,663 :: INFO :: Start experiment: perezram-407559
2024-11-04 01:10:08,667 :: INFO :: Control node : Starting of control node serial interface
2024-11-04 01:10:08,670 :: INFO :: Control node : reset
2024-11-04 01:10:08,673 :: INFO :: Reset Control Node
2024-11-04 01:10:11,512 :: INFO :: Control node : start power of open node
2024-11-04 01:10:11,530 :: INFO :: Node OpenOCD: Setup of openocd node
2024-11-04 01:10:14,544 :: INFO :: Node OpenOCD: flash of openocd node
2024-11-04 01:10:14,549 :: INFO :: Flash firmware on OpenOCD: /tmp/tmp_ol1kz74--5beeb7e95392731f2752dd0708f8d959_get-mac.iotlab
2024-11-04 01:10:22,042 :: INFO :: Control node : Start experiment
2024-11-04 01:10:22,111 :: INFO :: Control Node set time delay: 3463 us
2024-11-04 01:10:22,152 :: INFO :: Control node : profile configuration
2024-11-04 01:10:22,156 :: INFO :: Configure profile on Control Node
2024-11-04 01:10:22,222 :: INFO :: Start experiment succeeded
2024-11-04 01:25:32,586 :: INFO :: Gateway Manager : Stop experiment
2024-11-04 01:25:33,232 :: INFO :: Stop experiment
2024-11-04 01:25:33,236 :: INFO :: Control node : stop of the experiment
2024-11-04 01:25:33,241 :: INFO :: Control node : profile configuration
2024-11-04 01:25:33,244 :: INFO :: Configure profile on Control Node
2024-11-04 01:25:33,301 :: INFO :: Control node : start power of open node
2024-11-04 01:25:33,333 :: INFO :: Node OpenOCD: teardown of openocd node
2024-11-04 01:25:36,350 :: INFO :: openocd node debugger stop
2024-11-04 01:25:36,972 :: INFO :: Node OpenOCD: flash of openocd node
2024-11-04 01:25:36,975 :: INFO :: Flash firmware on OpenOCD: /usr/lib/python3.8/site-packages/gateway_code/static/m3_idle.elf
2024-11-04 01:25:39,117 :: INFO :: Control node : Stop control node serial interface
2024-11-04 01:25:39,122 :: INFO :: Control node : stop power of open node
2024-11-04 01:25:39,161 :: INFO :: Control node : reset
2024-11-04 01:25:39,164 :: INFO :: Reset Control Node
2024-11-04 01:25:41,907 :: INFO :: Stop experiment succeeded
