2024-11-04 01:10:09,641 :: INFO :: Start experiment: perezram-407559
2024-11-04 01:10:09,645 :: INFO :: Control node : Starting of control node serial interface
2024-11-04 01:10:09,648 :: INFO :: Control node : reset
2024-11-04 01:10:09,651 :: INFO :: Reset Control Node
2024-11-04 01:10:12,461 :: INFO :: Control node : start power of open node
2024-11-04 01:10:12,479 :: INFO :: Node OpenOCD: Setup of openocd node
2024-11-04 01:10:15,494 :: INFO :: Node OpenOCD: flash of openocd node
2024-11-04 01:10:15,499 :: INFO :: Flash firmware on OpenOCD: /tmp/tmpa2a5re8i--5beeb7e95392731f2752dd0708f8d959_get-mac.iotlab
2024-11-04 01:10:23,043 :: INFO :: Control node : Start experiment
2024-11-04 01:10:23,118 :: INFO :: Control Node set time delay: 15677 us
2024-11-04 01:10:23,150 :: INFO :: Control node : profile configuration
2024-11-04 01:10:23,153 :: INFO :: Configure profile on Control Node
2024-11-04 01:10:23,204 :: INFO :: Start experiment succeeded
2024-11-04 01:25:32,892 :: INFO :: Gateway Manager : Stop experiment
2024-11-04 01:25:33,553 :: INFO :: Stop experiment
2024-11-04 01:25:33,557 :: INFO :: Control node : stop of the experiment
2024-11-04 01:25:33,562 :: INFO :: Control node : profile configuration
2024-11-04 01:25:33,565 :: INFO :: Configure profile on Control Node
2024-11-04 01:25:33,611 :: INFO :: Control node : start power of open node
2024-11-04 01:25:33,643 :: INFO :: Node OpenOCD: teardown of openocd node
2024-11-04 01:25:36,666 :: INFO :: openocd node debugger stop
2024-11-04 01:25:37,192 :: INFO :: Node OpenOCD: flash of openocd node
2024-11-04 01:25:37,195 :: INFO :: Flash firmware on OpenOCD: /usr/lib/python3.8/site-packages/gateway_code/static/m3_idle.elf
2024-11-04 01:25:39,338 :: INFO :: Control node : Stop control node serial interface
2024-11-04 01:25:39,343 :: INFO :: Control node : stop power of open node
2024-11-04 01:25:39,390 :: INFO :: Control node : reset
2024-11-04 01:25:39,394 :: INFO :: Reset Control Node
2024-11-04 01:25:42,143 :: INFO :: Stop experiment succeeded
