2024-11-04 01:10:09,335 :: INFO :: Start experiment: perezram-407559
2024-11-04 01:10:09,339 :: INFO :: Control node : Starting of control node serial interface
2024-11-04 01:10:09,342 :: INFO :: Control node : reset
2024-11-04 01:10:09,345 :: INFO :: Reset Control Node
2024-11-04 01:10:12,152 :: INFO :: Control node : start power of open node
2024-11-04 01:10:12,168 :: INFO :: Node OpenOCD: Setup of openocd node
2024-11-04 01:10:15,183 :: INFO :: Node OpenOCD: flash of openocd node
2024-11-04 01:10:15,188 :: INFO :: Flash firmware on OpenOCD: /tmp/tmpw9c8020k--5beeb7e95392731f2752dd0708f8d959_get-mac.iotlab
2024-11-04 01:10:22,733 :: INFO :: Control node : Start experiment
2024-11-04 01:10:22,807 :: INFO :: Control Node set time delay: 8061 us
2024-11-04 01:10:22,840 :: INFO :: Control node : profile configuration
2024-11-04 01:10:22,843 :: INFO :: Configure profile on Control Node
2024-11-04 01:10:22,909 :: INFO :: Start experiment succeeded
2024-11-04 01:25:32,794 :: INFO :: Gateway Manager : Stop experiment
2024-11-04 01:25:33,422 :: INFO :: Stop experiment
2024-11-04 01:25:33,443 :: INFO :: Control node : stop of the experiment
2024-11-04 01:25:33,452 :: INFO :: Control node : profile configuration
2024-11-04 01:25:33,455 :: INFO :: Configure profile on Control Node
2024-11-04 01:25:33,532 :: INFO :: Control node : start power of open node
2024-11-04 01:25:33,564 :: INFO :: Node OpenOCD: teardown of openocd node
2024-11-04 01:25:36,579 :: INFO :: openocd node debugger stop
2024-11-04 01:25:37,200 :: INFO :: Node OpenOCD: flash of openocd node
2024-11-04 01:25:37,203 :: INFO :: Flash firmware on OpenOCD: /usr/lib/python3.8/site-packages/gateway_code/static/m3_idle.elf
2024-11-04 01:25:39,400 :: INFO :: Control node : Stop control node serial interface
2024-11-04 01:25:39,405 :: INFO :: Control node : stop power of open node
2024-11-04 01:25:39,440 :: INFO :: Control node : reset
2024-11-04 01:25:39,444 :: INFO :: Reset Control Node
2024-11-04 01:25:42,195 :: INFO :: Stop experiment succeeded
