2024-11-04 01:10:09,667 :: INFO :: Start experiment: perezram-407559
2024-11-04 01:10:09,676 :: INFO :: Control node : Starting of control node serial interface
2024-11-04 01:10:09,679 :: INFO :: Control node : reset
2024-11-04 01:10:09,682 :: INFO :: Reset Control Node
2024-11-04 01:10:12,485 :: INFO :: Control node : start power of open node
2024-11-04 01:10:12,513 :: INFO :: Node OpenOCD: Setup of openocd node
2024-11-04 01:10:15,528 :: INFO :: Node OpenOCD: flash of openocd node
2024-11-04 01:10:15,533 :: INFO :: Flash firmware on OpenOCD: /tmp/tmpw9en3ppo--5beeb7e95392731f2752dd0708f8d959_get-mac.iotlab
2024-11-04 01:10:23,078 :: INFO :: Control node : Start experiment
2024-11-04 01:10:23,152 :: INFO :: Control Node set time delay: 7813 us
2024-11-04 01:10:23,185 :: INFO :: Control node : profile configuration
2024-11-04 01:10:23,188 :: INFO :: Configure profile on Control Node
2024-11-04 01:10:23,254 :: INFO :: Start experiment succeeded
2024-11-04 01:25:32,787 :: INFO :: Gateway Manager : Stop experiment
2024-11-04 01:25:33,343 :: INFO :: Stop experiment
2024-11-04 01:25:33,348 :: INFO :: Control node : stop of the experiment
2024-11-04 01:25:33,352 :: INFO :: Control node : profile configuration
2024-11-04 01:25:33,356 :: INFO :: Configure profile on Control Node
2024-11-04 01:25:33,401 :: INFO :: Control node : start power of open node
2024-11-04 01:25:33,433 :: INFO :: Node OpenOCD: teardown of openocd node
2024-11-04 01:25:36,450 :: INFO :: openocd node debugger stop
2024-11-04 01:25:37,072 :: INFO :: Node OpenOCD: flash of openocd node
2024-11-04 01:25:37,076 :: INFO :: Flash firmware on OpenOCD: /usr/lib/python3.8/site-packages/gateway_code/static/m3_idle.elf
2024-11-04 01:25:39,272 :: INFO :: Control node : Stop control node serial interface
2024-11-04 01:25:39,277 :: INFO :: Control node : stop power of open node
2024-11-04 01:25:39,325 :: INFO :: Control node : reset
2024-11-04 01:25:39,329 :: INFO :: Reset Control Node
2024-11-04 01:25:42,084 :: INFO :: Stop experiment succeeded
