2024-11-04 01:10:08,867 :: INFO :: Start experiment: perezram-407559
2024-11-04 01:10:08,871 :: INFO :: Control node : Starting of control node serial interface
2024-11-04 01:10:08,874 :: INFO :: Control node : reset
2024-11-04 01:10:08,877 :: INFO :: Reset Control Node
2024-11-04 01:10:11,721 :: INFO :: Control node : start power of open node
2024-11-04 01:10:11,737 :: INFO :: Node OpenOCD: Setup of openocd node
2024-11-04 01:10:14,751 :: INFO :: Node OpenOCD: flash of openocd node
2024-11-04 01:10:14,756 :: INFO :: Flash firmware on OpenOCD: /tmp/tmpemsratwn--5beeb7e95392731f2752dd0708f8d959_get-mac.iotlab
2024-11-04 01:10:22,299 :: INFO :: Control node : Start experiment
2024-11-04 01:10:22,376 :: INFO :: Control Node set time delay: 15304 us
2024-11-04 01:10:22,408 :: INFO :: Control node : profile configuration
2024-11-04 01:10:22,411 :: INFO :: Configure profile on Control Node
2024-11-04 01:10:22,462 :: INFO :: Start experiment succeeded
2024-11-04 01:25:32,686 :: INFO :: Gateway Manager : Stop experiment
2024-11-04 01:25:32,691 :: INFO :: Stop experiment
2024-11-04 01:25:32,695 :: INFO :: Control node : stop of the experiment
2024-11-04 01:25:32,700 :: INFO :: Control node : profile configuration
2024-11-04 01:25:32,703 :: INFO :: Configure profile on Control Node
2024-11-04 01:25:32,751 :: INFO :: Control node : start power of open node
2024-11-04 01:25:32,783 :: INFO :: Node OpenOCD: teardown of openocd node
2024-11-04 01:25:35,800 :: INFO :: openocd node debugger stop
2024-11-04 01:25:36,325 :: INFO :: Node OpenOCD: flash of openocd node
2024-11-04 01:25:36,328 :: INFO :: Flash firmware on OpenOCD: /usr/lib/python3.8/site-packages/gateway_code/static/m3_idle.elf
2024-11-04 01:25:38,470 :: INFO :: Control node : Stop control node serial interface
2024-11-04 01:25:38,475 :: INFO :: Control node : stop power of open node
2024-11-04 01:25:38,515 :: INFO :: Control node : reset
2024-11-04 01:25:38,518 :: INFO :: Reset Control Node
2024-11-04 01:25:41,278 :: INFO :: Stop experiment succeeded
