2024-11-04 01:10:08,885 :: INFO :: Start experiment: perezram-407559
2024-11-04 01:10:08,889 :: INFO :: Control node : Starting of control node serial interface
2024-11-04 01:10:08,892 :: INFO :: Control node : reset
2024-11-04 01:10:08,895 :: INFO :: Reset Control Node
2024-11-04 01:10:11,694 :: INFO :: Control node : start power of open node
2024-11-04 01:10:11,712 :: INFO :: Node OpenOCD: Setup of openocd node
2024-11-04 01:10:14,727 :: INFO :: Node OpenOCD: flash of openocd node
2024-11-04 01:10:14,731 :: INFO :: Flash firmware on OpenOCD: /tmp/tmp8juh_gqf--5beeb7e95392731f2752dd0708f8d959_get-mac.iotlab
2024-11-04 01:10:22,274 :: INFO :: Control node : Start experiment
2024-11-04 01:10:22,351 :: INFO :: Control Node set time delay: 14423 us
2024-11-04 01:10:22,380 :: INFO :: Control node : profile configuration
2024-11-04 01:10:22,383 :: INFO :: Configure profile on Control Node
2024-11-04 01:10:22,437 :: INFO :: Start experiment succeeded
2024-11-04 01:25:32,710 :: INFO :: Gateway Manager : Stop experiment
2024-11-04 01:25:32,715 :: INFO :: Stop experiment
2024-11-04 01:25:32,719 :: INFO :: Control node : stop of the experiment
2024-11-04 01:25:32,723 :: INFO :: Control node : profile configuration
2024-11-04 01:25:32,727 :: INFO :: Configure profile on Control Node
2024-11-04 01:25:32,778 :: INFO :: Control node : start power of open node
2024-11-04 01:25:32,810 :: INFO :: Node OpenOCD: teardown of openocd node
2024-11-04 01:25:35,826 :: INFO :: openocd node debugger stop
2024-11-04 01:25:36,351 :: INFO :: Node OpenOCD: flash of openocd node
2024-11-04 01:25:36,354 :: INFO :: Flash firmware on OpenOCD: /usr/lib/python3.8/site-packages/gateway_code/static/m3_idle.elf
2024-11-04 01:25:38,496 :: INFO :: Control node : Stop control node serial interface
2024-11-04 01:25:38,501 :: INFO :: Control node : stop power of open node
2024-11-04 01:25:38,541 :: INFO :: Control node : reset
2024-11-04 01:25:38,545 :: INFO :: Reset Control Node
2024-11-04 01:25:41,302 :: INFO :: Stop experiment succeeded
