2024-11-04 01:10:09,656 :: INFO :: Start experiment: perezram-407559
2024-11-04 01:10:09,660 :: INFO :: Control node : Starting of control node serial interface
2024-11-04 01:10:09,663 :: INFO :: Control node : reset
2024-11-04 01:10:09,666 :: INFO :: Reset Control Node
2024-11-04 01:10:12,458 :: INFO :: Control node : start power of open node
2024-11-04 01:10:12,483 :: INFO :: Node OpenOCD: Setup of openocd node
2024-11-04 01:10:15,498 :: INFO :: Node OpenOCD: flash of openocd node
2024-11-04 01:10:15,503 :: INFO :: Flash firmware on OpenOCD: /tmp/tmpg8fznw4q--5beeb7e95392731f2752dd0708f8d959_get-mac.iotlab
2024-11-04 01:10:22,945 :: INFO :: Control node : Start experiment
2024-11-04 01:10:23,010 :: INFO :: Control Node set time delay: 10833 us
2024-11-04 01:10:23,041 :: INFO :: Control node : profile configuration
2024-11-04 01:10:23,044 :: INFO :: Configure profile on Control Node
2024-11-04 01:10:23,096 :: INFO :: Start experiment succeeded
2024-11-04 01:25:32,882 :: INFO :: Gateway Manager : Stop experiment
2024-11-04 01:25:33,553 :: INFO :: Stop experiment
2024-11-04 01:25:33,557 :: INFO :: Control node : stop of the experiment
2024-11-04 01:25:33,562 :: INFO :: Control node : profile configuration
2024-11-04 01:25:33,565 :: INFO :: Configure profile on Control Node
2024-11-04 01:25:33,617 :: INFO :: Control node : start power of open node
2024-11-04 01:25:33,650 :: INFO :: Node OpenOCD: teardown of openocd node
2024-11-04 01:25:36,668 :: INFO :: openocd node debugger stop
2024-11-04 01:25:37,193 :: INFO :: Node OpenOCD: flash of openocd node
2024-11-04 01:25:37,197 :: INFO :: Flash firmware on OpenOCD: /usr/lib/python3.8/site-packages/gateway_code/static/m3_idle.elf
2024-11-04 01:25:39,340 :: INFO :: Control node : Stop control node serial interface
2024-11-04 01:25:39,344 :: INFO :: Control node : stop power of open node
2024-11-04 01:25:39,381 :: INFO :: Control node : reset
2024-11-04 01:25:39,384 :: INFO :: Reset Control Node
2024-11-04 01:25:42,133 :: INFO :: Stop experiment succeeded
