2024-11-04 01:10:08,804 :: INFO :: Start experiment: perezram-407559
2024-11-04 01:10:08,808 :: INFO :: Control node : Starting of control node serial interface
2024-11-04 01:10:08,811 :: INFO :: Control node : reset
2024-11-04 01:10:08,814 :: INFO :: Reset Control Node
2024-11-04 01:10:11,606 :: INFO :: Control node : start power of open node
2024-11-04 01:10:11,634 :: INFO :: Node OpenOCD: Setup of openocd node
2024-11-04 01:10:14,648 :: INFO :: Node OpenOCD: flash of openocd node
2024-11-04 01:10:14,653 :: INFO :: Flash firmware on OpenOCD: /tmp/tmpaymu1e9r--5beeb7e95392731f2752dd0708f8d959_get-mac.iotlab
2024-11-04 01:10:22,147 :: INFO :: Control node : Start experiment
2024-11-04 01:10:22,225 :: INFO :: Control Node set time delay: 14643 us
2024-11-04 01:10:22,257 :: INFO :: Control node : profile configuration
2024-11-04 01:10:22,260 :: INFO :: Configure profile on Control Node
2024-11-04 01:10:22,326 :: INFO :: Start experiment succeeded
2024-11-04 01:25:32,883 :: INFO :: Gateway Manager : Stop experiment
2024-11-04 01:25:32,889 :: INFO :: Stop experiment
2024-11-04 01:25:32,893 :: INFO :: Control node : stop of the experiment
2024-11-04 01:25:32,898 :: INFO :: Control node : profile configuration
2024-11-04 01:25:32,902 :: INFO :: Configure profile on Control Node
2024-11-04 01:25:32,955 :: INFO :: Control node : start power of open node
2024-11-04 01:25:32,987 :: INFO :: Node OpenOCD: teardown of openocd node
2024-11-04 01:25:36,004 :: INFO :: openocd node debugger stop
2024-11-04 01:25:36,529 :: INFO :: Node OpenOCD: flash of openocd node
2024-11-04 01:25:36,532 :: INFO :: Flash firmware on OpenOCD: /usr/lib/python3.8/site-packages/gateway_code/static/m3_idle.elf
2024-11-04 01:25:38,675 :: INFO :: Control node : Stop control node serial interface
2024-11-04 01:25:38,680 :: INFO :: Control node : stop power of open node
2024-11-04 01:25:38,718 :: INFO :: Control node : reset
2024-11-04 01:25:38,722 :: INFO :: Reset Control Node
2024-11-04 01:25:41,461 :: INFO :: Stop experiment succeeded
