2024-11-04 17:22:38,090 :: INFO :: Start experiment: perezram-407644
2024-11-04 17:22:38,094 :: INFO :: Control node : Starting of control node serial interface
2024-11-04 17:22:38,097 :: INFO :: Control node : reset
2024-11-04 17:22:38,100 :: INFO :: Reset Control Node
2024-11-04 17:22:40,897 :: INFO :: Control node : start power of open node
2024-11-04 17:22:40,915 :: INFO :: Node OpenOCD: Setup of openocd node
2024-11-04 17:22:43,929 :: INFO :: Node OpenOCD: flash of openocd node
2024-11-04 17:22:43,934 :: INFO :: Flash firmware on OpenOCD: /usr/lib/python3.8/site-packages/gateway_code/static/m3_idle.elf
2024-11-04 17:22:46,080 :: INFO :: Control node : Start experiment
2024-11-04 17:22:46,147 :: INFO :: Control Node set time delay: 12476 us
2024-11-04 17:22:46,179 :: INFO :: Control node : profile configuration
2024-11-04 17:22:46,182 :: INFO :: Configure profile on Control Node
2024-11-04 17:22:46,248 :: INFO :: Start experiment succeeded
2024-11-04 17:23:48,311 :: INFO :: Gateway Manager : Flash of node
2024-11-04 17:23:48,317 :: INFO :: Flash firmware on open node: /tmp/tmp46a86frq--firmware7952378798657106752-udp-client.iotlab
2024-11-04 17:23:48,357 :: INFO :: Node OpenOCD: flash of openocd node
2024-11-04 17:23:48,360 :: INFO :: Flash firmware on OpenOCD: /tmp/tmp46a86frq--firmware7952378798657106752-udp-client.iotlab
2024-11-04 17:52:55,932 :: INFO :: Gateway Manager : Stop experiment
2024-11-04 17:52:55,939 :: INFO :: Stop experiment
2024-11-04 17:52:55,945 :: INFO :: Control node : stop of the experiment
2024-11-04 17:52:55,950 :: INFO :: Control node : profile configuration
2024-11-04 17:52:55,953 :: INFO :: Configure profile on Control Node
2024-11-04 17:52:56,012 :: INFO :: Control node : start power of open node
2024-11-04 17:52:56,045 :: INFO :: Node OpenOCD: teardown of openocd node
2024-11-04 17:52:59,064 :: INFO :: openocd node debugger stop
2024-11-04 17:52:59,686 :: INFO :: Node OpenOCD: flash of openocd node
2024-11-04 17:52:59,689 :: INFO :: Flash firmware on OpenOCD: /usr/lib/python3.8/site-packages/gateway_code/static/m3_idle.elf
2024-11-04 17:53:01,831 :: INFO :: Control node : Stop control node serial interface
2024-11-04 17:53:01,836 :: INFO :: Control node : stop power of open node
2024-11-04 17:53:01,870 :: INFO :: Control node : reset
2024-11-04 17:53:01,874 :: INFO :: Reset Control Node
2024-11-04 17:53:04,613 :: INFO :: Stop experiment succeeded
