2024-11-04 17:22:38,569 :: INFO :: Start experiment: perezram-407644
2024-11-04 17:22:38,572 :: INFO :: Control node : Starting of control node serial interface
2024-11-04 17:22:38,576 :: INFO :: Control node : reset
2024-11-04 17:22:38,579 :: INFO :: Reset Control Node
2024-11-04 17:22:41,371 :: INFO :: Control node : start power of open node
2024-11-04 17:22:41,388 :: INFO :: Node OpenOCD: Setup of openocd node
2024-11-04 17:22:44,402 :: INFO :: Node OpenOCD: flash of openocd node
2024-11-04 17:22:44,407 :: INFO :: Flash firmware on OpenOCD: /usr/lib/python3.8/site-packages/gateway_code/static/m3_idle.elf
2024-11-04 17:22:46,553 :: INFO :: Control node : Start experiment
2024-11-04 17:22:46,619 :: INFO :: Control Node set time delay: 11624 us
2024-11-04 17:22:46,650 :: INFO :: Control node : profile configuration
2024-11-04 17:22:46,653 :: INFO :: Configure profile on Control Node
2024-11-04 17:22:46,721 :: INFO :: Start experiment succeeded
2024-11-04 17:23:48,261 :: INFO :: Gateway Manager : Flash of node
2024-11-04 17:23:48,266 :: INFO :: Flash firmware on open node: /tmp/tmppvk2ikqt--firmware7952378798657106752-udp-client.iotlab
2024-11-04 17:23:48,305 :: INFO :: Node OpenOCD: flash of openocd node
2024-11-04 17:23:48,309 :: INFO :: Flash firmware on OpenOCD: /tmp/tmppvk2ikqt--firmware7952378798657106752-udp-client.iotlab
2024-11-04 17:52:56,212 :: INFO :: Gateway Manager : Stop experiment
2024-11-04 17:52:56,221 :: INFO :: Stop experiment
2024-11-04 17:52:56,225 :: INFO :: Control node : stop of the experiment
2024-11-04 17:52:56,232 :: INFO :: Control node : profile configuration
2024-11-04 17:52:56,235 :: INFO :: Configure profile on Control Node
2024-11-04 17:52:56,280 :: INFO :: Control node : start power of open node
2024-11-04 17:52:56,312 :: INFO :: Node OpenOCD: teardown of openocd node
2024-11-04 17:52:59,327 :: INFO :: openocd node debugger stop
2024-11-04 17:52:59,852 :: INFO :: Node OpenOCD: flash of openocd node
2024-11-04 17:52:59,855 :: INFO :: Flash firmware on OpenOCD: /usr/lib/python3.8/site-packages/gateway_code/static/m3_idle.elf
2024-11-04 17:53:01,997 :: INFO :: Control node : Stop control node serial interface
2024-11-04 17:53:02,002 :: INFO :: Control node : stop power of open node
2024-11-04 17:53:02,043 :: INFO :: Control node : reset
2024-11-04 17:53:02,047 :: INFO :: Reset Control Node
2024-11-04 17:53:04,796 :: INFO :: Stop experiment succeeded
