2024-11-04 17:22:38,079 :: INFO :: Start experiment: perezram-407644
2024-11-04 17:22:38,083 :: INFO :: Control node : Starting of control node serial interface
2024-11-04 17:22:38,088 :: INFO :: Control node : reset
2024-11-04 17:22:38,092 :: INFO :: Reset Control Node
2024-11-04 17:22:40,888 :: INFO :: Control node : start power of open node
2024-11-04 17:22:40,907 :: INFO :: Node OpenOCD: Setup of openocd node
2024-11-04 17:22:43,922 :: INFO :: Node OpenOCD: flash of openocd node
2024-11-04 17:22:43,927 :: INFO :: Flash firmware on OpenOCD: /usr/lib/python3.8/site-packages/gateway_code/static/m3_idle.elf
2024-11-04 17:22:46,073 :: INFO :: Control node : Start experiment
2024-11-04 17:22:46,143 :: INFO :: Control Node set time delay: 7282 us
2024-11-04 17:22:46,171 :: INFO :: Control node : profile configuration
2024-11-04 17:22:46,174 :: INFO :: Configure profile on Control Node
2024-11-04 17:22:46,240 :: INFO :: Start experiment succeeded
2024-11-04 17:23:48,223 :: INFO :: Gateway Manager : Flash of node
2024-11-04 17:23:48,228 :: INFO :: Flash firmware on open node: /tmp/tmpnimzvcw3--firmware7952378798657106752-udp-client.iotlab
2024-11-04 17:23:48,267 :: INFO :: Node OpenOCD: flash of openocd node
2024-11-04 17:23:48,270 :: INFO :: Flash firmware on OpenOCD: /tmp/tmpnimzvcw3--firmware7952378798657106752-udp-client.iotlab
2024-11-04 17:52:55,883 :: INFO :: Gateway Manager : Stop experiment
2024-11-04 17:52:55,889 :: INFO :: Stop experiment
2024-11-04 17:52:55,895 :: INFO :: Control node : stop of the experiment
2024-11-04 17:52:55,901 :: INFO :: Control node : profile configuration
2024-11-04 17:52:55,904 :: INFO :: Configure profile on Control Node
2024-11-04 17:52:55,956 :: INFO :: Control node : start power of open node
2024-11-04 17:52:55,988 :: INFO :: Node OpenOCD: teardown of openocd node
2024-11-04 17:52:59,004 :: INFO :: openocd node debugger stop
2024-11-04 17:52:59,626 :: INFO :: Node OpenOCD: flash of openocd node
2024-11-04 17:52:59,630 :: INFO :: Flash firmware on OpenOCD: /usr/lib/python3.8/site-packages/gateway_code/static/m3_idle.elf
2024-11-04 17:53:01,773 :: INFO :: Control node : Stop control node serial interface
2024-11-04 17:53:01,778 :: INFO :: Control node : stop power of open node
2024-11-04 17:53:01,815 :: INFO :: Control node : reset
2024-11-04 17:53:01,819 :: INFO :: Reset Control Node
2024-11-04 17:53:04,565 :: INFO :: Stop experiment succeeded
