2024-11-04 17:22:38,348 :: INFO :: Start experiment: perezram-407644
2024-11-04 17:22:38,351 :: INFO :: Control node : Starting of control node serial interface
2024-11-04 17:22:38,355 :: INFO :: Control node : reset
2024-11-04 17:22:38,357 :: INFO :: Reset Control Node
2024-11-04 17:22:41,254 :: INFO :: Control node : start power of open node
2024-11-04 17:22:41,269 :: INFO :: Node OpenOCD: Setup of openocd node
2024-11-04 17:22:44,284 :: INFO :: Node OpenOCD: flash of openocd node
2024-11-04 17:22:44,289 :: INFO :: Flash firmware on OpenOCD: /usr/lib/python3.8/site-packages/gateway_code/static/m3_idle.elf
2024-11-04 17:22:46,437 :: INFO :: Control node : Start experiment
2024-11-04 17:22:46,501 :: INFO :: Control Node set time delay: 5072 us
2024-11-04 17:22:46,533 :: INFO :: Control node : profile configuration
2024-11-04 17:22:46,537 :: INFO :: Configure profile on Control Node
2024-11-04 17:22:46,602 :: INFO :: Start experiment succeeded
2024-11-04 17:23:48,375 :: INFO :: Gateway Manager : Flash of node
2024-11-04 17:23:48,381 :: INFO :: Flash firmware on open node: /tmp/tmp39ccxa92--firmware7952378798657106752-udp-client.iotlab
2024-11-04 17:23:48,420 :: INFO :: Node OpenOCD: flash of openocd node
2024-11-04 17:23:48,423 :: INFO :: Flash firmware on OpenOCD: /tmp/tmp39ccxa92--firmware7952378798657106752-udp-client.iotlab
2024-11-04 17:52:56,122 :: INFO :: Gateway Manager : Stop experiment
2024-11-04 17:52:56,127 :: INFO :: Stop experiment
2024-11-04 17:52:56,132 :: INFO :: Control node : stop of the experiment
2024-11-04 17:52:56,137 :: INFO :: Control node : profile configuration
2024-11-04 17:52:56,140 :: INFO :: Configure profile on Control Node
2024-11-04 17:52:56,186 :: INFO :: Control node : start power of open node
2024-11-04 17:52:56,218 :: INFO :: Node OpenOCD: teardown of openocd node
2024-11-04 17:52:59,237 :: INFO :: openocd node debugger stop
2024-11-04 17:52:59,859 :: INFO :: Node OpenOCD: flash of openocd node
2024-11-04 17:52:59,862 :: INFO :: Flash firmware on OpenOCD: /usr/lib/python3.8/site-packages/gateway_code/static/m3_idle.elf
2024-11-04 17:53:02,005 :: INFO :: Control node : Stop control node serial interface
2024-11-04 17:53:02,010 :: INFO :: Control node : stop power of open node
2024-11-04 17:53:02,045 :: INFO :: Control node : reset
2024-11-04 17:53:02,049 :: INFO :: Reset Control Node
2024-11-04 17:53:04,803 :: INFO :: Stop experiment succeeded
