2024-11-04 17:22:38,442 :: INFO :: Start experiment: perezram-407644
2024-11-04 17:22:38,446 :: INFO :: Control node : Starting of control node serial interface
2024-11-04 17:22:38,449 :: INFO :: Control node : reset
2024-11-04 17:22:38,452 :: INFO :: Reset Control Node
2024-11-04 17:22:41,257 :: INFO :: Control node : start power of open node
2024-11-04 17:22:41,272 :: INFO :: Node OpenOCD: Setup of openocd node
2024-11-04 17:22:44,287 :: INFO :: Node OpenOCD: flash of openocd node
2024-11-04 17:22:44,292 :: INFO :: Flash firmware on OpenOCD: /usr/lib/python3.8/site-packages/gateway_code/static/m3_idle.elf
2024-11-04 17:22:46,438 :: INFO :: Control node : Start experiment
2024-11-04 17:22:46,504 :: INFO :: Control Node set time delay: 14007 us
2024-11-04 17:22:46,527 :: INFO :: Control node : profile configuration
2024-11-04 17:22:46,537 :: INFO :: Configure profile on Control Node
2024-11-04 17:22:46,605 :: INFO :: Start experiment succeeded
2024-11-04 17:23:48,300 :: INFO :: Gateway Manager : Flash of node
2024-11-04 17:23:48,305 :: INFO :: Flash firmware on open node: /tmp/tmp5xqclgyj--firmware7952378798657106752-udp-client.iotlab
2024-11-04 17:23:48,345 :: INFO :: Node OpenOCD: flash of openocd node
2024-11-04 17:23:48,349 :: INFO :: Flash firmware on OpenOCD: /tmp/tmp5xqclgyj--firmware7952378798657106752-udp-client.iotlab
2024-11-04 17:52:56,123 :: INFO :: Gateway Manager : Stop experiment
2024-11-04 17:52:56,128 :: INFO :: Stop experiment
2024-11-04 17:52:56,133 :: INFO :: Control node : stop of the experiment
2024-11-04 17:52:56,138 :: INFO :: Control node : profile configuration
2024-11-04 17:52:56,141 :: INFO :: Configure profile on Control Node
2024-11-04 17:52:56,189 :: INFO :: Control node : start power of open node
2024-11-04 17:52:56,225 :: INFO :: Node OpenOCD: teardown of openocd node
2024-11-04 17:52:59,240 :: INFO :: openocd node debugger stop
2024-11-04 17:52:59,765 :: INFO :: Node OpenOCD: flash of openocd node
2024-11-04 17:52:59,769 :: INFO :: Flash firmware on OpenOCD: /usr/lib/python3.8/site-packages/gateway_code/static/m3_idle.elf
2024-11-04 17:53:01,910 :: INFO :: Control node : Stop control node serial interface
2024-11-04 17:53:01,915 :: INFO :: Control node : stop power of open node
2024-11-04 17:53:01,953 :: INFO :: Control node : reset
2024-11-04 17:53:01,956 :: INFO :: Reset Control Node
2024-11-04 17:53:04,700 :: INFO :: Stop experiment succeeded
