2024-11-04 17:22:38,394 :: INFO :: Start experiment: perezram-407644
2024-11-04 17:22:38,397 :: INFO :: Control node : Starting of control node serial interface
2024-11-04 17:22:38,401 :: INFO :: Control node : reset
2024-11-04 17:22:38,404 :: INFO :: Reset Control Node
2024-11-04 17:22:41,256 :: INFO :: Control node : start power of open node
2024-11-04 17:22:41,271 :: INFO :: Node OpenOCD: Setup of openocd node
2024-11-04 17:22:44,286 :: INFO :: Node OpenOCD: flash of openocd node
2024-11-04 17:22:44,291 :: INFO :: Flash firmware on OpenOCD: /usr/lib/python3.8/site-packages/gateway_code/static/m3_idle.elf
2024-11-04 17:22:46,438 :: INFO :: Control node : Start experiment
2024-11-04 17:22:46,503 :: INFO :: Control Node set time delay: 12571 us
2024-11-04 17:22:46,535 :: INFO :: Control node : profile configuration
2024-11-04 17:22:46,539 :: INFO :: Configure profile on Control Node
2024-11-04 17:22:46,604 :: INFO :: Start experiment succeeded
2024-11-04 17:23:48,413 :: INFO :: Gateway Manager : Flash of node
2024-11-04 17:23:48,419 :: INFO :: Flash firmware on open node: /tmp/tmp00to18ru--firmware7952378798657106752-udp-client.iotlab
2024-11-04 17:23:48,458 :: INFO :: Node OpenOCD: flash of openocd node
2024-11-04 17:23:48,461 :: INFO :: Flash firmware on OpenOCD: /tmp/tmp00to18ru--firmware7952378798657106752-udp-client.iotlab
2024-11-04 17:52:56,119 :: INFO :: Gateway Manager : Stop experiment
2024-11-04 17:52:56,125 :: INFO :: Stop experiment
2024-11-04 17:52:56,131 :: INFO :: Control node : stop of the experiment
2024-11-04 17:52:56,136 :: INFO :: Control node : profile configuration
2024-11-04 17:52:56,139 :: INFO :: Configure profile on Control Node
2024-11-04 17:52:56,191 :: INFO :: Control node : start power of open node
2024-11-04 17:52:56,223 :: INFO :: Node OpenOCD: teardown of openocd node
2024-11-04 17:52:59,238 :: INFO :: openocd node debugger stop
2024-11-04 17:52:59,764 :: INFO :: Node OpenOCD: flash of openocd node
2024-11-04 17:52:59,767 :: INFO :: Flash firmware on OpenOCD: /usr/lib/python3.8/site-packages/gateway_code/static/m3_idle.elf
2024-11-04 17:53:01,908 :: INFO :: Control node : Stop control node serial interface
2024-11-04 17:53:01,913 :: INFO :: Control node : stop power of open node
2024-11-04 17:53:01,955 :: INFO :: Control node : reset
2024-11-04 17:53:01,958 :: INFO :: Reset Control Node
2024-11-04 17:53:04,722 :: INFO :: Stop experiment succeeded
