2024-11-04 17:22:38,170 :: INFO :: Start experiment: perezram-407644
2024-11-04 17:22:38,174 :: INFO :: Control node : Starting of control node serial interface
2024-11-04 17:22:38,177 :: INFO :: Control node : reset
2024-11-04 17:22:38,180 :: INFO :: Reset Control Node
2024-11-04 17:22:40,973 :: INFO :: Control node : start power of open node
2024-11-04 17:22:40,991 :: INFO :: Node OpenOCD: Setup of openocd node
2024-11-04 17:22:44,006 :: INFO :: Node OpenOCD: flash of openocd node
2024-11-04 17:22:44,011 :: INFO :: Flash firmware on OpenOCD: /usr/lib/python3.8/site-packages/gateway_code/static/m3_idle.elf
2024-11-04 17:22:46,157 :: INFO :: Control node : Start experiment
2024-11-04 17:22:46,223 :: INFO :: Control Node set time delay: 13158 us
2024-11-04 17:22:46,247 :: INFO :: Control node : profile configuration
2024-11-04 17:22:46,261 :: INFO :: Configure profile on Control Node
2024-11-04 17:22:46,325 :: INFO :: Start experiment succeeded
2024-11-04 17:23:48,307 :: INFO :: Gateway Manager : Flash of node
2024-11-04 17:23:48,312 :: INFO :: Flash firmware on open node: /tmp/tmpem22rggz--firmware7952378798657106752-udp-client.iotlab
2024-11-04 17:23:48,352 :: INFO :: Node OpenOCD: flash of openocd node
2024-11-04 17:23:48,355 :: INFO :: Flash firmware on OpenOCD: /tmp/tmpem22rggz--firmware7952378798657106752-udp-client.iotlab
2024-11-04 17:52:55,946 :: INFO :: Gateway Manager : Stop experiment
2024-11-04 17:52:55,951 :: INFO :: Stop experiment
2024-11-04 17:52:55,955 :: INFO :: Control node : stop of the experiment
2024-11-04 17:52:55,960 :: INFO :: Control node : profile configuration
2024-11-04 17:52:55,964 :: INFO :: Configure profile on Control Node
2024-11-04 17:52:56,015 :: INFO :: Control node : start power of open node
2024-11-04 17:52:56,048 :: INFO :: Node OpenOCD: teardown of openocd node
2024-11-04 17:52:59,066 :: INFO :: openocd node debugger stop
2024-11-04 17:52:59,688 :: INFO :: Node OpenOCD: flash of openocd node
2024-11-04 17:52:59,692 :: INFO :: Flash firmware on OpenOCD: /usr/lib/python3.8/site-packages/gateway_code/static/m3_idle.elf
2024-11-04 17:53:01,835 :: INFO :: Control node : Stop control node serial interface
2024-11-04 17:53:01,840 :: INFO :: Control node : stop power of open node
2024-11-04 17:53:01,873 :: INFO :: Control node : reset
2024-11-04 17:53:01,877 :: INFO :: Reset Control Node
2024-11-04 17:53:04,616 :: INFO :: Stop experiment succeeded
