2024-11-04 17:22:38,481 :: INFO :: Start experiment: perezram-407644
2024-11-04 17:22:38,485 :: INFO :: Control node : Starting of control node serial interface
2024-11-04 17:22:38,488 :: INFO :: Control node : reset
2024-11-04 17:22:38,491 :: INFO :: Reset Control Node
2024-11-04 17:22:41,283 :: INFO :: Control node : start power of open node
2024-11-04 17:22:41,299 :: INFO :: Node OpenOCD: Setup of openocd node
2024-11-04 17:22:44,313 :: INFO :: Node OpenOCD: flash of openocd node
2024-11-04 17:22:44,318 :: INFO :: Flash firmware on OpenOCD: /usr/lib/python3.8/site-packages/gateway_code/static/m3_idle.elf
2024-11-04 17:22:46,466 :: INFO :: Control node : Start experiment
2024-11-04 17:22:46,531 :: INFO :: Control Node set time delay: 12999 us
2024-11-04 17:22:46,554 :: INFO :: Control node : profile configuration
2024-11-04 17:22:46,568 :: INFO :: Configure profile on Control Node
2024-11-04 17:22:46,632 :: INFO :: Start experiment succeeded
2024-11-04 17:23:48,412 :: INFO :: Gateway Manager : Flash of node
2024-11-04 17:23:48,417 :: INFO :: Flash firmware on open node: /tmp/tmp15nql7yh--firmware7952378798657106752-udp-client.iotlab
2024-11-04 17:23:48,457 :: INFO :: Node OpenOCD: flash of openocd node
2024-11-04 17:23:48,460 :: INFO :: Flash firmware on OpenOCD: /tmp/tmp15nql7yh--firmware7952378798657106752-udp-client.iotlab
2024-11-04 17:52:56,197 :: INFO :: Gateway Manager : Stop experiment
2024-11-04 17:52:56,203 :: INFO :: Stop experiment
2024-11-04 17:52:56,207 :: INFO :: Control node : stop of the experiment
2024-11-04 17:52:56,212 :: INFO :: Control node : profile configuration
2024-11-04 17:52:56,215 :: INFO :: Configure profile on Control Node
2024-11-04 17:52:56,265 :: INFO :: Control node : start power of open node
2024-11-04 17:52:56,297 :: INFO :: Node OpenOCD: teardown of openocd node
2024-11-04 17:52:59,313 :: INFO :: openocd node debugger stop
2024-11-04 17:52:59,935 :: INFO :: Node OpenOCD: flash of openocd node
2024-11-04 17:52:59,939 :: INFO :: Flash firmware on OpenOCD: /usr/lib/python3.8/site-packages/gateway_code/static/m3_idle.elf
2024-11-04 17:53:02,081 :: INFO :: Control node : Stop control node serial interface
2024-11-04 17:53:02,085 :: INFO :: Control node : stop power of open node
2024-11-04 17:53:02,125 :: INFO :: Control node : reset
2024-11-04 17:53:02,129 :: INFO :: Reset Control Node
2024-11-04 17:53:04,866 :: INFO :: Stop experiment succeeded
