2024-11-04 17:22:39,114 :: INFO :: Start experiment: perezram-407644
2024-11-04 17:22:39,118 :: INFO :: Control node : Starting of control node serial interface
2024-11-04 17:22:39,121 :: INFO :: Control node : reset
2024-11-04 17:22:39,124 :: INFO :: Reset Control Node
2024-11-04 17:22:41,925 :: INFO :: Control node : start power of open node
2024-11-04 17:22:41,942 :: INFO :: Node OpenOCD: Setup of openocd node
2024-11-04 17:22:44,956 :: INFO :: Node OpenOCD: flash of openocd node
2024-11-04 17:22:44,961 :: INFO :: Flash firmware on OpenOCD: /usr/lib/python3.8/site-packages/gateway_code/static/m3_idle.elf
2024-11-04 17:22:47,109 :: INFO :: Control node : Start experiment
2024-11-04 17:22:47,173 :: INFO :: Control Node set time delay: 7398 us
2024-11-04 17:22:47,215 :: INFO :: Control node : profile configuration
2024-11-04 17:22:47,219 :: INFO :: Configure profile on Control Node
2024-11-04 17:22:47,274 :: INFO :: Start experiment succeeded
2024-11-04 17:23:48,329 :: INFO :: Gateway Manager : Flash of node
2024-11-04 17:23:48,334 :: INFO :: Flash firmware on open node: /tmp/tmphu5gz9qz--firmware7952378798657106752-udp-client.iotlab
2024-11-04 17:23:48,374 :: INFO :: Node OpenOCD: flash of openocd node
2024-11-04 17:23:48,378 :: INFO :: Flash firmware on OpenOCD: /tmp/tmphu5gz9qz--firmware7952378798657106752-udp-client.iotlab
2024-11-04 17:52:56,128 :: INFO :: Gateway Manager : Stop experiment
2024-11-04 17:52:56,134 :: INFO :: Stop experiment
2024-11-04 17:52:56,138 :: INFO :: Control node : stop of the experiment
2024-11-04 17:52:56,143 :: INFO :: Control node : profile configuration
2024-11-04 17:52:56,146 :: INFO :: Configure profile on Control Node
2024-11-04 17:52:56,197 :: INFO :: Control node : start power of open node
2024-11-04 17:52:56,229 :: INFO :: Node OpenOCD: teardown of openocd node
2024-11-04 17:52:59,244 :: INFO :: openocd node debugger stop
2024-11-04 17:52:59,769 :: INFO :: Node OpenOCD: flash of openocd node
2024-11-04 17:52:59,773 :: INFO :: Flash firmware on OpenOCD: /usr/lib/python3.8/site-packages/gateway_code/static/m3_idle.elf
2024-11-04 17:53:01,914 :: INFO :: Control node : Stop control node serial interface
2024-11-04 17:53:01,919 :: INFO :: Control node : stop power of open node
2024-11-04 17:53:01,960 :: INFO :: Control node : reset
2024-11-04 17:53:01,964 :: INFO :: Reset Control Node
2024-11-04 17:53:04,721 :: INFO :: Stop experiment succeeded
