2024-11-04 17:22:38,480 :: INFO :: Start experiment: perezram-407644
2024-11-04 17:22:38,484 :: INFO :: Control node : Starting of control node serial interface
2024-11-04 17:22:38,487 :: INFO :: Control node : reset
2024-11-04 17:22:38,490 :: INFO :: Reset Control Node
2024-11-04 17:22:41,285 :: INFO :: Control node : start power of open node
2024-11-04 17:22:41,312 :: INFO :: Node OpenOCD: Setup of openocd node
2024-11-04 17:22:44,326 :: INFO :: Node OpenOCD: flash of openocd node
2024-11-04 17:22:44,331 :: INFO :: Flash firmware on OpenOCD: /usr/lib/python3.8/site-packages/gateway_code/static/m3_idle.elf
2024-11-04 17:22:46,477 :: INFO :: Control node : Start experiment
2024-11-04 17:22:46,543 :: INFO :: Control Node set time delay: 13535 us
2024-11-04 17:22:46,574 :: INFO :: Control node : profile configuration
2024-11-04 17:22:46,577 :: INFO :: Configure profile on Control Node
2024-11-04 17:22:46,645 :: INFO :: Start experiment succeeded
2024-11-04 17:23:48,442 :: INFO :: Gateway Manager : Flash of node
2024-11-04 17:23:48,447 :: INFO :: Flash firmware on open node: /tmp/tmpwnpfzsgy--firmware7952378798657106752-udp-client.iotlab
2024-11-04 17:23:48,492 :: INFO :: Node OpenOCD: flash of openocd node
2024-11-04 17:23:48,495 :: INFO :: Flash firmware on OpenOCD: /tmp/tmpwnpfzsgy--firmware7952378798657106752-udp-client.iotlab
2024-11-04 17:52:56,192 :: INFO :: Gateway Manager : Stop experiment
2024-11-04 17:52:56,198 :: INFO :: Stop experiment
2024-11-04 17:52:56,202 :: INFO :: Control node : stop of the experiment
2024-11-04 17:52:56,207 :: INFO :: Control node : profile configuration
2024-11-04 17:52:56,210 :: INFO :: Configure profile on Control Node
2024-11-04 17:52:56,256 :: INFO :: Control node : start power of open node
2024-11-04 17:52:56,288 :: INFO :: Node OpenOCD: teardown of openocd node
2024-11-04 17:52:59,304 :: INFO :: openocd node debugger stop
2024-11-04 17:52:59,926 :: INFO :: Node OpenOCD: flash of openocd node
2024-11-04 17:52:59,929 :: INFO :: Flash firmware on OpenOCD: /usr/lib/python3.8/site-packages/gateway_code/static/m3_idle.elf
2024-11-04 17:53:02,072 :: INFO :: Control node : Stop control node serial interface
2024-11-04 17:53:02,076 :: INFO :: Control node : stop power of open node
2024-11-04 17:53:02,116 :: INFO :: Control node : reset
2024-11-04 17:53:02,120 :: INFO :: Reset Control Node
2024-11-04 17:53:04,856 :: INFO :: Stop experiment succeeded
