2024-11-04 17:22:38,436 :: INFO :: Start experiment: perezram-407644
2024-11-04 17:22:38,440 :: INFO :: Control node : Starting of control node serial interface
2024-11-04 17:22:38,443 :: INFO :: Control node : reset
2024-11-04 17:22:38,446 :: INFO :: Reset Control Node
2024-11-04 17:22:41,258 :: INFO :: Control node : start power of open node
2024-11-04 17:22:41,273 :: INFO :: Node OpenOCD: Setup of openocd node
2024-11-04 17:22:44,287 :: INFO :: Node OpenOCD: flash of openocd node
2024-11-04 17:22:44,292 :: INFO :: Flash firmware on OpenOCD: /usr/lib/python3.8/site-packages/gateway_code/static/m3_idle.elf
2024-11-04 17:22:46,440 :: INFO :: Control node : Start experiment
2024-11-04 17:22:46,510 :: INFO :: Control Node set time delay: 10775 us
2024-11-04 17:22:46,537 :: INFO :: Control node : profile configuration
2024-11-04 17:22:46,540 :: INFO :: Configure profile on Control Node
2024-11-04 17:22:46,606 :: INFO :: Start experiment succeeded
2024-11-04 17:23:48,377 :: INFO :: Gateway Manager : Flash of node
2024-11-04 17:23:48,382 :: INFO :: Flash firmware on open node: /tmp/tmpm6qy8n71--firmware7952378798657106752-udp-client.iotlab
2024-11-04 17:23:48,427 :: INFO :: Node OpenOCD: flash of openocd node
2024-11-04 17:23:48,431 :: INFO :: Flash firmware on OpenOCD: /tmp/tmpm6qy8n71--firmware7952378798657106752-udp-client.iotlab
2024-11-04 17:52:56,138 :: INFO :: Gateway Manager : Stop experiment
2024-11-04 17:52:56,144 :: INFO :: Stop experiment
2024-11-04 17:52:56,148 :: INFO :: Control node : stop of the experiment
2024-11-04 17:52:56,153 :: INFO :: Control node : profile configuration
2024-11-04 17:52:56,156 :: INFO :: Configure profile on Control Node
2024-11-04 17:52:56,210 :: INFO :: Control node : start power of open node
2024-11-04 17:52:56,242 :: INFO :: Node OpenOCD: teardown of openocd node
2024-11-04 17:52:59,259 :: INFO :: openocd node debugger stop
2024-11-04 17:52:59,784 :: INFO :: Node OpenOCD: flash of openocd node
2024-11-04 17:52:59,788 :: INFO :: Flash firmware on OpenOCD: /usr/lib/python3.8/site-packages/gateway_code/static/m3_idle.elf
2024-11-04 17:53:01,929 :: INFO :: Control node : Stop control node serial interface
2024-11-04 17:53:01,935 :: INFO :: Control node : stop power of open node
2024-11-04 17:53:01,974 :: INFO :: Control node : reset
2024-11-04 17:53:01,978 :: INFO :: Reset Control Node
2024-11-04 17:53:04,737 :: INFO :: Stop experiment succeeded
