2024-10-25 14:54:47,997 :: INFO :: Start experiment: perezram-407285
2024-10-25 14:54:48,001 :: INFO :: Control node : Starting of control node serial interface
2024-10-25 14:54:48,004 :: INFO :: Control node : reset
2024-10-25 14:54:48,007 :: INFO :: Reset Control Node
2024-10-25 14:54:50,795 :: INFO :: Control node : start power of open node
2024-10-25 14:54:50,813 :: INFO :: Node OpenOCD: Setup of openocd node
2024-10-25 14:54:53,827 :: INFO :: Node OpenOCD: flash of openocd node
2024-10-25 14:54:53,832 :: INFO :: Flash firmware on OpenOCD: /tmp/tmpy97kdchm--352689a53c87c5f159963f1cf20fc589_get-mac.iotlab
2024-10-25 14:55:01,324 :: INFO :: Control node : Start experiment
2024-10-25 14:55:01,388 :: INFO :: Control Node set time delay: 6674 us
2024-10-25 14:55:01,411 :: INFO :: Control node : profile configuration
2024-10-25 14:55:01,425 :: INFO :: Configure profile on Control Node
2024-10-25 14:55:01,490 :: INFO :: Start experiment succeeded
2024-10-25 15:05:11,428 :: INFO :: Gateway Manager : Stop experiment
2024-10-25 15:05:11,433 :: INFO :: Stop experiment
2024-10-25 15:05:11,437 :: INFO :: Control node : stop of the experiment
2024-10-25 15:05:11,446 :: INFO :: Control node : profile configuration
2024-10-25 15:05:11,449 :: INFO :: Configure profile on Control Node
2024-10-25 15:05:11,508 :: INFO :: Control node : start power of open node
2024-10-25 15:05:11,540 :: INFO :: Node OpenOCD: teardown of openocd node
2024-10-25 15:05:14,555 :: INFO :: openocd node debugger stop
2024-10-25 15:05:15,079 :: INFO :: Node OpenOCD: flash of openocd node
2024-10-25 15:05:15,083 :: INFO :: Flash firmware on OpenOCD: /usr/lib/python3.8/site-packages/gateway_code/static/m3_idle.elf
2024-10-25 15:05:17,226 :: INFO :: Control node : Stop control node serial interface
2024-10-25 15:05:17,231 :: INFO :: Control node : stop power of open node
2024-10-25 15:05:17,272 :: INFO :: Control node : reset
2024-10-25 15:05:17,275 :: INFO :: Reset Control Node
2024-10-25 15:05:20,098 :: INFO :: Stop experiment succeeded
