2024-10-25 14:54:48,284 :: INFO :: Start experiment: perezram-407285
2024-10-25 14:54:48,288 :: INFO :: Control node : Starting of control node serial interface
2024-10-25 14:54:48,291 :: INFO :: Control node : reset
2024-10-25 14:54:48,294 :: INFO :: Reset Control Node
2024-10-25 14:54:51,085 :: INFO :: Control node : start power of open node
2024-10-25 14:54:51,101 :: INFO :: Node OpenOCD: Setup of openocd node
2024-10-25 14:54:54,116 :: INFO :: Node OpenOCD: flash of openocd node
2024-10-25 14:54:54,121 :: INFO :: Flash firmware on OpenOCD: /tmp/tmpqnag01du--352689a53c87c5f159963f1cf20fc589_get-mac.iotlab
2024-10-25 14:55:01,614 :: INFO :: Control node : Start experiment
2024-10-25 14:55:01,682 :: INFO :: Control Node set time delay: 1994 us
2024-10-25 14:55:01,709 :: INFO :: Control node : profile configuration
2024-10-25 14:55:01,712 :: INFO :: Configure profile on Control Node
2024-10-25 14:55:01,778 :: INFO :: Start experiment succeeded
2024-10-25 15:05:11,439 :: INFO :: Gateway Manager : Stop experiment
2024-10-25 15:05:11,446 :: INFO :: Stop experiment
2024-10-25 15:05:11,450 :: INFO :: Control node : stop of the experiment
2024-10-25 15:05:11,454 :: INFO :: Control node : profile configuration
2024-10-25 15:05:11,458 :: INFO :: Configure profile on Control Node
2024-10-25 15:05:11,505 :: INFO :: Control node : start power of open node
2024-10-25 15:05:11,537 :: INFO :: Node OpenOCD: teardown of openocd node
2024-10-25 15:05:14,554 :: INFO :: openocd node debugger stop
2024-10-25 15:05:15,079 :: INFO :: Node OpenOCD: flash of openocd node
2024-10-25 15:05:15,082 :: INFO :: Flash firmware on OpenOCD: /usr/lib/python3.8/site-packages/gateway_code/static/m3_idle.elf
2024-10-25 15:05:17,224 :: INFO :: Control node : Stop control node serial interface
2024-10-25 15:05:17,229 :: INFO :: Control node : stop power of open node
2024-10-25 15:05:17,268 :: INFO :: Control node : reset
2024-10-25 15:05:17,272 :: INFO :: Reset Control Node
2024-10-25 15:05:20,076 :: INFO :: Stop experiment succeeded
