2024-10-25 14:54:47,606 :: INFO :: Start experiment: perezram-407285
2024-10-25 14:54:47,610 :: INFO :: Control node : Starting of control node serial interface
2024-10-25 14:54:47,613 :: INFO :: Control node : reset
2024-10-25 14:54:47,616 :: INFO :: Reset Control Node
2024-10-25 14:54:50,407 :: INFO :: Control node : start power of open node
2024-10-25 14:54:50,423 :: INFO :: Node OpenOCD: Setup of openocd node
2024-10-25 14:54:53,438 :: INFO :: Node OpenOCD: flash of openocd node
2024-10-25 14:54:53,443 :: INFO :: Flash firmware on OpenOCD: /tmp/tmpceir66zw--352689a53c87c5f159963f1cf20fc589_get-mac.iotlab
2024-10-25 14:55:00,935 :: INFO :: Control node : Start experiment
2024-10-25 14:55:01,030 :: INFO :: Control Node set time delay: 12592 us
2024-10-25 14:55:01,046 :: INFO :: Control node : profile configuration
2024-10-25 14:55:01,050 :: INFO :: Configure profile on Control Node
2024-10-25 14:55:01,100 :: INFO :: Start experiment succeeded
2024-10-25 15:05:11,230 :: INFO :: Gateway Manager : Stop experiment
2024-10-25 15:05:11,235 :: INFO :: Stop experiment
2024-10-25 15:05:11,239 :: INFO :: Control node : stop of the experiment
2024-10-25 15:05:11,244 :: INFO :: Control node : profile configuration
2024-10-25 15:05:11,247 :: INFO :: Configure profile on Control Node
2024-10-25 15:05:11,294 :: INFO :: Control node : start power of open node
2024-10-25 15:05:11,327 :: INFO :: Node OpenOCD: teardown of openocd node
2024-10-25 15:05:14,347 :: INFO :: openocd node debugger stop
2024-10-25 15:05:14,969 :: INFO :: Node OpenOCD: flash of openocd node
2024-10-25 15:05:14,972 :: INFO :: Flash firmware on OpenOCD: /usr/lib/python3.8/site-packages/gateway_code/static/m3_idle.elf
2024-10-25 15:05:17,114 :: INFO :: Control node : Stop control node serial interface
2024-10-25 15:05:17,119 :: INFO :: Control node : stop power of open node
2024-10-25 15:05:17,153 :: INFO :: Control node : reset
2024-10-25 15:05:17,157 :: INFO :: Reset Control Node
2024-10-25 15:05:19,910 :: INFO :: Stop experiment succeeded
