2024-10-25 14:54:48,086 :: INFO :: Start experiment: perezram-407285
2024-10-25 14:54:48,089 :: INFO :: Control node : Starting of control node serial interface
2024-10-25 14:54:48,093 :: INFO :: Control node : reset
2024-10-25 14:54:48,095 :: INFO :: Reset Control Node
2024-10-25 14:54:50,885 :: INFO :: Control node : start power of open node
2024-10-25 14:54:50,903 :: INFO :: Node OpenOCD: Setup of openocd node
2024-10-25 14:54:53,918 :: INFO :: Node OpenOCD: flash of openocd node
2024-10-25 14:54:53,923 :: INFO :: Flash firmware on OpenOCD: /tmp/tmphx9t4hd6--352689a53c87c5f159963f1cf20fc589_get-mac.iotlab
2024-10-25 14:55:01,466 :: INFO :: Control node : Start experiment
2024-10-25 14:55:01,526 :: INFO :: Control Node set time delay: 7168 us
2024-10-25 14:55:01,559 :: INFO :: Control node : profile configuration
2024-10-25 14:55:01,573 :: INFO :: Configure profile on Control Node
2024-10-25 14:55:01,628 :: INFO :: Start experiment succeeded
2024-10-25 15:05:11,339 :: INFO :: Gateway Manager : Stop experiment
2024-10-25 15:05:11,344 :: INFO :: Stop experiment
2024-10-25 15:05:11,348 :: INFO :: Control node : stop of the experiment
2024-10-25 15:05:11,353 :: INFO :: Control node : profile configuration
2024-10-25 15:05:11,356 :: INFO :: Configure profile on Control Node
2024-10-25 15:05:11,405 :: INFO :: Control node : start power of open node
2024-10-25 15:05:11,437 :: INFO :: Node OpenOCD: teardown of openocd node
2024-10-25 15:05:14,453 :: INFO :: openocd node debugger stop
2024-10-25 15:05:15,075 :: INFO :: Node OpenOCD: flash of openocd node
2024-10-25 15:05:15,078 :: INFO :: Flash firmware on OpenOCD: /usr/lib/python3.8/site-packages/gateway_code/static/m3_idle.elf
2024-10-25 15:05:17,220 :: INFO :: Control node : Stop control node serial interface
2024-10-25 15:05:17,224 :: INFO :: Control node : stop power of open node
2024-10-25 15:05:17,264 :: INFO :: Control node : reset
2024-10-25 15:05:17,268 :: INFO :: Reset Control Node
2024-10-25 15:05:20,043 :: INFO :: Stop experiment succeeded
