2024-10-25 14:54:48,122 :: INFO :: Start experiment: perezram-407285
2024-10-25 14:54:48,126 :: INFO :: Control node : Starting of control node serial interface
2024-10-25 14:54:48,129 :: INFO :: Control node : reset
2024-10-25 14:54:48,132 :: INFO :: Reset Control Node
2024-10-25 14:54:50,921 :: INFO :: Control node : start power of open node
2024-10-25 14:54:50,938 :: INFO :: Node OpenOCD: Setup of openocd node
2024-10-25 14:54:53,954 :: INFO :: Node OpenOCD: flash of openocd node
2024-10-25 14:54:53,958 :: INFO :: Flash firmware on OpenOCD: /tmp/tmp5ijaey2s--352689a53c87c5f159963f1cf20fc589_get-mac.iotlab
2024-10-25 14:55:01,450 :: INFO :: Control node : Start experiment
2024-10-25 14:55:01,517 :: INFO :: Control Node set time delay: 10840 us
2024-10-25 14:55:01,546 :: INFO :: Control node : profile configuration
2024-10-25 14:55:01,549 :: INFO :: Configure profile on Control Node
2024-10-25 14:55:01,615 :: INFO :: Start experiment succeeded
2024-10-25 15:05:11,344 :: INFO :: Gateway Manager : Stop experiment
2024-10-25 15:05:11,349 :: INFO :: Stop experiment
2024-10-25 15:05:11,354 :: INFO :: Control node : stop of the experiment
2024-10-25 15:05:11,359 :: INFO :: Control node : profile configuration
2024-10-25 15:05:11,362 :: INFO :: Configure profile on Control Node
2024-10-25 15:05:11,419 :: INFO :: Control node : start power of open node
2024-10-25 15:05:11,451 :: INFO :: Node OpenOCD: teardown of openocd node
2024-10-25 15:05:14,468 :: INFO :: openocd node debugger stop
2024-10-25 15:05:14,993 :: INFO :: Node OpenOCD: flash of openocd node
2024-10-25 15:05:14,996 :: INFO :: Flash firmware on OpenOCD: /usr/lib/python3.8/site-packages/gateway_code/static/m3_idle.elf
2024-10-25 15:05:17,138 :: INFO :: Control node : Stop control node serial interface
2024-10-25 15:05:17,142 :: INFO :: Control node : stop power of open node
2024-10-25 15:05:17,183 :: INFO :: Control node : reset
2024-10-25 15:05:17,187 :: INFO :: Reset Control Node
2024-10-25 15:05:19,932 :: INFO :: Stop experiment succeeded
