2024-10-25 14:54:47,590 :: INFO :: Start experiment: perezram-407285
2024-10-25 14:54:47,594 :: INFO :: Control node : Starting of control node serial interface
2024-10-25 14:54:47,597 :: INFO :: Control node : reset
2024-10-25 14:54:47,600 :: INFO :: Reset Control Node
2024-10-25 14:54:50,394 :: INFO :: Control node : start power of open node
2024-10-25 14:54:50,418 :: INFO :: Node OpenOCD: Setup of openocd node
2024-10-25 14:54:53,433 :: INFO :: Node OpenOCD: flash of openocd node
2024-10-25 14:54:53,438 :: INFO :: Flash firmware on OpenOCD: /tmp/tmpae3sbhjd--352689a53c87c5f159963f1cf20fc589_get-mac.iotlab
2024-10-25 14:55:00,983 :: INFO :: Control node : Start experiment
2024-10-25 14:55:01,041 :: INFO :: Control Node set time delay: 2037 us
2024-10-25 14:55:01,074 :: INFO :: Control node : profile configuration
2024-10-25 14:55:01,087 :: INFO :: Configure profile on Control Node
2024-10-25 14:55:01,143 :: INFO :: Start experiment succeeded
2024-10-25 15:05:11,224 :: INFO :: Gateway Manager : Stop experiment
2024-10-25 15:05:11,229 :: INFO :: Stop experiment
2024-10-25 15:05:11,233 :: INFO :: Control node : stop of the experiment
2024-10-25 15:05:11,238 :: INFO :: Control node : profile configuration
2024-10-25 15:05:11,241 :: INFO :: Configure profile on Control Node
2024-10-25 15:05:11,298 :: INFO :: Control node : start power of open node
2024-10-25 15:05:11,330 :: INFO :: Node OpenOCD: teardown of openocd node
2024-10-25 15:05:14,347 :: INFO :: openocd node debugger stop
2024-10-25 15:05:14,872 :: INFO :: Node OpenOCD: flash of openocd node
2024-10-25 15:05:14,875 :: INFO :: Flash firmware on OpenOCD: /usr/lib/python3.8/site-packages/gateway_code/static/m3_idle.elf
2024-10-25 15:05:17,019 :: INFO :: Control node : Stop control node serial interface
2024-10-25 15:05:17,024 :: INFO :: Control node : stop power of open node
2024-10-25 15:05:17,062 :: INFO :: Control node : reset
2024-10-25 15:05:17,066 :: INFO :: Reset Control Node
2024-10-25 15:05:19,824 :: INFO :: Stop experiment succeeded
