2024-10-25 14:54:47,591 :: INFO :: Start experiment: perezram-407285
2024-10-25 14:54:47,594 :: INFO :: Control node : Starting of control node serial interface
2024-10-25 14:54:47,597 :: INFO :: Control node : reset
2024-10-25 14:54:47,600 :: INFO :: Reset Control Node
2024-10-25 14:54:50,391 :: INFO :: Control node : start power of open node
2024-10-25 14:54:50,409 :: INFO :: Node OpenOCD: Setup of openocd node
2024-10-25 14:54:53,423 :: INFO :: Node OpenOCD: flash of openocd node
2024-10-25 14:54:53,428 :: INFO :: Flash firmware on OpenOCD: /tmp/tmpqeggsyx1--352689a53c87c5f159963f1cf20fc589_get-mac.iotlab
2024-10-25 14:55:00,922 :: INFO :: Control node : Start experiment
2024-10-25 14:55:01,016 :: INFO :: Control Node set time delay: 13514 us
2024-10-25 14:55:01,031 :: INFO :: Control node : profile configuration
2024-10-25 14:55:01,035 :: INFO :: Configure profile on Control Node
2024-10-25 14:55:01,085 :: INFO :: Start experiment succeeded
2024-10-25 15:05:11,350 :: INFO :: Gateway Manager : Stop experiment
2024-10-25 15:05:11,355 :: INFO :: Stop experiment
2024-10-25 15:05:11,359 :: INFO :: Control node : stop of the experiment
2024-10-25 15:05:11,364 :: INFO :: Control node : profile configuration
2024-10-25 15:05:11,367 :: INFO :: Configure profile on Control Node
2024-10-25 15:05:11,423 :: INFO :: Control node : start power of open node
2024-10-25 15:05:11,453 :: INFO :: Node OpenOCD: teardown of openocd node
2024-10-25 15:05:14,469 :: INFO :: openocd node debugger stop
2024-10-25 15:05:15,091 :: INFO :: Node OpenOCD: flash of openocd node
2024-10-25 15:05:15,094 :: INFO :: Flash firmware on OpenOCD: /usr/lib/python3.8/site-packages/gateway_code/static/m3_idle.elf
2024-10-25 15:05:17,235 :: INFO :: Control node : Stop control node serial interface
2024-10-25 15:05:17,240 :: INFO :: Control node : stop power of open node
2024-10-25 15:05:17,280 :: INFO :: Control node : reset
2024-10-25 15:05:17,284 :: INFO :: Reset Control Node
2024-10-25 15:05:20,153 :: INFO :: Stop experiment succeeded
