2024-10-25 14:54:47,599 :: INFO :: Start experiment: perezram-407285
2024-10-25 14:54:47,603 :: INFO :: Control node : Starting of control node serial interface
2024-10-25 14:54:47,606 :: INFO :: Control node : reset
2024-10-25 14:54:47,609 :: INFO :: Reset Control Node
2024-10-25 14:54:50,400 :: INFO :: Control node : start power of open node
2024-10-25 14:54:50,429 :: INFO :: Node OpenOCD: Setup of openocd node
2024-10-25 14:54:53,444 :: INFO :: Node OpenOCD: flash of openocd node
2024-10-25 14:54:53,449 :: INFO :: Flash firmware on OpenOCD: /tmp/tmp58pjhc1s--352689a53c87c5f159963f1cf20fc589_get-mac.iotlab
2024-10-25 14:55:00,942 :: INFO :: Control node : Start experiment
2024-10-25 14:55:01,020 :: INFO :: Control Node set time delay: 7747 us
2024-10-25 14:55:01,052 :: INFO :: Control node : profile configuration
2024-10-25 14:55:01,056 :: INFO :: Configure profile on Control Node
2024-10-25 14:55:01,106 :: INFO :: Start experiment succeeded
2024-10-25 15:05:11,352 :: INFO :: Gateway Manager : Stop experiment
2024-10-25 15:05:11,357 :: INFO :: Stop experiment
2024-10-25 15:05:11,361 :: INFO :: Control node : stop of the experiment
2024-10-25 15:05:11,366 :: INFO :: Control node : profile configuration
2024-10-25 15:05:11,369 :: INFO :: Configure profile on Control Node
2024-10-25 15:05:11,429 :: INFO :: Control node : start power of open node
2024-10-25 15:05:11,460 :: INFO :: Node OpenOCD: teardown of openocd node
2024-10-25 15:05:14,475 :: INFO :: openocd node debugger stop
2024-10-25 15:05:15,097 :: INFO :: Node OpenOCD: flash of openocd node
2024-10-25 15:05:15,100 :: INFO :: Flash firmware on OpenOCD: /usr/lib/python3.8/site-packages/gateway_code/static/m3_idle.elf
2024-10-25 15:05:17,241 :: INFO :: Control node : Stop control node serial interface
2024-10-25 15:05:17,246 :: INFO :: Control node : stop power of open node
2024-10-25 15:05:17,287 :: INFO :: Control node : reset
2024-10-25 15:05:17,291 :: INFO :: Reset Control Node
2024-10-25 15:05:20,143 :: INFO :: Stop experiment succeeded
