2024-10-25 14:54:48,025 :: INFO :: Start experiment: perezram-407285
2024-10-25 14:54:48,029 :: INFO :: Control node : Starting of control node serial interface
2024-10-25 14:54:48,032 :: INFO :: Control node : reset
2024-10-25 14:54:48,035 :: INFO :: Reset Control Node
2024-10-25 14:54:50,822 :: INFO :: Control node : start power of open node
2024-10-25 14:54:50,845 :: INFO :: Node OpenOCD: Setup of openocd node
2024-10-25 14:54:53,860 :: INFO :: Node OpenOCD: flash of openocd node
2024-10-25 14:54:53,865 :: INFO :: Flash firmware on OpenOCD: /tmp/tmpt47jwx4u--352689a53c87c5f159963f1cf20fc589_get-mac.iotlab
2024-10-25 14:55:01,410 :: INFO :: Control node : Start experiment
2024-10-25 14:55:01,485 :: INFO :: Control Node set time delay: 5579 us
2024-10-25 14:55:01,514 :: INFO :: Control node : profile configuration
2024-10-25 14:55:01,517 :: INFO :: Configure profile on Control Node
2024-10-25 14:55:01,571 :: INFO :: Start experiment succeeded
2024-10-25 15:05:11,423 :: INFO :: Gateway Manager : Stop experiment
2024-10-25 15:05:11,428 :: INFO :: Stop experiment
2024-10-25 15:05:11,432 :: INFO :: Control node : stop of the experiment
2024-10-25 15:05:11,437 :: INFO :: Control node : profile configuration
2024-10-25 15:05:11,440 :: INFO :: Configure profile on Control Node
2024-10-25 15:05:11,486 :: INFO :: Control node : start power of open node
2024-10-25 15:05:11,518 :: INFO :: Node OpenOCD: teardown of openocd node
2024-10-25 15:05:14,543 :: INFO :: openocd node debugger stop
2024-10-25 15:05:15,068 :: INFO :: Node OpenOCD: flash of openocd node
2024-10-25 15:05:15,072 :: INFO :: Flash firmware on OpenOCD: /usr/lib/python3.8/site-packages/gateway_code/static/m3_idle.elf
2024-10-25 15:05:17,214 :: INFO :: Control node : Stop control node serial interface
2024-10-25 15:05:17,218 :: INFO :: Control node : stop power of open node
2024-10-25 15:05:17,265 :: INFO :: Control node : reset
2024-10-25 15:05:17,269 :: INFO :: Reset Control Node
2024-10-25 15:05:20,073 :: INFO :: Stop experiment succeeded
