2024-10-25 14:54:48,032 :: INFO :: Start experiment: perezram-407285
2024-10-25 14:54:48,036 :: INFO :: Control node : Starting of control node serial interface
2024-10-25 14:54:48,039 :: INFO :: Control node : reset
2024-10-25 14:54:48,042 :: INFO :: Reset Control Node
2024-10-25 14:54:50,829 :: INFO :: Control node : start power of open node
2024-10-25 14:54:50,848 :: INFO :: Node OpenOCD: Setup of openocd node
2024-10-25 14:54:53,862 :: INFO :: Node OpenOCD: flash of openocd node
2024-10-25 14:54:53,867 :: INFO :: Flash firmware on OpenOCD: /tmp/tmp9m6gn5t6--352689a53c87c5f159963f1cf20fc589_get-mac.iotlab
2024-10-25 14:55:01,359 :: INFO :: Control node : Start experiment
2024-10-25 14:55:01,450 :: INFO :: Control Node set time delay: 12681 us
2024-10-25 14:55:01,471 :: INFO :: Control node : profile configuration
2024-10-25 14:55:01,474 :: INFO :: Configure profile on Control Node
2024-10-25 14:55:01,525 :: INFO :: Start experiment succeeded
2024-10-25 15:05:11,426 :: INFO :: Gateway Manager : Stop experiment
2024-10-25 15:05:11,432 :: INFO :: Stop experiment
2024-10-25 15:05:11,440 :: INFO :: Control node : stop of the experiment
2024-10-25 15:05:11,445 :: INFO :: Control node : profile configuration
2024-10-25 15:05:11,450 :: INFO :: Configure profile on Control Node
2024-10-25 15:05:11,506 :: INFO :: Control node : start power of open node
2024-10-25 15:05:11,538 :: INFO :: Node OpenOCD: teardown of openocd node
2024-10-25 15:05:14,553 :: INFO :: openocd node debugger stop
2024-10-25 15:05:15,078 :: INFO :: Node OpenOCD: flash of openocd node
2024-10-25 15:05:15,081 :: INFO :: Flash firmware on OpenOCD: /usr/lib/python3.8/site-packages/gateway_code/static/m3_idle.elf
2024-10-25 15:05:17,224 :: INFO :: Control node : Stop control node serial interface
2024-10-25 15:05:17,229 :: INFO :: Control node : stop power of open node
2024-10-25 15:05:17,269 :: INFO :: Control node : reset
2024-10-25 15:05:17,273 :: INFO :: Reset Control Node
2024-10-25 15:05:20,100 :: INFO :: Stop experiment succeeded
