2024-10-25 14:54:47,537 :: INFO :: Start experiment: perezram-407285
2024-10-25 14:54:47,541 :: INFO :: Control node : Starting of control node serial interface
2024-10-25 14:54:47,544 :: INFO :: Control node : reset
2024-10-25 14:54:47,547 :: INFO :: Reset Control Node
2024-10-25 14:54:50,357 :: INFO :: Control node : start power of open node
2024-10-25 14:54:50,374 :: INFO :: Node OpenOCD: Setup of openocd node
2024-10-25 14:54:53,389 :: INFO :: Node OpenOCD: flash of openocd node
2024-10-25 14:54:53,394 :: INFO :: Flash firmware on OpenOCD: /tmp/tmpl3v8k8et--352689a53c87c5f159963f1cf20fc589_get-mac.iotlab
2024-10-25 14:55:00,889 :: INFO :: Control node : Start experiment
2024-10-25 14:55:00,967 :: INFO :: Control Node set time delay: 7755 us
2024-10-25 14:55:00,997 :: INFO :: Control node : profile configuration
2024-10-25 14:55:01,000 :: INFO :: Configure profile on Control Node
2024-10-25 14:55:01,050 :: INFO :: Start experiment succeeded
2024-10-25 15:05:11,224 :: INFO :: Gateway Manager : Stop experiment
2024-10-25 15:05:11,229 :: INFO :: Stop experiment
2024-10-25 15:05:11,233 :: INFO :: Control node : stop of the experiment
2024-10-25 15:05:11,238 :: INFO :: Control node : profile configuration
2024-10-25 15:05:11,241 :: INFO :: Configure profile on Control Node
2024-10-25 15:05:11,288 :: INFO :: Control node : start power of open node
2024-10-25 15:05:11,320 :: INFO :: Node OpenOCD: teardown of openocd node
2024-10-25 15:05:14,336 :: INFO :: openocd node debugger stop
2024-10-25 15:05:14,958 :: INFO :: Node OpenOCD: flash of openocd node
2024-10-25 15:05:14,961 :: INFO :: Flash firmware on OpenOCD: /usr/lib/python3.8/site-packages/gateway_code/static/m3_idle.elf
2024-10-25 15:05:17,105 :: INFO :: Control node : Stop control node serial interface
2024-10-25 15:05:17,110 :: INFO :: Control node : stop power of open node
2024-10-25 15:05:17,148 :: INFO :: Control node : reset
2024-10-25 15:05:17,151 :: INFO :: Reset Control Node
2024-10-25 15:05:19,893 :: INFO :: Stop experiment succeeded
