2024-10-25 14:54:48,161 :: INFO :: Start experiment: perezram-407285
2024-10-25 14:54:48,165 :: INFO :: Control node : Starting of control node serial interface
2024-10-25 14:54:48,168 :: INFO :: Control node : reset
2024-10-25 14:54:48,171 :: INFO :: Reset Control Node
2024-10-25 14:54:50,960 :: INFO :: Control node : start power of open node
2024-10-25 14:54:50,977 :: INFO :: Node OpenOCD: Setup of openocd node
2024-10-25 14:54:53,992 :: INFO :: Node OpenOCD: flash of openocd node
2024-10-25 14:54:53,997 :: INFO :: Flash firmware on OpenOCD: /tmp/tmpk9t0ojye--352689a53c87c5f159963f1cf20fc589_get-mac.iotlab
2024-10-25 14:55:01,440 :: INFO :: Control node : Start experiment
2024-10-25 14:55:01,538 :: INFO :: Control Node set time delay: 12727 us
2024-10-25 14:55:01,552 :: INFO :: Control node : profile configuration
2024-10-25 14:55:01,556 :: INFO :: Configure profile on Control Node
2024-10-25 14:55:01,606 :: INFO :: Start experiment succeeded
2024-10-25 15:05:11,350 :: INFO :: Gateway Manager : Stop experiment
2024-10-25 15:05:11,356 :: INFO :: Stop experiment
2024-10-25 15:05:11,360 :: INFO :: Control node : stop of the experiment
2024-10-25 15:05:11,365 :: INFO :: Control node : profile configuration
2024-10-25 15:05:11,368 :: INFO :: Configure profile on Control Node
2024-10-25 15:05:11,412 :: INFO :: Control node : start power of open node
2024-10-25 15:05:11,444 :: INFO :: Node OpenOCD: teardown of openocd node
2024-10-25 15:05:14,461 :: INFO :: openocd node debugger stop
2024-10-25 15:05:15,082 :: INFO :: Node OpenOCD: flash of openocd node
2024-10-25 15:05:15,086 :: INFO :: Flash firmware on OpenOCD: /usr/lib/python3.8/site-packages/gateway_code/static/m3_idle.elf
2024-10-25 15:05:17,226 :: INFO :: Control node : Stop control node serial interface
2024-10-25 15:05:17,231 :: INFO :: Control node : stop power of open node
2024-10-25 15:05:17,272 :: INFO :: Control node : reset
2024-10-25 15:05:17,275 :: INFO :: Reset Control Node
2024-10-25 15:05:20,129 :: INFO :: Stop experiment succeeded
