2024-10-25 14:54:48,138 :: INFO :: Start experiment: perezram-407285
2024-10-25 14:54:48,142 :: INFO :: Control node : Starting of control node serial interface
2024-10-25 14:54:48,145 :: INFO :: Control node : reset
2024-10-25 14:54:48,148 :: INFO :: Reset Control Node
2024-10-25 14:54:50,936 :: INFO :: Control node : start power of open node
2024-10-25 14:54:50,954 :: INFO :: Node OpenOCD: Setup of openocd node
2024-10-25 14:54:53,968 :: INFO :: Node OpenOCD: flash of openocd node
2024-10-25 14:54:53,973 :: INFO :: Flash firmware on OpenOCD: /tmp/tmpnk12yf8o--352689a53c87c5f159963f1cf20fc589_get-mac.iotlab
2024-10-25 14:55:01,417 :: INFO :: Control node : Start experiment
2024-10-25 14:55:01,482 :: INFO :: Control Node set time delay: 3276 us
2024-10-25 14:55:01,514 :: INFO :: Control node : profile configuration
2024-10-25 14:55:01,517 :: INFO :: Configure profile on Control Node
2024-10-25 14:55:01,583 :: INFO :: Start experiment succeeded
2024-10-25 15:05:11,355 :: INFO :: Gateway Manager : Stop experiment
2024-10-25 15:05:11,360 :: INFO :: Stop experiment
2024-10-25 15:05:11,364 :: INFO :: Control node : stop of the experiment
2024-10-25 15:05:11,369 :: INFO :: Control node : profile configuration
2024-10-25 15:05:11,372 :: INFO :: Configure profile on Control Node
2024-10-25 15:05:11,421 :: INFO :: Control node : start power of open node
2024-10-25 15:05:11,452 :: INFO :: Node OpenOCD: teardown of openocd node
2024-10-25 15:05:14,468 :: INFO :: openocd node debugger stop
2024-10-25 15:05:14,992 :: INFO :: Node OpenOCD: flash of openocd node
2024-10-25 15:05:14,996 :: INFO :: Flash firmware on OpenOCD: /usr/lib/python3.8/site-packages/gateway_code/static/m3_idle.elf
2024-10-25 15:05:17,136 :: INFO :: Control node : Stop control node serial interface
2024-10-25 15:05:17,141 :: INFO :: Control node : stop power of open node
2024-10-25 15:05:17,184 :: INFO :: Control node : reset
2024-10-25 15:05:17,187 :: INFO :: Reset Control Node
2024-10-25 15:05:19,933 :: INFO :: Stop experiment succeeded
