2024-10-25 14:54:47,597 :: INFO :: Start experiment: perezram-407285
2024-10-25 14:54:47,601 :: INFO :: Control node : Starting of control node serial interface
2024-10-25 14:54:47,604 :: INFO :: Control node : reset
2024-10-25 14:54:47,607 :: INFO :: Reset Control Node
2024-10-25 14:54:50,397 :: INFO :: Control node : start power of open node
2024-10-25 14:54:50,414 :: INFO :: Node OpenOCD: Setup of openocd node
2024-10-25 14:54:53,428 :: INFO :: Node OpenOCD: flash of openocd node
2024-10-25 14:54:53,434 :: INFO :: Flash firmware on OpenOCD: /tmp/tmpqgg5u6zs--352689a53c87c5f159963f1cf20fc589_get-mac.iotlab
2024-10-25 14:55:00,978 :: INFO :: Control node : Start experiment
2024-10-25 14:55:01,037 :: INFO :: Control Node set time delay: 5927 us
2024-10-25 14:55:01,069 :: INFO :: Control node : profile configuration
2024-10-25 14:55:01,083 :: INFO :: Configure profile on Control Node
2024-10-25 14:55:01,139 :: INFO :: Start experiment succeeded
2024-10-25 15:05:11,348 :: INFO :: Gateway Manager : Stop experiment
2024-10-25 15:05:11,353 :: INFO :: Stop experiment
2024-10-25 15:05:11,357 :: INFO :: Control node : stop of the experiment
2024-10-25 15:05:11,362 :: INFO :: Control node : profile configuration
2024-10-25 15:05:11,365 :: INFO :: Configure profile on Control Node
2024-10-25 15:05:11,424 :: INFO :: Control node : start power of open node
2024-10-25 15:05:11,469 :: INFO :: Node OpenOCD: teardown of openocd node
2024-10-25 15:05:14,485 :: INFO :: openocd node debugger stop
2024-10-25 15:05:15,107 :: INFO :: Node OpenOCD: flash of openocd node
2024-10-25 15:05:15,110 :: INFO :: Flash firmware on OpenOCD: /usr/lib/python3.8/site-packages/gateway_code/static/m3_idle.elf
2024-10-25 15:05:17,252 :: INFO :: Control node : Stop control node serial interface
2024-10-25 15:05:17,257 :: INFO :: Control node : stop power of open node
2024-10-25 15:05:17,297 :: INFO :: Control node : reset
2024-10-25 15:05:17,301 :: INFO :: Reset Control Node
2024-10-25 15:05:20,154 :: INFO :: Stop experiment succeeded
