2024-10-25 14:54:48,147 :: INFO :: Start experiment: perezram-407285
2024-10-25 14:54:48,151 :: INFO :: Control node : Starting of control node serial interface
2024-10-25 14:54:48,154 :: INFO :: Control node : reset
2024-10-25 14:54:48,157 :: INFO :: Reset Control Node
2024-10-25 14:54:50,948 :: INFO :: Control node : start power of open node
2024-10-25 14:54:50,972 :: INFO :: Node OpenOCD: Setup of openocd node
2024-10-25 14:54:53,987 :: INFO :: Node OpenOCD: flash of openocd node
2024-10-25 14:54:53,992 :: INFO :: Flash firmware on OpenOCD: /tmp/tmpo9v2tmlz--352689a53c87c5f159963f1cf20fc589_get-mac.iotlab
2024-10-25 14:55:01,485 :: INFO :: Control node : Start experiment
2024-10-25 14:55:01,549 :: INFO :: Control Node set time delay: 6108 us
2024-10-25 14:55:01,580 :: INFO :: Control node : profile configuration
2024-10-25 14:55:01,583 :: INFO :: Configure profile on Control Node
2024-10-25 14:55:01,649 :: INFO :: Start experiment succeeded
2024-10-25 15:05:11,432 :: INFO :: Gateway Manager : Stop experiment
2024-10-25 15:05:11,438 :: INFO :: Stop experiment
2024-10-25 15:05:11,443 :: INFO :: Control node : stop of the experiment
2024-10-25 15:05:11,449 :: INFO :: Control node : profile configuration
2024-10-25 15:05:11,452 :: INFO :: Configure profile on Control Node
2024-10-25 15:05:11,503 :: INFO :: Control node : start power of open node
2024-10-25 15:05:11,535 :: INFO :: Node OpenOCD: teardown of openocd node
2024-10-25 15:05:14,551 :: INFO :: openocd node debugger stop
2024-10-25 15:05:15,076 :: INFO :: Node OpenOCD: flash of openocd node
2024-10-25 15:05:15,079 :: INFO :: Flash firmware on OpenOCD: /usr/lib/python3.8/site-packages/gateway_code/static/m3_idle.elf
2024-10-25 15:05:17,222 :: INFO :: Control node : Stop control node serial interface
2024-10-25 15:05:17,227 :: INFO :: Control node : stop power of open node
2024-10-25 15:05:17,267 :: INFO :: Control node : reset
2024-10-25 15:05:17,271 :: INFO :: Reset Control Node
2024-10-25 15:05:20,093 :: INFO :: Stop experiment succeeded
