2024-10-25 14:54:48,116 :: INFO :: Start experiment: perezram-407285
2024-10-25 14:54:48,120 :: INFO :: Control node : Starting of control node serial interface
2024-10-25 14:54:48,123 :: INFO :: Control node : reset
2024-10-25 14:54:48,126 :: INFO :: Reset Control Node
2024-10-25 14:54:50,916 :: INFO :: Control node : start power of open node
2024-10-25 14:54:50,934 :: INFO :: Node OpenOCD: Setup of openocd node
2024-10-25 14:54:53,948 :: INFO :: Node OpenOCD: flash of openocd node
2024-10-25 14:54:53,953 :: INFO :: Flash firmware on OpenOCD: /tmp/tmp4poyarr4--352689a53c87c5f159963f1cf20fc589_get-mac.iotlab
2024-10-25 14:55:01,495 :: INFO :: Control node : Start experiment
2024-10-25 14:55:01,573 :: INFO :: Control Node set time delay: 14198 us
2024-10-25 14:55:01,604 :: INFO :: Control node : profile configuration
2024-10-25 14:55:01,608 :: INFO :: Configure profile on Control Node
2024-10-25 14:55:01,658 :: INFO :: Start experiment succeeded
2024-10-25 15:05:11,349 :: INFO :: Gateway Manager : Stop experiment
2024-10-25 15:05:11,354 :: INFO :: Stop experiment
2024-10-25 15:05:11,358 :: INFO :: Control node : stop of the experiment
2024-10-25 15:05:11,363 :: INFO :: Control node : profile configuration
2024-10-25 15:05:11,366 :: INFO :: Configure profile on Control Node
2024-10-25 15:05:11,415 :: INFO :: Control node : start power of open node
2024-10-25 15:05:11,451 :: INFO :: Node OpenOCD: teardown of openocd node
2024-10-25 15:05:14,467 :: INFO :: openocd node debugger stop
2024-10-25 15:05:14,992 :: INFO :: Node OpenOCD: flash of openocd node
2024-10-25 15:05:14,995 :: INFO :: Flash firmware on OpenOCD: /usr/lib/python3.8/site-packages/gateway_code/static/m3_idle.elf
2024-10-25 15:05:17,136 :: INFO :: Control node : Stop control node serial interface
2024-10-25 15:05:17,141 :: INFO :: Control node : stop power of open node
2024-10-25 15:05:17,179 :: INFO :: Control node : reset
2024-10-25 15:05:17,183 :: INFO :: Reset Control Node
2024-10-25 15:05:19,973 :: INFO :: Stop experiment succeeded
