2024-10-25 14:54:48,164 :: INFO :: Start experiment: perezram-407285
2024-10-25 14:54:48,168 :: INFO :: Control node : Starting of control node serial interface
2024-10-25 14:54:48,171 :: INFO :: Control node : reset
2024-10-25 14:54:48,174 :: INFO :: Reset Control Node
2024-10-25 14:54:51,012 :: INFO :: Control node : start power of open node
2024-10-25 14:54:51,030 :: INFO :: Node OpenOCD: Setup of openocd node
2024-10-25 14:54:54,045 :: INFO :: Node OpenOCD: flash of openocd node
2024-10-25 14:54:54,050 :: INFO :: Flash firmware on OpenOCD: /tmp/tmpxcynliyh--352689a53c87c5f159963f1cf20fc589_get-mac.iotlab
2024-10-25 14:55:01,596 :: INFO :: Control node : Start experiment
2024-10-25 14:55:01,653 :: INFO :: Control Node set time delay: 2613 us
2024-10-25 14:55:01,686 :: INFO :: Control node : profile configuration
2024-10-25 14:55:01,699 :: INFO :: Configure profile on Control Node
2024-10-25 14:55:01,755 :: INFO :: Start experiment succeeded
2024-10-25 15:05:11,348 :: INFO :: Gateway Manager : Stop experiment
2024-10-25 15:05:11,353 :: INFO :: Stop experiment
2024-10-25 15:05:11,357 :: INFO :: Control node : stop of the experiment
2024-10-25 15:05:11,362 :: INFO :: Control node : profile configuration
2024-10-25 15:05:11,365 :: INFO :: Configure profile on Control Node
2024-10-25 15:05:11,419 :: INFO :: Control node : start power of open node
2024-10-25 15:05:11,451 :: INFO :: Node OpenOCD: teardown of openocd node
2024-10-25 15:05:14,483 :: INFO :: openocd node debugger stop
2024-10-25 15:05:15,009 :: INFO :: Node OpenOCD: flash of openocd node
2024-10-25 15:05:15,012 :: INFO :: Flash firmware on OpenOCD: /usr/lib/python3.8/site-packages/gateway_code/static/m3_idle.elf
2024-10-25 15:05:17,154 :: INFO :: Control node : Stop control node serial interface
2024-10-25 15:05:17,159 :: INFO :: Control node : stop power of open node
2024-10-25 15:05:17,198 :: INFO :: Control node : reset
2024-10-25 15:05:17,202 :: INFO :: Reset Control Node
2024-10-25 15:05:19,995 :: INFO :: Stop experiment succeeded
