2024-10-25 14:54:47,625 :: INFO :: Start experiment: perezram-407285
2024-10-25 14:54:47,629 :: INFO :: Control node : Starting of control node serial interface
2024-10-25 14:54:47,632 :: INFO :: Control node : reset
2024-10-25 14:54:47,635 :: INFO :: Reset Control Node
2024-10-25 14:54:50,424 :: INFO :: Control node : start power of open node
2024-10-25 14:54:50,442 :: INFO :: Node OpenOCD: Setup of openocd node
2024-10-25 14:54:53,457 :: INFO :: Node OpenOCD: flash of openocd node
2024-10-25 14:54:53,462 :: INFO :: Flash firmware on OpenOCD: /tmp/tmpohfqj5mc--352689a53c87c5f159963f1cf20fc589_get-mac.iotlab
2024-10-25 14:55:00,954 :: INFO :: Control node : Start experiment
2024-10-25 14:55:01,019 :: INFO :: Control Node set time delay: 7001 us
2024-10-25 14:55:01,050 :: INFO :: Control node : profile configuration
2024-10-25 14:55:01,053 :: INFO :: Configure profile on Control Node
2024-10-25 14:55:01,119 :: INFO :: Start experiment succeeded
2024-10-25 15:05:11,331 :: INFO :: Gateway Manager : Stop experiment
2024-10-25 15:05:11,337 :: INFO :: Stop experiment
2024-10-25 15:05:11,341 :: INFO :: Control node : stop of the experiment
2024-10-25 15:05:11,346 :: INFO :: Control node : profile configuration
2024-10-25 15:05:11,349 :: INFO :: Configure profile on Control Node
2024-10-25 15:05:11,407 :: INFO :: Control node : start power of open node
2024-10-25 15:05:11,439 :: INFO :: Node OpenOCD: teardown of openocd node
2024-10-25 15:05:14,454 :: INFO :: openocd node debugger stop
2024-10-25 15:05:15,076 :: INFO :: Node OpenOCD: flash of openocd node
2024-10-25 15:05:15,080 :: INFO :: Flash firmware on OpenOCD: /usr/lib/python3.8/site-packages/gateway_code/static/m3_idle.elf
2024-10-25 15:05:17,223 :: INFO :: Control node : Stop control node serial interface
2024-10-25 15:05:17,227 :: INFO :: Control node : stop power of open node
2024-10-25 15:05:17,266 :: INFO :: Control node : reset
2024-10-25 15:05:17,270 :: INFO :: Reset Control Node
2024-10-25 15:05:20,086 :: INFO :: Stop experiment succeeded
