2024-10-25 14:54:47,620 :: INFO :: Start experiment: perezram-407285
2024-10-25 14:54:47,624 :: INFO :: Control node : Starting of control node serial interface
2024-10-25 14:54:47,627 :: INFO :: Control node : reset
2024-10-25 14:54:47,630 :: INFO :: Reset Control Node
2024-10-25 14:54:50,420 :: INFO :: Control node : start power of open node
2024-10-25 14:54:50,436 :: INFO :: Node OpenOCD: Setup of openocd node
2024-10-25 14:54:53,453 :: INFO :: Node OpenOCD: flash of openocd node
2024-10-25 14:54:53,458 :: INFO :: Flash firmware on OpenOCD: /tmp/tmplm_y603n--352689a53c87c5f159963f1cf20fc589_get-mac.iotlab
2024-10-25 14:55:00,999 :: INFO :: Control node : Start experiment
2024-10-25 14:55:01,060 :: INFO :: Control Node set time delay: 3091 us
2024-10-25 14:55:01,092 :: INFO :: Control node : profile configuration
2024-10-25 14:55:01,095 :: INFO :: Configure profile on Control Node
2024-10-25 14:55:01,161 :: INFO :: Start experiment succeeded
2024-10-25 15:05:11,335 :: INFO :: Gateway Manager : Stop experiment
2024-10-25 15:05:11,341 :: INFO :: Stop experiment
2024-10-25 15:05:11,345 :: INFO :: Control node : stop of the experiment
2024-10-25 15:05:11,350 :: INFO :: Control node : profile configuration
2024-10-25 15:05:11,353 :: INFO :: Configure profile on Control Node
2024-10-25 15:05:11,401 :: INFO :: Control node : start power of open node
2024-10-25 15:05:11,433 :: INFO :: Node OpenOCD: teardown of openocd node
2024-10-25 15:05:14,448 :: INFO :: openocd node debugger stop
2024-10-25 15:05:15,070 :: INFO :: Node OpenOCD: flash of openocd node
2024-10-25 15:05:15,074 :: INFO :: Flash firmware on OpenOCD: /usr/lib/python3.8/site-packages/gateway_code/static/m3_idle.elf
2024-10-25 15:05:17,165 :: INFO :: Control node : Stop control node serial interface
2024-10-25 15:05:17,169 :: INFO :: Control node : stop power of open node
2024-10-25 15:05:17,212 :: INFO :: Control node : reset
2024-10-25 15:05:17,216 :: INFO :: Reset Control Node
2024-10-25 15:05:19,999 :: INFO :: Stop experiment succeeded
