2024-10-25 14:54:47,603 :: INFO :: Start experiment: perezram-407285
2024-10-25 14:54:47,606 :: INFO :: Control node : Starting of control node serial interface
2024-10-25 14:54:47,609 :: INFO :: Control node : reset
2024-10-25 14:54:47,612 :: INFO :: Reset Control Node
2024-10-25 14:54:50,405 :: INFO :: Control node : start power of open node
2024-10-25 14:54:50,420 :: INFO :: Node OpenOCD: Setup of openocd node
2024-10-25 14:54:53,435 :: INFO :: Node OpenOCD: flash of openocd node
2024-10-25 14:54:53,440 :: INFO :: Flash firmware on OpenOCD: /tmp/tmpcp0rjim0--352689a53c87c5f159963f1cf20fc589_get-mac.iotlab
2024-10-25 14:55:00,986 :: INFO :: Control node : Start experiment
2024-10-25 14:55:01,071 :: INFO :: Control Node set time delay: 15907 us
2024-10-25 14:55:01,091 :: INFO :: Control node : profile configuration
2024-10-25 14:55:01,094 :: INFO :: Configure profile on Control Node
2024-10-25 14:55:01,161 :: INFO :: Start experiment succeeded
2024-10-25 15:05:11,236 :: INFO :: Gateway Manager : Stop experiment
2024-10-25 15:05:11,242 :: INFO :: Stop experiment
2024-10-25 15:05:11,246 :: INFO :: Control node : stop of the experiment
2024-10-25 15:05:11,251 :: INFO :: Control node : profile configuration
2024-10-25 15:05:11,254 :: INFO :: Configure profile on Control Node
2024-10-25 15:05:11,308 :: INFO :: Control node : start power of open node
2024-10-25 15:05:11,340 :: INFO :: Node OpenOCD: teardown of openocd node
2024-10-25 15:05:14,357 :: INFO :: openocd node debugger stop
2024-10-25 15:05:14,979 :: INFO :: Node OpenOCD: flash of openocd node
2024-10-25 15:05:14,982 :: INFO :: Flash firmware on OpenOCD: /usr/lib/python3.8/site-packages/gateway_code/static/m3_idle.elf
2024-10-25 15:05:17,124 :: INFO :: Control node : Stop control node serial interface
2024-10-25 15:05:17,129 :: INFO :: Control node : stop power of open node
2024-10-25 15:05:17,168 :: INFO :: Control node : reset
2024-10-25 15:05:17,172 :: INFO :: Reset Control Node
2024-10-25 15:05:19,940 :: INFO :: Stop experiment succeeded
