2024-10-25 14:54:47,612 :: INFO :: Start experiment: perezram-407285
2024-10-25 14:54:47,616 :: INFO :: Control node : Starting of control node serial interface
2024-10-25 14:54:47,619 :: INFO :: Control node : reset
2024-10-25 14:54:47,622 :: INFO :: Reset Control Node
2024-10-25 14:54:50,414 :: INFO :: Control node : start power of open node
2024-10-25 14:54:50,430 :: INFO :: Node OpenOCD: Setup of openocd node
2024-10-25 14:54:53,445 :: INFO :: Node OpenOCD: flash of openocd node
2024-10-25 14:54:53,450 :: INFO :: Flash firmware on OpenOCD: /tmp/tmps_ez0pob--352689a53c87c5f159963f1cf20fc589_get-mac.iotlab
2024-10-25 14:55:00,992 :: INFO :: Control node : Start experiment
2024-10-25 14:55:01,055 :: INFO :: Control Node set time delay: 7416 us
2024-10-25 14:55:01,086 :: INFO :: Control node : profile configuration
2024-10-25 14:55:01,089 :: INFO :: Configure profile on Control Node
2024-10-25 14:55:01,160 :: INFO :: Start experiment succeeded
2024-10-25 15:05:11,233 :: INFO :: Gateway Manager : Stop experiment
2024-10-25 15:05:11,238 :: INFO :: Stop experiment
2024-10-25 15:05:11,242 :: INFO :: Control node : stop of the experiment
2024-10-25 15:05:11,246 :: INFO :: Control node : profile configuration
2024-10-25 15:05:11,250 :: INFO :: Configure profile on Control Node
2024-10-25 15:05:11,300 :: INFO :: Control node : start power of open node
2024-10-25 15:05:11,332 :: INFO :: Node OpenOCD: teardown of openocd node
2024-10-25 15:05:14,348 :: INFO :: openocd node debugger stop
2024-10-25 15:05:14,970 :: INFO :: Node OpenOCD: flash of openocd node
2024-10-25 15:05:14,974 :: INFO :: Flash firmware on OpenOCD: /usr/lib/python3.8/site-packages/gateway_code/static/m3_idle.elf
2024-10-25 15:05:17,115 :: INFO :: Control node : Stop control node serial interface
2024-10-25 15:05:17,120 :: INFO :: Control node : stop power of open node
2024-10-25 15:05:17,159 :: INFO :: Control node : reset
2024-10-25 15:05:17,163 :: INFO :: Reset Control Node
2024-10-25 15:05:19,907 :: INFO :: Stop experiment succeeded
