2024-10-25 14:54:48,198 :: INFO :: Start experiment: perezram-407285
2024-10-25 14:54:48,202 :: INFO :: Control node : Starting of control node serial interface
2024-10-25 14:54:48,206 :: INFO :: Control node : reset
2024-10-25 14:54:48,208 :: INFO :: Reset Control Node
2024-10-25 14:54:51,001 :: INFO :: Control node : start power of open node
2024-10-25 14:54:51,026 :: INFO :: Node OpenOCD: Setup of openocd node
2024-10-25 14:54:54,041 :: INFO :: Node OpenOCD: flash of openocd node
2024-10-25 14:54:54,046 :: INFO :: Flash firmware on OpenOCD: /tmp/tmpitaz2ycz--352689a53c87c5f159963f1cf20fc589_get-mac.iotlab
2024-10-25 14:55:01,489 :: INFO :: Control node : Start experiment
2024-10-25 14:55:01,569 :: INFO :: Control Node set time delay: 8503 us
2024-10-25 14:55:01,599 :: INFO :: Control node : profile configuration
2024-10-25 14:55:01,602 :: INFO :: Configure profile on Control Node
2024-10-25 14:55:01,670 :: INFO :: Start experiment succeeded
2024-10-25 15:05:11,347 :: INFO :: Gateway Manager : Stop experiment
2024-10-25 15:05:11,353 :: INFO :: Stop experiment
2024-10-25 15:05:11,357 :: INFO :: Control node : stop of the experiment
2024-10-25 15:05:11,361 :: INFO :: Control node : profile configuration
2024-10-25 15:05:11,365 :: INFO :: Configure profile on Control Node
2024-10-25 15:05:11,409 :: INFO :: Control node : start power of open node
2024-10-25 15:05:11,441 :: INFO :: Node OpenOCD: teardown of openocd node
2024-10-25 15:05:14,457 :: INFO :: openocd node debugger stop
2024-10-25 15:05:14,982 :: INFO :: Node OpenOCD: flash of openocd node
2024-10-25 15:05:14,985 :: INFO :: Flash firmware on OpenOCD: /usr/lib/python3.8/site-packages/gateway_code/static/m3_idle.elf
2024-10-25 15:05:17,127 :: INFO :: Control node : Stop control node serial interface
2024-10-25 15:05:17,131 :: INFO :: Control node : stop power of open node
2024-10-25 15:05:17,173 :: INFO :: Control node : reset
2024-10-25 15:05:17,177 :: INFO :: Reset Control Node
2024-10-25 15:05:19,960 :: INFO :: Stop experiment succeeded
