2024-10-25 14:54:48,206 :: INFO :: Start experiment: perezram-407285
2024-10-25 14:54:48,210 :: INFO :: Control node : Starting of control node serial interface
2024-10-25 14:54:48,213 :: INFO :: Control node : reset
2024-10-25 14:54:48,217 :: INFO :: Reset Control Node
2024-10-25 14:54:51,008 :: INFO :: Control node : start power of open node
2024-10-25 14:54:51,024 :: INFO :: Node OpenOCD: Setup of openocd node
2024-10-25 14:54:54,039 :: INFO :: Node OpenOCD: flash of openocd node
2024-10-25 14:54:54,043 :: INFO :: Flash firmware on OpenOCD: /tmp/tmpyfpik3x1--352689a53c87c5f159963f1cf20fc589_get-mac.iotlab
2024-10-25 14:55:01,538 :: INFO :: Control node : Start experiment
2024-10-25 14:55:01,615 :: INFO :: Control Node set time delay: 15691 us
2024-10-25 14:55:01,647 :: INFO :: Control node : profile configuration
2024-10-25 14:55:01,650 :: INFO :: Configure profile on Control Node
2024-10-25 14:55:01,701 :: INFO :: Start experiment succeeded
2024-10-25 15:05:11,335 :: INFO :: Gateway Manager : Stop experiment
2024-10-25 15:05:11,340 :: INFO :: Stop experiment
2024-10-25 15:05:11,345 :: INFO :: Control node : stop of the experiment
2024-10-25 15:05:11,349 :: INFO :: Control node : profile configuration
2024-10-25 15:05:11,353 :: INFO :: Configure profile on Control Node
2024-10-25 15:05:11,411 :: INFO :: Control node : start power of open node
2024-10-25 15:05:11,443 :: INFO :: Node OpenOCD: teardown of openocd node
2024-10-25 15:05:14,459 :: INFO :: openocd node debugger stop
2024-10-25 15:05:15,081 :: INFO :: Node OpenOCD: flash of openocd node
2024-10-25 15:05:15,085 :: INFO :: Flash firmware on OpenOCD: /usr/lib/python3.8/site-packages/gateway_code/static/m3_idle.elf
2024-10-25 15:05:17,228 :: INFO :: Control node : Stop control node serial interface
2024-10-25 15:05:17,233 :: INFO :: Control node : stop power of open node
2024-10-25 15:05:17,271 :: INFO :: Control node : reset
2024-10-25 15:05:17,274 :: INFO :: Reset Control Node
2024-10-25 15:05:20,105 :: INFO :: Stop experiment succeeded
