2024-10-25 14:54:48,155 :: INFO :: Start experiment: perezram-407285
2024-10-25 14:54:48,159 :: INFO :: Control node : Starting of control node serial interface
2024-10-25 14:54:48,162 :: INFO :: Control node : reset
2024-10-25 14:54:48,165 :: INFO :: Reset Control Node
2024-10-25 14:54:50,951 :: INFO :: Control node : start power of open node
2024-10-25 14:54:50,970 :: INFO :: Node OpenOCD: Setup of openocd node
2024-10-25 14:54:53,984 :: INFO :: Node OpenOCD: flash of openocd node
2024-10-25 14:54:53,989 :: INFO :: Flash firmware on OpenOCD: /tmp/tmpaivyzizi--352689a53c87c5f159963f1cf20fc589_get-mac.iotlab
2024-10-25 14:55:01,481 :: INFO :: Control node : Start experiment
2024-10-25 14:55:01,546 :: INFO :: Control Node set time delay: 2532 us
2024-10-25 14:55:01,583 :: INFO :: Control node : profile configuration
2024-10-25 14:55:01,586 :: INFO :: Configure profile on Control Node
2024-10-25 14:55:01,646 :: INFO :: Start experiment succeeded
2024-10-25 15:05:11,364 :: INFO :: Gateway Manager : Stop experiment
2024-10-25 15:05:11,370 :: INFO :: Stop experiment
2024-10-25 15:05:11,374 :: INFO :: Control node : stop of the experiment
2024-10-25 15:05:11,379 :: INFO :: Control node : profile configuration
2024-10-25 15:05:11,382 :: INFO :: Configure profile on Control Node
2024-10-25 15:05:11,433 :: INFO :: Control node : start power of open node
2024-10-25 15:05:11,465 :: INFO :: Node OpenOCD: teardown of openocd node
2024-10-25 15:05:14,482 :: INFO :: openocd node debugger stop
2024-10-25 15:05:15,007 :: INFO :: Node OpenOCD: flash of openocd node
2024-10-25 15:05:15,011 :: INFO :: Flash firmware on OpenOCD: /usr/lib/python3.8/site-packages/gateway_code/static/m3_idle.elf
2024-10-25 15:05:17,152 :: INFO :: Control node : Stop control node serial interface
2024-10-25 15:05:17,157 :: INFO :: Control node : stop power of open node
2024-10-25 15:05:17,197 :: INFO :: Control node : reset
2024-10-25 15:05:17,200 :: INFO :: Reset Control Node
2024-10-25 15:05:19,988 :: INFO :: Stop experiment succeeded
