2024-10-25 14:54:48,415 :: INFO :: Start experiment: perezram-407285
2024-10-25 14:54:48,419 :: INFO :: Control node : Starting of control node serial interface
2024-10-25 14:54:48,422 :: INFO :: Control node : reset
2024-10-25 14:54:48,425 :: INFO :: Reset Control Node
2024-10-25 14:54:51,217 :: INFO :: Control node : start power of open node
2024-10-25 14:54:51,235 :: INFO :: Node OpenOCD: Setup of openocd node
2024-10-25 14:54:54,250 :: INFO :: Node OpenOCD: flash of openocd node
2024-10-25 14:54:54,255 :: INFO :: Flash firmware on OpenOCD: /tmp/tmploj5vp5c--352689a53c87c5f159963f1cf20fc589_get-mac.iotlab
2024-10-25 14:55:01,799 :: INFO :: Control node : Start experiment
2024-10-25 14:55:01,868 :: INFO :: Control Node set time delay: 2162 us
2024-10-25 14:55:01,897 :: INFO :: Control node : profile configuration
2024-10-25 14:55:01,900 :: INFO :: Configure profile on Control Node
2024-10-25 14:55:01,976 :: INFO :: Start experiment succeeded
2024-10-25 15:05:11,364 :: INFO :: Gateway Manager : Stop experiment
2024-10-25 15:05:11,370 :: INFO :: Stop experiment
2024-10-25 15:05:11,374 :: INFO :: Control node : stop of the experiment
2024-10-25 15:05:11,379 :: INFO :: Control node : profile configuration
2024-10-25 15:05:11,382 :: INFO :: Configure profile on Control Node
2024-10-25 15:05:11,428 :: INFO :: Control node : start power of open node
2024-10-25 15:05:11,460 :: INFO :: Node OpenOCD: teardown of openocd node
2024-10-25 15:05:14,476 :: INFO :: openocd node debugger stop
2024-10-25 15:05:15,098 :: INFO :: Node OpenOCD: flash of openocd node
2024-10-25 15:05:15,101 :: INFO :: Flash firmware on OpenOCD: /usr/lib/python3.8/site-packages/gateway_code/static/m3_idle.elf
2024-10-25 15:05:17,244 :: INFO :: Control node : Stop control node serial interface
2024-10-25 15:05:17,248 :: INFO :: Control node : stop power of open node
2024-10-25 15:05:17,287 :: INFO :: Control node : reset
2024-10-25 15:05:17,291 :: INFO :: Reset Control Node
2024-10-25 15:05:20,138 :: INFO :: Stop experiment succeeded
