2024-10-25 14:54:47,936 :: INFO :: Start experiment: perezram-407285
2024-10-25 14:54:47,940 :: INFO :: Control node : Starting of control node serial interface
2024-10-25 14:54:47,943 :: INFO :: Control node : reset
2024-10-25 14:54:47,946 :: INFO :: Reset Control Node
2024-10-25 14:54:50,737 :: INFO :: Control node : start power of open node
2024-10-25 14:54:50,755 :: INFO :: Node OpenOCD: Setup of openocd node
2024-10-25 14:54:53,770 :: INFO :: Node OpenOCD: flash of openocd node
2024-10-25 14:54:53,775 :: INFO :: Flash firmware on OpenOCD: /tmp/tmp5n5riv0y--352689a53c87c5f159963f1cf20fc589_get-mac.iotlab
2024-10-25 14:55:01,271 :: INFO :: Control node : Start experiment
2024-10-25 14:55:01,347 :: INFO :: Control Node set time delay: 12020 us
2024-10-25 14:55:01,375 :: INFO :: Control node : profile configuration
2024-10-25 14:55:01,378 :: INFO :: Configure profile on Control Node
2024-10-25 14:55:01,448 :: INFO :: Start experiment succeeded
2024-10-25 15:05:11,344 :: INFO :: Gateway Manager : Stop experiment
2024-10-25 15:05:11,349 :: INFO :: Stop experiment
2024-10-25 15:05:11,353 :: INFO :: Control node : stop of the experiment
2024-10-25 15:05:11,358 :: INFO :: Control node : profile configuration
2024-10-25 15:05:11,361 :: INFO :: Configure profile on Control Node
2024-10-25 15:05:11,415 :: INFO :: Control node : start power of open node
2024-10-25 15:05:11,451 :: INFO :: Node OpenOCD: teardown of openocd node
2024-10-25 15:05:14,467 :: INFO :: openocd node debugger stop
2024-10-25 15:05:14,991 :: INFO :: Node OpenOCD: flash of openocd node
2024-10-25 15:05:14,995 :: INFO :: Flash firmware on OpenOCD: /usr/lib/python3.8/site-packages/gateway_code/static/m3_idle.elf
2024-10-25 15:05:17,139 :: INFO :: Control node : Stop control node serial interface
2024-10-25 15:05:17,143 :: INFO :: Control node : stop power of open node
2024-10-25 15:05:17,178 :: INFO :: Control node : reset
2024-10-25 15:05:17,182 :: INFO :: Reset Control Node
2024-10-25 15:05:19,963 :: INFO :: Stop experiment succeeded
