2024-10-25 14:54:48,418 :: INFO :: Start experiment: perezram-407285
2024-10-25 14:54:48,421 :: INFO :: Control node : Starting of control node serial interface
2024-10-25 14:54:48,424 :: INFO :: Control node : reset
2024-10-25 14:54:48,427 :: INFO :: Reset Control Node
2024-10-25 14:54:51,216 :: INFO :: Control node : start power of open node
2024-10-25 14:54:51,236 :: INFO :: Node OpenOCD: Setup of openocd node
2024-10-25 14:54:54,250 :: INFO :: Node OpenOCD: flash of openocd node
2024-10-25 14:54:54,255 :: INFO :: Flash firmware on OpenOCD: /tmp/tmperz6m2g4--352689a53c87c5f159963f1cf20fc589_get-mac.iotlab
2024-10-25 14:55:01,748 :: INFO :: Control node : Start experiment
2024-10-25 14:55:01,813 :: INFO :: Control Node set time delay: 5630 us
2024-10-25 14:55:01,860 :: INFO :: Control node : profile configuration
2024-10-25 14:55:01,863 :: INFO :: Configure profile on Control Node
2024-10-25 14:55:01,913 :: INFO :: Start experiment succeeded
2024-10-25 15:05:11,414 :: INFO :: Gateway Manager : Stop experiment
2024-10-25 15:05:11,420 :: INFO :: Stop experiment
2024-10-25 15:05:11,424 :: INFO :: Control node : stop of the experiment
2024-10-25 15:05:11,429 :: INFO :: Control node : profile configuration
2024-10-25 15:05:11,432 :: INFO :: Configure profile on Control Node
2024-10-25 15:05:11,486 :: INFO :: Control node : start power of open node
2024-10-25 15:05:11,518 :: INFO :: Node OpenOCD: teardown of openocd node
2024-10-25 15:05:14,533 :: INFO :: openocd node debugger stop
2024-10-25 15:05:15,058 :: INFO :: Node OpenOCD: flash of openocd node
2024-10-25 15:05:15,061 :: INFO :: Flash firmware on OpenOCD: /usr/lib/python3.8/site-packages/gateway_code/static/m3_idle.elf
2024-10-25 15:05:17,204 :: INFO :: Control node : Stop control node serial interface
2024-10-25 15:05:17,208 :: INFO :: Control node : stop power of open node
2024-10-25 15:05:17,249 :: INFO :: Control node : reset
2024-10-25 15:05:17,253 :: INFO :: Reset Control Node
2024-10-25 15:05:20,014 :: INFO :: Stop experiment succeeded
