2024-10-25 14:54:48,403 :: INFO :: Start experiment: perezram-407285
2024-10-25 14:54:48,407 :: INFO :: Control node : Starting of control node serial interface
2024-10-25 14:54:48,410 :: INFO :: Control node : reset
2024-10-25 14:54:48,413 :: INFO :: Reset Control Node
2024-10-25 14:54:51,208 :: INFO :: Control node : start power of open node
2024-10-25 14:54:51,227 :: INFO :: Node OpenOCD: Setup of openocd node
2024-10-25 14:54:54,241 :: INFO :: Node OpenOCD: flash of openocd node
2024-10-25 14:54:54,246 :: INFO :: Flash firmware on OpenOCD: /tmp/tmpc19ttjbu--352689a53c87c5f159963f1cf20fc589_get-mac.iotlab
2024-10-25 14:55:01,792 :: INFO :: Control node : Start experiment
2024-10-25 14:55:01,866 :: INFO :: Control Node set time delay: 11187 us
2024-10-25 14:55:01,898 :: INFO :: Control node : profile configuration
2024-10-25 14:55:01,901 :: INFO :: Configure profile on Control Node
2024-10-25 14:55:01,967 :: INFO :: Start experiment succeeded
2024-10-25 15:05:11,412 :: INFO :: Gateway Manager : Stop experiment
2024-10-25 15:05:11,418 :: INFO :: Stop experiment
2024-10-25 15:05:11,422 :: INFO :: Control node : stop of the experiment
2024-10-25 15:05:11,427 :: INFO :: Control node : profile configuration
2024-10-25 15:05:11,430 :: INFO :: Configure profile on Control Node
2024-10-25 15:05:11,488 :: INFO :: Control node : start power of open node
2024-10-25 15:05:11,520 :: INFO :: Node OpenOCD: teardown of openocd node
2024-10-25 15:05:14,536 :: INFO :: openocd node debugger stop
2024-10-25 15:05:15,061 :: INFO :: Node OpenOCD: flash of openocd node
2024-10-25 15:05:15,064 :: INFO :: Flash firmware on OpenOCD: /usr/lib/python3.8/site-packages/gateway_code/static/m3_idle.elf
2024-10-25 15:05:17,210 :: INFO :: Control node : Stop control node serial interface
2024-10-25 15:05:17,215 :: INFO :: Control node : stop power of open node
2024-10-25 15:05:17,252 :: INFO :: Control node : reset
2024-10-25 15:05:17,255 :: INFO :: Reset Control Node
2024-10-25 15:05:20,012 :: INFO :: Stop experiment succeeded
