2024-10-25 14:54:48,314 :: INFO :: Start experiment: perezram-407285
2024-10-25 14:54:48,317 :: INFO :: Control node : Starting of control node serial interface
2024-10-25 14:54:48,320 :: INFO :: Control node : reset
2024-10-25 14:54:48,323 :: INFO :: Reset Control Node
2024-10-25 14:54:51,117 :: INFO :: Control node : start power of open node
2024-10-25 14:54:51,131 :: INFO :: Node OpenOCD: Setup of openocd node
2024-10-25 14:54:54,146 :: INFO :: Node OpenOCD: flash of openocd node
2024-10-25 14:54:54,151 :: INFO :: Flash firmware on OpenOCD: /tmp/tmpy419wscu--352689a53c87c5f159963f1cf20fc589_get-mac.iotlab
2024-10-25 14:55:01,642 :: INFO :: Control node : Start experiment
2024-10-25 14:55:01,711 :: INFO :: Control Node set time delay: 10464 us
2024-10-25 14:55:01,739 :: INFO :: Control node : profile configuration
2024-10-25 14:55:01,742 :: INFO :: Configure profile on Control Node
2024-10-25 14:55:01,808 :: INFO :: Start experiment succeeded
2024-10-25 15:05:11,337 :: INFO :: Gateway Manager : Stop experiment
2024-10-25 15:05:11,343 :: INFO :: Stop experiment
2024-10-25 15:05:11,347 :: INFO :: Control node : stop of the experiment
2024-10-25 15:05:11,351 :: INFO :: Control node : profile configuration
2024-10-25 15:05:11,355 :: INFO :: Configure profile on Control Node
2024-10-25 15:05:11,405 :: INFO :: Control node : start power of open node
2024-10-25 15:05:11,437 :: INFO :: Node OpenOCD: teardown of openocd node
2024-10-25 15:05:14,452 :: INFO :: openocd node debugger stop
2024-10-25 15:05:15,074 :: INFO :: Node OpenOCD: flash of openocd node
2024-10-25 15:05:15,078 :: INFO :: Flash firmware on OpenOCD: /usr/lib/python3.8/site-packages/gateway_code/static/m3_idle.elf
2024-10-25 15:05:17,219 :: INFO :: Control node : Stop control node serial interface
2024-10-25 15:05:17,223 :: INFO :: Control node : stop power of open node
2024-10-25 15:05:17,264 :: INFO :: Control node : reset
2024-10-25 15:05:17,268 :: INFO :: Reset Control Node
2024-10-25 15:05:20,062 :: INFO :: Stop experiment succeeded
