2024-10-25 14:54:48,333 :: INFO :: Start experiment: perezram-407285
2024-10-25 14:54:48,337 :: INFO :: Control node : Starting of control node serial interface
2024-10-25 14:54:48,340 :: INFO :: Control node : reset
2024-10-25 14:54:48,343 :: INFO :: Reset Control Node
2024-10-25 14:54:51,130 :: INFO :: Control node : start power of open node
2024-10-25 14:54:51,155 :: INFO :: Node OpenOCD: Setup of openocd node
2024-10-25 14:54:54,170 :: INFO :: Node OpenOCD: flash of openocd node
2024-10-25 14:54:54,175 :: INFO :: Flash firmware on OpenOCD: /tmp/tmpcz2kgwya--352689a53c87c5f159963f1cf20fc589_get-mac.iotlab
2024-10-25 14:55:01,678 :: INFO :: Control node : Start experiment
2024-10-25 14:55:01,747 :: INFO :: Control Node set time delay: 8939 us
2024-10-25 14:55:01,795 :: INFO :: Control node : profile configuration
2024-10-25 14:55:01,799 :: INFO :: Configure profile on Control Node
2024-10-25 14:55:01,864 :: INFO :: Start experiment succeeded
2024-10-25 15:05:11,419 :: INFO :: Gateway Manager : Stop experiment
2024-10-25 15:05:11,424 :: INFO :: Stop experiment
2024-10-25 15:05:11,428 :: INFO :: Control node : stop of the experiment
2024-10-25 15:05:11,433 :: INFO :: Control node : profile configuration
2024-10-25 15:05:11,436 :: INFO :: Configure profile on Control Node
2024-10-25 15:05:11,495 :: INFO :: Control node : start power of open node
2024-10-25 15:05:11,527 :: INFO :: Node OpenOCD: teardown of openocd node
2024-10-25 15:05:14,543 :: INFO :: openocd node debugger stop
2024-10-25 15:05:15,068 :: INFO :: Node OpenOCD: flash of openocd node
2024-10-25 15:05:15,071 :: INFO :: Flash firmware on OpenOCD: /usr/lib/python3.8/site-packages/gateway_code/static/m3_idle.elf
2024-10-25 15:05:17,164 :: INFO :: Control node : Stop control node serial interface
2024-10-25 15:05:17,168 :: INFO :: Control node : stop power of open node
2024-10-25 15:05:17,211 :: INFO :: Control node : reset
2024-10-25 15:05:17,214 :: INFO :: Reset Control Node
2024-10-25 15:05:19,993 :: INFO :: Stop experiment succeeded
