2024-10-25 14:54:47,595 :: INFO :: Start experiment: perezram-407285
2024-10-25 14:54:47,599 :: INFO :: Control node : Starting of control node serial interface
2024-10-25 14:54:47,602 :: INFO :: Control node : reset
2024-10-25 14:54:47,605 :: INFO :: Reset Control Node
2024-10-25 14:54:50,395 :: INFO :: Control node : start power of open node
2024-10-25 14:54:50,411 :: INFO :: Node OpenOCD: Setup of openocd node
2024-10-25 14:54:53,426 :: INFO :: Node OpenOCD: flash of openocd node
2024-10-25 14:54:53,431 :: INFO :: Flash firmware on OpenOCD: /tmp/tmp6ikbe3hv--352689a53c87c5f159963f1cf20fc589_get-mac.iotlab
2024-10-25 14:55:00,923 :: INFO :: Control node : Start experiment
2024-10-25 14:55:00,993 :: INFO :: Control Node set time delay: 7297 us
2024-10-25 14:55:01,034 :: INFO :: Control node : profile configuration
2024-10-25 14:55:01,038 :: INFO :: Configure profile on Control Node
2024-10-25 14:55:01,088 :: INFO :: Start experiment succeeded
2024-10-25 15:05:11,226 :: INFO :: Gateway Manager : Stop experiment
2024-10-25 15:05:11,232 :: INFO :: Stop experiment
2024-10-25 15:05:11,236 :: INFO :: Control node : stop of the experiment
2024-10-25 15:05:11,241 :: INFO :: Control node : profile configuration
2024-10-25 15:05:11,244 :: INFO :: Configure profile on Control Node
2024-10-25 15:05:11,295 :: INFO :: Control node : start power of open node
2024-10-25 15:05:11,327 :: INFO :: Node OpenOCD: teardown of openocd node
2024-10-25 15:05:14,343 :: INFO :: openocd node debugger stop
2024-10-25 15:05:14,965 :: INFO :: Node OpenOCD: flash of openocd node
2024-10-25 15:05:14,968 :: INFO :: Flash firmware on OpenOCD: /usr/lib/python3.8/site-packages/gateway_code/static/m3_idle.elf
2024-10-25 15:05:17,110 :: INFO :: Control node : Stop control node serial interface
2024-10-25 15:05:17,115 :: INFO :: Control node : stop power of open node
2024-10-25 15:05:17,154 :: INFO :: Control node : reset
2024-10-25 15:05:17,158 :: INFO :: Reset Control Node
2024-10-25 15:05:19,918 :: INFO :: Stop experiment succeeded
