2024-10-25 14:54:47,631 :: INFO :: Start experiment: perezram-407285
2024-10-25 14:54:47,635 :: INFO :: Control node : Starting of control node serial interface
2024-10-25 14:54:47,638 :: INFO :: Control node : reset
2024-10-25 14:54:47,642 :: INFO :: Reset Control Node
2024-10-25 14:54:50,432 :: INFO :: Control node : start power of open node
2024-10-25 14:54:50,449 :: INFO :: Node OpenOCD: Setup of openocd node
2024-10-25 14:54:53,464 :: INFO :: Node OpenOCD: flash of openocd node
2024-10-25 14:54:53,469 :: INFO :: Flash firmware on OpenOCD: /tmp/tmpcd4ed0qt--352689a53c87c5f159963f1cf20fc589_get-mac.iotlab
2024-10-25 14:55:00,961 :: INFO :: Control node : Start experiment
2024-10-25 14:55:01,030 :: INFO :: Control Node set time delay: 5608 us
2024-10-25 14:55:01,057 :: INFO :: Control node : profile configuration
2024-10-25 14:55:01,060 :: INFO :: Configure profile on Control Node
2024-10-25 14:55:01,126 :: INFO :: Start experiment succeeded
2024-10-25 15:05:11,339 :: INFO :: Gateway Manager : Stop experiment
2024-10-25 15:05:11,345 :: INFO :: Stop experiment
2024-10-25 15:05:11,349 :: INFO :: Control node : stop of the experiment
2024-10-25 15:05:11,353 :: INFO :: Control node : profile configuration
2024-10-25 15:05:11,357 :: INFO :: Configure profile on Control Node
2024-10-25 15:05:11,415 :: INFO :: Control node : start power of open node
2024-10-25 15:05:11,447 :: INFO :: Node OpenOCD: teardown of openocd node
2024-10-25 15:05:14,463 :: INFO :: openocd node debugger stop
2024-10-25 15:05:14,988 :: INFO :: Node OpenOCD: flash of openocd node
2024-10-25 15:05:14,991 :: INFO :: Flash firmware on OpenOCD: /usr/lib/python3.8/site-packages/gateway_code/static/m3_idle.elf
2024-10-25 15:05:17,132 :: INFO :: Control node : Stop control node serial interface
2024-10-25 15:05:17,137 :: INFO :: Control node : stop power of open node
2024-10-25 15:05:17,178 :: INFO :: Control node : reset
2024-10-25 15:05:17,182 :: INFO :: Reset Control Node
2024-10-25 15:05:19,961 :: INFO :: Stop experiment succeeded
