2024-10-25 14:54:48,308 :: INFO :: Start experiment: perezram-407285
2024-10-25 14:54:48,312 :: INFO :: Control node : Starting of control node serial interface
2024-10-25 14:54:48,315 :: INFO :: Control node : reset
2024-10-25 14:54:48,318 :: INFO :: Reset Control Node
2024-10-25 14:54:51,108 :: INFO :: Control node : start power of open node
2024-10-25 14:54:51,126 :: INFO :: Node OpenOCD: Setup of openocd node
2024-10-25 14:54:54,141 :: INFO :: Node OpenOCD: flash of openocd node
2024-10-25 14:54:54,146 :: INFO :: Flash firmware on OpenOCD: /tmp/tmp4ydm0p_3--352689a53c87c5f159963f1cf20fc589_get-mac.iotlab
2024-10-25 14:55:01,689 :: INFO :: Control node : Start experiment
2024-10-25 14:55:01,750 :: INFO :: Control Node set time delay: 3969 us
2024-10-25 14:55:01,782 :: INFO :: Control node : profile configuration
2024-10-25 14:55:01,785 :: INFO :: Configure profile on Control Node
2024-10-25 14:55:01,851 :: INFO :: Start experiment succeeded
2024-10-25 15:05:11,362 :: INFO :: Gateway Manager : Stop experiment
2024-10-25 15:05:11,367 :: INFO :: Stop experiment
2024-10-25 15:05:11,371 :: INFO :: Control node : stop of the experiment
2024-10-25 15:05:11,376 :: INFO :: Control node : profile configuration
2024-10-25 15:05:11,379 :: INFO :: Configure profile on Control Node
2024-10-25 15:05:11,433 :: INFO :: Control node : start power of open node
2024-10-25 15:05:11,465 :: INFO :: Node OpenOCD: teardown of openocd node
2024-10-25 15:05:14,481 :: INFO :: openocd node debugger stop
2024-10-25 15:05:15,103 :: INFO :: Node OpenOCD: flash of openocd node
2024-10-25 15:05:15,106 :: INFO :: Flash firmware on OpenOCD: /usr/lib/python3.8/site-packages/gateway_code/static/m3_idle.elf
2024-10-25 15:05:17,250 :: INFO :: Control node : Stop control node serial interface
2024-10-25 15:05:17,255 :: INFO :: Control node : stop power of open node
2024-10-25 15:05:17,292 :: INFO :: Control node : reset
2024-10-25 15:05:17,296 :: INFO :: Reset Control Node
2024-10-25 15:05:20,160 :: INFO :: Stop experiment succeeded
