2024-10-25 14:54:47,600 :: INFO :: Start experiment: perezram-407285
2024-10-25 14:54:47,604 :: INFO :: Control node : Starting of control node serial interface
2024-10-25 14:54:47,607 :: INFO :: Control node : reset
2024-10-25 14:54:47,610 :: INFO :: Reset Control Node
2024-10-25 14:54:50,402 :: INFO :: Control node : start power of open node
2024-10-25 14:54:50,418 :: INFO :: Node OpenOCD: Setup of openocd node
2024-10-25 14:54:53,433 :: INFO :: Node OpenOCD: flash of openocd node
2024-10-25 14:54:53,438 :: INFO :: Flash firmware on OpenOCD: /tmp/tmpc0y94s8n--352689a53c87c5f159963f1cf20fc589_get-mac.iotlab
2024-10-25 14:55:00,931 :: INFO :: Control node : Start experiment
2024-10-25 14:55:01,017 :: INFO :: Control Node set time delay: 13248 us
2024-10-25 14:55:01,042 :: INFO :: Control node : profile configuration
2024-10-25 14:55:01,045 :: INFO :: Configure profile on Control Node
2024-10-25 14:55:01,095 :: INFO :: Start experiment succeeded
2024-10-25 15:05:11,225 :: INFO :: Gateway Manager : Stop experiment
2024-10-25 15:05:11,231 :: INFO :: Stop experiment
2024-10-25 15:05:11,235 :: INFO :: Control node : stop of the experiment
2024-10-25 15:05:11,240 :: INFO :: Control node : profile configuration
2024-10-25 15:05:11,243 :: INFO :: Configure profile on Control Node
2024-10-25 15:05:11,288 :: INFO :: Control node : start power of open node
2024-10-25 15:05:11,320 :: INFO :: Node OpenOCD: teardown of openocd node
2024-10-25 15:05:14,340 :: INFO :: openocd node debugger stop
2024-10-25 15:05:14,963 :: INFO :: Node OpenOCD: flash of openocd node
2024-10-25 15:05:14,966 :: INFO :: Flash firmware on OpenOCD: /usr/lib/python3.8/site-packages/gateway_code/static/m3_idle.elf
2024-10-25 15:05:17,109 :: INFO :: Control node : Stop control node serial interface
2024-10-25 15:05:17,113 :: INFO :: Control node : stop power of open node
2024-10-25 15:05:17,147 :: INFO :: Control node : reset
2024-10-25 15:05:17,151 :: INFO :: Reset Control Node
2024-10-25 15:05:19,902 :: INFO :: Stop experiment succeeded
