2024-10-25 14:54:47,829 :: INFO :: Start experiment: perezram-407285
2024-10-25 14:54:47,833 :: INFO :: Control node : Starting of control node serial interface
2024-10-25 14:54:47,836 :: INFO :: Control node : reset
2024-10-25 14:54:47,839 :: INFO :: Reset Control Node
2024-10-25 14:54:50,630 :: INFO :: Control node : start power of open node
2024-10-25 14:54:50,647 :: INFO :: Node OpenOCD: Setup of openocd node
2024-10-25 14:54:53,662 :: INFO :: Node OpenOCD: flash of openocd node
2024-10-25 14:54:53,667 :: INFO :: Flash firmware on OpenOCD: /tmp/tmpdw3u1xpo--352689a53c87c5f159963f1cf20fc589_get-mac.iotlab
2024-10-25 14:55:01,161 :: INFO :: Control node : Start experiment
2024-10-25 14:55:01,238 :: INFO :: Control Node set time delay: 12875 us
2024-10-25 14:55:01,270 :: INFO :: Control node : profile configuration
2024-10-25 14:55:01,273 :: INFO :: Configure profile on Control Node
2024-10-25 14:55:01,325 :: INFO :: Start experiment succeeded
2024-10-25 15:05:11,234 :: INFO :: Gateway Manager : Stop experiment
2024-10-25 15:05:11,239 :: INFO :: Stop experiment
2024-10-25 15:05:11,243 :: INFO :: Control node : stop of the experiment
2024-10-25 15:05:11,248 :: INFO :: Control node : profile configuration
2024-10-25 15:05:11,251 :: INFO :: Configure profile on Control Node
2024-10-25 15:05:11,307 :: INFO :: Control node : start power of open node
2024-10-25 15:05:11,339 :: INFO :: Node OpenOCD: teardown of openocd node
2024-10-25 15:05:14,355 :: INFO :: openocd node debugger stop
2024-10-25 15:05:14,977 :: INFO :: Node OpenOCD: flash of openocd node
2024-10-25 15:05:14,981 :: INFO :: Flash firmware on OpenOCD: /usr/lib/python3.8/site-packages/gateway_code/static/m3_idle.elf
2024-10-25 15:05:17,123 :: INFO :: Control node : Stop control node serial interface
2024-10-25 15:05:17,128 :: INFO :: Control node : stop power of open node
2024-10-25 15:05:17,167 :: INFO :: Control node : reset
2024-10-25 15:05:17,170 :: INFO :: Reset Control Node
2024-10-25 15:05:19,972 :: INFO :: Stop experiment succeeded
