2024-10-25 14:54:48,141 :: INFO :: Start experiment: perezram-407285
2024-10-25 14:54:48,145 :: INFO :: Control node : Starting of control node serial interface
2024-10-25 14:54:48,148 :: INFO :: Control node : reset
2024-10-25 14:54:48,151 :: INFO :: Reset Control Node
2024-10-25 14:54:50,939 :: INFO :: Control node : start power of open node
2024-10-25 14:54:50,954 :: INFO :: Node OpenOCD: Setup of openocd node
2024-10-25 14:54:53,968 :: INFO :: Node OpenOCD: flash of openocd node
2024-10-25 14:54:53,973 :: INFO :: Flash firmware on OpenOCD: /tmp/tmpy0tv7ip7--352689a53c87c5f159963f1cf20fc589_get-mac.iotlab
2024-10-25 14:55:01,465 :: INFO :: Control node : Start experiment
2024-10-25 14:55:01,529 :: INFO :: Control Node set time delay: 10118 us
2024-10-25 14:55:01,577 :: INFO :: Control node : profile configuration
2024-10-25 14:55:01,580 :: INFO :: Configure profile on Control Node
2024-10-25 14:55:01,630 :: INFO :: Start experiment succeeded
2024-10-25 15:05:11,343 :: INFO :: Gateway Manager : Stop experiment
2024-10-25 15:05:11,349 :: INFO :: Stop experiment
2024-10-25 15:05:11,353 :: INFO :: Control node : stop of the experiment
2024-10-25 15:05:11,358 :: INFO :: Control node : profile configuration
2024-10-25 15:05:11,361 :: INFO :: Configure profile on Control Node
2024-10-25 15:05:11,419 :: INFO :: Control node : start power of open node
2024-10-25 15:05:11,451 :: INFO :: Node OpenOCD: teardown of openocd node
2024-10-25 15:05:14,467 :: INFO :: openocd node debugger stop
2024-10-25 15:05:15,088 :: INFO :: Node OpenOCD: flash of openocd node
2024-10-25 15:05:15,092 :: INFO :: Flash firmware on OpenOCD: /usr/lib/python3.8/site-packages/gateway_code/static/m3_idle.elf
2024-10-25 15:05:17,233 :: INFO :: Control node : Stop control node serial interface
2024-10-25 15:05:17,238 :: INFO :: Control node : stop power of open node
2024-10-25 15:05:17,278 :: INFO :: Control node : reset
2024-10-25 15:05:17,282 :: INFO :: Reset Control Node
2024-10-25 15:05:20,144 :: INFO :: Stop experiment succeeded
