2024-10-25 14:54:48,205 :: INFO :: Start experiment: perezram-407285
2024-10-25 14:54:48,209 :: INFO :: Control node : Starting of control node serial interface
2024-10-25 14:54:48,212 :: INFO :: Control node : reset
2024-10-25 14:54:48,215 :: INFO :: Reset Control Node
2024-10-25 14:54:51,004 :: INFO :: Control node : start power of open node
2024-10-25 14:54:51,022 :: INFO :: Node OpenOCD: Setup of openocd node
2024-10-25 14:54:54,037 :: INFO :: Node OpenOCD: flash of openocd node
2024-10-25 14:54:54,042 :: INFO :: Flash firmware on OpenOCD: /tmp/tmpc91l1qp4--352689a53c87c5f159963f1cf20fc589_get-mac.iotlab
2024-10-25 14:55:01,536 :: INFO :: Control node : Start experiment
2024-10-25 14:55:01,613 :: INFO :: Control Node set time delay: 12141 us
2024-10-25 14:55:01,645 :: INFO :: Control node : profile configuration
2024-10-25 14:55:01,648 :: INFO :: Configure profile on Control Node
2024-10-25 14:55:01,715 :: INFO :: Start experiment succeeded
2024-10-25 15:05:11,356 :: INFO :: Gateway Manager : Stop experiment
2024-10-25 15:05:11,362 :: INFO :: Stop experiment
2024-10-25 15:05:11,366 :: INFO :: Control node : stop of the experiment
2024-10-25 15:05:11,371 :: INFO :: Control node : profile configuration
2024-10-25 15:05:11,374 :: INFO :: Configure profile on Control Node
2024-10-25 15:05:11,426 :: INFO :: Control node : start power of open node
2024-10-25 15:05:11,458 :: INFO :: Node OpenOCD: teardown of openocd node
2024-10-25 15:05:14,474 :: INFO :: openocd node debugger stop
2024-10-25 15:05:14,999 :: INFO :: Node OpenOCD: flash of openocd node
2024-10-25 15:05:15,003 :: INFO :: Flash firmware on OpenOCD: /usr/lib/python3.8/site-packages/gateway_code/static/m3_idle.elf
2024-10-25 15:05:17,146 :: INFO :: Control node : Stop control node serial interface
2024-10-25 15:05:17,151 :: INFO :: Control node : stop power of open node
2024-10-25 15:05:17,189 :: INFO :: Control node : reset
2024-10-25 15:05:17,193 :: INFO :: Reset Control Node
2024-10-25 15:05:19,983 :: INFO :: Stop experiment succeeded
