2024-10-25 14:54:48,216 :: INFO :: Start experiment: perezram-407285
2024-10-25 14:54:48,220 :: INFO :: Control node : Starting of control node serial interface
2024-10-25 14:54:48,223 :: INFO :: Control node : reset
2024-10-25 14:54:48,226 :: INFO :: Reset Control Node
2024-10-25 14:54:51,015 :: INFO :: Control node : start power of open node
2024-10-25 14:54:51,033 :: INFO :: Node OpenOCD: Setup of openocd node
2024-10-25 14:54:54,048 :: INFO :: Node OpenOCD: flash of openocd node
2024-10-25 14:54:54,053 :: INFO :: Flash firmware on OpenOCD: /tmp/tmpubjwl9xb--352689a53c87c5f159963f1cf20fc589_get-mac.iotlab
2024-10-25 14:55:01,545 :: INFO :: Control node : Start experiment
2024-10-25 14:55:01,614 :: INFO :: Control Node set time delay: 10445 us
2024-10-25 14:55:01,641 :: INFO :: Control node : profile configuration
2024-10-25 14:55:01,644 :: INFO :: Configure profile on Control Node
2024-10-25 14:55:01,710 :: INFO :: Start experiment succeeded
2024-10-25 15:05:11,361 :: INFO :: Gateway Manager : Stop experiment
2024-10-25 15:05:11,366 :: INFO :: Stop experiment
2024-10-25 15:05:11,370 :: INFO :: Control node : stop of the experiment
2024-10-25 15:05:11,375 :: INFO :: Control node : profile configuration
2024-10-25 15:05:11,378 :: INFO :: Configure profile on Control Node
2024-10-25 15:05:11,432 :: INFO :: Control node : start power of open node
2024-10-25 15:05:11,464 :: INFO :: Node OpenOCD: teardown of openocd node
2024-10-25 15:05:14,480 :: INFO :: openocd node debugger stop
2024-10-25 15:05:15,102 :: INFO :: Node OpenOCD: flash of openocd node
2024-10-25 15:05:15,105 :: INFO :: Flash firmware on OpenOCD: /usr/lib/python3.8/site-packages/gateway_code/static/m3_idle.elf
2024-10-25 15:05:17,250 :: INFO :: Control node : Stop control node serial interface
2024-10-25 15:05:17,254 :: INFO :: Control node : stop power of open node
2024-10-25 15:05:17,292 :: INFO :: Control node : reset
2024-10-25 15:05:17,295 :: INFO :: Reset Control Node
2024-10-25 15:05:20,158 :: INFO :: Stop experiment succeeded
