2024-10-25 14:54:49,862 :: INFO :: Start experiment: perezram-407285
2024-10-25 14:54:49,865 :: INFO :: Control node : Starting of control node serial interface
2024-10-25 14:54:49,869 :: INFO :: Control node : reset
2024-10-25 14:54:49,872 :: INFO :: Reset Control Node
2024-10-25 14:54:52,668 :: INFO :: Control node : start power of open node
2024-10-25 14:54:52,684 :: INFO :: Node OpenOCD: Setup of openocd node
2024-10-25 14:54:55,699 :: INFO :: Node OpenOCD: flash of openocd node
2024-10-25 14:54:55,704 :: INFO :: Flash firmware on OpenOCD: /tmp/tmpyeoe0ros--352689a53c87c5f159963f1cf20fc589_get-mac.iotlab
2024-10-25 14:55:03,249 :: INFO :: Control node : Start experiment
2024-10-25 14:55:03,327 :: INFO :: Control Node set time delay: 11668 us
2024-10-25 14:55:03,367 :: INFO :: Control node : profile configuration
2024-10-25 14:55:03,370 :: INFO :: Configure profile on Control Node
2024-10-25 14:55:03,425 :: INFO :: Start experiment succeeded
2024-10-25 15:05:11,421 :: INFO :: Gateway Manager : Stop experiment
2024-10-25 15:05:11,427 :: INFO :: Stop experiment
2024-10-25 15:05:11,431 :: INFO :: Control node : stop of the experiment
2024-10-25 15:05:11,436 :: INFO :: Control node : profile configuration
2024-10-25 15:05:11,439 :: INFO :: Configure profile on Control Node
2024-10-25 15:05:11,488 :: INFO :: Control node : start power of open node
2024-10-25 15:05:11,520 :: INFO :: Node OpenOCD: teardown of openocd node
2024-10-25 15:05:14,535 :: INFO :: openocd node debugger stop
2024-10-25 15:05:15,157 :: INFO :: Node OpenOCD: flash of openocd node
2024-10-25 15:05:15,160 :: INFO :: Flash firmware on OpenOCD: /usr/lib/python3.8/site-packages/gateway_code/static/m3_idle.elf
2024-10-25 15:05:17,301 :: INFO :: Control node : Stop control node serial interface
2024-10-25 15:05:17,306 :: INFO :: Control node : stop power of open node
2024-10-25 15:05:17,348 :: INFO :: Control node : reset
2024-10-25 15:05:17,352 :: INFO :: Reset Control Node
2024-10-25 15:05:20,170 :: INFO :: Stop experiment succeeded
