2024-11-03 16:51:48,886 :: INFO :: Start experiment: perezram-407548
2024-11-03 16:51:48,890 :: INFO :: Control node : Starting of control node serial interface
2024-11-03 16:51:48,893 :: INFO :: Control node : reset
2024-11-03 16:51:48,896 :: INFO :: Reset Control Node
2024-11-03 16:51:51,686 :: INFO :: Control node : start power of open node
2024-11-03 16:51:51,709 :: INFO :: Node OpenOCD: Setup of openocd node
2024-11-03 16:51:54,723 :: INFO :: Node OpenOCD: flash of openocd node
2024-11-03 16:51:54,728 :: INFO :: Flash firmware on OpenOCD: /usr/lib/python3.8/site-packages/gateway_code/static/m3_idle.elf
2024-11-03 16:51:56,875 :: INFO :: Control node : Start experiment
2024-11-03 16:51:56,941 :: INFO :: Control Node set time delay: 12685 us
2024-11-03 16:51:56,973 :: INFO :: Control node : profile configuration
2024-11-03 16:51:56,976 :: INFO :: Configure profile on Control Node
2024-11-03 16:51:57,042 :: INFO :: Start experiment succeeded
2024-11-03 17:52:06,847 :: INFO :: Gateway Manager : Stop experiment
2024-11-03 17:52:06,852 :: INFO :: Stop experiment
2024-11-03 17:52:06,856 :: INFO :: Control node : stop of the experiment
2024-11-03 17:52:06,861 :: INFO :: Control node : profile configuration
2024-11-03 17:52:06,864 :: INFO :: Configure profile on Control Node
2024-11-03 17:52:06,919 :: INFO :: Control node : start power of open node
2024-11-03 17:52:06,951 :: INFO :: Node OpenOCD: teardown of openocd node
2024-11-03 17:52:09,967 :: INFO :: openocd node debugger stop
2024-11-03 17:52:10,589 :: INFO :: Node OpenOCD: flash of openocd node
2024-11-03 17:52:10,592 :: INFO :: Flash firmware on OpenOCD: /usr/lib/python3.8/site-packages/gateway_code/static/m3_idle.elf
2024-11-03 17:52:12,734 :: INFO :: Control node : Stop control node serial interface
2024-11-03 17:52:12,739 :: INFO :: Control node : stop power of open node
2024-11-03 17:52:12,778 :: INFO :: Control node : reset
2024-11-03 17:52:12,782 :: INFO :: Reset Control Node
2024-11-03 17:52:15,522 :: INFO :: Stop experiment succeeded
