2024-11-03 16:51:48,765 :: INFO :: Start experiment: perezram-407548
2024-11-03 16:51:48,769 :: INFO :: Control node : Starting of control node serial interface
2024-11-03 16:51:48,772 :: INFO :: Control node : reset
2024-11-03 16:51:48,775 :: INFO :: Reset Control Node
2024-11-03 16:51:51,570 :: INFO :: Control node : start power of open node
2024-11-03 16:51:51,587 :: INFO :: Node OpenOCD: Setup of openocd node
2024-11-03 16:51:54,602 :: INFO :: Node OpenOCD: flash of openocd node
2024-11-03 16:51:54,607 :: INFO :: Flash firmware on OpenOCD: /usr/lib/python3.8/site-packages/gateway_code/static/m3_idle.elf
2024-11-03 16:51:56,805 :: INFO :: Control node : Start experiment
2024-11-03 16:51:56,867 :: INFO :: Control Node set time delay: 6991 us
2024-11-03 16:51:56,900 :: INFO :: Control node : profile configuration
2024-11-03 16:51:56,903 :: INFO :: Configure profile on Control Node
2024-11-03 16:51:56,968 :: INFO :: Start experiment succeeded
2024-11-03 17:52:06,776 :: INFO :: Gateway Manager : Stop experiment
2024-11-03 17:52:06,782 :: INFO :: Stop experiment
2024-11-03 17:52:06,786 :: INFO :: Control node : stop of the experiment
2024-11-03 17:52:06,790 :: INFO :: Control node : profile configuration
2024-11-03 17:52:06,793 :: INFO :: Configure profile on Control Node
2024-11-03 17:52:06,849 :: INFO :: Control node : start power of open node
2024-11-03 17:52:06,881 :: INFO :: Node OpenOCD: teardown of openocd node
2024-11-03 17:52:09,896 :: INFO :: openocd node debugger stop
2024-11-03 17:52:10,421 :: INFO :: Node OpenOCD: flash of openocd node
2024-11-03 17:52:10,425 :: INFO :: Flash firmware on OpenOCD: /usr/lib/python3.8/site-packages/gateway_code/static/m3_idle.elf
2024-11-03 17:52:12,566 :: INFO :: Control node : Stop control node serial interface
2024-11-03 17:52:12,571 :: INFO :: Control node : stop power of open node
2024-11-03 17:52:12,612 :: INFO :: Control node : reset
2024-11-03 17:52:12,616 :: INFO :: Reset Control Node
2024-11-03 17:52:15,388 :: INFO :: Stop experiment succeeded
