2024-11-03 16:51:48,857 :: INFO :: Start experiment: perezram-407548
2024-11-03 16:51:48,861 :: INFO :: Control node : Starting of control node serial interface
2024-11-03 16:51:48,864 :: INFO :: Control node : reset
2024-11-03 16:51:48,867 :: INFO :: Reset Control Node
2024-11-03 16:51:51,657 :: INFO :: Control node : start power of open node
2024-11-03 16:51:51,681 :: INFO :: Node OpenOCD: Setup of openocd node
2024-11-03 16:51:54,696 :: INFO :: Node OpenOCD: flash of openocd node
2024-11-03 16:51:54,701 :: INFO :: Flash firmware on OpenOCD: /usr/lib/python3.8/site-packages/gateway_code/static/m3_idle.elf
2024-11-03 16:51:56,852 :: INFO :: Control node : Start experiment
2024-11-03 16:51:56,914 :: INFO :: Control Node set time delay: 2817 us
2024-11-03 16:51:56,961 :: INFO :: Control node : profile configuration
2024-11-03 16:51:56,964 :: INFO :: Configure profile on Control Node
2024-11-03 16:51:57,014 :: INFO :: Start experiment succeeded
2024-11-03 17:52:06,973 :: INFO :: Gateway Manager : Stop experiment
2024-11-03 17:52:06,978 :: INFO :: Stop experiment
2024-11-03 17:52:06,982 :: INFO :: Control node : stop of the experiment
2024-11-03 17:52:06,987 :: INFO :: Control node : profile configuration
2024-11-03 17:52:06,990 :: INFO :: Configure profile on Control Node
2024-11-03 17:52:07,036 :: INFO :: Control node : start power of open node
2024-11-03 17:52:07,068 :: INFO :: Node OpenOCD: teardown of openocd node
2024-11-03 17:52:10,084 :: INFO :: openocd node debugger stop
2024-11-03 17:52:10,705 :: INFO :: Node OpenOCD: flash of openocd node
2024-11-03 17:52:10,709 :: INFO :: Flash firmware on OpenOCD: /usr/lib/python3.8/site-packages/gateway_code/static/m3_idle.elf
2024-11-03 17:52:12,850 :: INFO :: Control node : Stop control node serial interface
2024-11-03 17:52:12,854 :: INFO :: Control node : stop power of open node
2024-11-03 17:52:12,895 :: INFO :: Control node : reset
2024-11-03 17:52:12,899 :: INFO :: Reset Control Node
2024-11-03 17:52:15,642 :: INFO :: Stop experiment succeeded
