2024-11-03 16:51:48,718 :: INFO :: Start experiment: perezram-407548
2024-11-03 16:51:48,722 :: INFO :: Control node : Starting of control node serial interface
2024-11-03 16:51:48,725 :: INFO :: Control node : reset
2024-11-03 16:51:48,728 :: INFO :: Reset Control Node
2024-11-03 16:51:51,517 :: INFO :: Control node : start power of open node
2024-11-03 16:51:51,535 :: INFO :: Node OpenOCD: Setup of openocd node
2024-11-03 16:51:54,549 :: INFO :: Node OpenOCD: flash of openocd node
2024-11-03 16:51:54,554 :: INFO :: Flash firmware on OpenOCD: /usr/lib/python3.8/site-packages/gateway_code/static/m3_idle.elf
2024-11-03 16:51:56,700 :: INFO :: Control node : Start experiment
2024-11-03 16:51:56,766 :: INFO :: Control Node set time delay: 13431 us
2024-11-03 16:51:56,790 :: INFO :: Control node : profile configuration
2024-11-03 16:51:56,804 :: INFO :: Configure profile on Control Node
2024-11-03 16:51:56,868 :: INFO :: Start experiment succeeded
2024-11-03 17:52:06,758 :: INFO :: Gateway Manager : Stop experiment
2024-11-03 17:52:06,764 :: INFO :: Stop experiment
2024-11-03 17:52:06,768 :: INFO :: Control node : stop of the experiment
2024-11-03 17:52:06,772 :: INFO :: Control node : profile configuration
2024-11-03 17:52:06,776 :: INFO :: Configure profile on Control Node
2024-11-03 17:52:06,834 :: INFO :: Control node : start power of open node
2024-11-03 17:52:06,866 :: INFO :: Node OpenOCD: teardown of openocd node
2024-11-03 17:52:09,882 :: INFO :: openocd node debugger stop
2024-11-03 17:52:10,503 :: INFO :: Node OpenOCD: flash of openocd node
2024-11-03 17:52:10,507 :: INFO :: Flash firmware on OpenOCD: /usr/lib/python3.8/site-packages/gateway_code/static/m3_idle.elf
2024-11-03 17:52:12,648 :: INFO :: Control node : Stop control node serial interface
2024-11-03 17:52:12,652 :: INFO :: Control node : stop power of open node
2024-11-03 17:52:12,693 :: INFO :: Control node : reset
2024-11-03 17:52:12,697 :: INFO :: Reset Control Node
2024-11-03 17:52:15,470 :: INFO :: Stop experiment succeeded
