2024-11-03 16:51:48,871 :: INFO :: Start experiment: perezram-407548
2024-11-03 16:51:48,875 :: INFO :: Control node : Starting of control node serial interface
2024-11-03 16:51:48,878 :: INFO :: Control node : reset
2024-11-03 16:51:48,881 :: INFO :: Reset Control Node
2024-11-03 16:51:51,672 :: INFO :: Control node : start power of open node
2024-11-03 16:51:51,688 :: INFO :: Node OpenOCD: Setup of openocd node
2024-11-03 16:51:54,703 :: INFO :: Node OpenOCD: flash of openocd node
2024-11-03 16:51:54,708 :: INFO :: Flash firmware on OpenOCD: /usr/lib/python3.8/site-packages/gateway_code/static/m3_idle.elf
2024-11-03 16:51:56,857 :: INFO :: Control node : Start experiment
2024-11-03 16:51:56,920 :: INFO :: Control Node set time delay: 6652 us
2024-11-03 16:51:56,963 :: INFO :: Control node : profile configuration
2024-11-03 16:51:56,967 :: INFO :: Configure profile on Control Node
2024-11-03 16:51:57,021 :: INFO :: Start experiment succeeded
2024-11-03 17:52:06,782 :: INFO :: Gateway Manager : Stop experiment
2024-11-03 17:52:06,787 :: INFO :: Stop experiment
2024-11-03 17:52:06,791 :: INFO :: Control node : stop of the experiment
2024-11-03 17:52:06,796 :: INFO :: Control node : profile configuration
2024-11-03 17:52:06,799 :: INFO :: Configure profile on Control Node
2024-11-03 17:52:06,857 :: INFO :: Control node : start power of open node
2024-11-03 17:52:06,889 :: INFO :: Node OpenOCD: teardown of openocd node
2024-11-03 17:52:09,904 :: INFO :: openocd node debugger stop
2024-11-03 17:52:10,429 :: INFO :: Node OpenOCD: flash of openocd node
2024-11-03 17:52:10,432 :: INFO :: Flash firmware on OpenOCD: /usr/lib/python3.8/site-packages/gateway_code/static/m3_idle.elf
2024-11-03 17:52:12,574 :: INFO :: Control node : Stop control node serial interface
2024-11-03 17:52:12,578 :: INFO :: Control node : stop power of open node
2024-11-03 17:52:12,620 :: INFO :: Control node : reset
2024-11-03 17:52:12,624 :: INFO :: Reset Control Node
2024-11-03 17:52:15,398 :: INFO :: Stop experiment succeeded
