2024-11-03 16:51:48,822 :: INFO :: Start experiment: perezram-407548
2024-11-03 16:51:48,826 :: INFO :: Control node : Starting of control node serial interface
2024-11-03 16:51:48,829 :: INFO :: Control node : reset
2024-11-03 16:51:48,832 :: INFO :: Reset Control Node
2024-11-03 16:51:51,623 :: INFO :: Control node : start power of open node
2024-11-03 16:51:51,640 :: INFO :: Node OpenOCD: Setup of openocd node
2024-11-03 16:51:54,655 :: INFO :: Node OpenOCD: flash of openocd node
2024-11-03 16:51:54,659 :: INFO :: Flash firmware on OpenOCD: /usr/lib/python3.8/site-packages/gateway_code/static/m3_idle.elf
2024-11-03 16:51:56,807 :: INFO :: Control node : Start experiment
2024-11-03 16:51:56,876 :: INFO :: Control Node set time delay: 11541 us
2024-11-03 16:51:56,904 :: INFO :: Control node : profile configuration
2024-11-03 16:51:56,907 :: INFO :: Configure profile on Control Node
2024-11-03 16:51:56,972 :: INFO :: Start experiment succeeded
2024-11-03 17:52:06,773 :: INFO :: Gateway Manager : Stop experiment
2024-11-03 17:52:06,778 :: INFO :: Stop experiment
2024-11-03 17:52:06,782 :: INFO :: Control node : stop of the experiment
2024-11-03 17:52:06,787 :: INFO :: Control node : profile configuration
2024-11-03 17:52:06,790 :: INFO :: Configure profile on Control Node
2024-11-03 17:52:06,848 :: INFO :: Control node : start power of open node
2024-11-03 17:52:06,880 :: INFO :: Node OpenOCD: teardown of openocd node
2024-11-03 17:52:09,896 :: INFO :: openocd node debugger stop
2024-11-03 17:52:10,421 :: INFO :: Node OpenOCD: flash of openocd node
2024-11-03 17:52:10,424 :: INFO :: Flash firmware on OpenOCD: /usr/lib/python3.8/site-packages/gateway_code/static/m3_idle.elf
2024-11-03 17:52:12,565 :: INFO :: Control node : Stop control node serial interface
2024-11-03 17:52:12,570 :: INFO :: Control node : stop power of open node
2024-11-03 17:52:12,612 :: INFO :: Control node : reset
2024-11-03 17:52:12,616 :: INFO :: Reset Control Node
2024-11-03 17:52:15,371 :: INFO :: Stop experiment succeeded
