2024-11-03 16:51:48,677 :: INFO :: Start experiment: perezram-407548
2024-11-03 16:51:48,681 :: INFO :: Control node : Starting of control node serial interface
2024-11-03 16:51:48,684 :: INFO :: Control node : reset
2024-11-03 16:51:48,687 :: INFO :: Reset Control Node
2024-11-03 16:51:51,477 :: INFO :: Control node : start power of open node
2024-11-03 16:51:51,495 :: INFO :: Node OpenOCD: Setup of openocd node
2024-11-03 16:51:54,510 :: INFO :: Node OpenOCD: flash of openocd node
2024-11-03 16:51:54,515 :: INFO :: Flash firmware on OpenOCD: /usr/lib/python3.8/site-packages/gateway_code/static/m3_idle.elf
2024-11-03 16:51:56,661 :: INFO :: Control node : Start experiment
2024-11-03 16:51:56,726 :: INFO :: Control Node set time delay: 15484 us
2024-11-03 16:51:56,763 :: INFO :: Control node : profile configuration
2024-11-03 16:51:56,767 :: INFO :: Configure profile on Control Node
2024-11-03 16:51:56,827 :: INFO :: Start experiment succeeded
2024-11-03 17:52:06,696 :: INFO :: Gateway Manager : Stop experiment
2024-11-03 17:52:06,702 :: INFO :: Stop experiment
2024-11-03 17:52:06,706 :: INFO :: Control node : stop of the experiment
2024-11-03 17:52:06,711 :: INFO :: Control node : profile configuration
2024-11-03 17:52:06,714 :: INFO :: Configure profile on Control Node
2024-11-03 17:52:06,759 :: INFO :: Control node : start power of open node
2024-11-03 17:52:06,791 :: INFO :: Node OpenOCD: teardown of openocd node
2024-11-03 17:52:09,806 :: INFO :: openocd node debugger stop
2024-11-03 17:52:10,331 :: INFO :: Node OpenOCD: flash of openocd node
2024-11-03 17:52:10,334 :: INFO :: Flash firmware on OpenOCD: /usr/lib/python3.8/site-packages/gateway_code/static/m3_idle.elf
2024-11-03 17:52:12,477 :: INFO :: Control node : Stop control node serial interface
2024-11-03 17:52:12,482 :: INFO :: Control node : stop power of open node
2024-11-03 17:52:12,522 :: INFO :: Control node : reset
2024-11-03 17:52:12,526 :: INFO :: Reset Control Node
2024-11-03 17:52:15,273 :: INFO :: Stop experiment succeeded
