2024-11-03 16:51:48,912 :: INFO :: Start experiment: perezram-407548
2024-11-03 16:51:48,915 :: INFO :: Control node : Starting of control node serial interface
2024-11-03 16:51:48,919 :: INFO :: Control node : reset
2024-11-03 16:51:48,921 :: INFO :: Reset Control Node
2024-11-03 16:51:51,712 :: INFO :: Control node : start power of open node
2024-11-03 16:51:51,739 :: INFO :: Node OpenOCD: Setup of openocd node
2024-11-03 16:51:54,753 :: INFO :: Node OpenOCD: flash of openocd node
2024-11-03 16:51:54,760 :: INFO :: Flash firmware on OpenOCD: /usr/lib/python3.8/site-packages/gateway_code/static/m3_idle.elf
2024-11-03 16:51:56,906 :: INFO :: Control node : Start experiment
2024-11-03 16:51:56,971 :: INFO :: Control Node set time delay: 7376 us
2024-11-03 16:51:57,003 :: INFO :: Control node : profile configuration
2024-11-03 16:51:57,007 :: INFO :: Configure profile on Control Node
2024-11-03 16:51:57,056 :: INFO :: Start experiment succeeded
2024-11-03 17:52:06,959 :: INFO :: Gateway Manager : Stop experiment
2024-11-03 17:52:06,964 :: INFO :: Stop experiment
2024-11-03 17:52:06,968 :: INFO :: Control node : stop of the experiment
2024-11-03 17:52:06,973 :: INFO :: Control node : profile configuration
2024-11-03 17:52:06,976 :: INFO :: Configure profile on Control Node
2024-11-03 17:52:07,028 :: INFO :: Control node : start power of open node
2024-11-03 17:52:07,060 :: INFO :: Node OpenOCD: teardown of openocd node
2024-11-03 17:52:10,076 :: INFO :: openocd node debugger stop
2024-11-03 17:52:10,698 :: INFO :: Node OpenOCD: flash of openocd node
2024-11-03 17:52:10,701 :: INFO :: Flash firmware on OpenOCD: /usr/lib/python3.8/site-packages/gateway_code/static/m3_idle.elf
2024-11-03 17:52:12,843 :: INFO :: Control node : Stop control node serial interface
2024-11-03 17:52:12,848 :: INFO :: Control node : stop power of open node
2024-11-03 17:52:12,887 :: INFO :: Control node : reset
2024-11-03 17:52:12,891 :: INFO :: Reset Control Node
2024-11-03 17:52:15,634 :: INFO :: Stop experiment succeeded
