2024-11-03 16:51:48,882 :: INFO :: Start experiment: perezram-407548
2024-11-03 16:51:48,886 :: INFO :: Control node : Starting of control node serial interface
2024-11-03 16:51:48,889 :: INFO :: Control node : reset
2024-11-03 16:51:48,892 :: INFO :: Reset Control Node
2024-11-03 16:51:51,684 :: INFO :: Control node : start power of open node
2024-11-03 16:51:51,700 :: INFO :: Node OpenOCD: Setup of openocd node
2024-11-03 16:51:54,715 :: INFO :: Node OpenOCD: flash of openocd node
2024-11-03 16:51:54,720 :: INFO :: Flash firmware on OpenOCD: /usr/lib/python3.8/site-packages/gateway_code/static/m3_idle.elf
2024-11-03 16:51:56,868 :: INFO :: Control node : Start experiment
2024-11-03 16:51:56,932 :: INFO :: Control Node set time delay: 10141 us
2024-11-03 16:51:56,965 :: INFO :: Control node : profile configuration
2024-11-03 16:51:56,968 :: INFO :: Configure profile on Control Node
2024-11-03 16:51:57,034 :: INFO :: Start experiment succeeded
2024-11-03 17:52:06,786 :: INFO :: Gateway Manager : Stop experiment
2024-11-03 17:52:06,791 :: INFO :: Stop experiment
2024-11-03 17:52:06,795 :: INFO :: Control node : stop of the experiment
2024-11-03 17:52:06,800 :: INFO :: Control node : profile configuration
2024-11-03 17:52:06,803 :: INFO :: Configure profile on Control Node
2024-11-03 17:52:06,861 :: INFO :: Control node : start power of open node
2024-11-03 17:52:06,893 :: INFO :: Node OpenOCD: teardown of openocd node
2024-11-03 17:52:09,909 :: INFO :: openocd node debugger stop
2024-11-03 17:52:10,531 :: INFO :: Node OpenOCD: flash of openocd node
2024-11-03 17:52:10,535 :: INFO :: Flash firmware on OpenOCD: /usr/lib/python3.8/site-packages/gateway_code/static/m3_idle.elf
2024-11-03 17:52:12,677 :: INFO :: Control node : Stop control node serial interface
2024-11-03 17:52:12,681 :: INFO :: Control node : stop power of open node
2024-11-03 17:52:12,720 :: INFO :: Control node : reset
2024-11-03 17:52:12,724 :: INFO :: Reset Control Node
2024-11-03 17:52:15,495 :: INFO :: Stop experiment succeeded
