2024-11-03 16:51:48,750 :: INFO :: Start experiment: perezram-407548
2024-11-03 16:51:48,753 :: INFO :: Control node : Starting of control node serial interface
2024-11-03 16:51:48,756 :: INFO :: Control node : reset
2024-11-03 16:51:48,759 :: INFO :: Reset Control Node
2024-11-03 16:51:51,562 :: INFO :: Control node : start power of open node
2024-11-03 16:51:51,580 :: INFO :: Node OpenOCD: Setup of openocd node
2024-11-03 16:51:54,594 :: INFO :: Node OpenOCD: flash of openocd node
2024-11-03 16:51:54,599 :: INFO :: Flash firmware on OpenOCD: /usr/lib/python3.8/site-packages/gateway_code/static/m3_idle.elf
2024-11-03 16:51:56,747 :: INFO :: Control node : Start experiment
2024-11-03 16:51:56,812 :: INFO :: Control Node set time delay: 10861 us
2024-11-03 16:51:56,843 :: INFO :: Control node : profile configuration
2024-11-03 16:51:56,846 :: INFO :: Configure profile on Control Node
2024-11-03 16:51:56,912 :: INFO :: Start experiment succeeded
2024-11-03 17:52:06,845 :: INFO :: Gateway Manager : Stop experiment
2024-11-03 17:52:06,850 :: INFO :: Stop experiment
2024-11-03 17:52:06,854 :: INFO :: Control node : stop of the experiment
2024-11-03 17:52:06,859 :: INFO :: Control node : profile configuration
2024-11-03 17:52:06,862 :: INFO :: Configure profile on Control Node
2024-11-03 17:52:06,911 :: INFO :: Control node : start power of open node
2024-11-03 17:52:06,943 :: INFO :: Node OpenOCD: teardown of openocd node
2024-11-03 17:52:09,973 :: INFO :: openocd node debugger stop
2024-11-03 17:52:10,594 :: INFO :: Node OpenOCD: flash of openocd node
2024-11-03 17:52:10,598 :: INFO :: Flash firmware on OpenOCD: /usr/lib/python3.8/site-packages/gateway_code/static/m3_idle.elf
2024-11-03 17:52:12,739 :: INFO :: Control node : Stop control node serial interface
2024-11-03 17:52:12,743 :: INFO :: Control node : stop power of open node
2024-11-03 17:52:12,786 :: INFO :: Control node : reset
2024-11-03 17:52:12,790 :: INFO :: Reset Control Node
2024-11-03 17:52:15,536 :: INFO :: Stop experiment succeeded
