2024-11-03 16:51:48,746 :: INFO :: Start experiment: perezram-407548
2024-11-03 16:51:48,750 :: INFO :: Control node : Starting of control node serial interface
2024-11-03 16:51:48,753 :: INFO :: Control node : reset
2024-11-03 16:51:48,756 :: INFO :: Reset Control Node
2024-11-03 16:51:51,563 :: INFO :: Control node : start power of open node
2024-11-03 16:51:51,582 :: INFO :: Node OpenOCD: Setup of openocd node
2024-11-03 16:51:54,596 :: INFO :: Node OpenOCD: flash of openocd node
2024-11-03 16:51:54,601 :: INFO :: Flash firmware on OpenOCD: /usr/lib/python3.8/site-packages/gateway_code/static/m3_idle.elf
2024-11-03 16:51:56,748 :: INFO :: Control node : Start experiment
2024-11-03 16:51:56,814 :: INFO :: Control Node set time delay: 5833 us
2024-11-03 16:51:56,846 :: INFO :: Control node : profile configuration
2024-11-03 16:51:56,849 :: INFO :: Configure profile on Control Node
2024-11-03 16:51:56,915 :: INFO :: Start experiment succeeded
2024-11-03 17:52:06,767 :: INFO :: Gateway Manager : Stop experiment
2024-11-03 17:52:06,772 :: INFO :: Stop experiment
2024-11-03 17:52:06,776 :: INFO :: Control node : stop of the experiment
2024-11-03 17:52:06,781 :: INFO :: Control node : profile configuration
2024-11-03 17:52:06,784 :: INFO :: Configure profile on Control Node
2024-11-03 17:52:06,843 :: INFO :: Control node : start power of open node
2024-11-03 17:52:06,875 :: INFO :: Node OpenOCD: teardown of openocd node
2024-11-03 17:52:09,890 :: INFO :: openocd node debugger stop
2024-11-03 17:52:10,512 :: INFO :: Node OpenOCD: flash of openocd node
2024-11-03 17:52:10,515 :: INFO :: Flash firmware on OpenOCD: /usr/lib/python3.8/site-packages/gateway_code/static/m3_idle.elf
2024-11-03 17:52:12,656 :: INFO :: Control node : Stop control node serial interface
2024-11-03 17:52:12,661 :: INFO :: Control node : stop power of open node
2024-11-03 17:52:12,702 :: INFO :: Control node : reset
2024-11-03 17:52:12,706 :: INFO :: Reset Control Node
2024-11-03 17:52:15,479 :: INFO :: Stop experiment succeeded
