2024-11-03 16:51:48,675 :: INFO :: Start experiment: perezram-407548
2024-11-03 16:51:48,679 :: INFO :: Control node : Starting of control node serial interface
2024-11-03 16:51:48,682 :: INFO :: Control node : reset
2024-11-03 16:51:48,685 :: INFO :: Reset Control Node
2024-11-03 16:51:51,474 :: INFO :: Control node : start power of open node
2024-11-03 16:51:51,492 :: INFO :: Node OpenOCD: Setup of openocd node
2024-11-03 16:51:54,508 :: INFO :: Node OpenOCD: flash of openocd node
2024-11-03 16:51:54,513 :: INFO :: Flash firmware on OpenOCD: /usr/lib/python3.8/site-packages/gateway_code/static/m3_idle.elf
2024-11-03 16:51:56,658 :: INFO :: Control node : Start experiment
2024-11-03 16:51:56,727 :: INFO :: Control Node set time delay: 9501 us
2024-11-03 16:51:56,760 :: INFO :: Control node : profile configuration
2024-11-03 16:51:56,771 :: INFO :: Configure profile on Control Node
2024-11-03 16:51:56,825 :: INFO :: Start experiment succeeded
2024-11-03 17:52:06,693 :: INFO :: Gateway Manager : Stop experiment
2024-11-03 17:52:06,699 :: INFO :: Stop experiment
2024-11-03 17:52:06,703 :: INFO :: Control node : stop of the experiment
2024-11-03 17:52:06,708 :: INFO :: Control node : profile configuration
2024-11-03 17:52:06,711 :: INFO :: Configure profile on Control Node
2024-11-03 17:52:06,760 :: INFO :: Control node : start power of open node
2024-11-03 17:52:06,790 :: INFO :: Node OpenOCD: teardown of openocd node
2024-11-03 17:52:09,806 :: INFO :: openocd node debugger stop
2024-11-03 17:52:10,331 :: INFO :: Node OpenOCD: flash of openocd node
2024-11-03 17:52:10,334 :: INFO :: Flash firmware on OpenOCD: /usr/lib/python3.8/site-packages/gateway_code/static/m3_idle.elf
2024-11-03 17:52:12,477 :: INFO :: Control node : Stop control node serial interface
2024-11-03 17:52:12,482 :: INFO :: Control node : stop power of open node
2024-11-03 17:52:12,522 :: INFO :: Control node : reset
2024-11-03 17:52:12,526 :: INFO :: Reset Control Node
2024-11-03 17:52:15,272 :: INFO :: Stop experiment succeeded
