2024-11-03 16:51:48,514 :: INFO :: Start experiment: perezram-407548
2024-11-03 16:51:48,518 :: INFO :: Control node : Starting of control node serial interface
2024-11-03 16:51:48,521 :: INFO :: Control node : reset
2024-11-03 16:51:48,525 :: INFO :: Reset Control Node
2024-11-03 16:51:51,323 :: INFO :: Control node : start power of open node
2024-11-03 16:51:51,344 :: INFO :: Node OpenOCD: Setup of openocd node
2024-11-03 16:51:54,358 :: INFO :: Node OpenOCD: flash of openocd node
2024-11-03 16:51:54,363 :: INFO :: Flash firmware on OpenOCD: /usr/lib/python3.8/site-packages/gateway_code/static/m3_idle.elf
2024-11-03 16:51:56,510 :: INFO :: Control node : Start experiment
2024-11-03 16:51:56,575 :: INFO :: Control Node set time delay: 14096 us
2024-11-03 16:51:56,599 :: INFO :: Control node : profile configuration
2024-11-03 16:51:56,609 :: INFO :: Configure profile on Control Node
2024-11-03 16:51:56,676 :: INFO :: Start experiment succeeded
2024-11-03 17:52:06,673 :: INFO :: Gateway Manager : Stop experiment
2024-11-03 17:52:06,678 :: INFO :: Stop experiment
2024-11-03 17:52:06,683 :: INFO :: Control node : stop of the experiment
2024-11-03 17:52:06,687 :: INFO :: Control node : profile configuration
2024-11-03 17:52:06,690 :: INFO :: Configure profile on Control Node
2024-11-03 17:52:06,750 :: INFO :: Control node : start power of open node
2024-11-03 17:52:06,780 :: INFO :: Node OpenOCD: teardown of openocd node
2024-11-03 17:52:09,796 :: INFO :: openocd node debugger stop
2024-11-03 17:52:10,417 :: INFO :: Node OpenOCD: flash of openocd node
2024-11-03 17:52:10,420 :: INFO :: Flash firmware on OpenOCD: /usr/lib/python3.8/site-packages/gateway_code/static/m3_idle.elf
2024-11-03 17:52:12,561 :: INFO :: Control node : Stop control node serial interface
2024-11-03 17:52:12,565 :: INFO :: Control node : stop power of open node
2024-11-03 17:52:12,608 :: INFO :: Control node : reset
2024-11-03 17:52:12,611 :: INFO :: Reset Control Node
2024-11-03 17:52:15,373 :: INFO :: Stop experiment succeeded
