2024-11-03 16:51:48,614 :: INFO :: Start experiment: perezram-407548
2024-11-03 16:51:48,617 :: INFO :: Control node : Starting of control node serial interface
2024-11-03 16:51:48,621 :: INFO :: Control node : reset
2024-11-03 16:51:48,624 :: INFO :: Reset Control Node
2024-11-03 16:51:51,414 :: INFO :: Control node : start power of open node
2024-11-03 16:51:51,431 :: INFO :: Node OpenOCD: Setup of openocd node
2024-11-03 16:51:54,446 :: INFO :: Node OpenOCD: flash of openocd node
2024-11-03 16:51:54,451 :: INFO :: Flash firmware on OpenOCD: /usr/lib/python3.8/site-packages/gateway_code/static/m3_idle.elf
2024-11-03 16:51:56,597 :: INFO :: Control node : Start experiment
2024-11-03 16:51:56,663 :: INFO :: Control Node set time delay: 7219 us
2024-11-03 16:51:56,686 :: INFO :: Control node : profile configuration
2024-11-03 16:51:56,700 :: INFO :: Configure profile on Control Node
2024-11-03 16:51:56,764 :: INFO :: Start experiment succeeded
2024-11-03 17:52:06,694 :: INFO :: Gateway Manager : Stop experiment
2024-11-03 17:52:06,700 :: INFO :: Stop experiment
2024-11-03 17:52:06,704 :: INFO :: Control node : stop of the experiment
2024-11-03 17:52:06,708 :: INFO :: Control node : profile configuration
2024-11-03 17:52:06,712 :: INFO :: Configure profile on Control Node
2024-11-03 17:52:06,768 :: INFO :: Control node : start power of open node
2024-11-03 17:52:06,800 :: INFO :: Node OpenOCD: teardown of openocd node
2024-11-03 17:52:09,816 :: INFO :: openocd node debugger stop
2024-11-03 17:52:10,438 :: INFO :: Node OpenOCD: flash of openocd node
2024-11-03 17:52:10,441 :: INFO :: Flash firmware on OpenOCD: /usr/lib/python3.8/site-packages/gateway_code/static/m3_idle.elf
2024-11-03 17:52:12,583 :: INFO :: Control node : Stop control node serial interface
2024-11-03 17:52:12,587 :: INFO :: Control node : stop power of open node
2024-11-03 17:52:12,628 :: INFO :: Control node : reset
2024-11-03 17:52:12,632 :: INFO :: Reset Control Node
2024-11-03 17:52:15,410 :: INFO :: Stop experiment succeeded
