2024-11-03 16:51:48,714 :: INFO :: Start experiment: perezram-407548
2024-11-03 16:51:48,718 :: INFO :: Control node : Starting of control node serial interface
2024-11-03 16:51:48,721 :: INFO :: Control node : reset
2024-11-03 16:51:48,724 :: INFO :: Reset Control Node
2024-11-03 16:51:51,522 :: INFO :: Control node : start power of open node
2024-11-03 16:51:51,540 :: INFO :: Node OpenOCD: Setup of openocd node
2024-11-03 16:51:54,554 :: INFO :: Node OpenOCD: flash of openocd node
2024-11-03 16:51:54,560 :: INFO :: Flash firmware on OpenOCD: /usr/lib/python3.8/site-packages/gateway_code/static/m3_idle.elf
2024-11-03 16:51:56,706 :: INFO :: Control node : Start experiment
2024-11-03 16:51:56,772 :: INFO :: Control Node set time delay: 14289 us
2024-11-03 16:51:56,799 :: INFO :: Control node : profile configuration
2024-11-03 16:51:56,803 :: INFO :: Configure profile on Control Node
2024-11-03 16:51:56,873 :: INFO :: Start experiment succeeded
2024-11-03 17:52:06,750 :: INFO :: Gateway Manager : Stop experiment
2024-11-03 17:52:06,755 :: INFO :: Stop experiment
2024-11-03 17:52:06,759 :: INFO :: Control node : stop of the experiment
2024-11-03 17:52:06,764 :: INFO :: Control node : profile configuration
2024-11-03 17:52:06,767 :: INFO :: Configure profile on Control Node
2024-11-03 17:52:06,817 :: INFO :: Control node : start power of open node
2024-11-03 17:52:06,849 :: INFO :: Node OpenOCD: teardown of openocd node
2024-11-03 17:52:09,865 :: INFO :: openocd node debugger stop
2024-11-03 17:52:10,487 :: INFO :: Node OpenOCD: flash of openocd node
2024-11-03 17:52:10,490 :: INFO :: Flash firmware on OpenOCD: /usr/lib/python3.8/site-packages/gateway_code/static/m3_idle.elf
2024-11-03 17:52:12,631 :: INFO :: Control node : Stop control node serial interface
2024-11-03 17:52:12,636 :: INFO :: Control node : stop power of open node
2024-11-03 17:52:12,676 :: INFO :: Control node : reset
2024-11-03 17:52:12,680 :: INFO :: Reset Control Node
2024-11-03 17:52:15,427 :: INFO :: Stop experiment succeeded
