2024-11-03 16:51:48,714 :: INFO :: Start experiment: perezram-407548
2024-11-03 16:51:48,718 :: INFO :: Control node : Starting of control node serial interface
2024-11-03 16:51:48,721 :: INFO :: Control node : reset
2024-11-03 16:51:48,724 :: INFO :: Reset Control Node
2024-11-03 16:51:51,515 :: INFO :: Control node : start power of open node
2024-11-03 16:51:51,532 :: INFO :: Node OpenOCD: Setup of openocd node
2024-11-03 16:51:54,547 :: INFO :: Node OpenOCD: flash of openocd node
2024-11-03 16:51:54,552 :: INFO :: Flash firmware on OpenOCD: /usr/lib/python3.8/site-packages/gateway_code/static/m3_idle.elf
2024-11-03 16:51:56,698 :: INFO :: Control node : Start experiment
2024-11-03 16:51:56,763 :: INFO :: Control Node set time delay: 3429 us
2024-11-03 16:51:56,796 :: INFO :: Control node : profile configuration
2024-11-03 16:51:56,799 :: INFO :: Configure profile on Control Node
2024-11-03 16:51:56,849 :: INFO :: Start experiment succeeded
2024-11-03 17:52:06,701 :: INFO :: Gateway Manager : Stop experiment
2024-11-03 17:52:06,706 :: INFO :: Stop experiment
2024-11-03 17:52:06,710 :: INFO :: Control node : stop of the experiment
2024-11-03 17:52:06,715 :: INFO :: Control node : profile configuration
2024-11-03 17:52:06,718 :: INFO :: Configure profile on Control Node
2024-11-03 17:52:06,771 :: INFO :: Control node : start power of open node
2024-11-03 17:52:06,803 :: INFO :: Node OpenOCD: teardown of openocd node
2024-11-03 17:52:09,819 :: INFO :: openocd node debugger stop
2024-11-03 17:52:10,440 :: INFO :: Node OpenOCD: flash of openocd node
2024-11-03 17:52:10,443 :: INFO :: Flash firmware on OpenOCD: /usr/lib/python3.8/site-packages/gateway_code/static/m3_idle.elf
2024-11-03 17:52:12,585 :: INFO :: Control node : Stop control node serial interface
2024-11-03 17:52:12,589 :: INFO :: Control node : stop power of open node
2024-11-03 17:52:12,631 :: INFO :: Control node : reset
2024-11-03 17:52:12,634 :: INFO :: Reset Control Node
2024-11-03 17:52:15,412 :: INFO :: Stop experiment succeeded
