2024-11-03 16:51:48,878 :: INFO :: Start experiment: perezram-407548
2024-11-03 16:51:48,882 :: INFO :: Control node : Starting of control node serial interface
2024-11-03 16:51:48,885 :: INFO :: Control node : reset
2024-11-03 16:51:48,888 :: INFO :: Reset Control Node
2024-11-03 16:51:51,678 :: INFO :: Control node : start power of open node
2024-11-03 16:51:51,696 :: INFO :: Node OpenOCD: Setup of openocd node
2024-11-03 16:51:54,710 :: INFO :: Node OpenOCD: flash of openocd node
2024-11-03 16:51:54,715 :: INFO :: Flash firmware on OpenOCD: /usr/lib/python3.8/site-packages/gateway_code/static/m3_idle.elf
2024-11-03 16:51:56,865 :: INFO :: Control node : Start experiment
2024-11-03 16:51:56,929 :: INFO :: Control Node set time delay: 5149 us
2024-11-03 16:51:56,960 :: INFO :: Control node : profile configuration
2024-11-03 16:51:56,963 :: INFO :: Configure profile on Control Node
2024-11-03 16:51:57,029 :: INFO :: Start experiment succeeded
2024-11-03 17:52:06,965 :: INFO :: Gateway Manager : Stop experiment
2024-11-03 17:52:06,970 :: INFO :: Stop experiment
2024-11-03 17:52:06,974 :: INFO :: Control node : stop of the experiment
2024-11-03 17:52:06,979 :: INFO :: Control node : profile configuration
2024-11-03 17:52:06,982 :: INFO :: Configure profile on Control Node
2024-11-03 17:52:07,027 :: INFO :: Control node : start power of open node
2024-11-03 17:52:07,059 :: INFO :: Node OpenOCD: teardown of openocd node
2024-11-03 17:52:10,075 :: INFO :: openocd node debugger stop
2024-11-03 17:52:10,696 :: INFO :: Node OpenOCD: flash of openocd node
2024-11-03 17:52:10,700 :: INFO :: Flash firmware on OpenOCD: /usr/lib/python3.8/site-packages/gateway_code/static/m3_idle.elf
2024-11-03 17:52:12,841 :: INFO :: Control node : Stop control node serial interface
2024-11-03 17:52:12,845 :: INFO :: Control node : stop power of open node
2024-11-03 17:52:12,886 :: INFO :: Control node : reset
2024-11-03 17:52:12,890 :: INFO :: Reset Control Node
2024-11-03 17:52:15,631 :: INFO :: Stop experiment succeeded
