2024-11-03 16:51:48,751 :: INFO :: Start experiment: perezram-407548
2024-11-03 16:51:48,754 :: INFO :: Control node : Starting of control node serial interface
2024-11-03 16:51:48,758 :: INFO :: Control node : reset
2024-11-03 16:51:48,761 :: INFO :: Reset Control Node
2024-11-03 16:51:51,565 :: INFO :: Control node : start power of open node
2024-11-03 16:51:51,583 :: INFO :: Node OpenOCD: Setup of openocd node
2024-11-03 16:51:54,599 :: INFO :: Node OpenOCD: flash of openocd node
2024-11-03 16:51:54,603 :: INFO :: Flash firmware on OpenOCD: /usr/lib/python3.8/site-packages/gateway_code/static/m3_idle.elf
2024-11-03 16:51:56,750 :: INFO :: Control node : Start experiment
2024-11-03 16:51:56,815 :: INFO :: Control Node set time delay: 7587 us
2024-11-03 16:51:56,847 :: INFO :: Control node : profile configuration
2024-11-03 16:51:56,851 :: INFO :: Configure profile on Control Node
2024-11-03 16:51:56,917 :: INFO :: Start experiment succeeded
2024-11-03 17:52:06,756 :: INFO :: Gateway Manager : Stop experiment
2024-11-03 17:52:06,762 :: INFO :: Stop experiment
2024-11-03 17:52:06,766 :: INFO :: Control node : stop of the experiment
2024-11-03 17:52:06,771 :: INFO :: Control node : profile configuration
2024-11-03 17:52:06,774 :: INFO :: Configure profile on Control Node
2024-11-03 17:52:06,827 :: INFO :: Control node : start power of open node
2024-11-03 17:52:06,858 :: INFO :: Node OpenOCD: teardown of openocd node
2024-11-03 17:52:09,874 :: INFO :: openocd node debugger stop
2024-11-03 17:52:10,496 :: INFO :: Node OpenOCD: flash of openocd node
2024-11-03 17:52:10,499 :: INFO :: Flash firmware on OpenOCD: /usr/lib/python3.8/site-packages/gateway_code/static/m3_idle.elf
2024-11-03 17:52:12,641 :: INFO :: Control node : Stop control node serial interface
2024-11-03 17:52:12,645 :: INFO :: Control node : stop power of open node
2024-11-03 17:52:12,686 :: INFO :: Control node : reset
2024-11-03 17:52:12,689 :: INFO :: Reset Control Node
2024-11-03 17:52:15,454 :: INFO :: Stop experiment succeeded
