2024-11-03 16:51:48,687 :: INFO :: Start experiment: perezram-407548
2024-11-03 16:51:48,691 :: INFO :: Control node : Starting of control node serial interface
2024-11-03 16:51:48,694 :: INFO :: Control node : reset
2024-11-03 16:51:48,697 :: INFO :: Reset Control Node
2024-11-03 16:51:51,487 :: INFO :: Control node : start power of open node
2024-11-03 16:51:51,505 :: INFO :: Node OpenOCD: Setup of openocd node
2024-11-03 16:51:54,520 :: INFO :: Node OpenOCD: flash of openocd node
2024-11-03 16:51:54,525 :: INFO :: Flash firmware on OpenOCD: /usr/lib/python3.8/site-packages/gateway_code/static/m3_idle.elf
2024-11-03 16:51:56,673 :: INFO :: Control node : Start experiment
2024-11-03 16:51:56,740 :: INFO :: Control Node set time delay: 5864 us
2024-11-03 16:51:56,785 :: INFO :: Control node : profile configuration
2024-11-03 16:51:56,789 :: INFO :: Configure profile on Control Node
2024-11-03 16:51:56,838 :: INFO :: Start experiment succeeded
2024-11-03 17:52:06,761 :: INFO :: Gateway Manager : Stop experiment
2024-11-03 17:52:06,766 :: INFO :: Stop experiment
2024-11-03 17:52:06,771 :: INFO :: Control node : stop of the experiment
2024-11-03 17:52:06,775 :: INFO :: Control node : profile configuration
2024-11-03 17:52:06,779 :: INFO :: Configure profile on Control Node
2024-11-03 17:52:06,832 :: INFO :: Control node : start power of open node
2024-11-03 17:52:06,865 :: INFO :: Node OpenOCD: teardown of openocd node
2024-11-03 17:52:09,888 :: INFO :: openocd node debugger stop
2024-11-03 17:52:10,510 :: INFO :: Node OpenOCD: flash of openocd node
2024-11-03 17:52:10,513 :: INFO :: Flash firmware on OpenOCD: /usr/lib/python3.8/site-packages/gateway_code/static/m3_idle.elf
2024-11-03 17:52:12,654 :: INFO :: Control node : Stop control node serial interface
2024-11-03 17:52:12,658 :: INFO :: Control node : stop power of open node
2024-11-03 17:52:12,692 :: INFO :: Control node : reset
2024-11-03 17:52:12,696 :: INFO :: Reset Control Node
2024-11-03 17:52:15,451 :: INFO :: Stop experiment succeeded
