2024-11-03 16:51:48,913 :: INFO :: Start experiment: perezram-407548
2024-11-03 16:51:48,917 :: INFO :: Control node : Starting of control node serial interface
2024-11-03 16:51:48,920 :: INFO :: Control node : reset
2024-11-03 16:51:48,923 :: INFO :: Reset Control Node
2024-11-03 16:51:51,712 :: INFO :: Control node : start power of open node
2024-11-03 16:51:51,730 :: INFO :: Node OpenOCD: Setup of openocd node
2024-11-03 16:51:54,745 :: INFO :: Node OpenOCD: flash of openocd node
2024-11-03 16:51:54,750 :: INFO :: Flash firmware on OpenOCD: /usr/lib/python3.8/site-packages/gateway_code/static/m3_idle.elf
2024-11-03 16:51:56,911 :: INFO :: Control node : Start experiment
2024-11-03 16:51:56,963 :: INFO :: Control Node set time delay: 7835 us
2024-11-03 16:51:57,010 :: INFO :: Control node : profile configuration
2024-11-03 16:51:57,013 :: INFO :: Configure profile on Control Node
2024-11-03 16:51:57,063 :: INFO :: Start experiment succeeded
2024-11-03 17:52:06,971 :: INFO :: Gateway Manager : Stop experiment
2024-11-03 17:52:06,976 :: INFO :: Stop experiment
2024-11-03 17:52:06,980 :: INFO :: Control node : stop of the experiment
2024-11-03 17:52:06,985 :: INFO :: Control node : profile configuration
2024-11-03 17:52:06,988 :: INFO :: Configure profile on Control Node
2024-11-03 17:52:07,042 :: INFO :: Control node : start power of open node
2024-11-03 17:52:07,074 :: INFO :: Node OpenOCD: teardown of openocd node
2024-11-03 17:52:10,090 :: INFO :: openocd node debugger stop
2024-11-03 17:52:10,732 :: INFO :: Node OpenOCD: flash of openocd node
2024-11-03 17:52:10,745 :: INFO :: Flash firmware on OpenOCD: /usr/lib/python3.8/site-packages/gateway_code/static/m3_idle.elf
2024-11-03 17:52:13,634 :: INFO :: Control node : Stop control node serial interface
2024-11-03 17:52:13,639 :: INFO :: Control node : stop power of open node
2024-11-03 17:52:13,698 :: INFO :: Control node : reset
2024-11-03 17:52:13,701 :: INFO :: Reset Control Node
2024-11-03 17:52:16,674 :: INFO :: Stop experiment succeeded
