2024-11-03 16:51:48,832 :: INFO :: Start experiment: perezram-407548
2024-11-03 16:51:48,836 :: INFO :: Control node : Starting of control node serial interface
2024-11-03 16:51:48,839 :: INFO :: Control node : reset
2024-11-03 16:51:48,842 :: INFO :: Reset Control Node
2024-11-03 16:51:51,631 :: INFO :: Control node : start power of open node
2024-11-03 16:51:51,648 :: INFO :: Node OpenOCD: Setup of openocd node
2024-11-03 16:51:54,663 :: INFO :: Node OpenOCD: flash of openocd node
2024-11-03 16:51:54,669 :: INFO :: Flash firmware on OpenOCD: /usr/lib/python3.8/site-packages/gateway_code/static/m3_idle.elf
2024-11-03 16:51:56,815 :: INFO :: Control node : Start experiment
2024-11-03 16:51:56,880 :: INFO :: Control Node set time delay: 7939 us
2024-11-03 16:51:56,903 :: INFO :: Control node : profile configuration
2024-11-03 16:51:56,917 :: INFO :: Configure profile on Control Node
2024-11-03 16:51:56,981 :: INFO :: Start experiment succeeded
2024-11-03 17:52:06,865 :: INFO :: Gateway Manager : Stop experiment
2024-11-03 17:52:06,870 :: INFO :: Stop experiment
2024-11-03 17:52:06,874 :: INFO :: Control node : stop of the experiment
2024-11-03 17:52:06,879 :: INFO :: Control node : profile configuration
2024-11-03 17:52:06,882 :: INFO :: Configure profile on Control Node
2024-11-03 17:52:06,930 :: INFO :: Control node : start power of open node
2024-11-03 17:52:06,963 :: INFO :: Node OpenOCD: teardown of openocd node
2024-11-03 17:52:09,990 :: INFO :: openocd node debugger stop
2024-11-03 17:52:10,611 :: INFO :: Node OpenOCD: flash of openocd node
2024-11-03 17:52:10,614 :: INFO :: Flash firmware on OpenOCD: /usr/lib/python3.8/site-packages/gateway_code/static/m3_idle.elf
2024-11-03 17:52:12,755 :: INFO :: Control node : Stop control node serial interface
2024-11-03 17:52:12,760 :: INFO :: Control node : stop power of open node
2024-11-03 17:52:12,806 :: INFO :: Control node : reset
2024-11-03 17:52:12,809 :: INFO :: Reset Control Node
2024-11-03 17:52:15,548 :: INFO :: Stop experiment succeeded
