2024-11-03 16:51:48,831 :: INFO :: Start experiment: perezram-407548
2024-11-03 16:51:48,835 :: INFO :: Control node : Starting of control node serial interface
2024-11-03 16:51:48,838 :: INFO :: Control node : reset
2024-11-03 16:51:48,841 :: INFO :: Reset Control Node
2024-11-03 16:51:51,633 :: INFO :: Control node : start power of open node
2024-11-03 16:51:51,650 :: INFO :: Node OpenOCD: Setup of openocd node
2024-11-03 16:51:54,666 :: INFO :: Node OpenOCD: flash of openocd node
2024-11-03 16:51:54,671 :: INFO :: Flash firmware on OpenOCD: /usr/lib/python3.8/site-packages/gateway_code/static/m3_idle.elf
2024-11-03 16:51:56,816 :: INFO :: Control node : Start experiment
2024-11-03 16:51:56,881 :: INFO :: Control Node set time delay: 7630 us
2024-11-03 16:51:56,914 :: INFO :: Control node : profile configuration
2024-11-03 16:51:56,917 :: INFO :: Configure profile on Control Node
2024-11-03 16:51:56,983 :: INFO :: Start experiment succeeded
2024-11-03 17:52:06,782 :: INFO :: Gateway Manager : Stop experiment
2024-11-03 17:52:06,787 :: INFO :: Stop experiment
2024-11-03 17:52:06,791 :: INFO :: Control node : stop of the experiment
2024-11-03 17:52:06,796 :: INFO :: Control node : profile configuration
2024-11-03 17:52:06,799 :: INFO :: Configure profile on Control Node
2024-11-03 17:52:06,854 :: INFO :: Control node : start power of open node
2024-11-03 17:52:06,886 :: INFO :: Node OpenOCD: teardown of openocd node
2024-11-03 17:52:09,902 :: INFO :: openocd node debugger stop
2024-11-03 17:52:10,524 :: INFO :: Node OpenOCD: flash of openocd node
2024-11-03 17:52:10,527 :: INFO :: Flash firmware on OpenOCD: /usr/lib/python3.8/site-packages/gateway_code/static/m3_idle.elf
2024-11-03 17:52:12,668 :: INFO :: Control node : Stop control node serial interface
2024-11-03 17:52:12,672 :: INFO :: Control node : stop power of open node
2024-11-03 17:52:12,714 :: INFO :: Control node : reset
2024-11-03 17:52:12,717 :: INFO :: Reset Control Node
2024-11-03 17:52:15,488 :: INFO :: Stop experiment succeeded
