2024-11-03 16:51:48,784 :: INFO :: Start experiment: perezram-407548
2024-11-03 16:51:48,787 :: INFO :: Control node : Starting of control node serial interface
2024-11-03 16:51:48,790 :: INFO :: Control node : reset
2024-11-03 16:51:48,793 :: INFO :: Reset Control Node
2024-11-03 16:51:51,585 :: INFO :: Control node : start power of open node
2024-11-03 16:51:51,603 :: INFO :: Node OpenOCD: Setup of openocd node
2024-11-03 16:51:54,617 :: INFO :: Node OpenOCD: flash of openocd node
2024-11-03 16:51:54,622 :: INFO :: Flash firmware on OpenOCD: /usr/lib/python3.8/site-packages/gateway_code/static/m3_idle.elf
2024-11-03 16:51:56,773 :: INFO :: Control node : Start experiment
2024-11-03 16:51:56,850 :: INFO :: Control Node set time delay: 15935 us
2024-11-03 16:51:56,882 :: INFO :: Control node : profile configuration
2024-11-03 16:51:56,885 :: INFO :: Configure profile on Control Node
2024-11-03 16:51:56,935 :: INFO :: Start experiment succeeded
2024-11-03 17:52:06,770 :: INFO :: Gateway Manager : Stop experiment
2024-11-03 17:52:06,776 :: INFO :: Stop experiment
2024-11-03 17:52:06,780 :: INFO :: Control node : stop of the experiment
2024-11-03 17:52:06,785 :: INFO :: Control node : profile configuration
2024-11-03 17:52:06,788 :: INFO :: Configure profile on Control Node
2024-11-03 17:52:06,846 :: INFO :: Control node : start power of open node
2024-11-03 17:52:06,889 :: INFO :: Node OpenOCD: teardown of openocd node
2024-11-03 17:52:09,905 :: INFO :: openocd node debugger stop
2024-11-03 17:52:10,527 :: INFO :: Node OpenOCD: flash of openocd node
2024-11-03 17:52:10,530 :: INFO :: Flash firmware on OpenOCD: /usr/lib/python3.8/site-packages/gateway_code/static/m3_idle.elf
2024-11-03 17:52:12,672 :: INFO :: Control node : Stop control node serial interface
2024-11-03 17:52:12,677 :: INFO :: Control node : stop power of open node
2024-11-03 17:52:12,717 :: INFO :: Control node : reset
2024-11-03 17:52:12,721 :: INFO :: Reset Control Node
2024-11-03 17:52:15,494 :: INFO :: Stop experiment succeeded
