2024-11-03 16:51:48,708 :: INFO :: Start experiment: perezram-407548
2024-11-03 16:51:48,712 :: INFO :: Control node : Starting of control node serial interface
2024-11-03 16:51:48,715 :: INFO :: Control node : reset
2024-11-03 16:51:48,718 :: INFO :: Reset Control Node
2024-11-03 16:51:51,508 :: INFO :: Control node : start power of open node
2024-11-03 16:51:51,526 :: INFO :: Node OpenOCD: Setup of openocd node
2024-11-03 16:51:54,542 :: INFO :: Node OpenOCD: flash of openocd node
2024-11-03 16:51:54,547 :: INFO :: Flash firmware on OpenOCD: /usr/lib/python3.8/site-packages/gateway_code/static/m3_idle.elf
2024-11-03 16:51:56,693 :: INFO :: Control node : Start experiment
2024-11-03 16:51:56,772 :: INFO :: Control Node set time delay: 6984 us
2024-11-03 16:51:56,791 :: INFO :: Control node : profile configuration
2024-11-03 16:51:56,794 :: INFO :: Configure profile on Control Node
2024-11-03 16:51:56,859 :: INFO :: Start experiment succeeded
2024-11-03 17:52:06,703 :: INFO :: Gateway Manager : Stop experiment
2024-11-03 17:52:06,708 :: INFO :: Stop experiment
2024-11-03 17:52:06,712 :: INFO :: Control node : stop of the experiment
2024-11-03 17:52:06,717 :: INFO :: Control node : profile configuration
2024-11-03 17:52:06,720 :: INFO :: Configure profile on Control Node
2024-11-03 17:52:06,764 :: INFO :: Control node : start power of open node
2024-11-03 17:52:06,796 :: INFO :: Node OpenOCD: teardown of openocd node
2024-11-03 17:52:09,814 :: INFO :: openocd node debugger stop
2024-11-03 17:52:10,338 :: INFO :: Node OpenOCD: flash of openocd node
2024-11-03 17:52:10,342 :: INFO :: Flash firmware on OpenOCD: /usr/lib/python3.8/site-packages/gateway_code/static/m3_idle.elf
2024-11-03 17:52:12,484 :: INFO :: Control node : Stop control node serial interface
2024-11-03 17:52:12,489 :: INFO :: Control node : stop power of open node
2024-11-03 17:52:12,528 :: INFO :: Control node : reset
2024-11-03 17:52:12,532 :: INFO :: Reset Control Node
2024-11-03 17:52:15,279 :: INFO :: Stop experiment succeeded
