2024-11-03 16:51:48,731 :: INFO :: Start experiment: perezram-407548
2024-11-03 16:51:48,735 :: INFO :: Control node : Starting of control node serial interface
2024-11-03 16:51:48,738 :: INFO :: Control node : reset
2024-11-03 16:51:48,741 :: INFO :: Reset Control Node
2024-11-03 16:51:51,533 :: INFO :: Control node : start power of open node
2024-11-03 16:51:51,549 :: INFO :: Node OpenOCD: Setup of openocd node
2024-11-03 16:51:54,564 :: INFO :: Node OpenOCD: flash of openocd node
2024-11-03 16:51:54,569 :: INFO :: Flash firmware on OpenOCD: /usr/lib/python3.8/site-packages/gateway_code/static/m3_idle.elf
2024-11-03 16:51:56,716 :: INFO :: Control node : Start experiment
2024-11-03 16:51:56,785 :: INFO :: Control Node set time delay: 4241 us
2024-11-03 16:51:56,814 :: INFO :: Control node : profile configuration
2024-11-03 16:51:56,817 :: INFO :: Configure profile on Control Node
2024-11-03 16:51:56,882 :: INFO :: Start experiment succeeded
2024-11-03 17:52:06,702 :: INFO :: Gateway Manager : Stop experiment
2024-11-03 17:52:06,707 :: INFO :: Stop experiment
2024-11-03 17:52:06,712 :: INFO :: Control node : stop of the experiment
2024-11-03 17:52:06,716 :: INFO :: Control node : profile configuration
2024-11-03 17:52:06,719 :: INFO :: Configure profile on Control Node
2024-11-03 17:52:06,763 :: INFO :: Control node : start power of open node
2024-11-03 17:52:06,795 :: INFO :: Node OpenOCD: teardown of openocd node
2024-11-03 17:52:09,811 :: INFO :: openocd node debugger stop
2024-11-03 17:52:10,434 :: INFO :: Node OpenOCD: flash of openocd node
2024-11-03 17:52:10,437 :: INFO :: Flash firmware on OpenOCD: /usr/lib/python3.8/site-packages/gateway_code/static/m3_idle.elf
2024-11-03 17:52:12,578 :: INFO :: Control node : Stop control node serial interface
2024-11-03 17:52:12,583 :: INFO :: Control node : stop power of open node
2024-11-03 17:52:12,623 :: INFO :: Control node : reset
2024-11-03 17:52:12,626 :: INFO :: Reset Control Node
2024-11-03 17:52:15,419 :: INFO :: Stop experiment succeeded
