2024-11-03 16:51:48,845 :: INFO :: Start experiment: perezram-407548
2024-11-03 16:51:48,849 :: INFO :: Control node : Starting of control node serial interface
2024-11-03 16:51:48,852 :: INFO :: Control node : reset
2024-11-03 16:51:48,855 :: INFO :: Reset Control Node
2024-11-03 16:51:51,645 :: INFO :: Control node : start power of open node
2024-11-03 16:51:51,663 :: INFO :: Node OpenOCD: Setup of openocd node
2024-11-03 16:51:54,678 :: INFO :: Node OpenOCD: flash of openocd node
2024-11-03 16:51:54,683 :: INFO :: Flash firmware on OpenOCD: /usr/lib/python3.8/site-packages/gateway_code/static/m3_idle.elf
2024-11-03 16:51:56,830 :: INFO :: Control node : Start experiment
2024-11-03 16:51:56,896 :: INFO :: Control Node set time delay: 7647 us
2024-11-03 16:51:56,942 :: INFO :: Control node : profile configuration
2024-11-03 16:51:56,945 :: INFO :: Configure profile on Control Node
2024-11-03 16:51:56,995 :: INFO :: Start experiment succeeded
2024-11-03 17:52:06,785 :: INFO :: Gateway Manager : Stop experiment
2024-11-03 17:52:06,790 :: INFO :: Stop experiment
2024-11-03 17:52:06,794 :: INFO :: Control node : stop of the experiment
2024-11-03 17:52:06,799 :: INFO :: Control node : profile configuration
2024-11-03 17:52:06,802 :: INFO :: Configure profile on Control Node
2024-11-03 17:52:06,851 :: INFO :: Control node : start power of open node
2024-11-03 17:52:06,881 :: INFO :: Node OpenOCD: teardown of openocd node
2024-11-03 17:52:09,897 :: INFO :: openocd node debugger stop
2024-11-03 17:52:10,519 :: INFO :: Node OpenOCD: flash of openocd node
2024-11-03 17:52:10,522 :: INFO :: Flash firmware on OpenOCD: /usr/lib/python3.8/site-packages/gateway_code/static/m3_idle.elf
2024-11-03 17:52:12,664 :: INFO :: Control node : Stop control node serial interface
2024-11-03 17:52:12,668 :: INFO :: Control node : stop power of open node
2024-11-03 17:52:12,709 :: INFO :: Control node : reset
2024-11-03 17:52:12,713 :: INFO :: Reset Control Node
2024-11-03 17:52:15,467 :: INFO :: Stop experiment succeeded
