2024-11-03 16:51:48,822 :: INFO :: Start experiment: perezram-407548
2024-11-03 16:51:48,826 :: INFO :: Control node : Starting of control node serial interface
2024-11-03 16:51:48,829 :: INFO :: Control node : reset
2024-11-03 16:51:48,832 :: INFO :: Reset Control Node
2024-11-03 16:51:51,772 :: INFO :: Control node : start power of open node
2024-11-03 16:51:51,789 :: INFO :: Node OpenOCD: Setup of openocd node
2024-11-03 16:51:54,805 :: INFO :: Node OpenOCD: flash of openocd node
2024-11-03 16:51:54,810 :: INFO :: Flash firmware on OpenOCD: /usr/lib/python3.8/site-packages/gateway_code/static/m3_idle.elf
2024-11-03 16:51:57,007 :: INFO :: Control node : Start experiment
2024-11-03 16:51:57,085 :: INFO :: Control Node set time delay: 14541 us
2024-11-03 16:51:57,117 :: INFO :: Control node : profile configuration
2024-11-03 16:51:57,120 :: INFO :: Configure profile on Control Node
2024-11-03 16:51:57,170 :: INFO :: Start experiment succeeded
2024-11-03 17:52:06,696 :: INFO :: Gateway Manager : Stop experiment
2024-11-03 17:52:06,701 :: INFO :: Stop experiment
2024-11-03 17:52:06,705 :: INFO :: Control node : stop of the experiment
2024-11-03 17:52:06,710 :: INFO :: Control node : profile configuration
2024-11-03 17:52:06,713 :: INFO :: Configure profile on Control Node
2024-11-03 17:52:06,769 :: INFO :: Control node : start power of open node
2024-11-03 17:52:06,801 :: INFO :: Node OpenOCD: teardown of openocd node
2024-11-03 17:52:09,817 :: INFO :: openocd node debugger stop
2024-11-03 17:52:10,438 :: INFO :: Node OpenOCD: flash of openocd node
2024-11-03 17:52:10,441 :: INFO :: Flash firmware on OpenOCD: /usr/lib/python3.8/site-packages/gateway_code/static/m3_idle.elf
2024-11-03 17:52:12,582 :: INFO :: Control node : Stop control node serial interface
2024-11-03 17:52:12,587 :: INFO :: Control node : stop power of open node
2024-11-03 17:52:12,629 :: INFO :: Control node : reset
2024-11-03 17:52:12,632 :: INFO :: Reset Control Node
2024-11-03 17:52:15,415 :: INFO :: Stop experiment succeeded
