2024-11-03 16:51:48,502 :: INFO :: Start experiment: perezram-407548
2024-11-03 16:51:48,507 :: INFO :: Control node : Starting of control node serial interface
2024-11-03 16:51:48,511 :: INFO :: Control node : reset
2024-11-03 16:51:48,515 :: INFO :: Reset Control Node
2024-11-03 16:51:51,311 :: INFO :: Control node : start power of open node
2024-11-03 16:51:51,329 :: INFO :: Node OpenOCD: Setup of openocd node
2024-11-03 16:51:54,344 :: INFO :: Node OpenOCD: flash of openocd node
2024-11-03 16:51:54,349 :: INFO :: Flash firmware on OpenOCD: /usr/lib/python3.8/site-packages/gateway_code/static/m3_idle.elf
2024-11-03 16:51:56,547 :: INFO :: Control node : Start experiment
2024-11-03 16:51:56,608 :: INFO :: Control Node set time delay: 5960 us
2024-11-03 16:51:56,652 :: INFO :: Control node : profile configuration
2024-11-03 16:51:56,656 :: INFO :: Configure profile on Control Node
2024-11-03 16:51:56,710 :: INFO :: Start experiment succeeded
2024-11-03 17:52:06,678 :: INFO :: Gateway Manager : Stop experiment
2024-11-03 17:52:06,684 :: INFO :: Stop experiment
2024-11-03 17:52:06,688 :: INFO :: Control node : stop of the experiment
2024-11-03 17:52:06,693 :: INFO :: Control node : profile configuration
2024-11-03 17:52:06,696 :: INFO :: Configure profile on Control Node
2024-11-03 17:52:06,750 :: INFO :: Control node : start power of open node
2024-11-03 17:52:06,782 :: INFO :: Node OpenOCD: teardown of openocd node
2024-11-03 17:52:09,798 :: INFO :: openocd node debugger stop
2024-11-03 17:52:10,420 :: INFO :: Node OpenOCD: flash of openocd node
2024-11-03 17:52:10,423 :: INFO :: Flash firmware on OpenOCD: /usr/lib/python3.8/site-packages/gateway_code/static/m3_idle.elf
2024-11-03 17:52:12,566 :: INFO :: Control node : Stop control node serial interface
2024-11-03 17:52:12,570 :: INFO :: Control node : stop power of open node
2024-11-03 17:52:12,609 :: INFO :: Control node : reset
2024-11-03 17:52:12,613 :: INFO :: Reset Control Node
2024-11-03 17:52:15,395 :: INFO :: Stop experiment succeeded
