2024-11-03 16:51:48,867 :: INFO :: Start experiment: perezram-407548
2024-11-03 16:51:48,871 :: INFO :: Control node : Starting of control node serial interface
2024-11-03 16:51:48,874 :: INFO :: Control node : reset
2024-11-03 16:51:48,877 :: INFO :: Reset Control Node
2024-11-03 16:51:51,668 :: INFO :: Control node : start power of open node
2024-11-03 16:51:51,685 :: INFO :: Node OpenOCD: Setup of openocd node
2024-11-03 16:51:54,699 :: INFO :: Node OpenOCD: flash of openocd node
2024-11-03 16:51:54,704 :: INFO :: Flash firmware on OpenOCD: /usr/lib/python3.8/site-packages/gateway_code/static/m3_idle.elf
2024-11-03 16:51:56,854 :: INFO :: Control node : Start experiment
2024-11-03 16:51:56,918 :: INFO :: Control Node set time delay: 8654 us
2024-11-03 16:51:56,949 :: INFO :: Control node : profile configuration
2024-11-03 16:51:56,952 :: INFO :: Configure profile on Control Node
2024-11-03 16:51:57,017 :: INFO :: Start experiment succeeded
2024-11-03 17:52:06,783 :: INFO :: Gateway Manager : Stop experiment
2024-11-03 17:52:06,788 :: INFO :: Stop experiment
2024-11-03 17:52:06,792 :: INFO :: Control node : stop of the experiment
2024-11-03 17:52:06,797 :: INFO :: Control node : profile configuration
2024-11-03 17:52:06,800 :: INFO :: Configure profile on Control Node
2024-11-03 17:52:06,847 :: INFO :: Control node : start power of open node
2024-11-03 17:52:06,876 :: INFO :: Node OpenOCD: teardown of openocd node
2024-11-03 17:52:09,893 :: INFO :: openocd node debugger stop
2024-11-03 17:52:10,515 :: INFO :: Node OpenOCD: flash of openocd node
2024-11-03 17:52:10,518 :: INFO :: Flash firmware on OpenOCD: /usr/lib/python3.8/site-packages/gateway_code/static/m3_idle.elf
2024-11-03 17:52:12,660 :: INFO :: Control node : Stop control node serial interface
2024-11-03 17:52:12,665 :: INFO :: Control node : stop power of open node
2024-11-03 17:52:12,703 :: INFO :: Control node : reset
2024-11-03 17:52:12,707 :: INFO :: Reset Control Node
2024-11-03 17:52:15,483 :: INFO :: Stop experiment succeeded
