2024-11-03 16:51:48,748 :: INFO :: Start experiment: perezram-407548
2024-11-03 16:51:48,752 :: INFO :: Control node : Starting of control node serial interface
2024-11-03 16:51:48,755 :: INFO :: Control node : reset
2024-11-03 16:51:48,758 :: INFO :: Reset Control Node
2024-11-03 16:51:51,568 :: INFO :: Control node : start power of open node
2024-11-03 16:51:51,584 :: INFO :: Node OpenOCD: Setup of openocd node
2024-11-03 16:51:54,599 :: INFO :: Node OpenOCD: flash of openocd node
2024-11-03 16:51:54,604 :: INFO :: Flash firmware on OpenOCD: /usr/lib/python3.8/site-packages/gateway_code/static/m3_idle.elf
2024-11-03 16:51:56,805 :: INFO :: Control node : Start experiment
2024-11-03 16:51:56,880 :: INFO :: Control Node set time delay: 12907 us
2024-11-03 16:51:56,909 :: INFO :: Control node : profile configuration
2024-11-03 16:51:56,912 :: INFO :: Configure profile on Control Node
2024-11-03 16:51:56,965 :: INFO :: Start experiment succeeded
2024-11-03 17:52:06,763 :: INFO :: Gateway Manager : Stop experiment
2024-11-03 17:52:06,768 :: INFO :: Stop experiment
2024-11-03 17:52:06,772 :: INFO :: Control node : stop of the experiment
2024-11-03 17:52:06,777 :: INFO :: Control node : profile configuration
2024-11-03 17:52:06,780 :: INFO :: Configure profile on Control Node
2024-11-03 17:52:06,836 :: INFO :: Control node : start power of open node
2024-11-03 17:52:06,868 :: INFO :: Node OpenOCD: teardown of openocd node
2024-11-03 17:52:09,884 :: INFO :: openocd node debugger stop
2024-11-03 17:52:10,505 :: INFO :: Node OpenOCD: flash of openocd node
2024-11-03 17:52:10,509 :: INFO :: Flash firmware on OpenOCD: /usr/lib/python3.8/site-packages/gateway_code/static/m3_idle.elf
2024-11-03 17:52:12,649 :: INFO :: Control node : Stop control node serial interface
2024-11-03 17:52:12,654 :: INFO :: Control node : stop power of open node
2024-11-03 17:52:12,695 :: INFO :: Control node : reset
2024-11-03 17:52:12,699 :: INFO :: Reset Control Node
2024-11-03 17:52:15,471 :: INFO :: Stop experiment succeeded
