2024-11-03 16:51:48,496 :: INFO :: Start experiment: perezram-407548
2024-11-03 16:51:48,500 :: INFO :: Control node : Starting of control node serial interface
2024-11-03 16:51:48,505 :: INFO :: Control node : reset
2024-11-03 16:51:48,509 :: INFO :: Reset Control Node
2024-11-03 16:51:51,305 :: INFO :: Control node : start power of open node
2024-11-03 16:51:51,323 :: INFO :: Node OpenOCD: Setup of openocd node
2024-11-03 16:51:54,337 :: INFO :: Node OpenOCD: flash of openocd node
2024-11-03 16:51:54,342 :: INFO :: Flash firmware on OpenOCD: /usr/lib/python3.8/site-packages/gateway_code/static/m3_idle.elf
2024-11-03 16:51:56,490 :: INFO :: Control node : Start experiment
2024-11-03 16:51:56,554 :: INFO :: Control Node set time delay: 12531 us
2024-11-03 16:51:56,579 :: INFO :: Control node : profile configuration
2024-11-03 16:51:56,593 :: INFO :: Configure profile on Control Node
2024-11-03 16:51:56,655 :: INFO :: Start experiment succeeded
2024-11-03 17:52:06,673 :: INFO :: Gateway Manager : Stop experiment
2024-11-03 17:52:06,678 :: INFO :: Stop experiment
2024-11-03 17:52:06,682 :: INFO :: Control node : stop of the experiment
2024-11-03 17:52:06,687 :: INFO :: Control node : profile configuration
2024-11-03 17:52:06,691 :: INFO :: Configure profile on Control Node
2024-11-03 17:52:06,740 :: INFO :: Control node : start power of open node
2024-11-03 17:52:06,772 :: INFO :: Node OpenOCD: teardown of openocd node
2024-11-03 17:52:09,802 :: INFO :: openocd node debugger stop
2024-11-03 17:52:10,423 :: INFO :: Node OpenOCD: flash of openocd node
2024-11-03 17:52:10,427 :: INFO :: Flash firmware on OpenOCD: /usr/lib/python3.8/site-packages/gateway_code/static/m3_idle.elf
2024-11-03 17:52:12,568 :: INFO :: Control node : Stop control node serial interface
2024-11-03 17:52:12,573 :: INFO :: Control node : stop power of open node
2024-11-03 17:52:12,615 :: INFO :: Control node : reset
2024-11-03 17:52:12,619 :: INFO :: Reset Control Node
2024-11-03 17:52:15,390 :: INFO :: Stop experiment succeeded
