2024-11-03 16:51:48,612 :: INFO :: Start experiment: perezram-407548
2024-11-03 16:51:48,616 :: INFO :: Control node : Starting of control node serial interface
2024-11-03 16:51:48,619 :: INFO :: Control node : reset
2024-11-03 16:51:48,622 :: INFO :: Reset Control Node
2024-11-03 16:51:51,412 :: INFO :: Control node : start power of open node
2024-11-03 16:51:51,430 :: INFO :: Node OpenOCD: Setup of openocd node
2024-11-03 16:51:54,444 :: INFO :: Node OpenOCD: flash of openocd node
2024-11-03 16:51:54,449 :: INFO :: Flash firmware on OpenOCD: /usr/lib/python3.8/site-packages/gateway_code/static/m3_idle.elf
2024-11-03 16:51:56,595 :: INFO :: Control node : Start experiment
2024-11-03 16:51:56,661 :: INFO :: Control Node set time delay: 13608 us
2024-11-03 16:51:56,694 :: INFO :: Control node : profile configuration
2024-11-03 16:51:56,697 :: INFO :: Configure profile on Control Node
2024-11-03 16:51:56,763 :: INFO :: Start experiment succeeded
2024-11-03 17:52:06,693 :: INFO :: Gateway Manager : Stop experiment
2024-11-03 17:52:06,698 :: INFO :: Stop experiment
2024-11-03 17:52:06,702 :: INFO :: Control node : stop of the experiment
2024-11-03 17:52:06,707 :: INFO :: Control node : profile configuration
2024-11-03 17:52:06,710 :: INFO :: Configure profile on Control Node
2024-11-03 17:52:06,761 :: INFO :: Control node : start power of open node
2024-11-03 17:52:06,793 :: INFO :: Node OpenOCD: teardown of openocd node
2024-11-03 17:52:09,810 :: INFO :: openocd node debugger stop
2024-11-03 17:52:10,432 :: INFO :: Node OpenOCD: flash of openocd node
2024-11-03 17:52:10,435 :: INFO :: Flash firmware on OpenOCD: /usr/lib/python3.8/site-packages/gateway_code/static/m3_idle.elf
2024-11-03 17:52:12,576 :: INFO :: Control node : Stop control node serial interface
2024-11-03 17:52:12,581 :: INFO :: Control node : stop power of open node
2024-11-03 17:52:12,621 :: INFO :: Control node : reset
2024-11-03 17:52:12,624 :: INFO :: Reset Control Node
2024-11-03 17:52:15,399 :: INFO :: Stop experiment succeeded
