2024-11-03 16:51:48,739 :: INFO :: Start experiment: perezram-407548
2024-11-03 16:51:48,743 :: INFO :: Control node : Starting of control node serial interface
2024-11-03 16:51:48,746 :: INFO :: Control node : reset
2024-11-03 16:51:48,749 :: INFO :: Reset Control Node
2024-11-03 16:51:51,564 :: INFO :: Control node : start power of open node
2024-11-03 16:51:51,580 :: INFO :: Node OpenOCD: Setup of openocd node
2024-11-03 16:51:54,595 :: INFO :: Node OpenOCD: flash of openocd node
2024-11-03 16:51:54,600 :: INFO :: Flash firmware on OpenOCD: /usr/lib/python3.8/site-packages/gateway_code/static/m3_idle.elf
2024-11-03 16:51:56,750 :: INFO :: Control node : Start experiment
2024-11-03 16:51:56,813 :: INFO :: Control Node set time delay: 1343 us
2024-11-03 16:51:56,845 :: INFO :: Control node : profile configuration
2024-11-03 16:51:56,848 :: INFO :: Configure profile on Control Node
2024-11-03 16:51:56,913 :: INFO :: Start experiment succeeded
2024-11-03 17:52:06,763 :: INFO :: Gateway Manager : Stop experiment
2024-11-03 17:52:06,769 :: INFO :: Stop experiment
2024-11-03 17:52:06,773 :: INFO :: Control node : stop of the experiment
2024-11-03 17:52:06,777 :: INFO :: Control node : profile configuration
2024-11-03 17:52:06,781 :: INFO :: Configure profile on Control Node
2024-11-03 17:52:06,829 :: INFO :: Control node : start power of open node
2024-11-03 17:52:06,861 :: INFO :: Node OpenOCD: teardown of openocd node
2024-11-03 17:52:09,877 :: INFO :: openocd node debugger stop
2024-11-03 17:52:10,499 :: INFO :: Node OpenOCD: flash of openocd node
2024-11-03 17:52:10,503 :: INFO :: Flash firmware on OpenOCD: /usr/lib/python3.8/site-packages/gateway_code/static/m3_idle.elf
2024-11-03 17:52:12,644 :: INFO :: Control node : Stop control node serial interface
2024-11-03 17:52:12,649 :: INFO :: Control node : stop power of open node
2024-11-03 17:52:12,688 :: INFO :: Control node : reset
2024-11-03 17:52:12,692 :: INFO :: Reset Control Node
2024-11-03 17:52:15,454 :: INFO :: Stop experiment succeeded
