2024-11-03 16:51:48,880 :: INFO :: Start experiment: perezram-407548
2024-11-03 16:51:48,884 :: INFO :: Control node : Starting of control node serial interface
2024-11-03 16:51:48,887 :: INFO :: Control node : reset
2024-11-03 16:51:48,890 :: INFO :: Reset Control Node
2024-11-03 16:51:51,682 :: INFO :: Control node : start power of open node
2024-11-03 16:51:51,707 :: INFO :: Node OpenOCD: Setup of openocd node
2024-11-03 16:51:54,722 :: INFO :: Node OpenOCD: flash of openocd node
2024-11-03 16:51:54,727 :: INFO :: Flash firmware on OpenOCD: /usr/lib/python3.8/site-packages/gateway_code/static/m3_idle.elf
2024-11-03 16:51:56,874 :: INFO :: Control node : Start experiment
2024-11-03 16:51:56,944 :: INFO :: Control Node set time delay: 13660 us
2024-11-03 16:51:56,971 :: INFO :: Control node : profile configuration
2024-11-03 16:51:56,974 :: INFO :: Configure profile on Control Node
2024-11-03 16:51:57,040 :: INFO :: Start experiment succeeded
2024-11-03 17:52:06,784 :: INFO :: Gateway Manager : Stop experiment
2024-11-03 17:52:06,789 :: INFO :: Stop experiment
2024-11-03 17:52:06,793 :: INFO :: Control node : stop of the experiment
2024-11-03 17:52:06,798 :: INFO :: Control node : profile configuration
2024-11-03 17:52:06,801 :: INFO :: Configure profile on Control Node
2024-11-03 17:52:06,859 :: INFO :: Control node : start power of open node
2024-11-03 17:52:06,891 :: INFO :: Node OpenOCD: teardown of openocd node
2024-11-03 17:52:09,909 :: INFO :: openocd node debugger stop
2024-11-03 17:52:10,531 :: INFO :: Node OpenOCD: flash of openocd node
2024-11-03 17:52:10,534 :: INFO :: Flash firmware on OpenOCD: /usr/lib/python3.8/site-packages/gateway_code/static/m3_idle.elf
2024-11-03 17:52:12,676 :: INFO :: Control node : Stop control node serial interface
2024-11-03 17:52:12,681 :: INFO :: Control node : stop power of open node
2024-11-03 17:52:12,719 :: INFO :: Control node : reset
2024-11-03 17:52:12,723 :: INFO :: Reset Control Node
2024-11-03 17:52:15,493 :: INFO :: Stop experiment succeeded
