2024-10-25 17:38:21,020 :: INFO :: Start experiment: perezram-407291
2024-10-25 17:38:21,025 :: INFO :: Control node : Starting of control node serial interface
2024-10-25 17:38:21,029 :: INFO :: Control node : reset
2024-10-25 17:38:21,033 :: INFO :: Reset Control Node
2024-10-25 17:38:23,828 :: INFO :: Control node : start power of open node
2024-10-25 17:38:23,846 :: INFO :: Node OpenOCD: Setup of openocd node
2024-10-25 17:38:26,861 :: INFO :: Node OpenOCD: flash of openocd node
2024-10-25 17:38:26,866 :: INFO :: Flash firmware on OpenOCD: /usr/lib/python3.8/site-packages/gateway_code/static/m3_idle.elf
2024-10-25 17:38:29,013 :: INFO :: Control node : Start experiment
2024-10-25 17:38:29,077 :: INFO :: Control Node set time delay: 5607 us
2024-10-25 17:38:29,126 :: INFO :: Control node : profile configuration
2024-10-25 17:38:29,129 :: INFO :: Configure profile on Control Node
2024-10-25 17:38:29,178 :: INFO :: Start experiment succeeded
2024-10-25 17:40:08,252 :: INFO :: Gateway Manager : Flash of node
2024-10-25 17:40:08,281 :: INFO :: Flash firmware on open node: /tmp/tmpfy2px8tw--firmware445863887338205615-udp-client.iotlab
2024-10-25 17:40:08,321 :: INFO :: Node OpenOCD: flash of openocd node
2024-10-25 17:40:08,324 :: INFO :: Flash firmware on OpenOCD: /tmp/tmpfy2px8tw--firmware445863887338205615-udp-client.iotlab
2024-10-25 18:03:38,843 :: INFO :: Gateway Manager : Stop experiment
2024-10-25 18:03:38,851 :: INFO :: Stop experiment
2024-10-25 18:03:38,856 :: INFO :: Control node : stop of the experiment
2024-10-25 18:03:38,861 :: INFO :: Control node : profile configuration
2024-10-25 18:03:38,864 :: INFO :: Configure profile on Control Node
2024-10-25 18:03:38,919 :: INFO :: Control node : start power of open node
2024-10-25 18:03:38,965 :: INFO :: Node OpenOCD: teardown of openocd node
2024-10-25 18:03:41,981 :: INFO :: openocd node debugger stop
2024-10-25 18:03:42,603 :: INFO :: Node OpenOCD: flash of openocd node
2024-10-25 18:03:42,606 :: INFO :: Flash firmware on OpenOCD: /usr/lib/python3.8/site-packages/gateway_code/static/m3_idle.elf
2024-10-25 18:03:44,748 :: INFO :: Control node : Stop control node serial interface
2024-10-25 18:03:44,753 :: INFO :: Control node : stop power of open node
2024-10-25 18:03:44,792 :: INFO :: Control node : reset
2024-10-25 18:03:44,796 :: INFO :: Reset Control Node
2024-10-25 18:03:47,532 :: INFO :: Stop experiment succeeded
