2024-10-25 17:38:21,226 :: INFO :: Start experiment: perezram-407291
2024-10-25 17:38:21,230 :: INFO :: Control node : Starting of control node serial interface
2024-10-25 17:38:21,233 :: INFO :: Control node : reset
2024-10-25 17:38:21,236 :: INFO :: Reset Control Node
2024-10-25 17:38:24,178 :: INFO :: Control node : start power of open node
2024-10-25 17:38:24,201 :: INFO :: Node OpenOCD: Setup of openocd node
2024-10-25 17:38:27,215 :: INFO :: Node OpenOCD: flash of openocd node
2024-10-25 17:38:27,220 :: INFO :: Flash firmware on OpenOCD: /usr/lib/python3.8/site-packages/gateway_code/static/m3_idle.elf
2024-10-25 17:38:29,368 :: INFO :: Control node : Start experiment
2024-10-25 17:38:29,437 :: INFO :: Control Node set time delay: 7211 us
2024-10-25 17:38:29,465 :: INFO :: Control node : profile configuration
2024-10-25 17:38:29,468 :: INFO :: Configure profile on Control Node
2024-10-25 17:38:29,534 :: INFO :: Start experiment succeeded
2024-10-25 17:40:09,656 :: INFO :: Gateway Manager : Flash of node
2024-10-25 17:40:09,661 :: INFO :: Flash firmware on open node: /tmp/tmpzodheahl--firmware445863887338205615-udp-client.iotlab
2024-10-25 17:40:09,700 :: INFO :: Node OpenOCD: flash of openocd node
2024-10-25 17:40:09,704 :: INFO :: Flash firmware on OpenOCD: /tmp/tmpzodheahl--firmware445863887338205615-udp-client.iotlab
2024-10-25 18:03:38,981 :: INFO :: Gateway Manager : Stop experiment
2024-10-25 18:03:38,987 :: INFO :: Stop experiment
2024-10-25 18:03:38,991 :: INFO :: Control node : stop of the experiment
2024-10-25 18:03:38,996 :: INFO :: Control node : profile configuration
2024-10-25 18:03:38,999 :: INFO :: Configure profile on Control Node
2024-10-25 18:03:39,055 :: INFO :: Control node : start power of open node
2024-10-25 18:03:39,087 :: INFO :: Node OpenOCD: teardown of openocd node
2024-10-25 18:03:42,103 :: INFO :: openocd node debugger stop
2024-10-25 18:03:42,628 :: INFO :: Node OpenOCD: flash of openocd node
2024-10-25 18:03:42,632 :: INFO :: Flash firmware on OpenOCD: /usr/lib/python3.8/site-packages/gateway_code/static/m3_idle.elf
2024-10-25 18:03:44,774 :: INFO :: Control node : Stop control node serial interface
2024-10-25 18:03:44,778 :: INFO :: Control node : stop power of open node
2024-10-25 18:03:44,819 :: INFO :: Control node : reset
2024-10-25 18:03:44,823 :: INFO :: Reset Control Node
2024-10-25 18:03:47,592 :: INFO :: Stop experiment succeeded
