2024-10-25 17:38:21,522 :: INFO :: Start experiment: perezram-407291
2024-10-25 17:38:21,526 :: INFO :: Control node : Starting of control node serial interface
2024-10-25 17:38:21,529 :: INFO :: Control node : reset
2024-10-25 17:38:21,532 :: INFO :: Reset Control Node
2024-10-25 17:38:24,331 :: INFO :: Control node : start power of open node
2024-10-25 17:38:24,354 :: INFO :: Node OpenOCD: Setup of openocd node
2024-10-25 17:38:27,369 :: INFO :: Node OpenOCD: flash of openocd node
2024-10-25 17:38:27,374 :: INFO :: Flash firmware on OpenOCD: /usr/lib/python3.8/site-packages/gateway_code/static/m3_idle.elf
2024-10-25 17:38:29,520 :: INFO :: Control node : Start experiment
2024-10-25 17:38:29,589 :: INFO :: Control Node set time delay: 8698 us
2024-10-25 17:38:29,618 :: INFO :: Control node : profile configuration
2024-10-25 17:38:29,622 :: INFO :: Configure profile on Control Node
2024-10-25 17:38:29,687 :: INFO :: Start experiment succeeded
2024-10-25 17:40:11,069 :: INFO :: Gateway Manager : Flash of node
2024-10-25 17:40:11,073 :: INFO :: Flash firmware on open node: /tmp/tmp_g3_b0tt--firmware445863887338205615-udp-client.iotlab
2024-10-25 17:40:11,113 :: INFO :: Node OpenOCD: flash of openocd node
2024-10-25 17:40:11,117 :: INFO :: Flash firmware on OpenOCD: /tmp/tmp_g3_b0tt--firmware445863887338205615-udp-client.iotlab
2024-10-25 18:03:39,246 :: INFO :: Gateway Manager : Stop experiment
2024-10-25 18:03:39,252 :: INFO :: Stop experiment
2024-10-25 18:03:39,256 :: INFO :: Control node : stop of the experiment
2024-10-25 18:03:39,261 :: INFO :: Control node : profile configuration
2024-10-25 18:03:39,264 :: INFO :: Configure profile on Control Node
2024-10-25 18:03:39,322 :: INFO :: Control node : start power of open node
2024-10-25 18:03:39,354 :: INFO :: Node OpenOCD: teardown of openocd node
2024-10-25 18:03:42,371 :: INFO :: openocd node debugger stop
2024-10-25 18:03:42,992 :: INFO :: Node OpenOCD: flash of openocd node
2024-10-25 18:03:42,996 :: INFO :: Flash firmware on OpenOCD: /usr/lib/python3.8/site-packages/gateway_code/static/m3_idle.elf
2024-10-25 18:03:45,138 :: INFO :: Control node : Stop control node serial interface
2024-10-25 18:03:45,142 :: INFO :: Control node : stop power of open node
2024-10-25 18:03:45,181 :: INFO :: Control node : reset
2024-10-25 18:03:45,185 :: INFO :: Reset Control Node
2024-10-25 18:03:47,924 :: INFO :: Stop experiment succeeded
