2024-10-25 17:38:21,512 :: INFO :: Start experiment: perezram-407291
2024-10-25 17:38:21,515 :: INFO :: Control node : Starting of control node serial interface
2024-10-25 17:38:21,519 :: INFO :: Control node : reset
2024-10-25 17:38:21,522 :: INFO :: Reset Control Node
2024-10-25 17:38:24,314 :: INFO :: Control node : start power of open node
2024-10-25 17:38:24,330 :: INFO :: Node OpenOCD: Setup of openocd node
2024-10-25 17:38:27,346 :: INFO :: Node OpenOCD: flash of openocd node
2024-10-25 17:38:27,351 :: INFO :: Flash firmware on OpenOCD: /usr/lib/python3.8/site-packages/gateway_code/static/m3_idle.elf
2024-10-25 17:38:29,497 :: INFO :: Control node : Start experiment
2024-10-25 17:38:29,567 :: INFO :: Control Node set time delay: 12876 us
2024-10-25 17:38:29,594 :: INFO :: Control node : profile configuration
2024-10-25 17:38:29,597 :: INFO :: Configure profile on Control Node
2024-10-25 17:38:29,663 :: INFO :: Start experiment succeeded
2024-10-25 17:40:09,666 :: INFO :: Gateway Manager : Flash of node
2024-10-25 17:40:09,671 :: INFO :: Flash firmware on open node: /tmp/tmpd3o1y8_2--firmware445863887338205615-udp-client.iotlab
2024-10-25 17:40:09,710 :: INFO :: Node OpenOCD: flash of openocd node
2024-10-25 17:40:09,714 :: INFO :: Flash firmware on OpenOCD: /tmp/tmpd3o1y8_2--firmware445863887338205615-udp-client.iotlab
2024-10-25 18:03:39,088 :: INFO :: Gateway Manager : Stop experiment
2024-10-25 18:03:39,097 :: INFO :: Stop experiment
2024-10-25 18:03:39,101 :: INFO :: Control node : stop of the experiment
2024-10-25 18:03:39,106 :: INFO :: Control node : profile configuration
2024-10-25 18:03:39,112 :: INFO :: Configure profile on Control Node
2024-10-25 18:03:39,162 :: INFO :: Control node : start power of open node
2024-10-25 18:03:39,192 :: INFO :: Node OpenOCD: teardown of openocd node
2024-10-25 18:03:42,208 :: INFO :: openocd node debugger stop
2024-10-25 18:03:42,830 :: INFO :: Node OpenOCD: flash of openocd node
2024-10-25 18:03:42,833 :: INFO :: Flash firmware on OpenOCD: /usr/lib/python3.8/site-packages/gateway_code/static/m3_idle.elf
2024-10-25 18:03:44,975 :: INFO :: Control node : Stop control node serial interface
2024-10-25 18:03:44,979 :: INFO :: Control node : stop power of open node
2024-10-25 18:03:45,020 :: INFO :: Control node : reset
2024-10-25 18:03:45,024 :: INFO :: Reset Control Node
2024-10-25 18:03:47,798 :: INFO :: Stop experiment succeeded
