2024-10-25 17:38:21,525 :: INFO :: Start experiment: perezram-407291
2024-10-25 17:38:21,529 :: INFO :: Control node : Starting of control node serial interface
2024-10-25 17:38:21,532 :: INFO :: Control node : reset
2024-10-25 17:38:21,535 :: INFO :: Reset Control Node
2024-10-25 17:38:24,328 :: INFO :: Control node : start power of open node
2024-10-25 17:38:24,342 :: INFO :: Node OpenOCD: Setup of openocd node
2024-10-25 17:38:27,358 :: INFO :: Node OpenOCD: flash of openocd node
2024-10-25 17:38:27,363 :: INFO :: Flash firmware on OpenOCD: /usr/lib/python3.8/site-packages/gateway_code/static/m3_idle.elf
2024-10-25 17:38:29,510 :: INFO :: Control node : Start experiment
2024-10-25 17:38:29,580 :: INFO :: Control Node set time delay: 11431 us
2024-10-25 17:38:29,606 :: INFO :: Control node : profile configuration
2024-10-25 17:38:29,610 :: INFO :: Configure profile on Control Node
2024-10-25 17:38:29,675 :: INFO :: Start experiment succeeded
2024-10-25 17:40:09,848 :: INFO :: Gateway Manager : Flash of node
2024-10-25 17:40:09,853 :: INFO :: Flash firmware on open node: /tmp/tmpdlsa3fmg--firmware445863887338205615-udp-client.iotlab
2024-10-25 17:40:09,893 :: INFO :: Node OpenOCD: flash of openocd node
2024-10-25 17:40:09,896 :: INFO :: Flash firmware on OpenOCD: /tmp/tmpdlsa3fmg--firmware445863887338205615-udp-client.iotlab
2024-10-25 18:03:39,180 :: INFO :: Gateway Manager : Stop experiment
2024-10-25 18:03:39,185 :: INFO :: Stop experiment
2024-10-25 18:03:39,189 :: INFO :: Control node : stop of the experiment
2024-10-25 18:03:39,195 :: INFO :: Control node : profile configuration
2024-10-25 18:03:39,198 :: INFO :: Configure profile on Control Node
2024-10-25 18:03:39,243 :: INFO :: Control node : start power of open node
2024-10-25 18:03:39,274 :: INFO :: Node OpenOCD: teardown of openocd node
2024-10-25 18:03:42,290 :: INFO :: openocd node debugger stop
2024-10-25 18:03:42,815 :: INFO :: Node OpenOCD: flash of openocd node
2024-10-25 18:03:42,818 :: INFO :: Flash firmware on OpenOCD: /usr/lib/python3.8/site-packages/gateway_code/static/m3_idle.elf
2024-10-25 18:03:44,961 :: INFO :: Control node : Stop control node serial interface
2024-10-25 18:03:44,965 :: INFO :: Control node : stop power of open node
2024-10-25 18:03:45,006 :: INFO :: Control node : reset
2024-10-25 18:03:45,010 :: INFO :: Reset Control Node
2024-10-25 18:03:47,763 :: INFO :: Stop experiment succeeded
