2024-10-25 17:38:21,370 :: INFO :: Start experiment: perezram-407291
2024-10-25 17:38:21,373 :: INFO :: Control node : Starting of control node serial interface
2024-10-25 17:38:21,376 :: INFO :: Control node : reset
2024-10-25 17:38:21,380 :: INFO :: Reset Control Node
2024-10-25 17:38:24,223 :: INFO :: Control node : start power of open node
2024-10-25 17:38:24,241 :: INFO :: Node OpenOCD: Setup of openocd node
2024-10-25 17:38:27,255 :: INFO :: Node OpenOCD: flash of openocd node
2024-10-25 17:38:27,260 :: INFO :: Flash firmware on OpenOCD: /usr/lib/python3.8/site-packages/gateway_code/static/m3_idle.elf
2024-10-25 17:38:29,406 :: INFO :: Control node : Start experiment
2024-10-25 17:38:29,472 :: INFO :: Control Node set time delay: 13355 us
2024-10-25 17:38:29,495 :: INFO :: Control node : profile configuration
2024-10-25 17:38:29,508 :: INFO :: Configure profile on Control Node
2024-10-25 17:38:29,574 :: INFO :: Start experiment succeeded
2024-10-25 17:40:09,715 :: INFO :: Gateway Manager : Flash of node
2024-10-25 17:40:09,721 :: INFO :: Flash firmware on open node: /tmp/tmpyscv6art--firmware445863887338205615-udp-client.iotlab
2024-10-25 17:40:09,760 :: INFO :: Node OpenOCD: flash of openocd node
2024-10-25 17:40:09,764 :: INFO :: Flash firmware on OpenOCD: /tmp/tmpyscv6art--firmware445863887338205615-udp-client.iotlab
2024-10-25 18:03:39,086 :: INFO :: Gateway Manager : Stop experiment
2024-10-25 18:03:39,092 :: INFO :: Stop experiment
2024-10-25 18:03:39,100 :: INFO :: Control node : stop of the experiment
2024-10-25 18:03:39,107 :: INFO :: Control node : profile configuration
2024-10-25 18:03:39,111 :: INFO :: Configure profile on Control Node
2024-10-25 18:03:39,167 :: INFO :: Control node : start power of open node
2024-10-25 18:03:39,199 :: INFO :: Node OpenOCD: teardown of openocd node
2024-10-25 18:03:42,215 :: INFO :: openocd node debugger stop
2024-10-25 18:03:42,741 :: INFO :: Node OpenOCD: flash of openocd node
2024-10-25 18:03:42,744 :: INFO :: Flash firmware on OpenOCD: /usr/lib/python3.8/site-packages/gateway_code/static/m3_idle.elf
2024-10-25 18:03:44,886 :: INFO :: Control node : Stop control node serial interface
2024-10-25 18:03:44,891 :: INFO :: Control node : stop power of open node
2024-10-25 18:03:44,931 :: INFO :: Control node : reset
2024-10-25 18:03:44,935 :: INFO :: Reset Control Node
2024-10-25 18:03:47,688 :: INFO :: Stop experiment succeeded
