2024-10-25 17:38:21,055 :: INFO :: Start experiment: perezram-407291
2024-10-25 17:38:21,059 :: INFO :: Control node : Starting of control node serial interface
2024-10-25 17:38:21,062 :: INFO :: Control node : reset
2024-10-25 17:38:21,065 :: INFO :: Reset Control Node
2024-10-25 17:38:23,857 :: INFO :: Control node : start power of open node
2024-10-25 17:38:23,876 :: INFO :: Node OpenOCD: Setup of openocd node
2024-10-25 17:38:26,890 :: INFO :: Node OpenOCD: flash of openocd node
2024-10-25 17:38:26,895 :: INFO :: Flash firmware on OpenOCD: /usr/lib/python3.8/site-packages/gateway_code/static/m3_idle.elf
2024-10-25 17:38:29,041 :: INFO :: Control node : Start experiment
2024-10-25 17:38:29,108 :: INFO :: Control Node set time delay: 11872 us
2024-10-25 17:38:29,139 :: INFO :: Control node : profile configuration
2024-10-25 17:38:29,142 :: INFO :: Configure profile on Control Node
2024-10-25 17:38:29,209 :: INFO :: Start experiment succeeded
2024-10-25 17:40:09,885 :: INFO :: Gateway Manager : Flash of node
2024-10-25 17:40:09,890 :: INFO :: Flash firmware on open node: /tmp/tmp0w0mu7zj--firmware445863887338205615-udp-client.iotlab
2024-10-25 17:40:09,932 :: INFO :: Node OpenOCD: flash of openocd node
2024-10-25 17:40:09,935 :: INFO :: Flash firmware on OpenOCD: /tmp/tmp0w0mu7zj--firmware445863887338205615-udp-client.iotlab
2024-10-25 18:03:38,980 :: INFO :: Gateway Manager : Stop experiment
2024-10-25 18:03:38,985 :: INFO :: Stop experiment
2024-10-25 18:03:38,990 :: INFO :: Control node : stop of the experiment
2024-10-25 18:03:38,995 :: INFO :: Control node : profile configuration
2024-10-25 18:03:38,998 :: INFO :: Configure profile on Control Node
2024-10-25 18:03:39,055 :: INFO :: Control node : start power of open node
2024-10-25 18:03:39,087 :: INFO :: Node OpenOCD: teardown of openocd node
2024-10-25 18:03:42,103 :: INFO :: openocd node debugger stop
2024-10-25 18:03:42,628 :: INFO :: Node OpenOCD: flash of openocd node
2024-10-25 18:03:42,631 :: INFO :: Flash firmware on OpenOCD: /usr/lib/python3.8/site-packages/gateway_code/static/m3_idle.elf
2024-10-25 18:03:44,772 :: INFO :: Control node : Stop control node serial interface
2024-10-25 18:03:44,777 :: INFO :: Control node : stop power of open node
2024-10-25 18:03:44,819 :: INFO :: Control node : reset
2024-10-25 18:03:44,822 :: INFO :: Reset Control Node
2024-10-25 18:03:47,576 :: INFO :: Stop experiment succeeded
