2024-10-25 17:38:21,471 :: INFO :: Start experiment: perezram-407291
2024-10-25 17:38:21,475 :: INFO :: Control node : Starting of control node serial interface
2024-10-25 17:38:21,478 :: INFO :: Control node : reset
2024-10-25 17:38:21,481 :: INFO :: Reset Control Node
2024-10-25 17:38:24,275 :: INFO :: Control node : start power of open node
2024-10-25 17:38:24,291 :: INFO :: Node OpenOCD: Setup of openocd node
2024-10-25 17:38:27,306 :: INFO :: Node OpenOCD: flash of openocd node
2024-10-25 17:38:27,311 :: INFO :: Flash firmware on OpenOCD: /usr/lib/python3.8/site-packages/gateway_code/static/m3_idle.elf
2024-10-25 17:38:29,457 :: INFO :: Control node : Start experiment
2024-10-25 17:38:29,529 :: INFO :: Control Node set time delay: 12617 us
2024-10-25 17:38:29,555 :: INFO :: Control node : profile configuration
2024-10-25 17:38:29,559 :: INFO :: Configure profile on Control Node
2024-10-25 17:38:29,630 :: INFO :: Start experiment succeeded
2024-10-25 17:40:09,439 :: INFO :: Gateway Manager : Flash of node
2024-10-25 17:40:09,444 :: INFO :: Flash firmware on open node: /tmp/tmpbkpuza0k--firmware445863887338205615-udp-client.iotlab
2024-10-25 17:40:09,483 :: INFO :: Node OpenOCD: flash of openocd node
2024-10-25 17:40:09,487 :: INFO :: Flash firmware on OpenOCD: /tmp/tmpbkpuza0k--firmware445863887338205615-udp-client.iotlab
2024-10-25 18:03:39,179 :: INFO :: Gateway Manager : Stop experiment
2024-10-25 18:03:39,185 :: INFO :: Stop experiment
2024-10-25 18:03:39,189 :: INFO :: Control node : stop of the experiment
2024-10-25 18:03:39,194 :: INFO :: Control node : profile configuration
2024-10-25 18:03:39,197 :: INFO :: Configure profile on Control Node
2024-10-25 18:03:39,254 :: INFO :: Control node : start power of open node
2024-10-25 18:03:39,286 :: INFO :: Node OpenOCD: teardown of openocd node
2024-10-25 18:03:42,302 :: INFO :: openocd node debugger stop
2024-10-25 18:03:42,827 :: INFO :: Node OpenOCD: flash of openocd node
2024-10-25 18:03:42,831 :: INFO :: Flash firmware on OpenOCD: /usr/lib/python3.8/site-packages/gateway_code/static/m3_idle.elf
2024-10-25 18:03:44,972 :: INFO :: Control node : Stop control node serial interface
2024-10-25 18:03:44,977 :: INFO :: Control node : stop power of open node
2024-10-25 18:03:45,018 :: INFO :: Control node : reset
2024-10-25 18:03:45,021 :: INFO :: Reset Control Node
2024-10-25 18:03:47,795 :: INFO :: Stop experiment succeeded
