2024-10-25 17:38:21,353 :: INFO :: Start experiment: perezram-407291
2024-10-25 17:38:21,356 :: INFO :: Control node : Starting of control node serial interface
2024-10-25 17:38:21,360 :: INFO :: Control node : reset
2024-10-25 17:38:21,363 :: INFO :: Reset Control Node
2024-10-25 17:38:24,210 :: INFO :: Control node : start power of open node
2024-10-25 17:38:24,231 :: INFO :: Node OpenOCD: Setup of openocd node
2024-10-25 17:38:27,245 :: INFO :: Node OpenOCD: flash of openocd node
2024-10-25 17:38:27,250 :: INFO :: Flash firmware on OpenOCD: /usr/lib/python3.8/site-packages/gateway_code/static/m3_idle.elf
2024-10-25 17:38:29,396 :: INFO :: Control node : Start experiment
2024-10-25 17:38:29,463 :: INFO :: Control Node set time delay: 13708 us
2024-10-25 17:38:29,494 :: INFO :: Control node : profile configuration
2024-10-25 17:38:29,497 :: INFO :: Configure profile on Control Node
2024-10-25 17:38:29,548 :: INFO :: Start experiment succeeded
2024-10-25 17:40:10,016 :: INFO :: Gateway Manager : Flash of node
2024-10-25 17:40:10,021 :: INFO :: Flash firmware on open node: /tmp/tmpdyldy10v--firmware445863887338205615-udp-client.iotlab
2024-10-25 17:40:10,060 :: INFO :: Node OpenOCD: flash of openocd node
2024-10-25 17:40:10,064 :: INFO :: Flash firmware on OpenOCD: /tmp/tmpdyldy10v--firmware445863887338205615-udp-client.iotlab
2024-10-25 18:03:39,083 :: INFO :: Gateway Manager : Stop experiment
2024-10-25 18:03:39,088 :: INFO :: Stop experiment
2024-10-25 18:03:39,096 :: INFO :: Control node : stop of the experiment
2024-10-25 18:03:39,102 :: INFO :: Control node : profile configuration
2024-10-25 18:03:39,107 :: INFO :: Configure profile on Control Node
2024-10-25 18:03:39,159 :: INFO :: Control node : start power of open node
2024-10-25 18:03:39,191 :: INFO :: Node OpenOCD: teardown of openocd node
2024-10-25 18:03:42,206 :: INFO :: openocd node debugger stop
2024-10-25 18:03:42,828 :: INFO :: Node OpenOCD: flash of openocd node
2024-10-25 18:03:42,831 :: INFO :: Flash firmware on OpenOCD: /usr/lib/python3.8/site-packages/gateway_code/static/m3_idle.elf
2024-10-25 18:03:44,972 :: INFO :: Control node : Stop control node serial interface
2024-10-25 18:03:44,977 :: INFO :: Control node : stop power of open node
2024-10-25 18:03:45,018 :: INFO :: Control node : reset
2024-10-25 18:03:45,022 :: INFO :: Reset Control Node
2024-10-25 18:03:47,804 :: INFO :: Stop experiment succeeded
