2024-10-25 17:38:21,239 :: INFO :: Start experiment: perezram-407291
2024-10-25 17:38:21,243 :: INFO :: Control node : Starting of control node serial interface
2024-10-25 17:38:21,246 :: INFO :: Control node : reset
2024-10-25 17:38:21,249 :: INFO :: Reset Control Node
2024-10-25 17:38:24,191 :: INFO :: Control node : start power of open node
2024-10-25 17:38:24,209 :: INFO :: Node OpenOCD: Setup of openocd node
2024-10-25 17:38:27,223 :: INFO :: Node OpenOCD: flash of openocd node
2024-10-25 17:38:27,228 :: INFO :: Flash firmware on OpenOCD: /usr/lib/python3.8/site-packages/gateway_code/static/m3_idle.elf
2024-10-25 17:38:29,376 :: INFO :: Control node : Start experiment
2024-10-25 17:38:29,444 :: INFO :: Control Node set time delay: 5412 us
2024-10-25 17:38:29,472 :: INFO :: Control node : profile configuration
2024-10-25 17:38:29,486 :: INFO :: Configure profile on Control Node
2024-10-25 17:38:29,541 :: INFO :: Start experiment succeeded
2024-10-25 17:40:09,851 :: INFO :: Gateway Manager : Flash of node
2024-10-25 17:40:09,856 :: INFO :: Flash firmware on open node: /tmp/tmp62kfz9rd--firmware445863887338205615-udp-client.iotlab
2024-10-25 17:40:09,896 :: INFO :: Node OpenOCD: flash of openocd node
2024-10-25 17:40:09,899 :: INFO :: Flash firmware on OpenOCD: /tmp/tmp62kfz9rd--firmware445863887338205615-udp-client.iotlab
2024-10-25 18:03:39,063 :: INFO :: Gateway Manager : Stop experiment
2024-10-25 18:03:39,069 :: INFO :: Stop experiment
2024-10-25 18:03:39,073 :: INFO :: Control node : stop of the experiment
2024-10-25 18:03:39,078 :: INFO :: Control node : profile configuration
2024-10-25 18:03:39,082 :: INFO :: Configure profile on Control Node
2024-10-25 18:03:39,135 :: INFO :: Control node : start power of open node
2024-10-25 18:03:39,167 :: INFO :: Node OpenOCD: teardown of openocd node
2024-10-25 18:03:42,183 :: INFO :: openocd node debugger stop
2024-10-25 18:03:42,805 :: INFO :: Node OpenOCD: flash of openocd node
2024-10-25 18:03:42,808 :: INFO :: Flash firmware on OpenOCD: /usr/lib/python3.8/site-packages/gateway_code/static/m3_idle.elf
2024-10-25 18:03:44,949 :: INFO :: Control node : Stop control node serial interface
2024-10-25 18:03:44,953 :: INFO :: Control node : stop power of open node
2024-10-25 18:03:44,994 :: INFO :: Control node : reset
2024-10-25 18:03:44,998 :: INFO :: Reset Control Node
2024-10-25 18:03:47,747 :: INFO :: Stop experiment succeeded
