2024-10-25 17:38:21,359 :: INFO :: Start experiment: perezram-407291
2024-10-25 17:38:21,363 :: INFO :: Control node : Starting of control node serial interface
2024-10-25 17:38:21,366 :: INFO :: Control node : reset
2024-10-25 17:38:21,369 :: INFO :: Reset Control Node
2024-10-25 17:38:24,214 :: INFO :: Control node : start power of open node
2024-10-25 17:38:24,231 :: INFO :: Node OpenOCD: Setup of openocd node
2024-10-25 17:38:27,246 :: INFO :: Node OpenOCD: flash of openocd node
2024-10-25 17:38:27,251 :: INFO :: Flash firmware on OpenOCD: /usr/lib/python3.8/site-packages/gateway_code/static/m3_idle.elf
2024-10-25 17:38:29,397 :: INFO :: Control node : Start experiment
2024-10-25 17:38:29,463 :: INFO :: Control Node set time delay: 13408 us
2024-10-25 17:38:29,495 :: INFO :: Control node : profile configuration
2024-10-25 17:38:29,498 :: INFO :: Configure profile on Control Node
2024-10-25 17:38:29,570 :: INFO :: Start experiment succeeded
2024-10-25 17:40:09,985 :: INFO :: Gateway Manager : Flash of node
2024-10-25 17:40:09,990 :: INFO :: Flash firmware on open node: /tmp/tmpa8luj_ah--firmware445863887338205615-udp-client.iotlab
2024-10-25 17:40:10,029 :: INFO :: Node OpenOCD: flash of openocd node
2024-10-25 17:40:10,033 :: INFO :: Flash firmware on OpenOCD: /tmp/tmpa8luj_ah--firmware445863887338205615-udp-client.iotlab
2024-10-25 18:03:39,072 :: INFO :: Gateway Manager : Stop experiment
2024-10-25 18:03:39,078 :: INFO :: Stop experiment
2024-10-25 18:03:39,083 :: INFO :: Control node : stop of the experiment
2024-10-25 18:03:39,087 :: INFO :: Control node : profile configuration
2024-10-25 18:03:39,091 :: INFO :: Configure profile on Control Node
2024-10-25 18:03:39,144 :: INFO :: Control node : start power of open node
2024-10-25 18:03:39,174 :: INFO :: Node OpenOCD: teardown of openocd node
2024-10-25 18:03:42,190 :: INFO :: openocd node debugger stop
2024-10-25 18:03:42,811 :: INFO :: Node OpenOCD: flash of openocd node
2024-10-25 18:03:42,815 :: INFO :: Flash firmware on OpenOCD: /usr/lib/python3.8/site-packages/gateway_code/static/m3_idle.elf
2024-10-25 18:03:44,956 :: INFO :: Control node : Stop control node serial interface
2024-10-25 18:03:44,961 :: INFO :: Control node : stop power of open node
2024-10-25 18:03:45,001 :: INFO :: Control node : reset
2024-10-25 18:03:45,005 :: INFO :: Reset Control Node
2024-10-25 18:03:47,758 :: INFO :: Stop experiment succeeded
