2024-10-25 17:38:21,214 :: INFO :: Start experiment: perezram-407291
2024-10-25 17:38:21,218 :: INFO :: Control node : Starting of control node serial interface
2024-10-25 17:38:21,221 :: INFO :: Control node : reset
2024-10-25 17:38:21,224 :: INFO :: Reset Control Node
2024-10-25 17:38:24,167 :: INFO :: Control node : start power of open node
2024-10-25 17:38:24,186 :: INFO :: Node OpenOCD: Setup of openocd node
2024-10-25 17:38:27,200 :: INFO :: Node OpenOCD: flash of openocd node
2024-10-25 17:38:27,205 :: INFO :: Flash firmware on OpenOCD: /usr/lib/python3.8/site-packages/gateway_code/static/m3_idle.elf
2024-10-25 17:38:29,351 :: INFO :: Control node : Start experiment
2024-10-25 17:38:29,422 :: INFO :: Control Node set time delay: 12213 us
2024-10-25 17:38:29,449 :: INFO :: Control node : profile configuration
2024-10-25 17:38:29,453 :: INFO :: Configure profile on Control Node
2024-10-25 17:38:29,518 :: INFO :: Start experiment succeeded
2024-10-25 17:40:09,384 :: INFO :: Gateway Manager : Flash of node
2024-10-25 17:40:09,389 :: INFO :: Flash firmware on open node: /tmp/tmpdfdo18hl--firmware445863887338205615-udp-client.iotlab
2024-10-25 17:40:09,428 :: INFO :: Node OpenOCD: flash of openocd node
2024-10-25 17:40:09,432 :: INFO :: Flash firmware on OpenOCD: /tmp/tmpdfdo18hl--firmware445863887338205615-udp-client.iotlab
2024-10-25 18:03:38,979 :: INFO :: Gateway Manager : Stop experiment
2024-10-25 18:03:38,986 :: INFO :: Stop experiment
2024-10-25 18:03:38,990 :: INFO :: Control node : stop of the experiment
2024-10-25 18:03:38,994 :: INFO :: Control node : profile configuration
2024-10-25 18:03:38,998 :: INFO :: Configure profile on Control Node
2024-10-25 18:03:39,045 :: INFO :: Control node : start power of open node
2024-10-25 18:03:39,077 :: INFO :: Node OpenOCD: teardown of openocd node
2024-10-25 18:03:42,093 :: INFO :: openocd node debugger stop
2024-10-25 18:03:42,618 :: INFO :: Node OpenOCD: flash of openocd node
2024-10-25 18:03:42,621 :: INFO :: Flash firmware on OpenOCD: /usr/lib/python3.8/site-packages/gateway_code/static/m3_idle.elf
2024-10-25 18:03:44,762 :: INFO :: Control node : Stop control node serial interface
2024-10-25 18:03:44,767 :: INFO :: Control node : stop power of open node
2024-10-25 18:03:44,808 :: INFO :: Control node : reset
2024-10-25 18:03:44,812 :: INFO :: Reset Control Node
2024-10-25 18:03:47,558 :: INFO :: Stop experiment succeeded
