2024-10-25 17:38:21,360 :: INFO :: Start experiment: perezram-407291
2024-10-25 17:38:21,364 :: INFO :: Control node : Starting of control node serial interface
2024-10-25 17:38:21,367 :: INFO :: Control node : reset
2024-10-25 17:38:21,370 :: INFO :: Reset Control Node
2024-10-25 17:38:24,216 :: INFO :: Control node : start power of open node
2024-10-25 17:38:24,232 :: INFO :: Node OpenOCD: Setup of openocd node
2024-10-25 17:38:27,247 :: INFO :: Node OpenOCD: flash of openocd node
2024-10-25 17:38:27,252 :: INFO :: Flash firmware on OpenOCD: /usr/lib/python3.8/site-packages/gateway_code/static/m3_idle.elf
2024-10-25 17:38:29,398 :: INFO :: Control node : Start experiment
2024-10-25 17:38:29,470 :: INFO :: Control Node set time delay: 7045 us
2024-10-25 17:38:29,496 :: INFO :: Control node : profile configuration
2024-10-25 17:38:29,500 :: INFO :: Configure profile on Control Node
2024-10-25 17:38:29,565 :: INFO :: Start experiment succeeded
2024-10-25 17:40:09,990 :: INFO :: Gateway Manager : Flash of node
2024-10-25 17:40:09,995 :: INFO :: Flash firmware on open node: /tmp/tmp_h7x5ycf--firmware445863887338205615-udp-client.iotlab
2024-10-25 17:40:10,036 :: INFO :: Node OpenOCD: flash of openocd node
2024-10-25 17:40:10,040 :: INFO :: Flash firmware on OpenOCD: /tmp/tmp_h7x5ycf--firmware445863887338205615-udp-client.iotlab
2024-10-25 18:03:39,071 :: INFO :: Gateway Manager : Stop experiment
2024-10-25 18:03:39,076 :: INFO :: Stop experiment
2024-10-25 18:03:39,080 :: INFO :: Control node : stop of the experiment
2024-10-25 18:03:39,086 :: INFO :: Control node : profile configuration
2024-10-25 18:03:39,089 :: INFO :: Configure profile on Control Node
2024-10-25 18:03:39,143 :: INFO :: Control node : start power of open node
2024-10-25 18:03:39,175 :: INFO :: Node OpenOCD: teardown of openocd node
2024-10-25 18:03:42,191 :: INFO :: openocd node debugger stop
2024-10-25 18:03:42,813 :: INFO :: Node OpenOCD: flash of openocd node
2024-10-25 18:03:42,816 :: INFO :: Flash firmware on OpenOCD: /usr/lib/python3.8/site-packages/gateway_code/static/m3_idle.elf
2024-10-25 18:03:44,959 :: INFO :: Control node : Stop control node serial interface
2024-10-25 18:03:44,964 :: INFO :: Control node : stop power of open node
2024-10-25 18:03:45,003 :: INFO :: Control node : reset
2024-10-25 18:03:45,006 :: INFO :: Reset Control Node
2024-10-25 18:03:47,763 :: INFO :: Stop experiment succeeded
