2024-10-25 17:38:21,122 :: INFO :: Start experiment: perezram-407291
2024-10-25 17:38:21,127 :: INFO :: Control node : Starting of control node serial interface
2024-10-25 17:38:21,130 :: INFO :: Control node : reset
2024-10-25 17:38:21,133 :: INFO :: Reset Control Node
2024-10-25 17:38:23,925 :: INFO :: Control node : start power of open node
2024-10-25 17:38:23,944 :: INFO :: Node OpenOCD: Setup of openocd node
2024-10-25 17:38:26,958 :: INFO :: Node OpenOCD: flash of openocd node
2024-10-25 17:38:26,963 :: INFO :: Flash firmware on OpenOCD: /usr/lib/python3.8/site-packages/gateway_code/static/m3_idle.elf
2024-10-25 17:38:29,112 :: INFO :: Control node : Start experiment
2024-10-25 17:38:29,175 :: INFO :: Control Node set time delay: 10915 us
2024-10-25 17:38:29,201 :: INFO :: Control node : profile configuration
2024-10-25 17:38:29,215 :: INFO :: Configure profile on Control Node
2024-10-25 17:38:29,283 :: INFO :: Start experiment succeeded
2024-10-25 17:40:08,592 :: INFO :: Gateway Manager : Flash of node
2024-10-25 17:40:08,617 :: INFO :: Flash firmware on open node: /tmp/tmpq2o78uau--firmware445863887338205615-udp-client.iotlab
2024-10-25 17:40:08,657 :: INFO :: Node OpenOCD: flash of openocd node
2024-10-25 17:40:08,660 :: INFO :: Flash firmware on OpenOCD: /tmp/tmpq2o78uau--firmware445863887338205615-udp-client.iotlab
2024-10-25 18:03:38,981 :: INFO :: Gateway Manager : Stop experiment
2024-10-25 18:03:38,987 :: INFO :: Stop experiment
2024-10-25 18:03:38,991 :: INFO :: Control node : stop of the experiment
2024-10-25 18:03:38,996 :: INFO :: Control node : profile configuration
2024-10-25 18:03:38,999 :: INFO :: Configure profile on Control Node
2024-10-25 18:03:39,050 :: INFO :: Control node : start power of open node
2024-10-25 18:03:39,083 :: INFO :: Node OpenOCD: teardown of openocd node
2024-10-25 18:03:42,100 :: INFO :: openocd node debugger stop
2024-10-25 18:03:42,722 :: INFO :: Node OpenOCD: flash of openocd node
2024-10-25 18:03:42,725 :: INFO :: Flash firmware on OpenOCD: /usr/lib/python3.8/site-packages/gateway_code/static/m3_idle.elf
2024-10-25 18:03:44,816 :: INFO :: Control node : Stop control node serial interface
2024-10-25 18:03:44,821 :: INFO :: Control node : stop power of open node
2024-10-25 18:03:44,862 :: INFO :: Control node : reset
2024-10-25 18:03:44,866 :: INFO :: Reset Control Node
2024-10-25 18:03:47,602 :: INFO :: Stop experiment succeeded
