2024-10-25 17:38:21,490 :: INFO :: Start experiment: perezram-407291
2024-10-25 17:38:21,493 :: INFO :: Control node : Starting of control node serial interface
2024-10-25 17:38:21,497 :: INFO :: Control node : reset
2024-10-25 17:38:21,500 :: INFO :: Reset Control Node
2024-10-25 17:38:24,294 :: INFO :: Control node : start power of open node
2024-10-25 17:38:24,322 :: INFO :: Node OpenOCD: Setup of openocd node
2024-10-25 17:38:27,337 :: INFO :: Node OpenOCD: flash of openocd node
2024-10-25 17:38:27,341 :: INFO :: Flash firmware on OpenOCD: /usr/lib/python3.8/site-packages/gateway_code/static/m3_idle.elf
2024-10-25 17:38:29,488 :: INFO :: Control node : Start experiment
2024-10-25 17:38:29,574 :: INFO :: Control Node set time delay: 7522 us
2024-10-25 17:38:29,586 :: INFO :: Control node : profile configuration
2024-10-25 17:38:29,589 :: INFO :: Configure profile on Control Node
2024-10-25 17:38:29,661 :: INFO :: Start experiment succeeded
2024-10-25 17:40:09,754 :: INFO :: Gateway Manager : Flash of node
2024-10-25 17:40:09,759 :: INFO :: Flash firmware on open node: /tmp/tmphvr9s3q8--firmware445863887338205615-udp-client.iotlab
2024-10-25 17:40:09,798 :: INFO :: Node OpenOCD: flash of openocd node
2024-10-25 17:40:09,802 :: INFO :: Flash firmware on OpenOCD: /tmp/tmphvr9s3q8--firmware445863887338205615-udp-client.iotlab
2024-10-25 18:03:39,079 :: INFO :: Gateway Manager : Stop experiment
2024-10-25 18:03:39,084 :: INFO :: Stop experiment
2024-10-25 18:03:39,088 :: INFO :: Control node : stop of the experiment
2024-10-25 18:03:39,096 :: INFO :: Control node : profile configuration
2024-10-25 18:03:39,100 :: INFO :: Configure profile on Control Node
2024-10-25 18:03:39,157 :: INFO :: Control node : start power of open node
2024-10-25 18:03:39,189 :: INFO :: Node OpenOCD: teardown of openocd node
2024-10-25 18:03:42,205 :: INFO :: openocd node debugger stop
2024-10-25 18:03:42,827 :: INFO :: Node OpenOCD: flash of openocd node
2024-10-25 18:03:42,830 :: INFO :: Flash firmware on OpenOCD: /usr/lib/python3.8/site-packages/gateway_code/static/m3_idle.elf
2024-10-25 18:03:44,972 :: INFO :: Control node : Stop control node serial interface
2024-10-25 18:03:44,977 :: INFO :: Control node : stop power of open node
2024-10-25 18:03:45,017 :: INFO :: Control node : reset
2024-10-25 18:03:45,021 :: INFO :: Reset Control Node
2024-10-25 18:03:47,797 :: INFO :: Stop experiment succeeded
