2024-10-25 17:38:21,394 :: INFO :: Start experiment: perezram-407291
2024-10-25 17:38:21,398 :: INFO :: Control node : Starting of control node serial interface
2024-10-25 17:38:21,401 :: INFO :: Control node : reset
2024-10-25 17:38:21,404 :: INFO :: Reset Control Node
2024-10-25 17:38:24,239 :: INFO :: Control node : start power of open node
2024-10-25 17:38:24,258 :: INFO :: Node OpenOCD: Setup of openocd node
2024-10-25 17:38:27,273 :: INFO :: Node OpenOCD: flash of openocd node
2024-10-25 17:38:27,278 :: INFO :: Flash firmware on OpenOCD: /usr/lib/python3.8/site-packages/gateway_code/static/m3_idle.elf
2024-10-25 17:38:29,424 :: INFO :: Control node : Start experiment
2024-10-25 17:38:29,490 :: INFO :: Control Node set time delay: 7104 us
2024-10-25 17:38:29,522 :: INFO :: Control node : profile configuration
2024-10-25 17:38:29,525 :: INFO :: Configure profile on Control Node
2024-10-25 17:38:29,591 :: INFO :: Start experiment succeeded
2024-10-25 17:40:09,557 :: INFO :: Gateway Manager : Flash of node
2024-10-25 17:40:09,562 :: INFO :: Flash firmware on open node: /tmp/tmp1yygil9y--firmware445863887338205615-udp-client.iotlab
2024-10-25 17:40:09,601 :: INFO :: Node OpenOCD: flash of openocd node
2024-10-25 17:40:09,605 :: INFO :: Flash firmware on OpenOCD: /tmp/tmp1yygil9y--firmware445863887338205615-udp-client.iotlab
2024-10-25 18:03:39,081 :: INFO :: Gateway Manager : Stop experiment
2024-10-25 18:03:39,087 :: INFO :: Stop experiment
2024-10-25 18:03:39,091 :: INFO :: Control node : stop of the experiment
2024-10-25 18:03:39,100 :: INFO :: Control node : profile configuration
2024-10-25 18:03:39,104 :: INFO :: Configure profile on Control Node
2024-10-25 18:03:39,150 :: INFO :: Control node : start power of open node
2024-10-25 18:03:39,182 :: INFO :: Node OpenOCD: teardown of openocd node
2024-10-25 18:03:42,197 :: INFO :: openocd node debugger stop
2024-10-25 18:03:42,722 :: INFO :: Node OpenOCD: flash of openocd node
2024-10-25 18:03:42,725 :: INFO :: Flash firmware on OpenOCD: /usr/lib/python3.8/site-packages/gateway_code/static/m3_idle.elf
2024-10-25 18:03:44,866 :: INFO :: Control node : Stop control node serial interface
2024-10-25 18:03:44,871 :: INFO :: Control node : stop power of open node
2024-10-25 18:03:44,913 :: INFO :: Control node : reset
2024-10-25 18:03:44,917 :: INFO :: Reset Control Node
2024-10-25 18:03:47,666 :: INFO :: Stop experiment succeeded
