2024-10-25 17:38:21,418 :: INFO :: Start experiment: perezram-407291
2024-10-25 17:38:21,422 :: INFO :: Control node : Starting of control node serial interface
2024-10-25 17:38:21,425 :: INFO :: Control node : reset
2024-10-25 17:38:21,428 :: INFO :: Reset Control Node
2024-10-25 17:38:24,243 :: INFO :: Control node : start power of open node
2024-10-25 17:38:24,257 :: INFO :: Node OpenOCD: Setup of openocd node
2024-10-25 17:38:27,271 :: INFO :: Node OpenOCD: flash of openocd node
2024-10-25 17:38:27,276 :: INFO :: Flash firmware on OpenOCD: /usr/lib/python3.8/site-packages/gateway_code/static/m3_idle.elf
2024-10-25 17:38:29,424 :: INFO :: Control node : Start experiment
2024-10-25 17:38:29,494 :: INFO :: Control Node set time delay: 5475 us
2024-10-25 17:38:29,521 :: INFO :: Control node : profile configuration
2024-10-25 17:38:29,524 :: INFO :: Configure profile on Control Node
2024-10-25 17:38:29,590 :: INFO :: Start experiment succeeded
2024-10-25 17:40:09,868 :: INFO :: Gateway Manager : Flash of node
2024-10-25 17:40:09,873 :: INFO :: Flash firmware on open node: /tmp/tmpblhlw70k--firmware445863887338205615-udp-client.iotlab
2024-10-25 17:40:09,913 :: INFO :: Node OpenOCD: flash of openocd node
2024-10-25 17:40:09,917 :: INFO :: Flash firmware on OpenOCD: /tmp/tmpblhlw70k--firmware445863887338205615-udp-client.iotlab
2024-10-25 18:03:39,091 :: INFO :: Gateway Manager : Stop experiment
2024-10-25 18:03:39,100 :: INFO :: Stop experiment
2024-10-25 18:03:39,105 :: INFO :: Control node : stop of the experiment
2024-10-25 18:03:39,111 :: INFO :: Control node : profile configuration
2024-10-25 18:03:39,115 :: INFO :: Configure profile on Control Node
2024-10-25 18:03:39,164 :: INFO :: Control node : start power of open node
2024-10-25 18:03:39,194 :: INFO :: Node OpenOCD: teardown of openocd node
2024-10-25 18:03:42,210 :: INFO :: openocd node debugger stop
2024-10-25 18:03:42,832 :: INFO :: Node OpenOCD: flash of openocd node
2024-10-25 18:03:42,835 :: INFO :: Flash firmware on OpenOCD: /usr/lib/python3.8/site-packages/gateway_code/static/m3_idle.elf
2024-10-25 18:03:44,979 :: INFO :: Control node : Stop control node serial interface
2024-10-25 18:03:44,984 :: INFO :: Control node : stop power of open node
2024-10-25 18:03:45,022 :: INFO :: Control node : reset
2024-10-25 18:03:45,026 :: INFO :: Reset Control Node
2024-10-25 18:03:47,810 :: INFO :: Stop experiment succeeded
