2024-10-25 17:38:21,369 :: INFO :: Start experiment: perezram-407291
2024-10-25 17:38:21,373 :: INFO :: Control node : Starting of control node serial interface
2024-10-25 17:38:21,376 :: INFO :: Control node : reset
2024-10-25 17:38:21,379 :: INFO :: Reset Control Node
2024-10-25 17:38:24,223 :: INFO :: Control node : start power of open node
2024-10-25 17:38:24,239 :: INFO :: Node OpenOCD: Setup of openocd node
2024-10-25 17:38:27,254 :: INFO :: Node OpenOCD: flash of openocd node
2024-10-25 17:38:27,259 :: INFO :: Flash firmware on OpenOCD: /usr/lib/python3.8/site-packages/gateway_code/static/m3_idle.elf
2024-10-25 17:38:29,404 :: INFO :: Control node : Start experiment
2024-10-25 17:38:29,471 :: INFO :: Control Node set time delay: 12305 us
2024-10-25 17:38:29,502 :: INFO :: Control node : profile configuration
2024-10-25 17:38:29,505 :: INFO :: Configure profile on Control Node
2024-10-25 17:38:29,572 :: INFO :: Start experiment succeeded
2024-10-25 17:40:09,638 :: INFO :: Gateway Manager : Flash of node
2024-10-25 17:40:09,643 :: INFO :: Flash firmware on open node: /tmp/tmp5ouj9wqc--firmware445863887338205615-udp-client.iotlab
2024-10-25 17:40:09,683 :: INFO :: Node OpenOCD: flash of openocd node
2024-10-25 17:40:09,687 :: INFO :: Flash firmware on OpenOCD: /tmp/tmp5ouj9wqc--firmware445863887338205615-udp-client.iotlab
2024-10-25 18:03:39,079 :: INFO :: Gateway Manager : Stop experiment
2024-10-25 18:03:39,084 :: INFO :: Stop experiment
2024-10-25 18:03:39,088 :: INFO :: Control node : stop of the experiment
2024-10-25 18:03:39,093 :: INFO :: Control node : profile configuration
2024-10-25 18:03:39,101 :: INFO :: Configure profile on Control Node
2024-10-25 18:03:39,160 :: INFO :: Control node : start power of open node
2024-10-25 18:03:39,192 :: INFO :: Node OpenOCD: teardown of openocd node
2024-10-25 18:03:42,207 :: INFO :: openocd node debugger stop
2024-10-25 18:03:42,830 :: INFO :: Node OpenOCD: flash of openocd node
2024-10-25 18:03:42,833 :: INFO :: Flash firmware on OpenOCD: /usr/lib/python3.8/site-packages/gateway_code/static/m3_idle.elf
2024-10-25 18:03:44,974 :: INFO :: Control node : Stop control node serial interface
2024-10-25 18:03:44,979 :: INFO :: Control node : stop power of open node
2024-10-25 18:03:45,020 :: INFO :: Control node : reset
2024-10-25 18:03:45,023 :: INFO :: Reset Control Node
2024-10-25 18:03:47,797 :: INFO :: Stop experiment succeeded
