2024-10-25 17:38:21,405 :: INFO :: Start experiment: perezram-407291
2024-10-25 17:38:21,409 :: INFO :: Control node : Starting of control node serial interface
2024-10-25 17:38:21,412 :: INFO :: Control node : reset
2024-10-25 17:38:21,415 :: INFO :: Reset Control Node
2024-10-25 17:38:24,240 :: INFO :: Control node : start power of open node
2024-10-25 17:38:24,257 :: INFO :: Node OpenOCD: Setup of openocd node
2024-10-25 17:38:27,272 :: INFO :: Node OpenOCD: flash of openocd node
2024-10-25 17:38:27,277 :: INFO :: Flash firmware on OpenOCD: /usr/lib/python3.8/site-packages/gateway_code/static/m3_idle.elf
2024-10-25 17:38:29,424 :: INFO :: Control node : Start experiment
2024-10-25 17:38:29,491 :: INFO :: Control Node set time delay: 6740 us
2024-10-25 17:38:29,521 :: INFO :: Control node : profile configuration
2024-10-25 17:38:29,524 :: INFO :: Configure profile on Control Node
2024-10-25 17:38:29,590 :: INFO :: Start experiment succeeded
2024-10-25 17:40:09,933 :: INFO :: Gateway Manager : Flash of node
2024-10-25 17:40:09,938 :: INFO :: Flash firmware on open node: /tmp/tmpc5rgc4mn--firmware445863887338205615-udp-client.iotlab
2024-10-25 17:40:09,977 :: INFO :: Node OpenOCD: flash of openocd node
2024-10-25 17:40:09,981 :: INFO :: Flash firmware on OpenOCD: /tmp/tmpc5rgc4mn--firmware445863887338205615-udp-client.iotlab
2024-10-25 18:03:39,090 :: INFO :: Gateway Manager : Stop experiment
2024-10-25 18:03:39,099 :: INFO :: Stop experiment
2024-10-25 18:03:39,105 :: INFO :: Control node : stop of the experiment
2024-10-25 18:03:39,111 :: INFO :: Control node : profile configuration
2024-10-25 18:03:39,114 :: INFO :: Configure profile on Control Node
2024-10-25 18:03:39,170 :: INFO :: Control node : start power of open node
2024-10-25 18:03:39,202 :: INFO :: Node OpenOCD: teardown of openocd node
2024-10-25 18:03:42,218 :: INFO :: openocd node debugger stop
2024-10-25 18:03:42,743 :: INFO :: Node OpenOCD: flash of openocd node
2024-10-25 18:03:42,747 :: INFO :: Flash firmware on OpenOCD: /usr/lib/python3.8/site-packages/gateway_code/static/m3_idle.elf
2024-10-25 18:03:44,889 :: INFO :: Control node : Stop control node serial interface
2024-10-25 18:03:44,893 :: INFO :: Control node : stop power of open node
2024-10-25 18:03:44,934 :: INFO :: Control node : reset
2024-10-25 18:03:44,938 :: INFO :: Reset Control Node
2024-10-25 18:03:47,689 :: INFO :: Stop experiment succeeded
