2024-10-25 17:38:21,334 :: INFO :: Start experiment: perezram-407291
2024-10-25 17:38:21,337 :: INFO :: Control node : Starting of control node serial interface
2024-10-25 17:38:21,340 :: INFO :: Control node : reset
2024-10-25 17:38:21,344 :: INFO :: Reset Control Node
2024-10-25 17:38:24,198 :: INFO :: Control node : start power of open node
2024-10-25 17:38:24,217 :: INFO :: Node OpenOCD: Setup of openocd node
2024-10-25 17:38:27,233 :: INFO :: Node OpenOCD: flash of openocd node
2024-10-25 17:38:27,238 :: INFO :: Flash firmware on OpenOCD: /usr/lib/python3.8/site-packages/gateway_code/static/m3_idle.elf
2024-10-25 17:38:29,384 :: INFO :: Control node : Start experiment
2024-10-25 17:38:29,448 :: INFO :: Control Node set time delay: 15560 us
2024-10-25 17:38:29,477 :: INFO :: Control node : profile configuration
2024-10-25 17:38:29,481 :: INFO :: Configure profile on Control Node
2024-10-25 17:38:29,534 :: INFO :: Start experiment succeeded
2024-10-25 17:40:09,838 :: INFO :: Gateway Manager : Flash of node
2024-10-25 17:40:09,844 :: INFO :: Flash firmware on open node: /tmp/tmpi1o1k1lx--firmware445863887338205615-udp-client.iotlab
2024-10-25 17:40:09,883 :: INFO :: Node OpenOCD: flash of openocd node
2024-10-25 17:40:09,887 :: INFO :: Flash firmware on OpenOCD: /tmp/tmpi1o1k1lx--firmware445863887338205615-udp-client.iotlab
2024-10-25 18:03:39,071 :: INFO :: Gateway Manager : Stop experiment
2024-10-25 18:03:39,077 :: INFO :: Stop experiment
2024-10-25 18:03:39,081 :: INFO :: Control node : stop of the experiment
2024-10-25 18:03:39,086 :: INFO :: Control node : profile configuration
2024-10-25 18:03:39,089 :: INFO :: Configure profile on Control Node
2024-10-25 18:03:39,145 :: INFO :: Control node : start power of open node
2024-10-25 18:03:39,177 :: INFO :: Node OpenOCD: teardown of openocd node
2024-10-25 18:03:42,192 :: INFO :: openocd node debugger stop
2024-10-25 18:03:42,717 :: INFO :: Node OpenOCD: flash of openocd node
2024-10-25 18:03:42,720 :: INFO :: Flash firmware on OpenOCD: /usr/lib/python3.8/site-packages/gateway_code/static/m3_idle.elf
2024-10-25 18:03:44,863 :: INFO :: Control node : Stop control node serial interface
2024-10-25 18:03:44,867 :: INFO :: Control node : stop power of open node
2024-10-25 18:03:44,908 :: INFO :: Control node : reset
2024-10-25 18:03:44,912 :: INFO :: Reset Control Node
2024-10-25 18:03:47,662 :: INFO :: Stop experiment succeeded
