2024-10-25 17:38:21,382 :: INFO :: Start experiment: perezram-407291
2024-10-25 17:38:21,386 :: INFO :: Control node : Starting of control node serial interface
2024-10-25 17:38:21,389 :: INFO :: Control node : reset
2024-10-25 17:38:21,392 :: INFO :: Reset Control Node
2024-10-25 17:38:24,235 :: INFO :: Control node : start power of open node
2024-10-25 17:38:24,251 :: INFO :: Node OpenOCD: Setup of openocd node
2024-10-25 17:38:27,266 :: INFO :: Node OpenOCD: flash of openocd node
2024-10-25 17:38:27,270 :: INFO :: Flash firmware on OpenOCD: /usr/lib/python3.8/site-packages/gateway_code/static/m3_idle.elf
2024-10-25 17:38:29,417 :: INFO :: Control node : Start experiment
2024-10-25 17:38:29,488 :: INFO :: Control Node set time delay: 7705 us
2024-10-25 17:38:29,515 :: INFO :: Control node : profile configuration
2024-10-25 17:38:29,518 :: INFO :: Configure profile on Control Node
2024-10-25 17:38:29,584 :: INFO :: Start experiment succeeded
2024-10-25 17:40:09,758 :: INFO :: Gateway Manager : Flash of node
2024-10-25 17:40:09,764 :: INFO :: Flash firmware on open node: /tmp/tmpa0toogld--firmware445863887338205615-udp-client.iotlab
2024-10-25 17:40:09,803 :: INFO :: Node OpenOCD: flash of openocd node
2024-10-25 17:40:09,807 :: INFO :: Flash firmware on OpenOCD: /tmp/tmpa0toogld--firmware445863887338205615-udp-client.iotlab
2024-10-25 18:03:39,074 :: INFO :: Gateway Manager : Stop experiment
2024-10-25 18:03:39,079 :: INFO :: Stop experiment
2024-10-25 18:03:39,083 :: INFO :: Control node : stop of the experiment
2024-10-25 18:03:39,088 :: INFO :: Control node : profile configuration
2024-10-25 18:03:39,091 :: INFO :: Configure profile on Control Node
2024-10-25 18:03:39,155 :: INFO :: Control node : start power of open node
2024-10-25 18:03:39,186 :: INFO :: Node OpenOCD: teardown of openocd node
2024-10-25 18:03:42,202 :: INFO :: openocd node debugger stop
2024-10-25 18:03:42,727 :: INFO :: Node OpenOCD: flash of openocd node
2024-10-25 18:03:42,730 :: INFO :: Flash firmware on OpenOCD: /usr/lib/python3.8/site-packages/gateway_code/static/m3_idle.elf
2024-10-25 18:03:44,873 :: INFO :: Control node : Stop control node serial interface
2024-10-25 18:03:44,877 :: INFO :: Control node : stop power of open node
2024-10-25 18:03:44,918 :: INFO :: Control node : reset
2024-10-25 18:03:44,922 :: INFO :: Reset Control Node
2024-10-25 18:03:47,684 :: INFO :: Stop experiment succeeded
