2024-10-25 17:38:21,048 :: INFO :: Start experiment: perezram-407291
2024-10-25 17:38:21,053 :: INFO :: Control node : Starting of control node serial interface
2024-10-25 17:38:21,058 :: INFO :: Control node : reset
2024-10-25 17:38:21,061 :: INFO :: Reset Control Node
2024-10-25 17:38:23,854 :: INFO :: Control node : start power of open node
2024-10-25 17:38:23,870 :: INFO :: Node OpenOCD: Setup of openocd node
2024-10-25 17:38:26,885 :: INFO :: Node OpenOCD: flash of openocd node
2024-10-25 17:38:26,890 :: INFO :: Flash firmware on OpenOCD: /usr/lib/python3.8/site-packages/gateway_code/static/m3_idle.elf
2024-10-25 17:38:29,038 :: INFO :: Control node : Start experiment
2024-10-25 17:38:29,106 :: INFO :: Control Node set time delay: 10839 us
2024-10-25 17:38:29,134 :: INFO :: Control node : profile configuration
2024-10-25 17:38:29,137 :: INFO :: Configure profile on Control Node
2024-10-25 17:38:29,203 :: INFO :: Start experiment succeeded
2024-10-25 17:40:08,149 :: INFO :: Gateway Manager : Flash of node
2024-10-25 17:40:08,179 :: INFO :: Flash firmware on open node: /tmp/tmpezl6ddmz--firmware445863887338205615-udp-client.iotlab
2024-10-25 17:40:08,218 :: INFO :: Node OpenOCD: flash of openocd node
2024-10-25 17:40:08,222 :: INFO :: Flash firmware on OpenOCD: /tmp/tmpezl6ddmz--firmware445863887338205615-udp-client.iotlab
2024-10-25 18:03:38,861 :: INFO :: Gateway Manager : Stop experiment
2024-10-25 18:03:38,866 :: INFO :: Stop experiment
2024-10-25 18:03:38,871 :: INFO :: Control node : stop of the experiment
2024-10-25 18:03:38,876 :: INFO :: Control node : profile configuration
2024-10-25 18:03:38,879 :: INFO :: Configure profile on Control Node
2024-10-25 18:03:38,923 :: INFO :: Control node : start power of open node
2024-10-25 18:03:38,957 :: INFO :: Node OpenOCD: teardown of openocd node
2024-10-25 18:03:41,973 :: INFO :: openocd node debugger stop
2024-10-25 18:03:42,595 :: INFO :: Node OpenOCD: flash of openocd node
2024-10-25 18:03:42,599 :: INFO :: Flash firmware on OpenOCD: /usr/lib/python3.8/site-packages/gateway_code/static/m3_idle.elf
2024-10-25 18:03:44,741 :: INFO :: Control node : Stop control node serial interface
2024-10-25 18:03:44,746 :: INFO :: Control node : stop power of open node
2024-10-25 18:03:44,782 :: INFO :: Control node : reset
2024-10-25 18:03:44,786 :: INFO :: Reset Control Node
2024-10-25 18:03:47,527 :: INFO :: Stop experiment succeeded
