2024-10-25 17:38:21,531 :: INFO :: Start experiment: perezram-407291
2024-10-25 17:38:21,535 :: INFO :: Control node : Starting of control node serial interface
2024-10-25 17:38:21,538 :: INFO :: Control node : reset
2024-10-25 17:38:21,541 :: INFO :: Reset Control Node
2024-10-25 17:38:24,334 :: INFO :: Control node : start power of open node
2024-10-25 17:38:24,351 :: INFO :: Node OpenOCD: Setup of openocd node
2024-10-25 17:38:27,365 :: INFO :: Node OpenOCD: flash of openocd node
2024-10-25 17:38:27,370 :: INFO :: Flash firmware on OpenOCD: /usr/lib/python3.8/site-packages/gateway_code/static/m3_idle.elf
2024-10-25 17:38:29,517 :: INFO :: Control node : Start experiment
2024-10-25 17:38:29,582 :: INFO :: Control Node set time delay: 13503 us
2024-10-25 17:38:29,605 :: INFO :: Control node : profile configuration
2024-10-25 17:38:29,619 :: INFO :: Configure profile on Control Node
2024-10-25 17:38:29,684 :: INFO :: Start experiment succeeded
2024-10-25 17:40:09,685 :: INFO :: Gateway Manager : Flash of node
2024-10-25 17:40:09,690 :: INFO :: Flash firmware on open node: /tmp/tmptxmoiuij--firmware445863887338205615-udp-client.iotlab
2024-10-25 17:40:09,729 :: INFO :: Node OpenOCD: flash of openocd node
2024-10-25 17:40:09,733 :: INFO :: Flash firmware on OpenOCD: /tmp/tmptxmoiuij--firmware445863887338205615-udp-client.iotlab
2024-10-25 18:03:39,176 :: INFO :: Gateway Manager : Stop experiment
2024-10-25 18:03:39,182 :: INFO :: Stop experiment
2024-10-25 18:03:39,186 :: INFO :: Control node : stop of the experiment
2024-10-25 18:03:39,190 :: INFO :: Control node : profile configuration
2024-10-25 18:03:39,193 :: INFO :: Configure profile on Control Node
2024-10-25 18:03:39,249 :: INFO :: Control node : start power of open node
2024-10-25 18:03:39,281 :: INFO :: Node OpenOCD: teardown of openocd node
2024-10-25 18:03:42,296 :: INFO :: openocd node debugger stop
2024-10-25 18:03:42,918 :: INFO :: Node OpenOCD: flash of openocd node
2024-10-25 18:03:42,921 :: INFO :: Flash firmware on OpenOCD: /usr/lib/python3.8/site-packages/gateway_code/static/m3_idle.elf
2024-10-25 18:03:45,063 :: INFO :: Control node : Stop control node serial interface
2024-10-25 18:03:45,068 :: INFO :: Control node : stop power of open node
2024-10-25 18:03:45,108 :: INFO :: Control node : reset
2024-10-25 18:03:45,112 :: INFO :: Reset Control Node
2024-10-25 18:03:47,851 :: INFO :: Stop experiment succeeded
