2024-10-25 17:38:21,476 :: INFO :: Start experiment: perezram-407291
2024-10-25 17:38:21,479 :: INFO :: Control node : Starting of control node serial interface
2024-10-25 17:38:21,482 :: INFO :: Control node : reset
2024-10-25 17:38:21,486 :: INFO :: Reset Control Node
2024-10-25 17:38:24,285 :: INFO :: Control node : start power of open node
2024-10-25 17:38:24,309 :: INFO :: Node OpenOCD: Setup of openocd node
2024-10-25 17:38:27,323 :: INFO :: Node OpenOCD: flash of openocd node
2024-10-25 17:38:27,329 :: INFO :: Flash firmware on OpenOCD: /usr/lib/python3.8/site-packages/gateway_code/static/m3_idle.elf
2024-10-25 17:38:29,474 :: INFO :: Control node : Start experiment
2024-10-25 17:38:29,540 :: INFO :: Control Node set time delay: 9654 us
2024-10-25 17:38:29,570 :: INFO :: Control node : profile configuration
2024-10-25 17:38:29,573 :: INFO :: Configure profile on Control Node
2024-10-25 17:38:29,642 :: INFO :: Start experiment succeeded
2024-10-25 17:40:09,643 :: INFO :: Gateway Manager : Flash of node
2024-10-25 17:40:09,648 :: INFO :: Flash firmware on open node: /tmp/tmpu3sduhdr--firmware445863887338205615-udp-client.iotlab
2024-10-25 17:40:09,688 :: INFO :: Node OpenOCD: flash of openocd node
2024-10-25 17:40:09,691 :: INFO :: Flash firmware on OpenOCD: /tmp/tmpu3sduhdr--firmware445863887338205615-udp-client.iotlab
2024-10-25 18:03:39,177 :: INFO :: Gateway Manager : Stop experiment
2024-10-25 18:03:39,182 :: INFO :: Stop experiment
2024-10-25 18:03:39,186 :: INFO :: Control node : stop of the experiment
2024-10-25 18:03:39,191 :: INFO :: Control node : profile configuration
2024-10-25 18:03:39,194 :: INFO :: Configure profile on Control Node
2024-10-25 18:03:39,253 :: INFO :: Control node : start power of open node
2024-10-25 18:03:39,285 :: INFO :: Node OpenOCD: teardown of openocd node
2024-10-25 18:03:42,300 :: INFO :: openocd node debugger stop
2024-10-25 18:03:42,922 :: INFO :: Node OpenOCD: flash of openocd node
2024-10-25 18:03:42,926 :: INFO :: Flash firmware on OpenOCD: /usr/lib/python3.8/site-packages/gateway_code/static/m3_idle.elf
2024-10-25 18:03:45,069 :: INFO :: Control node : Stop control node serial interface
2024-10-25 18:03:45,073 :: INFO :: Control node : stop power of open node
2024-10-25 18:03:45,112 :: INFO :: Control node : reset
2024-10-25 18:03:45,116 :: INFO :: Reset Control Node
2024-10-25 18:03:47,857 :: INFO :: Stop experiment succeeded
