2024-10-25 17:38:21,356 :: INFO :: Start experiment: perezram-407291
2024-10-25 17:38:21,360 :: INFO :: Control node : Starting of control node serial interface
2024-10-25 17:38:21,363 :: INFO :: Control node : reset
2024-10-25 17:38:21,366 :: INFO :: Reset Control Node
2024-10-25 17:38:24,213 :: INFO :: Control node : start power of open node
2024-10-25 17:38:24,229 :: INFO :: Node OpenOCD: Setup of openocd node
2024-10-25 17:38:27,244 :: INFO :: Node OpenOCD: flash of openocd node
2024-10-25 17:38:27,249 :: INFO :: Flash firmware on OpenOCD: /usr/lib/python3.8/site-packages/gateway_code/static/m3_idle.elf
2024-10-25 17:38:29,647 :: INFO :: Control node : Start experiment
2024-10-25 17:38:29,733 :: INFO :: Control Node set time delay: 13000 us
2024-10-25 17:38:29,765 :: INFO :: Control node : profile configuration
2024-10-25 17:38:29,768 :: INFO :: Configure profile on Control Node
2024-10-25 17:38:29,818 :: INFO :: Start experiment succeeded
2024-10-25 17:40:09,932 :: INFO :: Gateway Manager : Flash of node
2024-10-25 17:40:09,937 :: INFO :: Flash firmware on open node: /tmp/tmp31120h6e--firmware445863887338205615-udp-client.iotlab
2024-10-25 17:40:09,977 :: INFO :: Node OpenOCD: flash of openocd node
2024-10-25 17:40:09,981 :: INFO :: Flash firmware on OpenOCD: /tmp/tmp31120h6e--firmware445863887338205615-udp-client.iotlab
2024-10-25 18:03:39,069 :: INFO :: Gateway Manager : Stop experiment
2024-10-25 18:03:39,075 :: INFO :: Stop experiment
2024-10-25 18:03:39,079 :: INFO :: Control node : stop of the experiment
2024-10-25 18:03:39,085 :: INFO :: Control node : profile configuration
2024-10-25 18:03:39,088 :: INFO :: Configure profile on Control Node
2024-10-25 18:03:39,148 :: INFO :: Control node : start power of open node
2024-10-25 18:03:39,179 :: INFO :: Node OpenOCD: teardown of openocd node
2024-10-25 18:03:42,194 :: INFO :: openocd node debugger stop
2024-10-25 18:03:42,719 :: INFO :: Node OpenOCD: flash of openocd node
2024-10-25 18:03:42,723 :: INFO :: Flash firmware on OpenOCD: /usr/lib/python3.8/site-packages/gateway_code/static/m3_idle.elf
2024-10-25 18:03:44,864 :: INFO :: Control node : Stop control node serial interface
2024-10-25 18:03:44,869 :: INFO :: Control node : stop power of open node
2024-10-25 18:03:44,910 :: INFO :: Control node : reset
2024-10-25 18:03:44,914 :: INFO :: Reset Control Node
2024-10-25 18:03:47,667 :: INFO :: Stop experiment succeeded
