2024-10-25 17:38:21,377 :: INFO :: Start experiment: perezram-407291
2024-10-25 17:38:21,380 :: INFO :: Control node : Starting of control node serial interface
2024-10-25 17:38:21,383 :: INFO :: Control node : reset
2024-10-25 17:38:21,387 :: INFO :: Reset Control Node
2024-10-25 17:38:24,229 :: INFO :: Control node : start power of open node
2024-10-25 17:38:24,246 :: INFO :: Node OpenOCD: Setup of openocd node
2024-10-25 17:38:27,260 :: INFO :: Node OpenOCD: flash of openocd node
2024-10-25 17:38:27,265 :: INFO :: Flash firmware on OpenOCD: /usr/lib/python3.8/site-packages/gateway_code/static/m3_idle.elf
2024-10-25 17:38:29,412 :: INFO :: Control node : Start experiment
2024-10-25 17:38:29,477 :: INFO :: Control Node set time delay: 12267 us
2024-10-25 17:38:29,510 :: INFO :: Control node : profile configuration
2024-10-25 17:38:29,513 :: INFO :: Configure profile on Control Node
2024-10-25 17:38:29,585 :: INFO :: Start experiment succeeded
2024-10-25 17:40:09,928 :: INFO :: Gateway Manager : Flash of node
2024-10-25 17:40:09,933 :: INFO :: Flash firmware on open node: /tmp/tmp8928u06n--firmware445863887338205615-udp-client.iotlab
2024-10-25 17:40:09,972 :: INFO :: Node OpenOCD: flash of openocd node
2024-10-25 17:40:09,976 :: INFO :: Flash firmware on OpenOCD: /tmp/tmp8928u06n--firmware445863887338205615-udp-client.iotlab
2024-10-25 18:03:39,075 :: INFO :: Gateway Manager : Stop experiment
2024-10-25 18:03:39,081 :: INFO :: Stop experiment
2024-10-25 18:03:39,085 :: INFO :: Control node : stop of the experiment
2024-10-25 18:03:39,090 :: INFO :: Control node : profile configuration
2024-10-25 18:03:39,094 :: INFO :: Configure profile on Control Node
2024-10-25 18:03:39,157 :: INFO :: Control node : start power of open node
2024-10-25 18:03:39,189 :: INFO :: Node OpenOCD: teardown of openocd node
2024-10-25 18:03:42,204 :: INFO :: openocd node debugger stop
2024-10-25 18:03:42,826 :: INFO :: Node OpenOCD: flash of openocd node
2024-10-25 18:03:42,830 :: INFO :: Flash firmware on OpenOCD: /usr/lib/python3.8/site-packages/gateway_code/static/m3_idle.elf
2024-10-25 18:03:44,972 :: INFO :: Control node : Stop control node serial interface
2024-10-25 18:03:44,977 :: INFO :: Control node : stop power of open node
2024-10-25 18:03:45,017 :: INFO :: Control node : reset
2024-10-25 18:03:45,021 :: INFO :: Reset Control Node
2024-10-25 18:03:47,800 :: INFO :: Stop experiment succeeded
