2024-10-25 17:38:21,340 :: INFO :: Start experiment: perezram-407291
2024-10-25 17:38:21,344 :: INFO :: Control node : Starting of control node serial interface
2024-10-25 17:38:21,347 :: INFO :: Control node : reset
2024-10-25 17:38:21,350 :: INFO :: Reset Control Node
2024-10-25 17:38:24,202 :: INFO :: Control node : start power of open node
2024-10-25 17:38:24,220 :: INFO :: Node OpenOCD: Setup of openocd node
2024-10-25 17:38:27,235 :: INFO :: Node OpenOCD: flash of openocd node
2024-10-25 17:38:27,241 :: INFO :: Flash firmware on OpenOCD: /usr/lib/python3.8/site-packages/gateway_code/static/m3_idle.elf
2024-10-25 17:38:29,386 :: INFO :: Control node : Start experiment
2024-10-25 17:38:29,451 :: INFO :: Control Node set time delay: 6956 us
2024-10-25 17:38:29,483 :: INFO :: Control node : profile configuration
2024-10-25 17:38:29,487 :: INFO :: Configure profile on Control Node
2024-10-25 17:38:29,552 :: INFO :: Start experiment succeeded
2024-10-25 17:40:09,921 :: INFO :: Gateway Manager : Flash of node
2024-10-25 17:40:09,926 :: INFO :: Flash firmware on open node: /tmp/tmpy78v6cb0--firmware445863887338205615-udp-client.iotlab
2024-10-25 17:40:09,966 :: INFO :: Node OpenOCD: flash of openocd node
2024-10-25 17:40:09,970 :: INFO :: Flash firmware on OpenOCD: /tmp/tmpy78v6cb0--firmware445863887338205615-udp-client.iotlab
2024-10-25 18:03:39,073 :: INFO :: Gateway Manager : Stop experiment
2024-10-25 18:03:39,079 :: INFO :: Stop experiment
2024-10-25 18:03:39,083 :: INFO :: Control node : stop of the experiment
2024-10-25 18:03:39,088 :: INFO :: Control node : profile configuration
2024-10-25 18:03:39,091 :: INFO :: Configure profile on Control Node
2024-10-25 18:03:39,149 :: INFO :: Control node : start power of open node
2024-10-25 18:03:39,181 :: INFO :: Node OpenOCD: teardown of openocd node
2024-10-25 18:03:42,196 :: INFO :: openocd node debugger stop
2024-10-25 18:03:42,818 :: INFO :: Node OpenOCD: flash of openocd node
2024-10-25 18:03:42,821 :: INFO :: Flash firmware on OpenOCD: /usr/lib/python3.8/site-packages/gateway_code/static/m3_idle.elf
2024-10-25 18:03:44,963 :: INFO :: Control node : Stop control node serial interface
2024-10-25 18:03:44,968 :: INFO :: Control node : stop power of open node
2024-10-25 18:03:45,008 :: INFO :: Control node : reset
2024-10-25 18:03:45,012 :: INFO :: Reset Control Node
2024-10-25 18:03:47,774 :: INFO :: Stop experiment succeeded
