2024-11-04 00:31:53,375 :: INFO :: Start experiment: perezram-407557
2024-11-04 00:31:53,379 :: INFO :: Control node : Starting of control node serial interface
2024-11-04 00:31:53,382 :: INFO :: Control node : reset
2024-11-04 00:31:53,385 :: INFO :: Reset Control Node
2024-11-04 00:31:56,176 :: INFO :: Control node : start power of open node
2024-11-04 00:31:56,192 :: INFO :: Node OpenOCD: Setup of openocd node
2024-11-04 00:31:59,206 :: INFO :: Node OpenOCD: flash of openocd node
2024-11-04 00:31:59,211 :: INFO :: Flash firmware on OpenOCD: /tmp/tmpv2eaukzq--5beeb7e95392731f2752dd0708f8d959_get-mac.iotlab
2024-11-04 00:32:06,704 :: INFO :: Control node : Start experiment
2024-11-04 00:32:06,767 :: INFO :: Control Node set time delay: 6889 us
2024-11-04 00:32:06,790 :: INFO :: Control node : profile configuration
2024-11-04 00:32:06,793 :: INFO :: Configure profile on Control Node
2024-11-04 00:32:06,869 :: INFO :: Start experiment succeeded
2024-11-04 00:47:18,067 :: INFO :: Gateway Manager : Stop experiment
2024-11-04 00:47:18,073 :: INFO :: Stop experiment
2024-11-04 00:47:18,077 :: INFO :: Control node : stop of the experiment
2024-11-04 00:47:18,081 :: INFO :: Control node : profile configuration
2024-11-04 00:47:18,085 :: INFO :: Configure profile on Control Node
2024-11-04 00:47:18,140 :: INFO :: Control node : start power of open node
2024-11-04 00:47:18,175 :: INFO :: Node OpenOCD: teardown of openocd node
2024-11-04 00:47:21,190 :: INFO :: openocd node debugger stop
2024-11-04 00:47:21,715 :: INFO :: Node OpenOCD: flash of openocd node
2024-11-04 00:47:21,718 :: INFO :: Flash firmware on OpenOCD: /usr/lib/python3.8/site-packages/gateway_code/static/m3_idle.elf
2024-11-04 00:47:23,860 :: INFO :: Control node : Stop control node serial interface
2024-11-04 00:47:23,864 :: INFO :: Control node : stop power of open node
2024-11-04 00:47:23,903 :: INFO :: Control node : reset
2024-11-04 00:47:23,907 :: INFO :: Reset Control Node
2024-11-04 00:47:26,665 :: INFO :: Stop experiment succeeded
