2024-11-04 00:31:53,545 :: INFO :: Start experiment: perezram-407557
2024-11-04 00:31:53,549 :: INFO :: Control node : Starting of control node serial interface
2024-11-04 00:31:53,552 :: INFO :: Control node : reset
2024-11-04 00:31:53,555 :: INFO :: Reset Control Node
2024-11-04 00:31:56,345 :: INFO :: Control node : start power of open node
2024-11-04 00:31:56,363 :: INFO :: Node OpenOCD: Setup of openocd node
2024-11-04 00:31:59,379 :: INFO :: Node OpenOCD: flash of openocd node
2024-11-04 00:31:59,384 :: INFO :: Flash firmware on OpenOCD: /tmp/tmppk3fh65t--5beeb7e95392731f2752dd0708f8d959_get-mac.iotlab
2024-11-04 00:32:06,879 :: INFO :: Control node : Start experiment
2024-11-04 00:32:06,939 :: INFO :: Control Node set time delay: 5182 us
2024-11-04 00:32:06,971 :: INFO :: Control node : profile configuration
2024-11-04 00:32:06,974 :: INFO :: Configure profile on Control Node
2024-11-04 00:32:07,041 :: INFO :: Start experiment succeeded
2024-11-04 00:47:18,148 :: INFO :: Gateway Manager : Stop experiment
2024-11-04 00:47:18,156 :: INFO :: Stop experiment
2024-11-04 00:47:18,161 :: INFO :: Control node : stop of the experiment
2024-11-04 00:47:18,167 :: INFO :: Control node : profile configuration
2024-11-04 00:47:18,170 :: INFO :: Configure profile on Control Node
2024-11-04 00:47:18,228 :: INFO :: Control node : start power of open node
2024-11-04 00:47:18,260 :: INFO :: Node OpenOCD: teardown of openocd node
2024-11-04 00:47:21,292 :: INFO :: openocd node debugger stop
2024-11-04 00:47:21,914 :: INFO :: Node OpenOCD: flash of openocd node
2024-11-04 00:47:21,917 :: INFO :: Flash firmware on OpenOCD: /usr/lib/python3.8/site-packages/gateway_code/static/m3_idle.elf
2024-11-04 00:47:24,059 :: INFO :: Control node : Stop control node serial interface
2024-11-04 00:47:24,063 :: INFO :: Control node : stop power of open node
2024-11-04 00:47:24,104 :: INFO :: Control node : reset
2024-11-04 00:47:24,107 :: INFO :: Reset Control Node
2024-11-04 00:47:26,867 :: INFO :: Stop experiment succeeded
