2024-11-04 00:31:53,710 :: INFO :: Start experiment: perezram-407557
2024-11-04 00:31:53,715 :: INFO :: Control node : Starting of control node serial interface
2024-11-04 00:31:53,718 :: INFO :: Control node : reset
2024-11-04 00:31:53,720 :: INFO :: Reset Control Node
2024-11-04 00:31:56,509 :: INFO :: Control node : start power of open node
2024-11-04 00:31:56,528 :: INFO :: Node OpenOCD: Setup of openocd node
2024-11-04 00:31:59,543 :: INFO :: Node OpenOCD: flash of openocd node
2024-11-04 00:31:59,547 :: INFO :: Flash firmware on OpenOCD: /tmp/tmp75se_y6m--5beeb7e95392731f2752dd0708f8d959_get-mac.iotlab
2024-11-04 00:32:06,991 :: INFO :: Control node : Start experiment
2024-11-04 00:32:07,061 :: INFO :: Control Node set time delay: 5816 us
2024-11-04 00:32:07,087 :: INFO :: Control node : profile configuration
2024-11-04 00:32:07,091 :: INFO :: Configure profile on Control Node
2024-11-04 00:32:07,156 :: INFO :: Start experiment succeeded
2024-11-04 00:47:18,146 :: INFO :: Gateway Manager : Stop experiment
2024-11-04 00:47:18,152 :: INFO :: Stop experiment
2024-11-04 00:47:18,156 :: INFO :: Control node : stop of the experiment
2024-11-04 00:47:18,160 :: INFO :: Control node : profile configuration
2024-11-04 00:47:18,164 :: INFO :: Configure profile on Control Node
2024-11-04 00:47:18,211 :: INFO :: Control node : start power of open node
2024-11-04 00:47:18,243 :: INFO :: Node OpenOCD: teardown of openocd node
2024-11-04 00:47:21,259 :: INFO :: openocd node debugger stop
2024-11-04 00:47:21,880 :: INFO :: Node OpenOCD: flash of openocd node
2024-11-04 00:47:21,884 :: INFO :: Flash firmware on OpenOCD: /usr/lib/python3.8/site-packages/gateway_code/static/m3_idle.elf
2024-11-04 00:47:24,025 :: INFO :: Control node : Stop control node serial interface
2024-11-04 00:47:24,029 :: INFO :: Control node : stop power of open node
2024-11-04 00:47:24,071 :: INFO :: Control node : reset
2024-11-04 00:47:24,075 :: INFO :: Reset Control Node
2024-11-04 00:47:26,838 :: INFO :: Stop experiment succeeded
