2024-11-04 00:31:54,185 :: INFO :: Start experiment: perezram-407557
2024-11-04 00:31:54,189 :: INFO :: Control node : Starting of control node serial interface
2024-11-04 00:31:54,192 :: INFO :: Control node : reset
2024-11-04 00:31:54,195 :: INFO :: Reset Control Node
2024-11-04 00:31:56,989 :: INFO :: Control node : start power of open node
2024-11-04 00:31:57,015 :: INFO :: Node OpenOCD: Setup of openocd node
2024-11-04 00:32:00,029 :: INFO :: Node OpenOCD: flash of openocd node
2024-11-04 00:32:00,034 :: INFO :: Flash firmware on OpenOCD: /tmp/tmpiwnit1fy--5beeb7e95392731f2752dd0708f8d959_get-mac.iotlab
2024-11-04 00:32:07,477 :: INFO :: Control node : Start experiment
2024-11-04 00:32:07,542 :: INFO :: Control Node set time delay: 12491 us
2024-11-04 00:32:07,574 :: INFO :: Control node : profile configuration
2024-11-04 00:32:07,578 :: INFO :: Configure profile on Control Node
2024-11-04 00:32:07,644 :: INFO :: Start experiment succeeded
2024-11-04 00:47:18,074 :: INFO :: Gateway Manager : Stop experiment
2024-11-04 00:47:18,079 :: INFO :: Stop experiment
2024-11-04 00:47:18,083 :: INFO :: Control node : stop of the experiment
2024-11-04 00:47:18,088 :: INFO :: Control node : profile configuration
2024-11-04 00:47:18,091 :: INFO :: Configure profile on Control Node
2024-11-04 00:47:18,147 :: INFO :: Control node : start power of open node
2024-11-04 00:47:18,179 :: INFO :: Node OpenOCD: teardown of openocd node
2024-11-04 00:47:21,196 :: INFO :: openocd node debugger stop
2024-11-04 00:47:21,817 :: INFO :: Node OpenOCD: flash of openocd node
2024-11-04 00:47:21,821 :: INFO :: Flash firmware on OpenOCD: /usr/lib/python3.8/site-packages/gateway_code/static/m3_idle.elf
2024-11-04 00:47:23,964 :: INFO :: Control node : Stop control node serial interface
2024-11-04 00:47:23,969 :: INFO :: Control node : stop power of open node
2024-11-04 00:47:24,007 :: INFO :: Control node : reset
2024-11-04 00:47:24,010 :: INFO :: Reset Control Node
2024-11-04 00:47:26,773 :: INFO :: Stop experiment succeeded
