2024-11-04 00:31:53,396 :: INFO :: Start experiment: perezram-407557
2024-11-04 00:31:53,400 :: INFO :: Control node : Starting of control node serial interface
2024-11-04 00:31:53,403 :: INFO :: Control node : reset
2024-11-04 00:31:53,406 :: INFO :: Reset Control Node
2024-11-04 00:31:56,206 :: INFO :: Control node : start power of open node
2024-11-04 00:31:56,224 :: INFO :: Node OpenOCD: Setup of openocd node
2024-11-04 00:31:59,238 :: INFO :: Node OpenOCD: flash of openocd node
2024-11-04 00:31:59,243 :: INFO :: Flash firmware on OpenOCD: /tmp/tmpzzuelepw--5beeb7e95392731f2752dd0708f8d959_get-mac.iotlab
2024-11-04 00:32:06,785 :: INFO :: Control node : Start experiment
2024-11-04 00:32:06,852 :: INFO :: Control Node set time delay: 3561 us
2024-11-04 00:32:06,888 :: INFO :: Control node : profile configuration
2024-11-04 00:32:06,891 :: INFO :: Configure profile on Control Node
2024-11-04 00:32:06,949 :: INFO :: Start experiment succeeded
2024-11-04 00:47:18,072 :: INFO :: Gateway Manager : Stop experiment
2024-11-04 00:47:18,078 :: INFO :: Stop experiment
2024-11-04 00:47:18,082 :: INFO :: Control node : stop of the experiment
2024-11-04 00:47:18,087 :: INFO :: Control node : profile configuration
2024-11-04 00:47:18,090 :: INFO :: Configure profile on Control Node
2024-11-04 00:47:18,145 :: INFO :: Control node : start power of open node
2024-11-04 00:47:18,178 :: INFO :: Node OpenOCD: teardown of openocd node
2024-11-04 00:47:21,199 :: INFO :: openocd node debugger stop
2024-11-04 00:47:21,724 :: INFO :: Node OpenOCD: flash of openocd node
2024-11-04 00:47:21,728 :: INFO :: Flash firmware on OpenOCD: /usr/lib/python3.8/site-packages/gateway_code/static/m3_idle.elf
2024-11-04 00:47:23,869 :: INFO :: Control node : Stop control node serial interface
2024-11-04 00:47:23,874 :: INFO :: Control node : stop power of open node
2024-11-04 00:47:23,909 :: INFO :: Control node : reset
2024-11-04 00:47:23,913 :: INFO :: Reset Control Node
2024-11-04 00:47:26,674 :: INFO :: Stop experiment succeeded
