2024-11-04 00:31:53,651 :: INFO :: Start experiment: perezram-407557
2024-11-04 00:31:53,655 :: INFO :: Control node : Starting of control node serial interface
2024-11-04 00:31:53,658 :: INFO :: Control node : reset
2024-11-04 00:31:53,661 :: INFO :: Reset Control Node
2024-11-04 00:31:56,448 :: INFO :: Control node : start power of open node
2024-11-04 00:31:56,466 :: INFO :: Node OpenOCD: Setup of openocd node
2024-11-04 00:31:59,480 :: INFO :: Node OpenOCD: flash of openocd node
2024-11-04 00:31:59,485 :: INFO :: Flash firmware on OpenOCD: /tmp/tmpjvwom_xy--5beeb7e95392731f2752dd0708f8d959_get-mac.iotlab
2024-11-04 00:32:06,979 :: INFO :: Control node : Start experiment
2024-11-04 00:32:07,041 :: INFO :: Control Node set time delay: 6320 us
2024-11-04 00:32:07,073 :: INFO :: Control node : profile configuration
2024-11-04 00:32:07,086 :: INFO :: Configure profile on Control Node
2024-11-04 00:32:07,142 :: INFO :: Start experiment succeeded
2024-11-04 00:47:18,123 :: INFO :: Gateway Manager : Stop experiment
2024-11-04 00:47:18,128 :: INFO :: Stop experiment
2024-11-04 00:47:18,132 :: INFO :: Control node : stop of the experiment
2024-11-04 00:47:18,137 :: INFO :: Control node : profile configuration
2024-11-04 00:47:18,140 :: INFO :: Configure profile on Control Node
2024-11-04 00:47:18,188 :: INFO :: Control node : start power of open node
2024-11-04 00:47:18,220 :: INFO :: Node OpenOCD: teardown of openocd node
2024-11-04 00:47:21,236 :: INFO :: openocd node debugger stop
2024-11-04 00:47:21,857 :: INFO :: Node OpenOCD: flash of openocd node
2024-11-04 00:47:21,861 :: INFO :: Flash firmware on OpenOCD: /usr/lib/python3.8/site-packages/gateway_code/static/m3_idle.elf
2024-11-04 00:47:24,003 :: INFO :: Control node : Stop control node serial interface
2024-11-04 00:47:24,008 :: INFO :: Control node : stop power of open node
2024-11-04 00:47:24,048 :: INFO :: Control node : reset
2024-11-04 00:47:24,051 :: INFO :: Reset Control Node
2024-11-04 00:47:26,795 :: INFO :: Stop experiment succeeded
