2024-11-04 00:31:53,396 :: INFO :: Start experiment: perezram-407557
2024-11-04 00:31:53,400 :: INFO :: Control node : Starting of control node serial interface
2024-11-04 00:31:53,403 :: INFO :: Control node : reset
2024-11-04 00:31:53,406 :: INFO :: Reset Control Node
2024-11-04 00:31:56,196 :: INFO :: Control node : start power of open node
2024-11-04 00:31:56,222 :: INFO :: Node OpenOCD: Setup of openocd node
2024-11-04 00:31:59,237 :: INFO :: Node OpenOCD: flash of openocd node
2024-11-04 00:31:59,242 :: INFO :: Flash firmware on OpenOCD: /tmp/tmpslxrjht2--5beeb7e95392731f2752dd0708f8d959_get-mac.iotlab
2024-11-04 00:32:06,786 :: INFO :: Control node : Start experiment
2024-11-04 00:32:06,849 :: INFO :: Control Node set time delay: 6136 us
2024-11-04 00:32:06,878 :: INFO :: Control node : profile configuration
2024-11-04 00:32:06,882 :: INFO :: Configure profile on Control Node
2024-11-04 00:32:06,949 :: INFO :: Start experiment succeeded
2024-11-04 00:47:18,124 :: INFO :: Gateway Manager : Stop experiment
2024-11-04 00:47:18,129 :: INFO :: Stop experiment
2024-11-04 00:47:18,133 :: INFO :: Control node : stop of the experiment
2024-11-04 00:47:18,138 :: INFO :: Control node : profile configuration
2024-11-04 00:47:18,141 :: INFO :: Configure profile on Control Node
2024-11-04 00:47:18,191 :: INFO :: Control node : start power of open node
2024-11-04 00:47:18,223 :: INFO :: Node OpenOCD: teardown of openocd node
2024-11-04 00:47:21,239 :: INFO :: openocd node debugger stop
2024-11-04 00:47:21,764 :: INFO :: Node OpenOCD: flash of openocd node
2024-11-04 00:47:21,767 :: INFO :: Flash firmware on OpenOCD: /usr/lib/python3.8/site-packages/gateway_code/static/m3_idle.elf
2024-11-04 00:47:23,909 :: INFO :: Control node : Stop control node serial interface
2024-11-04 00:47:23,914 :: INFO :: Control node : stop power of open node
2024-11-04 00:47:23,954 :: INFO :: Control node : reset
2024-11-04 00:47:23,958 :: INFO :: Reset Control Node
2024-11-04 00:47:26,698 :: INFO :: Stop experiment succeeded
