2024-11-04 00:31:53,659 :: INFO :: Start experiment: perezram-407557
2024-11-04 00:31:53,663 :: INFO :: Control node : Starting of control node serial interface
2024-11-04 00:31:53,666 :: INFO :: Control node : reset
2024-11-04 00:31:53,669 :: INFO :: Reset Control Node
2024-11-04 00:31:56,473 :: INFO :: Control node : start power of open node
2024-11-04 00:31:56,491 :: INFO :: Node OpenOCD: Setup of openocd node
2024-11-04 00:31:59,505 :: INFO :: Node OpenOCD: flash of openocd node
2024-11-04 00:31:59,510 :: INFO :: Flash firmware on OpenOCD: /tmp/tmpbavnj3ni--5beeb7e95392731f2752dd0708f8d959_get-mac.iotlab
2024-11-04 00:32:07,002 :: INFO :: Control node : Start experiment
2024-11-04 00:32:07,082 :: INFO :: Control Node set time delay: 5303 us
2024-11-04 00:32:07,110 :: INFO :: Control node : profile configuration
2024-11-04 00:32:07,113 :: INFO :: Configure profile on Control Node
2024-11-04 00:32:07,168 :: INFO :: Start experiment succeeded
2024-11-04 00:47:18,211 :: INFO :: Gateway Manager : Stop experiment
2024-11-04 00:47:18,217 :: INFO :: Stop experiment
2024-11-04 00:47:18,221 :: INFO :: Control node : stop of the experiment
2024-11-04 00:47:18,225 :: INFO :: Control node : profile configuration
2024-11-04 00:47:18,229 :: INFO :: Configure profile on Control Node
2024-11-04 00:47:18,284 :: INFO :: Control node : start power of open node
2024-11-04 00:47:18,316 :: INFO :: Node OpenOCD: teardown of openocd node
2024-11-04 00:47:21,332 :: INFO :: openocd node debugger stop
2024-11-04 00:47:21,858 :: INFO :: Node OpenOCD: flash of openocd node
2024-11-04 00:47:21,861 :: INFO :: Flash firmware on OpenOCD: /usr/lib/python3.8/site-packages/gateway_code/static/m3_idle.elf
2024-11-04 00:47:24,002 :: INFO :: Control node : Stop control node serial interface
2024-11-04 00:47:24,007 :: INFO :: Control node : stop power of open node
2024-11-04 00:47:24,047 :: INFO :: Control node : reset
2024-11-04 00:47:24,051 :: INFO :: Reset Control Node
2024-11-04 00:47:26,798 :: INFO :: Stop experiment succeeded
