2024-11-04 00:31:54,204 :: INFO :: Start experiment: perezram-407557
2024-11-04 00:31:54,207 :: INFO :: Control node : Starting of control node serial interface
2024-11-04 00:31:54,211 :: INFO :: Control node : reset
2024-11-04 00:31:54,214 :: INFO :: Reset Control Node
2024-11-04 00:31:57,008 :: INFO :: Control node : start power of open node
2024-11-04 00:31:57,027 :: INFO :: Node OpenOCD: Setup of openocd node
2024-11-04 00:32:00,041 :: INFO :: Node OpenOCD: flash of openocd node
2024-11-04 00:32:00,046 :: INFO :: Flash firmware on OpenOCD: /tmp/tmpvatgzs13--5beeb7e95392731f2752dd0708f8d959_get-mac.iotlab
2024-11-04 00:32:07,539 :: INFO :: Control node : Start experiment
2024-11-04 00:32:07,607 :: INFO :: Control Node set time delay: 6563 us
2024-11-04 00:32:07,634 :: INFO :: Control node : profile configuration
2024-11-04 00:32:07,638 :: INFO :: Configure profile on Control Node
2024-11-04 00:32:07,703 :: INFO :: Start experiment succeeded
2024-11-04 00:47:18,210 :: INFO :: Gateway Manager : Stop experiment
2024-11-04 00:47:18,215 :: INFO :: Stop experiment
2024-11-04 00:47:18,219 :: INFO :: Control node : stop of the experiment
2024-11-04 00:47:18,224 :: INFO :: Control node : profile configuration
2024-11-04 00:47:18,227 :: INFO :: Configure profile on Control Node
2024-11-04 00:47:18,278 :: INFO :: Control node : start power of open node
2024-11-04 00:47:18,310 :: INFO :: Node OpenOCD: teardown of openocd node
2024-11-04 00:47:21,326 :: INFO :: openocd node debugger stop
2024-11-04 00:47:21,947 :: INFO :: Node OpenOCD: flash of openocd node
2024-11-04 00:47:21,951 :: INFO :: Flash firmware on OpenOCD: /usr/lib/python3.8/site-packages/gateway_code/static/m3_idle.elf
2024-11-04 00:47:24,091 :: INFO :: Control node : Stop control node serial interface
2024-11-04 00:47:24,096 :: INFO :: Control node : stop power of open node
2024-11-04 00:47:24,138 :: INFO :: Control node : reset
2024-11-04 00:47:24,141 :: INFO :: Reset Control Node
2024-11-04 00:47:26,880 :: INFO :: Stop experiment succeeded
