2024-11-04 00:31:53,422 :: INFO :: Start experiment: perezram-407557
2024-11-04 00:31:53,426 :: INFO :: Control node : Starting of control node serial interface
2024-11-04 00:31:53,435 :: INFO :: Control node : reset
2024-11-04 00:31:53,438 :: INFO :: Reset Control Node
2024-11-04 00:31:56,224 :: INFO :: Control node : start power of open node
2024-11-04 00:31:56,243 :: INFO :: Node OpenOCD: Setup of openocd node
2024-11-04 00:31:59,257 :: INFO :: Node OpenOCD: flash of openocd node
2024-11-04 00:31:59,262 :: INFO :: Flash firmware on OpenOCD: /tmp/tmpv5k3h69o--5beeb7e95392731f2752dd0708f8d959_get-mac.iotlab
2024-11-04 00:32:06,757 :: INFO :: Control node : Start experiment
2024-11-04 00:32:06,817 :: INFO :: Control Node set time delay: 6889 us
2024-11-04 00:32:06,840 :: INFO :: Control node : profile configuration
2024-11-04 00:32:06,852 :: INFO :: Configure profile on Control Node
2024-11-04 00:32:06,919 :: INFO :: Start experiment succeeded
2024-11-04 00:47:18,151 :: INFO :: Gateway Manager : Stop experiment
2024-11-04 00:47:18,157 :: INFO :: Stop experiment
2024-11-04 00:47:18,161 :: INFO :: Control node : stop of the experiment
2024-11-04 00:47:18,165 :: INFO :: Control node : profile configuration
2024-11-04 00:47:18,169 :: INFO :: Configure profile on Control Node
2024-11-04 00:47:18,224 :: INFO :: Control node : start power of open node
2024-11-04 00:47:18,257 :: INFO :: Node OpenOCD: teardown of openocd node
2024-11-04 00:47:21,286 :: INFO :: openocd node debugger stop
2024-11-04 00:47:21,907 :: INFO :: Node OpenOCD: flash of openocd node
2024-11-04 00:47:21,911 :: INFO :: Flash firmware on OpenOCD: /usr/lib/python3.8/site-packages/gateway_code/static/m3_idle.elf
2024-11-04 00:47:24,051 :: INFO :: Control node : Stop control node serial interface
2024-11-04 00:47:24,056 :: INFO :: Control node : stop power of open node
2024-11-04 00:47:24,099 :: INFO :: Control node : reset
2024-11-04 00:47:24,103 :: INFO :: Reset Control Node
2024-11-04 00:47:26,860 :: INFO :: Stop experiment succeeded
