2024-11-04 00:31:53,404 :: INFO :: Start experiment: perezram-407557
2024-11-04 00:31:53,408 :: INFO :: Control node : Starting of control node serial interface
2024-11-04 00:31:53,416 :: INFO :: Control node : reset
2024-11-04 00:31:53,419 :: INFO :: Reset Control Node
2024-11-04 00:31:56,209 :: INFO :: Control node : start power of open node
2024-11-04 00:31:56,226 :: INFO :: Node OpenOCD: Setup of openocd node
2024-11-04 00:31:59,241 :: INFO :: Node OpenOCD: flash of openocd node
2024-11-04 00:31:59,246 :: INFO :: Flash firmware on OpenOCD: /tmp/tmp7z9n4onz--5beeb7e95392731f2752dd0708f8d959_get-mac.iotlab
2024-11-04 00:32:07,041 :: INFO :: Control node : Start experiment
2024-11-04 00:32:07,137 :: INFO :: Control Node set time delay: 12775 us
2024-11-04 00:32:07,153 :: INFO :: Control node : profile configuration
2024-11-04 00:32:07,157 :: INFO :: Configure profile on Control Node
2024-11-04 00:32:07,207 :: INFO :: Start experiment succeeded
2024-11-04 00:47:18,073 :: INFO :: Gateway Manager : Stop experiment
2024-11-04 00:47:18,079 :: INFO :: Stop experiment
2024-11-04 00:47:18,083 :: INFO :: Control node : stop of the experiment
2024-11-04 00:47:18,087 :: INFO :: Control node : profile configuration
2024-11-04 00:47:18,091 :: INFO :: Configure profile on Control Node
2024-11-04 00:47:18,142 :: INFO :: Control node : start power of open node
2024-11-04 00:47:18,174 :: INFO :: Node OpenOCD: teardown of openocd node
2024-11-04 00:47:21,190 :: INFO :: openocd node debugger stop
2024-11-04 00:47:21,812 :: INFO :: Node OpenOCD: flash of openocd node
2024-11-04 00:47:21,815 :: INFO :: Flash firmware on OpenOCD: /usr/lib/python3.8/site-packages/gateway_code/static/m3_idle.elf
2024-11-04 00:47:23,956 :: INFO :: Control node : Stop control node serial interface
2024-11-04 00:47:23,961 :: INFO :: Control node : stop power of open node
2024-11-04 00:47:24,001 :: INFO :: Control node : reset
2024-11-04 00:47:24,005 :: INFO :: Reset Control Node
2024-11-04 00:47:26,769 :: INFO :: Stop experiment succeeded
