2024-11-04 00:31:53,344 :: INFO :: Start experiment: perezram-407557
2024-11-04 00:31:53,347 :: INFO :: Control node : Starting of control node serial interface
2024-11-04 00:31:53,356 :: INFO :: Control node : reset
2024-11-04 00:31:53,359 :: INFO :: Reset Control Node
2024-11-04 00:31:56,151 :: INFO :: Control node : start power of open node
2024-11-04 00:31:56,167 :: INFO :: Node OpenOCD: Setup of openocd node
2024-11-04 00:31:59,182 :: INFO :: Node OpenOCD: flash of openocd node
2024-11-04 00:31:59,187 :: INFO :: Flash firmware on OpenOCD: /tmp/tmpqgku475j--5beeb7e95392731f2752dd0708f8d959_get-mac.iotlab
2024-11-04 00:32:06,680 :: INFO :: Control node : Start experiment
2024-11-04 00:32:06,744 :: INFO :: Control Node set time delay: 3877 us
2024-11-04 00:32:06,775 :: INFO :: Control node : profile configuration
2024-11-04 00:32:06,778 :: INFO :: Configure profile on Control Node
2024-11-04 00:32:06,844 :: INFO :: Start experiment succeeded
2024-11-04 00:47:18,058 :: INFO :: Gateway Manager : Stop experiment
2024-11-04 00:47:18,064 :: INFO :: Stop experiment
2024-11-04 00:47:18,068 :: INFO :: Control node : stop of the experiment
2024-11-04 00:47:18,072 :: INFO :: Control node : profile configuration
2024-11-04 00:47:18,075 :: INFO :: Configure profile on Control Node
2024-11-04 00:47:18,133 :: INFO :: Control node : start power of open node
2024-11-04 00:47:18,165 :: INFO :: Node OpenOCD: teardown of openocd node
2024-11-04 00:47:21,183 :: INFO :: openocd node debugger stop
2024-11-04 00:47:21,804 :: INFO :: Node OpenOCD: flash of openocd node
2024-11-04 00:47:21,808 :: INFO :: Flash firmware on OpenOCD: /usr/lib/python3.8/site-packages/gateway_code/static/m3_idle.elf
2024-11-04 00:47:23,949 :: INFO :: Control node : Stop control node serial interface
2024-11-04 00:47:23,954 :: INFO :: Control node : stop power of open node
2024-11-04 00:47:23,993 :: INFO :: Control node : reset
2024-11-04 00:47:23,997 :: INFO :: Reset Control Node
2024-11-04 00:47:26,753 :: INFO :: Stop experiment succeeded
