2024-11-04 17:58:59,864 :: INFO :: Start experiment: perezram-407646
2024-11-04 17:58:59,868 :: INFO :: Control node : Starting of control node serial interface
2024-11-04 17:58:59,871 :: INFO :: Control node : reset
2024-11-04 17:58:59,874 :: INFO :: Reset Control Node
2024-11-04 17:59:02,665 :: INFO :: Control node : start power of open node
2024-11-04 17:59:02,682 :: INFO :: Node OpenOCD: Setup of openocd node
2024-11-04 17:59:05,698 :: INFO :: Node OpenOCD: flash of openocd node
2024-11-04 17:59:05,703 :: INFO :: Flash firmware on OpenOCD: /usr/lib/python3.8/site-packages/gateway_code/static/m3_idle.elf
2024-11-04 17:59:07,849 :: INFO :: Control node : Start experiment
2024-11-04 17:59:07,919 :: INFO :: Control Node set time delay: 11831 us
2024-11-04 17:59:07,947 :: INFO :: Control node : profile configuration
2024-11-04 17:59:07,950 :: INFO :: Configure profile on Control Node
2024-11-04 17:59:08,015 :: INFO :: Start experiment succeeded
2024-11-04 18:00:34,642 :: INFO :: Gateway Manager : Flash of node
2024-11-04 18:00:34,647 :: INFO :: Flash firmware on open node: /tmp/tmpsv0bu7n4--firmware698364144887989659-udp-client.iotlab
2024-11-04 18:00:34,691 :: INFO :: Node OpenOCD: flash of openocd node
2024-11-04 18:00:34,695 :: INFO :: Flash firmware on OpenOCD: /tmp/tmpsv0bu7n4--firmware698364144887989659-udp-client.iotlab
2024-11-04 18:29:17,535 :: INFO :: Gateway Manager : Stop experiment
2024-11-04 18:29:17,540 :: INFO :: Stop experiment
2024-11-04 18:29:17,545 :: INFO :: Control node : stop of the experiment
2024-11-04 18:29:17,550 :: INFO :: Control node : profile configuration
2024-11-04 18:29:17,553 :: INFO :: Configure profile on Control Node
2024-11-04 18:29:17,597 :: INFO :: Control node : start power of open node
2024-11-04 18:29:17,629 :: INFO :: Node OpenOCD: teardown of openocd node
2024-11-04 18:29:20,650 :: INFO :: openocd node debugger stop
2024-11-04 18:29:21,272 :: INFO :: Node OpenOCD: flash of openocd node
2024-11-04 18:29:21,276 :: INFO :: Flash firmware on OpenOCD: /usr/lib/python3.8/site-packages/gateway_code/static/m3_idle.elf
2024-11-04 18:29:23,417 :: INFO :: Control node : Stop control node serial interface
2024-11-04 18:29:23,421 :: INFO :: Control node : stop power of open node
2024-11-04 18:29:23,457 :: INFO :: Control node : reset
2024-11-04 18:29:23,460 :: INFO :: Reset Control Node
2024-11-04 18:29:26,213 :: INFO :: Stop experiment succeeded
