2024-11-04 17:58:59,457 :: INFO :: Start experiment: perezram-407646
2024-11-04 17:58:59,461 :: INFO :: Control node : Starting of control node serial interface
2024-11-04 17:58:59,464 :: INFO :: Control node : reset
2024-11-04 17:58:59,467 :: INFO :: Reset Control Node
2024-11-04 17:59:02,259 :: INFO :: Control node : start power of open node
2024-11-04 17:59:02,276 :: INFO :: Node OpenOCD: Setup of openocd node
2024-11-04 17:59:05,290 :: INFO :: Node OpenOCD: flash of openocd node
2024-11-04 17:59:05,295 :: INFO :: Flash firmware on OpenOCD: /usr/lib/python3.8/site-packages/gateway_code/static/m3_idle.elf
2024-11-04 17:59:07,443 :: INFO :: Control node : Start experiment
2024-11-04 17:59:07,507 :: INFO :: Control Node set time delay: 3929 us
2024-11-04 17:59:07,540 :: INFO :: Control node : profile configuration
2024-11-04 17:59:07,543 :: INFO :: Configure profile on Control Node
2024-11-04 17:59:07,608 :: INFO :: Start experiment succeeded
2024-11-04 18:00:32,742 :: INFO :: Gateway Manager : Flash of node
2024-11-04 18:00:32,771 :: INFO :: Flash firmware on open node: /tmp/tmpknmb5l7m--firmware698364144887989659-udp-client.iotlab
2024-11-04 18:00:32,815 :: INFO :: Node OpenOCD: flash of openocd node
2024-11-04 18:00:32,819 :: INFO :: Flash firmware on OpenOCD: /tmp/tmpknmb5l7m--firmware698364144887989659-udp-client.iotlab
2024-11-04 18:29:17,266 :: INFO :: Gateway Manager : Stop experiment
2024-11-04 18:29:17,273 :: INFO :: Stop experiment
2024-11-04 18:29:17,278 :: INFO :: Control node : stop of the experiment
2024-11-04 18:29:17,285 :: INFO :: Control node : profile configuration
2024-11-04 18:29:17,288 :: INFO :: Configure profile on Control Node
2024-11-04 18:29:17,344 :: INFO :: Control node : start power of open node
2024-11-04 18:29:17,378 :: INFO :: Node OpenOCD: teardown of openocd node
2024-11-04 18:29:20,397 :: INFO :: openocd node debugger stop
2024-11-04 18:29:21,019 :: INFO :: Node OpenOCD: flash of openocd node
2024-11-04 18:29:21,022 :: INFO :: Flash firmware on OpenOCD: /usr/lib/python3.8/site-packages/gateway_code/static/m3_idle.elf
2024-11-04 18:29:23,165 :: INFO :: Control node : Stop control node serial interface
2024-11-04 18:29:23,169 :: INFO :: Control node : stop power of open node
2024-11-04 18:29:23,204 :: INFO :: Control node : reset
2024-11-04 18:29:23,208 :: INFO :: Reset Control Node
2024-11-04 18:29:25,953 :: INFO :: Stop experiment succeeded
