2024-11-04 17:58:59,876 :: INFO :: Start experiment: perezram-407646
2024-11-04 17:58:59,880 :: INFO :: Control node : Starting of control node serial interface
2024-11-04 17:58:59,883 :: INFO :: Control node : reset
2024-11-04 17:58:59,886 :: INFO :: Reset Control Node
2024-11-04 17:59:02,691 :: INFO :: Control node : start power of open node
2024-11-04 17:59:02,709 :: INFO :: Node OpenOCD: Setup of openocd node
2024-11-04 17:59:05,724 :: INFO :: Node OpenOCD: flash of openocd node
2024-11-04 17:59:05,729 :: INFO :: Flash firmware on OpenOCD: /usr/lib/python3.8/site-packages/gateway_code/static/m3_idle.elf
2024-11-04 17:59:07,875 :: INFO :: Control node : Start experiment
2024-11-04 17:59:07,943 :: INFO :: Control Node set time delay: 8923 us
2024-11-04 17:59:07,973 :: INFO :: Control node : profile configuration
2024-11-04 17:59:07,976 :: INFO :: Configure profile on Control Node
2024-11-04 17:59:08,042 :: INFO :: Start experiment succeeded
2024-11-04 18:00:34,145 :: INFO :: Gateway Manager : Flash of node
2024-11-04 18:00:34,150 :: INFO :: Flash firmware on open node: /tmp/tmp49fu4ipn--firmware698364144887989659-udp-client.iotlab
2024-11-04 18:00:34,190 :: INFO :: Node OpenOCD: flash of openocd node
2024-11-04 18:00:34,193 :: INFO :: Flash firmware on OpenOCD: /tmp/tmp49fu4ipn--firmware698364144887989659-udp-client.iotlab
2024-11-04 18:29:17,546 :: INFO :: Gateway Manager : Stop experiment
2024-11-04 18:29:17,551 :: INFO :: Stop experiment
2024-11-04 18:29:17,555 :: INFO :: Control node : stop of the experiment
2024-11-04 18:29:17,560 :: INFO :: Control node : profile configuration
2024-11-04 18:29:17,563 :: INFO :: Configure profile on Control Node
2024-11-04 18:29:17,617 :: INFO :: Control node : start power of open node
2024-11-04 18:29:17,649 :: INFO :: Node OpenOCD: teardown of openocd node
2024-11-04 18:29:20,665 :: INFO :: openocd node debugger stop
2024-11-04 18:29:21,190 :: INFO :: Node OpenOCD: flash of openocd node
2024-11-04 18:29:21,193 :: INFO :: Flash firmware on OpenOCD: /usr/lib/python3.8/site-packages/gateway_code/static/m3_idle.elf
2024-11-04 18:29:23,334 :: INFO :: Control node : Stop control node serial interface
2024-11-04 18:29:23,339 :: INFO :: Control node : stop power of open node
2024-11-04 18:29:23,381 :: INFO :: Control node : reset
2024-11-04 18:29:23,384 :: INFO :: Reset Control Node
2024-11-04 18:29:26,160 :: INFO :: Stop experiment succeeded
