2024-11-04 17:58:59,755 :: INFO :: Start experiment: perezram-407646
2024-11-04 17:58:59,758 :: INFO :: Control node : Starting of control node serial interface
2024-11-04 17:58:59,761 :: INFO :: Control node : reset
2024-11-04 17:58:59,764 :: INFO :: Reset Control Node
2024-11-04 17:59:02,585 :: INFO :: Control node : start power of open node
2024-11-04 17:59:02,603 :: INFO :: Node OpenOCD: Setup of openocd node
2024-11-04 17:59:05,617 :: INFO :: Node OpenOCD: flash of openocd node
2024-11-04 17:59:05,622 :: INFO :: Flash firmware on OpenOCD: /usr/lib/python3.8/site-packages/gateway_code/static/m3_idle.elf
2024-11-04 17:59:07,768 :: INFO :: Control node : Start experiment
2024-11-04 17:59:07,839 :: INFO :: Control Node set time delay: 10262 us
2024-11-04 17:59:07,867 :: INFO :: Control node : profile configuration
2024-11-04 17:59:07,870 :: INFO :: Configure profile on Control Node
2024-11-04 17:59:07,936 :: INFO :: Start experiment succeeded
2024-11-04 18:00:34,491 :: INFO :: Gateway Manager : Flash of node
2024-11-04 18:00:34,496 :: INFO :: Flash firmware on open node: /tmp/tmp7dty71ph--firmware698364144887989659-udp-client.iotlab
2024-11-04 18:00:34,535 :: INFO :: Node OpenOCD: flash of openocd node
2024-11-04 18:00:34,538 :: INFO :: Flash firmware on OpenOCD: /tmp/tmp7dty71ph--firmware698364144887989659-udp-client.iotlab
2024-11-04 18:29:17,519 :: INFO :: Gateway Manager : Stop experiment
2024-11-04 18:29:17,526 :: INFO :: Stop experiment
2024-11-04 18:29:17,530 :: INFO :: Control node : stop of the experiment
2024-11-04 18:29:17,535 :: INFO :: Control node : profile configuration
2024-11-04 18:29:17,538 :: INFO :: Configure profile on Control Node
2024-11-04 18:29:17,590 :: INFO :: Control node : start power of open node
2024-11-04 18:29:17,622 :: INFO :: Node OpenOCD: teardown of openocd node
2024-11-04 18:29:20,648 :: INFO :: openocd node debugger stop
2024-11-04 18:29:21,173 :: INFO :: Node OpenOCD: flash of openocd node
2024-11-04 18:29:21,176 :: INFO :: Flash firmware on OpenOCD: /usr/lib/python3.8/site-packages/gateway_code/static/m3_idle.elf
2024-11-04 18:29:23,318 :: INFO :: Control node : Stop control node serial interface
2024-11-04 18:29:23,323 :: INFO :: Control node : stop power of open node
2024-11-04 18:29:23,369 :: INFO :: Control node : reset
2024-11-04 18:29:23,373 :: INFO :: Reset Control Node
2024-11-04 18:29:26,120 :: INFO :: Stop experiment succeeded
