2024-11-04 17:58:59,876 :: INFO :: Start experiment: perezram-407646
2024-11-04 17:58:59,880 :: INFO :: Control node : Starting of control node serial interface
2024-11-04 17:58:59,883 :: INFO :: Control node : reset
2024-11-04 17:58:59,886 :: INFO :: Reset Control Node
2024-11-04 17:59:02,687 :: INFO :: Control node : start power of open node
2024-11-04 17:59:02,706 :: INFO :: Node OpenOCD: Setup of openocd node
2024-11-04 17:59:05,721 :: INFO :: Node OpenOCD: flash of openocd node
2024-11-04 17:59:05,726 :: INFO :: Flash firmware on OpenOCD: /usr/lib/python3.8/site-packages/gateway_code/static/m3_idle.elf
2024-11-04 17:59:07,873 :: INFO :: Control node : Start experiment
2024-11-04 17:59:07,936 :: INFO :: Control Node set time delay: 5297 us
2024-11-04 17:59:07,969 :: INFO :: Control node : profile configuration
2024-11-04 17:59:07,972 :: INFO :: Configure profile on Control Node
2024-11-04 17:59:08,037 :: INFO :: Start experiment succeeded
2024-11-04 18:00:34,591 :: INFO :: Gateway Manager : Flash of node
2024-11-04 18:00:34,596 :: INFO :: Flash firmware on open node: /tmp/tmp_rkgj9xp--firmware698364144887989659-udp-client.iotlab
2024-11-04 18:00:34,636 :: INFO :: Node OpenOCD: flash of openocd node
2024-11-04 18:00:34,640 :: INFO :: Flash firmware on OpenOCD: /tmp/tmp_rkgj9xp--firmware698364144887989659-udp-client.iotlab
2024-11-04 18:29:17,546 :: INFO :: Gateway Manager : Stop experiment
2024-11-04 18:29:17,552 :: INFO :: Stop experiment
2024-11-04 18:29:17,556 :: INFO :: Control node : stop of the experiment
2024-11-04 18:29:17,561 :: INFO :: Control node : profile configuration
2024-11-04 18:29:17,564 :: INFO :: Configure profile on Control Node
2024-11-04 18:29:17,617 :: INFO :: Control node : start power of open node
2024-11-04 18:29:17,649 :: INFO :: Node OpenOCD: teardown of openocd node
2024-11-04 18:29:20,666 :: INFO :: openocd node debugger stop
2024-11-04 18:29:21,287 :: INFO :: Node OpenOCD: flash of openocd node
2024-11-04 18:29:21,291 :: INFO :: Flash firmware on OpenOCD: /usr/lib/python3.8/site-packages/gateway_code/static/m3_idle.elf
2024-11-04 18:29:23,434 :: INFO :: Control node : Stop control node serial interface
2024-11-04 18:29:23,439 :: INFO :: Control node : stop power of open node
2024-11-04 18:29:23,477 :: INFO :: Control node : reset
2024-11-04 18:29:23,481 :: INFO :: Reset Control Node
2024-11-04 18:29:26,246 :: INFO :: Stop experiment succeeded
