2024-11-04 17:58:59,675 :: INFO :: Start experiment: perezram-407646
2024-11-04 17:58:59,679 :: INFO :: Control node : Starting of control node serial interface
2024-11-04 17:58:59,682 :: INFO :: Control node : reset
2024-11-04 17:58:59,685 :: INFO :: Reset Control Node
2024-11-04 17:59:02,593 :: INFO :: Control node : start power of open node
2024-11-04 17:59:02,609 :: INFO :: Node OpenOCD: Setup of openocd node
2024-11-04 17:59:05,623 :: INFO :: Node OpenOCD: flash of openocd node
2024-11-04 17:59:05,628 :: INFO :: Flash firmware on OpenOCD: /usr/lib/python3.8/site-packages/gateway_code/static/m3_idle.elf
2024-11-04 17:59:07,774 :: INFO :: Control node : Start experiment
2024-11-04 17:59:07,846 :: INFO :: Control Node set time delay: 6784 us
2024-11-04 17:59:07,873 :: INFO :: Control node : profile configuration
2024-11-04 17:59:07,876 :: INFO :: Configure profile on Control Node
2024-11-04 17:59:07,942 :: INFO :: Start experiment succeeded
2024-11-04 18:00:34,169 :: INFO :: Gateway Manager : Flash of node
2024-11-04 18:00:34,174 :: INFO :: Flash firmware on open node: /tmp/tmpadw8lcq3--firmware698364144887989659-udp-client.iotlab
2024-11-04 18:00:34,213 :: INFO :: Node OpenOCD: flash of openocd node
2024-11-04 18:00:34,217 :: INFO :: Flash firmware on OpenOCD: /tmp/tmpadw8lcq3--firmware698364144887989659-udp-client.iotlab
2024-11-04 18:29:17,428 :: INFO :: Gateway Manager : Stop experiment
2024-11-04 18:29:17,433 :: INFO :: Stop experiment
2024-11-04 18:29:17,437 :: INFO :: Control node : stop of the experiment
2024-11-04 18:29:17,442 :: INFO :: Control node : profile configuration
2024-11-04 18:29:17,446 :: INFO :: Configure profile on Control Node
2024-11-04 18:29:17,498 :: INFO :: Control node : start power of open node
2024-11-04 18:29:17,531 :: INFO :: Node OpenOCD: teardown of openocd node
2024-11-04 18:29:20,551 :: INFO :: openocd node debugger stop
2024-11-04 18:29:21,173 :: INFO :: Node OpenOCD: flash of openocd node
2024-11-04 18:29:21,176 :: INFO :: Flash firmware on OpenOCD: /usr/lib/python3.8/site-packages/gateway_code/static/m3_idle.elf
2024-11-04 18:29:23,317 :: INFO :: Control node : Stop control node serial interface
2024-11-04 18:29:23,322 :: INFO :: Control node : stop power of open node
2024-11-04 18:29:23,357 :: INFO :: Control node : reset
2024-11-04 18:29:23,360 :: INFO :: Reset Control Node
2024-11-04 18:29:26,106 :: INFO :: Stop experiment succeeded
