2024-11-04 17:58:59,460 :: INFO :: Start experiment: perezram-407646
2024-11-04 17:58:59,464 :: INFO :: Control node : Starting of control node serial interface
2024-11-04 17:58:59,467 :: INFO :: Control node : reset
2024-11-04 17:58:59,470 :: INFO :: Reset Control Node
2024-11-04 17:59:02,271 :: INFO :: Control node : start power of open node
2024-11-04 17:59:02,290 :: INFO :: Node OpenOCD: Setup of openocd node
2024-11-04 17:59:05,304 :: INFO :: Node OpenOCD: flash of openocd node
2024-11-04 17:59:05,309 :: INFO :: Flash firmware on OpenOCD: /usr/lib/python3.8/site-packages/gateway_code/static/m3_idle.elf
2024-11-04 17:59:07,456 :: INFO :: Control node : Start experiment
2024-11-04 17:59:07,526 :: INFO :: Control Node set time delay: 7401 us
2024-11-04 17:59:07,554 :: INFO :: Control node : profile configuration
2024-11-04 17:59:07,557 :: INFO :: Configure profile on Control Node
2024-11-04 17:59:07,623 :: INFO :: Start experiment succeeded
2024-11-04 18:00:33,015 :: INFO :: Gateway Manager : Flash of node
2024-11-04 18:00:33,247 :: INFO :: Flash firmware on open node: /tmp/tmpwnfmm6fv--firmware698364144887989659-udp-client.iotlab
2024-11-04 18:00:33,287 :: INFO :: Node OpenOCD: flash of openocd node
2024-11-04 18:00:33,291 :: INFO :: Flash firmware on OpenOCD: /tmp/tmpwnfmm6fv--firmware698364144887989659-udp-client.iotlab
2024-11-04 18:29:17,271 :: INFO :: Gateway Manager : Stop experiment
2024-11-04 18:29:17,277 :: INFO :: Stop experiment
2024-11-04 18:29:17,283 :: INFO :: Control node : stop of the experiment
2024-11-04 18:29:17,290 :: INFO :: Control node : profile configuration
2024-11-04 18:29:17,295 :: INFO :: Configure profile on Control Node
2024-11-04 18:29:17,350 :: INFO :: Control node : start power of open node
2024-11-04 18:29:17,382 :: INFO :: Node OpenOCD: teardown of openocd node
2024-11-04 18:29:20,398 :: INFO :: openocd node debugger stop
2024-11-04 18:29:21,020 :: INFO :: Node OpenOCD: flash of openocd node
2024-11-04 18:29:21,023 :: INFO :: Flash firmware on OpenOCD: /usr/lib/python3.8/site-packages/gateway_code/static/m3_idle.elf
2024-11-04 18:29:23,165 :: INFO :: Control node : Stop control node serial interface
2024-11-04 18:29:23,170 :: INFO :: Control node : stop power of open node
2024-11-04 18:29:23,210 :: INFO :: Control node : reset
2024-11-04 18:29:23,214 :: INFO :: Reset Control Node
2024-11-04 18:29:25,958 :: INFO :: Stop experiment succeeded
