2024-11-04 17:58:59,876 :: INFO :: Start experiment: perezram-407646
2024-11-04 17:58:59,880 :: INFO :: Control node : Starting of control node serial interface
2024-11-04 17:58:59,883 :: INFO :: Control node : reset
2024-11-04 17:58:59,886 :: INFO :: Reset Control Node
2024-11-04 17:59:02,687 :: INFO :: Control node : start power of open node
2024-11-04 17:59:02,706 :: INFO :: Node OpenOCD: Setup of openocd node
2024-11-04 17:59:05,720 :: INFO :: Node OpenOCD: flash of openocd node
2024-11-04 17:59:05,725 :: INFO :: Flash firmware on OpenOCD: /usr/lib/python3.8/site-packages/gateway_code/static/m3_idle.elf
2024-11-04 17:59:07,871 :: INFO :: Control node : Start experiment
2024-11-04 17:59:07,936 :: INFO :: Control Node set time delay: 7142 us
2024-11-04 17:59:07,984 :: INFO :: Control node : profile configuration
2024-11-04 17:59:07,987 :: INFO :: Configure profile on Control Node
2024-11-04 17:59:08,037 :: INFO :: Start experiment succeeded
2024-11-04 18:00:34,627 :: INFO :: Gateway Manager : Flash of node
2024-11-04 18:00:34,632 :: INFO :: Flash firmware on open node: /tmp/tmp5gkyxzdt--firmware698364144887989659-udp-client.iotlab
2024-11-04 18:00:34,671 :: INFO :: Node OpenOCD: flash of openocd node
2024-11-04 18:00:34,675 :: INFO :: Flash firmware on OpenOCD: /tmp/tmp5gkyxzdt--firmware698364144887989659-udp-client.iotlab
2024-11-04 18:29:17,552 :: INFO :: Gateway Manager : Stop experiment
2024-11-04 18:29:17,557 :: INFO :: Stop experiment
2024-11-04 18:29:17,561 :: INFO :: Control node : stop of the experiment
2024-11-04 18:29:17,566 :: INFO :: Control node : profile configuration
2024-11-04 18:29:17,570 :: INFO :: Configure profile on Control Node
2024-11-04 18:29:17,622 :: INFO :: Control node : start power of open node
2024-11-04 18:29:17,654 :: INFO :: Node OpenOCD: teardown of openocd node
2024-11-04 18:29:20,669 :: INFO :: openocd node debugger stop
2024-11-04 18:29:21,291 :: INFO :: Node OpenOCD: flash of openocd node
2024-11-04 18:29:21,295 :: INFO :: Flash firmware on OpenOCD: /usr/lib/python3.8/site-packages/gateway_code/static/m3_idle.elf
2024-11-04 18:29:23,437 :: INFO :: Control node : Stop control node serial interface
2024-11-04 18:29:23,441 :: INFO :: Control node : stop power of open node
2024-11-04 18:29:23,481 :: INFO :: Control node : reset
2024-11-04 18:29:23,485 :: INFO :: Reset Control Node
2024-11-04 18:29:26,243 :: INFO :: Stop experiment succeeded
