2024-11-04 17:58:59,653 :: INFO :: Start experiment: perezram-407646
2024-11-04 17:58:59,657 :: INFO :: Control node : Starting of control node serial interface
2024-11-04 17:58:59,660 :: INFO :: Control node : reset
2024-11-04 17:58:59,663 :: INFO :: Reset Control Node
2024-11-04 17:59:02,562 :: INFO :: Control node : start power of open node
2024-11-04 17:59:02,580 :: INFO :: Node OpenOCD: Setup of openocd node
2024-11-04 17:59:05,594 :: INFO :: Node OpenOCD: flash of openocd node
2024-11-04 17:59:05,599 :: INFO :: Flash firmware on OpenOCD: /usr/lib/python3.8/site-packages/gateway_code/static/m3_idle.elf
2024-11-04 17:59:07,696 :: INFO :: Control node : Start experiment
2024-11-04 17:59:07,763 :: INFO :: Control Node set time delay: 9219 us
2024-11-04 17:59:07,786 :: INFO :: Control node : profile configuration
2024-11-04 17:59:07,799 :: INFO :: Configure profile on Control Node
2024-11-04 17:59:07,849 :: INFO :: Start experiment succeeded
2024-11-04 18:00:34,471 :: INFO :: Gateway Manager : Flash of node
2024-11-04 18:00:34,476 :: INFO :: Flash firmware on open node: /tmp/tmpbo66td72--firmware698364144887989659-udp-client.iotlab
2024-11-04 18:00:34,521 :: INFO :: Node OpenOCD: flash of openocd node
2024-11-04 18:00:34,525 :: INFO :: Flash firmware on OpenOCD: /tmp/tmpbo66td72--firmware698364144887989659-udp-client.iotlab
2024-11-04 18:29:17,332 :: INFO :: Gateway Manager : Stop experiment
2024-11-04 18:29:17,337 :: INFO :: Stop experiment
2024-11-04 18:29:17,342 :: INFO :: Control node : stop of the experiment
2024-11-04 18:29:17,347 :: INFO :: Control node : profile configuration
2024-11-04 18:29:17,351 :: INFO :: Configure profile on Control Node
2024-11-04 18:29:17,396 :: INFO :: Control node : start power of open node
2024-11-04 18:29:17,427 :: INFO :: Node OpenOCD: teardown of openocd node
2024-11-04 18:29:20,446 :: INFO :: openocd node debugger stop
2024-11-04 18:29:21,067 :: INFO :: Node OpenOCD: flash of openocd node
2024-11-04 18:29:21,071 :: INFO :: Flash firmware on OpenOCD: /usr/lib/python3.8/site-packages/gateway_code/static/m3_idle.elf
2024-11-04 18:29:23,213 :: INFO :: Control node : Stop control node serial interface
2024-11-04 18:29:23,218 :: INFO :: Control node : stop power of open node
2024-11-04 18:29:23,254 :: INFO :: Control node : reset
2024-11-04 18:29:23,257 :: INFO :: Reset Control Node
2024-11-04 18:29:25,999 :: INFO :: Stop experiment succeeded
