2024-11-04 17:58:59,647 :: INFO :: Start experiment: perezram-407646
2024-11-04 17:58:59,651 :: INFO :: Control node : Starting of control node serial interface
2024-11-04 17:58:59,654 :: INFO :: Control node : reset
2024-11-04 17:58:59,657 :: INFO :: Reset Control Node
2024-11-04 17:59:02,517 :: INFO :: Control node : start power of open node
2024-11-04 17:59:02,535 :: INFO :: Node OpenOCD: Setup of openocd node
2024-11-04 17:59:05,549 :: INFO :: Node OpenOCD: flash of openocd node
2024-11-04 17:59:05,554 :: INFO :: Flash firmware on OpenOCD: /usr/lib/python3.8/site-packages/gateway_code/static/m3_idle.elf
2024-11-04 17:59:07,703 :: INFO :: Control node : Start experiment
2024-11-04 17:59:07,766 :: INFO :: Control Node set time delay: 4119 us
2024-11-04 17:59:07,815 :: INFO :: Control node : profile configuration
2024-11-04 17:59:07,819 :: INFO :: Configure profile on Control Node
2024-11-04 17:59:07,884 :: INFO :: Start experiment succeeded
2024-11-04 18:00:34,545 :: INFO :: Gateway Manager : Flash of node
2024-11-04 18:00:34,551 :: INFO :: Flash firmware on open node: /tmp/tmpbfy5dc0g--firmware698364144887989659-udp-client.iotlab
2024-11-04 18:00:34,590 :: INFO :: Node OpenOCD: flash of openocd node
2024-11-04 18:00:34,594 :: INFO :: Flash firmware on OpenOCD: /tmp/tmpbfy5dc0g--firmware698364144887989659-udp-client.iotlab
2024-11-04 18:29:17,333 :: INFO :: Gateway Manager : Stop experiment
2024-11-04 18:29:17,339 :: INFO :: Stop experiment
2024-11-04 18:29:17,344 :: INFO :: Control node : stop of the experiment
2024-11-04 18:29:17,349 :: INFO :: Control node : profile configuration
2024-11-04 18:29:17,353 :: INFO :: Configure profile on Control Node
2024-11-04 18:29:17,406 :: INFO :: Control node : start power of open node
2024-11-04 18:29:17,439 :: INFO :: Node OpenOCD: teardown of openocd node
2024-11-04 18:29:20,456 :: INFO :: openocd node debugger stop
2024-11-04 18:29:21,078 :: INFO :: Node OpenOCD: flash of openocd node
2024-11-04 18:29:21,082 :: INFO :: Flash firmware on OpenOCD: /usr/lib/python3.8/site-packages/gateway_code/static/m3_idle.elf
2024-11-04 18:29:23,223 :: INFO :: Control node : Stop control node serial interface
2024-11-04 18:29:23,228 :: INFO :: Control node : stop power of open node
2024-11-04 18:29:23,265 :: INFO :: Control node : reset
2024-11-04 18:29:23,269 :: INFO :: Reset Control Node
2024-11-04 18:29:26,008 :: INFO :: Stop experiment succeeded
