2024-11-04 17:58:59,712 :: INFO :: Start experiment: perezram-407646
2024-11-04 17:58:59,716 :: INFO :: Control node : Starting of control node serial interface
2024-11-04 17:58:59,719 :: INFO :: Control node : reset
2024-11-04 17:58:59,723 :: INFO :: Reset Control Node
2024-11-04 17:59:02,573 :: INFO :: Control node : start power of open node
2024-11-04 17:59:02,591 :: INFO :: Node OpenOCD: Setup of openocd node
2024-11-04 17:59:05,608 :: INFO :: Node OpenOCD: flash of openocd node
2024-11-04 17:59:05,613 :: INFO :: Flash firmware on OpenOCD: /usr/lib/python3.8/site-packages/gateway_code/static/m3_idle.elf
2024-11-04 17:59:07,760 :: INFO :: Control node : Start experiment
2024-11-04 17:59:07,825 :: INFO :: Control Node set time delay: 5035 us
2024-11-04 17:59:07,871 :: INFO :: Control node : profile configuration
2024-11-04 17:59:07,874 :: INFO :: Configure profile on Control Node
2024-11-04 17:59:07,924 :: INFO :: Start experiment succeeded
2024-11-04 18:00:34,742 :: INFO :: Gateway Manager : Flash of node
2024-11-04 18:00:34,747 :: INFO :: Flash firmware on open node: /tmp/tmpdnmvhzf5--firmware698364144887989659-udp-client.iotlab
2024-11-04 18:00:34,786 :: INFO :: Node OpenOCD: flash of openocd node
2024-11-04 18:00:34,790 :: INFO :: Flash firmware on OpenOCD: /tmp/tmpdnmvhzf5--firmware698364144887989659-udp-client.iotlab
2024-11-04 18:29:17,516 :: INFO :: Gateway Manager : Stop experiment
2024-11-04 18:29:17,523 :: INFO :: Stop experiment
2024-11-04 18:29:17,528 :: INFO :: Control node : stop of the experiment
2024-11-04 18:29:17,532 :: INFO :: Control node : profile configuration
2024-11-04 18:29:17,535 :: INFO :: Configure profile on Control Node
2024-11-04 18:29:17,593 :: INFO :: Control node : start power of open node
2024-11-04 18:29:17,625 :: INFO :: Node OpenOCD: teardown of openocd node
2024-11-04 18:29:20,647 :: INFO :: openocd node debugger stop
2024-11-04 18:29:21,172 :: INFO :: Node OpenOCD: flash of openocd node
2024-11-04 18:29:21,175 :: INFO :: Flash firmware on OpenOCD: /usr/lib/python3.8/site-packages/gateway_code/static/m3_idle.elf
2024-11-04 18:29:23,317 :: INFO :: Control node : Stop control node serial interface
2024-11-04 18:29:23,323 :: INFO :: Control node : stop power of open node
2024-11-04 18:29:23,357 :: INFO :: Control node : reset
2024-11-04 18:29:23,361 :: INFO :: Reset Control Node
2024-11-04 18:29:26,111 :: INFO :: Stop experiment succeeded
