2024-11-04 17:58:59,493 :: INFO :: Start experiment: perezram-407646
2024-11-04 17:58:59,497 :: INFO :: Control node : Starting of control node serial interface
2024-11-04 17:58:59,500 :: INFO :: Control node : reset
2024-11-04 17:58:59,503 :: INFO :: Reset Control Node
2024-11-04 17:59:02,296 :: INFO :: Control node : start power of open node
2024-11-04 17:59:02,314 :: INFO :: Node OpenOCD: Setup of openocd node
2024-11-04 17:59:05,329 :: INFO :: Node OpenOCD: flash of openocd node
2024-11-04 17:59:05,334 :: INFO :: Flash firmware on OpenOCD: /usr/lib/python3.8/site-packages/gateway_code/static/m3_idle.elf
2024-11-04 17:59:07,480 :: INFO :: Control node : Start experiment
2024-11-04 17:59:07,551 :: INFO :: Control Node set time delay: 6313 us
2024-11-04 17:59:07,577 :: INFO :: Control node : profile configuration
2024-11-04 17:59:07,581 :: INFO :: Configure profile on Control Node
2024-11-04 17:59:07,646 :: INFO :: Start experiment succeeded
2024-11-04 18:00:33,582 :: INFO :: Gateway Manager : Flash of node
2024-11-04 18:00:33,590 :: INFO :: Flash firmware on open node: /tmp/tmpc6h088sz--firmware698364144887989659-udp-client.iotlab
2024-11-04 18:00:33,634 :: INFO :: Node OpenOCD: flash of openocd node
2024-11-04 18:00:33,638 :: INFO :: Flash firmware on OpenOCD: /tmp/tmpc6h088sz--firmware698364144887989659-udp-client.iotlab
2024-11-04 18:29:17,292 :: INFO :: Gateway Manager : Stop experiment
2024-11-04 18:29:17,298 :: INFO :: Stop experiment
2024-11-04 18:29:17,303 :: INFO :: Control node : stop of the experiment
2024-11-04 18:29:17,309 :: INFO :: Control node : profile configuration
2024-11-04 18:29:17,314 :: INFO :: Configure profile on Control Node
2024-11-04 18:29:17,374 :: INFO :: Control node : start power of open node
2024-11-04 18:29:17,406 :: INFO :: Node OpenOCD: teardown of openocd node
2024-11-04 18:29:20,425 :: INFO :: openocd node debugger stop
2024-11-04 18:29:21,047 :: INFO :: Node OpenOCD: flash of openocd node
2024-11-04 18:29:21,051 :: INFO :: Flash firmware on OpenOCD: /usr/lib/python3.8/site-packages/gateway_code/static/m3_idle.elf
2024-11-04 18:29:23,193 :: INFO :: Control node : Stop control node serial interface
2024-11-04 18:29:23,198 :: INFO :: Control node : stop power of open node
2024-11-04 18:29:23,232 :: INFO :: Control node : reset
2024-11-04 18:29:23,236 :: INFO :: Reset Control Node
2024-11-04 18:29:25,979 :: INFO :: Stop experiment succeeded
