2024-11-04 17:58:59,839 :: INFO :: Start experiment: perezram-407646
2024-11-04 17:58:59,842 :: INFO :: Control node : Starting of control node serial interface
2024-11-04 17:58:59,846 :: INFO :: Control node : reset
2024-11-04 17:58:59,849 :: INFO :: Reset Control Node
2024-11-04 17:59:02,650 :: INFO :: Control node : start power of open node
2024-11-04 17:59:02,668 :: INFO :: Node OpenOCD: Setup of openocd node
2024-11-04 17:59:05,682 :: INFO :: Node OpenOCD: flash of openocd node
2024-11-04 17:59:05,687 :: INFO :: Flash firmware on OpenOCD: /usr/lib/python3.8/site-packages/gateway_code/static/m3_idle.elf
2024-11-04 17:59:07,834 :: INFO :: Control node : Start experiment
2024-11-04 17:59:07,884 :: INFO :: Control Node set time delay: 4370 us
2024-11-04 17:59:07,919 :: INFO :: Control node : profile configuration
2024-11-04 17:59:07,922 :: INFO :: Configure profile on Control Node
2024-11-04 17:59:08,000 :: INFO :: Start experiment succeeded
2024-11-04 18:00:34,403 :: INFO :: Gateway Manager : Flash of node
2024-11-04 18:00:34,408 :: INFO :: Flash firmware on open node: /tmp/tmpui_fqlku--firmware698364144887989659-udp-client.iotlab
2024-11-04 18:00:34,447 :: INFO :: Node OpenOCD: flash of openocd node
2024-11-04 18:00:34,451 :: INFO :: Flash firmware on OpenOCD: /tmp/tmpui_fqlku--firmware698364144887989659-udp-client.iotlab
2024-11-04 18:29:17,550 :: INFO :: Gateway Manager : Stop experiment
2024-11-04 18:29:17,555 :: INFO :: Stop experiment
2024-11-04 18:29:17,560 :: INFO :: Control node : stop of the experiment
2024-11-04 18:29:17,564 :: INFO :: Control node : profile configuration
2024-11-04 18:29:17,568 :: INFO :: Configure profile on Control Node
2024-11-04 18:29:17,624 :: INFO :: Control node : start power of open node
2024-11-04 18:29:17,656 :: INFO :: Node OpenOCD: teardown of openocd node
2024-11-04 18:29:20,672 :: INFO :: openocd node debugger stop
2024-11-04 18:29:21,294 :: INFO :: Node OpenOCD: flash of openocd node
2024-11-04 18:29:21,298 :: INFO :: Flash firmware on OpenOCD: /usr/lib/python3.8/site-packages/gateway_code/static/m3_idle.elf
2024-11-04 18:29:23,440 :: INFO :: Control node : Stop control node serial interface
2024-11-04 18:29:23,445 :: INFO :: Control node : stop power of open node
2024-11-04 18:29:23,483 :: INFO :: Control node : reset
2024-11-04 18:29:23,487 :: INFO :: Reset Control Node
2024-11-04 18:29:26,252 :: INFO :: Stop experiment succeeded
