2024-11-04 17:58:59,896 :: INFO :: Start experiment: perezram-407646
2024-11-04 17:58:59,900 :: INFO :: Control node : Starting of control node serial interface
2024-11-04 17:58:59,903 :: INFO :: Control node : reset
2024-11-04 17:58:59,906 :: INFO :: Reset Control Node
2024-11-04 17:59:02,696 :: INFO :: Control node : start power of open node
2024-11-04 17:59:02,714 :: INFO :: Node OpenOCD: Setup of openocd node
2024-11-04 17:59:05,730 :: INFO :: Node OpenOCD: flash of openocd node
2024-11-04 17:59:05,735 :: INFO :: Flash firmware on OpenOCD: /usr/lib/python3.8/site-packages/gateway_code/static/m3_idle.elf
2024-11-04 17:59:07,882 :: INFO :: Control node : Start experiment
2024-11-04 17:59:07,946 :: INFO :: Control Node set time delay: 6875 us
2024-11-04 17:59:07,978 :: INFO :: Control node : profile configuration
2024-11-04 17:59:07,981 :: INFO :: Configure profile on Control Node
2024-11-04 17:59:08,047 :: INFO :: Start experiment succeeded
2024-11-04 18:00:34,081 :: INFO :: Gateway Manager : Flash of node
2024-11-04 18:00:34,086 :: INFO :: Flash firmware on open node: /tmp/tmpchcmhzam--firmware698364144887989659-udp-client.iotlab
2024-11-04 18:00:34,131 :: INFO :: Node OpenOCD: flash of openocd node
2024-11-04 18:00:34,135 :: INFO :: Flash firmware on OpenOCD: /tmp/tmpchcmhzam--firmware698364144887989659-udp-client.iotlab
2024-11-04 18:29:17,555 :: INFO :: Gateway Manager : Stop experiment
2024-11-04 18:29:17,560 :: INFO :: Stop experiment
2024-11-04 18:29:17,565 :: INFO :: Control node : stop of the experiment
2024-11-04 18:29:17,570 :: INFO :: Control node : profile configuration
2024-11-04 18:29:17,573 :: INFO :: Configure profile on Control Node
2024-11-04 18:29:17,621 :: INFO :: Control node : start power of open node
2024-11-04 18:29:17,653 :: INFO :: Node OpenOCD: teardown of openocd node
2024-11-04 18:29:20,670 :: INFO :: openocd node debugger stop
2024-11-04 18:29:21,291 :: INFO :: Node OpenOCD: flash of openocd node
2024-11-04 18:29:21,295 :: INFO :: Flash firmware on OpenOCD: /usr/lib/python3.8/site-packages/gateway_code/static/m3_idle.elf
2024-11-04 18:29:23,437 :: INFO :: Control node : Stop control node serial interface
2024-11-04 18:29:23,442 :: INFO :: Control node : stop power of open node
2024-11-04 18:29:23,481 :: INFO :: Control node : reset
2024-11-04 18:29:23,485 :: INFO :: Reset Control Node
2024-11-04 18:29:26,245 :: INFO :: Stop experiment succeeded
