2024-11-04 17:58:59,707 :: INFO :: Start experiment: perezram-407646
2024-11-04 17:58:59,711 :: INFO :: Control node : Starting of control node serial interface
2024-11-04 17:58:59,715 :: INFO :: Control node : reset
2024-11-04 17:58:59,719 :: INFO :: Reset Control Node
2024-11-04 17:59:02,586 :: INFO :: Control node : start power of open node
2024-11-04 17:59:02,602 :: INFO :: Node OpenOCD: Setup of openocd node
2024-11-04 17:59:05,617 :: INFO :: Node OpenOCD: flash of openocd node
2024-11-04 17:59:05,622 :: INFO :: Flash firmware on OpenOCD: /usr/lib/python3.8/site-packages/gateway_code/static/m3_idle.elf
2024-11-04 17:59:07,768 :: INFO :: Control node : Start experiment
2024-11-04 17:59:07,834 :: INFO :: Control Node set time delay: 13336 us
2024-11-04 17:59:07,866 :: INFO :: Control node : profile configuration
2024-11-04 17:59:07,869 :: INFO :: Configure profile on Control Node
2024-11-04 17:59:07,935 :: INFO :: Start experiment succeeded
2024-11-04 18:00:34,430 :: INFO :: Gateway Manager : Flash of node
2024-11-04 18:00:34,435 :: INFO :: Flash firmware on open node: /tmp/tmpycynw92r--firmware698364144887989659-udp-client.iotlab
2024-11-04 18:00:34,480 :: INFO :: Node OpenOCD: flash of openocd node
2024-11-04 18:00:34,484 :: INFO :: Flash firmware on OpenOCD: /tmp/tmpycynw92r--firmware698364144887989659-udp-client.iotlab
2024-11-04 18:29:17,518 :: INFO :: Gateway Manager : Stop experiment
2024-11-04 18:29:17,524 :: INFO :: Stop experiment
2024-11-04 18:29:17,529 :: INFO :: Control node : stop of the experiment
2024-11-04 18:29:17,535 :: INFO :: Control node : profile configuration
2024-11-04 18:29:17,538 :: INFO :: Configure profile on Control Node
2024-11-04 18:29:17,586 :: INFO :: Control node : start power of open node
2024-11-04 18:29:17,618 :: INFO :: Node OpenOCD: teardown of openocd node
2024-11-04 18:29:20,633 :: INFO :: openocd node debugger stop
2024-11-04 18:29:21,158 :: INFO :: Node OpenOCD: flash of openocd node
2024-11-04 18:29:21,162 :: INFO :: Flash firmware on OpenOCD: /usr/lib/python3.8/site-packages/gateway_code/static/m3_idle.elf
2024-11-04 18:29:23,303 :: INFO :: Control node : Stop control node serial interface
2024-11-04 18:29:23,307 :: INFO :: Control node : stop power of open node
2024-11-04 18:29:23,349 :: INFO :: Control node : reset
2024-11-04 18:29:23,353 :: INFO :: Reset Control Node
2024-11-04 18:29:26,097 :: INFO :: Stop experiment succeeded
