2024-11-04 17:58:59,717 :: INFO :: Start experiment: perezram-407646
2024-11-04 17:58:59,721 :: INFO :: Control node : Starting of control node serial interface
2024-11-04 17:58:59,724 :: INFO :: Control node : reset
2024-11-04 17:58:59,727 :: INFO :: Reset Control Node
2024-11-04 17:59:02,584 :: INFO :: Control node : start power of open node
2024-11-04 17:59:02,601 :: INFO :: Node OpenOCD: Setup of openocd node
2024-11-04 17:59:05,616 :: INFO :: Node OpenOCD: flash of openocd node
2024-11-04 17:59:05,621 :: INFO :: Flash firmware on OpenOCD: /usr/lib/python3.8/site-packages/gateway_code/static/m3_idle.elf
2024-11-04 17:59:07,767 :: INFO :: Control node : Start experiment
2024-11-04 17:59:07,833 :: INFO :: Control Node set time delay: 5592 us
2024-11-04 17:59:07,865 :: INFO :: Control node : profile configuration
2024-11-04 17:59:07,868 :: INFO :: Configure profile on Control Node
2024-11-04 17:59:07,933 :: INFO :: Start experiment succeeded
2024-11-04 18:00:34,515 :: INFO :: Gateway Manager : Flash of node
2024-11-04 18:00:34,520 :: INFO :: Flash firmware on open node: /tmp/tmpccu14p2e--firmware698364144887989659-udp-client.iotlab
2024-11-04 18:00:34,564 :: INFO :: Node OpenOCD: flash of openocd node
2024-11-04 18:00:34,568 :: INFO :: Flash firmware on OpenOCD: /tmp/tmpccu14p2e--firmware698364144887989659-udp-client.iotlab
2024-11-04 18:29:17,530 :: INFO :: Gateway Manager : Stop experiment
2024-11-04 18:29:17,535 :: INFO :: Stop experiment
2024-11-04 18:29:17,539 :: INFO :: Control node : stop of the experiment
2024-11-04 18:29:17,545 :: INFO :: Control node : profile configuration
2024-11-04 18:29:17,548 :: INFO :: Configure profile on Control Node
2024-11-04 18:29:17,597 :: INFO :: Control node : start power of open node
2024-11-04 18:29:17,629 :: INFO :: Node OpenOCD: teardown of openocd node
2024-11-04 18:29:20,651 :: INFO :: openocd node debugger stop
2024-11-04 18:29:21,176 :: INFO :: Node OpenOCD: flash of openocd node
2024-11-04 18:29:21,179 :: INFO :: Flash firmware on OpenOCD: /usr/lib/python3.8/site-packages/gateway_code/static/m3_idle.elf
2024-11-04 18:29:23,322 :: INFO :: Control node : Stop control node serial interface
2024-11-04 18:29:23,326 :: INFO :: Control node : stop power of open node
2024-11-04 18:29:23,361 :: INFO :: Control node : reset
2024-11-04 18:29:23,364 :: INFO :: Reset Control Node
2024-11-04 18:29:26,114 :: INFO :: Stop experiment succeeded
