2024-11-04 17:58:59,818 :: INFO :: Start experiment: perezram-407646
2024-11-04 17:58:59,822 :: INFO :: Control node : Starting of control node serial interface
2024-11-04 17:58:59,825 :: INFO :: Control node : reset
2024-11-04 17:58:59,828 :: INFO :: Reset Control Node
2024-11-04 17:59:02,619 :: INFO :: Control node : start power of open node
2024-11-04 17:59:02,637 :: INFO :: Node OpenOCD: Setup of openocd node
2024-11-04 17:59:05,651 :: INFO :: Node OpenOCD: flash of openocd node
2024-11-04 17:59:05,656 :: INFO :: Flash firmware on OpenOCD: /usr/lib/python3.8/site-packages/gateway_code/static/m3_idle.elf
2024-11-04 17:59:07,807 :: INFO :: Control node : Start experiment
2024-11-04 17:59:07,884 :: INFO :: Control Node set time delay: 16552 us
2024-11-04 17:59:07,916 :: INFO :: Control node : profile configuration
2024-11-04 17:59:07,919 :: INFO :: Configure profile on Control Node
2024-11-04 17:59:07,970 :: INFO :: Start experiment succeeded
2024-11-04 18:00:34,677 :: INFO :: Gateway Manager : Flash of node
2024-11-04 18:00:34,682 :: INFO :: Flash firmware on open node: /tmp/tmp_v5nhaeo--firmware698364144887989659-udp-client.iotlab
2024-11-04 18:00:34,727 :: INFO :: Node OpenOCD: flash of openocd node
2024-11-04 18:00:34,730 :: INFO :: Flash firmware on OpenOCD: /tmp/tmp_v5nhaeo--firmware698364144887989659-udp-client.iotlab
2024-11-04 18:29:17,529 :: INFO :: Gateway Manager : Stop experiment
2024-11-04 18:29:17,536 :: INFO :: Stop experiment
2024-11-04 18:29:17,540 :: INFO :: Control node : stop of the experiment
2024-11-04 18:29:17,545 :: INFO :: Control node : profile configuration
2024-11-04 18:29:17,549 :: INFO :: Configure profile on Control Node
2024-11-04 18:29:17,602 :: INFO :: Control node : start power of open node
2024-11-04 18:29:17,634 :: INFO :: Node OpenOCD: teardown of openocd node
2024-11-04 18:29:20,656 :: INFO :: openocd node debugger stop
2024-11-04 18:29:21,181 :: INFO :: Node OpenOCD: flash of openocd node
2024-11-04 18:29:21,184 :: INFO :: Flash firmware on OpenOCD: /usr/lib/python3.8/site-packages/gateway_code/static/m3_idle.elf
2024-11-04 18:29:23,327 :: INFO :: Control node : Stop control node serial interface
2024-11-04 18:29:23,331 :: INFO :: Control node : stop power of open node
2024-11-04 18:29:23,366 :: INFO :: Control node : reset
2024-11-04 18:29:23,369 :: INFO :: Reset Control Node
2024-11-04 18:29:26,141 :: INFO :: Stop experiment succeeded
