2024-11-04 17:58:59,882 :: INFO :: Start experiment: perezram-407646
2024-11-04 17:58:59,886 :: INFO :: Control node : Starting of control node serial interface
2024-11-04 17:58:59,889 :: INFO :: Control node : reset
2024-11-04 17:58:59,893 :: INFO :: Reset Control Node
2024-11-04 17:59:02,684 :: INFO :: Control node : start power of open node
2024-11-04 17:59:02,700 :: INFO :: Node OpenOCD: Setup of openocd node
2024-11-04 17:59:05,716 :: INFO :: Node OpenOCD: flash of openocd node
2024-11-04 17:59:05,721 :: INFO :: Flash firmware on OpenOCD: /usr/lib/python3.8/site-packages/gateway_code/static/m3_idle.elf
2024-11-04 17:59:07,867 :: INFO :: Control node : Start experiment
2024-11-04 17:59:07,933 :: INFO :: Control Node set time delay: 6978 us
2024-11-04 17:59:07,980 :: INFO :: Control node : profile configuration
2024-11-04 17:59:07,983 :: INFO :: Configure profile on Control Node
2024-11-04 17:59:08,033 :: INFO :: Start experiment succeeded
2024-11-04 18:00:34,387 :: INFO :: Gateway Manager : Flash of node
2024-11-04 18:00:34,392 :: INFO :: Flash firmware on open node: /tmp/tmpfral0inx--firmware698364144887989659-udp-client.iotlab
2024-11-04 18:00:34,431 :: INFO :: Node OpenOCD: flash of openocd node
2024-11-04 18:00:34,434 :: INFO :: Flash firmware on OpenOCD: /tmp/tmpfral0inx--firmware698364144887989659-udp-client.iotlab
2024-11-04 18:29:17,542 :: INFO :: Gateway Manager : Stop experiment
2024-11-04 18:29:17,548 :: INFO :: Stop experiment
2024-11-04 18:29:17,552 :: INFO :: Control node : stop of the experiment
2024-11-04 18:29:17,557 :: INFO :: Control node : profile configuration
2024-11-04 18:29:17,560 :: INFO :: Configure profile on Control Node
2024-11-04 18:29:17,607 :: INFO :: Control node : start power of open node
2024-11-04 18:29:17,639 :: INFO :: Node OpenOCD: teardown of openocd node
2024-11-04 18:29:20,656 :: INFO :: openocd node debugger stop
2024-11-04 18:29:21,181 :: INFO :: Node OpenOCD: flash of openocd node
2024-11-04 18:29:21,184 :: INFO :: Flash firmware on OpenOCD: /usr/lib/python3.8/site-packages/gateway_code/static/m3_idle.elf
2024-11-04 18:29:23,327 :: INFO :: Control node : Stop control node serial interface
2024-11-04 18:29:23,331 :: INFO :: Control node : stop power of open node
2024-11-04 18:29:23,370 :: INFO :: Control node : reset
2024-11-04 18:29:23,374 :: INFO :: Reset Control Node
2024-11-04 18:29:26,122 :: INFO :: Stop experiment succeeded
