2024-11-04 17:58:59,472 :: INFO :: Start experiment: perezram-407646
2024-11-04 17:58:59,476 :: INFO :: Control node : Starting of control node serial interface
2024-11-04 17:58:59,479 :: INFO :: Control node : reset
2024-11-04 17:58:59,482 :: INFO :: Reset Control Node
2024-11-04 17:59:02,276 :: INFO :: Control node : start power of open node
2024-11-04 17:59:02,293 :: INFO :: Node OpenOCD: Setup of openocd node
2024-11-04 17:59:05,307 :: INFO :: Node OpenOCD: flash of openocd node
2024-11-04 17:59:05,312 :: INFO :: Flash firmware on OpenOCD: /usr/lib/python3.8/site-packages/gateway_code/static/m3_idle.elf
2024-11-04 17:59:07,459 :: INFO :: Control node : Start experiment
2024-11-04 17:59:07,525 :: INFO :: Control Node set time delay: 5474 us
2024-11-04 17:59:07,557 :: INFO :: Control node : profile configuration
2024-11-04 17:59:07,560 :: INFO :: Configure profile on Control Node
2024-11-04 17:59:07,626 :: INFO :: Start experiment succeeded
2024-11-04 18:00:33,195 :: INFO :: Gateway Manager : Flash of node
2024-11-04 18:00:33,223 :: INFO :: Flash firmware on open node: /tmp/tmp99csk7lt--firmware698364144887989659-udp-client.iotlab
2024-11-04 18:00:33,268 :: INFO :: Node OpenOCD: flash of openocd node
2024-11-04 18:00:33,272 :: INFO :: Flash firmware on OpenOCD: /tmp/tmp99csk7lt--firmware698364144887989659-udp-client.iotlab
2024-11-04 18:29:17,275 :: INFO :: Gateway Manager : Stop experiment
2024-11-04 18:29:17,281 :: INFO :: Stop experiment
2024-11-04 18:29:17,286 :: INFO :: Control node : stop of the experiment
2024-11-04 18:29:17,291 :: INFO :: Control node : profile configuration
2024-11-04 18:29:17,294 :: INFO :: Configure profile on Control Node
2024-11-04 18:29:17,353 :: INFO :: Control node : start power of open node
2024-11-04 18:29:17,387 :: INFO :: Node OpenOCD: teardown of openocd node
2024-11-04 18:29:20,404 :: INFO :: openocd node debugger stop
2024-11-04 18:29:21,026 :: INFO :: Node OpenOCD: flash of openocd node
2024-11-04 18:29:21,029 :: INFO :: Flash firmware on OpenOCD: /usr/lib/python3.8/site-packages/gateway_code/static/m3_idle.elf
2024-11-04 18:29:23,172 :: INFO :: Control node : Stop control node serial interface
2024-11-04 18:29:23,177 :: INFO :: Control node : stop power of open node
2024-11-04 18:29:23,213 :: INFO :: Control node : reset
2024-11-04 18:29:23,216 :: INFO :: Reset Control Node
2024-11-04 18:29:25,964 :: INFO :: Stop experiment succeeded
