2024-11-04 17:58:59,472 :: INFO :: Start experiment: perezram-407646
2024-11-04 17:58:59,476 :: INFO :: Control node : Starting of control node serial interface
2024-11-04 17:58:59,479 :: INFO :: Control node : reset
2024-11-04 17:58:59,482 :: INFO :: Reset Control Node
2024-11-04 17:59:02,273 :: INFO :: Control node : start power of open node
2024-11-04 17:59:02,292 :: INFO :: Node OpenOCD: Setup of openocd node
2024-11-04 17:59:05,306 :: INFO :: Node OpenOCD: flash of openocd node
2024-11-04 17:59:05,312 :: INFO :: Flash firmware on OpenOCD: /usr/lib/python3.8/site-packages/gateway_code/static/m3_idle.elf
2024-11-04 17:59:07,460 :: INFO :: Control node : Start experiment
2024-11-04 17:59:07,523 :: INFO :: Control Node set time delay: 11782 us
2024-11-04 17:59:07,547 :: INFO :: Control node : profile configuration
2024-11-04 17:59:07,560 :: INFO :: Configure profile on Control Node
2024-11-04 17:59:07,625 :: INFO :: Start experiment succeeded
2024-11-04 18:00:33,724 :: INFO :: Gateway Manager : Flash of node
2024-11-04 18:00:33,729 :: INFO :: Flash firmware on open node: /tmp/tmpm1tdchd7--firmware698364144887989659-udp-client.iotlab
2024-11-04 18:00:33,774 :: INFO :: Node OpenOCD: flash of openocd node
2024-11-04 18:00:33,778 :: INFO :: Flash firmware on OpenOCD: /tmp/tmpm1tdchd7--firmware698364144887989659-udp-client.iotlab
2024-11-04 18:29:17,278 :: INFO :: Gateway Manager : Stop experiment
2024-11-04 18:29:17,285 :: INFO :: Stop experiment
2024-11-04 18:29:17,289 :: INFO :: Control node : stop of the experiment
2024-11-04 18:29:17,294 :: INFO :: Control node : profile configuration
2024-11-04 18:29:17,298 :: INFO :: Configure profile on Control Node
2024-11-04 18:29:17,345 :: INFO :: Control node : start power of open node
2024-11-04 18:29:17,378 :: INFO :: Node OpenOCD: teardown of openocd node
2024-11-04 18:29:20,396 :: INFO :: openocd node debugger stop
2024-11-04 18:29:21,018 :: INFO :: Node OpenOCD: flash of openocd node
2024-11-04 18:29:21,022 :: INFO :: Flash firmware on OpenOCD: /usr/lib/python3.8/site-packages/gateway_code/static/m3_idle.elf
2024-11-04 18:29:23,163 :: INFO :: Control node : Stop control node serial interface
2024-11-04 18:29:23,168 :: INFO :: Control node : stop power of open node
2024-11-04 18:29:23,205 :: INFO :: Control node : reset
2024-11-04 18:29:23,209 :: INFO :: Reset Control Node
2024-11-04 18:29:25,957 :: INFO :: Stop experiment succeeded
