2024-11-04 17:58:59,487 :: INFO :: Start experiment: perezram-407646
2024-11-04 17:58:59,491 :: INFO :: Control node : Starting of control node serial interface
2024-11-04 17:58:59,494 :: INFO :: Control node : reset
2024-11-04 17:58:59,497 :: INFO :: Reset Control Node
2024-11-04 17:59:02,326 :: INFO :: Control node : start power of open node
2024-11-04 17:59:02,348 :: INFO :: Node OpenOCD: Setup of openocd node
2024-11-04 17:59:05,363 :: INFO :: Node OpenOCD: flash of openocd node
2024-11-04 17:59:05,368 :: INFO :: Flash firmware on OpenOCD: /usr/lib/python3.8/site-packages/gateway_code/static/m3_idle.elf
2024-11-04 17:59:07,514 :: INFO :: Control node : Start experiment
2024-11-04 17:59:07,590 :: INFO :: Control Node set time delay: 19915 us
2024-11-04 17:59:07,603 :: INFO :: Control node : profile configuration
2024-11-04 17:59:07,606 :: INFO :: Configure profile on Control Node
2024-11-04 17:59:07,681 :: INFO :: Start experiment succeeded
2024-11-04 18:00:33,097 :: INFO :: Gateway Manager : Flash of node
2024-11-04 18:00:33,125 :: INFO :: Flash firmware on open node: /tmp/tmphiu3fxjw--firmware698364144887989659-udp-client.iotlab
2024-11-04 18:00:33,164 :: INFO :: Node OpenOCD: flash of openocd node
2024-11-04 18:00:33,168 :: INFO :: Flash firmware on OpenOCD: /tmp/tmphiu3fxjw--firmware698364144887989659-udp-client.iotlab
2024-11-04 18:29:17,285 :: INFO :: Gateway Manager : Stop experiment
2024-11-04 18:29:17,291 :: INFO :: Stop experiment
2024-11-04 18:29:17,297 :: INFO :: Control node : stop of the experiment
2024-11-04 18:29:17,303 :: INFO :: Control node : profile configuration
2024-11-04 18:29:17,307 :: INFO :: Configure profile on Control Node
2024-11-04 18:29:17,359 :: INFO :: Control node : start power of open node
2024-11-04 18:29:17,392 :: INFO :: Node OpenOCD: teardown of openocd node
2024-11-04 18:29:20,408 :: INFO :: openocd node debugger stop
2024-11-04 18:29:21,030 :: INFO :: Node OpenOCD: flash of openocd node
2024-11-04 18:29:21,033 :: INFO :: Flash firmware on OpenOCD: /usr/lib/python3.8/site-packages/gateway_code/static/m3_idle.elf
2024-11-04 18:29:23,176 :: INFO :: Control node : Stop control node serial interface
2024-11-04 18:29:23,181 :: INFO :: Control node : stop power of open node
2024-11-04 18:29:23,218 :: INFO :: Control node : reset
2024-11-04 18:29:23,222 :: INFO :: Reset Control Node
2024-11-04 18:29:25,971 :: INFO :: Stop experiment succeeded
