2024-10-24 13:25:58,119 :: INFO :: Start experiment: perezram-407173
2024-10-24 13:25:58,123 :: INFO :: Control node : Starting of control node serial interface
2024-10-24 13:25:58,126 :: INFO :: Control node : reset
2024-10-24 13:25:58,129 :: INFO :: Reset Control Node
2024-10-24 13:26:00,915 :: INFO :: Control node : start power of open node
2024-10-24 13:26:00,933 :: INFO :: Node OpenOCD: Setup of openocd node
2024-10-24 13:26:03,948 :: INFO :: Node OpenOCD: flash of openocd node
2024-10-24 13:26:03,953 :: INFO :: Flash firmware on OpenOCD: /tmp/tmpuivjhops--ab7b72abb6ca950d227f7b9a58ccae2b_get-mac.iotlab
2024-10-24 13:26:11,447 :: INFO :: Control node : Start experiment
2024-10-24 13:26:11,508 :: INFO :: Control Node set time delay: 4868 us
2024-10-24 13:26:11,532 :: INFO :: Control node : profile configuration
2024-10-24 13:26:11,546 :: INFO :: Configure profile on Control Node
2024-10-24 13:26:11,610 :: INFO :: Start experiment succeeded
2024-10-24 13:31:21,722 :: INFO :: Gateway Manager : Stop experiment
2024-10-24 13:31:21,726 :: INFO :: Stop experiment
2024-10-24 13:31:21,730 :: INFO :: Control node : stop of the experiment
2024-10-24 13:31:21,735 :: INFO :: Control node : profile configuration
2024-10-24 13:31:21,738 :: INFO :: Configure profile on Control Node
2024-10-24 13:31:21,790 :: INFO :: Control node : start power of open node
2024-10-24 13:31:21,822 :: INFO :: Node OpenOCD: teardown of openocd node
2024-10-24 13:31:24,838 :: INFO :: openocd node debugger stop
2024-10-24 13:31:25,460 :: INFO :: Node OpenOCD: flash of openocd node
2024-10-24 13:31:25,463 :: INFO :: Flash firmware on OpenOCD: /usr/lib/python3.8/site-packages/gateway_code/static/m3_idle.elf
2024-10-24 13:31:27,604 :: INFO :: Control node : Stop control node serial interface
2024-10-24 13:31:27,609 :: INFO :: Control node : stop power of open node
2024-10-24 13:31:27,649 :: INFO :: Control node : reset
2024-10-24 13:31:27,653 :: INFO :: Reset Control Node
2024-10-24 13:31:30,394 :: INFO :: Stop experiment succeeded
