2024-10-24 13:25:58,251 :: INFO :: Start experiment: perezram-407173
2024-10-24 13:25:58,255 :: INFO :: Control node : Starting of control node serial interface
2024-10-24 13:25:58,258 :: INFO :: Control node : reset
2024-10-24 13:25:58,261 :: INFO :: Reset Control Node
2024-10-24 13:26:01,051 :: INFO :: Control node : start power of open node
2024-10-24 13:26:01,069 :: INFO :: Node OpenOCD: Setup of openocd node
2024-10-24 13:26:04,083 :: INFO :: Node OpenOCD: flash of openocd node
2024-10-24 13:26:04,088 :: INFO :: Flash firmware on OpenOCD: /tmp/tmp5zdqvcbp--ab7b72abb6ca950d227f7b9a58ccae2b_get-mac.iotlab
2024-10-24 13:26:11,594 :: INFO :: Control node : Start experiment
2024-10-24 13:26:11,643 :: INFO :: Control Node set time delay: 992 us
2024-10-24 13:26:11,676 :: INFO :: Control node : profile configuration
2024-10-24 13:26:11,688 :: INFO :: Configure profile on Control Node
2024-10-24 13:26:11,745 :: INFO :: Start experiment succeeded
2024-10-24 13:31:21,652 :: INFO :: Gateway Manager : Stop experiment
2024-10-24 13:31:21,656 :: INFO :: Stop experiment
2024-10-24 13:31:21,660 :: INFO :: Control node : stop of the experiment
2024-10-24 13:31:21,665 :: INFO :: Control node : profile configuration
2024-10-24 13:31:21,668 :: INFO :: Configure profile on Control Node
2024-10-24 13:31:21,719 :: INFO :: Control node : start power of open node
2024-10-24 13:31:21,752 :: INFO :: Node OpenOCD: teardown of openocd node
2024-10-24 13:31:24,780 :: INFO :: openocd node debugger stop
2024-10-24 13:31:25,402 :: INFO :: Node OpenOCD: flash of openocd node
2024-10-24 13:31:25,405 :: INFO :: Flash firmware on OpenOCD: /usr/lib/python3.8/site-packages/gateway_code/static/m3_idle.elf
2024-10-24 13:31:27,547 :: INFO :: Control node : Stop control node serial interface
2024-10-24 13:31:27,551 :: INFO :: Control node : stop power of open node
2024-10-24 13:31:27,593 :: INFO :: Control node : reset
2024-10-24 13:31:27,597 :: INFO :: Reset Control Node
2024-10-24 13:31:30,333 :: INFO :: Stop experiment succeeded
