2024-10-24 13:25:58,655 :: INFO :: Start experiment: perezram-407173
2024-10-24 13:25:58,658 :: INFO :: Control node : Starting of control node serial interface
2024-10-24 13:25:58,662 :: INFO :: Control node : reset
2024-10-24 13:25:58,665 :: INFO :: Reset Control Node
2024-10-24 13:26:01,453 :: INFO :: Control node : start power of open node
2024-10-24 13:26:01,470 :: INFO :: Node OpenOCD: Setup of openocd node
2024-10-24 13:26:04,486 :: INFO :: Node OpenOCD: flash of openocd node
2024-10-24 13:26:04,491 :: INFO :: Flash firmware on OpenOCD: /tmp/tmpl7r9nna8--ab7b72abb6ca950d227f7b9a58ccae2b_get-mac.iotlab
2024-10-24 13:26:12,033 :: INFO :: Control node : Start experiment
2024-10-24 13:26:12,098 :: INFO :: Control Node set time delay: 8193 us
2024-10-24 13:26:12,136 :: INFO :: Control node : profile configuration
2024-10-24 13:26:12,139 :: INFO :: Configure profile on Control Node
2024-10-24 13:26:12,211 :: INFO :: Start experiment succeeded
2024-10-24 13:31:21,892 :: INFO :: Gateway Manager : Stop experiment
2024-10-24 13:31:21,896 :: INFO :: Stop experiment
2024-10-24 13:31:21,900 :: INFO :: Control node : stop of the experiment
2024-10-24 13:31:21,904 :: INFO :: Control node : profile configuration
2024-10-24 13:31:21,908 :: INFO :: Configure profile on Control Node
2024-10-24 13:31:21,958 :: INFO :: Control node : start power of open node
2024-10-24 13:31:21,990 :: INFO :: Node OpenOCD: teardown of openocd node
2024-10-24 13:31:25,006 :: INFO :: openocd node debugger stop
2024-10-24 13:31:25,628 :: INFO :: Node OpenOCD: flash of openocd node
2024-10-24 13:31:25,631 :: INFO :: Flash firmware on OpenOCD: /usr/lib/python3.8/site-packages/gateway_code/static/m3_idle.elf
2024-10-24 13:31:27,773 :: INFO :: Control node : Stop control node serial interface
2024-10-24 13:31:27,778 :: INFO :: Control node : stop power of open node
2024-10-24 13:31:27,817 :: INFO :: Control node : reset
2024-10-24 13:31:27,821 :: INFO :: Reset Control Node
2024-10-24 13:31:30,598 :: INFO :: Stop experiment succeeded
