2024-10-24 13:25:57,765 :: INFO :: Start experiment: perezram-407173
2024-10-24 13:25:57,769 :: INFO :: Control node : Starting of control node serial interface
2024-10-24 13:25:57,772 :: INFO :: Control node : reset
2024-10-24 13:25:57,775 :: INFO :: Reset Control Node
2024-10-24 13:26:00,564 :: INFO :: Control node : start power of open node
2024-10-24 13:26:00,582 :: INFO :: Node OpenOCD: Setup of openocd node
2024-10-24 13:26:03,597 :: INFO :: Node OpenOCD: flash of openocd node
2024-10-24 13:26:03,602 :: INFO :: Flash firmware on OpenOCD: /tmp/tmp6gla4fz3--ab7b72abb6ca950d227f7b9a58ccae2b_get-mac.iotlab
2024-10-24 13:26:11,095 :: INFO :: Control node : Start experiment
2024-10-24 13:26:11,157 :: INFO :: Control Node set time delay: 3479 us
2024-10-24 13:26:11,189 :: INFO :: Control node : profile configuration
2024-10-24 13:26:11,192 :: INFO :: Configure profile on Control Node
2024-10-24 13:26:11,259 :: INFO :: Start experiment succeeded
2024-10-24 13:31:21,901 :: INFO :: Gateway Manager : Stop experiment
2024-10-24 13:31:21,906 :: INFO :: Stop experiment
2024-10-24 13:31:21,910 :: INFO :: Control node : stop of the experiment
2024-10-24 13:31:21,914 :: INFO :: Control node : profile configuration
2024-10-24 13:31:21,918 :: INFO :: Configure profile on Control Node
2024-10-24 13:31:21,967 :: INFO :: Control node : start power of open node
2024-10-24 13:31:21,999 :: INFO :: Node OpenOCD: teardown of openocd node
2024-10-24 13:31:25,015 :: INFO :: openocd node debugger stop
2024-10-24 13:31:25,541 :: INFO :: Node OpenOCD: flash of openocd node
2024-10-24 13:31:25,544 :: INFO :: Flash firmware on OpenOCD: /usr/lib/python3.8/site-packages/gateway_code/static/m3_idle.elf
2024-10-24 13:31:27,685 :: INFO :: Control node : Stop control node serial interface
2024-10-24 13:31:27,690 :: INFO :: Control node : stop power of open node
2024-10-24 13:31:27,730 :: INFO :: Control node : reset
2024-10-24 13:31:27,734 :: INFO :: Reset Control Node
2024-10-24 13:31:30,496 :: INFO :: Stop experiment succeeded
