2024-10-24 13:25:58,371 :: INFO :: Start experiment: perezram-407173
2024-10-24 13:25:58,375 :: INFO :: Control node : Starting of control node serial interface
2024-10-24 13:25:58,379 :: INFO :: Control node : reset
2024-10-24 13:25:58,382 :: INFO :: Reset Control Node
2024-10-24 13:26:01,198 :: INFO :: Control node : start power of open node
2024-10-24 13:26:01,216 :: INFO :: Node OpenOCD: Setup of openocd node
2024-10-24 13:26:04,230 :: INFO :: Node OpenOCD: flash of openocd node
2024-10-24 13:26:04,235 :: INFO :: Flash firmware on OpenOCD: /tmp/tmp1a7m5h69--ab7b72abb6ca950d227f7b9a58ccae2b_get-mac.iotlab
2024-10-24 13:26:11,676 :: INFO :: Control node : Start experiment
2024-10-24 13:26:11,747 :: INFO :: Control Node set time delay: 5751 us
2024-10-24 13:26:11,775 :: INFO :: Control node : profile configuration
2024-10-24 13:26:11,778 :: INFO :: Configure profile on Control Node
2024-10-24 13:26:11,844 :: INFO :: Start experiment succeeded
2024-10-24 13:31:21,956 :: INFO :: Gateway Manager : Stop experiment
2024-10-24 13:31:21,960 :: INFO :: Stop experiment
2024-10-24 13:31:21,964 :: INFO :: Control node : stop of the experiment
2024-10-24 13:31:21,969 :: INFO :: Control node : profile configuration
2024-10-24 13:31:21,972 :: INFO :: Configure profile on Control Node
2024-10-24 13:31:22,025 :: INFO :: Control node : start power of open node
2024-10-24 13:31:22,057 :: INFO :: Node OpenOCD: teardown of openocd node
2024-10-24 13:31:25,078 :: INFO :: openocd node debugger stop
2024-10-24 13:31:25,603 :: INFO :: Node OpenOCD: flash of openocd node
2024-10-24 13:31:25,607 :: INFO :: Flash firmware on OpenOCD: /usr/lib/python3.8/site-packages/gateway_code/static/m3_idle.elf
2024-10-24 13:31:27,749 :: INFO :: Control node : Stop control node serial interface
2024-10-24 13:31:27,753 :: INFO :: Control node : stop power of open node
2024-10-24 13:31:27,788 :: INFO :: Control node : reset
2024-10-24 13:31:27,792 :: INFO :: Reset Control Node
2024-10-24 13:31:30,531 :: INFO :: Stop experiment succeeded
