2024-10-24 13:25:58,299 :: INFO :: Start experiment: perezram-407173
2024-10-24 13:25:58,303 :: INFO :: Control node : Starting of control node serial interface
2024-10-24 13:25:58,306 :: INFO :: Control node : reset
2024-10-24 13:25:58,309 :: INFO :: Reset Control Node
2024-10-24 13:26:01,101 :: INFO :: Control node : start power of open node
2024-10-24 13:26:01,119 :: INFO :: Node OpenOCD: Setup of openocd node
2024-10-24 13:26:04,133 :: INFO :: Node OpenOCD: flash of openocd node
2024-10-24 13:26:04,138 :: INFO :: Flash firmware on OpenOCD: /tmp/tmpuhgbu60d--ab7b72abb6ca950d227f7b9a58ccae2b_get-mac.iotlab
2024-10-24 13:26:11,629 :: INFO :: Control node : Start experiment
2024-10-24 13:26:11,694 :: INFO :: Control Node set time delay: 12529 us
2024-10-24 13:26:11,724 :: INFO :: Control node : profile configuration
2024-10-24 13:26:11,728 :: INFO :: Configure profile on Control Node
2024-10-24 13:26:11,795 :: INFO :: Start experiment succeeded
2024-10-24 13:31:21,867 :: INFO :: Gateway Manager : Stop experiment
2024-10-24 13:31:21,871 :: INFO :: Stop experiment
2024-10-24 13:31:21,875 :: INFO :: Control node : stop of the experiment
2024-10-24 13:31:21,880 :: INFO :: Control node : profile configuration
2024-10-24 13:31:21,883 :: INFO :: Configure profile on Control Node
2024-10-24 13:31:21,941 :: INFO :: Control node : start power of open node
2024-10-24 13:31:21,973 :: INFO :: Node OpenOCD: teardown of openocd node
2024-10-24 13:31:24,991 :: INFO :: openocd node debugger stop
2024-10-24 13:31:25,516 :: INFO :: Node OpenOCD: flash of openocd node
2024-10-24 13:31:25,519 :: INFO :: Flash firmware on OpenOCD: /usr/lib/python3.8/site-packages/gateway_code/static/m3_idle.elf
2024-10-24 13:31:27,660 :: INFO :: Control node : Stop control node serial interface
2024-10-24 13:31:27,664 :: INFO :: Control node : stop power of open node
2024-10-24 13:31:27,704 :: INFO :: Control node : reset
2024-10-24 13:31:27,708 :: INFO :: Reset Control Node
2024-10-24 13:31:30,462 :: INFO :: Stop experiment succeeded
