2024-10-24 13:25:58,448 :: INFO :: Start experiment: perezram-407173
2024-10-24 13:25:58,452 :: INFO :: Control node : Starting of control node serial interface
2024-10-24 13:25:58,455 :: INFO :: Control node : reset
2024-10-24 13:25:58,458 :: INFO :: Reset Control Node
2024-10-24 13:26:01,257 :: INFO :: Control node : start power of open node
2024-10-24 13:26:01,284 :: INFO :: Node OpenOCD: Setup of openocd node
2024-10-24 13:26:04,299 :: INFO :: Node OpenOCD: flash of openocd node
2024-10-24 13:26:04,304 :: INFO :: Flash firmware on OpenOCD: /tmp/tmp15sanarg--ab7b72abb6ca950d227f7b9a58ccae2b_get-mac.iotlab
2024-10-24 13:26:11,797 :: INFO :: Control node : Start experiment
2024-10-24 13:26:11,863 :: INFO :: Control Node set time delay: 5430 us
2024-10-24 13:26:11,892 :: INFO :: Control node : profile configuration
2024-10-24 13:26:11,895 :: INFO :: Configure profile on Control Node
2024-10-24 13:26:11,961 :: INFO :: Start experiment succeeded
2024-10-24 13:31:21,951 :: INFO :: Gateway Manager : Stop experiment
2024-10-24 13:31:21,956 :: INFO :: Stop experiment
2024-10-24 13:31:21,960 :: INFO :: Control node : stop of the experiment
2024-10-24 13:31:21,965 :: INFO :: Control node : profile configuration
2024-10-24 13:31:21,968 :: INFO :: Configure profile on Control Node
2024-10-24 13:31:22,012 :: INFO :: Control node : start power of open node
2024-10-24 13:31:22,044 :: INFO :: Node OpenOCD: teardown of openocd node
2024-10-24 13:31:25,060 :: INFO :: openocd node debugger stop
2024-10-24 13:31:25,683 :: INFO :: Node OpenOCD: flash of openocd node
2024-10-24 13:31:25,686 :: INFO :: Flash firmware on OpenOCD: /usr/lib/python3.8/site-packages/gateway_code/static/m3_idle.elf
2024-10-24 13:31:27,828 :: INFO :: Control node : Stop control node serial interface
2024-10-24 13:31:27,833 :: INFO :: Control node : stop power of open node
2024-10-24 13:31:27,872 :: INFO :: Control node : reset
2024-10-24 13:31:27,875 :: INFO :: Reset Control Node
2024-10-24 13:31:30,612 :: INFO :: Stop experiment succeeded
