2024-10-24 13:25:58,384 :: INFO :: Start experiment: perezram-407173
2024-10-24 13:25:58,388 :: INFO :: Control node : Starting of control node serial interface
2024-10-24 13:25:58,391 :: INFO :: Control node : reset
2024-10-24 13:25:58,394 :: INFO :: Reset Control Node
2024-10-24 13:26:01,199 :: INFO :: Control node : start power of open node
2024-10-24 13:26:01,216 :: INFO :: Node OpenOCD: Setup of openocd node
2024-10-24 13:26:04,231 :: INFO :: Node OpenOCD: flash of openocd node
2024-10-24 13:26:04,236 :: INFO :: Flash firmware on OpenOCD: /tmp/tmp4cywg256--ab7b72abb6ca950d227f7b9a58ccae2b_get-mac.iotlab
2024-10-24 13:26:11,680 :: INFO :: Control node : Start experiment
2024-10-24 13:26:11,746 :: INFO :: Control Node set time delay: 4614 us
2024-10-24 13:26:11,776 :: INFO :: Control node : profile configuration
2024-10-24 13:26:11,788 :: INFO :: Configure profile on Control Node
2024-10-24 13:26:11,845 :: INFO :: Start experiment succeeded
2024-10-24 13:31:21,617 :: INFO :: Gateway Manager : Stop experiment
2024-10-24 13:31:21,624 :: INFO :: Stop experiment
2024-10-24 13:31:21,629 :: INFO :: Control node : stop of the experiment
2024-10-24 13:31:21,636 :: INFO :: Control node : profile configuration
2024-10-24 13:31:21,639 :: INFO :: Configure profile on Control Node
2024-10-24 13:31:21,688 :: INFO :: Control node : start power of open node
2024-10-24 13:31:21,721 :: INFO :: Node OpenOCD: teardown of openocd node
2024-10-24 13:31:24,738 :: INFO :: openocd node debugger stop
2024-10-24 13:31:25,359 :: INFO :: Node OpenOCD: flash of openocd node
2024-10-24 13:31:25,363 :: INFO :: Flash firmware on OpenOCD: /usr/lib/python3.8/site-packages/gateway_code/static/m3_idle.elf
2024-10-24 13:31:27,505 :: INFO :: Control node : Stop control node serial interface
2024-10-24 13:31:27,510 :: INFO :: Control node : stop power of open node
2024-10-24 13:31:27,548 :: INFO :: Control node : reset
2024-10-24 13:31:27,551 :: INFO :: Reset Control Node
2024-10-24 13:31:30,297 :: INFO :: Stop experiment succeeded
