2024-10-24 13:25:58,232 :: INFO :: Start experiment: perezram-407173
2024-10-24 13:25:58,235 :: INFO :: Control node : Starting of control node serial interface
2024-10-24 13:25:58,239 :: INFO :: Control node : reset
2024-10-24 13:25:58,242 :: INFO :: Reset Control Node
2024-10-24 13:26:01,032 :: INFO :: Control node : start power of open node
2024-10-24 13:26:01,049 :: INFO :: Node OpenOCD: Setup of openocd node
2024-10-24 13:26:04,065 :: INFO :: Node OpenOCD: flash of openocd node
2024-10-24 13:26:04,070 :: INFO :: Flash firmware on OpenOCD: /tmp/tmpz3gtcdlb--ab7b72abb6ca950d227f7b9a58ccae2b_get-mac.iotlab
2024-10-24 13:26:11,565 :: INFO :: Control node : Start experiment
2024-10-24 13:26:11,641 :: INFO :: Control Node set time delay: 7650 us
2024-10-24 13:26:11,672 :: INFO :: Control node : profile configuration
2024-10-24 13:26:11,676 :: INFO :: Configure profile on Control Node
2024-10-24 13:26:11,726 :: INFO :: Start experiment succeeded
2024-10-24 13:31:21,644 :: INFO :: Gateway Manager : Stop experiment
2024-10-24 13:31:21,649 :: INFO :: Stop experiment
2024-10-24 13:31:21,653 :: INFO :: Control node : stop of the experiment
2024-10-24 13:31:21,658 :: INFO :: Control node : profile configuration
2024-10-24 13:31:21,661 :: INFO :: Configure profile on Control Node
2024-10-24 13:31:21,714 :: INFO :: Control node : start power of open node
2024-10-24 13:31:21,748 :: INFO :: Node OpenOCD: teardown of openocd node
2024-10-24 13:31:24,770 :: INFO :: openocd node debugger stop
2024-10-24 13:31:25,392 :: INFO :: Node OpenOCD: flash of openocd node
2024-10-24 13:31:25,396 :: INFO :: Flash firmware on OpenOCD: /usr/lib/python3.8/site-packages/gateway_code/static/m3_idle.elf
2024-10-24 13:31:27,486 :: INFO :: Control node : Stop control node serial interface
2024-10-24 13:31:27,491 :: INFO :: Control node : stop power of open node
2024-10-24 13:31:27,526 :: INFO :: Control node : reset
2024-10-24 13:31:27,530 :: INFO :: Reset Control Node
2024-10-24 13:31:30,274 :: INFO :: Stop experiment succeeded
