2024-10-24 13:25:58,581 :: INFO :: Start experiment: perezram-407173
2024-10-24 13:25:58,585 :: INFO :: Control node : Starting of control node serial interface
2024-10-24 13:25:58,588 :: INFO :: Control node : reset
2024-10-24 13:25:58,590 :: INFO :: Reset Control Node
2024-10-24 13:26:01,385 :: INFO :: Control node : start power of open node
2024-10-24 13:26:01,413 :: INFO :: Node OpenOCD: Setup of openocd node
2024-10-24 13:26:04,428 :: INFO :: Node OpenOCD: flash of openocd node
2024-10-24 13:26:04,433 :: INFO :: Flash firmware on OpenOCD: /tmp/tmpyfseancv--ab7b72abb6ca950d227f7b9a58ccae2b_get-mac.iotlab
2024-10-24 13:26:11,976 :: INFO :: Control node : Start experiment
2024-10-24 13:26:12,043 :: INFO :: Control Node set time delay: 6601 us
2024-10-24 13:26:12,069 :: INFO :: Control node : profile configuration
2024-10-24 13:26:12,072 :: INFO :: Configure profile on Control Node
2024-10-24 13:26:12,138 :: INFO :: Start experiment succeeded
2024-10-24 13:31:21,651 :: INFO :: Gateway Manager : Stop experiment
2024-10-24 13:31:21,655 :: INFO :: Stop experiment
2024-10-24 13:31:21,659 :: INFO :: Control node : stop of the experiment
2024-10-24 13:31:21,664 :: INFO :: Control node : profile configuration
2024-10-24 13:31:21,667 :: INFO :: Configure profile on Control Node
2024-10-24 13:31:21,725 :: INFO :: Control node : start power of open node
2024-10-24 13:31:21,757 :: INFO :: Node OpenOCD: teardown of openocd node
2024-10-24 13:31:24,774 :: INFO :: openocd node debugger stop
2024-10-24 13:31:25,396 :: INFO :: Node OpenOCD: flash of openocd node
2024-10-24 13:31:25,399 :: INFO :: Flash firmware on OpenOCD: /usr/lib/python3.8/site-packages/gateway_code/static/m3_idle.elf
2024-10-24 13:31:27,541 :: INFO :: Control node : Stop control node serial interface
2024-10-24 13:31:27,546 :: INFO :: Control node : stop power of open node
2024-10-24 13:31:27,584 :: INFO :: Control node : reset
2024-10-24 13:31:27,588 :: INFO :: Reset Control Node
2024-10-24 13:31:30,325 :: INFO :: Stop experiment succeeded
