2024-10-24 13:25:58,573 :: INFO :: Start experiment: perezram-407173
2024-10-24 13:25:58,577 :: INFO :: Control node : Starting of control node serial interface
2024-10-24 13:25:58,580 :: INFO :: Control node : reset
2024-10-24 13:25:58,583 :: INFO :: Reset Control Node
2024-10-24 13:26:01,389 :: INFO :: Control node : start power of open node
2024-10-24 13:26:01,407 :: INFO :: Node OpenOCD: Setup of openocd node
2024-10-24 13:26:04,422 :: INFO :: Node OpenOCD: flash of openocd node
2024-10-24 13:26:04,426 :: INFO :: Flash firmware on OpenOCD: /tmp/tmp9f3cy38k--ab7b72abb6ca950d227f7b9a58ccae2b_get-mac.iotlab
2024-10-24 13:26:11,919 :: INFO :: Control node : Start experiment
2024-10-24 13:26:11,985 :: INFO :: Control Node set time delay: 7710 us
2024-10-24 13:26:12,030 :: INFO :: Control node : profile configuration
2024-10-24 13:26:12,034 :: INFO :: Configure profile on Control Node
2024-10-24 13:26:12,083 :: INFO :: Start experiment succeeded
2024-10-24 13:31:21,647 :: INFO :: Gateway Manager : Stop experiment
2024-10-24 13:31:21,651 :: INFO :: Stop experiment
2024-10-24 13:31:21,655 :: INFO :: Control node : stop of the experiment
2024-10-24 13:31:21,660 :: INFO :: Control node : profile configuration
2024-10-24 13:31:21,663 :: INFO :: Configure profile on Control Node
2024-10-24 13:31:21,722 :: INFO :: Control node : start power of open node
2024-10-24 13:31:21,755 :: INFO :: Node OpenOCD: teardown of openocd node
2024-10-24 13:31:24,777 :: INFO :: openocd node debugger stop
2024-10-24 13:31:25,399 :: INFO :: Node OpenOCD: flash of openocd node
2024-10-24 13:31:25,403 :: INFO :: Flash firmware on OpenOCD: /usr/lib/python3.8/site-packages/gateway_code/static/m3_idle.elf
2024-10-24 13:31:27,544 :: INFO :: Control node : Stop control node serial interface
2024-10-24 13:31:27,549 :: INFO :: Control node : stop power of open node
2024-10-24 13:31:27,596 :: INFO :: Control node : reset
2024-10-24 13:31:27,600 :: INFO :: Reset Control Node
2024-10-24 13:31:30,339 :: INFO :: Stop experiment succeeded
