2024-10-24 13:25:58,330 :: INFO :: Start experiment: perezram-407173
2024-10-24 13:25:58,334 :: INFO :: Control node : Starting of control node serial interface
2024-10-24 13:25:58,337 :: INFO :: Control node : reset
2024-10-24 13:25:58,340 :: INFO :: Reset Control Node
2024-10-24 13:26:01,128 :: INFO :: Control node : start power of open node
2024-10-24 13:26:01,146 :: INFO :: Node OpenOCD: Setup of openocd node
2024-10-24 13:26:04,160 :: INFO :: Node OpenOCD: flash of openocd node
2024-10-24 13:26:04,165 :: INFO :: Flash firmware on OpenOCD: /tmp/tmp_fawwqwh--ab7b72abb6ca950d227f7b9a58ccae2b_get-mac.iotlab
2024-10-24 13:26:11,707 :: INFO :: Control node : Start experiment
2024-10-24 13:26:11,770 :: INFO :: Control Node set time delay: 5254 us
2024-10-24 13:26:11,812 :: INFO :: Control node : profile configuration
2024-10-24 13:26:11,816 :: INFO :: Configure profile on Control Node
2024-10-24 13:26:11,871 :: INFO :: Start experiment succeeded
2024-10-24 13:31:21,758 :: INFO :: Gateway Manager : Stop experiment
2024-10-24 13:31:21,765 :: INFO :: Stop experiment
2024-10-24 13:31:21,771 :: INFO :: Control node : stop of the experiment
2024-10-24 13:31:21,776 :: INFO :: Control node : profile configuration
2024-10-24 13:31:21,779 :: INFO :: Configure profile on Control Node
2024-10-24 13:31:21,825 :: INFO :: Control node : start power of open node
2024-10-24 13:31:21,859 :: INFO :: Node OpenOCD: teardown of openocd node
2024-10-24 13:31:24,879 :: INFO :: openocd node debugger stop
2024-10-24 13:31:25,501 :: INFO :: Node OpenOCD: flash of openocd node
2024-10-24 13:31:25,504 :: INFO :: Flash firmware on OpenOCD: /usr/lib/python3.8/site-packages/gateway_code/static/m3_idle.elf
2024-10-24 13:31:27,645 :: INFO :: Control node : Stop control node serial interface
2024-10-24 13:31:27,650 :: INFO :: Control node : stop power of open node
2024-10-24 13:31:27,685 :: INFO :: Control node : reset
2024-10-24 13:31:27,688 :: INFO :: Reset Control Node
2024-10-24 13:31:30,430 :: INFO :: Stop experiment succeeded
