2024-10-24 13:25:57,769 :: INFO :: Start experiment: perezram-407173
2024-10-24 13:25:57,773 :: INFO :: Control node : Starting of control node serial interface
2024-10-24 13:25:57,776 :: INFO :: Control node : reset
2024-10-24 13:25:57,779 :: INFO :: Reset Control Node
2024-10-24 13:26:00,567 :: INFO :: Control node : start power of open node
2024-10-24 13:26:00,585 :: INFO :: Node OpenOCD: Setup of openocd node
2024-10-24 13:26:03,600 :: INFO :: Node OpenOCD: flash of openocd node
2024-10-24 13:26:03,605 :: INFO :: Flash firmware on OpenOCD: /tmp/tmpugnj5z6s--ab7b72abb6ca950d227f7b9a58ccae2b_get-mac.iotlab
2024-10-24 13:26:11,096 :: INFO :: Control node : Start experiment
2024-10-24 13:26:11,160 :: INFO :: Control Node set time delay: 11480 us
2024-10-24 13:26:11,193 :: INFO :: Control node : profile configuration
2024-10-24 13:26:11,196 :: INFO :: Configure profile on Control Node
2024-10-24 13:26:11,262 :: INFO :: Start experiment succeeded
2024-10-24 13:31:21,762 :: INFO :: Gateway Manager : Stop experiment
2024-10-24 13:31:21,769 :: INFO :: Stop experiment
2024-10-24 13:31:21,773 :: INFO :: Control node : stop of the experiment
2024-10-24 13:31:21,778 :: INFO :: Control node : profile configuration
2024-10-24 13:31:21,781 :: INFO :: Configure profile on Control Node
2024-10-24 13:31:21,845 :: INFO :: Control node : start power of open node
2024-10-24 13:31:21,888 :: INFO :: Node OpenOCD: teardown of openocd node
2024-10-24 13:31:24,904 :: INFO :: openocd node debugger stop
2024-10-24 13:31:25,526 :: INFO :: Node OpenOCD: flash of openocd node
2024-10-24 13:31:25,530 :: INFO :: Flash firmware on OpenOCD: /usr/lib/python3.8/site-packages/gateway_code/static/m3_idle.elf
2024-10-24 13:31:27,671 :: INFO :: Control node : Stop control node serial interface
2024-10-24 13:31:27,675 :: INFO :: Control node : stop power of open node
2024-10-24 13:31:27,715 :: INFO :: Control node : reset
2024-10-24 13:31:27,719 :: INFO :: Reset Control Node
2024-10-24 13:31:30,466 :: INFO :: Stop experiment succeeded
