2024-10-24 13:25:58,579 :: INFO :: Start experiment: perezram-407173
2024-10-24 13:25:58,582 :: INFO :: Control node : Starting of control node serial interface
2024-10-24 13:25:58,586 :: INFO :: Control node : reset
2024-10-24 13:25:58,589 :: INFO :: Reset Control Node
2024-10-24 13:26:01,384 :: INFO :: Control node : start power of open node
2024-10-24 13:26:01,401 :: INFO :: Node OpenOCD: Setup of openocd node
2024-10-24 13:26:04,415 :: INFO :: Node OpenOCD: flash of openocd node
2024-10-24 13:26:04,420 :: INFO :: Flash firmware on OpenOCD: /tmp/tmpjtg_bxzj--ab7b72abb6ca950d227f7b9a58ccae2b_get-mac.iotlab
2024-10-24 13:26:11,912 :: INFO :: Control node : Start experiment
2024-10-24 13:26:11,980 :: INFO :: Control Node set time delay: 10966 us
2024-10-24 13:26:12,009 :: INFO :: Control node : profile configuration
2024-10-24 13:26:12,012 :: INFO :: Configure profile on Control Node
2024-10-24 13:26:12,079 :: INFO :: Start experiment succeeded
2024-10-24 13:31:21,894 :: INFO :: Gateway Manager : Stop experiment
2024-10-24 13:31:21,898 :: INFO :: Stop experiment
2024-10-24 13:31:21,902 :: INFO :: Control node : stop of the experiment
2024-10-24 13:31:21,907 :: INFO :: Control node : profile configuration
2024-10-24 13:31:21,910 :: INFO :: Configure profile on Control Node
2024-10-24 13:31:21,968 :: INFO :: Control node : start power of open node
2024-10-24 13:31:22,000 :: INFO :: Node OpenOCD: teardown of openocd node
2024-10-24 13:31:25,017 :: INFO :: openocd node debugger stop
2024-10-24 13:31:25,639 :: INFO :: Node OpenOCD: flash of openocd node
2024-10-24 13:31:25,642 :: INFO :: Flash firmware on OpenOCD: /usr/lib/python3.8/site-packages/gateway_code/static/m3_idle.elf
2024-10-24 13:31:27,783 :: INFO :: Control node : Stop control node serial interface
2024-10-24 13:31:27,787 :: INFO :: Control node : stop power of open node
2024-10-24 13:31:27,828 :: INFO :: Control node : reset
2024-10-24 13:31:27,831 :: INFO :: Reset Control Node
2024-10-24 13:31:30,604 :: INFO :: Stop experiment succeeded
