2024-10-24 13:25:58,565 :: INFO :: Start experiment: perezram-407173
2024-10-24 13:25:58,569 :: INFO :: Control node : Starting of control node serial interface
2024-10-24 13:25:58,572 :: INFO :: Control node : reset
2024-10-24 13:25:58,575 :: INFO :: Reset Control Node
2024-10-24 13:26:01,385 :: INFO :: Control node : start power of open node
2024-10-24 13:26:01,403 :: INFO :: Node OpenOCD: Setup of openocd node
2024-10-24 13:26:04,417 :: INFO :: Node OpenOCD: flash of openocd node
2024-10-24 13:26:04,422 :: INFO :: Flash firmware on OpenOCD: /tmp/tmpfcz2m2ca--ab7b72abb6ca950d227f7b9a58ccae2b_get-mac.iotlab
2024-10-24 13:26:11,913 :: INFO :: Control node : Start experiment
2024-10-24 13:26:11,979 :: INFO :: Control Node set time delay: 3953 us
2024-10-24 13:26:12,011 :: INFO :: Control node : profile configuration
2024-10-24 13:26:12,014 :: INFO :: Configure profile on Control Node
2024-10-24 13:26:12,081 :: INFO :: Start experiment succeeded
2024-10-24 13:31:21,893 :: INFO :: Gateway Manager : Stop experiment
2024-10-24 13:31:21,897 :: INFO :: Stop experiment
2024-10-24 13:31:21,901 :: INFO :: Control node : stop of the experiment
2024-10-24 13:31:21,906 :: INFO :: Control node : profile configuration
2024-10-24 13:31:21,909 :: INFO :: Configure profile on Control Node
2024-10-24 13:31:21,955 :: INFO :: Control node : start power of open node
2024-10-24 13:31:21,987 :: INFO :: Node OpenOCD: teardown of openocd node
2024-10-24 13:31:25,004 :: INFO :: openocd node debugger stop
2024-10-24 13:31:25,626 :: INFO :: Node OpenOCD: flash of openocd node
2024-10-24 13:31:25,629 :: INFO :: Flash firmware on OpenOCD: /usr/lib/python3.8/site-packages/gateway_code/static/m3_idle.elf
2024-10-24 13:31:27,770 :: INFO :: Control node : Stop control node serial interface
2024-10-24 13:31:27,775 :: INFO :: Control node : stop power of open node
2024-10-24 13:31:27,815 :: INFO :: Control node : reset
2024-10-24 13:31:27,819 :: INFO :: Reset Control Node
2024-10-24 13:31:30,592 :: INFO :: Stop experiment succeeded
