2024-10-24 13:25:58,309 :: INFO :: Start experiment: perezram-407173
2024-10-24 13:25:58,313 :: INFO :: Control node : Starting of control node serial interface
2024-10-24 13:25:58,316 :: INFO :: Control node : reset
2024-10-24 13:25:58,319 :: INFO :: Reset Control Node
2024-10-24 13:26:01,106 :: INFO :: Control node : start power of open node
2024-10-24 13:26:01,125 :: INFO :: Node OpenOCD: Setup of openocd node
2024-10-24 13:26:04,140 :: INFO :: Node OpenOCD: flash of openocd node
2024-10-24 13:26:04,145 :: INFO :: Flash firmware on OpenOCD: /tmp/tmpxer3cyp6--ab7b72abb6ca950d227f7b9a58ccae2b_get-mac.iotlab
2024-10-24 13:26:11,638 :: INFO :: Control node : Start experiment
2024-10-24 13:26:11,703 :: INFO :: Control Node set time delay: 6879 us
2024-10-24 13:26:11,733 :: INFO :: Control node : profile configuration
2024-10-24 13:26:11,736 :: INFO :: Configure profile on Control Node
2024-10-24 13:26:11,802 :: INFO :: Start experiment succeeded
2024-10-24 13:31:21,634 :: INFO :: Gateway Manager : Stop experiment
2024-10-24 13:31:21,639 :: INFO :: Stop experiment
2024-10-24 13:31:21,643 :: INFO :: Control node : stop of the experiment
2024-10-24 13:31:21,648 :: INFO :: Control node : profile configuration
2024-10-24 13:31:21,651 :: INFO :: Configure profile on Control Node
2024-10-24 13:31:21,696 :: INFO :: Control node : start power of open node
2024-10-24 13:31:21,729 :: INFO :: Node OpenOCD: teardown of openocd node
2024-10-24 13:31:24,746 :: INFO :: openocd node debugger stop
2024-10-24 13:31:25,368 :: INFO :: Node OpenOCD: flash of openocd node
2024-10-24 13:31:25,372 :: INFO :: Flash firmware on OpenOCD: /usr/lib/python3.8/site-packages/gateway_code/static/m3_idle.elf
2024-10-24 13:31:27,515 :: INFO :: Control node : Stop control node serial interface
2024-10-24 13:31:27,519 :: INFO :: Control node : stop power of open node
2024-10-24 13:31:27,555 :: INFO :: Control node : reset
2024-10-24 13:31:27,559 :: INFO :: Reset Control Node
2024-10-24 13:31:30,305 :: INFO :: Stop experiment succeeded
