2024-10-24 13:25:58,585 :: INFO :: Start experiment: perezram-407173
2024-10-24 13:25:58,589 :: INFO :: Control node : Starting of control node serial interface
2024-10-24 13:25:58,592 :: INFO :: Control node : reset
2024-10-24 13:25:58,595 :: INFO :: Reset Control Node
2024-10-24 13:26:01,402 :: INFO :: Control node : start power of open node
2024-10-24 13:26:01,419 :: INFO :: Node OpenOCD: Setup of openocd node
2024-10-24 13:26:04,434 :: INFO :: Node OpenOCD: flash of openocd node
2024-10-24 13:26:04,439 :: INFO :: Flash firmware on OpenOCD: /tmp/tmphabtrtru--ab7b72abb6ca950d227f7b9a58ccae2b_get-mac.iotlab
2024-10-24 13:26:11,981 :: INFO :: Control node : Start experiment
2024-10-24 13:26:12,042 :: INFO :: Control Node set time delay: 6596 us
2024-10-24 13:26:12,074 :: INFO :: Control node : profile configuration
2024-10-24 13:26:12,077 :: INFO :: Configure profile on Control Node
2024-10-24 13:26:12,143 :: INFO :: Start experiment succeeded
2024-10-24 13:31:21,630 :: INFO :: Gateway Manager : Stop experiment
2024-10-24 13:31:21,636 :: INFO :: Stop experiment
2024-10-24 13:31:21,640 :: INFO :: Control node : stop of the experiment
2024-10-24 13:31:21,645 :: INFO :: Control node : profile configuration
2024-10-24 13:31:21,648 :: INFO :: Configure profile on Control Node
2024-10-24 13:31:21,700 :: INFO :: Control node : start power of open node
2024-10-24 13:31:21,732 :: INFO :: Node OpenOCD: teardown of openocd node
2024-10-24 13:31:24,749 :: INFO :: openocd node debugger stop
2024-10-24 13:31:25,371 :: INFO :: Node OpenOCD: flash of openocd node
2024-10-24 13:31:25,374 :: INFO :: Flash firmware on OpenOCD: /usr/lib/python3.8/site-packages/gateway_code/static/m3_idle.elf
2024-10-24 13:31:27,516 :: INFO :: Control node : Stop control node serial interface
2024-10-24 13:31:27,521 :: INFO :: Control node : stop power of open node
2024-10-24 13:31:27,558 :: INFO :: Control node : reset
2024-10-24 13:31:27,562 :: INFO :: Reset Control Node
2024-10-24 13:31:30,314 :: INFO :: Stop experiment succeeded
