2024-10-24 13:25:58,676 :: INFO :: Start experiment: perezram-407173
2024-10-24 13:25:58,679 :: INFO :: Control node : Starting of control node serial interface
2024-10-24 13:25:58,683 :: INFO :: Control node : reset
2024-10-24 13:25:58,686 :: INFO :: Reset Control Node
2024-10-24 13:26:01,474 :: INFO :: Control node : start power of open node
2024-10-24 13:26:01,491 :: INFO :: Node OpenOCD: Setup of openocd node
2024-10-24 13:26:04,506 :: INFO :: Node OpenOCD: flash of openocd node
2024-10-24 13:26:04,511 :: INFO :: Flash firmware on OpenOCD: /tmp/tmpet1fdbqz--ab7b72abb6ca950d227f7b9a58ccae2b_get-mac.iotlab
2024-10-24 13:26:12,006 :: INFO :: Control node : Start experiment
2024-10-24 13:26:12,072 :: INFO :: Control Node set time delay: 4639 us
2024-10-24 13:26:12,099 :: INFO :: Control node : profile configuration
2024-10-24 13:26:12,113 :: INFO :: Configure profile on Control Node
2024-10-24 13:26:12,168 :: INFO :: Start experiment succeeded
2024-10-24 13:31:21,739 :: INFO :: Gateway Manager : Stop experiment
2024-10-24 13:31:21,743 :: INFO :: Stop experiment
2024-10-24 13:31:21,748 :: INFO :: Control node : stop of the experiment
2024-10-24 13:31:21,755 :: INFO :: Control node : profile configuration
2024-10-24 13:31:21,760 :: INFO :: Configure profile on Control Node
2024-10-24 13:31:21,806 :: INFO :: Control node : start power of open node
2024-10-24 13:31:21,839 :: INFO :: Node OpenOCD: teardown of openocd node
2024-10-24 13:31:24,859 :: INFO :: openocd node debugger stop
2024-10-24 13:31:25,481 :: INFO :: Node OpenOCD: flash of openocd node
2024-10-24 13:31:25,484 :: INFO :: Flash firmware on OpenOCD: /usr/lib/python3.8/site-packages/gateway_code/static/m3_idle.elf
2024-10-24 13:31:27,627 :: INFO :: Control node : Stop control node serial interface
2024-10-24 13:31:27,632 :: INFO :: Control node : stop power of open node
2024-10-24 13:31:27,666 :: INFO :: Control node : reset
2024-10-24 13:31:27,669 :: INFO :: Reset Control Node
2024-10-24 13:31:30,418 :: INFO :: Stop experiment succeeded
