2024-10-24 13:25:58,634 :: INFO :: Start experiment: perezram-407173
2024-10-24 13:25:58,637 :: INFO :: Control node : Starting of control node serial interface
2024-10-24 13:25:58,641 :: INFO :: Control node : reset
2024-10-24 13:25:58,644 :: INFO :: Reset Control Node
2024-10-24 13:26:01,432 :: INFO :: Control node : start power of open node
2024-10-24 13:26:01,449 :: INFO :: Node OpenOCD: Setup of openocd node
2024-10-24 13:26:04,463 :: INFO :: Node OpenOCD: flash of openocd node
2024-10-24 13:26:04,468 :: INFO :: Flash firmware on OpenOCD: /tmp/tmpbngy6ze_--ab7b72abb6ca950d227f7b9a58ccae2b_get-mac.iotlab
2024-10-24 13:26:11,960 :: INFO :: Control node : Start experiment
2024-10-24 13:26:12,024 :: INFO :: Control Node set time delay: 12807 us
2024-10-24 13:26:12,057 :: INFO :: Control node : profile configuration
2024-10-24 13:26:12,071 :: INFO :: Configure profile on Control Node
2024-10-24 13:26:12,126 :: INFO :: Start experiment succeeded
2024-10-24 13:31:21,742 :: INFO :: Gateway Manager : Stop experiment
2024-10-24 13:31:21,747 :: INFO :: Stop experiment
2024-10-24 13:31:21,751 :: INFO :: Control node : stop of the experiment
2024-10-24 13:31:21,758 :: INFO :: Control node : profile configuration
2024-10-24 13:31:21,763 :: INFO :: Configure profile on Control Node
2024-10-24 13:31:21,811 :: INFO :: Control node : start power of open node
2024-10-24 13:31:21,847 :: INFO :: Node OpenOCD: teardown of openocd node
2024-10-24 13:31:24,863 :: INFO :: openocd node debugger stop
2024-10-24 13:31:25,484 :: INFO :: Node OpenOCD: flash of openocd node
2024-10-24 13:31:25,488 :: INFO :: Flash firmware on OpenOCD: /usr/lib/python3.8/site-packages/gateway_code/static/m3_idle.elf
2024-10-24 13:31:27,628 :: INFO :: Control node : Stop control node serial interface
2024-10-24 13:31:27,633 :: INFO :: Control node : stop power of open node
2024-10-24 13:31:27,670 :: INFO :: Control node : reset
2024-10-24 13:31:27,674 :: INFO :: Reset Control Node
2024-10-24 13:31:30,419 :: INFO :: Stop experiment succeeded
