2024-10-24 13:25:57,957 :: INFO :: Start experiment: perezram-407173
2024-10-24 13:25:57,960 :: INFO :: Control node : Starting of control node serial interface
2024-10-24 13:25:57,964 :: INFO :: Control node : reset
2024-10-24 13:25:57,967 :: INFO :: Reset Control Node
2024-10-24 13:26:00,756 :: INFO :: Control node : start power of open node
2024-10-24 13:26:00,774 :: INFO :: Node OpenOCD: Setup of openocd node
2024-10-24 13:26:03,789 :: INFO :: Node OpenOCD: flash of openocd node
2024-10-24 13:26:03,794 :: INFO :: Flash firmware on OpenOCD: /tmp/tmpgvq_u_kq--ab7b72abb6ca950d227f7b9a58ccae2b_get-mac.iotlab
2024-10-24 13:26:11,289 :: INFO :: Control node : Start experiment
2024-10-24 13:26:11,349 :: INFO :: Control Node set time delay: 6924 us
2024-10-24 13:26:11,372 :: INFO :: Control node : profile configuration
2024-10-24 13:26:11,383 :: INFO :: Configure profile on Control Node
2024-10-24 13:26:11,451 :: INFO :: Start experiment succeeded
2024-10-24 13:31:21,877 :: INFO :: Gateway Manager : Stop experiment
2024-10-24 13:31:21,882 :: INFO :: Stop experiment
2024-10-24 13:31:21,886 :: INFO :: Control node : stop of the experiment
2024-10-24 13:31:21,891 :: INFO :: Control node : profile configuration
2024-10-24 13:31:21,894 :: INFO :: Configure profile on Control Node
2024-10-24 13:31:21,937 :: INFO :: Control node : start power of open node
2024-10-24 13:31:21,969 :: INFO :: Node OpenOCD: teardown of openocd node
2024-10-24 13:31:24,986 :: INFO :: openocd node debugger stop
2024-10-24 13:31:25,511 :: INFO :: Node OpenOCD: flash of openocd node
2024-10-24 13:31:25,514 :: INFO :: Flash firmware on OpenOCD: /usr/lib/python3.8/site-packages/gateway_code/static/m3_idle.elf
2024-10-24 13:31:27,656 :: INFO :: Control node : Stop control node serial interface
2024-10-24 13:31:27,661 :: INFO :: Control node : stop power of open node
2024-10-24 13:31:27,700 :: INFO :: Control node : reset
2024-10-24 13:31:27,704 :: INFO :: Reset Control Node
2024-10-24 13:31:30,449 :: INFO :: Stop experiment succeeded
