2024-10-24 13:25:58,127 :: INFO :: Start experiment: perezram-407173
2024-10-24 13:25:58,130 :: INFO :: Control node : Starting of control node serial interface
2024-10-24 13:25:58,134 :: INFO :: Control node : reset
2024-10-24 13:25:58,137 :: INFO :: Reset Control Node
2024-10-24 13:26:00,924 :: INFO :: Control node : start power of open node
2024-10-24 13:26:00,942 :: INFO :: Node OpenOCD: Setup of openocd node
2024-10-24 13:26:03,957 :: INFO :: Node OpenOCD: flash of openocd node
2024-10-24 13:26:03,962 :: INFO :: Flash firmware on OpenOCD: /tmp/tmp2lpzgvs8--ab7b72abb6ca950d227f7b9a58ccae2b_get-mac.iotlab
2024-10-24 13:26:11,455 :: INFO :: Control node : Start experiment
2024-10-24 13:26:11,533 :: INFO :: Control Node set time delay: 13809 us
2024-10-24 13:26:11,565 :: INFO :: Control node : profile configuration
2024-10-24 13:26:11,568 :: INFO :: Configure profile on Control Node
2024-10-24 13:26:11,619 :: INFO :: Start experiment succeeded
2024-10-24 13:31:21,956 :: INFO :: Gateway Manager : Stop experiment
2024-10-24 13:31:21,961 :: INFO :: Stop experiment
2024-10-24 13:31:21,964 :: INFO :: Control node : stop of the experiment
2024-10-24 13:31:21,969 :: INFO :: Control node : profile configuration
2024-10-24 13:31:21,972 :: INFO :: Configure profile on Control Node
2024-10-24 13:31:22,023 :: INFO :: Control node : start power of open node
2024-10-24 13:31:22,055 :: INFO :: Node OpenOCD: teardown of openocd node
2024-10-24 13:31:25,077 :: INFO :: openocd node debugger stop
2024-10-24 13:31:25,699 :: INFO :: Node OpenOCD: flash of openocd node
2024-10-24 13:31:25,702 :: INFO :: Flash firmware on OpenOCD: /usr/lib/python3.8/site-packages/gateway_code/static/m3_idle.elf
2024-10-24 13:31:27,843 :: INFO :: Control node : Stop control node serial interface
2024-10-24 13:31:27,848 :: INFO :: Control node : stop power of open node
2024-10-24 13:31:27,882 :: INFO :: Control node : reset
2024-10-24 13:31:27,886 :: INFO :: Reset Control Node
2024-10-24 13:31:30,623 :: INFO :: Stop experiment succeeded
