2024-10-24 13:25:58,305 :: INFO :: Start experiment: perezram-407173
2024-10-24 13:25:58,309 :: INFO :: Control node : Starting of control node serial interface
2024-10-24 13:25:58,312 :: INFO :: Control node : reset
2024-10-24 13:25:58,315 :: INFO :: Reset Control Node
2024-10-24 13:26:01,104 :: INFO :: Control node : start power of open node
2024-10-24 13:26:01,134 :: INFO :: Node OpenOCD: Setup of openocd node
2024-10-24 13:26:04,149 :: INFO :: Node OpenOCD: flash of openocd node
2024-10-24 13:26:04,154 :: INFO :: Flash firmware on OpenOCD: /tmp/tmp9vo_5cgm--ab7b72abb6ca950d227f7b9a58ccae2b_get-mac.iotlab
2024-10-24 13:26:11,697 :: INFO :: Control node : Start experiment
2024-10-24 13:26:11,757 :: INFO :: Control Node set time delay: 1232 us
2024-10-24 13:26:11,790 :: INFO :: Control node : profile configuration
2024-10-24 13:26:11,793 :: INFO :: Configure profile on Control Node
2024-10-24 13:26:11,859 :: INFO :: Start experiment succeeded
2024-10-24 13:31:21,861 :: INFO :: Gateway Manager : Stop experiment
2024-10-24 13:31:21,866 :: INFO :: Stop experiment
2024-10-24 13:31:21,870 :: INFO :: Control node : stop of the experiment
2024-10-24 13:31:21,875 :: INFO :: Control node : profile configuration
2024-10-24 13:31:21,878 :: INFO :: Configure profile on Control Node
2024-10-24 13:31:21,928 :: INFO :: Control node : start power of open node
2024-10-24 13:31:21,959 :: INFO :: Node OpenOCD: teardown of openocd node
2024-10-24 13:31:24,981 :: INFO :: openocd node debugger stop
2024-10-24 13:31:25,603 :: INFO :: Node OpenOCD: flash of openocd node
2024-10-24 13:31:25,607 :: INFO :: Flash firmware on OpenOCD: /usr/lib/python3.8/site-packages/gateway_code/static/m3_idle.elf
2024-10-24 13:31:27,748 :: INFO :: Control node : Stop control node serial interface
2024-10-24 13:31:27,752 :: INFO :: Control node : stop power of open node
2024-10-24 13:31:27,787 :: INFO :: Control node : reset
2024-10-24 13:31:27,791 :: INFO :: Reset Control Node
2024-10-24 13:31:30,530 :: INFO :: Stop experiment succeeded
