2024-10-24 13:25:58,226 :: INFO :: Start experiment: perezram-407173
2024-10-24 13:25:58,230 :: INFO :: Control node : Starting of control node serial interface
2024-10-24 13:25:58,233 :: INFO :: Control node : reset
2024-10-24 13:25:58,236 :: INFO :: Reset Control Node
2024-10-24 13:26:01,024 :: INFO :: Control node : start power of open node
2024-10-24 13:26:01,042 :: INFO :: Node OpenOCD: Setup of openocd node
2024-10-24 13:26:04,057 :: INFO :: Node OpenOCD: flash of openocd node
2024-10-24 13:26:04,062 :: INFO :: Flash firmware on OpenOCD: /tmp/tmpuctpxxpq--ab7b72abb6ca950d227f7b9a58ccae2b_get-mac.iotlab
2024-10-24 13:26:11,555 :: INFO :: Control node : Start experiment
2024-10-24 13:26:11,633 :: INFO :: Control Node set time delay: 7662 us
2024-10-24 13:26:11,665 :: INFO :: Control node : profile configuration
2024-10-24 13:26:11,668 :: INFO :: Configure profile on Control Node
2024-10-24 13:26:11,718 :: INFO :: Start experiment succeeded
2024-10-24 13:31:21,957 :: INFO :: Gateway Manager : Stop experiment
2024-10-24 13:31:21,962 :: INFO :: Stop experiment
2024-10-24 13:31:21,966 :: INFO :: Control node : stop of the experiment
2024-10-24 13:31:21,970 :: INFO :: Control node : profile configuration
2024-10-24 13:31:21,973 :: INFO :: Configure profile on Control Node
2024-10-24 13:31:22,027 :: INFO :: Control node : start power of open node
2024-10-24 13:31:22,059 :: INFO :: Node OpenOCD: teardown of openocd node
2024-10-24 13:31:25,080 :: INFO :: openocd node debugger stop
2024-10-24 13:31:25,702 :: INFO :: Node OpenOCD: flash of openocd node
2024-10-24 13:31:25,706 :: INFO :: Flash firmware on OpenOCD: /usr/lib/python3.8/site-packages/gateway_code/static/m3_idle.elf
2024-10-24 13:31:27,846 :: INFO :: Control node : Stop control node serial interface
2024-10-24 13:31:27,851 :: INFO :: Control node : stop power of open node
2024-10-24 13:31:27,886 :: INFO :: Control node : reset
2024-10-24 13:31:27,890 :: INFO :: Reset Control Node
2024-10-24 13:31:30,631 :: INFO :: Stop experiment succeeded
