2024-10-24 13:25:58,664 :: INFO :: Start experiment: perezram-407173
2024-10-24 13:25:58,667 :: INFO :: Control node : Starting of control node serial interface
2024-10-24 13:25:58,670 :: INFO :: Control node : reset
2024-10-24 13:25:58,674 :: INFO :: Reset Control Node
2024-10-24 13:26:01,462 :: INFO :: Control node : start power of open node
2024-10-24 13:26:01,479 :: INFO :: Node OpenOCD: Setup of openocd node
2024-10-24 13:26:04,494 :: INFO :: Node OpenOCD: flash of openocd node
2024-10-24 13:26:04,499 :: INFO :: Flash firmware on OpenOCD: /tmp/tmp979gp7sv--ab7b72abb6ca950d227f7b9a58ccae2b_get-mac.iotlab
2024-10-24 13:26:11,990 :: INFO :: Control node : Start experiment
2024-10-24 13:26:12,054 :: INFO :: Control Node set time delay: 10939 us
2024-10-24 13:26:12,078 :: INFO :: Control node : profile configuration
2024-10-24 13:26:12,092 :: INFO :: Configure profile on Control Node
2024-10-24 13:26:12,156 :: INFO :: Start experiment succeeded
2024-10-24 13:31:21,874 :: INFO :: Gateway Manager : Stop experiment
2024-10-24 13:31:21,878 :: INFO :: Stop experiment
2024-10-24 13:31:21,882 :: INFO :: Control node : stop of the experiment
2024-10-24 13:31:21,887 :: INFO :: Control node : profile configuration
2024-10-24 13:31:21,890 :: INFO :: Configure profile on Control Node
2024-10-24 13:31:21,938 :: INFO :: Control node : start power of open node
2024-10-24 13:31:21,970 :: INFO :: Node OpenOCD: teardown of openocd node
2024-10-24 13:31:24,987 :: INFO :: openocd node debugger stop
2024-10-24 13:31:25,512 :: INFO :: Node OpenOCD: flash of openocd node
2024-10-24 13:31:25,516 :: INFO :: Flash firmware on OpenOCD: /usr/lib/python3.8/site-packages/gateway_code/static/m3_idle.elf
2024-10-24 13:31:27,657 :: INFO :: Control node : Stop control node serial interface
2024-10-24 13:31:27,662 :: INFO :: Control node : stop power of open node
2024-10-24 13:31:27,702 :: INFO :: Control node : reset
2024-10-24 13:31:27,706 :: INFO :: Reset Control Node
2024-10-24 13:31:30,467 :: INFO :: Stop experiment succeeded
