2024-10-24 13:25:57,759 :: INFO :: Start experiment: perezram-407173
2024-10-24 13:25:57,763 :: INFO :: Control node : Starting of control node serial interface
2024-10-24 13:25:57,766 :: INFO :: Control node : reset
2024-10-24 13:25:57,769 :: INFO :: Reset Control Node
2024-10-24 13:26:00,558 :: INFO :: Control node : start power of open node
2024-10-24 13:26:00,584 :: INFO :: Node OpenOCD: Setup of openocd node
2024-10-24 13:26:03,602 :: INFO :: Node OpenOCD: flash of openocd node
2024-10-24 13:26:03,607 :: INFO :: Flash firmware on OpenOCD: /tmp/tmphq8ataid--ab7b72abb6ca950d227f7b9a58ccae2b_get-mac.iotlab
2024-10-24 13:26:11,151 :: INFO :: Control node : Start experiment
2024-10-24 13:26:11,224 :: INFO :: Control Node set time delay: 8024 us
2024-10-24 13:26:11,256 :: INFO :: Control node : profile configuration
2024-10-24 13:26:11,259 :: INFO :: Configure profile on Control Node
2024-10-24 13:26:11,325 :: INFO :: Start experiment succeeded
2024-10-24 13:31:21,746 :: INFO :: Gateway Manager : Stop experiment
2024-10-24 13:31:21,750 :: INFO :: Stop experiment
2024-10-24 13:31:21,757 :: INFO :: Control node : stop of the experiment
2024-10-24 13:31:21,764 :: INFO :: Control node : profile configuration
2024-10-24 13:31:21,767 :: INFO :: Configure profile on Control Node
2024-10-24 13:31:21,810 :: INFO :: Control node : start power of open node
2024-10-24 13:31:21,846 :: INFO :: Node OpenOCD: teardown of openocd node
2024-10-24 13:31:24,862 :: INFO :: openocd node debugger stop
2024-10-24 13:31:25,485 :: INFO :: Node OpenOCD: flash of openocd node
2024-10-24 13:31:25,488 :: INFO :: Flash firmware on OpenOCD: /usr/lib/python3.8/site-packages/gateway_code/static/m3_idle.elf
2024-10-24 13:31:27,630 :: INFO :: Control node : Stop control node serial interface
2024-10-24 13:31:27,635 :: INFO :: Control node : stop power of open node
2024-10-24 13:31:27,670 :: INFO :: Control node : reset
2024-10-24 13:31:27,674 :: INFO :: Reset Control Node
2024-10-24 13:31:30,417 :: INFO :: Stop experiment succeeded
