2024-10-24 13:25:57,759 :: INFO :: Start experiment: perezram-407173
2024-10-24 13:25:57,763 :: INFO :: Control node : Starting of control node serial interface
2024-10-24 13:25:57,766 :: INFO :: Control node : reset
2024-10-24 13:25:57,769 :: INFO :: Reset Control Node
2024-10-24 13:26:00,558 :: INFO :: Control node : start power of open node
2024-10-24 13:26:00,576 :: INFO :: Node OpenOCD: Setup of openocd node
2024-10-24 13:26:03,591 :: INFO :: Node OpenOCD: flash of openocd node
2024-10-24 13:26:03,596 :: INFO :: Flash firmware on OpenOCD: /tmp/tmpjhk0ktq9--ab7b72abb6ca950d227f7b9a58ccae2b_get-mac.iotlab
2024-10-24 13:26:11,088 :: INFO :: Control node : Start experiment
2024-10-24 13:26:11,151 :: INFO :: Control Node set time delay: 6433 us
2024-10-24 13:26:11,184 :: INFO :: Control node : profile configuration
2024-10-24 13:26:11,198 :: INFO :: Configure profile on Control Node
2024-10-24 13:26:11,253 :: INFO :: Start experiment succeeded
2024-10-24 13:31:21,960 :: INFO :: Gateway Manager : Stop experiment
2024-10-24 13:31:21,964 :: INFO :: Stop experiment
2024-10-24 13:31:21,968 :: INFO :: Control node : stop of the experiment
2024-10-24 13:31:21,973 :: INFO :: Control node : profile configuration
2024-10-24 13:31:21,976 :: INFO :: Configure profile on Control Node
2024-10-24 13:31:22,027 :: INFO :: Control node : start power of open node
2024-10-24 13:31:22,059 :: INFO :: Node OpenOCD: teardown of openocd node
2024-10-24 13:31:25,075 :: INFO :: openocd node debugger stop
2024-10-24 13:31:25,697 :: INFO :: Node OpenOCD: flash of openocd node
2024-10-24 13:31:25,700 :: INFO :: Flash firmware on OpenOCD: /usr/lib/python3.8/site-packages/gateway_code/static/m3_idle.elf
2024-10-24 13:31:27,842 :: INFO :: Control node : Stop control node serial interface
2024-10-24 13:31:27,846 :: INFO :: Control node : stop power of open node
2024-10-24 13:31:27,886 :: INFO :: Control node : reset
2024-10-24 13:31:27,890 :: INFO :: Reset Control Node
2024-10-24 13:31:30,629 :: INFO :: Stop experiment succeeded
