2024-10-24 13:25:58,692 :: INFO :: Start experiment: perezram-407173
2024-10-24 13:25:58,696 :: INFO :: Control node : Starting of control node serial interface
2024-10-24 13:25:58,699 :: INFO :: Control node : reset
2024-10-24 13:25:58,702 :: INFO :: Reset Control Node
2024-10-24 13:26:01,493 :: INFO :: Control node : start power of open node
2024-10-24 13:26:01,511 :: INFO :: Node OpenOCD: Setup of openocd node
2024-10-24 13:26:04,526 :: INFO :: Node OpenOCD: flash of openocd node
2024-10-24 13:26:04,531 :: INFO :: Flash firmware on OpenOCD: /tmp/tmpq3g6d9g1--ab7b72abb6ca950d227f7b9a58ccae2b_get-mac.iotlab
2024-10-24 13:26:12,026 :: INFO :: Control node : Start experiment
2024-10-24 13:26:12,089 :: INFO :: Control Node set time delay: 6738 us
2024-10-24 13:26:12,119 :: INFO :: Control node : profile configuration
2024-10-24 13:26:12,122 :: INFO :: Configure profile on Control Node
2024-10-24 13:26:12,188 :: INFO :: Start experiment succeeded
2024-10-24 13:31:21,871 :: INFO :: Gateway Manager : Stop experiment
2024-10-24 13:31:21,875 :: INFO :: Stop experiment
2024-10-24 13:31:21,879 :: INFO :: Control node : stop of the experiment
2024-10-24 13:31:21,884 :: INFO :: Control node : profile configuration
2024-10-24 13:31:21,887 :: INFO :: Configure profile on Control Node
2024-10-24 13:31:21,937 :: INFO :: Control node : start power of open node
2024-10-24 13:31:21,969 :: INFO :: Node OpenOCD: teardown of openocd node
2024-10-24 13:31:24,985 :: INFO :: openocd node debugger stop
2024-10-24 13:31:25,510 :: INFO :: Node OpenOCD: flash of openocd node
2024-10-24 13:31:25,514 :: INFO :: Flash firmware on OpenOCD: /usr/lib/python3.8/site-packages/gateway_code/static/m3_idle.elf
2024-10-24 13:31:27,658 :: INFO :: Control node : Stop control node serial interface
2024-10-24 13:31:27,662 :: INFO :: Control node : stop power of open node
2024-10-24 13:31:27,700 :: INFO :: Control node : reset
2024-10-24 13:31:27,704 :: INFO :: Reset Control Node
2024-10-24 13:31:30,452 :: INFO :: Stop experiment succeeded
