2024-10-24 13:25:58,013 :: INFO :: Start experiment: perezram-407173
2024-10-24 13:25:58,017 :: INFO :: Control node : Starting of control node serial interface
2024-10-24 13:25:58,021 :: INFO :: Control node : reset
2024-10-24 13:25:58,024 :: INFO :: Reset Control Node
2024-10-24 13:26:00,813 :: INFO :: Control node : start power of open node
2024-10-24 13:26:00,831 :: INFO :: Node OpenOCD: Setup of openocd node
2024-10-24 13:26:03,846 :: INFO :: Node OpenOCD: flash of openocd node
2024-10-24 13:26:03,851 :: INFO :: Flash firmware on OpenOCD: /tmp/tmp4ff8t44s--ab7b72abb6ca950d227f7b9a58ccae2b_get-mac.iotlab
2024-10-24 13:26:11,346 :: INFO :: Control node : Start experiment
2024-10-24 13:26:11,423 :: INFO :: Control Node set time delay: 7750 us
2024-10-24 13:26:11,454 :: INFO :: Control node : profile configuration
2024-10-24 13:26:11,458 :: INFO :: Configure profile on Control Node
2024-10-24 13:26:11,508 :: INFO :: Start experiment succeeded
2024-10-24 13:31:21,890 :: INFO :: Gateway Manager : Stop experiment
2024-10-24 13:31:21,895 :: INFO :: Stop experiment
2024-10-24 13:31:21,899 :: INFO :: Control node : stop of the experiment
2024-10-24 13:31:21,903 :: INFO :: Control node : profile configuration
2024-10-24 13:31:21,907 :: INFO :: Configure profile on Control Node
2024-10-24 13:31:21,958 :: INFO :: Control node : start power of open node
2024-10-24 13:31:21,990 :: INFO :: Node OpenOCD: teardown of openocd node
2024-10-24 13:31:25,006 :: INFO :: openocd node debugger stop
2024-10-24 13:31:25,628 :: INFO :: Node OpenOCD: flash of openocd node
2024-10-24 13:31:25,631 :: INFO :: Flash firmware on OpenOCD: /usr/lib/python3.8/site-packages/gateway_code/static/m3_idle.elf
2024-10-24 13:31:27,773 :: INFO :: Control node : Stop control node serial interface
2024-10-24 13:31:27,778 :: INFO :: Control node : stop power of open node
2024-10-24 13:31:27,817 :: INFO :: Control node : reset
2024-10-24 13:31:27,821 :: INFO :: Reset Control Node
2024-10-24 13:31:30,598 :: INFO :: Stop experiment succeeded
