2024-10-24 13:25:58,514 :: INFO :: Start experiment: perezram-407173
2024-10-24 13:25:58,518 :: INFO :: Control node : Starting of control node serial interface
2024-10-24 13:25:58,521 :: INFO :: Control node : reset
2024-10-24 13:25:58,524 :: INFO :: Reset Control Node
2024-10-24 13:26:01,318 :: INFO :: Control node : start power of open node
2024-10-24 13:26:01,335 :: INFO :: Node OpenOCD: Setup of openocd node
2024-10-24 13:26:04,349 :: INFO :: Node OpenOCD: flash of openocd node
2024-10-24 13:26:04,354 :: INFO :: Flash firmware on OpenOCD: /tmp/tmpla5kh65i--ab7b72abb6ca950d227f7b9a58ccae2b_get-mac.iotlab
2024-10-24 13:26:11,897 :: INFO :: Control node : Start experiment
2024-10-24 13:26:11,958 :: INFO :: Control Node set time delay: 7337 us
2024-10-24 13:26:11,990 :: INFO :: Control node : profile configuration
2024-10-24 13:26:12,004 :: INFO :: Configure profile on Control Node
2024-10-24 13:26:12,060 :: INFO :: Start experiment succeeded
2024-10-24 13:31:21,649 :: INFO :: Gateway Manager : Stop experiment
2024-10-24 13:31:21,653 :: INFO :: Stop experiment
2024-10-24 13:31:21,657 :: INFO :: Control node : stop of the experiment
2024-10-24 13:31:21,662 :: INFO :: Control node : profile configuration
2024-10-24 13:31:21,665 :: INFO :: Configure profile on Control Node
2024-10-24 13:31:21,712 :: INFO :: Control node : start power of open node
2024-10-24 13:31:21,746 :: INFO :: Node OpenOCD: teardown of openocd node
2024-10-24 13:31:24,763 :: INFO :: openocd node debugger stop
2024-10-24 13:31:25,386 :: INFO :: Node OpenOCD: flash of openocd node
2024-10-24 13:31:25,389 :: INFO :: Flash firmware on OpenOCD: /usr/lib/python3.8/site-packages/gateway_code/static/m3_idle.elf
2024-10-24 13:31:27,531 :: INFO :: Control node : Stop control node serial interface
2024-10-24 13:31:27,536 :: INFO :: Control node : stop power of open node
2024-10-24 13:31:27,572 :: INFO :: Control node : reset
2024-10-24 13:31:27,576 :: INFO :: Reset Control Node
2024-10-24 13:31:30,320 :: INFO :: Stop experiment succeeded
