2024-10-24 13:25:58,689 :: INFO :: Start experiment: perezram-407173
2024-10-24 13:25:58,693 :: INFO :: Control node : Starting of control node serial interface
2024-10-24 13:25:58,696 :: INFO :: Control node : reset
2024-10-24 13:25:58,699 :: INFO :: Reset Control Node
2024-10-24 13:26:01,488 :: INFO :: Control node : start power of open node
2024-10-24 13:26:01,506 :: INFO :: Node OpenOCD: Setup of openocd node
2024-10-24 13:26:04,520 :: INFO :: Node OpenOCD: flash of openocd node
2024-10-24 13:26:04,525 :: INFO :: Flash firmware on OpenOCD: /tmp/tmpzsx50fsg--ab7b72abb6ca950d227f7b9a58ccae2b_get-mac.iotlab
2024-10-24 13:26:12,017 :: INFO :: Control node : Start experiment
2024-10-24 13:26:12,083 :: INFO :: Control Node set time delay: 10913 us
2024-10-24 13:26:12,129 :: INFO :: Control node : profile configuration
2024-10-24 13:26:12,132 :: INFO :: Configure profile on Control Node
2024-10-24 13:26:12,182 :: INFO :: Start experiment succeeded
2024-10-24 13:31:21,872 :: INFO :: Gateway Manager : Stop experiment
2024-10-24 13:31:21,877 :: INFO :: Stop experiment
2024-10-24 13:31:21,881 :: INFO :: Control node : stop of the experiment
2024-10-24 13:31:21,885 :: INFO :: Control node : profile configuration
2024-10-24 13:31:21,888 :: INFO :: Configure profile on Control Node
2024-10-24 13:31:21,946 :: INFO :: Control node : start power of open node
2024-10-24 13:31:21,978 :: INFO :: Node OpenOCD: teardown of openocd node
2024-10-24 13:31:24,995 :: INFO :: openocd node debugger stop
2024-10-24 13:31:25,616 :: INFO :: Node OpenOCD: flash of openocd node
2024-10-24 13:31:25,620 :: INFO :: Flash firmware on OpenOCD: /usr/lib/python3.8/site-packages/gateway_code/static/m3_idle.elf
2024-10-24 13:31:27,761 :: INFO :: Control node : Stop control node serial interface
2024-10-24 13:31:27,765 :: INFO :: Control node : stop power of open node
2024-10-24 13:31:27,806 :: INFO :: Control node : reset
2024-10-24 13:31:27,809 :: INFO :: Reset Control Node
2024-10-24 13:31:30,579 :: INFO :: Stop experiment succeeded
