2024-10-24 13:25:58,688 :: INFO :: Start experiment: perezram-407173
2024-10-24 13:25:58,692 :: INFO :: Control node : Starting of control node serial interface
2024-10-24 13:25:58,695 :: INFO :: Control node : reset
2024-10-24 13:25:58,698 :: INFO :: Reset Control Node
2024-10-24 13:26:01,485 :: INFO :: Control node : start power of open node
2024-10-24 13:26:01,503 :: INFO :: Node OpenOCD: Setup of openocd node
2024-10-24 13:26:04,517 :: INFO :: Node OpenOCD: flash of openocd node
2024-10-24 13:26:04,522 :: INFO :: Flash firmware on OpenOCD: /tmp/tmpokbas6bl--ab7b72abb6ca950d227f7b9a58ccae2b_get-mac.iotlab
2024-10-24 13:26:12,012 :: INFO :: Control node : Start experiment
2024-10-24 13:26:12,078 :: INFO :: Control Node set time delay: 12913 us
2024-10-24 13:26:12,110 :: INFO :: Control node : profile configuration
2024-10-24 13:26:12,113 :: INFO :: Configure profile on Control Node
2024-10-24 13:26:12,179 :: INFO :: Start experiment succeeded
2024-10-24 13:31:21,959 :: INFO :: Gateway Manager : Stop experiment
2024-10-24 13:31:21,963 :: INFO :: Stop experiment
2024-10-24 13:31:21,967 :: INFO :: Control node : stop of the experiment
2024-10-24 13:31:21,972 :: INFO :: Control node : profile configuration
2024-10-24 13:31:21,975 :: INFO :: Configure profile on Control Node
2024-10-24 13:31:22,022 :: INFO :: Control node : start power of open node
2024-10-24 13:31:22,054 :: INFO :: Node OpenOCD: teardown of openocd node
2024-10-24 13:31:25,075 :: INFO :: openocd node debugger stop
2024-10-24 13:31:25,697 :: INFO :: Node OpenOCD: flash of openocd node
2024-10-24 13:31:25,700 :: INFO :: Flash firmware on OpenOCD: /usr/lib/python3.8/site-packages/gateway_code/static/m3_idle.elf
2024-10-24 13:31:27,842 :: INFO :: Control node : Stop control node serial interface
2024-10-24 13:31:27,846 :: INFO :: Control node : stop power of open node
2024-10-24 13:31:27,881 :: INFO :: Control node : reset
2024-10-24 13:31:27,885 :: INFO :: Reset Control Node
2024-10-24 13:31:30,623 :: INFO :: Stop experiment succeeded
