2024-10-24 13:25:57,760 :: INFO :: Start experiment: perezram-407173
2024-10-24 13:25:57,764 :: INFO :: Control node : Starting of control node serial interface
2024-10-24 13:25:57,767 :: INFO :: Control node : reset
2024-10-24 13:25:57,770 :: INFO :: Reset Control Node
2024-10-24 13:26:00,559 :: INFO :: Control node : start power of open node
2024-10-24 13:26:00,576 :: INFO :: Node OpenOCD: Setup of openocd node
2024-10-24 13:26:03,590 :: INFO :: Node OpenOCD: flash of openocd node
2024-10-24 13:26:03,596 :: INFO :: Flash firmware on OpenOCD: /tmp/tmpn79xjutm--ab7b72abb6ca950d227f7b9a58ccae2b_get-mac.iotlab
2024-10-24 13:26:11,090 :: INFO :: Control node : Start experiment
2024-10-24 13:26:11,156 :: INFO :: Control Node set time delay: 6612 us
2024-10-24 13:26:11,194 :: INFO :: Control node : profile configuration
2024-10-24 13:26:11,197 :: INFO :: Configure profile on Control Node
2024-10-24 13:26:11,252 :: INFO :: Start experiment succeeded
2024-10-24 13:31:21,873 :: INFO :: Gateway Manager : Stop experiment
2024-10-24 13:31:21,877 :: INFO :: Stop experiment
2024-10-24 13:31:21,881 :: INFO :: Control node : stop of the experiment
2024-10-24 13:31:21,886 :: INFO :: Control node : profile configuration
2024-10-24 13:31:21,889 :: INFO :: Configure profile on Control Node
2024-10-24 13:31:21,945 :: INFO :: Control node : start power of open node
2024-10-24 13:31:21,977 :: INFO :: Node OpenOCD: teardown of openocd node
2024-10-24 13:31:24,994 :: INFO :: openocd node debugger stop
2024-10-24 13:31:25,519 :: INFO :: Node OpenOCD: flash of openocd node
2024-10-24 13:31:25,523 :: INFO :: Flash firmware on OpenOCD: /usr/lib/python3.8/site-packages/gateway_code/static/m3_idle.elf
2024-10-24 13:31:27,665 :: INFO :: Control node : Stop control node serial interface
2024-10-24 13:31:27,669 :: INFO :: Control node : stop power of open node
2024-10-24 13:31:27,708 :: INFO :: Control node : reset
2024-10-24 13:31:27,712 :: INFO :: Reset Control Node
2024-10-24 13:31:30,474 :: INFO :: Stop experiment succeeded
