2024-10-24 13:25:58,363 :: INFO :: Start experiment: perezram-407173
2024-10-24 13:25:58,367 :: INFO :: Control node : Starting of control node serial interface
2024-10-24 13:25:58,370 :: INFO :: Control node : reset
2024-10-24 13:25:58,373 :: INFO :: Reset Control Node
2024-10-24 13:26:01,190 :: INFO :: Control node : start power of open node
2024-10-24 13:26:01,208 :: INFO :: Node OpenOCD: Setup of openocd node
2024-10-24 13:26:04,222 :: INFO :: Node OpenOCD: flash of openocd node
2024-10-24 13:26:04,229 :: INFO :: Flash firmware on OpenOCD: /tmp/tmpnud5aoih--ab7b72abb6ca950d227f7b9a58ccae2b_get-mac.iotlab
2024-10-24 13:26:11,671 :: INFO :: Control node : Start experiment
2024-10-24 13:26:11,735 :: INFO :: Control Node set time delay: 6513 us
2024-10-24 13:26:11,778 :: INFO :: Control node : profile configuration
2024-10-24 13:26:11,782 :: INFO :: Configure profile on Control Node
2024-10-24 13:26:11,836 :: INFO :: Start experiment succeeded
2024-10-24 13:31:21,887 :: INFO :: Gateway Manager : Stop experiment
2024-10-24 13:31:21,892 :: INFO :: Stop experiment
2024-10-24 13:31:21,896 :: INFO :: Control node : stop of the experiment
2024-10-24 13:31:21,901 :: INFO :: Control node : profile configuration
2024-10-24 13:31:21,904 :: INFO :: Configure profile on Control Node
2024-10-24 13:31:21,952 :: INFO :: Control node : start power of open node
2024-10-24 13:31:21,984 :: INFO :: Node OpenOCD: teardown of openocd node
2024-10-24 13:31:25,001 :: INFO :: openocd node debugger stop
2024-10-24 13:31:25,623 :: INFO :: Node OpenOCD: flash of openocd node
2024-10-24 13:31:25,626 :: INFO :: Flash firmware on OpenOCD: /usr/lib/python3.8/site-packages/gateway_code/static/m3_idle.elf
2024-10-24 13:31:27,767 :: INFO :: Control node : Stop control node serial interface
2024-10-24 13:31:27,772 :: INFO :: Control node : stop power of open node
2024-10-24 13:31:27,812 :: INFO :: Control node : reset
2024-10-24 13:31:27,816 :: INFO :: Reset Control Node
2024-10-24 13:31:30,588 :: INFO :: Stop experiment succeeded
