2024-10-24 13:25:57,995 :: INFO :: Start experiment: perezram-407173
2024-10-24 13:25:57,999 :: INFO :: Control node : Starting of control node serial interface
2024-10-24 13:25:58,002 :: INFO :: Control node : reset
2024-10-24 13:25:58,005 :: INFO :: Reset Control Node
2024-10-24 13:26:00,796 :: INFO :: Control node : start power of open node
2024-10-24 13:26:00,818 :: INFO :: Node OpenOCD: Setup of openocd node
2024-10-24 13:26:03,833 :: INFO :: Node OpenOCD: flash of openocd node
2024-10-24 13:26:03,838 :: INFO :: Flash firmware on OpenOCD: /tmp/tmpaiqziih2--ab7b72abb6ca950d227f7b9a58ccae2b_get-mac.iotlab
2024-10-24 13:26:11,332 :: INFO :: Control node : Start experiment
2024-10-24 13:26:11,421 :: INFO :: Control Node set time delay: 10871 us
2024-10-24 13:26:11,442 :: INFO :: Control node : profile configuration
2024-10-24 13:26:11,445 :: INFO :: Configure profile on Control Node
2024-10-24 13:26:11,495 :: INFO :: Start experiment succeeded
2024-10-24 13:31:21,628 :: INFO :: Gateway Manager : Stop experiment
2024-10-24 13:31:21,634 :: INFO :: Stop experiment
2024-10-24 13:31:21,638 :: INFO :: Control node : stop of the experiment
2024-10-24 13:31:21,643 :: INFO :: Control node : profile configuration
2024-10-24 13:31:21,646 :: INFO :: Configure profile on Control Node
2024-10-24 13:31:21,691 :: INFO :: Control node : start power of open node
2024-10-24 13:31:21,725 :: INFO :: Node OpenOCD: teardown of openocd node
2024-10-24 13:31:24,742 :: INFO :: openocd node debugger stop
2024-10-24 13:31:25,364 :: INFO :: Node OpenOCD: flash of openocd node
2024-10-24 13:31:25,367 :: INFO :: Flash firmware on OpenOCD: /usr/lib/python3.8/site-packages/gateway_code/static/m3_idle.elf
2024-10-24 13:31:27,510 :: INFO :: Control node : Stop control node serial interface
2024-10-24 13:31:27,514 :: INFO :: Control node : stop power of open node
2024-10-24 13:31:27,551 :: INFO :: Control node : reset
2024-10-24 13:31:27,555 :: INFO :: Reset Control Node
2024-10-24 13:31:30,304 :: INFO :: Stop experiment succeeded
