2024-10-24 13:25:58,480 :: INFO :: Start experiment: perezram-407173
2024-10-24 13:25:58,483 :: INFO :: Control node : Starting of control node serial interface
2024-10-24 13:25:58,487 :: INFO :: Control node : reset
2024-10-24 13:25:58,489 :: INFO :: Reset Control Node
2024-10-24 13:26:01,279 :: INFO :: Control node : start power of open node
2024-10-24 13:26:01,305 :: INFO :: Node OpenOCD: Setup of openocd node
2024-10-24 13:26:04,321 :: INFO :: Node OpenOCD: flash of openocd node
2024-10-24 13:26:04,326 :: INFO :: Flash firmware on OpenOCD: /tmp/tmpj3gz2lmd--ab7b72abb6ca950d227f7b9a58ccae2b_get-mac.iotlab
2024-10-24 13:26:11,885 :: INFO :: Control node : Start experiment
2024-10-24 13:26:11,945 :: INFO :: Control Node set time delay: 7858 us
2024-10-24 13:26:11,977 :: INFO :: Control node : profile configuration
2024-10-24 13:26:11,980 :: INFO :: Configure profile on Control Node
2024-10-24 13:26:12,030 :: INFO :: Start experiment succeeded
2024-10-24 13:31:21,863 :: INFO :: Gateway Manager : Stop experiment
2024-10-24 13:31:21,868 :: INFO :: Stop experiment
2024-10-24 13:31:21,872 :: INFO :: Control node : stop of the experiment
2024-10-24 13:31:21,877 :: INFO :: Control node : profile configuration
2024-10-24 13:31:21,880 :: INFO :: Configure profile on Control Node
2024-10-24 13:31:21,926 :: INFO :: Control node : start power of open node
2024-10-24 13:31:21,958 :: INFO :: Node OpenOCD: teardown of openocd node
2024-10-24 13:31:24,981 :: INFO :: openocd node debugger stop
2024-10-24 13:31:25,603 :: INFO :: Node OpenOCD: flash of openocd node
2024-10-24 13:31:25,607 :: INFO :: Flash firmware on OpenOCD: /usr/lib/python3.8/site-packages/gateway_code/static/m3_idle.elf
2024-10-24 13:31:27,748 :: INFO :: Control node : Stop control node serial interface
2024-10-24 13:31:27,753 :: INFO :: Control node : stop power of open node
2024-10-24 13:31:27,785 :: INFO :: Control node : reset
2024-10-24 13:31:27,789 :: INFO :: Reset Control Node
2024-10-24 13:31:30,530 :: INFO :: Stop experiment succeeded
