2024-10-24 13:25:58,701 :: INFO :: Start experiment: perezram-407173
2024-10-24 13:25:58,705 :: INFO :: Control node : Starting of control node serial interface
2024-10-24 13:25:58,708 :: INFO :: Control node : reset
2024-10-24 13:25:58,711 :: INFO :: Reset Control Node
2024-10-24 13:26:01,500 :: INFO :: Control node : start power of open node
2024-10-24 13:26:01,518 :: INFO :: Node OpenOCD: Setup of openocd node
2024-10-24 13:26:04,533 :: INFO :: Node OpenOCD: flash of openocd node
2024-10-24 13:26:04,538 :: INFO :: Flash firmware on OpenOCD: /tmp/tmpznoh7j4y--ab7b72abb6ca950d227f7b9a58ccae2b_get-mac.iotlab
2024-10-24 13:26:12,030 :: INFO :: Control node : Start experiment
2024-10-24 13:26:12,093 :: INFO :: Control Node set time delay: 5569 us
2024-10-24 13:26:12,117 :: INFO :: Control node : profile configuration
2024-10-24 13:26:12,131 :: INFO :: Configure profile on Control Node
2024-10-24 13:26:12,195 :: INFO :: Start experiment succeeded
2024-10-24 13:31:21,867 :: INFO :: Gateway Manager : Stop experiment
2024-10-24 13:31:21,872 :: INFO :: Stop experiment
2024-10-24 13:31:21,876 :: INFO :: Control node : stop of the experiment
2024-10-24 13:31:21,881 :: INFO :: Control node : profile configuration
2024-10-24 13:31:21,884 :: INFO :: Configure profile on Control Node
2024-10-24 13:31:21,929 :: INFO :: Control node : start power of open node
2024-10-24 13:31:21,961 :: INFO :: Node OpenOCD: teardown of openocd node
2024-10-24 13:31:24,979 :: INFO :: openocd node debugger stop
2024-10-24 13:31:25,504 :: INFO :: Node OpenOCD: flash of openocd node
2024-10-24 13:31:25,507 :: INFO :: Flash firmware on OpenOCD: /usr/lib/python3.8/site-packages/gateway_code/static/m3_idle.elf
2024-10-24 13:31:27,649 :: INFO :: Control node : Stop control node serial interface
2024-10-24 13:31:27,653 :: INFO :: Control node : stop power of open node
2024-10-24 13:31:27,692 :: INFO :: Control node : reset
2024-10-24 13:31:27,696 :: INFO :: Reset Control Node
2024-10-24 13:31:30,433 :: INFO :: Stop experiment succeeded
