2024-10-24 13:25:58,345 :: INFO :: Start experiment: perezram-407173
2024-10-24 13:25:58,349 :: INFO :: Control node : Starting of control node serial interface
2024-10-24 13:25:58,352 :: INFO :: Control node : reset
2024-10-24 13:25:58,355 :: INFO :: Reset Control Node
2024-10-24 13:26:01,212 :: INFO :: Control node : start power of open node
2024-10-24 13:26:01,236 :: INFO :: Node OpenOCD: Setup of openocd node
2024-10-24 13:26:04,252 :: INFO :: Node OpenOCD: flash of openocd node
2024-10-24 13:26:04,257 :: INFO :: Flash firmware on OpenOCD: /tmp/tmprza98b3z--ab7b72abb6ca950d227f7b9a58ccae2b_get-mac.iotlab
2024-10-24 13:26:11,800 :: INFO :: Control node : Start experiment
2024-10-24 13:26:11,876 :: INFO :: Control Node set time delay: 7709 us
2024-10-24 13:26:11,908 :: INFO :: Control node : profile configuration
2024-10-24 13:26:11,911 :: INFO :: Configure profile on Control Node
2024-10-24 13:26:11,961 :: INFO :: Start experiment succeeded
2024-10-24 13:31:21,864 :: INFO :: Gateway Manager : Stop experiment
2024-10-24 13:31:21,869 :: INFO :: Stop experiment
2024-10-24 13:31:21,873 :: INFO :: Control node : stop of the experiment
2024-10-24 13:31:21,877 :: INFO :: Control node : profile configuration
2024-10-24 13:31:21,880 :: INFO :: Configure profile on Control Node
2024-10-24 13:31:21,935 :: INFO :: Control node : start power of open node
2024-10-24 13:31:21,967 :: INFO :: Node OpenOCD: teardown of openocd node
2024-10-24 13:31:24,989 :: INFO :: openocd node debugger stop
2024-10-24 13:31:25,515 :: INFO :: Node OpenOCD: flash of openocd node
2024-10-24 13:31:25,518 :: INFO :: Flash firmware on OpenOCD: /usr/lib/python3.8/site-packages/gateway_code/static/m3_idle.elf
2024-10-24 13:31:27,659 :: INFO :: Control node : Stop control node serial interface
2024-10-24 13:31:27,663 :: INFO :: Control node : stop power of open node
2024-10-24 13:31:27,698 :: INFO :: Control node : reset
2024-10-24 13:31:27,702 :: INFO :: Reset Control Node
2024-10-24 13:31:30,467 :: INFO :: Stop experiment succeeded
