2024-10-24 13:25:58,696 :: INFO :: Start experiment: perezram-407173
2024-10-24 13:25:58,700 :: INFO :: Control node : Starting of control node serial interface
2024-10-24 13:25:58,703 :: INFO :: Control node : reset
2024-10-24 13:25:58,706 :: INFO :: Reset Control Node
2024-10-24 13:26:01,497 :: INFO :: Control node : start power of open node
2024-10-24 13:26:01,513 :: INFO :: Node OpenOCD: Setup of openocd node
2024-10-24 13:26:04,528 :: INFO :: Node OpenOCD: flash of openocd node
2024-10-24 13:26:04,533 :: INFO :: Flash firmware on OpenOCD: /tmp/tmpv1e_pv13--ab7b72abb6ca950d227f7b9a58ccae2b_get-mac.iotlab
2024-10-24 13:26:12,025 :: INFO :: Control node : Start experiment
2024-10-24 13:26:12,092 :: INFO :: Control Node set time delay: 3937 us
2024-10-24 13:26:12,122 :: INFO :: Control node : profile configuration
2024-10-24 13:26:12,135 :: INFO :: Configure profile on Control Node
2024-10-24 13:26:12,190 :: INFO :: Start experiment succeeded
2024-10-24 13:31:21,870 :: INFO :: Gateway Manager : Stop experiment
2024-10-24 13:31:21,875 :: INFO :: Stop experiment
2024-10-24 13:31:21,878 :: INFO :: Control node : stop of the experiment
2024-10-24 13:31:21,883 :: INFO :: Control node : profile configuration
2024-10-24 13:31:21,887 :: INFO :: Configure profile on Control Node
2024-10-24 13:31:21,937 :: INFO :: Control node : start power of open node
2024-10-24 13:31:21,969 :: INFO :: Node OpenOCD: teardown of openocd node
2024-10-24 13:31:24,986 :: INFO :: openocd node debugger stop
2024-10-24 13:31:25,511 :: INFO :: Node OpenOCD: flash of openocd node
2024-10-24 13:31:25,514 :: INFO :: Flash firmware on OpenOCD: /usr/lib/python3.8/site-packages/gateway_code/static/m3_idle.elf
2024-10-24 13:31:27,656 :: INFO :: Control node : Stop control node serial interface
2024-10-24 13:31:27,661 :: INFO :: Control node : stop power of open node
2024-10-24 13:31:27,701 :: INFO :: Control node : reset
2024-10-24 13:31:27,705 :: INFO :: Reset Control Node
2024-10-24 13:31:30,447 :: INFO :: Stop experiment succeeded
