2024-10-24 13:25:58,627 :: INFO :: Start experiment: perezram-407173
2024-10-24 13:25:58,631 :: INFO :: Control node : Starting of control node serial interface
2024-10-24 13:25:58,634 :: INFO :: Control node : reset
2024-10-24 13:25:58,637 :: INFO :: Reset Control Node
2024-10-24 13:26:01,436 :: INFO :: Control node : start power of open node
2024-10-24 13:26:01,453 :: INFO :: Node OpenOCD: Setup of openocd node
2024-10-24 13:26:04,467 :: INFO :: Node OpenOCD: flash of openocd node
2024-10-24 13:26:04,472 :: INFO :: Flash firmware on OpenOCD: /tmp/tmpxrc672mn--ab7b72abb6ca950d227f7b9a58ccae2b_get-mac.iotlab
2024-10-24 13:26:11,917 :: INFO :: Control node : Start experiment
2024-10-24 13:26:11,980 :: INFO :: Control Node set time delay: 9449 us
2024-10-24 13:26:12,029 :: INFO :: Control node : profile configuration
2024-10-24 13:26:12,032 :: INFO :: Configure profile on Control Node
2024-10-24 13:26:12,082 :: INFO :: Start experiment succeeded
2024-10-24 13:31:21,956 :: INFO :: Gateway Manager : Stop experiment
2024-10-24 13:31:21,960 :: INFO :: Stop experiment
2024-10-24 13:31:21,964 :: INFO :: Control node : stop of the experiment
2024-10-24 13:31:21,969 :: INFO :: Control node : profile configuration
2024-10-24 13:31:21,973 :: INFO :: Configure profile on Control Node
2024-10-24 13:31:22,023 :: INFO :: Control node : start power of open node
2024-10-24 13:31:22,054 :: INFO :: Node OpenOCD: teardown of openocd node
2024-10-24 13:31:25,077 :: INFO :: openocd node debugger stop
2024-10-24 13:31:25,699 :: INFO :: Node OpenOCD: flash of openocd node
2024-10-24 13:31:25,702 :: INFO :: Flash firmware on OpenOCD: /usr/lib/python3.8/site-packages/gateway_code/static/m3_idle.elf
2024-10-24 13:31:27,846 :: INFO :: Control node : Stop control node serial interface
2024-10-24 13:31:27,851 :: INFO :: Control node : stop power of open node
2024-10-24 13:31:27,898 :: INFO :: Control node : reset
2024-10-24 13:31:27,902 :: INFO :: Reset Control Node
2024-10-24 13:31:30,639 :: INFO :: Stop experiment succeeded
