2024-10-24 13:25:58,709 :: INFO :: Start experiment: perezram-407173
2024-10-24 13:25:58,713 :: INFO :: Control node : Starting of control node serial interface
2024-10-24 13:25:58,717 :: INFO :: Control node : reset
2024-10-24 13:25:58,721 :: INFO :: Reset Control Node
2024-10-24 13:26:01,538 :: INFO :: Control node : start power of open node
2024-10-24 13:26:01,563 :: INFO :: Node OpenOCD: Setup of openocd node
2024-10-24 13:26:04,580 :: INFO :: Node OpenOCD: flash of openocd node
2024-10-24 13:26:04,586 :: INFO :: Flash firmware on OpenOCD: /tmp/tmpguw24888--ab7b72abb6ca950d227f7b9a58ccae2b_get-mac.iotlab
2024-10-24 13:26:12,100 :: INFO :: Control node : Start experiment
2024-10-24 13:26:12,191 :: INFO :: Control Node set time delay: 5826 us
2024-10-24 13:26:12,218 :: INFO :: Control node : profile configuration
2024-10-24 13:26:12,222 :: INFO :: Configure profile on Control Node
2024-10-24 13:26:12,288 :: INFO :: Start experiment succeeded
2024-10-24 13:31:21,882 :: INFO :: Gateway Manager : Stop experiment
2024-10-24 13:31:21,888 :: INFO :: Stop experiment
2024-10-24 13:31:21,892 :: INFO :: Control node : stop of the experiment
2024-10-24 13:31:21,898 :: INFO :: Control node : profile configuration
2024-10-24 13:31:21,902 :: INFO :: Configure profile on Control Node
2024-10-24 13:31:21,955 :: INFO :: Control node : start power of open node
2024-10-24 13:31:21,987 :: INFO :: Node OpenOCD: teardown of openocd node
2024-10-24 13:31:25,006 :: INFO :: openocd node debugger stop
2024-10-24 13:31:25,536 :: INFO :: Node OpenOCD: flash of openocd node
2024-10-24 13:31:25,540 :: INFO :: Flash firmware on OpenOCD: /usr/lib/python3.8/site-packages/gateway_code/static/m3_idle.elf
2024-10-24 13:31:27,694 :: INFO :: Control node : Stop control node serial interface
2024-10-24 13:31:27,699 :: INFO :: Control node : stop power of open node
2024-10-24 13:31:27,737 :: INFO :: Control node : reset
2024-10-24 13:31:27,742 :: INFO :: Reset Control Node
2024-10-24 13:31:30,498 :: INFO :: Stop experiment succeeded
