2024-10-24 13:25:58,217 :: INFO :: Start experiment: perezram-407173
2024-10-24 13:25:58,221 :: INFO :: Control node : Starting of control node serial interface
2024-10-24 13:25:58,224 :: INFO :: Control node : reset
2024-10-24 13:25:58,227 :: INFO :: Reset Control Node
2024-10-24 13:26:01,016 :: INFO :: Control node : start power of open node
2024-10-24 13:26:01,037 :: INFO :: Node OpenOCD: Setup of openocd node
2024-10-24 13:26:04,052 :: INFO :: Node OpenOCD: flash of openocd node
2024-10-24 13:26:04,057 :: INFO :: Flash firmware on OpenOCD: /tmp/tmp943vr46b--ab7b72abb6ca950d227f7b9a58ccae2b_get-mac.iotlab
2024-10-24 13:26:11,552 :: INFO :: Control node : Start experiment
2024-10-24 13:26:11,611 :: INFO :: Control Node set time delay: 3041 us
2024-10-24 13:26:11,644 :: INFO :: Control node : profile configuration
2024-10-24 13:26:11,658 :: INFO :: Configure profile on Control Node
2024-10-24 13:26:11,713 :: INFO :: Start experiment succeeded
2024-10-24 13:31:21,633 :: INFO :: Gateway Manager : Stop experiment
2024-10-24 13:31:21,639 :: INFO :: Stop experiment
2024-10-24 13:31:21,643 :: INFO :: Control node : stop of the experiment
2024-10-24 13:31:21,647 :: INFO :: Control node : profile configuration
2024-10-24 13:31:21,651 :: INFO :: Configure profile on Control Node
2024-10-24 13:31:21,703 :: INFO :: Control node : start power of open node
2024-10-24 13:31:21,735 :: INFO :: Node OpenOCD: teardown of openocd node
2024-10-24 13:31:24,753 :: INFO :: openocd node debugger stop
2024-10-24 13:31:25,374 :: INFO :: Node OpenOCD: flash of openocd node
2024-10-24 13:31:25,378 :: INFO :: Flash firmware on OpenOCD: /usr/lib/python3.8/site-packages/gateway_code/static/m3_idle.elf
2024-10-24 13:31:27,520 :: INFO :: Control node : Stop control node serial interface
2024-10-24 13:31:27,525 :: INFO :: Control node : stop power of open node
2024-10-24 13:31:27,562 :: INFO :: Control node : reset
2024-10-24 13:31:27,565 :: INFO :: Reset Control Node
2024-10-24 13:31:30,315 :: INFO :: Stop experiment succeeded
