2024-10-24 13:25:58,221 :: INFO :: Start experiment: perezram-407173
2024-10-24 13:25:58,225 :: INFO :: Control node : Starting of control node serial interface
2024-10-24 13:25:58,228 :: INFO :: Control node : reset
2024-10-24 13:25:58,231 :: INFO :: Reset Control Node
2024-10-24 13:26:01,018 :: INFO :: Control node : start power of open node
2024-10-24 13:26:01,037 :: INFO :: Node OpenOCD: Setup of openocd node
2024-10-24 13:26:04,051 :: INFO :: Node OpenOCD: flash of openocd node
2024-10-24 13:26:04,056 :: INFO :: Flash firmware on OpenOCD: /tmp/tmprsplz6kz--ab7b72abb6ca950d227f7b9a58ccae2b_get-mac.iotlab
2024-10-24 13:26:11,500 :: INFO :: Control node : Start experiment
2024-10-24 13:26:11,597 :: INFO :: Control Node set time delay: 12923 us
2024-10-24 13:26:11,612 :: INFO :: Control node : profile configuration
2024-10-24 13:26:11,615 :: INFO :: Configure profile on Control Node
2024-10-24 13:26:11,665 :: INFO :: Start experiment succeeded
2024-10-24 13:31:21,880 :: INFO :: Gateway Manager : Stop experiment
2024-10-24 13:31:21,884 :: INFO :: Stop experiment
2024-10-24 13:31:21,888 :: INFO :: Control node : stop of the experiment
2024-10-24 13:31:21,893 :: INFO :: Control node : profile configuration
2024-10-24 13:31:21,896 :: INFO :: Configure profile on Control Node
2024-10-24 13:31:21,942 :: INFO :: Control node : start power of open node
2024-10-24 13:31:21,974 :: INFO :: Node OpenOCD: teardown of openocd node
2024-10-24 13:31:24,991 :: INFO :: openocd node debugger stop
2024-10-24 13:31:25,517 :: INFO :: Node OpenOCD: flash of openocd node
2024-10-24 13:31:25,520 :: INFO :: Flash firmware on OpenOCD: /usr/lib/python3.8/site-packages/gateway_code/static/m3_idle.elf
2024-10-24 13:31:27,661 :: INFO :: Control node : Stop control node serial interface
2024-10-24 13:31:27,666 :: INFO :: Control node : stop power of open node
2024-10-24 13:31:27,705 :: INFO :: Control node : reset
2024-10-24 13:31:27,709 :: INFO :: Reset Control Node
2024-10-24 13:31:30,469 :: INFO :: Stop experiment succeeded
