2024-11-03 22:10:47,194 :: INFO :: Start experiment: perezram-407553
2024-11-03 22:10:47,198 :: INFO :: Control node : Starting of control node serial interface
2024-11-03 22:10:47,201 :: INFO :: Control node : reset
2024-11-03 22:10:47,204 :: INFO :: Reset Control Node
2024-11-03 22:10:50,046 :: INFO :: Control node : start power of open node
2024-11-03 22:10:50,061 :: INFO :: Node OpenOCD: Setup of openocd node
2024-11-03 22:10:53,075 :: INFO :: Node OpenOCD: flash of openocd node
2024-11-03 22:10:53,080 :: INFO :: Flash firmware on OpenOCD: /usr/lib/python3.8/site-packages/gateway_code/static/m3_idle.elf
2024-11-03 22:10:55,229 :: INFO :: Control node : Start experiment
2024-11-03 22:10:55,292 :: INFO :: Control Node set time delay: 11487 us
2024-11-03 22:10:55,325 :: INFO :: Control node : profile configuration
2024-11-03 22:10:55,328 :: INFO :: Configure profile on Control Node
2024-11-03 22:10:55,394 :: INFO :: Start experiment succeeded
2024-11-03 22:11:36,046 :: INFO :: Gateway Manager : Flash of node
2024-11-03 22:11:36,051 :: INFO :: Flash firmware on open node: /tmp/tmpfm7ws0h1--firmware8823679497701994326-udp-client.iotlab
2024-11-03 22:11:36,095 :: INFO :: Node OpenOCD: flash of openocd node
2024-11-03 22:11:36,099 :: INFO :: Flash firmware on OpenOCD: /tmp/tmpfm7ws0h1--firmware8823679497701994326-udp-client.iotlab
2024-11-03 23:11:05,084 :: INFO :: Gateway Manager : Stop experiment
2024-11-03 23:11:05,091 :: INFO :: Stop experiment
2024-11-03 23:11:05,095 :: INFO :: Control node : stop of the experiment
2024-11-03 23:11:05,100 :: INFO :: Control node : profile configuration
2024-11-03 23:11:05,103 :: INFO :: Configure profile on Control Node
2024-11-03 23:11:05,148 :: INFO :: Control node : start power of open node
2024-11-03 23:11:05,181 :: INFO :: Node OpenOCD: teardown of openocd node
2024-11-03 23:11:08,201 :: INFO :: openocd node debugger stop
2024-11-03 23:11:08,823 :: INFO :: Node OpenOCD: flash of openocd node
2024-11-03 23:11:08,826 :: INFO :: Flash firmware on OpenOCD: /usr/lib/python3.8/site-packages/gateway_code/static/m3_idle.elf
2024-11-03 23:11:10,969 :: INFO :: Control node : Stop control node serial interface
2024-11-03 23:11:10,973 :: INFO :: Control node : stop power of open node
2024-11-03 23:11:11,007 :: INFO :: Control node : reset
2024-11-03 23:11:11,011 :: INFO :: Reset Control Node
2024-11-03 23:11:13,748 :: INFO :: Stop experiment succeeded
