2024-11-03 22:10:47,452 :: INFO :: Start experiment: perezram-407553
2024-11-03 22:10:47,456 :: INFO :: Control node : Starting of control node serial interface
2024-11-03 22:10:47,459 :: INFO :: Control node : reset
2024-11-03 22:10:47,462 :: INFO :: Reset Control Node
2024-11-03 22:10:50,253 :: INFO :: Control node : start power of open node
2024-11-03 22:10:50,270 :: INFO :: Node OpenOCD: Setup of openocd node
2024-11-03 22:10:53,285 :: INFO :: Node OpenOCD: flash of openocd node
2024-11-03 22:10:53,290 :: INFO :: Flash firmware on OpenOCD: /usr/lib/python3.8/site-packages/gateway_code/static/m3_idle.elf
2024-11-03 22:10:55,486 :: INFO :: Control node : Start experiment
2024-11-03 22:10:55,552 :: INFO :: Control Node set time delay: 2744 us
2024-11-03 22:10:55,582 :: INFO :: Control node : profile configuration
2024-11-03 22:10:55,585 :: INFO :: Configure profile on Control Node
2024-11-03 22:10:55,651 :: INFO :: Start experiment succeeded
2024-11-03 22:11:36,136 :: INFO :: Gateway Manager : Flash of node
2024-11-03 22:11:36,141 :: INFO :: Flash firmware on open node: /tmp/tmpchkyh2fc--firmware8823679497701994326-udp-client.iotlab
2024-11-03 22:11:36,185 :: INFO :: Node OpenOCD: flash of openocd node
2024-11-03 22:11:36,189 :: INFO :: Flash firmware on OpenOCD: /tmp/tmpchkyh2fc--firmware8823679497701994326-udp-client.iotlab
2024-11-03 23:11:05,201 :: INFO :: Gateway Manager : Stop experiment
2024-11-03 23:11:05,207 :: INFO :: Stop experiment
2024-11-03 23:11:05,211 :: INFO :: Control node : stop of the experiment
2024-11-03 23:11:05,216 :: INFO :: Control node : profile configuration
2024-11-03 23:11:05,219 :: INFO :: Configure profile on Control Node
2024-11-03 23:11:05,274 :: INFO :: Control node : start power of open node
2024-11-03 23:11:05,305 :: INFO :: Node OpenOCD: teardown of openocd node
2024-11-03 23:11:08,322 :: INFO :: openocd node debugger stop
2024-11-03 23:11:08,846 :: INFO :: Node OpenOCD: flash of openocd node
2024-11-03 23:11:08,850 :: INFO :: Flash firmware on OpenOCD: /usr/lib/python3.8/site-packages/gateway_code/static/m3_idle.elf
2024-11-03 23:11:10,991 :: INFO :: Control node : Stop control node serial interface
2024-11-03 23:11:10,995 :: INFO :: Control node : stop power of open node
2024-11-03 23:11:11,037 :: INFO :: Control node : reset
2024-11-03 23:11:11,041 :: INFO :: Reset Control Node
2024-11-03 23:11:13,789 :: INFO :: Stop experiment succeeded
