2024-11-03 22:10:47,219 :: INFO :: Start experiment: perezram-407553
2024-11-03 22:10:47,223 :: INFO :: Control node : Starting of control node serial interface
2024-11-03 22:10:47,227 :: INFO :: Control node : reset
2024-11-03 22:10:47,229 :: INFO :: Reset Control Node
2024-11-03 22:10:50,071 :: INFO :: Control node : start power of open node
2024-11-03 22:10:50,088 :: INFO :: Node OpenOCD: Setup of openocd node
2024-11-03 22:10:53,102 :: INFO :: Node OpenOCD: flash of openocd node
2024-11-03 22:10:53,107 :: INFO :: Flash firmware on OpenOCD: /usr/lib/python3.8/site-packages/gateway_code/static/m3_idle.elf
2024-11-03 22:10:55,258 :: INFO :: Control node : Start experiment
2024-11-03 22:10:55,320 :: INFO :: Control Node set time delay: 6887 us
2024-11-03 22:10:55,351 :: INFO :: Control node : profile configuration
2024-11-03 22:10:55,355 :: INFO :: Configure profile on Control Node
2024-11-03 22:10:55,421 :: INFO :: Start experiment succeeded
2024-11-03 22:11:35,201 :: INFO :: Gateway Manager : Flash of node
2024-11-03 22:11:35,213 :: INFO :: Flash firmware on open node: /tmp/tmpgwqixw2k--firmware8823679497701994326-udp-client.iotlab
2024-11-03 22:11:35,256 :: INFO :: Node OpenOCD: flash of openocd node
2024-11-03 22:11:35,260 :: INFO :: Flash firmware on OpenOCD: /tmp/tmpgwqixw2k--firmware8823679497701994326-udp-client.iotlab
2024-11-03 23:11:05,184 :: INFO :: Gateway Manager : Stop experiment
2024-11-03 23:11:05,190 :: INFO :: Stop experiment
2024-11-03 23:11:05,194 :: INFO :: Control node : stop of the experiment
2024-11-03 23:11:05,199 :: INFO :: Control node : profile configuration
2024-11-03 23:11:05,202 :: INFO :: Configure profile on Control Node
2024-11-03 23:11:05,258 :: INFO :: Control node : start power of open node
2024-11-03 23:11:05,290 :: INFO :: Node OpenOCD: teardown of openocd node
2024-11-03 23:11:08,306 :: INFO :: openocd node debugger stop
2024-11-03 23:11:08,928 :: INFO :: Node OpenOCD: flash of openocd node
2024-11-03 23:11:08,932 :: INFO :: Flash firmware on OpenOCD: /usr/lib/python3.8/site-packages/gateway_code/static/m3_idle.elf
2024-11-03 23:11:11,073 :: INFO :: Control node : Stop control node serial interface
2024-11-03 23:11:11,078 :: INFO :: Control node : stop power of open node
2024-11-03 23:11:11,117 :: INFO :: Control node : reset
2024-11-03 23:11:11,121 :: INFO :: Reset Control Node
2024-11-03 23:11:13,880 :: INFO :: Stop experiment succeeded
