2024-11-03 22:10:47,463 :: INFO :: Start experiment: perezram-407553
2024-11-03 22:10:47,467 :: INFO :: Control node : Starting of control node serial interface
2024-11-03 22:10:47,470 :: INFO :: Control node : reset
2024-11-03 22:10:47,473 :: INFO :: Reset Control Node
2024-11-03 22:10:50,264 :: INFO :: Control node : start power of open node
2024-11-03 22:10:50,280 :: INFO :: Node OpenOCD: Setup of openocd node
2024-11-03 22:10:53,295 :: INFO :: Node OpenOCD: flash of openocd node
2024-11-03 22:10:53,300 :: INFO :: Flash firmware on OpenOCD: /usr/lib/python3.8/site-packages/gateway_code/static/m3_idle.elf
2024-11-03 22:10:55,445 :: INFO :: Control node : Start experiment
2024-11-03 22:10:55,514 :: INFO :: Control Node set time delay: 6805 us
2024-11-03 22:10:55,544 :: INFO :: Control node : profile configuration
2024-11-03 22:10:55,547 :: INFO :: Configure profile on Control Node
2024-11-03 22:10:55,613 :: INFO :: Start experiment succeeded
2024-11-03 22:11:36,299 :: INFO :: Gateway Manager : Flash of node
2024-11-03 22:11:36,304 :: INFO :: Flash firmware on open node: /tmp/tmphig24v0n--firmware8823679497701994326-udp-client.iotlab
2024-11-03 22:11:36,343 :: INFO :: Node OpenOCD: flash of openocd node
2024-11-03 22:11:36,347 :: INFO :: Flash firmware on OpenOCD: /tmp/tmphig24v0n--firmware8823679497701994326-udp-client.iotlab
2024-11-03 23:11:05,270 :: INFO :: Gateway Manager : Stop experiment
2024-11-03 23:11:05,275 :: INFO :: Stop experiment
2024-11-03 23:11:05,279 :: INFO :: Control node : stop of the experiment
2024-11-03 23:11:05,284 :: INFO :: Control node : profile configuration
2024-11-03 23:11:05,287 :: INFO :: Configure profile on Control Node
2024-11-03 23:11:05,336 :: INFO :: Control node : start power of open node
2024-11-03 23:11:05,368 :: INFO :: Node OpenOCD: teardown of openocd node
2024-11-03 23:11:08,383 :: INFO :: openocd node debugger stop
2024-11-03 23:11:08,908 :: INFO :: Node OpenOCD: flash of openocd node
2024-11-03 23:11:08,911 :: INFO :: Flash firmware on OpenOCD: /usr/lib/python3.8/site-packages/gateway_code/static/m3_idle.elf
2024-11-03 23:11:11,052 :: INFO :: Control node : Stop control node serial interface
2024-11-03 23:11:11,057 :: INFO :: Control node : stop power of open node
2024-11-03 23:11:11,099 :: INFO :: Control node : reset
2024-11-03 23:11:11,103 :: INFO :: Reset Control Node
2024-11-03 23:11:13,845 :: INFO :: Stop experiment succeeded
