2024-11-03 22:10:47,185 :: INFO :: Start experiment: perezram-407553
2024-11-03 22:10:47,189 :: INFO :: Control node : Starting of control node serial interface
2024-11-03 22:10:47,192 :: INFO :: Control node : reset
2024-11-03 22:10:47,195 :: INFO :: Reset Control Node
2024-11-03 22:10:50,035 :: INFO :: Control node : start power of open node
2024-11-03 22:10:50,054 :: INFO :: Node OpenOCD: Setup of openocd node
2024-11-03 22:10:53,068 :: INFO :: Node OpenOCD: flash of openocd node
2024-11-03 22:10:53,073 :: INFO :: Flash firmware on OpenOCD: /usr/lib/python3.8/site-packages/gateway_code/static/m3_idle.elf
2024-11-03 22:10:55,221 :: INFO :: Control node : Start experiment
2024-11-03 22:10:55,286 :: INFO :: Control Node set time delay: 7163 us
2024-11-03 22:10:55,325 :: INFO :: Control node : profile configuration
2024-11-03 22:10:55,329 :: INFO :: Configure profile on Control Node
2024-11-03 22:10:55,386 :: INFO :: Start experiment succeeded
2024-11-03 22:11:36,315 :: INFO :: Gateway Manager : Flash of node
2024-11-03 22:11:36,320 :: INFO :: Flash firmware on open node: /tmp/tmpcaat5y2r--firmware8823679497701994326-udp-client.iotlab
2024-11-03 22:11:36,364 :: INFO :: Node OpenOCD: flash of openocd node
2024-11-03 22:11:36,368 :: INFO :: Flash firmware on OpenOCD: /tmp/tmpcaat5y2r--firmware8823679497701994326-udp-client.iotlab
2024-11-03 23:11:05,091 :: INFO :: Gateway Manager : Stop experiment
2024-11-03 23:11:05,096 :: INFO :: Stop experiment
2024-11-03 23:11:05,100 :: INFO :: Control node : stop of the experiment
2024-11-03 23:11:05,105 :: INFO :: Control node : profile configuration
2024-11-03 23:11:05,109 :: INFO :: Configure profile on Control Node
2024-11-03 23:11:05,163 :: INFO :: Control node : start power of open node
2024-11-03 23:11:05,210 :: INFO :: Node OpenOCD: teardown of openocd node
2024-11-03 23:11:08,226 :: INFO :: openocd node debugger stop
2024-11-03 23:11:08,848 :: INFO :: Node OpenOCD: flash of openocd node
2024-11-03 23:11:08,851 :: INFO :: Flash firmware on OpenOCD: /usr/lib/python3.8/site-packages/gateway_code/static/m3_idle.elf
2024-11-03 23:11:10,993 :: INFO :: Control node : Stop control node serial interface
2024-11-03 23:11:10,997 :: INFO :: Control node : stop power of open node
2024-11-03 23:11:11,037 :: INFO :: Control node : reset
2024-11-03 23:11:11,041 :: INFO :: Reset Control Node
2024-11-03 23:11:13,782 :: INFO :: Stop experiment succeeded
