2024-11-03 22:10:47,489 :: INFO :: Start experiment: perezram-407553
2024-11-03 22:10:47,493 :: INFO :: Control node : Starting of control node serial interface
2024-11-03 22:10:47,496 :: INFO :: Control node : reset
2024-11-03 22:10:47,499 :: INFO :: Reset Control Node
2024-11-03 22:10:50,289 :: INFO :: Control node : start power of open node
2024-11-03 22:10:50,307 :: INFO :: Node OpenOCD: Setup of openocd node
2024-11-03 22:10:53,322 :: INFO :: Node OpenOCD: flash of openocd node
2024-11-03 22:10:53,327 :: INFO :: Flash firmware on OpenOCD: /usr/lib/python3.8/site-packages/gateway_code/static/m3_idle.elf
2024-11-03 22:10:55,473 :: INFO :: Control node : Start experiment
2024-11-03 22:10:55,539 :: INFO :: Control Node set time delay: 7795 us
2024-11-03 22:10:55,563 :: INFO :: Control node : profile configuration
2024-11-03 22:10:55,572 :: INFO :: Configure profile on Control Node
2024-11-03 22:10:55,640 :: INFO :: Start experiment succeeded
2024-11-03 22:11:36,396 :: INFO :: Gateway Manager : Flash of node
2024-11-03 22:11:36,401 :: INFO :: Flash firmware on open node: /tmp/tmpp1eia3bg--firmware8823679497701994326-udp-client.iotlab
2024-11-03 22:11:36,444 :: INFO :: Node OpenOCD: flash of openocd node
2024-11-03 22:11:36,448 :: INFO :: Flash firmware on OpenOCD: /tmp/tmpp1eia3bg--firmware8823679497701994326-udp-client.iotlab
2024-11-03 23:11:05,284 :: INFO :: Gateway Manager : Stop experiment
2024-11-03 23:11:05,289 :: INFO :: Stop experiment
2024-11-03 23:11:05,293 :: INFO :: Control node : stop of the experiment
2024-11-03 23:11:05,298 :: INFO :: Control node : profile configuration
2024-11-03 23:11:05,301 :: INFO :: Configure profile on Control Node
2024-11-03 23:11:05,356 :: INFO :: Control node : start power of open node
2024-11-03 23:11:05,388 :: INFO :: Node OpenOCD: teardown of openocd node
2024-11-03 23:11:08,404 :: INFO :: openocd node debugger stop
2024-11-03 23:11:09,026 :: INFO :: Node OpenOCD: flash of openocd node
2024-11-03 23:11:09,029 :: INFO :: Flash firmware on OpenOCD: /usr/lib/python3.8/site-packages/gateway_code/static/m3_idle.elf
2024-11-03 23:11:11,171 :: INFO :: Control node : Stop control node serial interface
2024-11-03 23:11:11,175 :: INFO :: Control node : stop power of open node
2024-11-03 23:11:11,216 :: INFO :: Control node : reset
2024-11-03 23:11:11,219 :: INFO :: Reset Control Node
2024-11-03 23:11:13,963 :: INFO :: Stop experiment succeeded
