2024-11-03 22:10:47,355 :: INFO :: Start experiment: perezram-407553
2024-11-03 22:10:47,359 :: INFO :: Control node : Starting of control node serial interface
2024-11-03 22:10:47,362 :: INFO :: Control node : reset
2024-11-03 22:10:47,365 :: INFO :: Reset Control Node
2024-11-03 22:10:50,167 :: INFO :: Control node : start power of open node
2024-11-03 22:10:50,187 :: INFO :: Node OpenOCD: Setup of openocd node
2024-11-03 22:10:53,202 :: INFO :: Node OpenOCD: flash of openocd node
2024-11-03 22:10:53,207 :: INFO :: Flash firmware on OpenOCD: /usr/lib/python3.8/site-packages/gateway_code/static/m3_idle.elf
2024-11-03 22:10:55,306 :: INFO :: Control node : Start experiment
2024-11-03 22:10:55,373 :: INFO :: Control Node set time delay: 4332 us
2024-11-03 22:10:55,403 :: INFO :: Control node : profile configuration
2024-11-03 22:10:55,417 :: INFO :: Configure profile on Control Node
2024-11-03 22:10:55,472 :: INFO :: Start experiment succeeded
2024-11-03 22:11:35,970 :: INFO :: Gateway Manager : Flash of node
2024-11-03 22:11:35,976 :: INFO :: Flash firmware on open node: /tmp/tmpryqju0tm--firmware8823679497701994326-udp-client.iotlab
2024-11-03 22:11:36,015 :: INFO :: Node OpenOCD: flash of openocd node
2024-11-03 22:11:36,019 :: INFO :: Flash firmware on OpenOCD: /tmp/tmpryqju0tm--firmware8823679497701994326-udp-client.iotlab
2024-11-03 23:11:05,193 :: INFO :: Gateway Manager : Stop experiment
2024-11-03 23:11:05,199 :: INFO :: Stop experiment
2024-11-03 23:11:05,203 :: INFO :: Control node : stop of the experiment
2024-11-03 23:11:05,208 :: INFO :: Control node : profile configuration
2024-11-03 23:11:05,211 :: INFO :: Configure profile on Control Node
2024-11-03 23:11:05,267 :: INFO :: Control node : start power of open node
2024-11-03 23:11:05,299 :: INFO :: Node OpenOCD: teardown of openocd node
2024-11-03 23:11:08,316 :: INFO :: openocd node debugger stop
2024-11-03 23:11:08,841 :: INFO :: Node OpenOCD: flash of openocd node
2024-11-03 23:11:08,844 :: INFO :: Flash firmware on OpenOCD: /usr/lib/python3.8/site-packages/gateway_code/static/m3_idle.elf
2024-11-03 23:11:10,985 :: INFO :: Control node : Stop control node serial interface
2024-11-03 23:11:10,990 :: INFO :: Control node : stop power of open node
2024-11-03 23:11:11,030 :: INFO :: Control node : reset
2024-11-03 23:11:11,034 :: INFO :: Reset Control Node
2024-11-03 23:11:13,784 :: INFO :: Stop experiment succeeded
