2024-11-03 22:10:47,336 :: INFO :: Start experiment: perezram-407553
2024-11-03 22:10:47,340 :: INFO :: Control node : Starting of control node serial interface
2024-11-03 22:10:47,343 :: INFO :: Control node : reset
2024-11-03 22:10:47,346 :: INFO :: Reset Control Node
2024-11-03 22:10:50,162 :: INFO :: Control node : start power of open node
2024-11-03 22:10:50,181 :: INFO :: Node OpenOCD: Setup of openocd node
2024-11-03 22:10:53,195 :: INFO :: Node OpenOCD: flash of openocd node
2024-11-03 22:10:53,200 :: INFO :: Flash firmware on OpenOCD: /usr/lib/python3.8/site-packages/gateway_code/static/m3_idle.elf
2024-11-03 22:10:55,350 :: INFO :: Control node : Start experiment
2024-11-03 22:10:55,417 :: INFO :: Control Node set time delay: 11281 us
2024-11-03 22:10:55,445 :: INFO :: Control node : profile configuration
2024-11-03 22:10:55,449 :: INFO :: Configure profile on Control Node
2024-11-03 22:10:55,514 :: INFO :: Start experiment succeeded
2024-11-03 22:11:35,802 :: INFO :: Gateway Manager : Flash of node
2024-11-03 22:11:35,807 :: INFO :: Flash firmware on open node: /tmp/tmprgym9nre--firmware8823679497701994326-udp-client.iotlab
2024-11-03 22:11:35,846 :: INFO :: Node OpenOCD: flash of openocd node
2024-11-03 22:11:35,850 :: INFO :: Flash firmware on OpenOCD: /tmp/tmprgym9nre--firmware8823679497701994326-udp-client.iotlab
2024-11-03 23:11:05,197 :: INFO :: Gateway Manager : Stop experiment
2024-11-03 23:11:05,202 :: INFO :: Stop experiment
2024-11-03 23:11:05,206 :: INFO :: Control node : stop of the experiment
2024-11-03 23:11:05,211 :: INFO :: Control node : profile configuration
2024-11-03 23:11:05,215 :: INFO :: Configure profile on Control Node
2024-11-03 23:11:05,272 :: INFO :: Control node : start power of open node
2024-11-03 23:11:05,304 :: INFO :: Node OpenOCD: teardown of openocd node
2024-11-03 23:11:08,321 :: INFO :: openocd node debugger stop
2024-11-03 23:11:08,846 :: INFO :: Node OpenOCD: flash of openocd node
2024-11-03 23:11:08,850 :: INFO :: Flash firmware on OpenOCD: /usr/lib/python3.8/site-packages/gateway_code/static/m3_idle.elf
2024-11-03 23:11:10,992 :: INFO :: Control node : Stop control node serial interface
2024-11-03 23:11:10,996 :: INFO :: Control node : stop power of open node
2024-11-03 23:11:11,036 :: INFO :: Control node : reset
2024-11-03 23:11:11,040 :: INFO :: Reset Control Node
2024-11-03 23:11:13,790 :: INFO :: Stop experiment succeeded
