2024-11-03 22:10:47,358 :: INFO :: Start experiment: perezram-407553
2024-11-03 22:10:47,362 :: INFO :: Control node : Starting of control node serial interface
2024-11-03 22:10:47,365 :: INFO :: Control node : reset
2024-11-03 22:10:47,368 :: INFO :: Reset Control Node
2024-11-03 22:10:50,167 :: INFO :: Control node : start power of open node
2024-11-03 22:10:50,183 :: INFO :: Node OpenOCD: Setup of openocd node
2024-11-03 22:10:53,198 :: INFO :: Node OpenOCD: flash of openocd node
2024-11-03 22:10:53,203 :: INFO :: Flash firmware on OpenOCD: /usr/lib/python3.8/site-packages/gateway_code/static/m3_idle.elf
2024-11-03 22:10:55,351 :: INFO :: Control node : Start experiment
2024-11-03 22:10:55,415 :: INFO :: Control Node set time delay: 6911 us
2024-11-03 22:10:55,438 :: INFO :: Control node : profile configuration
2024-11-03 22:10:55,453 :: INFO :: Configure profile on Control Node
2024-11-03 22:10:55,516 :: INFO :: Start experiment succeeded
2024-11-03 22:11:35,189 :: INFO :: Gateway Manager : Flash of node
2024-11-03 22:11:35,202 :: INFO :: Flash firmware on open node: /tmp/tmpzb6zatbl--firmware8823679497701994326-udp-client.iotlab
2024-11-03 22:11:35,246 :: INFO :: Node OpenOCD: flash of openocd node
2024-11-03 22:11:35,250 :: INFO :: Flash firmware on OpenOCD: /tmp/tmpzb6zatbl--firmware8823679497701994326-udp-client.iotlab
2024-11-03 23:11:05,262 :: INFO :: Gateway Manager : Stop experiment
2024-11-03 23:11:05,267 :: INFO :: Stop experiment
2024-11-03 23:11:05,271 :: INFO :: Control node : stop of the experiment
2024-11-03 23:11:05,276 :: INFO :: Control node : profile configuration
2024-11-03 23:11:05,279 :: INFO :: Configure profile on Control Node
2024-11-03 23:11:05,326 :: INFO :: Control node : start power of open node
2024-11-03 23:11:05,358 :: INFO :: Node OpenOCD: teardown of openocd node
2024-11-03 23:11:08,374 :: INFO :: openocd node debugger stop
2024-11-03 23:11:08,995 :: INFO :: Node OpenOCD: flash of openocd node
2024-11-03 23:11:08,999 :: INFO :: Flash firmware on OpenOCD: /usr/lib/python3.8/site-packages/gateway_code/static/m3_idle.elf
2024-11-03 23:11:11,140 :: INFO :: Control node : Stop control node serial interface
2024-11-03 23:11:11,145 :: INFO :: Control node : stop power of open node
2024-11-03 23:11:11,185 :: INFO :: Control node : reset
2024-11-03 23:11:11,189 :: INFO :: Reset Control Node
2024-11-03 23:11:13,923 :: INFO :: Stop experiment succeeded
