2024-11-03 22:10:47,217 :: INFO :: Start experiment: perezram-407553
2024-11-03 22:10:47,221 :: INFO :: Control node : Starting of control node serial interface
2024-11-03 22:10:47,224 :: INFO :: Control node : reset
2024-11-03 22:10:47,227 :: INFO :: Reset Control Node
2024-11-03 22:10:50,067 :: INFO :: Control node : start power of open node
2024-11-03 22:10:50,093 :: INFO :: Node OpenOCD: Setup of openocd node
2024-11-03 22:10:53,108 :: INFO :: Node OpenOCD: flash of openocd node
2024-11-03 22:10:53,113 :: INFO :: Flash firmware on OpenOCD: /usr/lib/python3.8/site-packages/gateway_code/static/m3_idle.elf
2024-11-03 22:10:55,278 :: INFO :: Control node : Start experiment
2024-11-03 22:10:55,341 :: INFO :: Control Node set time delay: 13628 us
2024-11-03 22:10:55,373 :: INFO :: Control node : profile configuration
2024-11-03 22:10:55,376 :: INFO :: Configure profile on Control Node
2024-11-03 22:10:55,426 :: INFO :: Start experiment succeeded
2024-11-03 22:11:35,978 :: INFO :: Gateway Manager : Flash of node
2024-11-03 22:11:35,983 :: INFO :: Flash firmware on open node: /tmp/tmpw3973amo--firmware8823679497701994326-udp-client.iotlab
2024-11-03 22:11:36,026 :: INFO :: Node OpenOCD: flash of openocd node
2024-11-03 22:11:36,030 :: INFO :: Flash firmware on OpenOCD: /tmp/tmpw3973amo--firmware8823679497701994326-udp-client.iotlab
2024-11-03 23:11:05,185 :: INFO :: Gateway Manager : Stop experiment
2024-11-03 23:11:05,191 :: INFO :: Stop experiment
2024-11-03 23:11:05,195 :: INFO :: Control node : stop of the experiment
2024-11-03 23:11:05,200 :: INFO :: Control node : profile configuration
2024-11-03 23:11:05,203 :: INFO :: Configure profile on Control Node
2024-11-03 23:11:05,252 :: INFO :: Control node : start power of open node
2024-11-03 23:11:05,284 :: INFO :: Node OpenOCD: teardown of openocd node
2024-11-03 23:11:08,303 :: INFO :: openocd node debugger stop
2024-11-03 23:11:08,926 :: INFO :: Node OpenOCD: flash of openocd node
2024-11-03 23:11:08,929 :: INFO :: Flash firmware on OpenOCD: /usr/lib/python3.8/site-packages/gateway_code/static/m3_idle.elf
2024-11-03 23:11:11,071 :: INFO :: Control node : Stop control node serial interface
2024-11-03 23:11:11,076 :: INFO :: Control node : stop power of open node
2024-11-03 23:11:11,112 :: INFO :: Control node : reset
2024-11-03 23:11:11,116 :: INFO :: Reset Control Node
2024-11-03 23:11:13,871 :: INFO :: Stop experiment succeeded
