2024-11-05 10:07:29,165 :: INFO :: Start experiment: perezram-407665
2024-11-05 10:07:29,169 :: INFO :: Control node : Starting of control node serial interface
2024-11-05 10:07:29,172 :: INFO :: Control node : reset
2024-11-05 10:07:29,176 :: INFO :: Reset Control Node
2024-11-05 10:07:32,173 :: INFO :: Control node : start power of open node
2024-11-05 10:07:32,190 :: INFO :: Node OpenOCD: Setup of openocd node
2024-11-05 10:07:35,205 :: INFO :: Node OpenOCD: flash of openocd node
2024-11-05 10:07:35,210 :: INFO :: Flash firmware on OpenOCD: /usr/lib/python3.8/site-packages/gateway_code/static/m3_idle.elf
2024-11-05 10:07:37,360 :: INFO :: Control node : Start experiment
2024-11-05 10:07:37,431 :: INFO :: Control Node set time delay: 11328 us
2024-11-05 10:07:37,454 :: INFO :: Control node : profile configuration
2024-11-05 10:07:37,457 :: INFO :: Configure profile on Control Node
2024-11-05 10:07:37,523 :: INFO :: Start experiment succeeded
2024-11-05 10:08:53,053 :: INFO :: Gateway Manager : Flash of node
2024-11-05 10:08:53,081 :: INFO :: Flash firmware on open node: /tmp/tmpplxqlaag--firmware2276245339132118318-udp-client.iotlab
2024-11-05 10:08:53,121 :: INFO :: Node OpenOCD: flash of openocd node
2024-11-05 10:08:53,125 :: INFO :: Flash firmware on OpenOCD: /tmp/tmpplxqlaag--firmware2276245339132118318-udp-client.iotlab
2024-11-05 11:07:47,225 :: INFO :: Gateway Manager : Stop experiment
2024-11-05 11:07:47,232 :: INFO :: Stop experiment
2024-11-05 11:07:47,238 :: INFO :: Control node : stop of the experiment
2024-11-05 11:07:47,245 :: INFO :: Control node : profile configuration
2024-11-05 11:07:47,250 :: INFO :: Configure profile on Control Node
2024-11-05 11:07:47,303 :: INFO :: Control node : start power of open node
2024-11-05 11:07:47,335 :: INFO :: Node OpenOCD: teardown of openocd node
2024-11-05 11:07:50,351 :: INFO :: openocd node debugger stop
2024-11-05 11:07:50,877 :: INFO :: Node OpenOCD: flash of openocd node
2024-11-05 11:07:50,880 :: INFO :: Flash firmware on OpenOCD: /usr/lib/python3.8/site-packages/gateway_code/static/m3_idle.elf
2024-11-05 11:07:53,024 :: INFO :: Control node : Stop control node serial interface
2024-11-05 11:07:53,029 :: INFO :: Control node : stop power of open node
2024-11-05 11:07:53,066 :: INFO :: Control node : reset
2024-11-05 11:07:53,070 :: INFO :: Reset Control Node
2024-11-05 11:07:55,813 :: INFO :: Stop experiment succeeded
