2024-11-05 10:07:29,594 :: INFO :: Start experiment: perezram-407665
2024-11-05 10:07:29,598 :: INFO :: Control node : Starting of control node serial interface
2024-11-05 10:07:29,601 :: INFO :: Control node : reset
2024-11-05 10:07:29,604 :: INFO :: Reset Control Node
2024-11-05 10:07:32,409 :: INFO :: Control node : start power of open node
2024-11-05 10:07:32,426 :: INFO :: Node OpenOCD: Setup of openocd node
2024-11-05 10:07:35,440 :: INFO :: Node OpenOCD: flash of openocd node
2024-11-05 10:07:35,445 :: INFO :: Flash firmware on OpenOCD: /usr/lib/python3.8/site-packages/gateway_code/static/m3_idle.elf
2024-11-05 10:07:37,593 :: INFO :: Control node : Start experiment
2024-11-05 10:07:37,657 :: INFO :: Control Node set time delay: 3292 us
2024-11-05 10:07:37,705 :: INFO :: Control node : profile configuration
2024-11-05 10:07:37,710 :: INFO :: Configure profile on Control Node
2024-11-05 10:07:37,774 :: INFO :: Start experiment succeeded
2024-11-05 10:08:54,215 :: INFO :: Gateway Manager : Flash of node
2024-11-05 10:08:54,220 :: INFO :: Flash firmware on open node: /tmp/tmp0tpoc5zy--firmware2276245339132118318-udp-client.iotlab
2024-11-05 10:08:54,265 :: INFO :: Node OpenOCD: flash of openocd node
2024-11-05 10:08:54,269 :: INFO :: Flash firmware on OpenOCD: /tmp/tmp0tpoc5zy--firmware2276245339132118318-udp-client.iotlab
2024-11-05 11:07:47,485 :: INFO :: Gateway Manager : Stop experiment
2024-11-05 11:07:47,821 :: INFO :: Stop experiment
2024-11-05 11:07:47,841 :: INFO :: Control node : stop of the experiment
2024-11-05 11:07:47,846 :: INFO :: Control node : profile configuration
2024-11-05 11:07:47,857 :: INFO :: Configure profile on Control Node
2024-11-05 11:07:47,925 :: INFO :: Control node : start power of open node
2024-11-05 11:07:47,957 :: INFO :: Node OpenOCD: teardown of openocd node
2024-11-05 11:07:50,971 :: INFO :: openocd node debugger stop
2024-11-05 11:07:51,496 :: INFO :: Node OpenOCD: flash of openocd node
2024-11-05 11:07:51,499 :: INFO :: Flash firmware on OpenOCD: /usr/lib/python3.8/site-packages/gateway_code/static/m3_idle.elf
2024-11-05 11:07:53,642 :: INFO :: Control node : Stop control node serial interface
2024-11-05 11:07:53,646 :: INFO :: Control node : stop power of open node
2024-11-05 11:07:53,689 :: INFO :: Control node : reset
2024-11-05 11:07:53,693 :: INFO :: Reset Control Node
2024-11-05 11:07:56,442 :: INFO :: Stop experiment succeeded
