2024-11-05 10:07:28,971 :: INFO :: Start experiment: perezram-407665
2024-11-05 10:07:28,975 :: INFO :: Control node : Starting of control node serial interface
2024-11-05 10:07:28,978 :: INFO :: Control node : reset
2024-11-05 10:07:28,982 :: INFO :: Reset Control Node
2024-11-05 10:07:31,780 :: INFO :: Control node : start power of open node
2024-11-05 10:07:31,797 :: INFO :: Node OpenOCD: Setup of openocd node
2024-11-05 10:07:34,812 :: INFO :: Node OpenOCD: flash of openocd node
2024-11-05 10:07:34,817 :: INFO :: Flash firmware on OpenOCD: /usr/lib/python3.8/site-packages/gateway_code/static/m3_idle.elf
2024-11-05 10:07:36,963 :: INFO :: Control node : Start experiment
2024-11-05 10:07:37,029 :: INFO :: Control Node set time delay: 13013 us
2024-11-05 10:07:37,061 :: INFO :: Control node : profile configuration
2024-11-05 10:07:37,074 :: INFO :: Configure profile on Control Node
2024-11-05 10:07:37,130 :: INFO :: Start experiment succeeded
2024-11-05 10:08:53,678 :: INFO :: Gateway Manager : Flash of node
2024-11-05 10:08:53,682 :: INFO :: Flash firmware on open node: /tmp/tmpj8qc_tt6--firmware2276245339132118318-udp-client.iotlab
2024-11-05 10:08:53,726 :: INFO :: Node OpenOCD: flash of openocd node
2024-11-05 10:08:53,730 :: INFO :: Flash firmware on OpenOCD: /tmp/tmpj8qc_tt6--firmware2276245339132118318-udp-client.iotlab
2024-11-05 11:07:47,545 :: INFO :: Gateway Manager : Stop experiment
2024-11-05 11:07:47,836 :: INFO :: Stop experiment
2024-11-05 11:07:47,856 :: INFO :: Control node : stop of the experiment
2024-11-05 11:07:47,861 :: INFO :: Control node : profile configuration
2024-11-05 11:07:47,868 :: INFO :: Configure profile on Control Node
2024-11-05 11:07:47,941 :: INFO :: Control node : start power of open node
2024-11-05 11:07:47,973 :: INFO :: Node OpenOCD: teardown of openocd node
2024-11-05 11:07:50,988 :: INFO :: openocd node debugger stop
2024-11-05 11:07:51,609 :: INFO :: Node OpenOCD: flash of openocd node
2024-11-05 11:07:51,612 :: INFO :: Flash firmware on OpenOCD: /usr/lib/python3.8/site-packages/gateway_code/static/m3_idle.elf
2024-11-05 11:07:53,756 :: INFO :: Control node : Stop control node serial interface
2024-11-05 11:07:53,760 :: INFO :: Control node : stop power of open node
2024-11-05 11:07:53,800 :: INFO :: Control node : reset
2024-11-05 11:07:53,804 :: INFO :: Reset Control Node
2024-11-05 11:07:56,546 :: INFO :: Stop experiment succeeded
