2024-11-05 10:07:28,913 :: INFO :: Start experiment: perezram-407665
2024-11-05 10:07:28,917 :: INFO :: Control node : Starting of control node serial interface
2024-11-05 10:07:28,920 :: INFO :: Control node : reset
2024-11-05 10:07:28,923 :: INFO :: Reset Control Node
2024-11-05 10:07:31,717 :: INFO :: Control node : start power of open node
2024-11-05 10:07:31,736 :: INFO :: Node OpenOCD: Setup of openocd node
2024-11-05 10:07:34,751 :: INFO :: Node OpenOCD: flash of openocd node
2024-11-05 10:07:34,756 :: INFO :: Flash firmware on OpenOCD: /usr/lib/python3.8/site-packages/gateway_code/static/m3_idle.elf
2024-11-05 10:07:36,904 :: INFO :: Control node : Start experiment
2024-11-05 10:07:36,967 :: INFO :: Control Node set time delay: 5853 us
2024-11-05 10:07:36,991 :: INFO :: Control node : profile configuration
2024-11-05 10:07:37,005 :: INFO :: Configure profile on Control Node
2024-11-05 10:07:37,069 :: INFO :: Start experiment succeeded
2024-11-05 10:08:53,527 :: INFO :: Gateway Manager : Flash of node
2024-11-05 10:08:53,549 :: INFO :: Flash firmware on open node: /tmp/tmprqg6pd9k--firmware2276245339132118318-udp-client.iotlab
2024-11-05 10:08:53,589 :: INFO :: Node OpenOCD: flash of openocd node
2024-11-05 10:08:53,593 :: INFO :: Flash firmware on OpenOCD: /tmp/tmprqg6pd9k--firmware2276245339132118318-udp-client.iotlab
2024-11-05 11:07:47,134 :: INFO :: Gateway Manager : Stop experiment
2024-11-05 11:07:47,139 :: INFO :: Stop experiment
2024-11-05 11:07:47,144 :: INFO :: Control node : stop of the experiment
2024-11-05 11:07:47,152 :: INFO :: Control node : profile configuration
2024-11-05 11:07:47,156 :: INFO :: Configure profile on Control Node
2024-11-05 11:07:47,209 :: INFO :: Control node : start power of open node
2024-11-05 11:07:47,243 :: INFO :: Node OpenOCD: teardown of openocd node
2024-11-05 11:07:50,261 :: INFO :: openocd node debugger stop
2024-11-05 11:07:50,884 :: INFO :: Node OpenOCD: flash of openocd node
2024-11-05 11:07:50,887 :: INFO :: Flash firmware on OpenOCD: /usr/lib/python3.8/site-packages/gateway_code/static/m3_idle.elf
2024-11-05 11:07:53,030 :: INFO :: Control node : Stop control node serial interface
2024-11-05 11:07:53,035 :: INFO :: Control node : stop power of open node
2024-11-05 11:07:53,068 :: INFO :: Control node : reset
2024-11-05 11:07:53,072 :: INFO :: Reset Control Node
2024-11-05 11:07:55,816 :: INFO :: Stop experiment succeeded
