2024-11-05 10:07:29,285 :: INFO :: Start experiment: perezram-407665
2024-11-05 10:07:29,289 :: INFO :: Control node : Starting of control node serial interface
2024-11-05 10:07:29,292 :: INFO :: Control node : reset
2024-11-05 10:07:29,295 :: INFO :: Reset Control Node
2024-11-05 10:07:32,350 :: INFO :: Control node : start power of open node
2024-11-05 10:07:32,367 :: INFO :: Node OpenOCD: Setup of openocd node
2024-11-05 10:07:35,382 :: INFO :: Node OpenOCD: flash of openocd node
2024-11-05 10:07:35,386 :: INFO :: Flash firmware on OpenOCD: /usr/lib/python3.8/site-packages/gateway_code/static/m3_idle.elf
2024-11-05 10:07:37,598 :: INFO :: Control node : Start experiment
2024-11-05 10:07:37,662 :: INFO :: Control Node set time delay: 14429 us
2024-11-05 10:07:37,694 :: INFO :: Control node : profile configuration
2024-11-05 10:07:37,697 :: INFO :: Configure profile on Control Node
2024-11-05 10:07:37,748 :: INFO :: Start experiment succeeded
2024-11-05 10:08:54,329 :: INFO :: Gateway Manager : Flash of node
2024-11-05 10:08:54,334 :: INFO :: Flash firmware on open node: /tmp/tmpw0iby1ma--firmware2276245339132118318-udp-client.iotlab
2024-11-05 10:08:54,374 :: INFO :: Node OpenOCD: flash of openocd node
2024-11-05 10:08:54,378 :: INFO :: Flash firmware on OpenOCD: /tmp/tmpw0iby1ma--firmware2276245339132118318-udp-client.iotlab
2024-11-05 11:07:47,273 :: INFO :: Gateway Manager : Stop experiment
2024-11-05 11:07:47,278 :: INFO :: Stop experiment
2024-11-05 11:07:47,282 :: INFO :: Control node : stop of the experiment
2024-11-05 11:07:47,287 :: INFO :: Control node : profile configuration
2024-11-05 11:07:47,290 :: INFO :: Configure profile on Control Node
2024-11-05 11:07:47,347 :: INFO :: Control node : start power of open node
2024-11-05 11:07:47,378 :: INFO :: Node OpenOCD: teardown of openocd node
2024-11-05 11:07:50,395 :: INFO :: openocd node debugger stop
2024-11-05 11:07:50,921 :: INFO :: Node OpenOCD: flash of openocd node
2024-11-05 11:07:50,924 :: INFO :: Flash firmware on OpenOCD: /usr/lib/python3.8/site-packages/gateway_code/static/m3_idle.elf
2024-11-05 11:07:53,066 :: INFO :: Control node : Stop control node serial interface
2024-11-05 11:07:53,071 :: INFO :: Control node : stop power of open node
2024-11-05 11:07:53,110 :: INFO :: Control node : reset
2024-11-05 11:07:53,114 :: INFO :: Reset Control Node
2024-11-05 11:07:55,865 :: INFO :: Stop experiment succeeded
