2024-11-05 10:07:29,299 :: INFO :: Start experiment: perezram-407665
2024-11-05 10:07:29,303 :: INFO :: Control node : Starting of control node serial interface
2024-11-05 10:07:29,306 :: INFO :: Control node : reset
2024-11-05 10:07:29,309 :: INFO :: Reset Control Node
2024-11-05 10:07:32,347 :: INFO :: Control node : start power of open node
2024-11-05 10:07:32,364 :: INFO :: Node OpenOCD: Setup of openocd node
2024-11-05 10:07:35,379 :: INFO :: Node OpenOCD: flash of openocd node
2024-11-05 10:07:35,383 :: INFO :: Flash firmware on OpenOCD: /usr/lib/python3.8/site-packages/gateway_code/static/m3_idle.elf
2024-11-05 10:07:37,530 :: INFO :: Control node : Start experiment
2024-11-05 10:07:37,596 :: INFO :: Control Node set time delay: 11673 us
2024-11-05 10:07:37,620 :: INFO :: Control node : profile configuration
2024-11-05 10:07:37,634 :: INFO :: Configure profile on Control Node
2024-11-05 10:07:37,697 :: INFO :: Start experiment succeeded
2024-11-05 10:08:53,504 :: INFO :: Gateway Manager : Flash of node
2024-11-05 10:08:53,521 :: INFO :: Flash firmware on open node: /tmp/tmpgtagoqaj--firmware2276245339132118318-udp-client.iotlab
2024-11-05 10:08:53,588 :: INFO :: Node OpenOCD: flash of openocd node
2024-11-05 10:08:53,592 :: INFO :: Flash firmware on OpenOCD: /tmp/tmpgtagoqaj--firmware2276245339132118318-udp-client.iotlab
2024-11-05 11:07:47,367 :: INFO :: Gateway Manager : Stop experiment
2024-11-05 11:07:47,372 :: INFO :: Stop experiment
2024-11-05 11:07:47,377 :: INFO :: Control node : stop of the experiment
2024-11-05 11:07:47,382 :: INFO :: Control node : profile configuration
2024-11-05 11:07:47,385 :: INFO :: Configure profile on Control Node
2024-11-05 11:07:47,443 :: INFO :: Control node : start power of open node
2024-11-05 11:07:47,475 :: INFO :: Node OpenOCD: teardown of openocd node
2024-11-05 11:07:50,491 :: INFO :: openocd node debugger stop
2024-11-05 11:07:51,016 :: INFO :: Node OpenOCD: flash of openocd node
2024-11-05 11:07:51,020 :: INFO :: Flash firmware on OpenOCD: /usr/lib/python3.8/site-packages/gateway_code/static/m3_idle.elf
2024-11-05 11:07:53,164 :: INFO :: Control node : Stop control node serial interface
2024-11-05 11:07:53,169 :: INFO :: Control node : stop power of open node
2024-11-05 11:07:53,208 :: INFO :: Control node : reset
2024-11-05 11:07:53,212 :: INFO :: Reset Control Node
2024-11-05 11:07:55,985 :: INFO :: Stop experiment succeeded
