2024-11-05 10:07:29,564 :: INFO :: Start experiment: perezram-407665
2024-11-05 10:07:29,568 :: INFO :: Control node : Starting of control node serial interface
2024-11-05 10:07:29,571 :: INFO :: Control node : reset
2024-11-05 10:07:29,574 :: INFO :: Reset Control Node
2024-11-05 10:07:32,377 :: INFO :: Control node : start power of open node
2024-11-05 10:07:32,393 :: INFO :: Node OpenOCD: Setup of openocd node
2024-11-05 10:07:35,408 :: INFO :: Node OpenOCD: flash of openocd node
2024-11-05 10:07:35,413 :: INFO :: Flash firmware on OpenOCD: /usr/lib/python3.8/site-packages/gateway_code/static/m3_idle.elf
2024-11-05 10:07:37,560 :: INFO :: Control node : Start experiment
2024-11-05 10:07:37,631 :: INFO :: Control Node set time delay: 5287 us
2024-11-05 10:07:37,657 :: INFO :: Control node : profile configuration
2024-11-05 10:07:37,660 :: INFO :: Configure profile on Control Node
2024-11-05 10:07:37,726 :: INFO :: Start experiment succeeded
2024-11-05 10:08:54,226 :: INFO :: Gateway Manager : Flash of node
2024-11-05 10:08:54,231 :: INFO :: Flash firmware on open node: /tmp/tmpoz33_2gr--firmware2276245339132118318-udp-client.iotlab
2024-11-05 10:08:54,276 :: INFO :: Node OpenOCD: flash of openocd node
2024-11-05 10:08:54,280 :: INFO :: Flash firmware on OpenOCD: /tmp/tmpoz33_2gr--firmware2276245339132118318-udp-client.iotlab
2024-11-05 11:07:47,482 :: INFO :: Gateway Manager : Stop experiment
2024-11-05 11:07:47,821 :: INFO :: Stop experiment
2024-11-05 11:07:47,839 :: INFO :: Control node : stop of the experiment
2024-11-05 11:07:47,851 :: INFO :: Control node : profile configuration
2024-11-05 11:07:47,856 :: INFO :: Configure profile on Control Node
2024-11-05 11:07:47,931 :: INFO :: Control node : start power of open node
2024-11-05 11:07:47,963 :: INFO :: Node OpenOCD: teardown of openocd node
2024-11-05 11:07:50,978 :: INFO :: openocd node debugger stop
2024-11-05 11:07:51,501 :: INFO :: Node OpenOCD: flash of openocd node
2024-11-05 11:07:51,504 :: INFO :: Flash firmware on OpenOCD: /usr/lib/python3.8/site-packages/gateway_code/static/m3_idle.elf
2024-11-05 11:07:53,647 :: INFO :: Control node : Stop control node serial interface
2024-11-05 11:07:53,652 :: INFO :: Control node : stop power of open node
2024-11-05 11:07:53,695 :: INFO :: Control node : reset
2024-11-05 11:07:53,698 :: INFO :: Reset Control Node
2024-11-05 11:07:56,442 :: INFO :: Stop experiment succeeded
