2024-11-05 10:07:29,043 :: INFO :: Start experiment: perezram-407665
2024-11-05 10:07:29,047 :: INFO :: Control node : Starting of control node serial interface
2024-11-05 10:07:29,050 :: INFO :: Control node : reset
2024-11-05 10:07:29,053 :: INFO :: Reset Control Node
2024-11-05 10:07:31,850 :: INFO :: Control node : start power of open node
2024-11-05 10:07:31,869 :: INFO :: Node OpenOCD: Setup of openocd node
2024-11-05 10:07:34,883 :: INFO :: Node OpenOCD: flash of openocd node
2024-11-05 10:07:34,887 :: INFO :: Flash firmware on OpenOCD: /usr/lib/python3.8/site-packages/gateway_code/static/m3_idle.elf
2024-11-05 10:07:37,035 :: INFO :: Control node : Start experiment
2024-11-05 10:07:37,100 :: INFO :: Control Node set time delay: 3983 us
2024-11-05 10:07:37,123 :: INFO :: Control node : profile configuration
2024-11-05 10:07:37,138 :: INFO :: Configure profile on Control Node
2024-11-05 10:07:37,201 :: INFO :: Start experiment succeeded
2024-11-05 10:08:53,066 :: INFO :: Gateway Manager : Flash of node
2024-11-05 10:08:53,093 :: INFO :: Flash firmware on open node: /tmp/tmpq60ngb03--firmware2276245339132118318-udp-client.iotlab
2024-11-05 10:08:53,138 :: INFO :: Node OpenOCD: flash of openocd node
2024-11-05 10:08:53,142 :: INFO :: Flash firmware on OpenOCD: /tmp/tmpq60ngb03--firmware2276245339132118318-udp-client.iotlab
2024-11-05 11:07:47,116 :: INFO :: Gateway Manager : Stop experiment
2024-11-05 11:07:47,123 :: INFO :: Stop experiment
2024-11-05 11:07:47,127 :: INFO :: Control node : stop of the experiment
2024-11-05 11:07:47,132 :: INFO :: Control node : profile configuration
2024-11-05 11:07:47,135 :: INFO :: Configure profile on Control Node
2024-11-05 11:07:47,190 :: INFO :: Control node : start power of open node
2024-11-05 11:07:47,223 :: INFO :: Node OpenOCD: teardown of openocd node
2024-11-05 11:07:50,241 :: INFO :: openocd node debugger stop
2024-11-05 11:07:50,862 :: INFO :: Node OpenOCD: flash of openocd node
2024-11-05 11:07:50,866 :: INFO :: Flash firmware on OpenOCD: /usr/lib/python3.8/site-packages/gateway_code/static/m3_idle.elf
2024-11-05 11:07:53,009 :: INFO :: Control node : Stop control node serial interface
2024-11-05 11:07:53,013 :: INFO :: Control node : stop power of open node
2024-11-05 11:07:53,049 :: INFO :: Control node : reset
2024-11-05 11:07:53,053 :: INFO :: Reset Control Node
2024-11-05 11:07:55,795 :: INFO :: Stop experiment succeeded
