2024-11-05 10:07:29,248 :: INFO :: Start experiment: perezram-407665
2024-11-05 10:07:29,252 :: INFO :: Control node : Starting of control node serial interface
2024-11-05 10:07:29,255 :: INFO :: Control node : reset
2024-11-05 10:07:29,258 :: INFO :: Reset Control Node
2024-11-05 10:07:32,304 :: INFO :: Control node : start power of open node
2024-11-05 10:07:32,322 :: INFO :: Node OpenOCD: Setup of openocd node
2024-11-05 10:07:35,337 :: INFO :: Node OpenOCD: flash of openocd node
2024-11-05 10:07:35,340 :: INFO :: Flash firmware on OpenOCD: /usr/lib/python3.8/site-packages/gateway_code/static/m3_idle.elf
2024-11-05 10:07:37,486 :: INFO :: Control node : Start experiment
2024-11-05 10:07:37,554 :: INFO :: Control Node set time delay: 10639 us
2024-11-05 10:07:37,601 :: INFO :: Control node : profile configuration
2024-11-05 10:07:37,605 :: INFO :: Configure profile on Control Node
2024-11-05 10:07:37,654 :: INFO :: Start experiment succeeded
2024-11-05 10:08:52,405 :: INFO :: Gateway Manager : Flash of node
2024-11-05 10:08:52,433 :: INFO :: Flash firmware on open node: /tmp/tmp1xh8gtip--firmware2276245339132118318-udp-client.iotlab
2024-11-05 10:08:52,478 :: INFO :: Node OpenOCD: flash of openocd node
2024-11-05 10:08:52,482 :: INFO :: Flash firmware on OpenOCD: /tmp/tmp1xh8gtip--firmware2276245339132118318-udp-client.iotlab
2024-11-05 11:07:47,262 :: INFO :: Gateway Manager : Stop experiment
2024-11-05 11:07:47,692 :: INFO :: Stop experiment
2024-11-05 11:07:47,704 :: INFO :: Control node : stop of the experiment
2024-11-05 11:07:47,716 :: INFO :: Control node : profile configuration
2024-11-05 11:07:47,720 :: INFO :: Configure profile on Control Node
2024-11-05 11:07:47,785 :: INFO :: Control node : start power of open node
2024-11-05 11:07:47,844 :: INFO :: Node OpenOCD: teardown of openocd node
2024-11-05 11:07:50,859 :: INFO :: openocd node debugger stop
2024-11-05 11:07:51,383 :: INFO :: Node OpenOCD: flash of openocd node
2024-11-05 11:07:51,386 :: INFO :: Flash firmware on OpenOCD: /usr/lib/python3.8/site-packages/gateway_code/static/m3_idle.elf
2024-11-05 11:07:53,530 :: INFO :: Control node : Stop control node serial interface
2024-11-05 11:07:53,536 :: INFO :: Control node : stop power of open node
2024-11-05 11:07:53,575 :: INFO :: Control node : reset
2024-11-05 11:07:53,579 :: INFO :: Reset Control Node
2024-11-05 11:07:56,321 :: INFO :: Stop experiment succeeded
