2024-11-05 10:07:29,598 :: INFO :: Start experiment: perezram-407665
2024-11-05 10:07:29,602 :: INFO :: Control node : Starting of control node serial interface
2024-11-05 10:07:29,605 :: INFO :: Control node : reset
2024-11-05 10:07:29,608 :: INFO :: Reset Control Node
2024-11-05 10:07:32,408 :: INFO :: Control node : start power of open node
2024-11-05 10:07:32,424 :: INFO :: Node OpenOCD: Setup of openocd node
2024-11-05 10:07:35,439 :: INFO :: Node OpenOCD: flash of openocd node
2024-11-05 10:07:35,443 :: INFO :: Flash firmware on OpenOCD: /usr/lib/python3.8/site-packages/gateway_code/static/m3_idle.elf
2024-11-05 10:07:37,592 :: INFO :: Control node : Start experiment
2024-11-05 10:07:37,661 :: INFO :: Control Node set time delay: 8218 us
2024-11-05 10:07:37,688 :: INFO :: Control node : profile configuration
2024-11-05 10:07:37,691 :: INFO :: Configure profile on Control Node
2024-11-05 10:07:37,757 :: INFO :: Start experiment succeeded
2024-11-05 10:08:54,045 :: INFO :: Gateway Manager : Flash of node
2024-11-05 10:08:54,050 :: INFO :: Flash firmware on open node: /tmp/tmpzofwkzfp--firmware2276245339132118318-udp-client.iotlab
2024-11-05 10:08:54,091 :: INFO :: Node OpenOCD: flash of openocd node
2024-11-05 10:08:54,095 :: INFO :: Flash firmware on OpenOCD: /tmp/tmpzofwkzfp--firmware2276245339132118318-udp-client.iotlab
2024-11-05 11:07:47,554 :: INFO :: Gateway Manager : Stop experiment
2024-11-05 11:07:47,560 :: INFO :: Stop experiment
2024-11-05 11:07:47,564 :: INFO :: Control node : stop of the experiment
2024-11-05 11:07:47,569 :: INFO :: Control node : profile configuration
2024-11-05 11:07:47,572 :: INFO :: Configure profile on Control Node
2024-11-05 11:07:47,624 :: INFO :: Control node : start power of open node
2024-11-05 11:07:47,656 :: INFO :: Node OpenOCD: teardown of openocd node
2024-11-05 11:07:50,695 :: INFO :: openocd node debugger stop
2024-11-05 11:07:51,221 :: INFO :: Node OpenOCD: flash of openocd node
2024-11-05 11:07:51,225 :: INFO :: Flash firmware on OpenOCD: /usr/lib/python3.8/site-packages/gateway_code/static/m3_idle.elf
2024-11-05 11:07:53,367 :: INFO :: Control node : Stop control node serial interface
2024-11-05 11:07:53,371 :: INFO :: Control node : stop power of open node
2024-11-05 11:07:53,403 :: INFO :: Control node : reset
2024-11-05 11:07:53,407 :: INFO :: Reset Control Node
2024-11-05 11:07:56,150 :: INFO :: Stop experiment succeeded
