2024-11-05 10:07:29,158 :: INFO :: Start experiment: perezram-407665
2024-11-05 10:07:29,162 :: INFO :: Control node : Starting of control node serial interface
2024-11-05 10:07:29,165 :: INFO :: Control node : reset
2024-11-05 10:07:29,168 :: INFO :: Reset Control Node
2024-11-05 10:07:31,961 :: INFO :: Control node : start power of open node
2024-11-05 10:07:31,980 :: INFO :: Node OpenOCD: Setup of openocd node
2024-11-05 10:07:34,995 :: INFO :: Node OpenOCD: flash of openocd node
2024-11-05 10:07:35,000 :: INFO :: Flash firmware on OpenOCD: /usr/lib/python3.8/site-packages/gateway_code/static/m3_idle.elf
2024-11-05 10:07:37,147 :: INFO :: Control node : Start experiment
2024-11-05 10:07:37,213 :: INFO :: Control Node set time delay: 2758 us
2024-11-05 10:07:37,243 :: INFO :: Control node : profile configuration
2024-11-05 10:07:37,247 :: INFO :: Configure profile on Control Node
2024-11-05 10:07:37,312 :: INFO :: Start experiment succeeded
2024-11-05 10:08:52,546 :: INFO :: Gateway Manager : Flash of node
2024-11-05 10:08:52,574 :: INFO :: Flash firmware on open node: /tmp/tmpdnp5euqa--firmware2276245339132118318-udp-client.iotlab
2024-11-05 10:08:52,618 :: INFO :: Node OpenOCD: flash of openocd node
2024-11-05 10:08:52,622 :: INFO :: Flash firmware on OpenOCD: /tmp/tmpdnp5euqa--firmware2276245339132118318-udp-client.iotlab
2024-11-05 11:07:47,122 :: INFO :: Gateway Manager : Stop experiment
2024-11-05 11:07:47,128 :: INFO :: Stop experiment
2024-11-05 11:07:47,132 :: INFO :: Control node : stop of the experiment
2024-11-05 11:07:47,137 :: INFO :: Control node : profile configuration
2024-11-05 11:07:47,140 :: INFO :: Configure profile on Control Node
2024-11-05 11:07:47,197 :: INFO :: Control node : start power of open node
2024-11-05 11:07:47,231 :: INFO :: Node OpenOCD: teardown of openocd node
2024-11-05 11:07:50,248 :: INFO :: openocd node debugger stop
2024-11-05 11:07:50,870 :: INFO :: Node OpenOCD: flash of openocd node
2024-11-05 11:07:50,873 :: INFO :: Flash firmware on OpenOCD: /usr/lib/python3.8/site-packages/gateway_code/static/m3_idle.elf
2024-11-05 11:07:53,015 :: INFO :: Control node : Stop control node serial interface
2024-11-05 11:07:53,020 :: INFO :: Control node : stop power of open node
2024-11-05 11:07:53,056 :: INFO :: Control node : reset
2024-11-05 11:07:53,060 :: INFO :: Reset Control Node
2024-11-05 11:07:55,802 :: INFO :: Stop experiment succeeded
