2024-11-05 10:07:29,547 :: INFO :: Start experiment: perezram-407665
2024-11-05 10:07:29,551 :: INFO :: Control node : Starting of control node serial interface
2024-11-05 10:07:29,554 :: INFO :: Control node : reset
2024-11-05 10:07:29,557 :: INFO :: Reset Control Node
2024-11-05 10:07:32,358 :: INFO :: Control node : start power of open node
2024-11-05 10:07:32,384 :: INFO :: Node OpenOCD: Setup of openocd node
2024-11-05 10:07:35,398 :: INFO :: Node OpenOCD: flash of openocd node
2024-11-05 10:07:35,403 :: INFO :: Flash firmware on OpenOCD: /usr/lib/python3.8/site-packages/gateway_code/static/m3_idle.elf
2024-11-05 10:07:37,550 :: INFO :: Control node : Start experiment
2024-11-05 10:07:37,616 :: INFO :: Control Node set time delay: 12101 us
2024-11-05 10:07:37,648 :: INFO :: Control node : profile configuration
2024-11-05 10:07:37,662 :: INFO :: Configure profile on Control Node
2024-11-05 10:07:37,717 :: INFO :: Start experiment succeeded
2024-11-05 10:08:53,003 :: INFO :: Gateway Manager : Flash of node
2024-11-05 10:08:53,031 :: INFO :: Flash firmware on open node: /tmp/tmp04_t8f9m--firmware2276245339132118318-udp-client.iotlab
2024-11-05 10:08:53,075 :: INFO :: Node OpenOCD: flash of openocd node
2024-11-05 10:08:53,079 :: INFO :: Flash firmware on OpenOCD: /tmp/tmp04_t8f9m--firmware2276245339132118318-udp-client.iotlab
2024-11-05 11:07:47,472 :: INFO :: Gateway Manager : Stop experiment
2024-11-05 11:07:47,478 :: INFO :: Stop experiment
2024-11-05 11:07:47,482 :: INFO :: Control node : stop of the experiment
2024-11-05 11:07:47,487 :: INFO :: Control node : profile configuration
2024-11-05 11:07:47,490 :: INFO :: Configure profile on Control Node
2024-11-05 11:07:47,535 :: INFO :: Control node : start power of open node
2024-11-05 11:07:47,567 :: INFO :: Node OpenOCD: teardown of openocd node
2024-11-05 11:07:50,584 :: INFO :: openocd node debugger stop
2024-11-05 11:07:51,109 :: INFO :: Node OpenOCD: flash of openocd node
2024-11-05 11:07:51,113 :: INFO :: Flash firmware on OpenOCD: /usr/lib/python3.8/site-packages/gateway_code/static/m3_idle.elf
2024-11-05 11:07:53,256 :: INFO :: Control node : Stop control node serial interface
2024-11-05 11:07:53,261 :: INFO :: Control node : stop power of open node
2024-11-05 11:07:53,298 :: INFO :: Control node : reset
2024-11-05 11:07:53,302 :: INFO :: Reset Control Node
2024-11-05 11:07:56,055 :: INFO :: Stop experiment succeeded
