2024-11-05 10:07:29,396 :: INFO :: Start experiment: perezram-407665
2024-11-05 10:07:29,400 :: INFO :: Control node : Starting of control node serial interface
2024-11-05 10:07:29,403 :: INFO :: Control node : reset
2024-11-05 10:07:29,406 :: INFO :: Reset Control Node
2024-11-05 10:07:32,353 :: INFO :: Control node : start power of open node
2024-11-05 10:07:32,369 :: INFO :: Node OpenOCD: Setup of openocd node
2024-11-05 10:07:35,384 :: INFO :: Node OpenOCD: flash of openocd node
2024-11-05 10:07:35,389 :: INFO :: Flash firmware on OpenOCD: /usr/lib/python3.8/site-packages/gateway_code/static/m3_idle.elf
2024-11-05 10:07:37,586 :: INFO :: Control node : Start experiment
2024-11-05 10:07:37,652 :: INFO :: Control Node set time delay: 9816 us
2024-11-05 10:07:37,687 :: INFO :: Control node : profile configuration
2024-11-05 10:07:37,690 :: INFO :: Configure profile on Control Node
2024-11-05 10:07:37,750 :: INFO :: Start experiment succeeded
2024-11-05 10:08:54,585 :: INFO :: Gateway Manager : Flash of node
2024-11-05 10:08:54,590 :: INFO :: Flash firmware on open node: /tmp/tmp8dozih_c--firmware2276245339132118318-udp-client.iotlab
2024-11-05 10:08:54,629 :: INFO :: Node OpenOCD: flash of openocd node
2024-11-05 10:08:54,633 :: INFO :: Flash firmware on OpenOCD: /tmp/tmp8dozih_c--firmware2276245339132118318-udp-client.iotlab
2024-11-05 11:07:47,356 :: INFO :: Gateway Manager : Stop experiment
2024-11-05 11:07:47,362 :: INFO :: Stop experiment
2024-11-05 11:07:47,366 :: INFO :: Control node : stop of the experiment
2024-11-05 11:07:47,371 :: INFO :: Control node : profile configuration
2024-11-05 11:07:47,375 :: INFO :: Configure profile on Control Node
2024-11-05 11:07:47,425 :: INFO :: Control node : start power of open node
2024-11-05 11:07:47,458 :: INFO :: Node OpenOCD: teardown of openocd node
2024-11-05 11:07:50,482 :: INFO :: openocd node debugger stop
2024-11-05 11:07:51,008 :: INFO :: Node OpenOCD: flash of openocd node
2024-11-05 11:07:51,011 :: INFO :: Flash firmware on OpenOCD: /usr/lib/python3.8/site-packages/gateway_code/static/m3_idle.elf
2024-11-05 11:07:53,154 :: INFO :: Control node : Stop control node serial interface
2024-11-05 11:07:53,159 :: INFO :: Control node : stop power of open node
2024-11-05 11:07:53,205 :: INFO :: Control node : reset
2024-11-05 11:07:53,209 :: INFO :: Reset Control Node
2024-11-05 11:07:55,968 :: INFO :: Stop experiment succeeded
