2024-11-05 10:07:29,173 :: INFO :: Start experiment: perezram-407665
2024-11-05 10:07:29,177 :: INFO :: Control node : Starting of control node serial interface
2024-11-05 10:07:29,180 :: INFO :: Control node : reset
2024-11-05 10:07:29,183 :: INFO :: Reset Control Node
2024-11-05 10:07:32,181 :: INFO :: Control node : start power of open node
2024-11-05 10:07:32,196 :: INFO :: Node OpenOCD: Setup of openocd node
2024-11-05 10:07:35,211 :: INFO :: Node OpenOCD: flash of openocd node
2024-11-05 10:07:35,216 :: INFO :: Flash firmware on OpenOCD: /usr/lib/python3.8/site-packages/gateway_code/static/m3_idle.elf
2024-11-05 10:07:37,364 :: INFO :: Control node : Start experiment
2024-11-05 10:07:37,428 :: INFO :: Control Node set time delay: 5091 us
2024-11-05 10:07:37,476 :: INFO :: Control node : profile configuration
2024-11-05 10:07:37,479 :: INFO :: Configure profile on Control Node
2024-11-05 10:07:37,529 :: INFO :: Start experiment succeeded
2024-11-05 10:08:52,692 :: INFO :: Gateway Manager : Flash of node
2024-11-05 10:08:52,720 :: INFO :: Flash firmware on open node: /tmp/tmpo9aqmfry--firmware2276245339132118318-udp-client.iotlab
2024-11-05 10:08:52,760 :: INFO :: Node OpenOCD: flash of openocd node
2024-11-05 10:08:52,763 :: INFO :: Flash firmware on OpenOCD: /tmp/tmpo9aqmfry--firmware2276245339132118318-udp-client.iotlab
2024-11-05 11:07:47,226 :: INFO :: Gateway Manager : Stop experiment
2024-11-05 11:07:47,233 :: INFO :: Stop experiment
2024-11-05 11:07:47,239 :: INFO :: Control node : stop of the experiment
2024-11-05 11:07:47,245 :: INFO :: Control node : profile configuration
2024-11-05 11:07:47,248 :: INFO :: Configure profile on Control Node
2024-11-05 11:07:47,303 :: INFO :: Control node : start power of open node
2024-11-05 11:07:47,335 :: INFO :: Node OpenOCD: teardown of openocd node
2024-11-05 11:07:50,351 :: INFO :: openocd node debugger stop
2024-11-05 11:07:50,876 :: INFO :: Node OpenOCD: flash of openocd node
2024-11-05 11:07:50,880 :: INFO :: Flash firmware on OpenOCD: /usr/lib/python3.8/site-packages/gateway_code/static/m3_idle.elf
2024-11-05 11:07:53,022 :: INFO :: Control node : Stop control node serial interface
2024-11-05 11:07:53,027 :: INFO :: Control node : stop power of open node
2024-11-05 11:07:53,066 :: INFO :: Control node : reset
2024-11-05 11:07:53,071 :: INFO :: Reset Control Node
2024-11-05 11:07:55,809 :: INFO :: Stop experiment succeeded
