2024-11-05 10:07:29,412 :: INFO :: Start experiment: perezram-407665
2024-11-05 10:07:29,416 :: INFO :: Control node : Starting of control node serial interface
2024-11-05 10:07:29,419 :: INFO :: Control node : reset
2024-11-05 10:07:29,422 :: INFO :: Reset Control Node
2024-11-05 10:07:32,350 :: INFO :: Control node : start power of open node
2024-11-05 10:07:32,366 :: INFO :: Node OpenOCD: Setup of openocd node
2024-11-05 10:07:35,381 :: INFO :: Node OpenOCD: flash of openocd node
2024-11-05 10:07:35,386 :: INFO :: Flash firmware on OpenOCD: /usr/lib/python3.8/site-packages/gateway_code/static/m3_idle.elf
2024-11-05 10:07:37,585 :: INFO :: Control node : Start experiment
2024-11-05 10:07:37,649 :: INFO :: Control Node set time delay: 1942 us
2024-11-05 10:07:37,678 :: INFO :: Control node : profile configuration
2024-11-05 10:07:37,681 :: INFO :: Configure profile on Control Node
2024-11-05 10:07:37,747 :: INFO :: Start experiment succeeded
2024-11-05 10:08:54,594 :: INFO :: Gateway Manager : Flash of node
2024-11-05 10:08:54,599 :: INFO :: Flash firmware on open node: /tmp/tmpraxklhek--firmware2276245339132118318-udp-client.iotlab
2024-11-05 10:08:54,638 :: INFO :: Node OpenOCD: flash of openocd node
2024-11-05 10:08:54,642 :: INFO :: Flash firmware on OpenOCD: /tmp/tmpraxklhek--firmware2276245339132118318-udp-client.iotlab
2024-11-05 11:07:47,382 :: INFO :: Gateway Manager : Stop experiment
2024-11-05 11:07:47,388 :: INFO :: Stop experiment
2024-11-05 11:07:47,392 :: INFO :: Control node : stop of the experiment
2024-11-05 11:07:47,397 :: INFO :: Control node : profile configuration
2024-11-05 11:07:47,400 :: INFO :: Configure profile on Control Node
2024-11-05 11:07:47,451 :: INFO :: Control node : start power of open node
2024-11-05 11:07:47,483 :: INFO :: Node OpenOCD: teardown of openocd node
2024-11-05 11:07:50,499 :: INFO :: openocd node debugger stop
2024-11-05 11:07:51,024 :: INFO :: Node OpenOCD: flash of openocd node
2024-11-05 11:07:51,027 :: INFO :: Flash firmware on OpenOCD: /usr/lib/python3.8/site-packages/gateway_code/static/m3_idle.elf
2024-11-05 11:07:53,169 :: INFO :: Control node : Stop control node serial interface
2024-11-05 11:07:53,174 :: INFO :: Control node : stop power of open node
2024-11-05 11:07:53,215 :: INFO :: Control node : reset
2024-11-05 11:07:53,219 :: INFO :: Reset Control Node
2024-11-05 11:07:55,980 :: INFO :: Stop experiment succeeded
