2024-11-05 10:07:29,256 :: INFO :: Start experiment: perezram-407665
2024-11-05 10:07:29,260 :: INFO :: Control node : Starting of control node serial interface
2024-11-05 10:07:29,263 :: INFO :: Control node : reset
2024-11-05 10:07:29,266 :: INFO :: Reset Control Node
2024-11-05 10:07:32,324 :: INFO :: Control node : start power of open node
2024-11-05 10:07:32,342 :: INFO :: Node OpenOCD: Setup of openocd node
2024-11-05 10:07:35,357 :: INFO :: Node OpenOCD: flash of openocd node
2024-11-05 10:07:35,360 :: INFO :: Flash firmware on OpenOCD: /usr/lib/python3.8/site-packages/gateway_code/static/m3_idle.elf
2024-11-05 10:07:37,507 :: INFO :: Control node : Start experiment
2024-11-05 10:07:37,579 :: INFO :: Control Node set time delay: 5878 us
2024-11-05 10:07:37,606 :: INFO :: Control node : profile configuration
2024-11-05 10:07:37,609 :: INFO :: Configure profile on Control Node
2024-11-05 10:07:37,675 :: INFO :: Start experiment succeeded
2024-11-05 10:08:51,845 :: INFO :: Gateway Manager : Flash of node
2024-11-05 10:08:51,875 :: INFO :: Flash firmware on open node: /tmp/tmp6gez0qyy--firmware2276245339132118318-udp-client.iotlab
2024-11-05 10:08:51,914 :: INFO :: Node OpenOCD: flash of openocd node
2024-11-05 10:08:51,918 :: INFO :: Flash firmware on OpenOCD: /tmp/tmp6gez0qyy--firmware2276245339132118318-udp-client.iotlab
2024-11-05 11:07:47,259 :: INFO :: Gateway Manager : Stop experiment
2024-11-05 11:07:47,688 :: INFO :: Stop experiment
2024-11-05 11:07:47,700 :: INFO :: Control node : stop of the experiment
2024-11-05 11:07:47,710 :: INFO :: Control node : profile configuration
2024-11-05 11:07:47,715 :: INFO :: Configure profile on Control Node
2024-11-05 11:07:47,795 :: INFO :: Control node : start power of open node
2024-11-05 11:07:47,840 :: INFO :: Node OpenOCD: teardown of openocd node
2024-11-05 11:07:50,856 :: INFO :: openocd node debugger stop
2024-11-05 11:07:51,380 :: INFO :: Node OpenOCD: flash of openocd node
2024-11-05 11:07:51,383 :: INFO :: Flash firmware on OpenOCD: /usr/lib/python3.8/site-packages/gateway_code/static/m3_idle.elf
2024-11-05 11:07:53,526 :: INFO :: Control node : Stop control node serial interface
2024-11-05 11:07:53,531 :: INFO :: Control node : stop power of open node
2024-11-05 11:07:53,571 :: INFO :: Control node : reset
2024-11-05 11:07:53,575 :: INFO :: Reset Control Node
2024-11-05 11:07:56,316 :: INFO :: Stop experiment succeeded
