2024-11-05 10:07:29,555 :: INFO :: Start experiment: perezram-407665
2024-11-05 10:07:29,558 :: INFO :: Control node : Starting of control node serial interface
2024-11-05 10:07:29,562 :: INFO :: Control node : reset
2024-11-05 10:07:29,565 :: INFO :: Reset Control Node
2024-11-05 10:07:32,416 :: INFO :: Control node : start power of open node
2024-11-05 10:07:32,433 :: INFO :: Node OpenOCD: Setup of openocd node
2024-11-05 10:07:35,449 :: INFO :: Node OpenOCD: flash of openocd node
2024-11-05 10:07:35,454 :: INFO :: Flash firmware on OpenOCD: /usr/lib/python3.8/site-packages/gateway_code/static/m3_idle.elf
2024-11-05 10:07:37,651 :: INFO :: Control node : Start experiment
2024-11-05 10:07:37,728 :: INFO :: Control Node set time delay: 14431 us
2024-11-05 10:07:37,760 :: INFO :: Control node : profile configuration
2024-11-05 10:07:37,763 :: INFO :: Configure profile on Control Node
2024-11-05 10:07:37,814 :: INFO :: Start experiment succeeded
2024-11-05 10:08:54,177 :: INFO :: Gateway Manager : Flash of node
2024-11-05 10:08:54,182 :: INFO :: Flash firmware on open node: /tmp/tmpqhirg6yh--firmware2276245339132118318-udp-client.iotlab
2024-11-05 10:08:54,226 :: INFO :: Node OpenOCD: flash of openocd node
2024-11-05 10:08:54,231 :: INFO :: Flash firmware on OpenOCD: /tmp/tmpqhirg6yh--firmware2276245339132118318-udp-client.iotlab
2024-11-05 11:07:47,468 :: INFO :: Gateway Manager : Stop experiment
2024-11-05 11:07:47,474 :: INFO :: Stop experiment
2024-11-05 11:07:47,478 :: INFO :: Control node : stop of the experiment
2024-11-05 11:07:47,483 :: INFO :: Control node : profile configuration
2024-11-05 11:07:47,486 :: INFO :: Configure profile on Control Node
2024-11-05 11:07:47,542 :: INFO :: Control node : start power of open node
2024-11-05 11:07:47,574 :: INFO :: Node OpenOCD: teardown of openocd node
2024-11-05 11:07:50,591 :: INFO :: openocd node debugger stop
2024-11-05 11:07:51,117 :: INFO :: Node OpenOCD: flash of openocd node
2024-11-05 11:07:51,120 :: INFO :: Flash firmware on OpenOCD: /usr/lib/python3.8/site-packages/gateway_code/static/m3_idle.elf
2024-11-05 11:07:53,262 :: INFO :: Control node : Stop control node serial interface
2024-11-05 11:07:53,267 :: INFO :: Control node : stop power of open node
2024-11-05 11:07:53,305 :: INFO :: Control node : reset
2024-11-05 11:07:53,309 :: INFO :: Reset Control Node
2024-11-05 11:07:56,058 :: INFO :: Stop experiment succeeded
