2024-11-05 10:07:29,475 :: INFO :: Start experiment: perezram-407665
2024-11-05 10:07:29,479 :: INFO :: Control node : Starting of control node serial interface
2024-11-05 10:07:29,482 :: INFO :: Control node : reset
2024-11-05 10:07:29,485 :: INFO :: Reset Control Node
2024-11-05 10:07:32,356 :: INFO :: Control node : start power of open node
2024-11-05 10:07:32,381 :: INFO :: Node OpenOCD: Setup of openocd node
2024-11-05 10:07:35,396 :: INFO :: Node OpenOCD: flash of openocd node
2024-11-05 10:07:35,401 :: INFO :: Flash firmware on OpenOCD: /usr/lib/python3.8/site-packages/gateway_code/static/m3_idle.elf
2024-11-05 10:07:37,547 :: INFO :: Control node : Start experiment
2024-11-05 10:07:37,614 :: INFO :: Control Node set time delay: 13062 us
2024-11-05 10:07:37,661 :: INFO :: Control node : profile configuration
2024-11-05 10:07:37,664 :: INFO :: Configure profile on Control Node
2024-11-05 10:07:37,714 :: INFO :: Start experiment succeeded
2024-11-05 10:08:54,465 :: INFO :: Gateway Manager : Flash of node
2024-11-05 10:08:54,471 :: INFO :: Flash firmware on open node: /tmp/tmpjvmz_qh1--firmware2276245339132118318-udp-client.iotlab
2024-11-05 10:08:54,510 :: INFO :: Node OpenOCD: flash of openocd node
2024-11-05 10:08:54,513 :: INFO :: Flash firmware on OpenOCD: /tmp/tmpjvmz_qh1--firmware2276245339132118318-udp-client.iotlab
2024-11-05 11:07:47,450 :: INFO :: Gateway Manager : Stop experiment
2024-11-05 11:07:47,455 :: INFO :: Stop experiment
2024-11-05 11:07:47,459 :: INFO :: Control node : stop of the experiment
2024-11-05 11:07:47,464 :: INFO :: Control node : profile configuration
2024-11-05 11:07:47,468 :: INFO :: Configure profile on Control Node
2024-11-05 11:07:47,525 :: INFO :: Control node : start power of open node
2024-11-05 11:07:47,557 :: INFO :: Node OpenOCD: teardown of openocd node
2024-11-05 11:07:50,580 :: INFO :: openocd node debugger stop
2024-11-05 11:07:51,106 :: INFO :: Node OpenOCD: flash of openocd node
2024-11-05 11:07:51,109 :: INFO :: Flash firmware on OpenOCD: /usr/lib/python3.8/site-packages/gateway_code/static/m3_idle.elf
2024-11-05 11:07:53,251 :: INFO :: Control node : Stop control node serial interface
2024-11-05 11:07:53,255 :: INFO :: Control node : stop power of open node
2024-11-05 11:07:53,289 :: INFO :: Control node : reset
2024-11-05 11:07:53,292 :: INFO :: Reset Control Node
2024-11-05 11:07:56,043 :: INFO :: Stop experiment succeeded
