2024-11-05 10:07:29,477 :: INFO :: Start experiment: perezram-407665
2024-11-05 10:07:29,481 :: INFO :: Control node : Starting of control node serial interface
2024-11-05 10:07:29,484 :: INFO :: Control node : reset
2024-11-05 10:07:29,488 :: INFO :: Reset Control Node
2024-11-05 10:07:32,353 :: INFO :: Control node : start power of open node
2024-11-05 10:07:32,369 :: INFO :: Node OpenOCD: Setup of openocd node
2024-11-05 10:07:35,384 :: INFO :: Node OpenOCD: flash of openocd node
2024-11-05 10:07:35,389 :: INFO :: Flash firmware on OpenOCD: /usr/lib/python3.8/site-packages/gateway_code/static/m3_idle.elf
2024-11-05 10:07:37,538 :: INFO :: Control node : Start experiment
2024-11-05 10:07:37,605 :: INFO :: Control Node set time delay: 3936 us
2024-11-05 10:07:37,634 :: INFO :: Control node : profile configuration
2024-11-05 10:07:37,637 :: INFO :: Configure profile on Control Node
2024-11-05 10:07:37,702 :: INFO :: Start experiment succeeded
2024-11-05 10:08:53,739 :: INFO :: Gateway Manager : Flash of node
2024-11-05 10:08:53,745 :: INFO :: Flash firmware on open node: /tmp/tmpkydwxcrs--firmware2276245339132118318-udp-client.iotlab
2024-11-05 10:08:53,785 :: INFO :: Node OpenOCD: flash of openocd node
2024-11-05 10:08:53,788 :: INFO :: Flash firmware on OpenOCD: /tmp/tmpkydwxcrs--firmware2276245339132118318-udp-client.iotlab
2024-11-05 11:07:47,448 :: INFO :: Gateway Manager : Stop experiment
2024-11-05 11:07:47,813 :: INFO :: Stop experiment
2024-11-05 11:07:47,832 :: INFO :: Control node : stop of the experiment
2024-11-05 11:07:47,837 :: INFO :: Control node : profile configuration
2024-11-05 11:07:47,840 :: INFO :: Configure profile on Control Node
2024-11-05 11:07:47,918 :: INFO :: Control node : start power of open node
2024-11-05 11:07:47,949 :: INFO :: Node OpenOCD: teardown of openocd node
2024-11-05 11:07:50,964 :: INFO :: openocd node debugger stop
2024-11-05 11:07:51,488 :: INFO :: Node OpenOCD: flash of openocd node
2024-11-05 11:07:51,491 :: INFO :: Flash firmware on OpenOCD: /usr/lib/python3.8/site-packages/gateway_code/static/m3_idle.elf
2024-11-05 11:07:53,634 :: INFO :: Control node : Stop control node serial interface
2024-11-05 11:07:53,639 :: INFO :: Control node : stop power of open node
2024-11-05 11:07:53,681 :: INFO :: Control node : reset
2024-11-05 11:07:53,685 :: INFO :: Reset Control Node
2024-11-05 11:07:56,430 :: INFO :: Stop experiment succeeded
