2024-11-05 10:07:28,960 :: INFO :: Start experiment: perezram-407665
2024-11-05 10:07:28,964 :: INFO :: Control node : Starting of control node serial interface
2024-11-05 10:07:28,967 :: INFO :: Control node : reset
2024-11-05 10:07:28,970 :: INFO :: Reset Control Node
2024-11-05 10:07:31,766 :: INFO :: Control node : start power of open node
2024-11-05 10:07:31,784 :: INFO :: Node OpenOCD: Setup of openocd node
2024-11-05 10:07:34,798 :: INFO :: Node OpenOCD: flash of openocd node
2024-11-05 10:07:34,803 :: INFO :: Flash firmware on OpenOCD: /usr/lib/python3.8/site-packages/gateway_code/static/m3_idle.elf
2024-11-05 10:07:36,953 :: INFO :: Control node : Start experiment
2024-11-05 10:07:37,016 :: INFO :: Control Node set time delay: 9504 us
2024-11-05 10:07:37,048 :: INFO :: Control node : profile configuration
2024-11-05 10:07:37,051 :: INFO :: Configure profile on Control Node
2024-11-05 10:07:37,117 :: INFO :: Start experiment succeeded
2024-11-05 10:08:54,318 :: INFO :: Gateway Manager : Flash of node
2024-11-05 10:08:54,324 :: INFO :: Flash firmware on open node: /tmp/tmphjryjg2q--firmware2276245339132118318-udp-client.iotlab
2024-11-05 10:08:54,368 :: INFO :: Node OpenOCD: flash of openocd node
2024-11-05 10:08:54,371 :: INFO :: Flash firmware on OpenOCD: /tmp/tmphjryjg2q--firmware2276245339132118318-udp-client.iotlab
2024-11-05 11:07:47,477 :: INFO :: Gateway Manager : Stop experiment
2024-11-05 11:07:47,483 :: INFO :: Stop experiment
2024-11-05 11:07:47,487 :: INFO :: Control node : stop of the experiment
2024-11-05 11:07:47,492 :: INFO :: Control node : profile configuration
2024-11-05 11:07:47,495 :: INFO :: Configure profile on Control Node
2024-11-05 11:07:47,554 :: INFO :: Control node : start power of open node
2024-11-05 11:07:47,586 :: INFO :: Node OpenOCD: teardown of openocd node
2024-11-05 11:07:50,603 :: INFO :: openocd node debugger stop
2024-11-05 11:07:51,128 :: INFO :: Node OpenOCD: flash of openocd node
2024-11-05 11:07:51,131 :: INFO :: Flash firmware on OpenOCD: /usr/lib/python3.8/site-packages/gateway_code/static/m3_idle.elf
2024-11-05 11:07:53,275 :: INFO :: Control node : Stop control node serial interface
2024-11-05 11:07:53,280 :: INFO :: Control node : stop power of open node
2024-11-05 11:07:53,317 :: INFO :: Control node : reset
2024-11-05 11:07:53,321 :: INFO :: Reset Control Node
2024-11-05 11:07:56,073 :: INFO :: Stop experiment succeeded
