2024-11-05 10:07:28,980 :: INFO :: Start experiment: perezram-407665
2024-11-05 10:07:28,985 :: INFO :: Control node : Starting of control node serial interface
2024-11-05 10:07:28,988 :: INFO :: Control node : reset
2024-11-05 10:07:28,991 :: INFO :: Reset Control Node
2024-11-05 10:07:31,786 :: INFO :: Control node : start power of open node
2024-11-05 10:07:31,802 :: INFO :: Node OpenOCD: Setup of openocd node
2024-11-05 10:07:34,817 :: INFO :: Node OpenOCD: flash of openocd node
2024-11-05 10:07:34,822 :: INFO :: Flash firmware on OpenOCD: /usr/lib/python3.8/site-packages/gateway_code/static/m3_idle.elf
2024-11-05 10:07:36,969 :: INFO :: Control node : Start experiment
2024-11-05 10:07:37,034 :: INFO :: Control Node set time delay: 4730 us
2024-11-05 10:07:37,058 :: INFO :: Control node : profile configuration
2024-11-05 10:07:37,072 :: INFO :: Configure profile on Control Node
2024-11-05 10:07:37,135 :: INFO :: Start experiment succeeded
2024-11-05 10:08:55,040 :: INFO :: Gateway Manager : Flash of node
2024-11-05 10:08:55,045 :: INFO :: Flash firmware on open node: /tmp/tmp15tg3pip--firmware2276245339132118318-udp-client.iotlab
2024-11-05 10:08:55,086 :: INFO :: Node OpenOCD: flash of openocd node
2024-11-05 10:08:55,090 :: INFO :: Flash firmware on OpenOCD: /tmp/tmp15tg3pip--firmware2276245339132118318-udp-client.iotlab
2024-11-05 11:07:46,950 :: INFO :: Gateway Manager : Stop experiment
2024-11-05 11:07:47,545 :: INFO :: Stop experiment
2024-11-05 11:07:47,550 :: INFO :: Control node : stop of the experiment
2024-11-05 11:07:47,555 :: INFO :: Control node : profile configuration
2024-11-05 11:07:47,558 :: INFO :: Configure profile on Control Node
2024-11-05 11:07:47,617 :: INFO :: Control node : start power of open node
2024-11-05 11:07:47,649 :: INFO :: Node OpenOCD: teardown of openocd node
2024-11-05 11:07:50,666 :: INFO :: openocd node debugger stop
2024-11-05 11:07:51,192 :: INFO :: Node OpenOCD: flash of openocd node
2024-11-05 11:07:51,195 :: INFO :: Flash firmware on OpenOCD: /usr/lib/python3.8/site-packages/gateway_code/static/m3_idle.elf
2024-11-05 11:07:53,338 :: INFO :: Control node : Stop control node serial interface
2024-11-05 11:07:53,343 :: INFO :: Control node : stop power of open node
2024-11-05 11:07:53,381 :: INFO :: Control node : reset
2024-11-05 11:07:53,385 :: INFO :: Reset Control Node
2024-11-05 11:07:56,126 :: INFO :: Stop experiment succeeded
