2024-11-05 10:07:28,954 :: INFO :: Start experiment: perezram-407665
2024-11-05 10:07:28,958 :: INFO :: Control node : Starting of control node serial interface
2024-11-05 10:07:28,961 :: INFO :: Control node : reset
2024-11-05 10:07:28,964 :: INFO :: Reset Control Node
2024-11-05 10:07:31,760 :: INFO :: Control node : start power of open node
2024-11-05 10:07:31,778 :: INFO :: Node OpenOCD: Setup of openocd node
2024-11-05 10:07:34,792 :: INFO :: Node OpenOCD: flash of openocd node
2024-11-05 10:07:34,797 :: INFO :: Flash firmware on OpenOCD: /usr/lib/python3.8/site-packages/gateway_code/static/m3_idle.elf
2024-11-05 10:07:36,944 :: INFO :: Control node : Start experiment
2024-11-05 10:07:37,009 :: INFO :: Control Node set time delay: 6747 us
2024-11-05 10:07:37,041 :: INFO :: Control node : profile configuration
2024-11-05 10:07:37,054 :: INFO :: Configure profile on Control Node
2024-11-05 10:07:37,110 :: INFO :: Start experiment succeeded
2024-11-05 10:08:54,653 :: INFO :: Gateway Manager : Flash of node
2024-11-05 10:08:54,658 :: INFO :: Flash firmware on open node: /tmp/tmpahgwfk50--firmware2276245339132118318-udp-client.iotlab
2024-11-05 10:08:54,703 :: INFO :: Node OpenOCD: flash of openocd node
2024-11-05 10:08:54,706 :: INFO :: Flash firmware on OpenOCD: /tmp/tmpahgwfk50--firmware2276245339132118318-udp-client.iotlab
2024-11-05 11:07:47,478 :: INFO :: Gateway Manager : Stop experiment
2024-11-05 11:07:47,484 :: INFO :: Stop experiment
2024-11-05 11:07:47,488 :: INFO :: Control node : stop of the experiment
2024-11-05 11:07:47,493 :: INFO :: Control node : profile configuration
2024-11-05 11:07:47,496 :: INFO :: Configure profile on Control Node
2024-11-05 11:07:47,549 :: INFO :: Control node : start power of open node
2024-11-05 11:07:47,580 :: INFO :: Node OpenOCD: teardown of openocd node
2024-11-05 11:07:50,596 :: INFO :: openocd node debugger stop
2024-11-05 11:07:51,122 :: INFO :: Node OpenOCD: flash of openocd node
2024-11-05 11:07:51,125 :: INFO :: Flash firmware on OpenOCD: /usr/lib/python3.8/site-packages/gateway_code/static/m3_idle.elf
2024-11-05 11:07:53,268 :: INFO :: Control node : Stop control node serial interface
2024-11-05 11:07:53,273 :: INFO :: Control node : stop power of open node
2024-11-05 11:07:53,312 :: INFO :: Control node : reset
2024-11-05 11:07:53,316 :: INFO :: Reset Control Node
2024-11-05 11:07:56,068 :: INFO :: Stop experiment succeeded
