2024-11-05 10:07:29,299 :: INFO :: Start experiment: perezram-407665
2024-11-05 10:07:29,303 :: INFO :: Control node : Starting of control node serial interface
2024-11-05 10:07:29,306 :: INFO :: Control node : reset
2024-11-05 10:07:29,309 :: INFO :: Reset Control Node
2024-11-05 10:07:32,345 :: INFO :: Control node : start power of open node
2024-11-05 10:07:32,365 :: INFO :: Node OpenOCD: Setup of openocd node
2024-11-05 10:07:35,380 :: INFO :: Node OpenOCD: flash of openocd node
2024-11-05 10:07:35,384 :: INFO :: Flash firmware on OpenOCD: /usr/lib/python3.8/site-packages/gateway_code/static/m3_idle.elf
2024-11-05 10:07:37,529 :: INFO :: Control node : Start experiment
2024-11-05 10:07:37,597 :: INFO :: Control Node set time delay: 10980 us
2024-11-05 10:07:37,619 :: INFO :: Control node : profile configuration
2024-11-05 10:07:37,633 :: INFO :: Configure profile on Control Node
2024-11-05 10:07:37,698 :: INFO :: Start experiment succeeded
2024-11-05 10:08:54,464 :: INFO :: Gateway Manager : Flash of node
2024-11-05 10:08:54,469 :: INFO :: Flash firmware on open node: /tmp/tmpnjzgvaaw--firmware2276245339132118318-udp-client.iotlab
2024-11-05 10:08:54,509 :: INFO :: Node OpenOCD: flash of openocd node
2024-11-05 10:08:54,513 :: INFO :: Flash firmware on OpenOCD: /tmp/tmpnjzgvaaw--firmware2276245339132118318-udp-client.iotlab
2024-11-05 11:07:47,369 :: INFO :: Gateway Manager : Stop experiment
2024-11-05 11:07:47,374 :: INFO :: Stop experiment
2024-11-05 11:07:47,378 :: INFO :: Control node : stop of the experiment
2024-11-05 11:07:47,383 :: INFO :: Control node : profile configuration
2024-11-05 11:07:47,387 :: INFO :: Configure profile on Control Node
2024-11-05 11:07:47,443 :: INFO :: Control node : start power of open node
2024-11-05 11:07:47,475 :: INFO :: Node OpenOCD: teardown of openocd node
2024-11-05 11:07:50,492 :: INFO :: openocd node debugger stop
2024-11-05 11:07:51,018 :: INFO :: Node OpenOCD: flash of openocd node
2024-11-05 11:07:51,021 :: INFO :: Flash firmware on OpenOCD: /usr/lib/python3.8/site-packages/gateway_code/static/m3_idle.elf
2024-11-05 11:07:53,163 :: INFO :: Control node : Stop control node serial interface
2024-11-05 11:07:53,168 :: INFO :: Control node : stop power of open node
2024-11-05 11:07:53,207 :: INFO :: Control node : reset
2024-11-05 11:07:53,211 :: INFO :: Reset Control Node
2024-11-05 11:07:55,970 :: INFO :: Stop experiment succeeded
