2024-11-05 10:07:29,483 :: INFO :: Start experiment: perezram-407665
2024-11-05 10:07:29,487 :: INFO :: Control node : Starting of control node serial interface
2024-11-05 10:07:29,490 :: INFO :: Control node : reset
2024-11-05 10:07:29,493 :: INFO :: Reset Control Node
2024-11-05 10:07:32,356 :: INFO :: Control node : start power of open node
2024-11-05 10:07:32,371 :: INFO :: Node OpenOCD: Setup of openocd node
2024-11-05 10:07:35,387 :: INFO :: Node OpenOCD: flash of openocd node
2024-11-05 10:07:35,392 :: INFO :: Flash firmware on OpenOCD: /usr/lib/python3.8/site-packages/gateway_code/static/m3_idle.elf
2024-11-05 10:07:37,590 :: INFO :: Control node : Start experiment
2024-11-05 10:07:37,651 :: INFO :: Control Node set time delay: 6049 us
2024-11-05 10:07:37,688 :: INFO :: Control node : profile configuration
2024-11-05 10:07:37,692 :: INFO :: Configure profile on Control Node
2024-11-05 10:07:37,752 :: INFO :: Start experiment succeeded
2024-11-05 10:08:52,853 :: INFO :: Gateway Manager : Flash of node
2024-11-05 10:08:52,881 :: INFO :: Flash firmware on open node: /tmp/tmp7qmu4gbw--firmware2276245339132118318-udp-client.iotlab
2024-11-05 10:08:52,921 :: INFO :: Node OpenOCD: flash of openocd node
2024-11-05 10:08:52,925 :: INFO :: Flash firmware on OpenOCD: /tmp/tmp7qmu4gbw--firmware2276245339132118318-udp-client.iotlab
2024-11-05 11:07:47,386 :: INFO :: Gateway Manager : Stop experiment
2024-11-05 11:07:47,392 :: INFO :: Stop experiment
2024-11-05 11:07:47,396 :: INFO :: Control node : stop of the experiment
2024-11-05 11:07:47,401 :: INFO :: Control node : profile configuration
2024-11-05 11:07:47,404 :: INFO :: Configure profile on Control Node
2024-11-05 11:07:47,464 :: INFO :: Control node : start power of open node
2024-11-05 11:07:47,496 :: INFO :: Node OpenOCD: teardown of openocd node
2024-11-05 11:07:50,513 :: INFO :: openocd node debugger stop
2024-11-05 11:07:51,038 :: INFO :: Node OpenOCD: flash of openocd node
2024-11-05 11:07:51,041 :: INFO :: Flash firmware on OpenOCD: /usr/lib/python3.8/site-packages/gateway_code/static/m3_idle.elf
2024-11-05 11:07:53,185 :: INFO :: Control node : Stop control node serial interface
2024-11-05 11:07:53,190 :: INFO :: Control node : stop power of open node
2024-11-05 11:07:53,228 :: INFO :: Control node : reset
2024-11-05 11:07:53,231 :: INFO :: Reset Control Node
2024-11-05 11:07:56,008 :: INFO :: Stop experiment succeeded
