2024-11-05 10:07:28,936 :: INFO :: Start experiment: perezram-407665
2024-11-05 10:07:28,940 :: INFO :: Control node : Starting of control node serial interface
2024-11-05 10:07:28,943 :: INFO :: Control node : reset
2024-11-05 10:07:28,947 :: INFO :: Reset Control Node
2024-11-05 10:07:31,747 :: INFO :: Control node : start power of open node
2024-11-05 10:07:31,765 :: INFO :: Node OpenOCD: Setup of openocd node
2024-11-05 10:07:34,780 :: INFO :: Node OpenOCD: flash of openocd node
2024-11-05 10:07:34,785 :: INFO :: Flash firmware on OpenOCD: /usr/lib/python3.8/site-packages/gateway_code/static/m3_idle.elf
2024-11-05 10:07:36,983 :: INFO :: Control node : Start experiment
2024-11-05 10:07:37,061 :: INFO :: Control Node set time delay: 14108 us
2024-11-05 10:07:37,077 :: INFO :: Control node : profile configuration
2024-11-05 10:07:37,080 :: INFO :: Configure profile on Control Node
2024-11-05 10:07:37,146 :: INFO :: Start experiment succeeded
2024-11-05 10:08:54,798 :: INFO :: Gateway Manager : Flash of node
2024-11-05 10:08:54,803 :: INFO :: Flash firmware on open node: /tmp/tmpymqtf5b5--firmware2276245339132118318-udp-client.iotlab
2024-11-05 10:08:54,843 :: INFO :: Node OpenOCD: flash of openocd node
2024-11-05 10:08:54,847 :: INFO :: Flash firmware on OpenOCD: /tmp/tmpymqtf5b5--firmware2276245339132118318-udp-client.iotlab
2024-11-05 11:07:47,442 :: INFO :: Gateway Manager : Stop experiment
2024-11-05 11:07:47,448 :: INFO :: Stop experiment
2024-11-05 11:07:47,452 :: INFO :: Control node : stop of the experiment
2024-11-05 11:07:47,457 :: INFO :: Control node : profile configuration
2024-11-05 11:07:47,460 :: INFO :: Configure profile on Control Node
2024-11-05 11:07:47,516 :: INFO :: Control node : start power of open node
2024-11-05 11:07:47,548 :: INFO :: Node OpenOCD: teardown of openocd node
2024-11-05 11:07:50,564 :: INFO :: openocd node debugger stop
2024-11-05 11:07:51,186 :: INFO :: Node OpenOCD: flash of openocd node
2024-11-05 11:07:51,190 :: INFO :: Flash firmware on OpenOCD: /usr/lib/python3.8/site-packages/gateway_code/static/m3_idle.elf
2024-11-05 11:07:53,333 :: INFO :: Control node : Stop control node serial interface
2024-11-05 11:07:53,338 :: INFO :: Control node : stop power of open node
2024-11-05 11:07:53,375 :: INFO :: Control node : reset
2024-11-05 11:07:53,379 :: INFO :: Reset Control Node
2024-11-05 11:07:56,122 :: INFO :: Stop experiment succeeded
