2024-11-05 10:07:29,547 :: INFO :: Start experiment: perezram-407665
2024-11-05 10:07:29,551 :: INFO :: Control node : Starting of control node serial interface
2024-11-05 10:07:29,554 :: INFO :: Control node : reset
2024-11-05 10:07:29,557 :: INFO :: Reset Control Node
2024-11-05 10:07:32,356 :: INFO :: Control node : start power of open node
2024-11-05 10:07:32,373 :: INFO :: Node OpenOCD: Setup of openocd node
2024-11-05 10:07:35,388 :: INFO :: Node OpenOCD: flash of openocd node
2024-11-05 10:07:35,392 :: INFO :: Flash firmware on OpenOCD: /usr/lib/python3.8/site-packages/gateway_code/static/m3_idle.elf
2024-11-05 10:07:37,539 :: INFO :: Control node : Start experiment
2024-11-05 10:07:37,605 :: INFO :: Control Node set time delay: 6278 us
2024-11-05 10:07:37,628 :: INFO :: Control node : profile configuration
2024-11-05 10:07:37,631 :: INFO :: Configure profile on Control Node
2024-11-05 10:07:37,706 :: INFO :: Start experiment succeeded
2024-11-05 10:08:54,628 :: INFO :: Gateway Manager : Flash of node
2024-11-05 10:08:54,633 :: INFO :: Flash firmware on open node: /tmp/tmpjitn_mqr--firmware2276245339132118318-udp-client.iotlab
2024-11-05 10:08:54,673 :: INFO :: Node OpenOCD: flash of openocd node
2024-11-05 10:08:54,676 :: INFO :: Flash firmware on OpenOCD: /tmp/tmpjitn_mqr--firmware2276245339132118318-udp-client.iotlab
2024-11-05 11:07:47,537 :: INFO :: Gateway Manager : Stop experiment
2024-11-05 11:07:47,825 :: INFO :: Stop experiment
2024-11-05 11:07:47,844 :: INFO :: Control node : stop of the experiment
2024-11-05 11:07:47,849 :: INFO :: Control node : profile configuration
2024-11-05 11:07:47,861 :: INFO :: Configure profile on Control Node
2024-11-05 11:07:47,925 :: INFO :: Control node : start power of open node
2024-11-05 11:07:47,956 :: INFO :: Node OpenOCD: teardown of openocd node
2024-11-05 11:07:50,971 :: INFO :: openocd node debugger stop
2024-11-05 11:07:51,495 :: INFO :: Node OpenOCD: flash of openocd node
2024-11-05 11:07:51,499 :: INFO :: Flash firmware on OpenOCD: /usr/lib/python3.8/site-packages/gateway_code/static/m3_idle.elf
2024-11-05 11:07:53,595 :: INFO :: Control node : Stop control node serial interface
2024-11-05 11:07:53,599 :: INFO :: Control node : stop power of open node
2024-11-05 11:07:53,640 :: INFO :: Control node : reset
2024-11-05 11:07:53,644 :: INFO :: Reset Control Node
2024-11-05 11:07:56,386 :: INFO :: Stop experiment succeeded
