2024-11-05 10:07:29,338 :: INFO :: Start experiment: perezram-407665
2024-11-05 10:07:29,342 :: INFO :: Control node : Starting of control node serial interface
2024-11-05 10:07:29,345 :: INFO :: Control node : reset
2024-11-05 10:07:29,348 :: INFO :: Reset Control Node
2024-11-05 10:07:32,349 :: INFO :: Control node : start power of open node
2024-11-05 10:07:32,365 :: INFO :: Node OpenOCD: Setup of openocd node
2024-11-05 10:07:35,380 :: INFO :: Node OpenOCD: flash of openocd node
2024-11-05 10:07:35,385 :: INFO :: Flash firmware on OpenOCD: /usr/lib/python3.8/site-packages/gateway_code/static/m3_idle.elf
2024-11-05 10:07:37,532 :: INFO :: Control node : Start experiment
2024-11-05 10:07:37,603 :: INFO :: Control Node set time delay: 5438 us
2024-11-05 10:07:37,630 :: INFO :: Control node : profile configuration
2024-11-05 10:07:37,633 :: INFO :: Configure profile on Control Node
2024-11-05 10:07:37,699 :: INFO :: Start experiment succeeded
2024-11-05 10:08:54,425 :: INFO :: Gateway Manager : Flash of node
2024-11-05 10:08:54,430 :: INFO :: Flash firmware on open node: /tmp/tmp3uulybs2--firmware2276245339132118318-udp-client.iotlab
2024-11-05 10:08:54,470 :: INFO :: Node OpenOCD: flash of openocd node
2024-11-05 10:08:54,474 :: INFO :: Flash firmware on OpenOCD: /tmp/tmp3uulybs2--firmware2276245339132118318-udp-client.iotlab
2024-11-05 11:07:47,364 :: INFO :: Gateway Manager : Stop experiment
2024-11-05 11:07:47,369 :: INFO :: Stop experiment
2024-11-05 11:07:47,373 :: INFO :: Control node : stop of the experiment
2024-11-05 11:07:47,379 :: INFO :: Control node : profile configuration
2024-11-05 11:07:47,382 :: INFO :: Configure profile on Control Node
2024-11-05 11:07:47,427 :: INFO :: Control node : start power of open node
2024-11-05 11:07:47,459 :: INFO :: Node OpenOCD: teardown of openocd node
2024-11-05 11:07:50,481 :: INFO :: openocd node debugger stop
2024-11-05 11:07:51,007 :: INFO :: Node OpenOCD: flash of openocd node
2024-11-05 11:07:51,010 :: INFO :: Flash firmware on OpenOCD: /usr/lib/python3.8/site-packages/gateway_code/static/m3_idle.elf
2024-11-05 11:07:53,154 :: INFO :: Control node : Stop control node serial interface
2024-11-05 11:07:53,159 :: INFO :: Control node : stop power of open node
2024-11-05 11:07:53,207 :: INFO :: Control node : reset
2024-11-05 11:07:53,211 :: INFO :: Reset Control Node
2024-11-05 11:07:55,985 :: INFO :: Stop experiment succeeded
