2024-11-05 10:07:29,534 :: INFO :: Start experiment: perezram-407665
2024-11-05 10:07:29,538 :: INFO :: Control node : Starting of control node serial interface
2024-11-05 10:07:29,541 :: INFO :: Control node : reset
2024-11-05 10:07:29,544 :: INFO :: Reset Control Node
2024-11-05 10:07:32,353 :: INFO :: Control node : start power of open node
2024-11-05 10:07:32,367 :: INFO :: Node OpenOCD: Setup of openocd node
2024-11-05 10:07:35,382 :: INFO :: Node OpenOCD: flash of openocd node
2024-11-05 10:07:35,387 :: INFO :: Flash firmware on OpenOCD: /usr/lib/python3.8/site-packages/gateway_code/static/m3_idle.elf
2024-11-05 10:07:37,534 :: INFO :: Control node : Start experiment
2024-11-05 10:07:37,603 :: INFO :: Control Node set time delay: 10113 us
2024-11-05 10:07:37,631 :: INFO :: Control node : profile configuration
2024-11-05 10:07:37,635 :: INFO :: Configure profile on Control Node
2024-11-05 10:07:37,700 :: INFO :: Start experiment succeeded
2024-11-05 10:08:53,565 :: INFO :: Gateway Manager : Flash of node
2024-11-05 10:08:53,579 :: INFO :: Flash firmware on open node: /tmp/tmpxloa0ps0--firmware2276245339132118318-udp-client.iotlab
2024-11-05 10:08:53,618 :: INFO :: Node OpenOCD: flash of openocd node
2024-11-05 10:08:53,621 :: INFO :: Flash firmware on OpenOCD: /tmp/tmpxloa0ps0--firmware2276245339132118318-udp-client.iotlab
2024-11-05 11:07:47,482 :: INFO :: Gateway Manager : Stop experiment
2024-11-05 11:07:47,815 :: INFO :: Stop experiment
2024-11-05 11:07:47,832 :: INFO :: Control node : stop of the experiment
2024-11-05 11:07:47,849 :: INFO :: Control node : profile configuration
2024-11-05 11:07:47,852 :: INFO :: Configure profile on Control Node
2024-11-05 11:07:47,921 :: INFO :: Control node : start power of open node
2024-11-05 11:07:47,969 :: INFO :: Node OpenOCD: teardown of openocd node
2024-11-05 11:07:50,984 :: INFO :: openocd node debugger stop
2024-11-05 11:07:51,508 :: INFO :: Node OpenOCD: flash of openocd node
2024-11-05 11:07:51,512 :: INFO :: Flash firmware on OpenOCD: /usr/lib/python3.8/site-packages/gateway_code/static/m3_idle.elf
2024-11-05 11:07:53,653 :: INFO :: Control node : Stop control node serial interface
2024-11-05 11:07:53,658 :: INFO :: Control node : stop power of open node
2024-11-05 11:07:53,700 :: INFO :: Control node : reset
2024-11-05 11:07:53,704 :: INFO :: Reset Control Node
2024-11-05 11:07:56,451 :: INFO :: Stop experiment succeeded
