2024-11-05 10:07:29,450 :: INFO :: Start experiment: perezram-407665
2024-11-05 10:07:29,454 :: INFO :: Control node : Starting of control node serial interface
2024-11-05 10:07:29,457 :: INFO :: Control node : reset
2024-11-05 10:07:29,460 :: INFO :: Reset Control Node
2024-11-05 10:07:32,351 :: INFO :: Control node : start power of open node
2024-11-05 10:07:32,366 :: INFO :: Node OpenOCD: Setup of openocd node
2024-11-05 10:07:35,381 :: INFO :: Node OpenOCD: flash of openocd node
2024-11-05 10:07:35,386 :: INFO :: Flash firmware on OpenOCD: /usr/lib/python3.8/site-packages/gateway_code/static/m3_idle.elf
2024-11-05 10:07:37,533 :: INFO :: Control node : Start experiment
2024-11-05 10:07:37,610 :: INFO :: Control Node set time delay: 16792 us
2024-11-05 10:07:37,630 :: INFO :: Control node : profile configuration
2024-11-05 10:07:37,634 :: INFO :: Configure profile on Control Node
2024-11-05 10:07:37,699 :: INFO :: Start experiment succeeded
2024-11-05 10:08:53,758 :: INFO :: Gateway Manager : Flash of node
2024-11-05 10:08:53,763 :: INFO :: Flash firmware on open node: /tmp/tmp8ao3f_hy--firmware2276245339132118318-udp-client.iotlab
2024-11-05 10:08:53,807 :: INFO :: Node OpenOCD: flash of openocd node
2024-11-05 10:08:53,811 :: INFO :: Flash firmware on OpenOCD: /tmp/tmp8ao3f_hy--firmware2276245339132118318-udp-client.iotlab
2024-11-05 11:07:47,390 :: INFO :: Gateway Manager : Stop experiment
2024-11-05 11:07:47,395 :: INFO :: Stop experiment
2024-11-05 11:07:47,399 :: INFO :: Control node : stop of the experiment
2024-11-05 11:07:47,404 :: INFO :: Control node : profile configuration
2024-11-05 11:07:47,407 :: INFO :: Configure profile on Control Node
2024-11-05 11:07:47,453 :: INFO :: Control node : start power of open node
2024-11-05 11:07:47,485 :: INFO :: Node OpenOCD: teardown of openocd node
2024-11-05 11:07:50,502 :: INFO :: openocd node debugger stop
2024-11-05 11:07:51,124 :: INFO :: Node OpenOCD: flash of openocd node
2024-11-05 11:07:51,127 :: INFO :: Flash firmware on OpenOCD: /usr/lib/python3.8/site-packages/gateway_code/static/m3_idle.elf
2024-11-05 11:07:53,268 :: INFO :: Control node : Stop control node serial interface
2024-11-05 11:07:53,273 :: INFO :: Control node : stop power of open node
2024-11-05 11:07:53,313 :: INFO :: Control node : reset
2024-11-05 11:07:53,317 :: INFO :: Reset Control Node
2024-11-05 11:07:56,070 :: INFO :: Stop experiment succeeded
