2024-11-05 10:07:29,310 :: INFO :: Start experiment: perezram-407665
2024-11-05 10:07:29,314 :: INFO :: Control node : Starting of control node serial interface
2024-11-05 10:07:29,318 :: INFO :: Control node : reset
2024-11-05 10:07:29,321 :: INFO :: Reset Control Node
2024-11-05 10:07:32,348 :: INFO :: Control node : start power of open node
2024-11-05 10:07:32,365 :: INFO :: Node OpenOCD: Setup of openocd node
2024-11-05 10:07:35,380 :: INFO :: Node OpenOCD: flash of openocd node
2024-11-05 10:07:35,385 :: INFO :: Flash firmware on OpenOCD: /usr/lib/python3.8/site-packages/gateway_code/static/m3_idle.elf
2024-11-05 10:07:37,532 :: INFO :: Control node : Start experiment
2024-11-05 10:07:37,608 :: INFO :: Control Node set time delay: 11814 us
2024-11-05 10:07:37,629 :: INFO :: Control node : profile configuration
2024-11-05 10:07:37,632 :: INFO :: Configure profile on Control Node
2024-11-05 10:07:37,698 :: INFO :: Start experiment succeeded
2024-11-05 10:08:54,316 :: INFO :: Gateway Manager : Flash of node
2024-11-05 10:08:54,321 :: INFO :: Flash firmware on open node: /tmp/tmp_bzn9379--firmware2276245339132118318-udp-client.iotlab
2024-11-05 10:08:54,361 :: INFO :: Node OpenOCD: flash of openocd node
2024-11-05 10:08:54,365 :: INFO :: Flash firmware on OpenOCD: /tmp/tmp_bzn9379--firmware2276245339132118318-udp-client.iotlab
2024-11-05 11:07:47,362 :: INFO :: Gateway Manager : Stop experiment
2024-11-05 11:07:47,368 :: INFO :: Stop experiment
2024-11-05 11:07:47,372 :: INFO :: Control node : stop of the experiment
2024-11-05 11:07:47,377 :: INFO :: Control node : profile configuration
2024-11-05 11:07:47,380 :: INFO :: Configure profile on Control Node
2024-11-05 11:07:47,428 :: INFO :: Control node : start power of open node
2024-11-05 11:07:47,460 :: INFO :: Node OpenOCD: teardown of openocd node
2024-11-05 11:07:50,481 :: INFO :: openocd node debugger stop
2024-11-05 11:07:51,103 :: INFO :: Node OpenOCD: flash of openocd node
2024-11-05 11:07:51,106 :: INFO :: Flash firmware on OpenOCD: /usr/lib/python3.8/site-packages/gateway_code/static/m3_idle.elf
2024-11-05 11:07:53,250 :: INFO :: Control node : Stop control node serial interface
2024-11-05 11:07:53,254 :: INFO :: Control node : stop power of open node
2024-11-05 11:07:53,288 :: INFO :: Control node : reset
2024-11-05 11:07:53,292 :: INFO :: Reset Control Node
2024-11-05 11:07:56,050 :: INFO :: Stop experiment succeeded
