2024-11-05 10:07:29,177 :: INFO :: Start experiment: perezram-407665
2024-11-05 10:07:29,181 :: INFO :: Control node : Starting of control node serial interface
2024-11-05 10:07:29,184 :: INFO :: Control node : reset
2024-11-05 10:07:29,187 :: INFO :: Reset Control Node
2024-11-05 10:07:32,184 :: INFO :: Control node : start power of open node
2024-11-05 10:07:32,201 :: INFO :: Node OpenOCD: Setup of openocd node
2024-11-05 10:07:35,216 :: INFO :: Node OpenOCD: flash of openocd node
2024-11-05 10:07:35,221 :: INFO :: Flash firmware on OpenOCD: /usr/lib/python3.8/site-packages/gateway_code/static/m3_idle.elf
2024-11-05 10:07:37,368 :: INFO :: Control node : Start experiment
2024-11-05 10:07:37,435 :: INFO :: Control Node set time delay: 1879 us
2024-11-05 10:07:37,464 :: INFO :: Control node : profile configuration
2024-11-05 10:07:37,468 :: INFO :: Configure profile on Control Node
2024-11-05 10:07:37,533 :: INFO :: Start experiment succeeded
2024-11-05 10:08:51,857 :: INFO :: Gateway Manager : Flash of node
2024-11-05 10:08:51,886 :: INFO :: Flash firmware on open node: /tmp/tmp_lgww3kj--firmware2276245339132118318-udp-client.iotlab
2024-11-05 10:08:51,925 :: INFO :: Node OpenOCD: flash of openocd node
2024-11-05 10:08:51,929 :: INFO :: Flash firmware on OpenOCD: /tmp/tmp_lgww3kj--firmware2276245339132118318-udp-client.iotlab
2024-11-05 11:07:47,226 :: INFO :: Gateway Manager : Stop experiment
2024-11-05 11:07:47,234 :: INFO :: Stop experiment
2024-11-05 11:07:47,240 :: INFO :: Control node : stop of the experiment
2024-11-05 11:07:47,245 :: INFO :: Control node : profile configuration
2024-11-05 11:07:47,248 :: INFO :: Configure profile on Control Node
2024-11-05 11:07:47,307 :: INFO :: Control node : start power of open node
2024-11-05 11:07:47,340 :: INFO :: Node OpenOCD: teardown of openocd node
2024-11-05 11:07:50,356 :: INFO :: openocd node debugger stop
2024-11-05 11:07:50,977 :: INFO :: Node OpenOCD: flash of openocd node
2024-11-05 11:07:50,981 :: INFO :: Flash firmware on OpenOCD: /usr/lib/python3.8/site-packages/gateway_code/static/m3_idle.elf
2024-11-05 11:07:53,124 :: INFO :: Control node : Stop control node serial interface
2024-11-05 11:07:53,129 :: INFO :: Control node : stop power of open node
2024-11-05 11:07:53,169 :: INFO :: Control node : reset
2024-11-05 11:07:53,173 :: INFO :: Reset Control Node
2024-11-05 11:07:55,913 :: INFO :: Stop experiment succeeded
