2024-11-05 10:07:28,904 :: INFO :: Start experiment: perezram-407665
2024-11-05 10:07:28,907 :: INFO :: Control node : Starting of control node serial interface
2024-11-05 10:07:28,911 :: INFO :: Control node : reset
2024-11-05 10:07:28,913 :: INFO :: Reset Control Node
2024-11-05 10:07:31,709 :: INFO :: Control node : start power of open node
2024-11-05 10:07:31,727 :: INFO :: Node OpenOCD: Setup of openocd node
2024-11-05 10:07:34,742 :: INFO :: Node OpenOCD: flash of openocd node
2024-11-05 10:07:34,748 :: INFO :: Flash firmware on OpenOCD: /usr/lib/python3.8/site-packages/gateway_code/static/m3_idle.elf
2024-11-05 10:07:36,894 :: INFO :: Control node : Start experiment
2024-11-05 10:07:36,964 :: INFO :: Control Node set time delay: 5522 us
2024-11-05 10:07:36,991 :: INFO :: Control node : profile configuration
2024-11-05 10:07:36,994 :: INFO :: Configure profile on Control Node
2024-11-05 10:07:37,060 :: INFO :: Start experiment succeeded
2024-11-05 10:08:51,793 :: INFO :: Gateway Manager : Flash of node
2024-11-05 10:08:51,822 :: INFO :: Flash firmware on open node: /tmp/tmpd4m4n9qb--firmware2276245339132118318-udp-client.iotlab
2024-11-05 10:08:51,862 :: INFO :: Node OpenOCD: flash of openocd node
2024-11-05 10:08:51,866 :: INFO :: Flash firmware on OpenOCD: /tmp/tmpd4m4n9qb--firmware2276245339132118318-udp-client.iotlab
2024-11-05 11:07:46,921 :: INFO :: Gateway Manager : Stop experiment
2024-11-05 11:07:46,926 :: INFO :: Stop experiment
2024-11-05 11:07:46,931 :: INFO :: Control node : stop of the experiment
2024-11-05 11:07:46,935 :: INFO :: Control node : profile configuration
2024-11-05 11:07:46,939 :: INFO :: Configure profile on Control Node
2024-11-05 11:07:46,991 :: INFO :: Control node : start power of open node
2024-11-05 11:07:47,024 :: INFO :: Node OpenOCD: teardown of openocd node
2024-11-05 11:07:50,043 :: INFO :: openocd node debugger stop
2024-11-05 11:07:50,568 :: INFO :: Node OpenOCD: flash of openocd node
2024-11-05 11:07:50,571 :: INFO :: Flash firmware on OpenOCD: /usr/lib/python3.8/site-packages/gateway_code/static/m3_idle.elf
2024-11-05 11:07:52,715 :: INFO :: Control node : Stop control node serial interface
2024-11-05 11:07:52,720 :: INFO :: Control node : stop power of open node
2024-11-05 11:07:52,754 :: INFO :: Control node : reset
2024-11-05 11:07:52,758 :: INFO :: Reset Control Node
2024-11-05 11:07:55,502 :: INFO :: Stop experiment succeeded
