2024-11-05 10:07:28,953 :: INFO :: Start experiment: perezram-407665
2024-11-05 10:07:28,958 :: INFO :: Control node : Starting of control node serial interface
2024-11-05 10:07:28,962 :: INFO :: Control node : reset
2024-11-05 10:07:28,965 :: INFO :: Reset Control Node
2024-11-05 10:07:31,813 :: INFO :: Control node : start power of open node
2024-11-05 10:07:31,841 :: INFO :: Node OpenOCD: Setup of openocd node
2024-11-05 10:07:34,856 :: INFO :: Node OpenOCD: flash of openocd node
2024-11-05 10:07:34,860 :: INFO :: Flash firmware on OpenOCD: /usr/lib/python3.8/site-packages/gateway_code/static/m3_idle.elf
2024-11-05 10:07:37,059 :: INFO :: Control node : Start experiment
2024-11-05 10:07:37,136 :: INFO :: Control Node set time delay: 15893 us
2024-11-05 10:07:37,168 :: INFO :: Control node : profile configuration
2024-11-05 10:07:37,171 :: INFO :: Configure profile on Control Node
2024-11-05 10:07:37,221 :: INFO :: Start experiment succeeded
2024-11-05 10:08:54,000 :: INFO :: Gateway Manager : Flash of node
2024-11-05 10:08:54,005 :: INFO :: Flash firmware on open node: /tmp/tmpf60x9zax--firmware2276245339132118318-udp-client.iotlab
2024-11-05 10:08:54,050 :: INFO :: Node OpenOCD: flash of openocd node
2024-11-05 10:08:54,053 :: INFO :: Flash firmware on OpenOCD: /tmp/tmpf60x9zax--firmware2276245339132118318-udp-client.iotlab
2024-11-05 11:07:47,476 :: INFO :: Gateway Manager : Stop experiment
2024-11-05 11:07:47,482 :: INFO :: Stop experiment
2024-11-05 11:07:47,486 :: INFO :: Control node : stop of the experiment
2024-11-05 11:07:47,491 :: INFO :: Control node : profile configuration
2024-11-05 11:07:47,494 :: INFO :: Configure profile on Control Node
2024-11-05 11:07:47,541 :: INFO :: Control node : start power of open node
2024-11-05 11:07:47,572 :: INFO :: Node OpenOCD: teardown of openocd node
2024-11-05 11:07:50,589 :: INFO :: openocd node debugger stop
2024-11-05 11:07:51,115 :: INFO :: Node OpenOCD: flash of openocd node
2024-11-05 11:07:51,118 :: INFO :: Flash firmware on OpenOCD: /usr/lib/python3.8/site-packages/gateway_code/static/m3_idle.elf
2024-11-05 11:07:53,261 :: INFO :: Control node : Stop control node serial interface
2024-11-05 11:07:53,266 :: INFO :: Control node : stop power of open node
2024-11-05 11:07:53,304 :: INFO :: Control node : reset
2024-11-05 11:07:53,308 :: INFO :: Reset Control Node
2024-11-05 11:07:56,059 :: INFO :: Stop experiment succeeded
