2024-11-05 10:07:29,471 :: INFO :: Start experiment: perezram-407665
2024-11-05 10:07:29,475 :: INFO :: Control node : Starting of control node serial interface
2024-11-05 10:07:29,478 :: INFO :: Control node : reset
2024-11-05 10:07:29,481 :: INFO :: Reset Control Node
2024-11-05 10:07:32,359 :: INFO :: Control node : start power of open node
2024-11-05 10:07:32,375 :: INFO :: Node OpenOCD: Setup of openocd node
2024-11-05 10:07:35,390 :: INFO :: Node OpenOCD: flash of openocd node
2024-11-05 10:07:35,395 :: INFO :: Flash firmware on OpenOCD: /usr/lib/python3.8/site-packages/gateway_code/static/m3_idle.elf
2024-11-05 10:07:37,592 :: INFO :: Control node : Start experiment
2024-11-05 10:07:37,656 :: INFO :: Control Node set time delay: 7118 us
2024-11-05 10:07:37,687 :: INFO :: Control node : profile configuration
2024-11-05 10:07:37,698 :: INFO :: Configure profile on Control Node
2024-11-05 10:07:37,756 :: INFO :: Start experiment succeeded
2024-11-05 10:08:54,433 :: INFO :: Gateway Manager : Flash of node
2024-11-05 10:08:54,438 :: INFO :: Flash firmware on open node: /tmp/tmpamcwrfxr--firmware2276245339132118318-udp-client.iotlab
2024-11-05 10:08:54,477 :: INFO :: Node OpenOCD: flash of openocd node
2024-11-05 10:08:54,481 :: INFO :: Flash firmware on OpenOCD: /tmp/tmpamcwrfxr--firmware2276245339132118318-udp-client.iotlab
2024-11-05 11:07:47,463 :: INFO :: Gateway Manager : Stop experiment
2024-11-05 11:07:47,469 :: INFO :: Stop experiment
2024-11-05 11:07:47,473 :: INFO :: Control node : stop of the experiment
2024-11-05 11:07:47,478 :: INFO :: Control node : profile configuration
2024-11-05 11:07:47,481 :: INFO :: Configure profile on Control Node
2024-11-05 11:07:47,527 :: INFO :: Control node : start power of open node
2024-11-05 11:07:47,559 :: INFO :: Node OpenOCD: teardown of openocd node
2024-11-05 11:07:50,581 :: INFO :: openocd node debugger stop
2024-11-05 11:07:51,121 :: INFO :: Node OpenOCD: flash of openocd node
2024-11-05 11:07:51,130 :: INFO :: Flash firmware on OpenOCD: /usr/lib/python3.8/site-packages/gateway_code/static/m3_idle.elf
2024-11-05 11:07:53,982 :: INFO :: Control node : Stop control node serial interface
2024-11-05 11:07:53,986 :: INFO :: Control node : stop power of open node
2024-11-05 11:07:54,050 :: INFO :: Control node : reset
2024-11-05 11:07:54,053 :: INFO :: Reset Control Node
2024-11-05 11:07:57,031 :: INFO :: Stop experiment succeeded
