2024-11-05 10:07:29,511 :: INFO :: Start experiment: perezram-407665
2024-11-05 10:07:29,515 :: INFO :: Control node : Starting of control node serial interface
2024-11-05 10:07:29,518 :: INFO :: Control node : reset
2024-11-05 10:07:29,521 :: INFO :: Reset Control Node
2024-11-05 10:07:32,327 :: INFO :: Control node : start power of open node
2024-11-05 10:07:32,342 :: INFO :: Node OpenOCD: Setup of openocd node
2024-11-05 10:07:35,357 :: INFO :: Node OpenOCD: flash of openocd node
2024-11-05 10:07:35,362 :: INFO :: Flash firmware on OpenOCD: /usr/lib/python3.8/site-packages/gateway_code/static/m3_idle.elf
2024-11-05 10:07:37,508 :: INFO :: Control node : Start experiment
2024-11-05 10:07:37,574 :: INFO :: Control Node set time delay: 13806 us
2024-11-05 10:07:37,612 :: INFO :: Control node : profile configuration
2024-11-05 10:07:37,615 :: INFO :: Configure profile on Control Node
2024-11-05 10:07:37,675 :: INFO :: Start experiment succeeded
2024-11-05 10:08:54,583 :: INFO :: Gateway Manager : Flash of node
2024-11-05 10:08:54,588 :: INFO :: Flash firmware on open node: /tmp/tmps9jni9il--firmware2276245339132118318-udp-client.iotlab
2024-11-05 10:08:54,628 :: INFO :: Node OpenOCD: flash of openocd node
2024-11-05 10:08:54,631 :: INFO :: Flash firmware on OpenOCD: /tmp/tmps9jni9il--firmware2276245339132118318-udp-client.iotlab
2024-11-05 11:07:47,368 :: INFO :: Gateway Manager : Stop experiment
2024-11-05 11:07:47,374 :: INFO :: Stop experiment
2024-11-05 11:07:47,378 :: INFO :: Control node : stop of the experiment
2024-11-05 11:07:47,383 :: INFO :: Control node : profile configuration
2024-11-05 11:07:47,386 :: INFO :: Configure profile on Control Node
2024-11-05 11:07:47,438 :: INFO :: Control node : start power of open node
2024-11-05 11:07:47,470 :: INFO :: Node OpenOCD: teardown of openocd node
2024-11-05 11:07:50,487 :: INFO :: openocd node debugger stop
2024-11-05 11:07:51,012 :: INFO :: Node OpenOCD: flash of openocd node
2024-11-05 11:07:51,015 :: INFO :: Flash firmware on OpenOCD: /usr/lib/python3.8/site-packages/gateway_code/static/m3_idle.elf
2024-11-05 11:07:53,158 :: INFO :: Control node : Stop control node serial interface
2024-11-05 11:07:53,162 :: INFO :: Control node : stop power of open node
2024-11-05 11:07:53,201 :: INFO :: Control node : reset
2024-11-05 11:07:53,205 :: INFO :: Reset Control Node
2024-11-05 11:07:55,961 :: INFO :: Stop experiment succeeded
