2024-11-05 10:07:29,302 :: INFO :: Start experiment: perezram-407665
2024-11-05 10:07:29,306 :: INFO :: Control node : Starting of control node serial interface
2024-11-05 10:07:29,309 :: INFO :: Control node : reset
2024-11-05 10:07:29,312 :: INFO :: Reset Control Node
2024-11-05 10:07:32,347 :: INFO :: Control node : start power of open node
2024-11-05 10:07:32,371 :: INFO :: Node OpenOCD: Setup of openocd node
2024-11-05 10:07:35,387 :: INFO :: Node OpenOCD: flash of openocd node
2024-11-05 10:07:35,391 :: INFO :: Flash firmware on OpenOCD: /usr/lib/python3.8/site-packages/gateway_code/static/m3_idle.elf
2024-11-05 10:07:37,538 :: INFO :: Control node : Start experiment
2024-11-05 10:07:37,608 :: INFO :: Control Node set time delay: 11961 us
2024-11-05 10:07:37,635 :: INFO :: Control node : profile configuration
2024-11-05 10:07:37,639 :: INFO :: Configure profile on Control Node
2024-11-05 10:07:37,704 :: INFO :: Start experiment succeeded
2024-11-05 10:08:54,599 :: INFO :: Gateway Manager : Flash of node
2024-11-05 10:08:54,604 :: INFO :: Flash firmware on open node: /tmp/tmp2kn_xx96--firmware2276245339132118318-udp-client.iotlab
2024-11-05 10:08:54,648 :: INFO :: Node OpenOCD: flash of openocd node
2024-11-05 10:08:54,652 :: INFO :: Flash firmware on OpenOCD: /tmp/tmp2kn_xx96--firmware2276245339132118318-udp-client.iotlab
2024-11-05 11:07:47,282 :: INFO :: Gateway Manager : Stop experiment
2024-11-05 11:07:47,693 :: INFO :: Stop experiment
2024-11-05 11:07:47,703 :: INFO :: Control node : stop of the experiment
2024-11-05 11:07:47,713 :: INFO :: Control node : profile configuration
2024-11-05 11:07:47,718 :: INFO :: Configure profile on Control Node
2024-11-05 11:07:47,804 :: INFO :: Control node : start power of open node
2024-11-05 11:07:47,841 :: INFO :: Node OpenOCD: teardown of openocd node
2024-11-05 11:07:50,856 :: INFO :: openocd node debugger stop
2024-11-05 11:07:51,380 :: INFO :: Node OpenOCD: flash of openocd node
2024-11-05 11:07:51,384 :: INFO :: Flash firmware on OpenOCD: /usr/lib/python3.8/site-packages/gateway_code/static/m3_idle.elf
2024-11-05 11:07:53,527 :: INFO :: Control node : Stop control node serial interface
2024-11-05 11:07:53,531 :: INFO :: Control node : stop power of open node
2024-11-05 11:07:53,567 :: INFO :: Control node : reset
2024-11-05 11:07:53,571 :: INFO :: Reset Control Node
2024-11-05 11:07:56,316 :: INFO :: Stop experiment succeeded
