2024-11-05 10:07:29,594 :: INFO :: Start experiment: perezram-407665
2024-11-05 10:07:29,598 :: INFO :: Control node : Starting of control node serial interface
2024-11-05 10:07:29,601 :: INFO :: Control node : reset
2024-11-05 10:07:29,604 :: INFO :: Reset Control Node
2024-11-05 10:07:32,407 :: INFO :: Control node : start power of open node
2024-11-05 10:07:32,423 :: INFO :: Node OpenOCD: Setup of openocd node
2024-11-05 10:07:35,438 :: INFO :: Node OpenOCD: flash of openocd node
2024-11-05 10:07:35,443 :: INFO :: Flash firmware on OpenOCD: /usr/lib/python3.8/site-packages/gateway_code/static/m3_idle.elf
2024-11-05 10:07:37,591 :: INFO :: Control node : Start experiment
2024-11-05 10:07:37,661 :: INFO :: Control Node set time delay: 10041 us
2024-11-05 10:07:37,687 :: INFO :: Control node : profile configuration
2024-11-05 10:07:37,690 :: INFO :: Configure profile on Control Node
2024-11-05 10:07:37,756 :: INFO :: Start experiment succeeded
2024-11-05 10:08:54,585 :: INFO :: Gateway Manager : Flash of node
2024-11-05 10:08:54,590 :: INFO :: Flash firmware on open node: /tmp/tmpul2pyuiy--firmware2276245339132118318-udp-client.iotlab
2024-11-05 10:08:54,630 :: INFO :: Node OpenOCD: flash of openocd node
2024-11-05 10:08:54,634 :: INFO :: Flash firmware on OpenOCD: /tmp/tmpul2pyuiy--firmware2276245339132118318-udp-client.iotlab
2024-11-05 11:07:47,446 :: INFO :: Gateway Manager : Stop experiment
2024-11-05 11:07:47,452 :: INFO :: Stop experiment
2024-11-05 11:07:47,456 :: INFO :: Control node : stop of the experiment
2024-11-05 11:07:47,461 :: INFO :: Control node : profile configuration
2024-11-05 11:07:47,464 :: INFO :: Configure profile on Control Node
2024-11-05 11:07:47,521 :: INFO :: Control node : start power of open node
2024-11-05 11:07:47,553 :: INFO :: Node OpenOCD: teardown of openocd node
2024-11-05 11:07:50,580 :: INFO :: openocd node debugger stop
2024-11-05 11:07:51,106 :: INFO :: Node OpenOCD: flash of openocd node
2024-11-05 11:07:51,109 :: INFO :: Flash firmware on OpenOCD: /usr/lib/python3.8/site-packages/gateway_code/static/m3_idle.elf
2024-11-05 11:07:53,251 :: INFO :: Control node : Stop control node serial interface
2024-11-05 11:07:53,255 :: INFO :: Control node : stop power of open node
2024-11-05 11:07:53,301 :: INFO :: Control node : reset
2024-11-05 11:07:53,305 :: INFO :: Reset Control Node
2024-11-05 11:07:56,058 :: INFO :: Stop experiment succeeded
