2024-11-05 10:07:29,557 :: INFO :: Start experiment: perezram-407665
2024-11-05 10:07:29,561 :: INFO :: Control node : Starting of control node serial interface
2024-11-05 10:07:29,564 :: INFO :: Control node : reset
2024-11-05 10:07:29,567 :: INFO :: Reset Control Node
2024-11-05 10:07:32,371 :: INFO :: Control node : start power of open node
2024-11-05 10:07:32,386 :: INFO :: Node OpenOCD: Setup of openocd node
2024-11-05 10:07:35,401 :: INFO :: Node OpenOCD: flash of openocd node
2024-11-05 10:07:35,406 :: INFO :: Flash firmware on OpenOCD: /usr/lib/python3.8/site-packages/gateway_code/static/m3_idle.elf
2024-11-05 10:07:37,552 :: INFO :: Control node : Start experiment
2024-11-05 10:07:37,621 :: INFO :: Control Node set time delay: 7374 us
2024-11-05 10:07:37,651 :: INFO :: Control node : profile configuration
2024-11-05 10:07:37,654 :: INFO :: Configure profile on Control Node
2024-11-05 10:07:37,726 :: INFO :: Start experiment succeeded
2024-11-05 10:08:54,767 :: INFO :: Gateway Manager : Flash of node
2024-11-05 10:08:54,772 :: INFO :: Flash firmware on open node: /tmp/tmpnn7rmn6z--firmware2276245339132118318-udp-client.iotlab
2024-11-05 10:08:54,811 :: INFO :: Node OpenOCD: flash of openocd node
2024-11-05 10:08:54,814 :: INFO :: Flash firmware on OpenOCD: /tmp/tmpnn7rmn6z--firmware2276245339132118318-udp-client.iotlab
2024-11-05 11:07:47,462 :: INFO :: Gateway Manager : Stop experiment
2024-11-05 11:07:47,468 :: INFO :: Stop experiment
2024-11-05 11:07:47,472 :: INFO :: Control node : stop of the experiment
2024-11-05 11:07:47,477 :: INFO :: Control node : profile configuration
2024-11-05 11:07:47,480 :: INFO :: Configure profile on Control Node
2024-11-05 11:07:47,524 :: INFO :: Control node : start power of open node
2024-11-05 11:07:47,556 :: INFO :: Node OpenOCD: teardown of openocd node
2024-11-05 11:07:50,585 :: INFO :: openocd node debugger stop
2024-11-05 11:07:51,110 :: INFO :: Node OpenOCD: flash of openocd node
2024-11-05 11:07:51,113 :: INFO :: Flash firmware on OpenOCD: /usr/lib/python3.8/site-packages/gateway_code/static/m3_idle.elf
2024-11-05 11:07:53,255 :: INFO :: Control node : Stop control node serial interface
2024-11-05 11:07:53,260 :: INFO :: Control node : stop power of open node
2024-11-05 11:07:53,304 :: INFO :: Control node : reset
2024-11-05 11:07:53,307 :: INFO :: Reset Control Node
2024-11-05 11:07:56,062 :: INFO :: Stop experiment succeeded
