2024-11-05 10:07:29,068 :: INFO :: Start experiment: perezram-407665
2024-11-05 10:07:29,072 :: INFO :: Control node : Starting of control node serial interface
2024-11-05 10:07:29,075 :: INFO :: Control node : reset
2024-11-05 10:07:29,078 :: INFO :: Reset Control Node
2024-11-05 10:07:31,875 :: INFO :: Control node : start power of open node
2024-11-05 10:07:31,894 :: INFO :: Node OpenOCD: Setup of openocd node
2024-11-05 10:07:34,908 :: INFO :: Node OpenOCD: flash of openocd node
2024-11-05 10:07:34,913 :: INFO :: Flash firmware on OpenOCD: /usr/lib/python3.8/site-packages/gateway_code/static/m3_idle.elf
2024-11-05 10:07:37,059 :: INFO :: Control node : Start experiment
2024-11-05 10:07:37,130 :: INFO :: Control Node set time delay: 8177 us
2024-11-05 10:07:37,158 :: INFO :: Control node : profile configuration
2024-11-05 10:07:37,161 :: INFO :: Configure profile on Control Node
2024-11-05 10:07:37,226 :: INFO :: Start experiment succeeded
2024-11-05 10:08:52,596 :: INFO :: Gateway Manager : Flash of node
2024-11-05 10:08:52,621 :: INFO :: Flash firmware on open node: /tmp/tmp1p1eu4ik--firmware2276245339132118318-udp-client.iotlab
2024-11-05 10:08:52,662 :: INFO :: Node OpenOCD: flash of openocd node
2024-11-05 10:08:52,665 :: INFO :: Flash firmware on OpenOCD: /tmp/tmp1p1eu4ik--firmware2276245339132118318-udp-client.iotlab
2024-11-05 11:07:47,229 :: INFO :: Gateway Manager : Stop experiment
2024-11-05 11:07:47,235 :: INFO :: Stop experiment
2024-11-05 11:07:47,242 :: INFO :: Control node : stop of the experiment
2024-11-05 11:07:47,248 :: INFO :: Control node : profile configuration
2024-11-05 11:07:47,254 :: INFO :: Configure profile on Control Node
2024-11-05 11:07:47,303 :: INFO :: Control node : start power of open node
2024-11-05 11:07:47,335 :: INFO :: Node OpenOCD: teardown of openocd node
2024-11-05 11:07:50,350 :: INFO :: openocd node debugger stop
2024-11-05 11:07:50,972 :: INFO :: Node OpenOCD: flash of openocd node
2024-11-05 11:07:50,975 :: INFO :: Flash firmware on OpenOCD: /usr/lib/python3.8/site-packages/gateway_code/static/m3_idle.elf
2024-11-05 11:07:53,117 :: INFO :: Control node : Stop control node serial interface
2024-11-05 11:07:53,121 :: INFO :: Control node : stop power of open node
2024-11-05 11:07:53,162 :: INFO :: Control node : reset
2024-11-05 11:07:53,166 :: INFO :: Reset Control Node
2024-11-05 11:07:55,902 :: INFO :: Stop experiment succeeded
