2024-11-05 10:07:29,461 :: INFO :: Start experiment: perezram-407665
2024-11-05 10:07:29,465 :: INFO :: Control node : Starting of control node serial interface
2024-11-05 10:07:29,468 :: INFO :: Control node : reset
2024-11-05 10:07:29,472 :: INFO :: Reset Control Node
2024-11-05 10:07:32,347 :: INFO :: Control node : start power of open node
2024-11-05 10:07:32,363 :: INFO :: Node OpenOCD: Setup of openocd node
2024-11-05 10:07:35,377 :: INFO :: Node OpenOCD: flash of openocd node
2024-11-05 10:07:35,382 :: INFO :: Flash firmware on OpenOCD: /usr/lib/python3.8/site-packages/gateway_code/static/m3_idle.elf
2024-11-05 10:07:37,532 :: INFO :: Control node : Start experiment
2024-11-05 10:07:37,596 :: INFO :: Control Node set time delay: 5447 us
2024-11-05 10:07:37,626 :: INFO :: Control node : profile configuration
2024-11-05 10:07:37,639 :: INFO :: Configure profile on Control Node
2024-11-05 10:07:37,695 :: INFO :: Start experiment succeeded
2024-11-05 10:08:54,104 :: INFO :: Gateway Manager : Flash of node
2024-11-05 10:08:54,109 :: INFO :: Flash firmware on open node: /tmp/tmpdb01eiop--firmware2276245339132118318-udp-client.iotlab
2024-11-05 10:08:54,153 :: INFO :: Node OpenOCD: flash of openocd node
2024-11-05 10:08:54,157 :: INFO :: Flash firmware on OpenOCD: /tmp/tmpdb01eiop--firmware2276245339132118318-udp-client.iotlab
2024-11-05 11:07:47,436 :: INFO :: Gateway Manager : Stop experiment
2024-11-05 11:07:47,442 :: INFO :: Stop experiment
2024-11-05 11:07:47,446 :: INFO :: Control node : stop of the experiment
2024-11-05 11:07:47,451 :: INFO :: Control node : profile configuration
2024-11-05 11:07:47,454 :: INFO :: Configure profile on Control Node
2024-11-05 11:07:47,513 :: INFO :: Control node : start power of open node
2024-11-05 11:07:47,545 :: INFO :: Node OpenOCD: teardown of openocd node
2024-11-05 11:07:50,562 :: INFO :: openocd node debugger stop
2024-11-05 11:07:51,087 :: INFO :: Node OpenOCD: flash of openocd node
2024-11-05 11:07:51,090 :: INFO :: Flash firmware on OpenOCD: /usr/lib/python3.8/site-packages/gateway_code/static/m3_idle.elf
2024-11-05 11:07:53,235 :: INFO :: Control node : Stop control node serial interface
2024-11-05 11:07:53,240 :: INFO :: Control node : stop power of open node
2024-11-05 11:07:53,277 :: INFO :: Control node : reset
2024-11-05 11:07:53,281 :: INFO :: Reset Control Node
2024-11-05 11:07:56,027 :: INFO :: Stop experiment succeeded
