2024-11-05 10:07:29,551 :: INFO :: Start experiment: perezram-407665
2024-11-05 10:07:29,555 :: INFO :: Control node : Starting of control node serial interface
2024-11-05 10:07:29,558 :: INFO :: Control node : reset
2024-11-05 10:07:29,561 :: INFO :: Reset Control Node
2024-11-05 10:07:32,365 :: INFO :: Control node : start power of open node
2024-11-05 10:07:32,382 :: INFO :: Node OpenOCD: Setup of openocd node
2024-11-05 10:07:35,397 :: INFO :: Node OpenOCD: flash of openocd node
2024-11-05 10:07:35,402 :: INFO :: Flash firmware on OpenOCD: /usr/lib/python3.8/site-packages/gateway_code/static/m3_idle.elf
2024-11-05 10:07:37,498 :: INFO :: Control node : Start experiment
2024-11-05 10:07:37,572 :: INFO :: Control Node set time delay: 14353 us
2024-11-05 10:07:37,598 :: INFO :: Control node : profile configuration
2024-11-05 10:07:37,611 :: INFO :: Configure profile on Control Node
2024-11-05 10:07:37,667 :: INFO :: Start experiment succeeded
2024-11-05 10:08:54,761 :: INFO :: Gateway Manager : Flash of node
2024-11-05 10:08:54,766 :: INFO :: Flash firmware on open node: /tmp/tmpfrxg4gym--firmware2276245339132118318-udp-client.iotlab
2024-11-05 10:08:54,805 :: INFO :: Node OpenOCD: flash of openocd node
2024-11-05 10:08:54,809 :: INFO :: Flash firmware on OpenOCD: /tmp/tmpfrxg4gym--firmware2276245339132118318-udp-client.iotlab
2024-11-05 11:07:47,455 :: INFO :: Gateway Manager : Stop experiment
2024-11-05 11:07:47,461 :: INFO :: Stop experiment
2024-11-05 11:07:47,465 :: INFO :: Control node : stop of the experiment
2024-11-05 11:07:47,470 :: INFO :: Control node : profile configuration
2024-11-05 11:07:47,473 :: INFO :: Configure profile on Control Node
2024-11-05 11:07:47,519 :: INFO :: Control node : start power of open node
2024-11-05 11:07:47,551 :: INFO :: Node OpenOCD: teardown of openocd node
2024-11-05 11:07:50,567 :: INFO :: openocd node debugger stop
2024-11-05 11:07:51,092 :: INFO :: Node OpenOCD: flash of openocd node
2024-11-05 11:07:51,095 :: INFO :: Flash firmware on OpenOCD: /usr/lib/python3.8/site-packages/gateway_code/static/m3_idle.elf
2024-11-05 11:07:53,240 :: INFO :: Control node : Stop control node serial interface
2024-11-05 11:07:53,245 :: INFO :: Control node : stop power of open node
2024-11-05 11:07:53,282 :: INFO :: Control node : reset
2024-11-05 11:07:53,286 :: INFO :: Reset Control Node
2024-11-05 11:07:56,038 :: INFO :: Stop experiment succeeded
