2024-11-05 10:07:29,356 :: INFO :: Start experiment: perezram-407665
2024-11-05 10:07:29,360 :: INFO :: Control node : Starting of control node serial interface
2024-11-05 10:07:29,363 :: INFO :: Control node : reset
2024-11-05 10:07:29,366 :: INFO :: Reset Control Node
2024-11-05 10:07:32,350 :: INFO :: Control node : start power of open node
2024-11-05 10:07:32,366 :: INFO :: Node OpenOCD: Setup of openocd node
2024-11-05 10:07:35,381 :: INFO :: Node OpenOCD: flash of openocd node
2024-11-05 10:07:35,386 :: INFO :: Flash firmware on OpenOCD: /usr/lib/python3.8/site-packages/gateway_code/static/m3_idle.elf
2024-11-05 10:07:37,533 :: INFO :: Control node : Start experiment
2024-11-05 10:07:37,598 :: INFO :: Control Node set time delay: 12074 us
2024-11-05 10:07:37,630 :: INFO :: Control node : profile configuration
2024-11-05 10:07:37,644 :: INFO :: Configure profile on Control Node
2024-11-05 10:07:37,699 :: INFO :: Start experiment succeeded
2024-11-05 10:08:53,877 :: INFO :: Gateway Manager : Flash of node
2024-11-05 10:08:53,888 :: INFO :: Flash firmware on open node: /tmp/tmpvdlwjmhd--firmware2276245339132118318-udp-client.iotlab
2024-11-05 10:08:53,928 :: INFO :: Node OpenOCD: flash of openocd node
2024-11-05 10:08:53,931 :: INFO :: Flash firmware on OpenOCD: /tmp/tmpvdlwjmhd--firmware2276245339132118318-udp-client.iotlab
2024-11-05 11:07:47,282 :: INFO :: Gateway Manager : Stop experiment
2024-11-05 11:07:47,287 :: INFO :: Stop experiment
2024-11-05 11:07:47,292 :: INFO :: Control node : stop of the experiment
2024-11-05 11:07:47,297 :: INFO :: Control node : profile configuration
2024-11-05 11:07:47,300 :: INFO :: Configure profile on Control Node
2024-11-05 11:07:47,357 :: INFO :: Control node : start power of open node
2024-11-05 11:07:47,389 :: INFO :: Node OpenOCD: teardown of openocd node
2024-11-05 11:07:50,407 :: INFO :: openocd node debugger stop
2024-11-05 11:07:51,029 :: INFO :: Node OpenOCD: flash of openocd node
2024-11-05 11:07:51,033 :: INFO :: Flash firmware on OpenOCD: /usr/lib/python3.8/site-packages/gateway_code/static/m3_idle.elf
2024-11-05 11:07:53,175 :: INFO :: Control node : Stop control node serial interface
2024-11-05 11:07:53,179 :: INFO :: Control node : stop power of open node
2024-11-05 11:07:53,217 :: INFO :: Control node : reset
2024-11-05 11:07:53,221 :: INFO :: Reset Control Node
2024-11-05 11:07:55,994 :: INFO :: Stop experiment succeeded
