2024-11-05 10:07:29,271 :: INFO :: Start experiment: perezram-407665
2024-11-05 10:07:29,275 :: INFO :: Control node : Starting of control node serial interface
2024-11-05 10:07:29,278 :: INFO :: Control node : reset
2024-11-05 10:07:29,281 :: INFO :: Reset Control Node
2024-11-05 10:07:32,282 :: INFO :: Control node : start power of open node
2024-11-05 10:07:32,300 :: INFO :: Node OpenOCD: Setup of openocd node
2024-11-05 10:07:35,316 :: INFO :: Node OpenOCD: flash of openocd node
2024-11-05 10:07:35,321 :: INFO :: Flash firmware on OpenOCD: /usr/lib/python3.8/site-packages/gateway_code/static/m3_idle.elf
2024-11-05 10:07:37,469 :: INFO :: Control node : Start experiment
2024-11-05 10:07:37,535 :: INFO :: Control Node set time delay: 8609 us
2024-11-05 10:07:37,580 :: INFO :: Control node : profile configuration
2024-11-05 10:07:37,586 :: INFO :: Configure profile on Control Node
2024-11-05 10:07:37,649 :: INFO :: Start experiment succeeded
2024-11-05 10:08:54,449 :: INFO :: Gateway Manager : Flash of node
2024-11-05 10:08:54,454 :: INFO :: Flash firmware on open node: /tmp/tmpru25e5ha--firmware2276245339132118318-udp-client.iotlab
2024-11-05 10:08:54,493 :: INFO :: Node OpenOCD: flash of openocd node
2024-11-05 10:08:54,497 :: INFO :: Flash firmware on OpenOCD: /tmp/tmpru25e5ha--firmware2276245339132118318-udp-client.iotlab
2024-11-05 11:07:47,353 :: INFO :: Gateway Manager : Stop experiment
2024-11-05 11:07:47,358 :: INFO :: Stop experiment
2024-11-05 11:07:47,362 :: INFO :: Control node : stop of the experiment
2024-11-05 11:07:47,367 :: INFO :: Control node : profile configuration
2024-11-05 11:07:47,370 :: INFO :: Configure profile on Control Node
2024-11-05 11:07:47,420 :: INFO :: Control node : start power of open node
2024-11-05 11:07:47,452 :: INFO :: Node OpenOCD: teardown of openocd node
2024-11-05 11:07:50,479 :: INFO :: openocd node debugger stop
2024-11-05 11:07:51,004 :: INFO :: Node OpenOCD: flash of openocd node
2024-11-05 11:07:51,008 :: INFO :: Flash firmware on OpenOCD: /usr/lib/python3.8/site-packages/gateway_code/static/m3_idle.elf
2024-11-05 11:07:53,150 :: INFO :: Control node : Stop control node serial interface
2024-11-05 11:07:53,155 :: INFO :: Control node : stop power of open node
2024-11-05 11:07:53,199 :: INFO :: Control node : reset
2024-11-05 11:07:53,203 :: INFO :: Reset Control Node
2024-11-05 11:07:55,958 :: INFO :: Stop experiment succeeded
