2024-11-05 10:07:29,073 :: INFO :: Start experiment: perezram-407665
2024-11-05 10:07:29,077 :: INFO :: Control node : Starting of control node serial interface
2024-11-05 10:07:29,081 :: INFO :: Control node : reset
2024-11-05 10:07:29,084 :: INFO :: Reset Control Node
2024-11-05 10:07:31,887 :: INFO :: Control node : start power of open node
2024-11-05 10:07:31,904 :: INFO :: Node OpenOCD: Setup of openocd node
2024-11-05 10:07:34,919 :: INFO :: Node OpenOCD: flash of openocd node
2024-11-05 10:07:34,924 :: INFO :: Flash firmware on OpenOCD: /usr/lib/python3.8/site-packages/gateway_code/static/m3_idle.elf
2024-11-05 10:07:37,071 :: INFO :: Control node : Start experiment
2024-11-05 10:07:37,136 :: INFO :: Control Node set time delay: 11674 us
2024-11-05 10:07:37,168 :: INFO :: Control node : profile configuration
2024-11-05 10:07:37,175 :: INFO :: Configure profile on Control Node
2024-11-05 10:07:37,237 :: INFO :: Start experiment succeeded
2024-11-05 10:08:52,638 :: INFO :: Gateway Manager : Flash of node
2024-11-05 10:08:52,665 :: INFO :: Flash firmware on open node: /tmp/tmpq3zpmirc--firmware2276245339132118318-udp-client.iotlab
2024-11-05 10:08:52,709 :: INFO :: Node OpenOCD: flash of openocd node
2024-11-05 10:08:52,713 :: INFO :: Flash firmware on OpenOCD: /tmp/tmpq3zpmirc--firmware2276245339132118318-udp-client.iotlab
2024-11-05 11:07:47,223 :: INFO :: Gateway Manager : Stop experiment
2024-11-05 11:07:47,229 :: INFO :: Stop experiment
2024-11-05 11:07:47,233 :: INFO :: Control node : stop of the experiment
2024-11-05 11:07:47,238 :: INFO :: Control node : profile configuration
2024-11-05 11:07:47,241 :: INFO :: Configure profile on Control Node
2024-11-05 11:07:47,296 :: INFO :: Control node : start power of open node
2024-11-05 11:07:47,328 :: INFO :: Node OpenOCD: teardown of openocd node
2024-11-05 11:07:50,344 :: INFO :: openocd node debugger stop
2024-11-05 11:07:50,967 :: INFO :: Node OpenOCD: flash of openocd node
2024-11-05 11:07:50,970 :: INFO :: Flash firmware on OpenOCD: /usr/lib/python3.8/site-packages/gateway_code/static/m3_idle.elf
2024-11-05 11:07:53,113 :: INFO :: Control node : Stop control node serial interface
2024-11-05 11:07:53,118 :: INFO :: Control node : stop power of open node
2024-11-05 11:07:53,156 :: INFO :: Control node : reset
2024-11-05 11:07:53,159 :: INFO :: Reset Control Node
2024-11-05 11:07:55,897 :: INFO :: Stop experiment succeeded
