2024-11-05 10:07:29,532 :: INFO :: Start experiment: perezram-407665
2024-11-05 10:07:29,535 :: INFO :: Control node : Starting of control node serial interface
2024-11-05 10:07:29,539 :: INFO :: Control node : reset
2024-11-05 10:07:29,542 :: INFO :: Reset Control Node
2024-11-05 10:07:32,349 :: INFO :: Control node : start power of open node
2024-11-05 10:07:32,365 :: INFO :: Node OpenOCD: Setup of openocd node
2024-11-05 10:07:35,380 :: INFO :: Node OpenOCD: flash of openocd node
2024-11-05 10:07:35,385 :: INFO :: Flash firmware on OpenOCD: /usr/lib/python3.8/site-packages/gateway_code/static/m3_idle.elf
2024-11-05 10:07:37,532 :: INFO :: Control node : Start experiment
2024-11-05 10:07:37,597 :: INFO :: Control Node set time delay: 8185 us
2024-11-05 10:07:37,640 :: INFO :: Control node : profile configuration
2024-11-05 10:07:37,643 :: INFO :: Configure profile on Control Node
2024-11-05 10:07:37,698 :: INFO :: Start experiment succeeded
2024-11-05 10:08:54,565 :: INFO :: Gateway Manager : Flash of node
2024-11-05 10:08:54,571 :: INFO :: Flash firmware on open node: /tmp/tmpd8txpq7r--firmware2276245339132118318-udp-client.iotlab
2024-11-05 10:08:54,611 :: INFO :: Node OpenOCD: flash of openocd node
2024-11-05 10:08:54,615 :: INFO :: Flash firmware on OpenOCD: /tmp/tmpd8txpq7r--firmware2276245339132118318-udp-client.iotlab
2024-11-05 11:07:47,454 :: INFO :: Gateway Manager : Stop experiment
2024-11-05 11:07:47,813 :: INFO :: Stop experiment
2024-11-05 11:07:47,832 :: INFO :: Control node : stop of the experiment
2024-11-05 11:07:47,839 :: INFO :: Control node : profile configuration
2024-11-05 11:07:47,843 :: INFO :: Configure profile on Control Node
2024-11-05 11:07:47,913 :: INFO :: Control node : start power of open node
2024-11-05 11:07:47,945 :: INFO :: Node OpenOCD: teardown of openocd node
2024-11-05 11:07:50,960 :: INFO :: openocd node debugger stop
2024-11-05 11:07:51,484 :: INFO :: Node OpenOCD: flash of openocd node
2024-11-05 11:07:51,487 :: INFO :: Flash firmware on OpenOCD: /usr/lib/python3.8/site-packages/gateway_code/static/m3_idle.elf
2024-11-05 11:07:53,629 :: INFO :: Control node : Stop control node serial interface
2024-11-05 11:07:53,634 :: INFO :: Control node : stop power of open node
2024-11-05 11:07:53,677 :: INFO :: Control node : reset
2024-11-05 11:07:53,681 :: INFO :: Reset Control Node
2024-11-05 11:07:56,424 :: INFO :: Stop experiment succeeded
