2024-11-05 10:07:28,977 :: INFO :: Start experiment: perezram-407665
2024-11-05 10:07:28,981 :: INFO :: Control node : Starting of control node serial interface
2024-11-05 10:07:28,984 :: INFO :: Control node : reset
2024-11-05 10:07:28,989 :: INFO :: Reset Control Node
2024-11-05 10:07:31,785 :: INFO :: Control node : start power of open node
2024-11-05 10:07:31,803 :: INFO :: Node OpenOCD: Setup of openocd node
2024-11-05 10:07:34,818 :: INFO :: Node OpenOCD: flash of openocd node
2024-11-05 10:07:34,822 :: INFO :: Flash firmware on OpenOCD: /usr/lib/python3.8/site-packages/gateway_code/static/m3_idle.elf
2024-11-05 10:07:36,971 :: INFO :: Control node : Start experiment
2024-11-05 10:07:37,035 :: INFO :: Control Node set time delay: 10014 us
2024-11-05 10:07:37,067 :: INFO :: Control node : profile configuration
2024-11-05 10:07:37,070 :: INFO :: Configure profile on Control Node
2024-11-05 10:07:37,136 :: INFO :: Start experiment succeeded
2024-11-05 10:08:54,431 :: INFO :: Gateway Manager : Flash of node
2024-11-05 10:08:54,436 :: INFO :: Flash firmware on open node: /tmp/tmprob8csql--firmware2276245339132118318-udp-client.iotlab
2024-11-05 10:08:54,476 :: INFO :: Node OpenOCD: flash of openocd node
2024-11-05 10:08:54,479 :: INFO :: Flash firmware on OpenOCD: /tmp/tmprob8csql--firmware2276245339132118318-udp-client.iotlab
2024-11-05 11:07:47,546 :: INFO :: Gateway Manager : Stop experiment
2024-11-05 11:07:47,830 :: INFO :: Stop experiment
2024-11-05 11:07:47,849 :: INFO :: Control node : stop of the experiment
2024-11-05 11:07:47,858 :: INFO :: Control node : profile configuration
2024-11-05 11:07:47,861 :: INFO :: Configure profile on Control Node
2024-11-05 11:07:47,922 :: INFO :: Control node : start power of open node
2024-11-05 11:07:47,970 :: INFO :: Node OpenOCD: teardown of openocd node
2024-11-05 11:07:50,985 :: INFO :: openocd node debugger stop
2024-11-05 11:07:51,508 :: INFO :: Node OpenOCD: flash of openocd node
2024-11-05 11:07:51,512 :: INFO :: Flash firmware on OpenOCD: /usr/lib/python3.8/site-packages/gateway_code/static/m3_idle.elf
2024-11-05 11:07:53,657 :: INFO :: Control node : Stop control node serial interface
2024-11-05 11:07:53,662 :: INFO :: Control node : stop power of open node
2024-11-05 11:07:53,701 :: INFO :: Control node : reset
2024-11-05 11:07:53,705 :: INFO :: Reset Control Node
2024-11-05 11:07:56,449 :: INFO :: Stop experiment succeeded
