2024-10-24 13:10:34,214 :: INFO :: Start experiment: perezram-407172
2024-10-24 13:10:34,218 :: INFO :: Control node : Starting of control node serial interface
2024-10-24 13:10:34,221 :: INFO :: Control node : reset
2024-10-24 13:10:34,224 :: INFO :: Reset Control Node
2024-10-24 13:10:37,013 :: INFO :: Control node : start power of open node
2024-10-24 13:10:37,031 :: INFO :: Node OpenOCD: Setup of openocd node
2024-10-24 13:10:40,046 :: INFO :: Node OpenOCD: flash of openocd node
2024-10-24 13:10:40,050 :: INFO :: Flash firmware on OpenOCD: /tmp/tmp4xjv7hnh--ab7b72abb6ca950d227f7b9a58ccae2b_get-mac.iotlab
2024-10-24 13:10:47,542 :: INFO :: Control node : Start experiment
2024-10-24 13:10:47,613 :: INFO :: Control Node set time delay: 6080 us
2024-10-24 13:10:47,639 :: INFO :: Control node : profile configuration
2024-10-24 13:10:47,642 :: INFO :: Configure profile on Control Node
2024-10-24 13:10:47,708 :: INFO :: Start experiment succeeded
2024-10-24 13:15:54,628 :: INFO :: Gateway Manager : Stop experiment
2024-10-24 13:15:54,633 :: INFO :: Stop experiment
2024-10-24 13:15:54,637 :: INFO :: Control node : stop of the experiment
2024-10-24 13:15:54,642 :: INFO :: Control node : profile configuration
2024-10-24 13:15:54,645 :: INFO :: Configure profile on Control Node
2024-10-24 13:15:54,703 :: INFO :: Control node : start power of open node
2024-10-24 13:15:54,735 :: INFO :: Node OpenOCD: teardown of openocd node
2024-10-24 13:15:57,752 :: INFO :: openocd node debugger stop
2024-10-24 13:15:58,374 :: INFO :: Node OpenOCD: flash of openocd node
2024-10-24 13:15:58,378 :: INFO :: Flash firmware on OpenOCD: /usr/lib/python3.8/site-packages/gateway_code/static/m3_idle.elf
2024-10-24 13:16:00,518 :: INFO :: Control node : Stop control node serial interface
2024-10-24 13:16:00,523 :: INFO :: Control node : stop power of open node
2024-10-24 13:16:00,562 :: INFO :: Control node : reset
2024-10-24 13:16:00,566 :: INFO :: Reset Control Node
2024-10-24 13:16:03,324 :: INFO :: Stop experiment succeeded
