2024-10-24 13:10:34,260 :: INFO :: Start experiment: perezram-407172
2024-10-24 13:10:34,264 :: INFO :: Control node : Starting of control node serial interface
2024-10-24 13:10:34,267 :: INFO :: Control node : reset
2024-10-24 13:10:34,270 :: INFO :: Reset Control Node
2024-10-24 13:10:37,060 :: INFO :: Control node : start power of open node
2024-10-24 13:10:37,078 :: INFO :: Node OpenOCD: Setup of openocd node
2024-10-24 13:10:40,093 :: INFO :: Node OpenOCD: flash of openocd node
2024-10-24 13:10:40,098 :: INFO :: Flash firmware on OpenOCD: /tmp/tmp86dpbr4p--ab7b72abb6ca950d227f7b9a58ccae2b_get-mac.iotlab
2024-10-24 13:10:47,641 :: INFO :: Control node : Start experiment
2024-10-24 13:10:47,701 :: INFO :: Control Node set time delay: 2823 us
2024-10-24 13:10:47,749 :: INFO :: Control node : profile configuration
2024-10-24 13:10:47,753 :: INFO :: Configure profile on Control Node
2024-10-24 13:10:47,819 :: INFO :: Start experiment succeeded
2024-10-24 13:15:54,633 :: INFO :: Gateway Manager : Stop experiment
2024-10-24 13:15:54,638 :: INFO :: Stop experiment
2024-10-24 13:15:54,642 :: INFO :: Control node : stop of the experiment
2024-10-24 13:15:54,647 :: INFO :: Control node : profile configuration
2024-10-24 13:15:54,650 :: INFO :: Configure profile on Control Node
2024-10-24 13:15:54,703 :: INFO :: Control node : start power of open node
2024-10-24 13:15:54,735 :: INFO :: Node OpenOCD: teardown of openocd node
2024-10-24 13:15:57,751 :: INFO :: openocd node debugger stop
2024-10-24 13:15:58,277 :: INFO :: Node OpenOCD: flash of openocd node
2024-10-24 13:15:58,280 :: INFO :: Flash firmware on OpenOCD: /usr/lib/python3.8/site-packages/gateway_code/static/m3_idle.elf
2024-10-24 13:16:00,422 :: INFO :: Control node : Stop control node serial interface
2024-10-24 13:16:00,427 :: INFO :: Control node : stop power of open node
2024-10-24 13:16:00,467 :: INFO :: Control node : reset
2024-10-24 13:16:00,471 :: INFO :: Reset Control Node
2024-10-24 13:16:03,234 :: INFO :: Stop experiment succeeded
