2024-10-24 13:10:34,110 :: INFO :: Start experiment: perezram-407172
2024-10-24 13:10:34,114 :: INFO :: Control node : Starting of control node serial interface
2024-10-24 13:10:34,117 :: INFO :: Control node : reset
2024-10-24 13:10:34,121 :: INFO :: Reset Control Node
2024-10-24 13:10:36,909 :: INFO :: Control node : start power of open node
2024-10-24 13:10:36,928 :: INFO :: Node OpenOCD: Setup of openocd node
2024-10-24 13:10:39,942 :: INFO :: Node OpenOCD: flash of openocd node
2024-10-24 13:10:39,947 :: INFO :: Flash firmware on OpenOCD: /tmp/tmpqtwlsyoh--ab7b72abb6ca950d227f7b9a58ccae2b_get-mac.iotlab
2024-10-24 13:10:47,442 :: INFO :: Control node : Start experiment
2024-10-24 13:10:47,530 :: INFO :: Control Node set time delay: 14393 us
2024-10-24 13:10:47,551 :: INFO :: Control node : profile configuration
2024-10-24 13:10:47,554 :: INFO :: Configure profile on Control Node
2024-10-24 13:10:47,604 :: INFO :: Start experiment succeeded
2024-10-24 13:15:54,620 :: INFO :: Gateway Manager : Stop experiment
2024-10-24 13:15:54,624 :: INFO :: Stop experiment
2024-10-24 13:15:54,628 :: INFO :: Control node : stop of the experiment
2024-10-24 13:15:54,633 :: INFO :: Control node : profile configuration
2024-10-24 13:15:54,636 :: INFO :: Configure profile on Control Node
2024-10-24 13:15:54,680 :: INFO :: Control node : start power of open node
2024-10-24 13:15:54,712 :: INFO :: Node OpenOCD: teardown of openocd node
2024-10-24 13:15:57,728 :: INFO :: openocd node debugger stop
2024-10-24 13:15:58,350 :: INFO :: Node OpenOCD: flash of openocd node
2024-10-24 13:15:58,354 :: INFO :: Flash firmware on OpenOCD: /usr/lib/python3.8/site-packages/gateway_code/static/m3_idle.elf
2024-10-24 13:16:00,497 :: INFO :: Control node : Stop control node serial interface
2024-10-24 13:16:00,502 :: INFO :: Control node : stop power of open node
2024-10-24 13:16:00,539 :: INFO :: Control node : reset
2024-10-24 13:16:00,543 :: INFO :: Reset Control Node
2024-10-24 13:16:03,285 :: INFO :: Stop experiment succeeded
