2024-10-24 13:10:34,209 :: INFO :: Start experiment: perezram-407172
2024-10-24 13:10:34,213 :: INFO :: Control node : Starting of control node serial interface
2024-10-24 13:10:34,216 :: INFO :: Control node : reset
2024-10-24 13:10:34,219 :: INFO :: Reset Control Node
2024-10-24 13:10:37,063 :: INFO :: Control node : start power of open node
2024-10-24 13:10:37,081 :: INFO :: Node OpenOCD: Setup of openocd node
2024-10-24 13:10:40,097 :: INFO :: Node OpenOCD: flash of openocd node
2024-10-24 13:10:40,102 :: INFO :: Flash firmware on OpenOCD: /tmp/tmp9xj7sk5a--ab7b72abb6ca950d227f7b9a58ccae2b_get-mac.iotlab
2024-10-24 13:10:47,645 :: INFO :: Control node : Start experiment
2024-10-24 13:10:47,721 :: INFO :: Control Node set time delay: 14719 us
2024-10-24 13:10:47,768 :: INFO :: Control node : profile configuration
2024-10-24 13:10:47,771 :: INFO :: Configure profile on Control Node
2024-10-24 13:10:47,822 :: INFO :: Start experiment succeeded
2024-10-24 13:15:54,617 :: INFO :: Gateway Manager : Stop experiment
2024-10-24 13:15:54,621 :: INFO :: Stop experiment
2024-10-24 13:15:54,625 :: INFO :: Control node : stop of the experiment
2024-10-24 13:15:54,630 :: INFO :: Control node : profile configuration
2024-10-24 13:15:54,633 :: INFO :: Configure profile on Control Node
2024-10-24 13:15:54,691 :: INFO :: Control node : start power of open node
2024-10-24 13:15:54,723 :: INFO :: Node OpenOCD: teardown of openocd node
2024-10-24 13:15:57,740 :: INFO :: openocd node debugger stop
2024-10-24 13:15:58,265 :: INFO :: Node OpenOCD: flash of openocd node
2024-10-24 13:15:58,268 :: INFO :: Flash firmware on OpenOCD: /usr/lib/python3.8/site-packages/gateway_code/static/m3_idle.elf
2024-10-24 13:16:00,410 :: INFO :: Control node : Stop control node serial interface
2024-10-24 13:16:00,415 :: INFO :: Control node : stop power of open node
2024-10-24 13:16:00,455 :: INFO :: Control node : reset
2024-10-24 13:16:00,459 :: INFO :: Reset Control Node
2024-10-24 13:16:03,217 :: INFO :: Stop experiment succeeded
