2024-10-24 13:10:34,140 :: INFO :: Start experiment: perezram-407172
2024-10-24 13:10:34,143 :: INFO :: Control node : Starting of control node serial interface
2024-10-24 13:10:34,147 :: INFO :: Control node : reset
2024-10-24 13:10:34,149 :: INFO :: Reset Control Node
2024-10-24 13:10:36,938 :: INFO :: Control node : start power of open node
2024-10-24 13:10:36,957 :: INFO :: Node OpenOCD: Setup of openocd node
2024-10-24 13:10:39,971 :: INFO :: Node OpenOCD: flash of openocd node
2024-10-24 13:10:39,976 :: INFO :: Flash firmware on OpenOCD: /tmp/tmpako4gtda--ab7b72abb6ca950d227f7b9a58ccae2b_get-mac.iotlab
2024-10-24 13:10:47,467 :: INFO :: Control node : Start experiment
2024-10-24 13:10:47,532 :: INFO :: Control Node set time delay: 4761 us
2024-10-24 13:10:47,565 :: INFO :: Control node : profile configuration
2024-10-24 13:10:47,568 :: INFO :: Configure profile on Control Node
2024-10-24 13:10:47,634 :: INFO :: Start experiment succeeded
2024-10-24 13:15:54,609 :: INFO :: Gateway Manager : Stop experiment
2024-10-24 13:15:54,613 :: INFO :: Stop experiment
2024-10-24 13:15:54,617 :: INFO :: Control node : stop of the experiment
2024-10-24 13:15:54,622 :: INFO :: Control node : profile configuration
2024-10-24 13:15:54,625 :: INFO :: Configure profile on Control Node
2024-10-24 13:15:54,676 :: INFO :: Control node : start power of open node
2024-10-24 13:15:54,708 :: INFO :: Node OpenOCD: teardown of openocd node
2024-10-24 13:15:57,725 :: INFO :: openocd node debugger stop
2024-10-24 13:15:58,249 :: INFO :: Node OpenOCD: flash of openocd node
2024-10-24 13:15:58,253 :: INFO :: Flash firmware on OpenOCD: /usr/lib/python3.8/site-packages/gateway_code/static/m3_idle.elf
2024-10-24 13:16:00,396 :: INFO :: Control node : Stop control node serial interface
2024-10-24 13:16:00,401 :: INFO :: Control node : stop power of open node
2024-10-24 13:16:00,440 :: INFO :: Control node : reset
2024-10-24 13:16:00,444 :: INFO :: Reset Control Node
2024-10-24 13:16:03,191 :: INFO :: Stop experiment succeeded
