2024-10-24 13:10:34,180 :: INFO :: Start experiment: perezram-407172
2024-10-24 13:10:34,184 :: INFO :: Control node : Starting of control node serial interface
2024-10-24 13:10:34,187 :: INFO :: Control node : reset
2024-10-24 13:10:34,190 :: INFO :: Reset Control Node
2024-10-24 13:10:36,980 :: INFO :: Control node : start power of open node
2024-10-24 13:10:36,996 :: INFO :: Node OpenOCD: Setup of openocd node
2024-10-24 13:10:40,011 :: INFO :: Node OpenOCD: flash of openocd node
2024-10-24 13:10:40,015 :: INFO :: Flash firmware on OpenOCD: /tmp/tmp9rk514kv--ab7b72abb6ca950d227f7b9a58ccae2b_get-mac.iotlab
2024-10-24 13:10:47,508 :: INFO :: Control node : Start experiment
2024-10-24 13:10:47,576 :: INFO :: Control Node set time delay: 3828 us
2024-10-24 13:10:47,604 :: INFO :: Control node : profile configuration
2024-10-24 13:10:47,607 :: INFO :: Configure profile on Control Node
2024-10-24 13:10:47,673 :: INFO :: Start experiment succeeded
2024-10-24 13:15:54,606 :: INFO :: Gateway Manager : Stop experiment
2024-10-24 13:15:54,610 :: INFO :: Stop experiment
2024-10-24 13:15:54,614 :: INFO :: Control node : stop of the experiment
2024-10-24 13:15:54,619 :: INFO :: Control node : profile configuration
2024-10-24 13:15:54,622 :: INFO :: Configure profile on Control Node
2024-10-24 13:15:54,669 :: INFO :: Control node : start power of open node
2024-10-24 13:15:54,701 :: INFO :: Node OpenOCD: teardown of openocd node
2024-10-24 13:15:57,722 :: INFO :: openocd node debugger stop
2024-10-24 13:15:58,344 :: INFO :: Node OpenOCD: flash of openocd node
2024-10-24 13:15:58,347 :: INFO :: Flash firmware on OpenOCD: /usr/lib/python3.8/site-packages/gateway_code/static/m3_idle.elf
2024-10-24 13:16:00,489 :: INFO :: Control node : Stop control node serial interface
2024-10-24 13:16:00,493 :: INFO :: Control node : stop power of open node
2024-10-24 13:16:00,528 :: INFO :: Control node : reset
2024-10-24 13:16:00,532 :: INFO :: Reset Control Node
2024-10-24 13:16:03,272 :: INFO :: Stop experiment succeeded
