2024-10-24 13:10:34,183 :: INFO :: Start experiment: perezram-407172
2024-10-24 13:10:34,187 :: INFO :: Control node : Starting of control node serial interface
2024-10-24 13:10:34,190 :: INFO :: Control node : reset
2024-10-24 13:10:34,193 :: INFO :: Reset Control Node
2024-10-24 13:10:36,978 :: INFO :: Control node : start power of open node
2024-10-24 13:10:36,997 :: INFO :: Node OpenOCD: Setup of openocd node
2024-10-24 13:10:40,012 :: INFO :: Node OpenOCD: flash of openocd node
2024-10-24 13:10:40,017 :: INFO :: Flash firmware on OpenOCD: /tmp/tmphu0ht5zd--ab7b72abb6ca950d227f7b9a58ccae2b_get-mac.iotlab
2024-10-24 13:10:47,509 :: INFO :: Control node : Start experiment
2024-10-24 13:10:47,573 :: INFO :: Control Node set time delay: 2649 us
2024-10-24 13:10:47,605 :: INFO :: Control node : profile configuration
2024-10-24 13:10:47,619 :: INFO :: Configure profile on Control Node
2024-10-24 13:10:47,674 :: INFO :: Start experiment succeeded
2024-10-24 13:15:54,637 :: INFO :: Gateway Manager : Stop experiment
2024-10-24 13:15:54,642 :: INFO :: Stop experiment
2024-10-24 13:15:54,645 :: INFO :: Control node : stop of the experiment
2024-10-24 13:15:54,650 :: INFO :: Control node : profile configuration
2024-10-24 13:15:54,654 :: INFO :: Configure profile on Control Node
2024-10-24 13:15:54,706 :: INFO :: Control node : start power of open node
2024-10-24 13:15:54,738 :: INFO :: Node OpenOCD: teardown of openocd node
2024-10-24 13:15:57,753 :: INFO :: openocd node debugger stop
2024-10-24 13:15:58,375 :: INFO :: Node OpenOCD: flash of openocd node
2024-10-24 13:15:58,379 :: INFO :: Flash firmware on OpenOCD: /usr/lib/python3.8/site-packages/gateway_code/static/m3_idle.elf
2024-10-24 13:16:00,520 :: INFO :: Control node : Stop control node serial interface
2024-10-24 13:16:00,524 :: INFO :: Control node : stop power of open node
2024-10-24 13:16:00,565 :: INFO :: Control node : reset
2024-10-24 13:16:00,569 :: INFO :: Reset Control Node
2024-10-24 13:16:03,317 :: INFO :: Stop experiment succeeded
