2024-10-24 13:10:34,251 :: INFO :: Start experiment: perezram-407172
2024-10-24 13:10:34,255 :: INFO :: Control node : Starting of control node serial interface
2024-10-24 13:10:34,258 :: INFO :: Control node : reset
2024-10-24 13:10:34,261 :: INFO :: Reset Control Node
2024-10-24 13:10:37,049 :: INFO :: Control node : start power of open node
2024-10-24 13:10:37,067 :: INFO :: Node OpenOCD: Setup of openocd node
2024-10-24 13:10:40,081 :: INFO :: Node OpenOCD: flash of openocd node
2024-10-24 13:10:40,086 :: INFO :: Flash firmware on OpenOCD: /tmp/tmp4aqm854d--ab7b72abb6ca950d227f7b9a58ccae2b_get-mac.iotlab
2024-10-24 13:10:47,529 :: INFO :: Control node : Start experiment
2024-10-24 13:10:47,594 :: INFO :: Control Node set time delay: 7510 us
2024-10-24 13:10:47,642 :: INFO :: Control node : profile configuration
2024-10-24 13:10:47,645 :: INFO :: Configure profile on Control Node
2024-10-24 13:10:47,695 :: INFO :: Start experiment succeeded
2024-10-24 13:15:54,637 :: INFO :: Gateway Manager : Stop experiment
2024-10-24 13:15:54,642 :: INFO :: Stop experiment
2024-10-24 13:15:54,646 :: INFO :: Control node : stop of the experiment
2024-10-24 13:15:54,651 :: INFO :: Control node : profile configuration
2024-10-24 13:15:54,654 :: INFO :: Configure profile on Control Node
2024-10-24 13:15:54,707 :: INFO :: Control node : start power of open node
2024-10-24 13:15:54,739 :: INFO :: Node OpenOCD: teardown of openocd node
2024-10-24 13:15:57,755 :: INFO :: openocd node debugger stop
2024-10-24 13:15:58,280 :: INFO :: Node OpenOCD: flash of openocd node
2024-10-24 13:15:58,283 :: INFO :: Flash firmware on OpenOCD: /usr/lib/python3.8/site-packages/gateway_code/static/m3_idle.elf
2024-10-24 13:16:00,424 :: INFO :: Control node : Stop control node serial interface
2024-10-24 13:16:00,429 :: INFO :: Control node : stop power of open node
2024-10-24 13:16:00,470 :: INFO :: Control node : reset
2024-10-24 13:16:00,474 :: INFO :: Reset Control Node
2024-10-24 13:16:03,227 :: INFO :: Stop experiment succeeded
