2024-10-24 13:10:34,096 :: INFO :: Start experiment: perezram-407172
2024-10-24 13:10:34,100 :: INFO :: Control node : Starting of control node serial interface
2024-10-24 13:10:34,103 :: INFO :: Control node : reset
2024-10-24 13:10:34,106 :: INFO :: Reset Control Node
2024-10-24 13:10:36,894 :: INFO :: Control node : start power of open node
2024-10-24 13:10:36,911 :: INFO :: Node OpenOCD: Setup of openocd node
2024-10-24 13:10:39,926 :: INFO :: Node OpenOCD: flash of openocd node
2024-10-24 13:10:39,931 :: INFO :: Flash firmware on OpenOCD: /tmp/tmpsges593g--ab7b72abb6ca950d227f7b9a58ccae2b_get-mac.iotlab
2024-10-24 13:10:47,425 :: INFO :: Control node : Start experiment
2024-10-24 13:10:47,493 :: INFO :: Control Node set time delay: 6600 us
2024-10-24 13:10:47,519 :: INFO :: Control node : profile configuration
2024-10-24 13:10:47,533 :: INFO :: Configure profile on Control Node
2024-10-24 13:10:47,588 :: INFO :: Start experiment succeeded
2024-10-24 13:15:54,629 :: INFO :: Gateway Manager : Stop experiment
2024-10-24 13:15:54,634 :: INFO :: Stop experiment
2024-10-24 13:15:54,637 :: INFO :: Control node : stop of the experiment
2024-10-24 13:15:54,642 :: INFO :: Control node : profile configuration
2024-10-24 13:15:54,645 :: INFO :: Configure profile on Control Node
2024-10-24 13:15:54,698 :: INFO :: Control node : start power of open node
2024-10-24 13:15:54,730 :: INFO :: Node OpenOCD: teardown of openocd node
2024-10-24 13:15:57,746 :: INFO :: openocd node debugger stop
2024-10-24 13:15:58,272 :: INFO :: Node OpenOCD: flash of openocd node
2024-10-24 13:15:58,275 :: INFO :: Flash firmware on OpenOCD: /usr/lib/python3.8/site-packages/gateway_code/static/m3_idle.elf
2024-10-24 13:16:00,419 :: INFO :: Control node : Stop control node serial interface
2024-10-24 13:16:00,424 :: INFO :: Control node : stop power of open node
2024-10-24 13:16:00,462 :: INFO :: Control node : reset
2024-10-24 13:16:00,466 :: INFO :: Reset Control Node
2024-10-24 13:16:03,211 :: INFO :: Stop experiment succeeded
