2024-10-24 13:10:34,078 :: INFO :: Start experiment: perezram-407172
2024-10-24 13:10:34,082 :: INFO :: Control node : Starting of control node serial interface
2024-10-24 13:10:34,085 :: INFO :: Control node : reset
2024-10-24 13:10:34,088 :: INFO :: Reset Control Node
2024-10-24 13:10:36,876 :: INFO :: Control node : start power of open node
2024-10-24 13:10:36,894 :: INFO :: Node OpenOCD: Setup of openocd node
2024-10-24 13:10:39,909 :: INFO :: Node OpenOCD: flash of openocd node
2024-10-24 13:10:39,914 :: INFO :: Flash firmware on OpenOCD: /tmp/tmpalf7ey5l--ab7b72abb6ca950d227f7b9a58ccae2b_get-mac.iotlab
2024-10-24 13:10:47,407 :: INFO :: Control node : Start experiment
2024-10-24 13:10:47,485 :: INFO :: Control Node set time delay: 7488 us
2024-10-24 13:10:47,517 :: INFO :: Control node : profile configuration
2024-10-24 13:10:47,521 :: INFO :: Configure profile on Control Node
2024-10-24 13:10:47,571 :: INFO :: Start experiment succeeded
2024-10-24 13:15:54,615 :: INFO :: Gateway Manager : Stop experiment
2024-10-24 13:15:54,619 :: INFO :: Stop experiment
2024-10-24 13:15:54,624 :: INFO :: Control node : stop of the experiment
2024-10-24 13:15:54,629 :: INFO :: Control node : profile configuration
2024-10-24 13:15:54,632 :: INFO :: Configure profile on Control Node
2024-10-24 13:15:54,680 :: INFO :: Control node : start power of open node
2024-10-24 13:15:54,711 :: INFO :: Node OpenOCD: teardown of openocd node
2024-10-24 13:15:57,728 :: INFO :: openocd node debugger stop
2024-10-24 13:15:58,253 :: INFO :: Node OpenOCD: flash of openocd node
2024-10-24 13:15:58,256 :: INFO :: Flash firmware on OpenOCD: /usr/lib/python3.8/site-packages/gateway_code/static/m3_idle.elf
2024-10-24 13:16:00,400 :: INFO :: Control node : Stop control node serial interface
2024-10-24 13:16:00,404 :: INFO :: Control node : stop power of open node
2024-10-24 13:16:00,443 :: INFO :: Control node : reset
2024-10-24 13:16:00,447 :: INFO :: Reset Control Node
2024-10-24 13:16:03,195 :: INFO :: Stop experiment succeeded
