2024-10-24 13:10:34,240 :: INFO :: Start experiment: perezram-407172
2024-10-24 13:10:34,243 :: INFO :: Control node : Starting of control node serial interface
2024-10-24 13:10:34,247 :: INFO :: Control node : reset
2024-10-24 13:10:34,249 :: INFO :: Reset Control Node
2024-10-24 13:10:37,039 :: INFO :: Control node : start power of open node
2024-10-24 13:10:37,056 :: INFO :: Node OpenOCD: Setup of openocd node
2024-10-24 13:10:40,070 :: INFO :: Node OpenOCD: flash of openocd node
2024-10-24 13:10:40,075 :: INFO :: Flash firmware on OpenOCD: /tmp/tmpv_9f9q47--ab7b72abb6ca950d227f7b9a58ccae2b_get-mac.iotlab
2024-10-24 13:10:47,568 :: INFO :: Control node : Start experiment
2024-10-24 13:10:47,632 :: INFO :: Control Node set time delay: 2655 us
2024-10-24 13:10:47,663 :: INFO :: Control node : profile configuration
2024-10-24 13:10:47,677 :: INFO :: Configure profile on Control Node
2024-10-24 13:10:47,732 :: INFO :: Start experiment succeeded
2024-10-24 13:15:54,633 :: INFO :: Gateway Manager : Stop experiment
2024-10-24 13:15:54,637 :: INFO :: Stop experiment
2024-10-24 13:15:54,641 :: INFO :: Control node : stop of the experiment
2024-10-24 13:15:54,646 :: INFO :: Control node : profile configuration
2024-10-24 13:15:54,649 :: INFO :: Configure profile on Control Node
2024-10-24 13:15:54,696 :: INFO :: Control node : start power of open node
2024-10-24 13:15:54,728 :: INFO :: Node OpenOCD: teardown of openocd node
2024-10-24 13:15:57,745 :: INFO :: openocd node debugger stop
2024-10-24 13:15:58,367 :: INFO :: Node OpenOCD: flash of openocd node
2024-10-24 13:15:58,370 :: INFO :: Flash firmware on OpenOCD: /usr/lib/python3.8/site-packages/gateway_code/static/m3_idle.elf
2024-10-24 13:16:00,512 :: INFO :: Control node : Stop control node serial interface
2024-10-24 13:16:00,516 :: INFO :: Control node : stop power of open node
2024-10-24 13:16:00,556 :: INFO :: Control node : reset
2024-10-24 13:16:00,560 :: INFO :: Reset Control Node
2024-10-24 13:16:03,310 :: INFO :: Stop experiment succeeded
