2024-10-24 13:10:34,154 :: INFO :: Start experiment: perezram-407172
2024-10-24 13:10:34,158 :: INFO :: Control node : Starting of control node serial interface
2024-10-24 13:10:34,161 :: INFO :: Control node : reset
2024-10-24 13:10:34,164 :: INFO :: Reset Control Node
2024-10-24 13:10:36,952 :: INFO :: Control node : start power of open node
2024-10-24 13:10:36,971 :: INFO :: Node OpenOCD: Setup of openocd node
2024-10-24 13:10:39,986 :: INFO :: Node OpenOCD: flash of openocd node
2024-10-24 13:10:39,990 :: INFO :: Flash firmware on OpenOCD: /tmp/tmp70xifkex--ab7b72abb6ca950d227f7b9a58ccae2b_get-mac.iotlab
2024-10-24 13:10:47,532 :: INFO :: Control node : Start experiment
2024-10-24 13:10:47,597 :: INFO :: Control Node set time delay: 2970 us
2024-10-24 13:10:47,632 :: INFO :: Control node : profile configuration
2024-10-24 13:10:47,635 :: INFO :: Configure profile on Control Node
2024-10-24 13:10:47,696 :: INFO :: Start experiment succeeded
2024-10-24 13:15:54,629 :: INFO :: Gateway Manager : Stop experiment
2024-10-24 13:15:54,634 :: INFO :: Stop experiment
2024-10-24 13:15:54,638 :: INFO :: Control node : stop of the experiment
2024-10-24 13:15:54,643 :: INFO :: Control node : profile configuration
2024-10-24 13:15:54,646 :: INFO :: Configure profile on Control Node
2024-10-24 13:15:54,690 :: INFO :: Control node : start power of open node
2024-10-24 13:15:54,723 :: INFO :: Node OpenOCD: teardown of openocd node
2024-10-24 13:15:57,739 :: INFO :: openocd node debugger stop
2024-10-24 13:15:58,264 :: INFO :: Node OpenOCD: flash of openocd node
2024-10-24 13:15:58,267 :: INFO :: Flash firmware on OpenOCD: /usr/lib/python3.8/site-packages/gateway_code/static/m3_idle.elf
2024-10-24 13:16:00,408 :: INFO :: Control node : Stop control node serial interface
2024-10-24 13:16:00,413 :: INFO :: Control node : stop power of open node
2024-10-24 13:16:00,454 :: INFO :: Control node : reset
2024-10-24 13:16:00,458 :: INFO :: Reset Control Node
2024-10-24 13:16:03,200 :: INFO :: Stop experiment succeeded
