2024-10-24 13:10:34,257 :: INFO :: Start experiment: perezram-407172
2024-10-24 13:10:34,261 :: INFO :: Control node : Starting of control node serial interface
2024-10-24 13:10:34,264 :: INFO :: Control node : reset
2024-10-24 13:10:34,267 :: INFO :: Reset Control Node
2024-10-24 13:10:37,055 :: INFO :: Control node : start power of open node
2024-10-24 13:10:37,072 :: INFO :: Node OpenOCD: Setup of openocd node
2024-10-24 13:10:40,086 :: INFO :: Node OpenOCD: flash of openocd node
2024-10-24 13:10:40,091 :: INFO :: Flash firmware on OpenOCD: /tmp/tmpijdrhwa_--ab7b72abb6ca950d227f7b9a58ccae2b_get-mac.iotlab
2024-10-24 13:10:47,582 :: INFO :: Control node : Start experiment
2024-10-24 13:10:47,647 :: INFO :: Control Node set time delay: 7712 us
2024-10-24 13:10:47,677 :: INFO :: Control node : profile configuration
2024-10-24 13:10:47,685 :: INFO :: Configure profile on Control Node
2024-10-24 13:10:47,748 :: INFO :: Start experiment succeeded
2024-10-24 13:15:54,634 :: INFO :: Gateway Manager : Stop experiment
2024-10-24 13:15:54,638 :: INFO :: Stop experiment
2024-10-24 13:15:54,643 :: INFO :: Control node : stop of the experiment
2024-10-24 13:15:54,647 :: INFO :: Control node : profile configuration
2024-10-24 13:15:54,651 :: INFO :: Configure profile on Control Node
2024-10-24 13:15:54,697 :: INFO :: Control node : start power of open node
2024-10-24 13:15:54,729 :: INFO :: Node OpenOCD: teardown of openocd node
2024-10-24 13:15:57,746 :: INFO :: openocd node debugger stop
2024-10-24 13:15:58,368 :: INFO :: Node OpenOCD: flash of openocd node
2024-10-24 13:15:58,371 :: INFO :: Flash firmware on OpenOCD: /usr/lib/python3.8/site-packages/gateway_code/static/m3_idle.elf
2024-10-24 13:16:00,513 :: INFO :: Control node : Stop control node serial interface
2024-10-24 13:16:00,518 :: INFO :: Control node : stop power of open node
2024-10-24 13:16:00,556 :: INFO :: Control node : reset
2024-10-24 13:16:00,560 :: INFO :: Reset Control Node
2024-10-24 13:16:03,318 :: INFO :: Stop experiment succeeded
