2024-10-24 13:10:34,181 :: INFO :: Start experiment: perezram-407172
2024-10-24 13:10:34,185 :: INFO :: Control node : Starting of control node serial interface
2024-10-24 13:10:34,189 :: INFO :: Control node : reset
2024-10-24 13:10:34,192 :: INFO :: Reset Control Node
2024-10-24 13:10:36,979 :: INFO :: Control node : start power of open node
2024-10-24 13:10:36,997 :: INFO :: Node OpenOCD: Setup of openocd node
2024-10-24 13:10:40,012 :: INFO :: Node OpenOCD: flash of openocd node
2024-10-24 13:10:40,017 :: INFO :: Flash firmware on OpenOCD: /tmp/tmpcrdsyxx6--ab7b72abb6ca950d227f7b9a58ccae2b_get-mac.iotlab
2024-10-24 13:10:47,461 :: INFO :: Control node : Start experiment
2024-10-24 13:10:47,524 :: INFO :: Control Node set time delay: 7331 us
2024-10-24 13:10:47,567 :: INFO :: Control node : profile configuration
2024-10-24 13:10:47,570 :: INFO :: Configure profile on Control Node
2024-10-24 13:10:47,626 :: INFO :: Start experiment succeeded
2024-10-24 13:15:54,630 :: INFO :: Gateway Manager : Stop experiment
2024-10-24 13:15:54,634 :: INFO :: Stop experiment
2024-10-24 13:15:54,639 :: INFO :: Control node : stop of the experiment
2024-10-24 13:15:54,643 :: INFO :: Control node : profile configuration
2024-10-24 13:15:54,646 :: INFO :: Configure profile on Control Node
2024-10-24 13:15:54,699 :: INFO :: Control node : start power of open node
2024-10-24 13:15:54,731 :: INFO :: Node OpenOCD: teardown of openocd node
2024-10-24 13:15:57,747 :: INFO :: openocd node debugger stop
2024-10-24 13:15:58,369 :: INFO :: Node OpenOCD: flash of openocd node
2024-10-24 13:15:58,372 :: INFO :: Flash firmware on OpenOCD: /usr/lib/python3.8/site-packages/gateway_code/static/m3_idle.elf
2024-10-24 13:16:00,464 :: INFO :: Control node : Stop control node serial interface
2024-10-24 13:16:00,469 :: INFO :: Control node : stop power of open node
2024-10-24 13:16:00,510 :: INFO :: Control node : reset
2024-10-24 13:16:00,514 :: INFO :: Reset Control Node
2024-10-24 13:16:03,249 :: INFO :: Stop experiment succeeded
