2024-10-24 13:10:34,046 :: INFO :: Start experiment: perezram-407172
2024-10-24 13:10:34,050 :: INFO :: Control node : Starting of control node serial interface
2024-10-24 13:10:34,053 :: INFO :: Control node : reset
2024-10-24 13:10:34,056 :: INFO :: Reset Control Node
2024-10-24 13:10:36,846 :: INFO :: Control node : start power of open node
2024-10-24 13:10:36,863 :: INFO :: Node OpenOCD: Setup of openocd node
2024-10-24 13:10:39,879 :: INFO :: Node OpenOCD: flash of openocd node
2024-10-24 13:10:39,884 :: INFO :: Flash firmware on OpenOCD: /tmp/tmpl66m_57z--ab7b72abb6ca950d227f7b9a58ccae2b_get-mac.iotlab
2024-10-24 13:10:47,380 :: INFO :: Control node : Start experiment
2024-10-24 13:10:47,440 :: INFO :: Control Node set time delay: 8055 us
2024-10-24 13:10:47,471 :: INFO :: Control node : profile configuration
2024-10-24 13:10:47,475 :: INFO :: Configure profile on Control Node
2024-10-24 13:10:47,541 :: INFO :: Start experiment succeeded
2024-10-24 13:15:54,631 :: INFO :: Gateway Manager : Stop experiment
2024-10-24 13:15:54,636 :: INFO :: Stop experiment
2024-10-24 13:15:54,640 :: INFO :: Control node : stop of the experiment
2024-10-24 13:15:54,645 :: INFO :: Control node : profile configuration
2024-10-24 13:15:54,648 :: INFO :: Configure profile on Control Node
2024-10-24 13:15:54,697 :: INFO :: Control node : start power of open node
2024-10-24 13:15:54,729 :: INFO :: Node OpenOCD: teardown of openocd node
2024-10-24 13:15:57,746 :: INFO :: openocd node debugger stop
2024-10-24 13:15:58,271 :: INFO :: Node OpenOCD: flash of openocd node
2024-10-24 13:15:58,275 :: INFO :: Flash firmware on OpenOCD: /usr/lib/python3.8/site-packages/gateway_code/static/m3_idle.elf
2024-10-24 13:16:00,418 :: INFO :: Control node : Stop control node serial interface
2024-10-24 13:16:00,423 :: INFO :: Control node : stop power of open node
2024-10-24 13:16:00,461 :: INFO :: Control node : reset
2024-10-24 13:16:00,464 :: INFO :: Reset Control Node
2024-10-24 13:16:03,209 :: INFO :: Stop experiment succeeded
