2024-10-24 13:10:34,207 :: INFO :: Start experiment: perezram-407172
2024-10-24 13:10:34,210 :: INFO :: Control node : Starting of control node serial interface
2024-10-24 13:10:34,214 :: INFO :: Control node : reset
2024-10-24 13:10:34,217 :: INFO :: Reset Control Node
2024-10-24 13:10:37,004 :: INFO :: Control node : start power of open node
2024-10-24 13:10:37,022 :: INFO :: Node OpenOCD: Setup of openocd node
2024-10-24 13:10:40,037 :: INFO :: Node OpenOCD: flash of openocd node
2024-10-24 13:10:40,042 :: INFO :: Flash firmware on OpenOCD: /tmp/tmpux82gscn--ab7b72abb6ca950d227f7b9a58ccae2b_get-mac.iotlab
2024-10-24 13:10:47,533 :: INFO :: Control node : Start experiment
2024-10-24 13:10:47,600 :: INFO :: Control Node set time delay: 5536 us
2024-10-24 13:10:47,646 :: INFO :: Control node : profile configuration
2024-10-24 13:10:47,649 :: INFO :: Configure profile on Control Node
2024-10-24 13:10:47,699 :: INFO :: Start experiment succeeded
2024-10-24 13:15:54,641 :: INFO :: Gateway Manager : Stop experiment
2024-10-24 13:15:54,646 :: INFO :: Stop experiment
2024-10-24 13:15:54,650 :: INFO :: Control node : stop of the experiment
2024-10-24 13:15:54,655 :: INFO :: Control node : profile configuration
2024-10-24 13:15:54,658 :: INFO :: Configure profile on Control Node
2024-10-24 13:15:54,709 :: INFO :: Control node : start power of open node
2024-10-24 13:15:54,741 :: INFO :: Node OpenOCD: teardown of openocd node
2024-10-24 13:15:57,758 :: INFO :: openocd node debugger stop
2024-10-24 13:15:58,283 :: INFO :: Node OpenOCD: flash of openocd node
2024-10-24 13:15:58,287 :: INFO :: Flash firmware on OpenOCD: /usr/lib/python3.8/site-packages/gateway_code/static/m3_idle.elf
2024-10-24 13:16:00,428 :: INFO :: Control node : Stop control node serial interface
2024-10-24 13:16:00,432 :: INFO :: Control node : stop power of open node
2024-10-24 13:16:00,473 :: INFO :: Control node : reset
2024-10-24 13:16:00,477 :: INFO :: Reset Control Node
2024-10-24 13:16:03,243 :: INFO :: Stop experiment succeeded
