2024-10-24 13:10:34,150 :: INFO :: Start experiment: perezram-407172
2024-10-24 13:10:34,154 :: INFO :: Control node : Starting of control node serial interface
2024-10-24 13:10:34,157 :: INFO :: Control node : reset
2024-10-24 13:10:34,160 :: INFO :: Reset Control Node
2024-10-24 13:10:36,949 :: INFO :: Control node : start power of open node
2024-10-24 13:10:36,967 :: INFO :: Node OpenOCD: Setup of openocd node
2024-10-24 13:10:39,981 :: INFO :: Node OpenOCD: flash of openocd node
2024-10-24 13:10:39,986 :: INFO :: Flash firmware on OpenOCD: /tmp/tmpr501m2gf--ab7b72abb6ca950d227f7b9a58ccae2b_get-mac.iotlab
2024-10-24 13:10:47,477 :: INFO :: Control node : Start experiment
2024-10-24 13:10:47,542 :: INFO :: Control Node set time delay: 6971 us
2024-10-24 13:10:47,574 :: INFO :: Control node : profile configuration
2024-10-24 13:10:47,577 :: INFO :: Configure profile on Control Node
2024-10-24 13:10:47,643 :: INFO :: Start experiment succeeded
2024-10-24 13:15:54,632 :: INFO :: Gateway Manager : Stop experiment
2024-10-24 13:15:54,637 :: INFO :: Stop experiment
2024-10-24 13:15:54,641 :: INFO :: Control node : stop of the experiment
2024-10-24 13:15:54,646 :: INFO :: Control node : profile configuration
2024-10-24 13:15:54,649 :: INFO :: Configure profile on Control Node
2024-10-24 13:15:54,702 :: INFO :: Control node : start power of open node
2024-10-24 13:15:54,734 :: INFO :: Node OpenOCD: teardown of openocd node
2024-10-24 13:15:57,750 :: INFO :: openocd node debugger stop
2024-10-24 13:15:58,275 :: INFO :: Node OpenOCD: flash of openocd node
2024-10-24 13:15:58,279 :: INFO :: Flash firmware on OpenOCD: /usr/lib/python3.8/site-packages/gateway_code/static/m3_idle.elf
2024-10-24 13:16:00,420 :: INFO :: Control node : Stop control node serial interface
2024-10-24 13:16:00,425 :: INFO :: Control node : stop power of open node
2024-10-24 13:16:00,465 :: INFO :: Control node : reset
2024-10-24 13:16:00,469 :: INFO :: Reset Control Node
2024-10-24 13:16:03,238 :: INFO :: Stop experiment succeeded
