2024-10-24 13:10:34,092 :: INFO :: Start experiment: perezram-407172
2024-10-24 13:10:34,096 :: INFO :: Control node : Starting of control node serial interface
2024-10-24 13:10:34,099 :: INFO :: Control node : reset
2024-10-24 13:10:34,102 :: INFO :: Reset Control Node
2024-10-24 13:10:36,890 :: INFO :: Control node : start power of open node
2024-10-24 13:10:36,909 :: INFO :: Node OpenOCD: Setup of openocd node
2024-10-24 13:10:39,923 :: INFO :: Node OpenOCD: flash of openocd node
2024-10-24 13:10:39,928 :: INFO :: Flash firmware on OpenOCD: /tmp/tmpuliepelz--ab7b72abb6ca950d227f7b9a58ccae2b_get-mac.iotlab
2024-10-24 13:10:47,419 :: INFO :: Control node : Start experiment
2024-10-24 13:10:47,516 :: INFO :: Control Node set time delay: 12873 us
2024-10-24 13:10:47,531 :: INFO :: Control node : profile configuration
2024-10-24 13:10:47,535 :: INFO :: Configure profile on Control Node
2024-10-24 13:10:47,585 :: INFO :: Start experiment succeeded
2024-10-24 13:15:54,621 :: INFO :: Gateway Manager : Stop experiment
2024-10-24 13:15:54,626 :: INFO :: Stop experiment
2024-10-24 13:15:54,629 :: INFO :: Control node : stop of the experiment
2024-10-24 13:15:54,634 :: INFO :: Control node : profile configuration
2024-10-24 13:15:54,637 :: INFO :: Configure profile on Control Node
2024-10-24 13:15:54,693 :: INFO :: Control node : start power of open node
2024-10-24 13:15:54,725 :: INFO :: Node OpenOCD: teardown of openocd node
2024-10-24 13:15:57,741 :: INFO :: openocd node debugger stop
2024-10-24 13:15:58,363 :: INFO :: Node OpenOCD: flash of openocd node
2024-10-24 13:15:58,367 :: INFO :: Flash firmware on OpenOCD: /usr/lib/python3.8/site-packages/gateway_code/static/m3_idle.elf
2024-10-24 13:16:00,507 :: INFO :: Control node : Stop control node serial interface
2024-10-24 13:16:00,511 :: INFO :: Control node : stop power of open node
2024-10-24 13:16:00,552 :: INFO :: Control node : reset
2024-10-24 13:16:00,556 :: INFO :: Reset Control Node
2024-10-24 13:16:03,302 :: INFO :: Stop experiment succeeded
