2024-10-24 13:10:34,100 :: INFO :: Start experiment: perezram-407172
2024-10-24 13:10:34,104 :: INFO :: Control node : Starting of control node serial interface
2024-10-24 13:10:34,107 :: INFO :: Control node : reset
2024-10-24 13:10:34,110 :: INFO :: Reset Control Node
2024-10-24 13:10:36,899 :: INFO :: Control node : start power of open node
2024-10-24 13:10:36,916 :: INFO :: Node OpenOCD: Setup of openocd node
2024-10-24 13:10:39,931 :: INFO :: Node OpenOCD: flash of openocd node
2024-10-24 13:10:39,935 :: INFO :: Flash firmware on OpenOCD: /tmp/tmp_ngwr9fd--ab7b72abb6ca950d227f7b9a58ccae2b_get-mac.iotlab
2024-10-24 13:10:47,430 :: INFO :: Control node : Start experiment
2024-10-24 13:10:47,507 :: INFO :: Control Node set time delay: 7667 us
2024-10-24 13:10:47,539 :: INFO :: Control node : profile configuration
2024-10-24 13:10:47,543 :: INFO :: Configure profile on Control Node
2024-10-24 13:10:47,593 :: INFO :: Start experiment succeeded
2024-10-24 13:15:54,618 :: INFO :: Gateway Manager : Stop experiment
2024-10-24 13:15:54,623 :: INFO :: Stop experiment
2024-10-24 13:15:54,627 :: INFO :: Control node : stop of the experiment
2024-10-24 13:15:54,631 :: INFO :: Control node : profile configuration
2024-10-24 13:15:54,635 :: INFO :: Configure profile on Control Node
2024-10-24 13:15:54,687 :: INFO :: Control node : start power of open node
2024-10-24 13:15:54,719 :: INFO :: Node OpenOCD: teardown of openocd node
2024-10-24 13:15:57,736 :: INFO :: openocd node debugger stop
2024-10-24 13:15:58,358 :: INFO :: Node OpenOCD: flash of openocd node
2024-10-24 13:15:58,362 :: INFO :: Flash firmware on OpenOCD: /usr/lib/python3.8/site-packages/gateway_code/static/m3_idle.elf
2024-10-24 13:16:00,502 :: INFO :: Control node : Stop control node serial interface
2024-10-24 13:16:00,507 :: INFO :: Control node : stop power of open node
2024-10-24 13:16:00,547 :: INFO :: Control node : reset
2024-10-24 13:16:00,551 :: INFO :: Reset Control Node
2024-10-24 13:16:03,296 :: INFO :: Stop experiment succeeded
