2024-10-24 13:10:34,024 :: INFO :: Start experiment: perezram-407172
2024-10-24 13:10:34,027 :: INFO :: Control node : Starting of control node serial interface
2024-10-24 13:10:34,031 :: INFO :: Control node : reset
2024-10-24 13:10:34,034 :: INFO :: Reset Control Node
2024-10-24 13:10:36,823 :: INFO :: Control node : start power of open node
2024-10-24 13:10:36,841 :: INFO :: Node OpenOCD: Setup of openocd node
2024-10-24 13:10:39,856 :: INFO :: Node OpenOCD: flash of openocd node
2024-10-24 13:10:39,861 :: INFO :: Flash firmware on OpenOCD: /tmp/tmpv22232hg--ab7b72abb6ca950d227f7b9a58ccae2b_get-mac.iotlab
2024-10-24 13:10:47,355 :: INFO :: Control node : Start experiment
2024-10-24 13:10:47,448 :: INFO :: Control Node set time delay: 13368 us
2024-10-24 13:10:47,464 :: INFO :: Control node : profile configuration
2024-10-24 13:10:47,467 :: INFO :: Configure profile on Control Node
2024-10-24 13:10:47,517 :: INFO :: Start experiment succeeded
2024-10-24 13:15:54,621 :: INFO :: Gateway Manager : Stop experiment
2024-10-24 13:15:54,626 :: INFO :: Stop experiment
2024-10-24 13:15:54,630 :: INFO :: Control node : stop of the experiment
2024-10-24 13:15:54,635 :: INFO :: Control node : profile configuration
2024-10-24 13:15:54,638 :: INFO :: Configure profile on Control Node
2024-10-24 13:15:54,691 :: INFO :: Control node : start power of open node
2024-10-24 13:15:54,723 :: INFO :: Node OpenOCD: teardown of openocd node
2024-10-24 13:15:57,739 :: INFO :: openocd node debugger stop
2024-10-24 13:15:58,264 :: INFO :: Node OpenOCD: flash of openocd node
2024-10-24 13:15:58,268 :: INFO :: Flash firmware on OpenOCD: /usr/lib/python3.8/site-packages/gateway_code/static/m3_idle.elf
2024-10-24 13:16:00,410 :: INFO :: Control node : Stop control node serial interface
2024-10-24 13:16:00,415 :: INFO :: Control node : stop power of open node
2024-10-24 13:16:00,454 :: INFO :: Control node : reset
2024-10-24 13:16:00,458 :: INFO :: Reset Control Node
2024-10-24 13:16:03,213 :: INFO :: Stop experiment succeeded
