2024-10-24 13:10:34,210 :: INFO :: Start experiment: perezram-407172
2024-10-24 13:10:34,214 :: INFO :: Control node : Starting of control node serial interface
2024-10-24 13:10:34,217 :: INFO :: Control node : reset
2024-10-24 13:10:34,220 :: INFO :: Reset Control Node
2024-10-24 13:10:37,007 :: INFO :: Control node : start power of open node
2024-10-24 13:10:37,025 :: INFO :: Node OpenOCD: Setup of openocd node
2024-10-24 13:10:40,039 :: INFO :: Node OpenOCD: flash of openocd node
2024-10-24 13:10:40,044 :: INFO :: Flash firmware on OpenOCD: /tmp/tmphj3lpahi--ab7b72abb6ca950d227f7b9a58ccae2b_get-mac.iotlab
2024-10-24 13:10:47,536 :: INFO :: Control node : Start experiment
2024-10-24 13:10:47,623 :: INFO :: Control Node set time delay: 13246 us
2024-10-24 13:10:47,648 :: INFO :: Control node : profile configuration
2024-10-24 13:10:47,651 :: INFO :: Configure profile on Control Node
2024-10-24 13:10:47,701 :: INFO :: Start experiment succeeded
2024-10-24 13:15:54,641 :: INFO :: Gateway Manager : Stop experiment
2024-10-24 13:15:54,646 :: INFO :: Stop experiment
2024-10-24 13:15:54,650 :: INFO :: Control node : stop of the experiment
2024-10-24 13:15:54,655 :: INFO :: Control node : profile configuration
2024-10-24 13:15:54,658 :: INFO :: Configure profile on Control Node
2024-10-24 13:15:54,715 :: INFO :: Control node : start power of open node
2024-10-24 13:15:54,747 :: INFO :: Node OpenOCD: teardown of openocd node
2024-10-24 13:15:57,763 :: INFO :: openocd node debugger stop
2024-10-24 13:15:58,385 :: INFO :: Node OpenOCD: flash of openocd node
2024-10-24 13:15:58,389 :: INFO :: Flash firmware on OpenOCD: /usr/lib/python3.8/site-packages/gateway_code/static/m3_idle.elf
2024-10-24 13:16:00,530 :: INFO :: Control node : Stop control node serial interface
2024-10-24 13:16:00,534 :: INFO :: Control node : stop power of open node
2024-10-24 13:16:00,574 :: INFO :: Control node : reset
2024-10-24 13:16:00,578 :: INFO :: Reset Control Node
2024-10-24 13:16:03,334 :: INFO :: Stop experiment succeeded
