2024-10-24 13:10:34,271 :: INFO :: Start experiment: perezram-407172
2024-10-24 13:10:34,275 :: INFO :: Control node : Starting of control node serial interface
2024-10-24 13:10:34,279 :: INFO :: Control node : reset
2024-10-24 13:10:34,282 :: INFO :: Reset Control Node
2024-10-24 13:10:37,069 :: INFO :: Control node : start power of open node
2024-10-24 13:10:37,086 :: INFO :: Node OpenOCD: Setup of openocd node
2024-10-24 13:10:40,101 :: INFO :: Node OpenOCD: flash of openocd node
2024-10-24 13:10:40,106 :: INFO :: Flash firmware on OpenOCD: /tmp/tmpqn36r7qh--ab7b72abb6ca950d227f7b9a58ccae2b_get-mac.iotlab
2024-10-24 13:10:47,596 :: INFO :: Control node : Start experiment
2024-10-24 13:10:47,661 :: INFO :: Control Node set time delay: 13131 us
2024-10-24 13:10:47,692 :: INFO :: Control node : profile configuration
2024-10-24 13:10:47,695 :: INFO :: Configure profile on Control Node
2024-10-24 13:10:47,763 :: INFO :: Start experiment succeeded
2024-10-24 13:15:54,624 :: INFO :: Gateway Manager : Stop experiment
2024-10-24 13:15:54,629 :: INFO :: Stop experiment
2024-10-24 13:15:54,633 :: INFO :: Control node : stop of the experiment
2024-10-24 13:15:54,638 :: INFO :: Control node : profile configuration
2024-10-24 13:15:54,641 :: INFO :: Configure profile on Control Node
2024-10-24 13:15:54,695 :: INFO :: Control node : start power of open node
2024-10-24 13:15:54,727 :: INFO :: Node OpenOCD: teardown of openocd node
2024-10-24 13:15:57,743 :: INFO :: openocd node debugger stop
2024-10-24 13:15:58,269 :: INFO :: Node OpenOCD: flash of openocd node
2024-10-24 13:15:58,272 :: INFO :: Flash firmware on OpenOCD: /usr/lib/python3.8/site-packages/gateway_code/static/m3_idle.elf
2024-10-24 13:16:00,414 :: INFO :: Control node : Stop control node serial interface
2024-10-24 13:16:00,419 :: INFO :: Control node : stop power of open node
2024-10-24 13:16:00,459 :: INFO :: Control node : reset
2024-10-24 13:16:00,463 :: INFO :: Reset Control Node
2024-10-24 13:16:03,221 :: INFO :: Stop experiment succeeded
