2024-10-24 13:10:34,146 :: INFO :: Start experiment: perezram-407172
2024-10-24 13:10:34,150 :: INFO :: Control node : Starting of control node serial interface
2024-10-24 13:10:34,153 :: INFO :: Control node : reset
2024-10-24 13:10:34,156 :: INFO :: Reset Control Node
2024-10-24 13:10:36,944 :: INFO :: Control node : start power of open node
2024-10-24 13:10:36,963 :: INFO :: Node OpenOCD: Setup of openocd node
2024-10-24 13:10:39,977 :: INFO :: Node OpenOCD: flash of openocd node
2024-10-24 13:10:39,982 :: INFO :: Flash firmware on OpenOCD: /tmp/tmpaofcy6ez--ab7b72abb6ca950d227f7b9a58ccae2b_get-mac.iotlab
2024-10-24 13:10:47,524 :: INFO :: Control node : Start experiment
2024-10-24 13:10:47,589 :: INFO :: Control Node set time delay: 6361 us
2024-10-24 13:10:47,618 :: INFO :: Control node : profile configuration
2024-10-24 13:10:47,621 :: INFO :: Configure profile on Control Node
2024-10-24 13:10:47,687 :: INFO :: Start experiment succeeded
2024-10-24 13:15:54,628 :: INFO :: Gateway Manager : Stop experiment
2024-10-24 13:15:54,632 :: INFO :: Stop experiment
2024-10-24 13:15:54,636 :: INFO :: Control node : stop of the experiment
2024-10-24 13:15:54,641 :: INFO :: Control node : profile configuration
2024-10-24 13:15:54,644 :: INFO :: Configure profile on Control Node
2024-10-24 13:15:54,698 :: INFO :: Control node : start power of open node
2024-10-24 13:15:54,730 :: INFO :: Node OpenOCD: teardown of openocd node
2024-10-24 13:15:57,746 :: INFO :: openocd node debugger stop
2024-10-24 13:15:58,367 :: INFO :: Node OpenOCD: flash of openocd node
2024-10-24 13:15:58,371 :: INFO :: Flash firmware on OpenOCD: /usr/lib/python3.8/site-packages/gateway_code/static/m3_idle.elf
2024-10-24 13:16:00,512 :: INFO :: Control node : Stop control node serial interface
2024-10-24 13:16:00,516 :: INFO :: Control node : stop power of open node
2024-10-24 13:16:00,558 :: INFO :: Control node : reset
2024-10-24 13:16:00,561 :: INFO :: Reset Control Node
2024-10-24 13:16:03,306 :: INFO :: Stop experiment succeeded
