2024-10-24 13:10:34,078 :: INFO :: Start experiment: perezram-407172
2024-10-24 13:10:34,082 :: INFO :: Control node : Starting of control node serial interface
2024-10-24 13:10:34,085 :: INFO :: Control node : reset
2024-10-24 13:10:34,088 :: INFO :: Reset Control Node
2024-10-24 13:10:36,878 :: INFO :: Control node : start power of open node
2024-10-24 13:10:36,896 :: INFO :: Node OpenOCD: Setup of openocd node
2024-10-24 13:10:39,911 :: INFO :: Node OpenOCD: flash of openocd node
2024-10-24 13:10:39,916 :: INFO :: Flash firmware on OpenOCD: /tmp/tmp82o3q8ta--ab7b72abb6ca950d227f7b9a58ccae2b_get-mac.iotlab
2024-10-24 13:10:47,409 :: INFO :: Control node : Start experiment
2024-10-24 13:10:47,471 :: INFO :: Control Node set time delay: 7628 us
2024-10-24 13:10:47,503 :: INFO :: Control node : profile configuration
2024-10-24 13:10:47,513 :: INFO :: Configure profile on Control Node
2024-10-24 13:10:47,573 :: INFO :: Start experiment succeeded
2024-10-24 13:15:54,626 :: INFO :: Gateway Manager : Stop experiment
2024-10-24 13:15:54,631 :: INFO :: Stop experiment
2024-10-24 13:15:54,635 :: INFO :: Control node : stop of the experiment
2024-10-24 13:15:54,640 :: INFO :: Control node : profile configuration
2024-10-24 13:15:54,643 :: INFO :: Configure profile on Control Node
2024-10-24 13:15:54,698 :: INFO :: Control node : start power of open node
2024-10-24 13:15:54,730 :: INFO :: Node OpenOCD: teardown of openocd node
2024-10-24 13:15:57,746 :: INFO :: openocd node debugger stop
2024-10-24 13:15:58,271 :: INFO :: Node OpenOCD: flash of openocd node
2024-10-24 13:15:58,274 :: INFO :: Flash firmware on OpenOCD: /usr/lib/python3.8/site-packages/gateway_code/static/m3_idle.elf
2024-10-24 13:16:00,416 :: INFO :: Control node : Stop control node serial interface
2024-10-24 13:16:00,421 :: INFO :: Control node : stop power of open node
2024-10-24 13:16:00,461 :: INFO :: Control node : reset
2024-10-24 13:16:00,465 :: INFO :: Reset Control Node
2024-10-24 13:16:03,231 :: INFO :: Stop experiment succeeded
