2024-11-04 00:31:54,227 :: INFO :: Start experiment: perezram-407557
2024-11-04 00:31:54,231 :: INFO :: Control node : Starting of control node serial interface
2024-11-04 00:31:54,234 :: INFO :: Control node : reset
2024-11-04 00:31:54,237 :: INFO :: Reset Control Node
2024-11-04 00:31:57,027 :: INFO :: Control node : start power of open node
2024-11-04 00:31:57,043 :: INFO :: Node OpenOCD: Setup of openocd node
2024-11-04 00:32:00,058 :: INFO :: Node OpenOCD: flash of openocd node
2024-11-04 00:32:00,063 :: INFO :: Flash firmware on OpenOCD: /tmp/tmptpa_fs5j--5beeb7e95392731f2752dd0708f8d959_get-mac.iotlab
2024-11-04 00:32:07,557 :: INFO :: Control node : Start experiment
2024-11-04 00:32:07,619 :: INFO :: Control Node set time delay: 3881 us
2024-11-04 00:32:07,651 :: INFO :: Control node : profile configuration
2024-11-04 00:32:07,654 :: INFO :: Configure profile on Control Node
2024-11-04 00:32:07,720 :: INFO :: Start experiment succeeded
2024-11-04 00:47:18,144 :: INFO :: Gateway Manager : Stop experiment
2024-11-04 00:47:18,149 :: INFO :: Stop experiment
2024-11-04 00:47:18,153 :: INFO :: Control node : stop of the experiment
2024-11-04 00:47:18,158 :: INFO :: Control node : profile configuration
2024-11-04 00:47:18,165 :: INFO :: Configure profile on Control Node
2024-11-04 00:47:18,211 :: INFO :: Control node : start power of open node
2024-11-04 00:47:18,242 :: INFO :: Node OpenOCD: teardown of openocd node
2024-11-04 00:47:21,258 :: INFO :: openocd node debugger stop
2024-11-04 00:47:21,783 :: INFO :: Node OpenOCD: flash of openocd node
2024-11-04 00:47:21,786 :: INFO :: Flash firmware on OpenOCD: /usr/lib/python3.8/site-packages/gateway_code/static/m3_idle.elf
2024-11-04 00:47:23,927 :: INFO :: Control node : Stop control node serial interface
2024-11-04 00:47:23,932 :: INFO :: Control node : stop power of open node
2024-11-04 00:47:23,975 :: INFO :: Control node : reset
2024-11-04 00:47:23,978 :: INFO :: Reset Control Node
2024-11-04 00:47:26,720 :: INFO :: Stop experiment succeeded
