2024-11-04 00:31:53,936 :: INFO :: Start experiment: perezram-407557
2024-11-04 00:31:53,940 :: INFO :: Control node : Starting of control node serial interface
2024-11-04 00:31:53,943 :: INFO :: Control node : reset
2024-11-04 00:31:53,947 :: INFO :: Reset Control Node
2024-11-04 00:31:56,738 :: INFO :: Control node : start power of open node
2024-11-04 00:31:56,756 :: INFO :: Node OpenOCD: Setup of openocd node
2024-11-04 00:31:59,770 :: INFO :: Node OpenOCD: flash of openocd node
2024-11-04 00:31:59,775 :: INFO :: Flash firmware on OpenOCD: /tmp/tmpajw4138o--5beeb7e95392731f2752dd0708f8d959_get-mac.iotlab
2024-11-04 00:32:07,319 :: INFO :: Control node : Start experiment
2024-11-04 00:32:07,394 :: INFO :: Control Node set time delay: 14060 us
2024-11-04 00:32:07,442 :: INFO :: Control node : profile configuration
2024-11-04 00:32:07,445 :: INFO :: Configure profile on Control Node
2024-11-04 00:32:07,496 :: INFO :: Start experiment succeeded
2024-11-04 00:47:18,214 :: INFO :: Gateway Manager : Stop experiment
2024-11-04 00:47:18,219 :: INFO :: Stop experiment
2024-11-04 00:47:18,223 :: INFO :: Control node : stop of the experiment
2024-11-04 00:47:18,228 :: INFO :: Control node : profile configuration
2024-11-04 00:47:18,231 :: INFO :: Configure profile on Control Node
2024-11-04 00:47:18,284 :: INFO :: Control node : start power of open node
2024-11-04 00:47:18,316 :: INFO :: Node OpenOCD: teardown of openocd node
2024-11-04 00:47:21,332 :: INFO :: openocd node debugger stop
2024-11-04 00:47:21,954 :: INFO :: Node OpenOCD: flash of openocd node
2024-11-04 00:47:21,958 :: INFO :: Flash firmware on OpenOCD: /usr/lib/python3.8/site-packages/gateway_code/static/m3_idle.elf
2024-11-04 00:47:24,049 :: INFO :: Control node : Stop control node serial interface
2024-11-04 00:47:24,054 :: INFO :: Control node : stop power of open node
2024-11-04 00:47:24,095 :: INFO :: Control node : reset
2024-11-04 00:47:24,099 :: INFO :: Reset Control Node
2024-11-04 00:47:26,860 :: INFO :: Stop experiment succeeded
