2024-11-04 00:31:54,253 :: INFO :: Start experiment: perezram-407557
2024-11-04 00:31:54,257 :: INFO :: Control node : Starting of control node serial interface
2024-11-04 00:31:54,260 :: INFO :: Control node : reset
2024-11-04 00:31:54,263 :: INFO :: Reset Control Node
2024-11-04 00:31:57,053 :: INFO :: Control node : start power of open node
2024-11-04 00:31:57,071 :: INFO :: Node OpenOCD: Setup of openocd node
2024-11-04 00:32:00,085 :: INFO :: Node OpenOCD: flash of openocd node
2024-11-04 00:32:00,090 :: INFO :: Flash firmware on OpenOCD: /tmp/tmp8o4k3k6h--5beeb7e95392731f2752dd0708f8d959_get-mac.iotlab
2024-11-04 00:32:07,637 :: INFO :: Control node : Start experiment
2024-11-04 00:32:07,695 :: INFO :: Control Node set time delay: 3667 us
2024-11-04 00:32:07,730 :: INFO :: Control node : profile configuration
2024-11-04 00:32:07,734 :: INFO :: Configure profile on Control Node
2024-11-04 00:32:07,796 :: INFO :: Start experiment succeeded
2024-11-04 00:47:18,219 :: INFO :: Gateway Manager : Stop experiment
2024-11-04 00:47:18,224 :: INFO :: Stop experiment
2024-11-04 00:47:18,228 :: INFO :: Control node : stop of the experiment
2024-11-04 00:47:18,233 :: INFO :: Control node : profile configuration
2024-11-04 00:47:18,236 :: INFO :: Configure profile on Control Node
2024-11-04 00:47:18,289 :: INFO :: Control node : start power of open node
2024-11-04 00:47:18,321 :: INFO :: Node OpenOCD: teardown of openocd node
2024-11-04 00:47:21,336 :: INFO :: openocd node debugger stop
2024-11-04 00:47:21,862 :: INFO :: Node OpenOCD: flash of openocd node
2024-11-04 00:47:21,865 :: INFO :: Flash firmware on OpenOCD: /usr/lib/python3.8/site-packages/gateway_code/static/m3_idle.elf
2024-11-04 00:47:24,009 :: INFO :: Control node : Stop control node serial interface
2024-11-04 00:47:24,013 :: INFO :: Control node : stop power of open node
2024-11-04 00:47:24,052 :: INFO :: Control node : reset
2024-11-04 00:47:24,056 :: INFO :: Reset Control Node
2024-11-04 00:47:26,807 :: INFO :: Stop experiment succeeded
