2024-11-04 00:31:53,984 :: INFO :: Start experiment: perezram-407557
2024-11-04 00:31:53,988 :: INFO :: Control node : Starting of control node serial interface
2024-11-04 00:31:53,991 :: INFO :: Control node : reset
2024-11-04 00:31:53,994 :: INFO :: Reset Control Node
2024-11-04 00:31:56,793 :: INFO :: Control node : start power of open node
2024-11-04 00:31:56,811 :: INFO :: Node OpenOCD: Setup of openocd node
2024-11-04 00:31:59,826 :: INFO :: Node OpenOCD: flash of openocd node
2024-11-04 00:31:59,831 :: INFO :: Flash firmware on OpenOCD: /tmp/tmpdlfjt_ni--5beeb7e95392731f2752dd0708f8d959_get-mac.iotlab
2024-11-04 00:32:07,375 :: INFO :: Control node : Start experiment
2024-11-04 00:32:07,451 :: INFO :: Control Node set time delay: 14025 us
2024-11-04 00:32:07,478 :: INFO :: Control node : profile configuration
2024-11-04 00:32:07,481 :: INFO :: Configure profile on Control Node
2024-11-04 00:32:07,536 :: INFO :: Start experiment succeeded
2024-11-04 00:47:18,212 :: INFO :: Gateway Manager : Stop experiment
2024-11-04 00:47:18,217 :: INFO :: Stop experiment
2024-11-04 00:47:18,221 :: INFO :: Control node : stop of the experiment
2024-11-04 00:47:18,226 :: INFO :: Control node : profile configuration
2024-11-04 00:47:18,229 :: INFO :: Configure profile on Control Node
2024-11-04 00:47:18,280 :: INFO :: Control node : start power of open node
2024-11-04 00:47:18,312 :: INFO :: Node OpenOCD: teardown of openocd node
2024-11-04 00:47:21,328 :: INFO :: openocd node debugger stop
2024-11-04 00:47:21,949 :: INFO :: Node OpenOCD: flash of openocd node
2024-11-04 00:47:21,953 :: INFO :: Flash firmware on OpenOCD: /usr/lib/python3.8/site-packages/gateway_code/static/m3_idle.elf
2024-11-04 00:47:24,094 :: INFO :: Control node : Stop control node serial interface
2024-11-04 00:47:24,099 :: INFO :: Control node : stop power of open node
2024-11-04 00:47:24,140 :: INFO :: Control node : reset
2024-11-04 00:47:24,143 :: INFO :: Reset Control Node
2024-11-04 00:47:26,887 :: INFO :: Stop experiment succeeded
