2024-11-04 00:31:54,226 :: INFO :: Start experiment: perezram-407557
2024-11-04 00:31:54,230 :: INFO :: Control node : Starting of control node serial interface
2024-11-04 00:31:54,233 :: INFO :: Control node : reset
2024-11-04 00:31:54,236 :: INFO :: Reset Control Node
2024-11-04 00:31:57,028 :: INFO :: Control node : start power of open node
2024-11-04 00:31:57,045 :: INFO :: Node OpenOCD: Setup of openocd node
2024-11-04 00:32:00,059 :: INFO :: Node OpenOCD: flash of openocd node
2024-11-04 00:32:00,064 :: INFO :: Flash firmware on OpenOCD: /tmp/tmpsd0j1mhs--5beeb7e95392731f2752dd0708f8d959_get-mac.iotlab
2024-11-04 00:32:07,607 :: INFO :: Control node : Start experiment
2024-11-04 00:32:07,668 :: INFO :: Control Node set time delay: 6018 us
2024-11-04 00:32:07,701 :: INFO :: Control node : profile configuration
2024-11-04 00:32:07,704 :: INFO :: Configure profile on Control Node
2024-11-04 00:32:07,770 :: INFO :: Start experiment succeeded
2024-11-04 00:47:18,213 :: INFO :: Gateway Manager : Stop experiment
2024-11-04 00:47:18,221 :: INFO :: Stop experiment
2024-11-04 00:47:18,226 :: INFO :: Control node : stop of the experiment
2024-11-04 00:47:18,231 :: INFO :: Control node : profile configuration
2024-11-04 00:47:18,236 :: INFO :: Configure profile on Control Node
2024-11-04 00:47:18,290 :: INFO :: Control node : start power of open node
2024-11-04 00:47:18,322 :: INFO :: Node OpenOCD: teardown of openocd node
2024-11-04 00:47:21,338 :: INFO :: openocd node debugger stop
2024-11-04 00:47:21,960 :: INFO :: Node OpenOCD: flash of openocd node
2024-11-04 00:47:21,963 :: INFO :: Flash firmware on OpenOCD: /usr/lib/python3.8/site-packages/gateway_code/static/m3_idle.elf
2024-11-04 00:47:24,104 :: INFO :: Control node : Stop control node serial interface
2024-11-04 00:47:24,109 :: INFO :: Control node : stop power of open node
2024-11-04 00:47:24,149 :: INFO :: Control node : reset
2024-11-04 00:47:24,153 :: INFO :: Reset Control Node
2024-11-04 00:47:26,900 :: INFO :: Stop experiment succeeded
