2024-11-04 00:31:53,388 :: INFO :: Start experiment: perezram-407557
2024-11-04 00:31:53,392 :: INFO :: Control node : Starting of control node serial interface
2024-11-04 00:31:53,395 :: INFO :: Control node : reset
2024-11-04 00:31:53,398 :: INFO :: Reset Control Node
2024-11-04 00:31:56,189 :: INFO :: Control node : start power of open node
2024-11-04 00:31:56,206 :: INFO :: Node OpenOCD: Setup of openocd node
2024-11-04 00:31:59,221 :: INFO :: Node OpenOCD: flash of openocd node
2024-11-04 00:31:59,225 :: INFO :: Flash firmware on OpenOCD: /tmp/tmpgmqhvmxj--5beeb7e95392731f2752dd0708f8d959_get-mac.iotlab
2024-11-04 00:32:06,720 :: INFO :: Control node : Start experiment
2024-11-04 00:32:06,787 :: INFO :: Control Node set time delay: 5907 us
2024-11-04 00:32:06,813 :: INFO :: Control node : profile configuration
2024-11-04 00:32:06,816 :: INFO :: Configure profile on Control Node
2024-11-04 00:32:06,882 :: INFO :: Start experiment succeeded
2024-11-04 00:47:18,064 :: INFO :: Gateway Manager : Stop experiment
2024-11-04 00:47:18,070 :: INFO :: Stop experiment
2024-11-04 00:47:18,074 :: INFO :: Control node : stop of the experiment
2024-11-04 00:47:18,078 :: INFO :: Control node : profile configuration
2024-11-04 00:47:18,082 :: INFO :: Configure profile on Control Node
2024-11-04 00:47:18,136 :: INFO :: Control node : start power of open node
2024-11-04 00:47:18,171 :: INFO :: Node OpenOCD: teardown of openocd node
2024-11-04 00:47:21,187 :: INFO :: openocd node debugger stop
2024-11-04 00:47:21,713 :: INFO :: Node OpenOCD: flash of openocd node
2024-11-04 00:47:21,716 :: INFO :: Flash firmware on OpenOCD: /usr/lib/python3.8/site-packages/gateway_code/static/m3_idle.elf
2024-11-04 00:47:23,860 :: INFO :: Control node : Stop control node serial interface
2024-11-04 00:47:23,864 :: INFO :: Control node : stop power of open node
2024-11-04 00:47:23,900 :: INFO :: Control node : reset
2024-11-04 00:47:23,904 :: INFO :: Reset Control Node
2024-11-04 00:47:26,645 :: INFO :: Stop experiment succeeded
