2024-11-04 00:31:54,086 :: INFO :: Start experiment: perezram-407557
2024-11-04 00:31:54,090 :: INFO :: Control node : Starting of control node serial interface
2024-11-04 00:31:54,093 :: INFO :: Control node : reset
2024-11-04 00:31:54,096 :: INFO :: Reset Control Node
2024-11-04 00:31:56,887 :: INFO :: Control node : start power of open node
2024-11-04 00:31:56,905 :: INFO :: Node OpenOCD: Setup of openocd node
2024-11-04 00:31:59,920 :: INFO :: Node OpenOCD: flash of openocd node
2024-11-04 00:31:59,925 :: INFO :: Flash firmware on OpenOCD: /tmp/tmpqc22yir0--5beeb7e95392731f2752dd0708f8d959_get-mac.iotlab
2024-11-04 00:32:07,421 :: INFO :: Control node : Start experiment
2024-11-04 00:32:07,480 :: INFO :: Control Node set time delay: 4772 us
2024-11-04 00:32:07,513 :: INFO :: Control node : profile configuration
2024-11-04 00:32:07,526 :: INFO :: Configure profile on Control Node
2024-11-04 00:32:07,582 :: INFO :: Start experiment succeeded
2024-11-04 00:47:18,147 :: INFO :: Gateway Manager : Stop experiment
2024-11-04 00:47:18,152 :: INFO :: Stop experiment
2024-11-04 00:47:18,156 :: INFO :: Control node : stop of the experiment
2024-11-04 00:47:18,161 :: INFO :: Control node : profile configuration
2024-11-04 00:47:18,164 :: INFO :: Configure profile on Control Node
2024-11-04 00:47:18,214 :: INFO :: Control node : start power of open node
2024-11-04 00:47:18,246 :: INFO :: Node OpenOCD: teardown of openocd node
2024-11-04 00:47:21,262 :: INFO :: openocd node debugger stop
2024-11-04 00:47:21,884 :: INFO :: Node OpenOCD: flash of openocd node
2024-11-04 00:47:21,887 :: INFO :: Flash firmware on OpenOCD: /usr/lib/python3.8/site-packages/gateway_code/static/m3_idle.elf
2024-11-04 00:47:24,031 :: INFO :: Control node : Stop control node serial interface
2024-11-04 00:47:24,036 :: INFO :: Control node : stop power of open node
2024-11-04 00:47:24,073 :: INFO :: Control node : reset
2024-11-04 00:47:24,077 :: INFO :: Reset Control Node
2024-11-04 00:47:26,851 :: INFO :: Stop experiment succeeded
