2024-11-04 00:31:54,223 :: INFO :: Start experiment: perezram-407557
2024-11-04 00:31:54,227 :: INFO :: Control node : Starting of control node serial interface
2024-11-04 00:31:54,230 :: INFO :: Control node : reset
2024-11-04 00:31:54,233 :: INFO :: Reset Control Node
2024-11-04 00:31:57,030 :: INFO :: Control node : start power of open node
2024-11-04 00:31:57,048 :: INFO :: Node OpenOCD: Setup of openocd node
2024-11-04 00:32:00,063 :: INFO :: Node OpenOCD: flash of openocd node
2024-11-04 00:32:00,068 :: INFO :: Flash firmware on OpenOCD: /tmp/tmpbkoki8zh--5beeb7e95392731f2752dd0708f8d959_get-mac.iotlab
2024-11-04 00:32:07,561 :: INFO :: Control node : Start experiment
2024-11-04 00:32:07,624 :: INFO :: Control Node set time delay: 3026 us
2024-11-04 00:32:07,656 :: INFO :: Control node : profile configuration
2024-11-04 00:32:07,659 :: INFO :: Configure profile on Control Node
2024-11-04 00:32:07,725 :: INFO :: Start experiment succeeded
2024-11-04 00:47:18,232 :: INFO :: Gateway Manager : Stop experiment
2024-11-04 00:47:18,237 :: INFO :: Stop experiment
2024-11-04 00:47:18,241 :: INFO :: Control node : stop of the experiment
2024-11-04 00:47:18,246 :: INFO :: Control node : profile configuration
2024-11-04 00:47:18,249 :: INFO :: Configure profile on Control Node
2024-11-04 00:47:18,292 :: INFO :: Control node : start power of open node
2024-11-04 00:47:18,324 :: INFO :: Node OpenOCD: teardown of openocd node
2024-11-04 00:47:21,340 :: INFO :: openocd node debugger stop
2024-11-04 00:47:21,962 :: INFO :: Node OpenOCD: flash of openocd node
2024-11-04 00:47:21,966 :: INFO :: Flash firmware on OpenOCD: /usr/lib/python3.8/site-packages/gateway_code/static/m3_idle.elf
2024-11-04 00:47:24,058 :: INFO :: Control node : Stop control node serial interface
2024-11-04 00:47:24,063 :: INFO :: Control node : stop power of open node
2024-11-04 00:47:24,104 :: INFO :: Control node : reset
2024-11-04 00:47:24,108 :: INFO :: Reset Control Node
2024-11-04 00:47:26,866 :: INFO :: Stop experiment succeeded
