2024-11-04 00:31:54,184 :: INFO :: Start experiment: perezram-407557
2024-11-04 00:31:54,188 :: INFO :: Control node : Starting of control node serial interface
2024-11-04 00:31:54,191 :: INFO :: Control node : reset
2024-11-04 00:31:54,194 :: INFO :: Reset Control Node
2024-11-04 00:31:56,996 :: INFO :: Control node : start power of open node
2024-11-04 00:31:57,025 :: INFO :: Node OpenOCD: Setup of openocd node
2024-11-04 00:32:00,040 :: INFO :: Node OpenOCD: flash of openocd node
2024-11-04 00:32:00,045 :: INFO :: Flash firmware on OpenOCD: /tmp/tmpvbeiatmf--5beeb7e95392731f2752dd0708f8d959_get-mac.iotlab
2024-11-04 00:32:07,539 :: INFO :: Control node : Start experiment
2024-11-04 00:32:07,607 :: INFO :: Control Node set time delay: 7590 us
2024-11-04 00:32:07,633 :: INFO :: Control node : profile configuration
2024-11-04 00:32:07,636 :: INFO :: Configure profile on Control Node
2024-11-04 00:32:07,702 :: INFO :: Start experiment succeeded
2024-11-04 00:47:18,146 :: INFO :: Gateway Manager : Stop experiment
2024-11-04 00:47:18,151 :: INFO :: Stop experiment
2024-11-04 00:47:18,159 :: INFO :: Control node : stop of the experiment
2024-11-04 00:47:18,165 :: INFO :: Control node : profile configuration
2024-11-04 00:47:18,168 :: INFO :: Configure profile on Control Node
2024-11-04 00:47:18,214 :: INFO :: Control node : start power of open node
2024-11-04 00:47:18,246 :: INFO :: Node OpenOCD: teardown of openocd node
2024-11-04 00:47:21,262 :: INFO :: openocd node debugger stop
2024-11-04 00:47:21,883 :: INFO :: Node OpenOCD: flash of openocd node
2024-11-04 00:47:21,887 :: INFO :: Flash firmware on OpenOCD: /usr/lib/python3.8/site-packages/gateway_code/static/m3_idle.elf
2024-11-04 00:47:24,028 :: INFO :: Control node : Stop control node serial interface
2024-11-04 00:47:24,033 :: INFO :: Control node : stop power of open node
2024-11-04 00:47:24,074 :: INFO :: Control node : reset
2024-11-04 00:47:24,077 :: INFO :: Reset Control Node
2024-11-04 00:47:26,838 :: INFO :: Stop experiment succeeded
