2024-11-04 00:31:53,396 :: INFO :: Start experiment: perezram-407557
2024-11-04 00:31:53,400 :: INFO :: Control node : Starting of control node serial interface
2024-11-04 00:31:53,403 :: INFO :: Control node : reset
2024-11-04 00:31:53,406 :: INFO :: Reset Control Node
2024-11-04 00:31:56,201 :: INFO :: Control node : start power of open node
2024-11-04 00:31:56,218 :: INFO :: Node OpenOCD: Setup of openocd node
2024-11-04 00:31:59,232 :: INFO :: Node OpenOCD: flash of openocd node
2024-11-04 00:31:59,237 :: INFO :: Flash firmware on OpenOCD: /tmp/tmp2vgvw9c2--5beeb7e95392731f2752dd0708f8d959_get-mac.iotlab
2024-11-04 00:32:06,780 :: INFO :: Control node : Start experiment
2024-11-04 00:32:06,845 :: INFO :: Control Node set time delay: 3900 us
2024-11-04 00:32:06,884 :: INFO :: Control node : profile configuration
2024-11-04 00:32:06,888 :: INFO :: Configure profile on Control Node
2024-11-04 00:32:06,942 :: INFO :: Start experiment succeeded
2024-11-04 00:47:18,128 :: INFO :: Gateway Manager : Stop experiment
2024-11-04 00:47:18,133 :: INFO :: Stop experiment
2024-11-04 00:47:18,137 :: INFO :: Control node : stop of the experiment
2024-11-04 00:47:18,142 :: INFO :: Control node : profile configuration
2024-11-04 00:47:18,145 :: INFO :: Configure profile on Control Node
2024-11-04 00:47:18,193 :: INFO :: Control node : start power of open node
2024-11-04 00:47:18,225 :: INFO :: Node OpenOCD: teardown of openocd node
2024-11-04 00:47:21,241 :: INFO :: openocd node debugger stop
2024-11-04 00:47:21,766 :: INFO :: Node OpenOCD: flash of openocd node
2024-11-04 00:47:21,770 :: INFO :: Flash firmware on OpenOCD: /usr/lib/python3.8/site-packages/gateway_code/static/m3_idle.elf
2024-11-04 00:47:23,910 :: INFO :: Control node : Stop control node serial interface
2024-11-04 00:47:23,915 :: INFO :: Control node : stop power of open node
2024-11-04 00:47:23,957 :: INFO :: Control node : reset
2024-11-04 00:47:23,961 :: INFO :: Reset Control Node
2024-11-04 00:47:26,705 :: INFO :: Stop experiment succeeded
