2024-11-04 00:31:53,610 :: INFO :: Start experiment: perezram-407557
2024-11-04 00:31:53,614 :: INFO :: Control node : Starting of control node serial interface
2024-11-04 00:31:53,617 :: INFO :: Control node : reset
2024-11-04 00:31:53,621 :: INFO :: Reset Control Node
2024-11-04 00:31:56,411 :: INFO :: Control node : start power of open node
2024-11-04 00:31:56,429 :: INFO :: Node OpenOCD: Setup of openocd node
2024-11-04 00:31:59,443 :: INFO :: Node OpenOCD: flash of openocd node
2024-11-04 00:31:59,448 :: INFO :: Flash firmware on OpenOCD: /tmp/tmp5e4yslkm--5beeb7e95392731f2752dd0708f8d959_get-mac.iotlab
2024-11-04 00:32:06,992 :: INFO :: Control node : Start experiment
2024-11-04 00:32:07,068 :: INFO :: Control Node set time delay: 13282 us
2024-11-04 00:32:07,096 :: INFO :: Control node : profile configuration
2024-11-04 00:32:07,099 :: INFO :: Configure profile on Control Node
2024-11-04 00:32:07,170 :: INFO :: Start experiment succeeded
2024-11-04 00:47:18,232 :: INFO :: Gateway Manager : Stop experiment
2024-11-04 00:47:18,238 :: INFO :: Stop experiment
2024-11-04 00:47:18,244 :: INFO :: Control node : stop of the experiment
2024-11-04 00:47:18,249 :: INFO :: Control node : profile configuration
2024-11-04 00:47:18,252 :: INFO :: Configure profile on Control Node
2024-11-04 00:47:18,303 :: INFO :: Control node : start power of open node
2024-11-04 00:47:18,336 :: INFO :: Node OpenOCD: teardown of openocd node
2024-11-04 00:47:21,351 :: INFO :: openocd node debugger stop
2024-11-04 00:47:21,876 :: INFO :: Node OpenOCD: flash of openocd node
2024-11-04 00:47:21,879 :: INFO :: Flash firmware on OpenOCD: /usr/lib/python3.8/site-packages/gateway_code/static/m3_idle.elf
2024-11-04 00:47:24,020 :: INFO :: Control node : Stop control node serial interface
2024-11-04 00:47:24,025 :: INFO :: Control node : stop power of open node
2024-11-04 00:47:24,067 :: INFO :: Control node : reset
2024-11-04 00:47:24,071 :: INFO :: Reset Control Node
2024-11-04 00:47:26,838 :: INFO :: Stop experiment succeeded
