2024-11-04 00:31:54,111 :: INFO :: Start experiment: perezram-407557
2024-11-04 00:31:54,115 :: INFO :: Control node : Starting of control node serial interface
2024-11-04 00:31:54,118 :: INFO :: Control node : reset
2024-11-04 00:31:54,121 :: INFO :: Reset Control Node
2024-11-04 00:31:56,911 :: INFO :: Control node : start power of open node
2024-11-04 00:31:56,930 :: INFO :: Node OpenOCD: Setup of openocd node
2024-11-04 00:31:59,946 :: INFO :: Node OpenOCD: flash of openocd node
2024-11-04 00:31:59,950 :: INFO :: Flash firmware on OpenOCD: /tmp/tmpvl8zmpdx--5beeb7e95392731f2752dd0708f8d959_get-mac.iotlab
2024-11-04 00:32:07,445 :: INFO :: Control node : Start experiment
2024-11-04 00:32:07,521 :: INFO :: Control Node set time delay: 14180 us
2024-11-04 00:32:07,568 :: INFO :: Control node : profile configuration
2024-11-04 00:32:07,572 :: INFO :: Configure profile on Control Node
2024-11-04 00:32:07,623 :: INFO :: Start experiment succeeded
2024-11-04 00:47:18,134 :: INFO :: Gateway Manager : Stop experiment
2024-11-04 00:47:18,140 :: INFO :: Stop experiment
2024-11-04 00:47:18,144 :: INFO :: Control node : stop of the experiment
2024-11-04 00:47:18,149 :: INFO :: Control node : profile configuration
2024-11-04 00:47:18,152 :: INFO :: Configure profile on Control Node
2024-11-04 00:47:18,208 :: INFO :: Control node : start power of open node
2024-11-04 00:47:18,240 :: INFO :: Node OpenOCD: teardown of openocd node
2024-11-04 00:47:21,259 :: INFO :: openocd node debugger stop
2024-11-04 00:47:21,784 :: INFO :: Node OpenOCD: flash of openocd node
2024-11-04 00:47:21,787 :: INFO :: Flash firmware on OpenOCD: /usr/lib/python3.8/site-packages/gateway_code/static/m3_idle.elf
2024-11-04 00:47:23,928 :: INFO :: Control node : Stop control node serial interface
2024-11-04 00:47:23,933 :: INFO :: Control node : stop power of open node
2024-11-04 00:47:23,971 :: INFO :: Control node : reset
2024-11-04 00:47:23,975 :: INFO :: Reset Control Node
2024-11-04 00:47:26,727 :: INFO :: Stop experiment succeeded
