2024-11-04 00:31:54,205 :: INFO :: Start experiment: perezram-407557
2024-11-04 00:31:54,209 :: INFO :: Control node : Starting of control node serial interface
2024-11-04 00:31:54,212 :: INFO :: Control node : reset
2024-11-04 00:31:54,215 :: INFO :: Reset Control Node
2024-11-04 00:31:57,009 :: INFO :: Control node : start power of open node
2024-11-04 00:31:57,030 :: INFO :: Node OpenOCD: Setup of openocd node
2024-11-04 00:32:00,045 :: INFO :: Node OpenOCD: flash of openocd node
2024-11-04 00:32:00,050 :: INFO :: Flash firmware on OpenOCD: /tmp/tmpgh33lhmi--5beeb7e95392731f2752dd0708f8d959_get-mac.iotlab
2024-11-04 00:32:07,494 :: INFO :: Control node : Start experiment
2024-11-04 00:32:07,557 :: INFO :: Control Node set time delay: 13488 us
2024-11-04 00:32:07,590 :: INFO :: Control node : profile configuration
2024-11-04 00:32:07,604 :: INFO :: Configure profile on Control Node
2024-11-04 00:32:07,659 :: INFO :: Start experiment succeeded
2024-11-04 00:47:18,144 :: INFO :: Gateway Manager : Stop experiment
2024-11-04 00:47:18,150 :: INFO :: Stop experiment
2024-11-04 00:47:18,154 :: INFO :: Control node : stop of the experiment
2024-11-04 00:47:18,158 :: INFO :: Control node : profile configuration
2024-11-04 00:47:18,162 :: INFO :: Configure profile on Control Node
2024-11-04 00:47:18,215 :: INFO :: Control node : start power of open node
2024-11-04 00:47:18,247 :: INFO :: Node OpenOCD: teardown of openocd node
2024-11-04 00:47:21,266 :: INFO :: openocd node debugger stop
2024-11-04 00:47:21,888 :: INFO :: Node OpenOCD: flash of openocd node
2024-11-04 00:47:21,891 :: INFO :: Flash firmware on OpenOCD: /usr/lib/python3.8/site-packages/gateway_code/static/m3_idle.elf
2024-11-04 00:47:24,032 :: INFO :: Control node : Stop control node serial interface
2024-11-04 00:47:24,037 :: INFO :: Control node : stop power of open node
2024-11-04 00:47:24,074 :: INFO :: Control node : reset
2024-11-04 00:47:24,078 :: INFO :: Reset Control Node
2024-11-04 00:47:26,842 :: INFO :: Stop experiment succeeded
