2024-11-04 00:31:54,201 :: INFO :: Start experiment: perezram-407557
2024-11-04 00:31:54,210 :: INFO :: Control node : Starting of control node serial interface
2024-11-04 00:31:54,213 :: INFO :: Control node : reset
2024-11-04 00:31:54,216 :: INFO :: Reset Control Node
2024-11-04 00:31:57,011 :: INFO :: Control node : start power of open node
2024-11-04 00:31:57,029 :: INFO :: Node OpenOCD: Setup of openocd node
2024-11-04 00:32:00,044 :: INFO :: Node OpenOCD: flash of openocd node
2024-11-04 00:32:00,049 :: INFO :: Flash firmware on OpenOCD: /tmp/tmpplix4p9_--5beeb7e95392731f2752dd0708f8d959_get-mac.iotlab
2024-11-04 00:32:07,592 :: INFO :: Control node : Start experiment
2024-11-04 00:32:07,668 :: INFO :: Control Node set time delay: 11008 us
2024-11-04 00:32:07,699 :: INFO :: Control node : profile configuration
2024-11-04 00:32:07,702 :: INFO :: Configure profile on Control Node
2024-11-04 00:32:07,754 :: INFO :: Start experiment succeeded
2024-11-04 00:47:18,146 :: INFO :: Gateway Manager : Stop experiment
2024-11-04 00:47:18,151 :: INFO :: Stop experiment
2024-11-04 00:47:18,156 :: INFO :: Control node : stop of the experiment
2024-11-04 00:47:18,160 :: INFO :: Control node : profile configuration
2024-11-04 00:47:18,163 :: INFO :: Configure profile on Control Node
2024-11-04 00:47:18,218 :: INFO :: Control node : start power of open node
2024-11-04 00:47:18,250 :: INFO :: Node OpenOCD: teardown of openocd node
2024-11-04 00:47:21,279 :: INFO :: openocd node debugger stop
2024-11-04 00:47:21,900 :: INFO :: Node OpenOCD: flash of openocd node
2024-11-04 00:47:21,904 :: INFO :: Flash firmware on OpenOCD: /usr/lib/python3.8/site-packages/gateway_code/static/m3_idle.elf
2024-11-04 00:47:24,044 :: INFO :: Control node : Stop control node serial interface
2024-11-04 00:47:24,048 :: INFO :: Control node : stop power of open node
2024-11-04 00:47:24,094 :: INFO :: Control node : reset
2024-11-04 00:47:24,097 :: INFO :: Reset Control Node
2024-11-04 00:47:26,861 :: INFO :: Stop experiment succeeded
