2024-11-04 00:31:54,101 :: INFO :: Start experiment: perezram-407557
2024-11-04 00:31:54,105 :: INFO :: Control node : Starting of control node serial interface
2024-11-04 00:31:54,108 :: INFO :: Control node : reset
2024-11-04 00:31:54,111 :: INFO :: Reset Control Node
2024-11-04 00:31:56,911 :: INFO :: Control node : start power of open node
2024-11-04 00:31:56,930 :: INFO :: Node OpenOCD: Setup of openocd node
2024-11-04 00:31:59,945 :: INFO :: Node OpenOCD: flash of openocd node
2024-11-04 00:31:59,950 :: INFO :: Flash firmware on OpenOCD: /tmp/tmpu02e2opl--5beeb7e95392731f2752dd0708f8d959_get-mac.iotlab
2024-11-04 00:32:07,444 :: INFO :: Control node : Start experiment
2024-11-04 00:32:07,507 :: INFO :: Control Node set time delay: 7068 us
2024-11-04 00:32:07,537 :: INFO :: Control node : profile configuration
2024-11-04 00:32:07,540 :: INFO :: Configure profile on Control Node
2024-11-04 00:32:07,606 :: INFO :: Start experiment succeeded
2024-11-04 00:47:18,135 :: INFO :: Gateway Manager : Stop experiment
2024-11-04 00:47:18,140 :: INFO :: Stop experiment
2024-11-04 00:47:18,144 :: INFO :: Control node : stop of the experiment
2024-11-04 00:47:18,149 :: INFO :: Control node : profile configuration
2024-11-04 00:47:18,152 :: INFO :: Configure profile on Control Node
2024-11-04 00:47:18,208 :: INFO :: Control node : start power of open node
2024-11-04 00:47:18,240 :: INFO :: Node OpenOCD: teardown of openocd node
2024-11-04 00:47:21,257 :: INFO :: openocd node debugger stop
2024-11-04 00:47:21,782 :: INFO :: Node OpenOCD: flash of openocd node
2024-11-04 00:47:21,786 :: INFO :: Flash firmware on OpenOCD: /usr/lib/python3.8/site-packages/gateway_code/static/m3_idle.elf
2024-11-04 00:47:23,928 :: INFO :: Control node : Stop control node serial interface
2024-11-04 00:47:23,932 :: INFO :: Control node : stop power of open node
2024-11-04 00:47:23,971 :: INFO :: Control node : reset
2024-11-04 00:47:23,975 :: INFO :: Reset Control Node
2024-11-04 00:47:26,726 :: INFO :: Stop experiment succeeded
