2024-11-04 00:31:53,404 :: INFO :: Start experiment: perezram-407557
2024-11-04 00:31:53,408 :: INFO :: Control node : Starting of control node serial interface
2024-11-04 00:31:53,411 :: INFO :: Control node : reset
2024-11-04 00:31:53,414 :: INFO :: Reset Control Node
2024-11-04 00:31:56,203 :: INFO :: Control node : start power of open node
2024-11-04 00:31:56,220 :: INFO :: Node OpenOCD: Setup of openocd node
2024-11-04 00:31:59,234 :: INFO :: Node OpenOCD: flash of openocd node
2024-11-04 00:31:59,239 :: INFO :: Flash firmware on OpenOCD: /tmp/tmplmil_t9k--5beeb7e95392731f2752dd0708f8d959_get-mac.iotlab
2024-11-04 00:32:06,781 :: INFO :: Control node : Start experiment
2024-11-04 00:32:06,846 :: INFO :: Control Node set time delay: 10151 us
2024-11-04 00:32:06,875 :: INFO :: Control node : profile configuration
2024-11-04 00:32:06,878 :: INFO :: Configure profile on Control Node
2024-11-04 00:32:06,945 :: INFO :: Start experiment succeeded
2024-11-04 00:47:18,221 :: INFO :: Gateway Manager : Stop experiment
2024-11-04 00:47:18,226 :: INFO :: Stop experiment
2024-11-04 00:47:18,230 :: INFO :: Control node : stop of the experiment
2024-11-04 00:47:18,235 :: INFO :: Control node : profile configuration
2024-11-04 00:47:18,238 :: INFO :: Configure profile on Control Node
2024-11-04 00:47:18,282 :: INFO :: Control node : start power of open node
2024-11-04 00:47:18,314 :: INFO :: Node OpenOCD: teardown of openocd node
2024-11-04 00:47:21,330 :: INFO :: openocd node debugger stop
2024-11-04 00:47:21,952 :: INFO :: Node OpenOCD: flash of openocd node
2024-11-04 00:47:21,956 :: INFO :: Flash firmware on OpenOCD: /usr/lib/python3.8/site-packages/gateway_code/static/m3_idle.elf
2024-11-04 00:47:24,096 :: INFO :: Control node : Stop control node serial interface
2024-11-04 00:47:24,100 :: INFO :: Control node : stop power of open node
2024-11-04 00:47:24,142 :: INFO :: Control node : reset
2024-11-04 00:47:24,146 :: INFO :: Reset Control Node
2024-11-04 00:47:26,890 :: INFO :: Stop experiment succeeded
