2024-10-25 14:12:15,921 :: INFO :: Start experiment: perezram-407283
2024-10-25 14:12:15,925 :: INFO :: Control node : Starting of control node serial interface
2024-10-25 14:12:15,928 :: INFO :: Control node : reset
2024-10-25 14:12:15,931 :: INFO :: Reset Control Node
2024-10-25 14:12:18,720 :: INFO :: Control node : start power of open node
2024-10-25 14:12:18,739 :: INFO :: Node OpenOCD: Setup of openocd node
2024-10-25 14:12:21,754 :: INFO :: Node OpenOCD: flash of openocd node
2024-10-25 14:12:21,758 :: INFO :: Flash firmware on OpenOCD: /tmp/tmpneerod37--7c3c512c3f976ee7624ea799df015619_get-mac.iotlab
2024-10-25 14:12:29,302 :: INFO :: Control node : Start experiment
2024-10-25 14:12:29,378 :: INFO :: Control Node set time delay: 16633 us
2024-10-25 14:12:29,409 :: INFO :: Control node : profile configuration
2024-10-25 14:12:29,413 :: INFO :: Configure profile on Control Node
2024-10-25 14:12:29,463 :: INFO :: Start experiment succeeded
2024-10-25 14:22:38,799 :: INFO :: Gateway Manager : Stop experiment
2024-10-25 14:22:38,804 :: INFO :: Stop experiment
2024-10-25 14:22:38,808 :: INFO :: Control node : stop of the experiment
2024-10-25 14:22:38,813 :: INFO :: Control node : profile configuration
2024-10-25 14:22:38,816 :: INFO :: Configure profile on Control Node
2024-10-25 14:22:38,874 :: INFO :: Control node : start power of open node
2024-10-25 14:22:38,905 :: INFO :: Node OpenOCD: teardown of openocd node
2024-10-25 14:22:41,921 :: INFO :: openocd node debugger stop
2024-10-25 14:22:42,543 :: INFO :: Node OpenOCD: flash of openocd node
2024-10-25 14:22:42,546 :: INFO :: Flash firmware on OpenOCD: /usr/lib/python3.8/site-packages/gateway_code/static/m3_idle.elf
2024-10-25 14:22:44,688 :: INFO :: Control node : Stop control node serial interface
2024-10-25 14:22:44,693 :: INFO :: Control node : stop power of open node
2024-10-25 14:22:44,732 :: INFO :: Control node : reset
2024-10-25 14:22:44,736 :: INFO :: Reset Control Node
2024-10-25 14:22:47,529 :: INFO :: Stop experiment succeeded
