2024-10-25 14:12:15,702 :: INFO :: Start experiment: perezram-407283
2024-10-25 14:12:15,705 :: INFO :: Control node : Starting of control node serial interface
2024-10-25 14:12:15,709 :: INFO :: Control node : reset
2024-10-25 14:12:15,712 :: INFO :: Reset Control Node
2024-10-25 14:12:18,503 :: INFO :: Control node : start power of open node
2024-10-25 14:12:18,528 :: INFO :: Node OpenOCD: Setup of openocd node
2024-10-25 14:12:21,543 :: INFO :: Node OpenOCD: flash of openocd node
2024-10-25 14:12:21,548 :: INFO :: Flash firmware on OpenOCD: /tmp/tmpf_av21ot--7c3c512c3f976ee7624ea799df015619_get-mac.iotlab
2024-10-25 14:12:29,040 :: INFO :: Control node : Start experiment
2024-10-25 14:12:29,109 :: INFO :: Control Node set time delay: 7348 us
2024-10-25 14:12:29,146 :: INFO :: Control node : profile configuration
2024-10-25 14:12:29,150 :: INFO :: Configure profile on Control Node
2024-10-25 14:12:29,205 :: INFO :: Start experiment succeeded
2024-10-25 14:22:38,885 :: INFO :: Gateway Manager : Stop experiment
2024-10-25 14:22:38,892 :: INFO :: Stop experiment
2024-10-25 14:22:38,897 :: INFO :: Control node : stop of the experiment
2024-10-25 14:22:38,902 :: INFO :: Control node : profile configuration
2024-10-25 14:22:38,905 :: INFO :: Configure profile on Control Node
2024-10-25 14:22:38,948 :: INFO :: Control node : start power of open node
2024-10-25 14:22:38,980 :: INFO :: Node OpenOCD: teardown of openocd node
2024-10-25 14:22:41,996 :: INFO :: openocd node debugger stop
2024-10-25 14:22:42,618 :: INFO :: Node OpenOCD: flash of openocd node
2024-10-25 14:22:42,621 :: INFO :: Flash firmware on OpenOCD: /usr/lib/python3.8/site-packages/gateway_code/static/m3_idle.elf
2024-10-25 14:22:44,762 :: INFO :: Control node : Stop control node serial interface
2024-10-25 14:22:44,767 :: INFO :: Control node : stop power of open node
2024-10-25 14:22:44,808 :: INFO :: Control node : reset
2024-10-25 14:22:44,812 :: INFO :: Reset Control Node
2024-10-25 14:22:47,581 :: INFO :: Stop experiment succeeded
