2024-10-25 14:12:15,205 :: INFO :: Start experiment: perezram-407283
2024-10-25 14:12:15,209 :: INFO :: Control node : Starting of control node serial interface
2024-10-25 14:12:15,212 :: INFO :: Control node : reset
2024-10-25 14:12:15,215 :: INFO :: Reset Control Node
2024-10-25 14:12:18,006 :: INFO :: Control node : start power of open node
2024-10-25 14:12:18,021 :: INFO :: Node OpenOCD: Setup of openocd node
2024-10-25 14:12:21,036 :: INFO :: Node OpenOCD: flash of openocd node
2024-10-25 14:12:21,041 :: INFO :: Flash firmware on OpenOCD: /tmp/tmpnq8zhnma--7c3c512c3f976ee7624ea799df015619_get-mac.iotlab
2024-10-25 14:12:28,533 :: INFO :: Control node : Start experiment
2024-10-25 14:12:28,597 :: INFO :: Control Node set time delay: 7915 us
2024-10-25 14:12:28,629 :: INFO :: Control node : profile configuration
2024-10-25 14:12:28,632 :: INFO :: Configure profile on Control Node
2024-10-25 14:12:28,699 :: INFO :: Start experiment succeeded
2024-10-25 14:22:38,695 :: INFO :: Gateway Manager : Stop experiment
2024-10-25 14:22:38,700 :: INFO :: Stop experiment
2024-10-25 14:22:38,704 :: INFO :: Control node : stop of the experiment
2024-10-25 14:22:38,709 :: INFO :: Control node : profile configuration
2024-10-25 14:22:38,712 :: INFO :: Configure profile on Control Node
2024-10-25 14:22:38,760 :: INFO :: Control node : start power of open node
2024-10-25 14:22:38,792 :: INFO :: Node OpenOCD: teardown of openocd node
2024-10-25 14:22:41,808 :: INFO :: openocd node debugger stop
2024-10-25 14:22:42,429 :: INFO :: Node OpenOCD: flash of openocd node
2024-10-25 14:22:42,433 :: INFO :: Flash firmware on OpenOCD: /usr/lib/python3.8/site-packages/gateway_code/static/m3_idle.elf
2024-10-25 14:22:44,576 :: INFO :: Control node : Stop control node serial interface
2024-10-25 14:22:44,581 :: INFO :: Control node : stop power of open node
2024-10-25 14:22:44,619 :: INFO :: Control node : reset
2024-10-25 14:22:44,623 :: INFO :: Reset Control Node
2024-10-25 14:22:47,373 :: INFO :: Stop experiment succeeded
