2024-10-25 14:12:15,183 :: INFO :: Start experiment: perezram-407283
2024-10-25 14:12:15,187 :: INFO :: Control node : Starting of control node serial interface
2024-10-25 14:12:15,190 :: INFO :: Control node : reset
2024-10-25 14:12:15,193 :: INFO :: Reset Control Node
2024-10-25 14:12:17,984 :: INFO :: Control node : start power of open node
2024-10-25 14:12:18,000 :: INFO :: Node OpenOCD: Setup of openocd node
2024-10-25 14:12:21,014 :: INFO :: Node OpenOCD: flash of openocd node
2024-10-25 14:12:21,019 :: INFO :: Flash firmware on OpenOCD: /tmp/tmp_4vvo28p--7c3c512c3f976ee7624ea799df015619_get-mac.iotlab
2024-10-25 14:12:28,512 :: INFO :: Control node : Start experiment
2024-10-25 14:12:28,581 :: INFO :: Control Node set time delay: 2534 us
2024-10-25 14:12:28,623 :: INFO :: Control node : profile configuration
2024-10-25 14:12:28,627 :: INFO :: Configure profile on Control Node
2024-10-25 14:12:28,676 :: INFO :: Start experiment succeeded
2024-10-25 14:22:38,773 :: INFO :: Gateway Manager : Stop experiment
2024-10-25 14:22:38,778 :: INFO :: Stop experiment
2024-10-25 14:22:38,782 :: INFO :: Control node : stop of the experiment
2024-10-25 14:22:38,787 :: INFO :: Control node : profile configuration
2024-10-25 14:22:38,790 :: INFO :: Configure profile on Control Node
2024-10-25 14:22:38,837 :: INFO :: Control node : start power of open node
2024-10-25 14:22:38,868 :: INFO :: Node OpenOCD: teardown of openocd node
2024-10-25 14:22:41,884 :: INFO :: openocd node debugger stop
2024-10-25 14:22:42,506 :: INFO :: Node OpenOCD: flash of openocd node
2024-10-25 14:22:42,509 :: INFO :: Flash firmware on OpenOCD: /usr/lib/python3.8/site-packages/gateway_code/static/m3_idle.elf
2024-10-25 14:22:44,651 :: INFO :: Control node : Stop control node serial interface
2024-10-25 14:22:44,656 :: INFO :: Control node : stop power of open node
2024-10-25 14:22:44,696 :: INFO :: Control node : reset
2024-10-25 14:22:44,700 :: INFO :: Reset Control Node
2024-10-25 14:22:47,437 :: INFO :: Stop experiment succeeded
