2024-10-25 14:12:15,998 :: INFO :: Start experiment: perezram-407283
2024-10-25 14:12:16,002 :: INFO :: Control node : Starting of control node serial interface
2024-10-25 14:12:16,005 :: INFO :: Control node : reset
2024-10-25 14:12:16,008 :: INFO :: Reset Control Node
2024-10-25 14:12:18,796 :: INFO :: Control node : start power of open node
2024-10-25 14:12:18,815 :: INFO :: Node OpenOCD: Setup of openocd node
2024-10-25 14:12:21,829 :: INFO :: Node OpenOCD: flash of openocd node
2024-10-25 14:12:21,834 :: INFO :: Flash firmware on OpenOCD: /tmp/tmp2e39ucw4--7c3c512c3f976ee7624ea799df015619_get-mac.iotlab
2024-10-25 14:12:29,377 :: INFO :: Control node : Start experiment
2024-10-25 14:12:29,443 :: INFO :: Control Node set time delay: 3463 us
2024-10-25 14:12:29,471 :: INFO :: Control node : profile configuration
2024-10-25 14:12:29,485 :: INFO :: Configure profile on Control Node
2024-10-25 14:12:29,540 :: INFO :: Start experiment succeeded
2024-10-25 14:22:38,872 :: INFO :: Gateway Manager : Stop experiment
2024-10-25 14:22:38,878 :: INFO :: Stop experiment
2024-10-25 14:22:38,884 :: INFO :: Control node : stop of the experiment
2024-10-25 14:22:38,888 :: INFO :: Control node : profile configuration
2024-10-25 14:22:38,892 :: INFO :: Configure profile on Control Node
2024-10-25 14:22:38,936 :: INFO :: Control node : start power of open node
2024-10-25 14:22:38,968 :: INFO :: Node OpenOCD: teardown of openocd node
2024-10-25 14:22:41,984 :: INFO :: openocd node debugger stop
2024-10-25 14:22:42,606 :: INFO :: Node OpenOCD: flash of openocd node
2024-10-25 14:22:42,609 :: INFO :: Flash firmware on OpenOCD: /usr/lib/python3.8/site-packages/gateway_code/static/m3_idle.elf
2024-10-25 14:22:44,752 :: INFO :: Control node : Stop control node serial interface
2024-10-25 14:22:44,757 :: INFO :: Control node : stop power of open node
2024-10-25 14:22:44,796 :: INFO :: Control node : reset
2024-10-25 14:22:44,799 :: INFO :: Reset Control Node
2024-10-25 14:22:47,568 :: INFO :: Stop experiment succeeded
