2024-10-25 14:12:16,027 :: INFO :: Start experiment: perezram-407283
2024-10-25 14:12:16,031 :: INFO :: Control node : Starting of control node serial interface
2024-10-25 14:12:16,034 :: INFO :: Control node : reset
2024-10-25 14:12:16,037 :: INFO :: Reset Control Node
2024-10-25 14:12:18,826 :: INFO :: Control node : start power of open node
2024-10-25 14:12:18,842 :: INFO :: Node OpenOCD: Setup of openocd node
2024-10-25 14:12:21,857 :: INFO :: Node OpenOCD: flash of openocd node
2024-10-25 14:12:21,862 :: INFO :: Flash firmware on OpenOCD: /tmp/tmpzdx8gn9r--7c3c512c3f976ee7624ea799df015619_get-mac.iotlab
2024-10-25 14:12:29,354 :: INFO :: Control node : Start experiment
2024-10-25 14:12:29,422 :: INFO :: Control Node set time delay: 11012 us
2024-10-25 14:12:29,466 :: INFO :: Control node : profile configuration
2024-10-25 14:12:29,469 :: INFO :: Configure profile on Control Node
2024-10-25 14:12:29,519 :: INFO :: Start experiment succeeded
2024-10-25 14:22:38,889 :: INFO :: Gateway Manager : Stop experiment
2024-10-25 14:22:38,895 :: INFO :: Stop experiment
2024-10-25 14:22:38,899 :: INFO :: Control node : stop of the experiment
2024-10-25 14:22:38,903 :: INFO :: Control node : profile configuration
2024-10-25 14:22:38,906 :: INFO :: Configure profile on Control Node
2024-10-25 14:22:38,962 :: INFO :: Control node : start power of open node
2024-10-25 14:22:38,994 :: INFO :: Node OpenOCD: teardown of openocd node
2024-10-25 14:22:42,017 :: INFO :: openocd node debugger stop
2024-10-25 14:22:42,638 :: INFO :: Node OpenOCD: flash of openocd node
2024-10-25 14:22:42,642 :: INFO :: Flash firmware on OpenOCD: /usr/lib/python3.8/site-packages/gateway_code/static/m3_idle.elf
2024-10-25 14:22:44,784 :: INFO :: Control node : Stop control node serial interface
2024-10-25 14:22:44,788 :: INFO :: Control node : stop power of open node
2024-10-25 14:22:44,822 :: INFO :: Control node : reset
2024-10-25 14:22:44,825 :: INFO :: Reset Control Node
2024-10-25 14:22:47,600 :: INFO :: Stop experiment succeeded
