2024-10-25 14:12:15,305 :: INFO :: Start experiment: perezram-407283
2024-10-25 14:12:15,309 :: INFO :: Control node : Starting of control node serial interface
2024-10-25 14:12:15,312 :: INFO :: Control node : reset
2024-10-25 14:12:15,315 :: INFO :: Reset Control Node
2024-10-25 14:12:18,105 :: INFO :: Control node : start power of open node
2024-10-25 14:12:18,123 :: INFO :: Node OpenOCD: Setup of openocd node
2024-10-25 14:12:21,137 :: INFO :: Node OpenOCD: flash of openocd node
2024-10-25 14:12:21,142 :: INFO :: Flash firmware on OpenOCD: /tmp/tmpskwicy3k--7c3c512c3f976ee7624ea799df015619_get-mac.iotlab
2024-10-25 14:12:28,686 :: INFO :: Control node : Start experiment
2024-10-25 14:12:28,762 :: INFO :: Control Node set time delay: 12166 us
2024-10-25 14:12:28,794 :: INFO :: Control node : profile configuration
2024-10-25 14:12:28,797 :: INFO :: Configure profile on Control Node
2024-10-25 14:12:28,863 :: INFO :: Start experiment succeeded
2024-10-25 14:22:38,775 :: INFO :: Gateway Manager : Stop experiment
2024-10-25 14:22:38,780 :: INFO :: Stop experiment
2024-10-25 14:22:38,784 :: INFO :: Control node : stop of the experiment
2024-10-25 14:22:38,789 :: INFO :: Control node : profile configuration
2024-10-25 14:22:38,792 :: INFO :: Configure profile on Control Node
2024-10-25 14:22:38,848 :: INFO :: Control node : start power of open node
2024-10-25 14:22:38,880 :: INFO :: Node OpenOCD: teardown of openocd node
2024-10-25 14:22:41,896 :: INFO :: openocd node debugger stop
2024-10-25 14:22:42,518 :: INFO :: Node OpenOCD: flash of openocd node
2024-10-25 14:22:42,521 :: INFO :: Flash firmware on OpenOCD: /usr/lib/python3.8/site-packages/gateway_code/static/m3_idle.elf
2024-10-25 14:22:44,663 :: INFO :: Control node : Stop control node serial interface
2024-10-25 14:22:44,668 :: INFO :: Control node : stop power of open node
2024-10-25 14:22:44,707 :: INFO :: Control node : reset
2024-10-25 14:22:44,711 :: INFO :: Reset Control Node
2024-10-25 14:22:47,475 :: INFO :: Stop experiment succeeded
