2024-10-25 14:12:15,807 :: INFO :: Start experiment: perezram-407283
2024-10-25 14:12:15,811 :: INFO :: Control node : Starting of control node serial interface
2024-10-25 14:12:15,814 :: INFO :: Control node : reset
2024-10-25 14:12:15,817 :: INFO :: Reset Control Node
2024-10-25 14:12:18,614 :: INFO :: Control node : start power of open node
2024-10-25 14:12:18,631 :: INFO :: Node OpenOCD: Setup of openocd node
2024-10-25 14:12:21,646 :: INFO :: Node OpenOCD: flash of openocd node
2024-10-25 14:12:21,651 :: INFO :: Flash firmware on OpenOCD: /tmp/tmpkz1ietam--7c3c512c3f976ee7624ea799df015619_get-mac.iotlab
2024-10-25 14:12:29,143 :: INFO :: Control node : Start experiment
2024-10-25 14:12:29,207 :: INFO :: Control Node set time delay: 11191 us
2024-10-25 14:12:29,230 :: INFO :: Control node : profile configuration
2024-10-25 14:12:29,233 :: INFO :: Configure profile on Control Node
2024-10-25 14:12:29,308 :: INFO :: Start experiment succeeded
2024-10-25 14:22:38,900 :: INFO :: Gateway Manager : Stop experiment
2024-10-25 14:22:38,905 :: INFO :: Stop experiment
2024-10-25 14:22:38,909 :: INFO :: Control node : stop of the experiment
2024-10-25 14:22:38,914 :: INFO :: Control node : profile configuration
2024-10-25 14:22:38,917 :: INFO :: Configure profile on Control Node
2024-10-25 14:22:38,967 :: INFO :: Control node : start power of open node
2024-10-25 14:22:38,999 :: INFO :: Node OpenOCD: teardown of openocd node
2024-10-25 14:22:42,016 :: INFO :: openocd node debugger stop
2024-10-25 14:22:42,541 :: INFO :: Node OpenOCD: flash of openocd node
2024-10-25 14:22:42,545 :: INFO :: Flash firmware on OpenOCD: /usr/lib/python3.8/site-packages/gateway_code/static/m3_idle.elf
2024-10-25 14:22:44,686 :: INFO :: Control node : Stop control node serial interface
2024-10-25 14:22:44,690 :: INFO :: Control node : stop power of open node
2024-10-25 14:22:44,730 :: INFO :: Control node : reset
2024-10-25 14:22:44,734 :: INFO :: Reset Control Node
2024-10-25 14:22:47,531 :: INFO :: Stop experiment succeeded
