2024-10-25 14:12:15,947 :: INFO :: Start experiment: perezram-407283
2024-10-25 14:12:15,951 :: INFO :: Control node : Starting of control node serial interface
2024-10-25 14:12:15,954 :: INFO :: Control node : reset
2024-10-25 14:12:15,957 :: INFO :: Reset Control Node
2024-10-25 14:12:18,745 :: INFO :: Control node : start power of open node
2024-10-25 14:12:18,764 :: INFO :: Node OpenOCD: Setup of openocd node
2024-10-25 14:12:21,778 :: INFO :: Node OpenOCD: flash of openocd node
2024-10-25 14:12:21,783 :: INFO :: Flash firmware on OpenOCD: /tmp/tmpaocqoy8y--7c3c512c3f976ee7624ea799df015619_get-mac.iotlab
2024-10-25 14:12:29,277 :: INFO :: Control node : Start experiment
2024-10-25 14:12:29,340 :: INFO :: Control Node set time delay: 7708 us
2024-10-25 14:12:29,371 :: INFO :: Control node : profile configuration
2024-10-25 14:12:29,374 :: INFO :: Configure profile on Control Node
2024-10-25 14:12:29,440 :: INFO :: Start experiment succeeded
2024-10-25 14:22:38,897 :: INFO :: Gateway Manager : Stop experiment
2024-10-25 14:22:38,902 :: INFO :: Stop experiment
2024-10-25 14:22:38,906 :: INFO :: Control node : stop of the experiment
2024-10-25 14:22:38,911 :: INFO :: Control node : profile configuration
2024-10-25 14:22:38,914 :: INFO :: Configure profile on Control Node
2024-10-25 14:22:38,962 :: INFO :: Control node : start power of open node
2024-10-25 14:22:38,993 :: INFO :: Node OpenOCD: teardown of openocd node
2024-10-25 14:22:42,017 :: INFO :: openocd node debugger stop
2024-10-25 14:22:42,639 :: INFO :: Node OpenOCD: flash of openocd node
2024-10-25 14:22:42,642 :: INFO :: Flash firmware on OpenOCD: /usr/lib/python3.8/site-packages/gateway_code/static/m3_idle.elf
2024-10-25 14:22:44,784 :: INFO :: Control node : Stop control node serial interface
2024-10-25 14:22:44,788 :: INFO :: Control node : stop power of open node
2024-10-25 14:22:44,821 :: INFO :: Control node : reset
2024-10-25 14:22:44,825 :: INFO :: Reset Control Node
2024-10-25 14:22:47,605 :: INFO :: Stop experiment succeeded
