2024-10-25 14:12:15,191 :: INFO :: Start experiment: perezram-407283
2024-10-25 14:12:15,195 :: INFO :: Control node : Starting of control node serial interface
2024-10-25 14:12:15,198 :: INFO :: Control node : reset
2024-10-25 14:12:15,201 :: INFO :: Reset Control Node
2024-10-25 14:12:17,998 :: INFO :: Control node : start power of open node
2024-10-25 14:12:18,012 :: INFO :: Node OpenOCD: Setup of openocd node
2024-10-25 14:12:21,027 :: INFO :: Node OpenOCD: flash of openocd node
2024-10-25 14:12:21,032 :: INFO :: Flash firmware on OpenOCD: /tmp/tmpczmsj5wq--7c3c512c3f976ee7624ea799df015619_get-mac.iotlab
2024-10-25 14:12:28,471 :: INFO :: Control node : Start experiment
2024-10-25 14:12:28,539 :: INFO :: Control Node set time delay: 7510 us
2024-10-25 14:12:28,572 :: INFO :: Control node : profile configuration
2024-10-25 14:12:28,583 :: INFO :: Configure profile on Control Node
2024-10-25 14:12:28,641 :: INFO :: Start experiment succeeded
2024-10-25 14:22:38,696 :: INFO :: Gateway Manager : Stop experiment
2024-10-25 14:22:38,702 :: INFO :: Stop experiment
2024-10-25 14:22:38,706 :: INFO :: Control node : stop of the experiment
2024-10-25 14:22:38,711 :: INFO :: Control node : profile configuration
2024-10-25 14:22:38,714 :: INFO :: Configure profile on Control Node
2024-10-25 14:22:38,765 :: INFO :: Control node : start power of open node
2024-10-25 14:22:38,797 :: INFO :: Node OpenOCD: teardown of openocd node
2024-10-25 14:22:41,813 :: INFO :: openocd node debugger stop
2024-10-25 14:22:42,434 :: INFO :: Node OpenOCD: flash of openocd node
2024-10-25 14:22:42,438 :: INFO :: Flash firmware on OpenOCD: /usr/lib/python3.8/site-packages/gateway_code/static/m3_idle.elf
2024-10-25 14:22:44,580 :: INFO :: Control node : Stop control node serial interface
2024-10-25 14:22:44,585 :: INFO :: Control node : stop power of open node
2024-10-25 14:22:44,625 :: INFO :: Control node : reset
2024-10-25 14:22:44,628 :: INFO :: Reset Control Node
2024-10-25 14:22:47,393 :: INFO :: Stop experiment succeeded
