2024-10-25 14:12:15,757 :: INFO :: Start experiment: perezram-407283
2024-10-25 14:12:15,761 :: INFO :: Control node : Starting of control node serial interface
2024-10-25 14:12:15,764 :: INFO :: Control node : reset
2024-10-25 14:12:15,768 :: INFO :: Reset Control Node
2024-10-25 14:12:18,555 :: INFO :: Control node : start power of open node
2024-10-25 14:12:18,573 :: INFO :: Node OpenOCD: Setup of openocd node
2024-10-25 14:12:21,588 :: INFO :: Node OpenOCD: flash of openocd node
2024-10-25 14:12:21,593 :: INFO :: Flash firmware on OpenOCD: /tmp/tmp_g8eq9of--7c3c512c3f976ee7624ea799df015619_get-mac.iotlab
2024-10-25 14:12:29,035 :: INFO :: Control node : Start experiment
2024-10-25 14:12:29,100 :: INFO :: Control Node set time delay: 13302 us
2024-10-25 14:12:29,122 :: INFO :: Control node : profile configuration
2024-10-25 14:12:29,137 :: INFO :: Configure profile on Control Node
2024-10-25 14:12:29,202 :: INFO :: Start experiment succeeded
2024-10-25 14:22:38,877 :: INFO :: Gateway Manager : Stop experiment
2024-10-25 14:22:38,883 :: INFO :: Stop experiment
2024-10-25 14:22:38,887 :: INFO :: Control node : stop of the experiment
2024-10-25 14:22:38,893 :: INFO :: Control node : profile configuration
2024-10-25 14:22:38,897 :: INFO :: Configure profile on Control Node
2024-10-25 14:22:38,944 :: INFO :: Control node : start power of open node
2024-10-25 14:22:38,976 :: INFO :: Node OpenOCD: teardown of openocd node
2024-10-25 14:22:41,992 :: INFO :: openocd node debugger stop
2024-10-25 14:22:42,517 :: INFO :: Node OpenOCD: flash of openocd node
2024-10-25 14:22:42,520 :: INFO :: Flash firmware on OpenOCD: /usr/lib/python3.8/site-packages/gateway_code/static/m3_idle.elf
2024-10-25 14:22:44,661 :: INFO :: Control node : Stop control node serial interface
2024-10-25 14:22:44,666 :: INFO :: Control node : stop power of open node
2024-10-25 14:22:44,708 :: INFO :: Control node : reset
2024-10-25 14:22:44,711 :: INFO :: Reset Control Node
2024-10-25 14:22:47,470 :: INFO :: Stop experiment succeeded
