2024-10-25 14:12:15,553 :: INFO :: Start experiment: perezram-407283
2024-10-25 14:12:15,557 :: INFO :: Control node : Starting of control node serial interface
2024-10-25 14:12:15,560 :: INFO :: Control node : reset
2024-10-25 14:12:15,563 :: INFO :: Reset Control Node
2024-10-25 14:12:18,352 :: INFO :: Control node : start power of open node
2024-10-25 14:12:18,370 :: INFO :: Node OpenOCD: Setup of openocd node
2024-10-25 14:12:21,385 :: INFO :: Node OpenOCD: flash of openocd node
2024-10-25 14:12:21,390 :: INFO :: Flash firmware on OpenOCD: /tmp/tmp_h490ld9--7c3c512c3f976ee7624ea799df015619_get-mac.iotlab
2024-10-25 14:12:28,884 :: INFO :: Control node : Start experiment
2024-10-25 14:12:28,977 :: INFO :: Control Node set time delay: 13463 us
2024-10-25 14:12:28,993 :: INFO :: Control node : profile configuration
2024-10-25 14:12:28,997 :: INFO :: Configure profile on Control Node
2024-10-25 14:12:29,047 :: INFO :: Start experiment succeeded
2024-10-25 14:22:38,801 :: INFO :: Gateway Manager : Stop experiment
2024-10-25 14:22:38,807 :: INFO :: Stop experiment
2024-10-25 14:22:38,811 :: INFO :: Control node : stop of the experiment
2024-10-25 14:22:38,816 :: INFO :: Control node : profile configuration
2024-10-25 14:22:38,819 :: INFO :: Configure profile on Control Node
2024-10-25 14:22:38,890 :: INFO :: Control node : start power of open node
2024-10-25 14:22:38,922 :: INFO :: Node OpenOCD: teardown of openocd node
2024-10-25 14:22:41,938 :: INFO :: openocd node debugger stop
2024-10-25 14:22:42,560 :: INFO :: Node OpenOCD: flash of openocd node
2024-10-25 14:22:42,563 :: INFO :: Flash firmware on OpenOCD: /usr/lib/python3.8/site-packages/gateway_code/static/m3_idle.elf
2024-10-25 14:22:44,704 :: INFO :: Control node : Stop control node serial interface
2024-10-25 14:22:44,709 :: INFO :: Control node : stop power of open node
2024-10-25 14:22:44,750 :: INFO :: Control node : reset
2024-10-25 14:22:44,753 :: INFO :: Reset Control Node
2024-10-25 14:22:47,536 :: INFO :: Stop experiment succeeded
