2024-10-25 14:12:15,672 :: INFO :: Start experiment: perezram-407283
2024-10-25 14:12:15,676 :: INFO :: Control node : Starting of control node serial interface
2024-10-25 14:12:15,679 :: INFO :: Control node : reset
2024-10-25 14:12:15,682 :: INFO :: Reset Control Node
2024-10-25 14:12:18,471 :: INFO :: Control node : start power of open node
2024-10-25 14:12:18,489 :: INFO :: Node OpenOCD: Setup of openocd node
2024-10-25 14:12:21,504 :: INFO :: Node OpenOCD: flash of openocd node
2024-10-25 14:12:21,509 :: INFO :: Flash firmware on OpenOCD: /tmp/tmp00etcrli--7c3c512c3f976ee7624ea799df015619_get-mac.iotlab
2024-10-25 14:12:28,956 :: INFO :: Control node : Start experiment
2024-10-25 14:12:29,018 :: INFO :: Control Node set time delay: 5337 us
2024-10-25 14:12:29,049 :: INFO :: Control node : profile configuration
2024-10-25 14:12:29,063 :: INFO :: Configure profile on Control Node
2024-10-25 14:12:29,118 :: INFO :: Start experiment succeeded
2024-10-25 14:22:38,783 :: INFO :: Gateway Manager : Stop experiment
2024-10-25 14:22:38,788 :: INFO :: Stop experiment
2024-10-25 14:22:38,792 :: INFO :: Control node : stop of the experiment
2024-10-25 14:22:38,797 :: INFO :: Control node : profile configuration
2024-10-25 14:22:38,800 :: INFO :: Configure profile on Control Node
2024-10-25 14:22:38,849 :: INFO :: Control node : start power of open node
2024-10-25 14:22:38,881 :: INFO :: Node OpenOCD: teardown of openocd node
2024-10-25 14:22:41,897 :: INFO :: openocd node debugger stop
2024-10-25 14:22:42,519 :: INFO :: Node OpenOCD: flash of openocd node
2024-10-25 14:22:42,522 :: INFO :: Flash firmware on OpenOCD: /usr/lib/python3.8/site-packages/gateway_code/static/m3_idle.elf
2024-10-25 14:22:44,665 :: INFO :: Control node : Stop control node serial interface
2024-10-25 14:22:44,669 :: INFO :: Control node : stop power of open node
2024-10-25 14:22:44,708 :: INFO :: Control node : reset
2024-10-25 14:22:44,712 :: INFO :: Reset Control Node
2024-10-25 14:22:47,479 :: INFO :: Stop experiment succeeded
