2024-10-25 14:12:15,659 :: INFO :: Start experiment: perezram-407283
2024-10-25 14:12:15,663 :: INFO :: Control node : Starting of control node serial interface
2024-10-25 14:12:15,666 :: INFO :: Control node : reset
2024-10-25 14:12:15,669 :: INFO :: Reset Control Node
2024-10-25 14:12:18,458 :: INFO :: Control node : start power of open node
2024-10-25 14:12:18,487 :: INFO :: Node OpenOCD: Setup of openocd node
2024-10-25 14:12:21,502 :: INFO :: Node OpenOCD: flash of openocd node
2024-10-25 14:12:21,507 :: INFO :: Flash firmware on OpenOCD: /tmp/tmplui4m87j--7c3c512c3f976ee7624ea799df015619_get-mac.iotlab
2024-10-25 14:12:29,000 :: INFO :: Control node : Start experiment
2024-10-25 14:12:29,063 :: INFO :: Control Node set time delay: 3323 us
2024-10-25 14:12:29,088 :: INFO :: Control node : profile configuration
2024-10-25 14:12:29,098 :: INFO :: Configure profile on Control Node
2024-10-25 14:12:29,164 :: INFO :: Start experiment succeeded
2024-10-25 14:22:38,802 :: INFO :: Gateway Manager : Stop experiment
2024-10-25 14:22:38,807 :: INFO :: Stop experiment
2024-10-25 14:22:38,811 :: INFO :: Control node : stop of the experiment
2024-10-25 14:22:38,816 :: INFO :: Control node : profile configuration
2024-10-25 14:22:38,819 :: INFO :: Configure profile on Control Node
2024-10-25 14:22:38,863 :: INFO :: Control node : start power of open node
2024-10-25 14:22:38,897 :: INFO :: Node OpenOCD: teardown of openocd node
2024-10-25 14:22:41,917 :: INFO :: openocd node debugger stop
2024-10-25 14:22:42,538 :: INFO :: Node OpenOCD: flash of openocd node
2024-10-25 14:22:42,542 :: INFO :: Flash firmware on OpenOCD: /usr/lib/python3.8/site-packages/gateway_code/static/m3_idle.elf
2024-10-25 14:22:44,683 :: INFO :: Control node : Stop control node serial interface
2024-10-25 14:22:44,688 :: INFO :: Control node : stop power of open node
2024-10-25 14:22:44,723 :: INFO :: Control node : reset
2024-10-25 14:22:44,726 :: INFO :: Reset Control Node
2024-10-25 14:22:47,521 :: INFO :: Stop experiment succeeded
