2024-10-25 14:12:15,723 :: INFO :: Start experiment: perezram-407283
2024-10-25 14:12:15,727 :: INFO :: Control node : Starting of control node serial interface
2024-10-25 14:12:15,730 :: INFO :: Control node : reset
2024-10-25 14:12:15,733 :: INFO :: Reset Control Node
2024-10-25 14:12:18,523 :: INFO :: Control node : start power of open node
2024-10-25 14:12:18,538 :: INFO :: Node OpenOCD: Setup of openocd node
2024-10-25 14:12:21,553 :: INFO :: Node OpenOCD: flash of openocd node
2024-10-25 14:12:21,558 :: INFO :: Flash firmware on OpenOCD: /tmp/tmpq7i6bymn--7c3c512c3f976ee7624ea799df015619_get-mac.iotlab
2024-10-25 14:12:29,054 :: INFO :: Control node : Start experiment
2024-10-25 14:12:29,120 :: INFO :: Control Node set time delay: 2876 us
2024-10-25 14:12:29,156 :: INFO :: Control node : profile configuration
2024-10-25 14:12:29,159 :: INFO :: Configure profile on Control Node
2024-10-25 14:12:29,231 :: INFO :: Start experiment succeeded
2024-10-25 14:22:38,864 :: INFO :: Gateway Manager : Stop experiment
2024-10-25 14:22:38,869 :: INFO :: Stop experiment
2024-10-25 14:22:38,874 :: INFO :: Control node : stop of the experiment
2024-10-25 14:22:38,878 :: INFO :: Control node : profile configuration
2024-10-25 14:22:38,882 :: INFO :: Configure profile on Control Node
2024-10-25 14:22:38,926 :: INFO :: Control node : start power of open node
2024-10-25 14:22:38,958 :: INFO :: Node OpenOCD: teardown of openocd node
2024-10-25 14:22:41,974 :: INFO :: openocd node debugger stop
2024-10-25 14:22:42,596 :: INFO :: Node OpenOCD: flash of openocd node
2024-10-25 14:22:42,599 :: INFO :: Flash firmware on OpenOCD: /usr/lib/python3.8/site-packages/gateway_code/static/m3_idle.elf
2024-10-25 14:22:44,742 :: INFO :: Control node : Stop control node serial interface
2024-10-25 14:22:44,747 :: INFO :: Control node : stop power of open node
2024-10-25 14:22:44,785 :: INFO :: Control node : reset
2024-10-25 14:22:44,789 :: INFO :: Reset Control Node
2024-10-25 14:22:47,550 :: INFO :: Stop experiment succeeded
