2024-10-25 14:12:15,974 :: INFO :: Start experiment: perezram-407283
2024-10-25 14:12:15,978 :: INFO :: Control node : Starting of control node serial interface
2024-10-25 14:12:15,981 :: INFO :: Control node : reset
2024-10-25 14:12:15,984 :: INFO :: Reset Control Node
2024-10-25 14:12:18,772 :: INFO :: Control node : start power of open node
2024-10-25 14:12:18,791 :: INFO :: Node OpenOCD: Setup of openocd node
2024-10-25 14:12:21,805 :: INFO :: Node OpenOCD: flash of openocd node
2024-10-25 14:12:21,810 :: INFO :: Flash firmware on OpenOCD: /tmp/tmpfgw_vhw7--7c3c512c3f976ee7624ea799df015619_get-mac.iotlab
2024-10-25 14:12:29,303 :: INFO :: Control node : Start experiment
2024-10-25 14:12:29,370 :: INFO :: Control Node set time delay: 5280 us
2024-10-25 14:12:29,399 :: INFO :: Control node : profile configuration
2024-10-25 14:12:29,402 :: INFO :: Configure profile on Control Node
2024-10-25 14:12:29,468 :: INFO :: Start experiment succeeded
2024-10-25 14:22:38,793 :: INFO :: Gateway Manager : Stop experiment
2024-10-25 14:22:38,799 :: INFO :: Stop experiment
2024-10-25 14:22:38,803 :: INFO :: Control node : stop of the experiment
2024-10-25 14:22:38,808 :: INFO :: Control node : profile configuration
2024-10-25 14:22:38,811 :: INFO :: Configure profile on Control Node
2024-10-25 14:22:38,860 :: INFO :: Control node : start power of open node
2024-10-25 14:22:38,892 :: INFO :: Node OpenOCD: teardown of openocd node
2024-10-25 14:22:41,909 :: INFO :: openocd node debugger stop
2024-10-25 14:22:42,434 :: INFO :: Node OpenOCD: flash of openocd node
2024-10-25 14:22:42,437 :: INFO :: Flash firmware on OpenOCD: /usr/lib/python3.8/site-packages/gateway_code/static/m3_idle.elf
2024-10-25 14:22:44,580 :: INFO :: Control node : Stop control node serial interface
2024-10-25 14:22:44,586 :: INFO :: Control node : stop power of open node
2024-10-25 14:22:44,623 :: INFO :: Control node : reset
2024-10-25 14:22:44,627 :: INFO :: Reset Control Node
2024-10-25 14:22:47,398 :: INFO :: Stop experiment succeeded
