2024-10-25 14:12:16,024 :: INFO :: Start experiment: perezram-407283
2024-10-25 14:12:16,027 :: INFO :: Control node : Starting of control node serial interface
2024-10-25 14:12:16,031 :: INFO :: Control node : reset
2024-10-25 14:12:16,034 :: INFO :: Reset Control Node
2024-10-25 14:12:18,829 :: INFO :: Control node : start power of open node
2024-10-25 14:12:18,847 :: INFO :: Node OpenOCD: Setup of openocd node
2024-10-25 14:12:21,861 :: INFO :: Node OpenOCD: flash of openocd node
2024-10-25 14:12:21,866 :: INFO :: Flash firmware on OpenOCD: /tmp/tmpxds85tny--7c3c512c3f976ee7624ea799df015619_get-mac.iotlab
2024-10-25 14:12:29,358 :: INFO :: Control node : Start experiment
2024-10-25 14:12:29,439 :: INFO :: Control Node set time delay: 7786 us
2024-10-25 14:12:29,470 :: INFO :: Control node : profile configuration
2024-10-25 14:12:29,473 :: INFO :: Configure profile on Control Node
2024-10-25 14:12:29,524 :: INFO :: Start experiment succeeded
2024-10-25 14:22:38,899 :: INFO :: Gateway Manager : Stop experiment
2024-10-25 14:22:38,904 :: INFO :: Stop experiment
2024-10-25 14:22:38,908 :: INFO :: Control node : stop of the experiment
2024-10-25 14:22:38,913 :: INFO :: Control node : profile configuration
2024-10-25 14:22:38,916 :: INFO :: Configure profile on Control Node
2024-10-25 14:22:38,966 :: INFO :: Control node : start power of open node
2024-10-25 14:22:38,997 :: INFO :: Node OpenOCD: teardown of openocd node
2024-10-25 14:22:42,012 :: INFO :: openocd node debugger stop
2024-10-25 14:22:42,634 :: INFO :: Node OpenOCD: flash of openocd node
2024-10-25 14:22:42,638 :: INFO :: Flash firmware on OpenOCD: /usr/lib/python3.8/site-packages/gateway_code/static/m3_idle.elf
2024-10-25 14:22:44,778 :: INFO :: Control node : Stop control node serial interface
2024-10-25 14:22:44,783 :: INFO :: Control node : stop power of open node
2024-10-25 14:22:44,824 :: INFO :: Control node : reset
2024-10-25 14:22:44,828 :: INFO :: Reset Control Node
2024-10-25 14:22:47,611 :: INFO :: Stop experiment succeeded
