2024-10-25 14:12:15,459 :: INFO :: Start experiment: perezram-407283
2024-10-25 14:12:15,463 :: INFO :: Control node : Starting of control node serial interface
2024-10-25 14:12:15,466 :: INFO :: Control node : reset
2024-10-25 14:12:15,469 :: INFO :: Reset Control Node
2024-10-25 14:12:18,259 :: INFO :: Control node : start power of open node
2024-10-25 14:12:18,277 :: INFO :: Node OpenOCD: Setup of openocd node
2024-10-25 14:12:21,292 :: INFO :: Node OpenOCD: flash of openocd node
2024-10-25 14:12:21,297 :: INFO :: Flash firmware on OpenOCD: /tmp/tmp_27n5j6v--7c3c512c3f976ee7624ea799df015619_get-mac.iotlab
2024-10-25 14:12:28,790 :: INFO :: Control node : Start experiment
2024-10-25 14:12:28,852 :: INFO :: Control Node set time delay: 4698 us
2024-10-25 14:12:28,876 :: INFO :: Control node : profile configuration
2024-10-25 14:12:28,890 :: INFO :: Configure profile on Control Node
2024-10-25 14:12:28,954 :: INFO :: Start experiment succeeded
2024-10-25 14:22:38,868 :: INFO :: Gateway Manager : Stop experiment
2024-10-25 14:22:38,874 :: INFO :: Stop experiment
2024-10-25 14:22:38,878 :: INFO :: Control node : stop of the experiment
2024-10-25 14:22:38,883 :: INFO :: Control node : profile configuration
2024-10-25 14:22:38,886 :: INFO :: Configure profile on Control Node
2024-10-25 14:22:38,933 :: INFO :: Control node : start power of open node
2024-10-25 14:22:38,968 :: INFO :: Node OpenOCD: teardown of openocd node
2024-10-25 14:22:41,995 :: INFO :: openocd node debugger stop
2024-10-25 14:22:42,616 :: INFO :: Node OpenOCD: flash of openocd node
2024-10-25 14:22:42,619 :: INFO :: Flash firmware on OpenOCD: /usr/lib/python3.8/site-packages/gateway_code/static/m3_idle.elf
2024-10-25 14:22:44,760 :: INFO :: Control node : Stop control node serial interface
2024-10-25 14:22:44,764 :: INFO :: Control node : stop power of open node
2024-10-25 14:22:44,808 :: INFO :: Control node : reset
2024-10-25 14:22:44,812 :: INFO :: Reset Control Node
2024-10-25 14:22:47,573 :: INFO :: Stop experiment succeeded
