2024-10-25 14:12:15,801 :: INFO :: Start experiment: perezram-407283
2024-10-25 14:12:15,805 :: INFO :: Control node : Starting of control node serial interface
2024-10-25 14:12:15,808 :: INFO :: Control node : reset
2024-10-25 14:12:15,811 :: INFO :: Reset Control Node
2024-10-25 14:12:18,599 :: INFO :: Control node : start power of open node
2024-10-25 14:12:18,617 :: INFO :: Node OpenOCD: Setup of openocd node
2024-10-25 14:12:21,632 :: INFO :: Node OpenOCD: flash of openocd node
2024-10-25 14:12:21,637 :: INFO :: Flash firmware on OpenOCD: /tmp/tmpcvok123g--7c3c512c3f976ee7624ea799df015619_get-mac.iotlab
2024-10-25 14:12:29,130 :: INFO :: Control node : Start experiment
2024-10-25 14:12:29,193 :: INFO :: Control Node set time delay: 5315 us
2024-10-25 14:12:29,225 :: INFO :: Control node : profile configuration
2024-10-25 14:12:29,228 :: INFO :: Configure profile on Control Node
2024-10-25 14:12:29,294 :: INFO :: Start experiment succeeded
2024-10-25 14:22:38,886 :: INFO :: Gateway Manager : Stop experiment
2024-10-25 14:22:38,892 :: INFO :: Stop experiment
2024-10-25 14:22:38,895 :: INFO :: Control node : stop of the experiment
2024-10-25 14:22:38,900 :: INFO :: Control node : profile configuration
2024-10-25 14:22:38,903 :: INFO :: Configure profile on Control Node
2024-10-25 14:22:38,962 :: INFO :: Control node : start power of open node
2024-10-25 14:22:38,992 :: INFO :: Node OpenOCD: teardown of openocd node
2024-10-25 14:22:42,010 :: INFO :: openocd node debugger stop
2024-10-25 14:22:42,632 :: INFO :: Node OpenOCD: flash of openocd node
2024-10-25 14:22:42,635 :: INFO :: Flash firmware on OpenOCD: /usr/lib/python3.8/site-packages/gateway_code/static/m3_idle.elf
2024-10-25 14:22:44,776 :: INFO :: Control node : Stop control node serial interface
2024-10-25 14:22:44,781 :: INFO :: Control node : stop power of open node
2024-10-25 14:22:44,819 :: INFO :: Control node : reset
2024-10-25 14:22:44,823 :: INFO :: Reset Control Node
2024-10-25 14:22:47,619 :: INFO :: Stop experiment succeeded
