2024-10-25 14:12:15,712 :: INFO :: Start experiment: perezram-407283
2024-10-25 14:12:15,715 :: INFO :: Control node : Starting of control node serial interface
2024-10-25 14:12:15,719 :: INFO :: Control node : reset
2024-10-25 14:12:15,722 :: INFO :: Reset Control Node
2024-10-25 14:12:18,519 :: INFO :: Control node : start power of open node
2024-10-25 14:12:18,547 :: INFO :: Node OpenOCD: Setup of openocd node
2024-10-25 14:12:21,562 :: INFO :: Node OpenOCD: flash of openocd node
2024-10-25 14:12:21,567 :: INFO :: Flash firmware on OpenOCD: /tmp/tmp4361zltq--7c3c512c3f976ee7624ea799df015619_get-mac.iotlab
2024-10-25 14:12:29,058 :: INFO :: Control node : Start experiment
2024-10-25 14:12:29,123 :: INFO :: Control Node set time delay: 14091 us
2024-10-25 14:12:29,155 :: INFO :: Control node : profile configuration
2024-10-25 14:12:29,169 :: INFO :: Configure profile on Control Node
2024-10-25 14:12:29,224 :: INFO :: Start experiment succeeded
2024-10-25 14:22:38,895 :: INFO :: Gateway Manager : Stop experiment
2024-10-25 14:22:38,901 :: INFO :: Stop experiment
2024-10-25 14:22:38,905 :: INFO :: Control node : stop of the experiment
2024-10-25 14:22:38,909 :: INFO :: Control node : profile configuration
2024-10-25 14:22:38,913 :: INFO :: Configure profile on Control Node
2024-10-25 14:22:38,967 :: INFO :: Control node : start power of open node
2024-10-25 14:22:38,998 :: INFO :: Node OpenOCD: teardown of openocd node
2024-10-25 14:22:42,013 :: INFO :: openocd node debugger stop
2024-10-25 14:22:42,635 :: INFO :: Node OpenOCD: flash of openocd node
2024-10-25 14:22:42,638 :: INFO :: Flash firmware on OpenOCD: /usr/lib/python3.8/site-packages/gateway_code/static/m3_idle.elf
2024-10-25 14:22:44,780 :: INFO :: Control node : Stop control node serial interface
2024-10-25 14:22:44,784 :: INFO :: Control node : stop power of open node
2024-10-25 14:22:44,825 :: INFO :: Control node : reset
2024-10-25 14:22:44,829 :: INFO :: Reset Control Node
2024-10-25 14:22:47,622 :: INFO :: Stop experiment succeeded
