2024-10-25 14:12:15,802 :: INFO :: Start experiment: perezram-407283
2024-10-25 14:12:15,806 :: INFO :: Control node : Starting of control node serial interface
2024-10-25 14:12:15,809 :: INFO :: Control node : reset
2024-10-25 14:12:15,812 :: INFO :: Reset Control Node
2024-10-25 14:12:18,600 :: INFO :: Control node : start power of open node
2024-10-25 14:12:18,618 :: INFO :: Node OpenOCD: Setup of openocd node
2024-10-25 14:12:21,633 :: INFO :: Node OpenOCD: flash of openocd node
2024-10-25 14:12:21,638 :: INFO :: Flash firmware on OpenOCD: /tmp/tmp_1fhuvqi--7c3c512c3f976ee7624ea799df015619_get-mac.iotlab
2024-10-25 14:12:29,082 :: INFO :: Control node : Start experiment
2024-10-25 14:12:29,147 :: INFO :: Control Node set time delay: 2192 us
2024-10-25 14:12:29,177 :: INFO :: Control node : profile configuration
2024-10-25 14:12:29,181 :: INFO :: Configure profile on Control Node
2024-10-25 14:12:29,247 :: INFO :: Start experiment succeeded
2024-10-25 14:22:38,780 :: INFO :: Gateway Manager : Stop experiment
2024-10-25 14:22:38,786 :: INFO :: Stop experiment
2024-10-25 14:22:38,790 :: INFO :: Control node : stop of the experiment
2024-10-25 14:22:38,795 :: INFO :: Control node : profile configuration
2024-10-25 14:22:38,798 :: INFO :: Configure profile on Control Node
2024-10-25 14:22:38,845 :: INFO :: Control node : start power of open node
2024-10-25 14:22:38,878 :: INFO :: Node OpenOCD: teardown of openocd node
2024-10-25 14:22:41,894 :: INFO :: openocd node debugger stop
2024-10-25 14:22:42,515 :: INFO :: Node OpenOCD: flash of openocd node
2024-10-25 14:22:42,518 :: INFO :: Flash firmware on OpenOCD: /usr/lib/python3.8/site-packages/gateway_code/static/m3_idle.elf
2024-10-25 14:22:44,661 :: INFO :: Control node : Stop control node serial interface
2024-10-25 14:22:44,665 :: INFO :: Control node : stop power of open node
2024-10-25 14:22:44,705 :: INFO :: Control node : reset
2024-10-25 14:22:44,709 :: INFO :: Reset Control Node
2024-10-25 14:22:47,460 :: INFO :: Stop experiment succeeded
