2024-10-25 14:12:15,796 :: INFO :: Start experiment: perezram-407283
2024-10-25 14:12:15,800 :: INFO :: Control node : Starting of control node serial interface
2024-10-25 14:12:15,803 :: INFO :: Control node : reset
2024-10-25 14:12:15,806 :: INFO :: Reset Control Node
2024-10-25 14:12:18,594 :: INFO :: Control node : start power of open node
2024-10-25 14:12:18,612 :: INFO :: Node OpenOCD: Setup of openocd node
2024-10-25 14:12:21,626 :: INFO :: Node OpenOCD: flash of openocd node
2024-10-25 14:12:21,631 :: INFO :: Flash firmware on OpenOCD: /tmp/tmpsxoopuqe--7c3c512c3f976ee7624ea799df015619_get-mac.iotlab
2024-10-25 14:12:29,177 :: INFO :: Control node : Start experiment
2024-10-25 14:12:29,243 :: INFO :: Control Node set time delay: 6564 us
2024-10-25 14:12:29,283 :: INFO :: Control node : profile configuration
2024-10-25 14:12:29,287 :: INFO :: Configure profile on Control Node
2024-10-25 14:12:29,337 :: INFO :: Start experiment succeeded
2024-10-25 14:22:38,791 :: INFO :: Gateway Manager : Stop experiment
2024-10-25 14:22:38,796 :: INFO :: Stop experiment
2024-10-25 14:22:38,800 :: INFO :: Control node : stop of the experiment
2024-10-25 14:22:38,805 :: INFO :: Control node : profile configuration
2024-10-25 14:22:38,808 :: INFO :: Configure profile on Control Node
2024-10-25 14:22:38,859 :: INFO :: Control node : start power of open node
2024-10-25 14:22:38,891 :: INFO :: Node OpenOCD: teardown of openocd node
2024-10-25 14:22:41,907 :: INFO :: openocd node debugger stop
2024-10-25 14:22:42,529 :: INFO :: Node OpenOCD: flash of openocd node
2024-10-25 14:22:42,532 :: INFO :: Flash firmware on OpenOCD: /usr/lib/python3.8/site-packages/gateway_code/static/m3_idle.elf
2024-10-25 14:22:44,674 :: INFO :: Control node : Stop control node serial interface
2024-10-25 14:22:44,679 :: INFO :: Control node : stop power of open node
2024-10-25 14:22:44,719 :: INFO :: Control node : reset
2024-10-25 14:22:44,722 :: INFO :: Reset Control Node
2024-10-25 14:22:47,503 :: INFO :: Stop experiment succeeded
