2024-10-25 14:12:15,742 :: INFO :: Start experiment: perezram-407283
2024-10-25 14:12:15,746 :: INFO :: Control node : Starting of control node serial interface
2024-10-25 14:12:15,749 :: INFO :: Control node : reset
2024-10-25 14:12:15,752 :: INFO :: Reset Control Node
2024-10-25 14:12:18,540 :: INFO :: Control node : start power of open node
2024-10-25 14:12:18,558 :: INFO :: Node OpenOCD: Setup of openocd node
2024-10-25 14:12:21,572 :: INFO :: Node OpenOCD: flash of openocd node
2024-10-25 14:12:21,577 :: INFO :: Flash firmware on OpenOCD: /tmp/tmp0duqowoa--7c3c512c3f976ee7624ea799df015619_get-mac.iotlab
2024-10-25 14:12:29,071 :: INFO :: Control node : Start experiment
2024-10-25 14:12:29,149 :: INFO :: Control Node set time delay: 13931 us
2024-10-25 14:12:29,181 :: INFO :: Control node : profile configuration
2024-10-25 14:12:29,184 :: INFO :: Configure profile on Control Node
2024-10-25 14:12:29,235 :: INFO :: Start experiment succeeded
2024-10-25 14:22:38,790 :: INFO :: Gateway Manager : Stop experiment
2024-10-25 14:22:38,796 :: INFO :: Stop experiment
2024-10-25 14:22:38,800 :: INFO :: Control node : stop of the experiment
2024-10-25 14:22:38,805 :: INFO :: Control node : profile configuration
2024-10-25 14:22:38,808 :: INFO :: Configure profile on Control Node
2024-10-25 14:22:38,864 :: INFO :: Control node : start power of open node
2024-10-25 14:22:38,896 :: INFO :: Node OpenOCD: teardown of openocd node
2024-10-25 14:22:41,913 :: INFO :: openocd node debugger stop
2024-10-25 14:22:42,535 :: INFO :: Node OpenOCD: flash of openocd node
2024-10-25 14:22:42,538 :: INFO :: Flash firmware on OpenOCD: /usr/lib/python3.8/site-packages/gateway_code/static/m3_idle.elf
2024-10-25 14:22:44,679 :: INFO :: Control node : Stop control node serial interface
2024-10-25 14:22:44,684 :: INFO :: Control node : stop power of open node
2024-10-25 14:22:44,723 :: INFO :: Control node : reset
2024-10-25 14:22:44,727 :: INFO :: Reset Control Node
2024-10-25 14:22:47,517 :: INFO :: Stop experiment succeeded
