2024-10-25 14:12:15,894 :: INFO :: Start experiment: perezram-407283
2024-10-25 14:12:15,898 :: INFO :: Control node : Starting of control node serial interface
2024-10-25 14:12:15,901 :: INFO :: Control node : reset
2024-10-25 14:12:15,904 :: INFO :: Reset Control Node
2024-10-25 14:12:18,692 :: INFO :: Control node : start power of open node
2024-10-25 14:12:18,710 :: INFO :: Node OpenOCD: Setup of openocd node
2024-10-25 14:12:21,724 :: INFO :: Node OpenOCD: flash of openocd node
2024-10-25 14:12:21,730 :: INFO :: Flash firmware on OpenOCD: /tmp/tmpped7jo7v--7c3c512c3f976ee7624ea799df015619_get-mac.iotlab
2024-10-25 14:12:29,224 :: INFO :: Control node : Start experiment
2024-10-25 14:12:29,285 :: INFO :: Control Node set time delay: 5735 us
2024-10-25 14:12:29,310 :: INFO :: Control node : profile configuration
2024-10-25 14:12:29,323 :: INFO :: Configure profile on Control Node
2024-10-25 14:12:29,387 :: INFO :: Start experiment succeeded
2024-10-25 14:22:38,793 :: INFO :: Gateway Manager : Stop experiment
2024-10-25 14:22:38,799 :: INFO :: Stop experiment
2024-10-25 14:22:38,803 :: INFO :: Control node : stop of the experiment
2024-10-25 14:22:38,808 :: INFO :: Control node : profile configuration
2024-10-25 14:22:38,811 :: INFO :: Configure profile on Control Node
2024-10-25 14:22:38,869 :: INFO :: Control node : start power of open node
2024-10-25 14:22:38,901 :: INFO :: Node OpenOCD: teardown of openocd node
2024-10-25 14:22:41,917 :: INFO :: openocd node debugger stop
2024-10-25 14:22:42,539 :: INFO :: Node OpenOCD: flash of openocd node
2024-10-25 14:22:42,543 :: INFO :: Flash firmware on OpenOCD: /usr/lib/python3.8/site-packages/gateway_code/static/m3_idle.elf
2024-10-25 14:22:44,685 :: INFO :: Control node : Stop control node serial interface
2024-10-25 14:22:44,689 :: INFO :: Control node : stop power of open node
2024-10-25 14:22:44,729 :: INFO :: Control node : reset
2024-10-25 14:22:44,732 :: INFO :: Reset Control Node
2024-10-25 14:22:47,516 :: INFO :: Stop experiment succeeded
