2024-10-25 14:12:15,212 :: INFO :: Start experiment: perezram-407283
2024-10-25 14:12:15,216 :: INFO :: Control node : Starting of control node serial interface
2024-10-25 14:12:15,219 :: INFO :: Control node : reset
2024-10-25 14:12:15,222 :: INFO :: Reset Control Node
2024-10-25 14:12:18,011 :: INFO :: Control node : start power of open node
2024-10-25 14:12:18,029 :: INFO :: Node OpenOCD: Setup of openocd node
2024-10-25 14:12:21,043 :: INFO :: Node OpenOCD: flash of openocd node
2024-10-25 14:12:21,048 :: INFO :: Flash firmware on OpenOCD: /tmp/tmp2tv88r0w--7c3c512c3f976ee7624ea799df015619_get-mac.iotlab
2024-10-25 14:12:28,491 :: INFO :: Control node : Start experiment
2024-10-25 14:12:28,588 :: INFO :: Control Node set time delay: 13079 us
2024-10-25 14:12:28,603 :: INFO :: Control node : profile configuration
2024-10-25 14:12:28,607 :: INFO :: Configure profile on Control Node
2024-10-25 14:12:28,657 :: INFO :: Start experiment succeeded
2024-10-25 14:22:38,772 :: INFO :: Gateway Manager : Stop experiment
2024-10-25 14:22:38,777 :: INFO :: Stop experiment
2024-10-25 14:22:38,782 :: INFO :: Control node : stop of the experiment
2024-10-25 14:22:38,786 :: INFO :: Control node : profile configuration
2024-10-25 14:22:38,789 :: INFO :: Configure profile on Control Node
2024-10-25 14:22:38,848 :: INFO :: Control node : start power of open node
2024-10-25 14:22:38,880 :: INFO :: Node OpenOCD: teardown of openocd node
2024-10-25 14:22:41,896 :: INFO :: openocd node debugger stop
2024-10-25 14:22:42,517 :: INFO :: Node OpenOCD: flash of openocd node
2024-10-25 14:22:42,520 :: INFO :: Flash firmware on OpenOCD: /usr/lib/python3.8/site-packages/gateway_code/static/m3_idle.elf
2024-10-25 14:22:44,663 :: INFO :: Control node : Stop control node serial interface
2024-10-25 14:22:44,667 :: INFO :: Control node : stop power of open node
2024-10-25 14:22:44,707 :: INFO :: Control node : reset
2024-10-25 14:22:44,711 :: INFO :: Reset Control Node
2024-10-25 14:22:47,484 :: INFO :: Stop experiment succeeded
