2024-10-25 14:12:15,203 :: INFO :: Start experiment: perezram-407283
2024-10-25 14:12:15,207 :: INFO :: Control node : Starting of control node serial interface
2024-10-25 14:12:15,210 :: INFO :: Control node : reset
2024-10-25 14:12:15,213 :: INFO :: Reset Control Node
2024-10-25 14:12:18,004 :: INFO :: Control node : start power of open node
2024-10-25 14:12:18,021 :: INFO :: Node OpenOCD: Setup of openocd node
2024-10-25 14:12:21,036 :: INFO :: Node OpenOCD: flash of openocd node
2024-10-25 14:12:21,042 :: INFO :: Flash firmware on OpenOCD: /tmp/tmphntyww9a--7c3c512c3f976ee7624ea799df015619_get-mac.iotlab
2024-10-25 14:12:28,535 :: INFO :: Control node : Start experiment
2024-10-25 14:12:28,596 :: INFO :: Control Node set time delay: 2797 us
2024-10-25 14:12:28,629 :: INFO :: Control node : profile configuration
2024-10-25 14:12:28,643 :: INFO :: Configure profile on Control Node
2024-10-25 14:12:28,698 :: INFO :: Start experiment succeeded
2024-10-25 14:22:38,771 :: INFO :: Gateway Manager : Stop experiment
2024-10-25 14:22:38,777 :: INFO :: Stop experiment
2024-10-25 14:22:38,781 :: INFO :: Control node : stop of the experiment
2024-10-25 14:22:38,786 :: INFO :: Control node : profile configuration
2024-10-25 14:22:38,789 :: INFO :: Configure profile on Control Node
2024-10-25 14:22:38,838 :: INFO :: Control node : start power of open node
2024-10-25 14:22:38,870 :: INFO :: Node OpenOCD: teardown of openocd node
2024-10-25 14:22:41,886 :: INFO :: openocd node debugger stop
2024-10-25 14:22:42,508 :: INFO :: Node OpenOCD: flash of openocd node
2024-10-25 14:22:42,511 :: INFO :: Flash firmware on OpenOCD: /usr/lib/python3.8/site-packages/gateway_code/static/m3_idle.elf
2024-10-25 14:22:44,654 :: INFO :: Control node : Stop control node serial interface
2024-10-25 14:22:44,659 :: INFO :: Control node : stop power of open node
2024-10-25 14:22:44,697 :: INFO :: Control node : reset
2024-10-25 14:22:44,701 :: INFO :: Reset Control Node
2024-10-25 14:22:47,441 :: INFO :: Stop experiment succeeded
