2024-10-25 14:12:15,926 :: INFO :: Start experiment: perezram-407283
2024-10-25 14:12:15,930 :: INFO :: Control node : Starting of control node serial interface
2024-10-25 14:12:15,933 :: INFO :: Control node : reset
2024-10-25 14:12:15,936 :: INFO :: Reset Control Node
2024-10-25 14:12:18,725 :: INFO :: Control node : start power of open node
2024-10-25 14:12:18,743 :: INFO :: Node OpenOCD: Setup of openocd node
2024-10-25 14:12:21,757 :: INFO :: Node OpenOCD: flash of openocd node
2024-10-25 14:12:21,762 :: INFO :: Flash firmware on OpenOCD: /tmp/tmp2gvx5rvr--7c3c512c3f976ee7624ea799df015619_get-mac.iotlab
2024-10-25 14:12:29,261 :: INFO :: Control node : Start experiment
2024-10-25 14:12:29,334 :: INFO :: Control Node set time delay: 12498 us
2024-10-25 14:12:29,363 :: INFO :: Control node : profile configuration
2024-10-25 14:12:29,366 :: INFO :: Configure profile on Control Node
2024-10-25 14:12:29,435 :: INFO :: Start experiment succeeded
2024-10-25 14:22:38,882 :: INFO :: Gateway Manager : Stop experiment
2024-10-25 14:22:38,888 :: INFO :: Stop experiment
2024-10-25 14:22:38,891 :: INFO :: Control node : stop of the experiment
2024-10-25 14:22:38,896 :: INFO :: Control node : profile configuration
2024-10-25 14:22:38,899 :: INFO :: Configure profile on Control Node
2024-10-25 14:22:38,953 :: INFO :: Control node : start power of open node
2024-10-25 14:22:38,986 :: INFO :: Node OpenOCD: teardown of openocd node
2024-10-25 14:22:42,002 :: INFO :: openocd node debugger stop
2024-10-25 14:22:42,623 :: INFO :: Node OpenOCD: flash of openocd node
2024-10-25 14:22:42,627 :: INFO :: Flash firmware on OpenOCD: /usr/lib/python3.8/site-packages/gateway_code/static/m3_idle.elf
2024-10-25 14:22:44,769 :: INFO :: Control node : Stop control node serial interface
2024-10-25 14:22:44,773 :: INFO :: Control node : stop power of open node
2024-10-25 14:22:44,813 :: INFO :: Control node : reset
2024-10-25 14:22:44,816 :: INFO :: Reset Control Node
2024-10-25 14:22:47,586 :: INFO :: Stop experiment succeeded
