2024-10-25 14:12:15,726 :: INFO :: Start experiment: perezram-407283
2024-10-25 14:12:15,730 :: INFO :: Control node : Starting of control node serial interface
2024-10-25 14:12:15,733 :: INFO :: Control node : reset
2024-10-25 14:12:15,736 :: INFO :: Reset Control Node
2024-10-25 14:12:18,527 :: INFO :: Control node : start power of open node
2024-10-25 14:12:18,546 :: INFO :: Node OpenOCD: Setup of openocd node
2024-10-25 14:12:21,560 :: INFO :: Node OpenOCD: flash of openocd node
2024-10-25 14:12:21,565 :: INFO :: Flash firmware on OpenOCD: /tmp/tmp8ev_hnve--7c3c512c3f976ee7624ea799df015619_get-mac.iotlab
2024-10-25 14:12:29,012 :: INFO :: Control node : Start experiment
2024-10-25 14:12:29,073 :: INFO :: Control Node set time delay: 1254 us
2024-10-25 14:12:29,105 :: INFO :: Control node : profile configuration
2024-10-25 14:12:29,108 :: INFO :: Configure profile on Control Node
2024-10-25 14:12:29,175 :: INFO :: Start experiment succeeded
2024-10-25 14:22:38,778 :: INFO :: Gateway Manager : Stop experiment
2024-10-25 14:22:38,784 :: INFO :: Stop experiment
2024-10-25 14:22:38,788 :: INFO :: Control node : stop of the experiment
2024-10-25 14:22:38,793 :: INFO :: Control node : profile configuration
2024-10-25 14:22:38,796 :: INFO :: Configure profile on Control Node
2024-10-25 14:22:38,840 :: INFO :: Control node : start power of open node
2024-10-25 14:22:38,872 :: INFO :: Node OpenOCD: teardown of openocd node
2024-10-25 14:22:41,888 :: INFO :: openocd node debugger stop
2024-10-25 14:22:42,510 :: INFO :: Node OpenOCD: flash of openocd node
2024-10-25 14:22:42,513 :: INFO :: Flash firmware on OpenOCD: /usr/lib/python3.8/site-packages/gateway_code/static/m3_idle.elf
2024-10-25 14:22:44,659 :: INFO :: Control node : Stop control node serial interface
2024-10-25 14:22:44,664 :: INFO :: Control node : stop power of open node
2024-10-25 14:22:44,699 :: INFO :: Control node : reset
2024-10-25 14:22:44,703 :: INFO :: Reset Control Node
2024-10-25 14:22:47,448 :: INFO :: Stop experiment succeeded
