2024-10-25 14:12:15,532 :: INFO :: Start experiment: perezram-407283
2024-10-25 14:12:15,536 :: INFO :: Control node : Starting of control node serial interface
2024-10-25 14:12:15,539 :: INFO :: Control node : reset
2024-10-25 14:12:15,542 :: INFO :: Reset Control Node
2024-10-25 14:12:18,331 :: INFO :: Control node : start power of open node
2024-10-25 14:12:18,349 :: INFO :: Node OpenOCD: Setup of openocd node
2024-10-25 14:12:21,363 :: INFO :: Node OpenOCD: flash of openocd node
2024-10-25 14:12:21,368 :: INFO :: Flash firmware on OpenOCD: /tmp/tmp42pv6ors--7c3c512c3f976ee7624ea799df015619_get-mac.iotlab
2024-10-25 14:12:28,862 :: INFO :: Control node : Start experiment
2024-10-25 14:12:28,940 :: INFO :: Control Node set time delay: 11076 us
2024-10-25 14:12:28,972 :: INFO :: Control node : profile configuration
2024-10-25 14:12:28,975 :: INFO :: Configure profile on Control Node
2024-10-25 14:12:29,026 :: INFO :: Start experiment succeeded
2024-10-25 14:22:38,799 :: INFO :: Gateway Manager : Stop experiment
2024-10-25 14:22:38,805 :: INFO :: Stop experiment
2024-10-25 14:22:38,809 :: INFO :: Control node : stop of the experiment
2024-10-25 14:22:38,814 :: INFO :: Control node : profile configuration
2024-10-25 14:22:38,817 :: INFO :: Configure profile on Control Node
2024-10-25 14:22:38,865 :: INFO :: Control node : start power of open node
2024-10-25 14:22:38,897 :: INFO :: Node OpenOCD: teardown of openocd node
2024-10-25 14:22:41,913 :: INFO :: openocd node debugger stop
2024-10-25 14:22:42,535 :: INFO :: Node OpenOCD: flash of openocd node
2024-10-25 14:22:42,538 :: INFO :: Flash firmware on OpenOCD: /usr/lib/python3.8/site-packages/gateway_code/static/m3_idle.elf
2024-10-25 14:22:44,679 :: INFO :: Control node : Stop control node serial interface
2024-10-25 14:22:44,684 :: INFO :: Control node : stop power of open node
2024-10-25 14:22:44,725 :: INFO :: Control node : reset
2024-10-25 14:22:44,728 :: INFO :: Reset Control Node
2024-10-25 14:22:47,528 :: INFO :: Stop experiment succeeded
