2024-10-25 14:12:15,642 :: INFO :: Start experiment: perezram-407283
2024-10-25 14:12:15,645 :: INFO :: Control node : Starting of control node serial interface
2024-10-25 14:12:15,648 :: INFO :: Control node : reset
2024-10-25 14:12:15,652 :: INFO :: Reset Control Node
2024-10-25 14:12:18,440 :: INFO :: Control node : start power of open node
2024-10-25 14:12:18,459 :: INFO :: Node OpenOCD: Setup of openocd node
2024-10-25 14:12:21,473 :: INFO :: Node OpenOCD: flash of openocd node
2024-10-25 14:12:21,478 :: INFO :: Flash firmware on OpenOCD: /tmp/tmpujadvsjq--7c3c512c3f976ee7624ea799df015619_get-mac.iotlab
2024-10-25 14:12:28,970 :: INFO :: Control node : Start experiment
2024-10-25 14:12:29,057 :: INFO :: Control Node set time delay: 15633 us
2024-10-25 14:12:29,082 :: INFO :: Control node : profile configuration
2024-10-25 14:12:29,085 :: INFO :: Configure profile on Control Node
2024-10-25 14:12:29,135 :: INFO :: Start experiment succeeded
2024-10-25 14:22:38,798 :: INFO :: Gateway Manager : Stop experiment
2024-10-25 14:22:38,804 :: INFO :: Stop experiment
2024-10-25 14:22:38,808 :: INFO :: Control node : stop of the experiment
2024-10-25 14:22:38,813 :: INFO :: Control node : profile configuration
2024-10-25 14:22:38,816 :: INFO :: Configure profile on Control Node
2024-10-25 14:22:38,860 :: INFO :: Control node : start power of open node
2024-10-25 14:22:38,892 :: INFO :: Node OpenOCD: teardown of openocd node
2024-10-25 14:22:41,908 :: INFO :: openocd node debugger stop
2024-10-25 14:22:42,531 :: INFO :: Node OpenOCD: flash of openocd node
2024-10-25 14:22:42,534 :: INFO :: Flash firmware on OpenOCD: /usr/lib/python3.8/site-packages/gateway_code/static/m3_idle.elf
2024-10-25 14:22:44,676 :: INFO :: Control node : Stop control node serial interface
2024-10-25 14:22:44,681 :: INFO :: Control node : stop power of open node
2024-10-25 14:22:44,720 :: INFO :: Control node : reset
2024-10-25 14:22:44,723 :: INFO :: Reset Control Node
2024-10-25 14:22:47,506 :: INFO :: Stop experiment succeeded
