2024-10-25 14:12:15,561 :: INFO :: Start experiment: perezram-407283
2024-10-25 14:12:15,565 :: INFO :: Control node : Starting of control node serial interface
2024-10-25 14:12:15,568 :: INFO :: Control node : reset
2024-10-25 14:12:15,571 :: INFO :: Reset Control Node
2024-10-25 14:12:18,358 :: INFO :: Control node : start power of open node
2024-10-25 14:12:18,376 :: INFO :: Node OpenOCD: Setup of openocd node
2024-10-25 14:12:21,391 :: INFO :: Node OpenOCD: flash of openocd node
2024-10-25 14:12:21,396 :: INFO :: Flash firmware on OpenOCD: /tmp/tmp0chnk9pe--7c3c512c3f976ee7624ea799df015619_get-mac.iotlab
2024-10-25 14:12:28,890 :: INFO :: Control node : Start experiment
2024-10-25 14:12:28,983 :: INFO :: Control Node set time delay: 13189 us
2024-10-25 14:12:29,015 :: INFO :: Control node : profile configuration
2024-10-25 14:12:29,018 :: INFO :: Configure profile on Control Node
2024-10-25 14:12:29,069 :: INFO :: Start experiment succeeded
2024-10-25 14:22:38,868 :: INFO :: Gateway Manager : Stop experiment
2024-10-25 14:22:38,874 :: INFO :: Stop experiment
2024-10-25 14:22:38,878 :: INFO :: Control node : stop of the experiment
2024-10-25 14:22:38,883 :: INFO :: Control node : profile configuration
2024-10-25 14:22:38,886 :: INFO :: Configure profile on Control Node
2024-10-25 14:22:38,938 :: INFO :: Control node : start power of open node
2024-10-25 14:22:38,970 :: INFO :: Node OpenOCD: teardown of openocd node
2024-10-25 14:22:41,986 :: INFO :: openocd node debugger stop
2024-10-25 14:22:42,608 :: INFO :: Node OpenOCD: flash of openocd node
2024-10-25 14:22:42,611 :: INFO :: Flash firmware on OpenOCD: /usr/lib/python3.8/site-packages/gateway_code/static/m3_idle.elf
2024-10-25 14:22:44,753 :: INFO :: Control node : Stop control node serial interface
2024-10-25 14:22:44,758 :: INFO :: Control node : stop power of open node
2024-10-25 14:22:44,798 :: INFO :: Control node : reset
2024-10-25 14:22:44,801 :: INFO :: Reset Control Node
2024-10-25 14:22:47,561 :: INFO :: Stop experiment succeeded
