2024-10-25 14:12:16,036 :: INFO :: Start experiment: perezram-407283
2024-10-25 14:12:16,040 :: INFO :: Control node : Starting of control node serial interface
2024-10-25 14:12:16,043 :: INFO :: Control node : reset
2024-10-25 14:12:16,046 :: INFO :: Reset Control Node
2024-10-25 14:12:18,841 :: INFO :: Control node : start power of open node
2024-10-25 14:12:18,860 :: INFO :: Node OpenOCD: Setup of openocd node
2024-10-25 14:12:21,875 :: INFO :: Node OpenOCD: flash of openocd node
2024-10-25 14:12:21,879 :: INFO :: Flash firmware on OpenOCD: /tmp/tmpyw3vjvf0--7c3c512c3f976ee7624ea799df015619_get-mac.iotlab
2024-10-25 14:12:29,374 :: INFO :: Control node : Start experiment
2024-10-25 14:12:29,451 :: INFO :: Control Node set time delay: 7901 us
2024-10-25 14:12:29,483 :: INFO :: Control node : profile configuration
2024-10-25 14:12:29,486 :: INFO :: Configure profile on Control Node
2024-10-25 14:12:29,537 :: INFO :: Start experiment succeeded
2024-10-25 14:22:38,874 :: INFO :: Gateway Manager : Stop experiment
2024-10-25 14:22:38,880 :: INFO :: Stop experiment
2024-10-25 14:22:38,884 :: INFO :: Control node : stop of the experiment
2024-10-25 14:22:38,888 :: INFO :: Control node : profile configuration
2024-10-25 14:22:38,892 :: INFO :: Configure profile on Control Node
2024-10-25 14:22:38,942 :: INFO :: Control node : start power of open node
2024-10-25 14:22:38,974 :: INFO :: Node OpenOCD: teardown of openocd node
2024-10-25 14:22:41,990 :: INFO :: openocd node debugger stop
2024-10-25 14:22:42,612 :: INFO :: Node OpenOCD: flash of openocd node
2024-10-25 14:22:42,615 :: INFO :: Flash firmware on OpenOCD: /usr/lib/python3.8/site-packages/gateway_code/static/m3_idle.elf
2024-10-25 14:22:44,757 :: INFO :: Control node : Stop control node serial interface
2024-10-25 14:22:44,762 :: INFO :: Control node : stop power of open node
2024-10-25 14:22:44,801 :: INFO :: Control node : reset
2024-10-25 14:22:44,805 :: INFO :: Reset Control Node
2024-10-25 14:22:47,574 :: INFO :: Stop experiment succeeded
