2024-11-03 16:05:03,547 :: INFO :: Start experiment: perezram-407546
2024-11-03 16:05:03,552 :: INFO :: Control node : Starting of control node serial interface
2024-11-03 16:05:03,557 :: INFO :: Control node : reset
2024-11-03 16:05:03,561 :: INFO :: Reset Control Node
2024-11-03 16:05:06,660 :: INFO :: Control node : start power of open node
2024-11-03 16:05:06,678 :: INFO :: Node OpenOCD: Setup of openocd node
2024-11-03 16:05:09,692 :: INFO :: Node OpenOCD: flash of openocd node
2024-11-03 16:05:09,696 :: INFO :: Flash firmware on OpenOCD: /usr/lib/python3.8/site-packages/gateway_code/static/m3_idle.elf
2024-11-03 16:05:11,845 :: INFO :: Control node : Start experiment
2024-11-03 16:05:11,909 :: INFO :: Control Node set time delay: 13086 us
2024-11-03 16:05:11,939 :: INFO :: Control node : profile configuration
2024-11-03 16:05:11,942 :: INFO :: Configure profile on Control Node
2024-11-03 16:05:12,011 :: INFO :: Start experiment succeeded
2024-11-03 16:06:30,511 :: INFO :: Gateway Manager : Flash of node
2024-11-03 16:06:30,517 :: INFO :: Flash firmware on open node: /tmp/tmpo7jtrl1_--firmware8229551668611751539-udp-client.iotlab
2024-11-03 16:06:30,560 :: INFO :: Node OpenOCD: flash of openocd node
2024-11-03 16:06:30,564 :: INFO :: Flash firmware on OpenOCD: /tmp/tmpo7jtrl1_--firmware8229551668611751539-udp-client.iotlab
2024-11-03 16:32:21,985 :: INFO :: Gateway Manager : Flash of node
2024-11-03 16:32:22,035 :: INFO :: Flash firmware on open node: /tmp/tmpkr1b54_w--firmware8960688895124794454-udp-client.iotlab
2024-11-03 16:32:22,075 :: INFO :: Node OpenOCD: flash of openocd node
2024-11-03 16:32:22,078 :: INFO :: Flash firmware on OpenOCD: /tmp/tmpkr1b54_w--firmware8960688895124794454-udp-client.iotlab
2024-11-03 16:50:21,277 :: INFO :: Gateway Manager : Stop experiment
2024-11-03 16:50:21,284 :: INFO :: Stop experiment
2024-11-03 16:50:21,289 :: INFO :: Control node : stop of the experiment
2024-11-03 16:50:21,295 :: INFO :: Control node : profile configuration
2024-11-03 16:50:21,300 :: INFO :: Configure profile on Control Node
2024-11-03 16:50:21,348 :: INFO :: Control node : start power of open node
2024-11-03 16:50:21,381 :: INFO :: Node OpenOCD: teardown of openocd node
2024-11-03 16:50:24,400 :: INFO :: openocd node debugger stop
2024-11-03 16:50:25,021 :: INFO :: Node OpenOCD: flash of openocd node
2024-11-03 16:50:25,025 :: INFO :: Flash firmware on OpenOCD: /usr/lib/python3.8/site-packages/gateway_code/static/m3_idle.elf
2024-11-03 16:50:27,167 :: INFO :: Control node : Stop control node serial interface
2024-11-03 16:50:27,171 :: INFO :: Control node : stop power of open node
2024-11-03 16:50:27,208 :: INFO :: Control node : reset
2024-11-03 16:50:27,212 :: INFO :: Reset Control Node
2024-11-03 16:50:29,955 :: INFO :: Stop experiment succeeded
