2024-11-03 16:05:03,742 :: INFO :: Start experiment: perezram-407546
2024-11-03 16:05:03,746 :: INFO :: Control node : Starting of control node serial interface
2024-11-03 16:05:03,749 :: INFO :: Control node : reset
2024-11-03 16:05:03,752 :: INFO :: Reset Control Node
2024-11-03 16:05:06,743 :: INFO :: Control node : start power of open node
2024-11-03 16:05:06,758 :: INFO :: Node OpenOCD: Setup of openocd node
2024-11-03 16:05:09,772 :: INFO :: Node OpenOCD: flash of openocd node
2024-11-03 16:05:09,777 :: INFO :: Flash firmware on OpenOCD: /usr/lib/python3.8/site-packages/gateway_code/static/m3_idle.elf
2024-11-03 16:05:11,945 :: INFO :: Control node : Start experiment
2024-11-03 16:05:11,990 :: INFO :: Control Node set time delay: 11358 us
2024-11-03 16:05:12,022 :: INFO :: Control node : profile configuration
2024-11-03 16:05:12,025 :: INFO :: Configure profile on Control Node
2024-11-03 16:05:12,075 :: INFO :: Start experiment succeeded
2024-11-03 16:06:31,354 :: INFO :: Gateway Manager : Flash of node
2024-11-03 16:06:31,359 :: INFO :: Flash firmware on open node: /tmp/tmpva4trvwg--firmware8229551668611751539-udp-client.iotlab
2024-11-03 16:06:31,404 :: INFO :: Node OpenOCD: flash of openocd node
2024-11-03 16:06:31,408 :: INFO :: Flash firmware on OpenOCD: /tmp/tmpva4trvwg--firmware8229551668611751539-udp-client.iotlab
2024-11-03 16:32:23,604 :: INFO :: Gateway Manager : Flash of node
2024-11-03 16:32:23,610 :: INFO :: Flash firmware on open node: /tmp/tmpeejwtrx2--firmware8960688895124794454-udp-client.iotlab
2024-11-03 16:32:23,650 :: INFO :: Node OpenOCD: flash of openocd node
2024-11-03 16:32:23,653 :: INFO :: Flash firmware on OpenOCD: /tmp/tmpeejwtrx2--firmware8960688895124794454-udp-client.iotlab
2024-11-03 16:50:21,632 :: INFO :: Gateway Manager : Stop experiment
2024-11-03 16:50:21,638 :: INFO :: Stop experiment
2024-11-03 16:50:21,642 :: INFO :: Control node : stop of the experiment
2024-11-03 16:50:21,647 :: INFO :: Control node : profile configuration
2024-11-03 16:50:21,650 :: INFO :: Configure profile on Control Node
2024-11-03 16:50:21,696 :: INFO :: Control node : start power of open node
2024-11-03 16:50:21,728 :: INFO :: Node OpenOCD: teardown of openocd node
2024-11-03 16:50:24,743 :: INFO :: openocd node debugger stop
2024-11-03 16:50:25,365 :: INFO :: Node OpenOCD: flash of openocd node
2024-11-03 16:50:25,368 :: INFO :: Flash firmware on OpenOCD: /usr/lib/python3.8/site-packages/gateway_code/static/m3_idle.elf
2024-11-03 16:50:27,510 :: INFO :: Control node : Stop control node serial interface
2024-11-03 16:50:27,515 :: INFO :: Control node : stop power of open node
2024-11-03 16:50:27,555 :: INFO :: Control node : reset
2024-11-03 16:50:27,559 :: INFO :: Reset Control Node
2024-11-03 16:50:30,296 :: INFO :: Stop experiment succeeded
