2024-11-03 16:05:03,979 :: INFO :: Start experiment: perezram-407546
2024-11-03 16:05:03,983 :: INFO :: Control node : Starting of control node serial interface
2024-11-03 16:05:03,986 :: INFO :: Control node : reset
2024-11-03 16:05:03,989 :: INFO :: Reset Control Node
2024-11-03 16:05:06,792 :: INFO :: Control node : start power of open node
2024-11-03 16:05:06,810 :: INFO :: Node OpenOCD: Setup of openocd node
2024-11-03 16:05:09,825 :: INFO :: Node OpenOCD: flash of openocd node
2024-11-03 16:05:09,830 :: INFO :: Flash firmware on OpenOCD: /usr/lib/python3.8/site-packages/gateway_code/static/m3_idle.elf
2024-11-03 16:05:11,977 :: INFO :: Control node : Start experiment
2024-11-03 16:05:12,025 :: INFO :: Control Node set time delay: 1367 us
2024-11-03 16:05:12,058 :: INFO :: Control node : profile configuration
2024-11-03 16:05:12,072 :: INFO :: Configure profile on Control Node
2024-11-03 16:05:12,127 :: INFO :: Start experiment succeeded
2024-11-03 16:06:31,078 :: INFO :: Gateway Manager : Flash of node
2024-11-03 16:06:31,084 :: INFO :: Flash firmware on open node: /tmp/tmpvhqsrd3p--firmware8229551668611751539-udp-client.iotlab
2024-11-03 16:06:31,129 :: INFO :: Node OpenOCD: flash of openocd node
2024-11-03 16:06:31,133 :: INFO :: Flash firmware on OpenOCD: /tmp/tmpvhqsrd3p--firmware8229551668611751539-udp-client.iotlab
2024-11-03 16:32:23,896 :: INFO :: Gateway Manager : Flash of node
2024-11-03 16:32:23,903 :: INFO :: Flash firmware on open node: /tmp/tmp77scado6--firmware8960688895124794454-udp-client.iotlab
2024-11-03 16:32:23,942 :: INFO :: Node OpenOCD: flash of openocd node
2024-11-03 16:32:23,946 :: INFO :: Flash firmware on OpenOCD: /tmp/tmp77scado6--firmware8960688895124794454-udp-client.iotlab
2024-11-03 16:50:21,569 :: INFO :: Gateway Manager : Stop experiment
2024-11-03 16:50:21,575 :: INFO :: Stop experiment
2024-11-03 16:50:21,579 :: INFO :: Control node : stop of the experiment
2024-11-03 16:50:21,584 :: INFO :: Control node : profile configuration
2024-11-03 16:50:21,587 :: INFO :: Configure profile on Control Node
2024-11-03 16:50:21,641 :: INFO :: Control node : start power of open node
2024-11-03 16:50:21,673 :: INFO :: Node OpenOCD: teardown of openocd node
2024-11-03 16:50:24,690 :: INFO :: openocd node debugger stop
2024-11-03 16:50:25,215 :: INFO :: Node OpenOCD: flash of openocd node
2024-11-03 16:50:25,218 :: INFO :: Flash firmware on OpenOCD: /usr/lib/python3.8/site-packages/gateway_code/static/m3_idle.elf
2024-11-03 16:50:27,359 :: INFO :: Control node : Stop control node serial interface
2024-11-03 16:50:27,364 :: INFO :: Control node : stop power of open node
2024-11-03 16:50:27,404 :: INFO :: Control node : reset
2024-11-03 16:50:27,408 :: INFO :: Reset Control Node
2024-11-03 16:50:30,182 :: INFO :: Stop experiment succeeded
