2024-11-03 16:05:03,936 :: INFO :: Start experiment: perezram-407546
2024-11-03 16:05:03,940 :: INFO :: Control node : Starting of control node serial interface
2024-11-03 16:05:03,943 :: INFO :: Control node : reset
2024-11-03 16:05:03,946 :: INFO :: Reset Control Node
2024-11-03 16:05:06,798 :: INFO :: Control node : start power of open node
2024-11-03 16:05:06,816 :: INFO :: Node OpenOCD: Setup of openocd node
2024-11-03 16:05:09,831 :: INFO :: Node OpenOCD: flash of openocd node
2024-11-03 16:05:09,835 :: INFO :: Flash firmware on OpenOCD: /usr/lib/python3.8/site-packages/gateway_code/static/m3_idle.elf
2024-11-03 16:05:11,982 :: INFO :: Control node : Start experiment
2024-11-03 16:05:12,068 :: INFO :: Control Node set time delay: 7044 us
2024-11-03 16:05:12,079 :: INFO :: Control node : profile configuration
2024-11-03 16:05:12,083 :: INFO :: Configure profile on Control Node
2024-11-03 16:05:12,149 :: INFO :: Start experiment succeeded
2024-11-03 16:06:31,080 :: INFO :: Gateway Manager : Flash of node
2024-11-03 16:06:31,085 :: INFO :: Flash firmware on open node: /tmp/tmpod_6hvh9--firmware8229551668611751539-udp-client.iotlab
2024-11-03 16:06:31,130 :: INFO :: Node OpenOCD: flash of openocd node
2024-11-03 16:06:31,134 :: INFO :: Flash firmware on OpenOCD: /tmp/tmpod_6hvh9--firmware8229551668611751539-udp-client.iotlab
2024-11-03 16:32:23,782 :: INFO :: Gateway Manager : Flash of node
2024-11-03 16:32:23,788 :: INFO :: Flash firmware on open node: /tmp/tmp9dvjb6cp--firmware8960688895124794454-udp-client.iotlab
2024-11-03 16:32:23,828 :: INFO :: Node OpenOCD: flash of openocd node
2024-11-03 16:32:23,831 :: INFO :: Flash firmware on OpenOCD: /tmp/tmp9dvjb6cp--firmware8960688895124794454-udp-client.iotlab
2024-11-03 16:50:21,566 :: INFO :: Gateway Manager : Stop experiment
2024-11-03 16:50:21,571 :: INFO :: Stop experiment
2024-11-03 16:50:21,575 :: INFO :: Control node : stop of the experiment
2024-11-03 16:50:21,580 :: INFO :: Control node : profile configuration
2024-11-03 16:50:21,583 :: INFO :: Configure profile on Control Node
2024-11-03 16:50:21,630 :: INFO :: Control node : start power of open node
2024-11-03 16:50:21,662 :: INFO :: Node OpenOCD: teardown of openocd node
2024-11-03 16:50:24,679 :: INFO :: openocd node debugger stop
2024-11-03 16:50:25,203 :: INFO :: Node OpenOCD: flash of openocd node
2024-11-03 16:50:25,206 :: INFO :: Flash firmware on OpenOCD: /usr/lib/python3.8/site-packages/gateway_code/static/m3_idle.elf
2024-11-03 16:50:27,348 :: INFO :: Control node : Stop control node serial interface
2024-11-03 16:50:27,352 :: INFO :: Control node : stop power of open node
2024-11-03 16:50:27,393 :: INFO :: Control node : reset
2024-11-03 16:50:27,397 :: INFO :: Reset Control Node
2024-11-03 16:50:30,146 :: INFO :: Stop experiment succeeded
