2024-11-03 16:05:03,774 :: INFO :: Start experiment: perezram-407546
2024-11-03 16:05:03,778 :: INFO :: Control node : Starting of control node serial interface
2024-11-03 16:05:03,781 :: INFO :: Control node : reset
2024-11-03 16:05:03,784 :: INFO :: Reset Control Node
2024-11-03 16:05:06,745 :: INFO :: Control node : start power of open node
2024-11-03 16:05:06,760 :: INFO :: Node OpenOCD: Setup of openocd node
2024-11-03 16:05:09,775 :: INFO :: Node OpenOCD: flash of openocd node
2024-11-03 16:05:09,780 :: INFO :: Flash firmware on OpenOCD: /usr/lib/python3.8/site-packages/gateway_code/static/m3_idle.elf
2024-11-03 16:05:11,927 :: INFO :: Control node : Start experiment
2024-11-03 16:05:12,006 :: INFO :: Control Node set time delay: 16112 us
2024-11-03 16:05:12,024 :: INFO :: Control node : profile configuration
2024-11-03 16:05:12,032 :: INFO :: Configure profile on Control Node
2024-11-03 16:05:12,093 :: INFO :: Start experiment succeeded
2024-11-03 16:06:31,181 :: INFO :: Gateway Manager : Flash of node
2024-11-03 16:06:31,186 :: INFO :: Flash firmware on open node: /tmp/tmp0wl8hxx4--firmware8229551668611751539-udp-client.iotlab
2024-11-03 16:06:31,226 :: INFO :: Node OpenOCD: flash of openocd node
2024-11-03 16:06:31,229 :: INFO :: Flash firmware on OpenOCD: /tmp/tmp0wl8hxx4--firmware8229551668611751539-udp-client.iotlab
2024-11-03 16:32:23,707 :: INFO :: Gateway Manager : Flash of node
2024-11-03 16:32:23,713 :: INFO :: Flash firmware on open node: /tmp/tmpgin6ofhv--firmware8960688895124794454-udp-client.iotlab
2024-11-03 16:32:23,758 :: INFO :: Node OpenOCD: flash of openocd node
2024-11-03 16:32:23,762 :: INFO :: Flash firmware on OpenOCD: /tmp/tmpgin6ofhv--firmware8960688895124794454-udp-client.iotlab
2024-11-03 16:50:21,564 :: INFO :: Gateway Manager : Stop experiment
2024-11-03 16:50:21,569 :: INFO :: Stop experiment
2024-11-03 16:50:21,574 :: INFO :: Control node : stop of the experiment
2024-11-03 16:50:21,578 :: INFO :: Control node : profile configuration
2024-11-03 16:50:21,581 :: INFO :: Configure profile on Control Node
2024-11-03 16:50:21,638 :: INFO :: Control node : start power of open node
2024-11-03 16:50:21,670 :: INFO :: Node OpenOCD: teardown of openocd node
2024-11-03 16:50:24,686 :: INFO :: openocd node debugger stop
2024-11-03 16:50:25,211 :: INFO :: Node OpenOCD: flash of openocd node
2024-11-03 16:50:25,214 :: INFO :: Flash firmware on OpenOCD: /usr/lib/python3.8/site-packages/gateway_code/static/m3_idle.elf
2024-11-03 16:50:27,355 :: INFO :: Control node : Stop control node serial interface
2024-11-03 16:50:27,360 :: INFO :: Control node : stop power of open node
2024-11-03 16:50:27,401 :: INFO :: Control node : reset
2024-11-03 16:50:27,404 :: INFO :: Reset Control Node
2024-11-03 16:50:30,190 :: INFO :: Stop experiment succeeded
