2024-11-03 16:05:03,813 :: INFO :: Start experiment: perezram-407546
2024-11-03 16:05:03,816 :: INFO :: Control node : Starting of control node serial interface
2024-11-03 16:05:03,820 :: INFO :: Control node : reset
2024-11-03 16:05:03,823 :: INFO :: Reset Control Node
2024-11-03 16:05:06,744 :: INFO :: Control node : start power of open node
2024-11-03 16:05:06,759 :: INFO :: Node OpenOCD: Setup of openocd node
2024-11-03 16:05:09,774 :: INFO :: Node OpenOCD: flash of openocd node
2024-11-03 16:05:09,779 :: INFO :: Flash firmware on OpenOCD: /usr/lib/python3.8/site-packages/gateway_code/static/m3_idle.elf
2024-11-03 16:05:11,927 :: INFO :: Control node : Start experiment
2024-11-03 16:05:12,007 :: INFO :: Control Node set time delay: 16677 us
2024-11-03 16:05:12,039 :: INFO :: Control node : profile configuration
2024-11-03 16:05:12,042 :: INFO :: Configure profile on Control Node
2024-11-03 16:05:12,093 :: INFO :: Start experiment succeeded
2024-11-03 16:06:31,206 :: INFO :: Gateway Manager : Flash of node
2024-11-03 16:06:31,210 :: INFO :: Flash firmware on open node: /tmp/tmpj1ha95ef--firmware8229551668611751539-udp-client.iotlab
2024-11-03 16:06:31,250 :: INFO :: Node OpenOCD: flash of openocd node
2024-11-03 16:06:31,254 :: INFO :: Flash firmware on OpenOCD: /tmp/tmpj1ha95ef--firmware8229551668611751539-udp-client.iotlab
2024-11-03 16:32:23,802 :: INFO :: Gateway Manager : Flash of node
2024-11-03 16:32:23,808 :: INFO :: Flash firmware on open node: /tmp/tmpspsrq3kk--firmware8960688895124794454-udp-client.iotlab
2024-11-03 16:32:23,853 :: INFO :: Node OpenOCD: flash of openocd node
2024-11-03 16:32:23,857 :: INFO :: Flash firmware on OpenOCD: /tmp/tmpspsrq3kk--firmware8960688895124794454-udp-client.iotlab
2024-11-03 16:50:21,581 :: INFO :: Gateway Manager : Stop experiment
2024-11-03 16:50:21,587 :: INFO :: Stop experiment
2024-11-03 16:50:21,591 :: INFO :: Control node : stop of the experiment
2024-11-03 16:50:21,596 :: INFO :: Control node : profile configuration
2024-11-03 16:50:21,599 :: INFO :: Configure profile on Control Node
2024-11-03 16:50:21,649 :: INFO :: Control node : start power of open node
2024-11-03 16:50:21,681 :: INFO :: Node OpenOCD: teardown of openocd node
2024-11-03 16:50:24,697 :: INFO :: openocd node debugger stop
2024-11-03 16:50:25,222 :: INFO :: Node OpenOCD: flash of openocd node
2024-11-03 16:50:25,226 :: INFO :: Flash firmware on OpenOCD: /usr/lib/python3.8/site-packages/gateway_code/static/m3_idle.elf
2024-11-03 16:50:27,367 :: INFO :: Control node : Stop control node serial interface
2024-11-03 16:50:27,372 :: INFO :: Control node : stop power of open node
2024-11-03 16:50:27,412 :: INFO :: Control node : reset
2024-11-03 16:50:27,416 :: INFO :: Reset Control Node
2024-11-03 16:50:30,194 :: INFO :: Stop experiment succeeded
