2024-11-03 16:05:03,780 :: INFO :: Start experiment: perezram-407546
2024-11-03 16:05:03,784 :: INFO :: Control node : Starting of control node serial interface
2024-11-03 16:05:03,787 :: INFO :: Control node : reset
2024-11-03 16:05:03,790 :: INFO :: Reset Control Node
2024-11-03 16:05:06,744 :: INFO :: Control node : start power of open node
2024-11-03 16:05:06,760 :: INFO :: Node OpenOCD: Setup of openocd node
2024-11-03 16:05:09,775 :: INFO :: Node OpenOCD: flash of openocd node
2024-11-03 16:05:09,780 :: INFO :: Flash firmware on OpenOCD: /usr/lib/python3.8/site-packages/gateway_code/static/m3_idle.elf
2024-11-03 16:05:11,927 :: INFO :: Control node : Start experiment
2024-11-03 16:05:11,991 :: INFO :: Control Node set time delay: 5861 us
2024-11-03 16:05:12,024 :: INFO :: Control node : profile configuration
2024-11-03 16:05:12,028 :: INFO :: Configure profile on Control Node
2024-11-03 16:05:12,093 :: INFO :: Start experiment succeeded
2024-11-03 16:06:31,311 :: INFO :: Gateway Manager : Flash of node
2024-11-03 16:06:31,316 :: INFO :: Flash firmware on open node: /tmp/tmpd8bugdv7--firmware8229551668611751539-udp-client.iotlab
2024-11-03 16:06:31,355 :: INFO :: Node OpenOCD: flash of openocd node
2024-11-03 16:06:31,359 :: INFO :: Flash firmware on OpenOCD: /tmp/tmpd8bugdv7--firmware8229551668611751539-udp-client.iotlab
2024-11-03 16:32:23,542 :: INFO :: Gateway Manager : Flash of node
2024-11-03 16:32:23,548 :: INFO :: Flash firmware on open node: /tmp/tmpwhxdrg0y--firmware8960688895124794454-udp-client.iotlab
2024-11-03 16:32:23,593 :: INFO :: Node OpenOCD: flash of openocd node
2024-11-03 16:32:23,596 :: INFO :: Flash firmware on OpenOCD: /tmp/tmpwhxdrg0y--firmware8960688895124794454-udp-client.iotlab
2024-11-03 16:50:21,574 :: INFO :: Gateway Manager : Stop experiment
2024-11-03 16:50:21,580 :: INFO :: Stop experiment
2024-11-03 16:50:21,584 :: INFO :: Control node : stop of the experiment
2024-11-03 16:50:21,589 :: INFO :: Control node : profile configuration
2024-11-03 16:50:21,592 :: INFO :: Configure profile on Control Node
2024-11-03 16:50:21,641 :: INFO :: Control node : start power of open node
2024-11-03 16:50:21,673 :: INFO :: Node OpenOCD: teardown of openocd node
2024-11-03 16:50:24,690 :: INFO :: openocd node debugger stop
2024-11-03 16:50:25,215 :: INFO :: Node OpenOCD: flash of openocd node
2024-11-03 16:50:25,218 :: INFO :: Flash firmware on OpenOCD: /usr/lib/python3.8/site-packages/gateway_code/static/m3_idle.elf
2024-11-03 16:50:27,360 :: INFO :: Control node : Stop control node serial interface
2024-11-03 16:50:27,365 :: INFO :: Control node : stop power of open node
2024-11-03 16:50:27,405 :: INFO :: Control node : reset
2024-11-03 16:50:27,408 :: INFO :: Reset Control Node
2024-11-03 16:50:30,179 :: INFO :: Stop experiment succeeded
