2024-11-03 16:05:03,917 :: INFO :: Start experiment: perezram-407546
2024-11-03 16:05:03,920 :: INFO :: Control node : Starting of control node serial interface
2024-11-03 16:05:03,923 :: INFO :: Control node : reset
2024-11-03 16:05:03,927 :: INFO :: Reset Control Node
2024-11-03 16:05:06,744 :: INFO :: Control node : start power of open node
2024-11-03 16:05:06,773 :: INFO :: Node OpenOCD: Setup of openocd node
2024-11-03 16:05:09,788 :: INFO :: Node OpenOCD: flash of openocd node
2024-11-03 16:05:09,793 :: INFO :: Flash firmware on OpenOCD: /usr/lib/python3.8/site-packages/gateway_code/static/m3_idle.elf
2024-11-03 16:05:11,939 :: INFO :: Control node : Start experiment
2024-11-03 16:05:12,008 :: INFO :: Control Node set time delay: 7152 us
2024-11-03 16:05:12,038 :: INFO :: Control node : profile configuration
2024-11-03 16:05:12,041 :: INFO :: Configure profile on Control Node
2024-11-03 16:05:12,106 :: INFO :: Start experiment succeeded
2024-11-03 16:06:31,448 :: INFO :: Gateway Manager : Flash of node
2024-11-03 16:06:31,453 :: INFO :: Flash firmware on open node: /tmp/tmpe76o33gi--firmware8229551668611751539-udp-client.iotlab
2024-11-03 16:06:31,501 :: INFO :: Node OpenOCD: flash of openocd node
2024-11-03 16:06:31,504 :: INFO :: Flash firmware on OpenOCD: /tmp/tmpe76o33gi--firmware8229551668611751539-udp-client.iotlab
2024-11-03 16:32:23,643 :: INFO :: Gateway Manager : Flash of node
2024-11-03 16:32:23,649 :: INFO :: Flash firmware on open node: /tmp/tmpu6t03y1q--firmware8960688895124794454-udp-client.iotlab
2024-11-03 16:32:23,689 :: INFO :: Node OpenOCD: flash of openocd node
2024-11-03 16:32:23,692 :: INFO :: Flash firmware on OpenOCD: /tmp/tmpu6t03y1q--firmware8960688895124794454-udp-client.iotlab
2024-11-03 16:50:21,504 :: INFO :: Gateway Manager : Stop experiment
2024-11-03 16:50:21,510 :: INFO :: Stop experiment
2024-11-03 16:50:21,514 :: INFO :: Control node : stop of the experiment
2024-11-03 16:50:21,519 :: INFO :: Control node : profile configuration
2024-11-03 16:50:21,522 :: INFO :: Configure profile on Control Node
2024-11-03 16:50:21,578 :: INFO :: Control node : start power of open node
2024-11-03 16:50:21,610 :: INFO :: Node OpenOCD: teardown of openocd node
2024-11-03 16:50:24,625 :: INFO :: openocd node debugger stop
2024-11-03 16:50:25,150 :: INFO :: Node OpenOCD: flash of openocd node
2024-11-03 16:50:25,153 :: INFO :: Flash firmware on OpenOCD: /usr/lib/python3.8/site-packages/gateway_code/static/m3_idle.elf
2024-11-03 16:50:27,295 :: INFO :: Control node : Stop control node serial interface
2024-11-03 16:50:27,299 :: INFO :: Control node : stop power of open node
2024-11-03 16:50:27,341 :: INFO :: Control node : reset
2024-11-03 16:50:27,345 :: INFO :: Reset Control Node
2024-11-03 16:50:30,101 :: INFO :: Stop experiment succeeded
