2024-11-03 16:05:03,992 :: INFO :: Start experiment: perezram-407546
2024-11-03 16:05:03,996 :: INFO :: Control node : Starting of control node serial interface
2024-11-03 16:05:03,999 :: INFO :: Control node : reset
2024-11-03 16:05:04,002 :: INFO :: Reset Control Node
2024-11-03 16:05:06,798 :: INFO :: Control node : start power of open node
2024-11-03 16:05:06,816 :: INFO :: Node OpenOCD: Setup of openocd node
2024-11-03 16:05:09,831 :: INFO :: Node OpenOCD: flash of openocd node
2024-11-03 16:05:09,836 :: INFO :: Flash firmware on OpenOCD: /usr/lib/python3.8/site-packages/gateway_code/static/m3_idle.elf
2024-11-03 16:05:11,982 :: INFO :: Control node : Start experiment
2024-11-03 16:05:12,048 :: INFO :: Control Node set time delay: 8159 us
2024-11-03 16:05:12,080 :: INFO :: Control node : profile configuration
2024-11-03 16:05:12,084 :: INFO :: Configure profile on Control Node
2024-11-03 16:05:12,133 :: INFO :: Start experiment succeeded
2024-11-03 16:06:31,127 :: INFO :: Gateway Manager : Flash of node
2024-11-03 16:06:31,133 :: INFO :: Flash firmware on open node: /tmp/tmp92rvm3mz--firmware8229551668611751539-udp-client.iotlab
2024-11-03 16:06:31,172 :: INFO :: Node OpenOCD: flash of openocd node
2024-11-03 16:06:31,176 :: INFO :: Flash firmware on OpenOCD: /tmp/tmp92rvm3mz--firmware8229551668611751539-udp-client.iotlab
2024-11-03 16:32:23,151 :: INFO :: Gateway Manager : Flash of node
2024-11-03 16:32:23,157 :: INFO :: Flash firmware on open node: /tmp/tmpn95ah6pd--firmware8960688895124794454-udp-client.iotlab
2024-11-03 16:32:23,202 :: INFO :: Node OpenOCD: flash of openocd node
2024-11-03 16:32:23,206 :: INFO :: Flash firmware on OpenOCD: /tmp/tmpn95ah6pd--firmware8960688895124794454-udp-client.iotlab
2024-11-03 16:50:21,560 :: INFO :: Gateway Manager : Stop experiment
2024-11-03 16:50:21,566 :: INFO :: Stop experiment
2024-11-03 16:50:21,570 :: INFO :: Control node : stop of the experiment
2024-11-03 16:50:21,575 :: INFO :: Control node : profile configuration
2024-11-03 16:50:21,578 :: INFO :: Configure profile on Control Node
2024-11-03 16:50:21,637 :: INFO :: Control node : start power of open node
2024-11-03 16:50:21,669 :: INFO :: Node OpenOCD: teardown of openocd node
2024-11-03 16:50:24,687 :: INFO :: openocd node debugger stop
2024-11-03 16:50:25,212 :: INFO :: Node OpenOCD: flash of openocd node
2024-11-03 16:50:25,215 :: INFO :: Flash firmware on OpenOCD: /usr/lib/python3.8/site-packages/gateway_code/static/m3_idle.elf
2024-11-03 16:50:27,357 :: INFO :: Control node : Stop control node serial interface
2024-11-03 16:50:27,362 :: INFO :: Control node : stop power of open node
2024-11-03 16:50:27,400 :: INFO :: Control node : reset
2024-11-03 16:50:27,404 :: INFO :: Reset Control Node
2024-11-03 16:50:30,156 :: INFO :: Stop experiment succeeded
