2024-11-03 16:05:03,766 :: INFO :: Start experiment: perezram-407546
2024-11-03 16:05:03,770 :: INFO :: Control node : Starting of control node serial interface
2024-11-03 16:05:03,773 :: INFO :: Control node : reset
2024-11-03 16:05:03,776 :: INFO :: Reset Control Node
2024-11-03 16:05:06,742 :: INFO :: Control node : start power of open node
2024-11-03 16:05:06,757 :: INFO :: Node OpenOCD: Setup of openocd node
2024-11-03 16:05:09,772 :: INFO :: Node OpenOCD: flash of openocd node
2024-11-03 16:05:09,777 :: INFO :: Flash firmware on OpenOCD: /usr/lib/python3.8/site-packages/gateway_code/static/m3_idle.elf
2024-11-03 16:05:11,924 :: INFO :: Control node : Start experiment
2024-11-03 16:05:11,989 :: INFO :: Control Node set time delay: 12756 us
2024-11-03 16:05:12,022 :: INFO :: Control node : profile configuration
2024-11-03 16:05:12,025 :: INFO :: Configure profile on Control Node
2024-11-03 16:05:12,090 :: INFO :: Start experiment succeeded
2024-11-03 16:06:31,182 :: INFO :: Gateway Manager : Flash of node
2024-11-03 16:06:31,187 :: INFO :: Flash firmware on open node: /tmp/tmpc12k0cna--firmware8229551668611751539-udp-client.iotlab
2024-11-03 16:06:31,227 :: INFO :: Node OpenOCD: flash of openocd node
2024-11-03 16:06:31,230 :: INFO :: Flash firmware on OpenOCD: /tmp/tmpc12k0cna--firmware8229551668611751539-udp-client.iotlab
2024-11-03 16:32:23,491 :: INFO :: Gateway Manager : Flash of node
2024-11-03 16:32:23,497 :: INFO :: Flash firmware on open node: /tmp/tmpso3z7hvy--firmware8960688895124794454-udp-client.iotlab
2024-11-03 16:32:23,542 :: INFO :: Node OpenOCD: flash of openocd node
2024-11-03 16:32:23,545 :: INFO :: Flash firmware on OpenOCD: /tmp/tmpso3z7hvy--firmware8960688895124794454-udp-client.iotlab
2024-11-03 16:50:21,570 :: INFO :: Gateway Manager : Stop experiment
2024-11-03 16:50:21,575 :: INFO :: Stop experiment
2024-11-03 16:50:21,579 :: INFO :: Control node : stop of the experiment
2024-11-03 16:50:21,584 :: INFO :: Control node : profile configuration
2024-11-03 16:50:21,587 :: INFO :: Configure profile on Control Node
2024-11-03 16:50:21,645 :: INFO :: Control node : start power of open node
2024-11-03 16:50:21,677 :: INFO :: Node OpenOCD: teardown of openocd node
2024-11-03 16:50:24,693 :: INFO :: openocd node debugger stop
2024-11-03 16:50:25,218 :: INFO :: Node OpenOCD: flash of openocd node
2024-11-03 16:50:25,221 :: INFO :: Flash firmware on OpenOCD: /usr/lib/python3.8/site-packages/gateway_code/static/m3_idle.elf
2024-11-03 16:50:27,362 :: INFO :: Control node : Stop control node serial interface
2024-11-03 16:50:27,367 :: INFO :: Control node : stop power of open node
2024-11-03 16:50:27,408 :: INFO :: Control node : reset
2024-11-03 16:50:27,412 :: INFO :: Reset Control Node
2024-11-03 16:50:30,181 :: INFO :: Stop experiment succeeded
