2024-11-03 16:05:03,651 :: INFO :: Start experiment: perezram-407546
2024-11-03 16:05:03,655 :: INFO :: Control node : Starting of control node serial interface
2024-11-03 16:05:03,658 :: INFO :: Control node : reset
2024-11-03 16:05:03,661 :: INFO :: Reset Control Node
2024-11-03 16:05:06,738 :: INFO :: Control node : start power of open node
2024-11-03 16:05:06,754 :: INFO :: Node OpenOCD: Setup of openocd node
2024-11-03 16:05:09,769 :: INFO :: Node OpenOCD: flash of openocd node
2024-11-03 16:05:09,773 :: INFO :: Flash firmware on OpenOCD: /usr/lib/python3.8/site-packages/gateway_code/static/m3_idle.elf
2024-11-03 16:05:11,920 :: INFO :: Control node : Start experiment
2024-11-03 16:05:11,985 :: INFO :: Control Node set time delay: 10495 us
2024-11-03 16:05:12,015 :: INFO :: Control node : profile configuration
2024-11-03 16:05:12,018 :: INFO :: Configure profile on Control Node
2024-11-03 16:05:12,087 :: INFO :: Start experiment succeeded
2024-11-03 16:06:30,713 :: INFO :: Gateway Manager : Flash of node
2024-11-03 16:06:30,718 :: INFO :: Flash firmware on open node: /tmp/tmpjfijqdi2--firmware8229551668611751539-udp-client.iotlab
2024-11-03 16:06:30,758 :: INFO :: Node OpenOCD: flash of openocd node
2024-11-03 16:06:30,762 :: INFO :: Flash firmware on OpenOCD: /tmp/tmpjfijqdi2--firmware8229551668611751539-udp-client.iotlab
2024-11-03 16:32:22,318 :: INFO :: Gateway Manager : Flash of node
2024-11-03 16:32:22,372 :: INFO :: Flash firmware on open node: /tmp/tmpq0kcb52k--firmware8960688895124794454-udp-client.iotlab
2024-11-03 16:32:22,417 :: INFO :: Node OpenOCD: flash of openocd node
2024-11-03 16:32:22,421 :: INFO :: Flash firmware on OpenOCD: /tmp/tmpq0kcb52k--firmware8960688895124794454-udp-client.iotlab
2024-11-03 16:50:21,302 :: INFO :: Gateway Manager : Stop experiment
2024-11-03 16:50:21,308 :: INFO :: Stop experiment
2024-11-03 16:50:21,312 :: INFO :: Control node : stop of the experiment
2024-11-03 16:50:21,317 :: INFO :: Control node : profile configuration
2024-11-03 16:50:21,321 :: INFO :: Configure profile on Control Node
2024-11-03 16:50:21,379 :: INFO :: Control node : start power of open node
2024-11-03 16:50:21,410 :: INFO :: Node OpenOCD: teardown of openocd node
2024-11-03 16:50:24,425 :: INFO :: openocd node debugger stop
2024-11-03 16:50:25,047 :: INFO :: Node OpenOCD: flash of openocd node
2024-11-03 16:50:25,051 :: INFO :: Flash firmware on OpenOCD: /usr/lib/python3.8/site-packages/gateway_code/static/m3_idle.elf
2024-11-03 16:50:27,192 :: INFO :: Control node : Stop control node serial interface
2024-11-03 16:50:27,197 :: INFO :: Control node : stop power of open node
2024-11-03 16:50:27,237 :: INFO :: Control node : reset
2024-11-03 16:50:27,241 :: INFO :: Reset Control Node
2024-11-03 16:50:29,987 :: INFO :: Stop experiment succeeded
