2024-11-03 16:05:03,765 :: INFO :: Start experiment: perezram-407546
2024-11-03 16:05:03,769 :: INFO :: Control node : Starting of control node serial interface
2024-11-03 16:05:03,772 :: INFO :: Control node : reset
2024-11-03 16:05:03,776 :: INFO :: Reset Control Node
2024-11-03 16:05:06,744 :: INFO :: Control node : start power of open node
2024-11-03 16:05:06,759 :: INFO :: Node OpenOCD: Setup of openocd node
2024-11-03 16:05:09,774 :: INFO :: Node OpenOCD: flash of openocd node
2024-11-03 16:05:09,779 :: INFO :: Flash firmware on OpenOCD: /usr/lib/python3.8/site-packages/gateway_code/static/m3_idle.elf
2024-11-03 16:05:11,926 :: INFO :: Control node : Start experiment
2024-11-03 16:05:11,991 :: INFO :: Control Node set time delay: 13095 us
2024-11-03 16:05:12,026 :: INFO :: Control node : profile configuration
2024-11-03 16:05:12,030 :: INFO :: Configure profile on Control Node
2024-11-03 16:05:12,092 :: INFO :: Start experiment succeeded
2024-11-03 16:06:31,372 :: INFO :: Gateway Manager : Flash of node
2024-11-03 16:06:31,377 :: INFO :: Flash firmware on open node: /tmp/tmpbf5fq3he--firmware8229551668611751539-udp-client.iotlab
2024-11-03 16:06:31,423 :: INFO :: Node OpenOCD: flash of openocd node
2024-11-03 16:06:31,426 :: INFO :: Flash firmware on OpenOCD: /tmp/tmpbf5fq3he--firmware8229551668611751539-udp-client.iotlab
2024-11-03 16:32:23,105 :: INFO :: Gateway Manager : Flash of node
2024-11-03 16:32:23,111 :: INFO :: Flash firmware on open node: /tmp/tmpy9fdklv0--firmware8960688895124794454-udp-client.iotlab
2024-11-03 16:32:23,150 :: INFO :: Node OpenOCD: flash of openocd node
2024-11-03 16:32:23,154 :: INFO :: Flash firmware on OpenOCD: /tmp/tmpy9fdklv0--firmware8960688895124794454-udp-client.iotlab
2024-11-03 16:50:21,564 :: INFO :: Gateway Manager : Stop experiment
2024-11-03 16:50:21,569 :: INFO :: Stop experiment
2024-11-03 16:50:21,573 :: INFO :: Control node : stop of the experiment
2024-11-03 16:50:21,578 :: INFO :: Control node : profile configuration
2024-11-03 16:50:21,582 :: INFO :: Configure profile on Control Node
2024-11-03 16:50:21,632 :: INFO :: Control node : start power of open node
2024-11-03 16:50:21,664 :: INFO :: Node OpenOCD: teardown of openocd node
2024-11-03 16:50:24,681 :: INFO :: openocd node debugger stop
2024-11-03 16:50:25,206 :: INFO :: Node OpenOCD: flash of openocd node
2024-11-03 16:50:25,209 :: INFO :: Flash firmware on OpenOCD: /usr/lib/python3.8/site-packages/gateway_code/static/m3_idle.elf
2024-11-03 16:50:27,351 :: INFO :: Control node : Stop control node serial interface
2024-11-03 16:50:27,356 :: INFO :: Control node : stop power of open node
2024-11-03 16:50:27,396 :: INFO :: Control node : reset
2024-11-03 16:50:27,399 :: INFO :: Reset Control Node
2024-11-03 16:50:30,144 :: INFO :: Stop experiment succeeded
