2024-11-03 16:05:03,940 :: INFO :: Start experiment: perezram-407546
2024-11-03 16:05:03,943 :: INFO :: Control node : Starting of control node serial interface
2024-11-03 16:05:03,947 :: INFO :: Control node : reset
2024-11-03 16:05:03,950 :: INFO :: Reset Control Node
2024-11-03 16:05:06,802 :: INFO :: Control node : start power of open node
2024-11-03 16:05:06,817 :: INFO :: Node OpenOCD: Setup of openocd node
2024-11-03 16:05:09,832 :: INFO :: Node OpenOCD: flash of openocd node
2024-11-03 16:05:09,837 :: INFO :: Flash firmware on OpenOCD: /usr/lib/python3.8/site-packages/gateway_code/static/m3_idle.elf
2024-11-03 16:05:11,983 :: INFO :: Control node : Start experiment
2024-11-03 16:05:12,049 :: INFO :: Control Node set time delay: 8424 us
2024-11-03 16:05:12,072 :: INFO :: Control node : profile configuration
2024-11-03 16:05:12,085 :: INFO :: Configure profile on Control Node
2024-11-03 16:05:12,150 :: INFO :: Start experiment succeeded
2024-11-03 16:06:31,080 :: INFO :: Gateway Manager : Flash of node
2024-11-03 16:06:31,085 :: INFO :: Flash firmware on open node: /tmp/tmpn6h5wij8--firmware8229551668611751539-udp-client.iotlab
2024-11-03 16:06:31,124 :: INFO :: Node OpenOCD: flash of openocd node
2024-11-03 16:06:31,128 :: INFO :: Flash firmware on OpenOCD: /tmp/tmpn6h5wij8--firmware8229551668611751539-udp-client.iotlab
2024-11-03 16:32:23,901 :: INFO :: Gateway Manager : Flash of node
2024-11-03 16:32:23,907 :: INFO :: Flash firmware on open node: /tmp/tmpxg4lkpth--firmware8960688895124794454-udp-client.iotlab
2024-11-03 16:32:23,952 :: INFO :: Node OpenOCD: flash of openocd node
2024-11-03 16:32:23,956 :: INFO :: Flash firmware on OpenOCD: /tmp/tmpxg4lkpth--firmware8960688895124794454-udp-client.iotlab
2024-11-03 16:50:21,558 :: INFO :: Gateway Manager : Stop experiment
2024-11-03 16:50:21,565 :: INFO :: Stop experiment
2024-11-03 16:50:21,569 :: INFO :: Control node : stop of the experiment
2024-11-03 16:50:21,574 :: INFO :: Control node : profile configuration
2024-11-03 16:50:21,577 :: INFO :: Configure profile on Control Node
2024-11-03 16:50:21,635 :: INFO :: Control node : start power of open node
2024-11-03 16:50:21,667 :: INFO :: Node OpenOCD: teardown of openocd node
2024-11-03 16:50:24,685 :: INFO :: openocd node debugger stop
2024-11-03 16:50:25,209 :: INFO :: Node OpenOCD: flash of openocd node
2024-11-03 16:50:25,213 :: INFO :: Flash firmware on OpenOCD: /usr/lib/python3.8/site-packages/gateway_code/static/m3_idle.elf
2024-11-03 16:50:27,355 :: INFO :: Control node : Stop control node serial interface
2024-11-03 16:50:27,359 :: INFO :: Control node : stop power of open node
2024-11-03 16:50:27,398 :: INFO :: Control node : reset
2024-11-03 16:50:27,402 :: INFO :: Reset Control Node
2024-11-03 16:50:30,145 :: INFO :: Stop experiment succeeded
