2024-11-03 16:05:03,754 :: INFO :: Start experiment: perezram-407546
2024-11-03 16:05:03,758 :: INFO :: Control node : Starting of control node serial interface
2024-11-03 16:05:03,761 :: INFO :: Control node : reset
2024-11-03 16:05:03,764 :: INFO :: Reset Control Node
2024-11-03 16:05:06,743 :: INFO :: Control node : start power of open node
2024-11-03 16:05:06,765 :: INFO :: Node OpenOCD: Setup of openocd node
2024-11-03 16:05:09,779 :: INFO :: Node OpenOCD: flash of openocd node
2024-11-03 16:05:09,784 :: INFO :: Flash firmware on OpenOCD: /usr/lib/python3.8/site-packages/gateway_code/static/m3_idle.elf
2024-11-03 16:05:11,931 :: INFO :: Control node : Start experiment
2024-11-03 16:05:12,002 :: INFO :: Control Node set time delay: 12967 us
2024-11-03 16:05:12,029 :: INFO :: Control node : profile configuration
2024-11-03 16:05:12,032 :: INFO :: Configure profile on Control Node
2024-11-03 16:05:12,098 :: INFO :: Start experiment succeeded
2024-11-03 16:06:31,013 :: INFO :: Gateway Manager : Flash of node
2024-11-03 16:06:31,019 :: INFO :: Flash firmware on open node: /tmp/tmpg885l15t--firmware8229551668611751539-udp-client.iotlab
2024-11-03 16:06:31,058 :: INFO :: Node OpenOCD: flash of openocd node
2024-11-03 16:06:31,062 :: INFO :: Flash firmware on OpenOCD: /tmp/tmpg885l15t--firmware8229551668611751539-udp-client.iotlab
2024-11-03 16:32:23,840 :: INFO :: Gateway Manager : Flash of node
2024-11-03 16:32:23,846 :: INFO :: Flash firmware on open node: /tmp/tmppbcndjdv--firmware8960688895124794454-udp-client.iotlab
2024-11-03 16:32:23,891 :: INFO :: Node OpenOCD: flash of openocd node
2024-11-03 16:32:23,895 :: INFO :: Flash firmware on OpenOCD: /tmp/tmppbcndjdv--firmware8960688895124794454-udp-client.iotlab
2024-11-03 16:50:21,578 :: INFO :: Gateway Manager : Stop experiment
2024-11-03 16:50:21,583 :: INFO :: Stop experiment
2024-11-03 16:50:21,588 :: INFO :: Control node : stop of the experiment
2024-11-03 16:50:21,593 :: INFO :: Control node : profile configuration
2024-11-03 16:50:21,596 :: INFO :: Configure profile on Control Node
2024-11-03 16:50:21,648 :: INFO :: Control node : start power of open node
2024-11-03 16:50:21,680 :: INFO :: Node OpenOCD: teardown of openocd node
2024-11-03 16:50:24,696 :: INFO :: openocd node debugger stop
2024-11-03 16:50:25,222 :: INFO :: Node OpenOCD: flash of openocd node
2024-11-03 16:50:25,225 :: INFO :: Flash firmware on OpenOCD: /usr/lib/python3.8/site-packages/gateway_code/static/m3_idle.elf
2024-11-03 16:50:27,367 :: INFO :: Control node : Stop control node serial interface
2024-11-03 16:50:27,372 :: INFO :: Control node : stop power of open node
2024-11-03 16:50:27,411 :: INFO :: Control node : reset
2024-11-03 16:50:27,415 :: INFO :: Reset Control Node
2024-11-03 16:50:30,193 :: INFO :: Stop experiment succeeded
