2024-11-03 16:05:03,870 :: INFO :: Start experiment: perezram-407546
2024-11-03 16:05:03,874 :: INFO :: Control node : Starting of control node serial interface
2024-11-03 16:05:03,877 :: INFO :: Control node : reset
2024-11-03 16:05:03,880 :: INFO :: Reset Control Node
2024-11-03 16:05:06,746 :: INFO :: Control node : start power of open node
2024-11-03 16:05:06,760 :: INFO :: Node OpenOCD: Setup of openocd node
2024-11-03 16:05:09,775 :: INFO :: Node OpenOCD: flash of openocd node
2024-11-03 16:05:09,780 :: INFO :: Flash firmware on OpenOCD: /usr/lib/python3.8/site-packages/gateway_code/static/m3_idle.elf
2024-11-03 16:05:11,927 :: INFO :: Control node : Start experiment
2024-11-03 16:05:11,997 :: INFO :: Control Node set time delay: 12498 us
2024-11-03 16:05:12,024 :: INFO :: Control node : profile configuration
2024-11-03 16:05:12,028 :: INFO :: Configure profile on Control Node
2024-11-03 16:05:12,093 :: INFO :: Start experiment succeeded
2024-11-03 16:06:31,357 :: INFO :: Gateway Manager : Flash of node
2024-11-03 16:06:31,362 :: INFO :: Flash firmware on open node: /tmp/tmpvsxfuq13--firmware8229551668611751539-udp-client.iotlab
2024-11-03 16:06:31,401 :: INFO :: Node OpenOCD: flash of openocd node
2024-11-03 16:06:31,405 :: INFO :: Flash firmware on OpenOCD: /tmp/tmpvsxfuq13--firmware8229551668611751539-udp-client.iotlab
2024-11-03 16:32:23,797 :: INFO :: Gateway Manager : Flash of node
2024-11-03 16:32:23,803 :: INFO :: Flash firmware on open node: /tmp/tmpg7a54lc4--firmware8960688895124794454-udp-client.iotlab
2024-11-03 16:32:23,848 :: INFO :: Node OpenOCD: flash of openocd node
2024-11-03 16:32:23,852 :: INFO :: Flash firmware on OpenOCD: /tmp/tmpg7a54lc4--firmware8960688895124794454-udp-client.iotlab
2024-11-03 16:50:21,584 :: INFO :: Gateway Manager : Stop experiment
2024-11-03 16:50:21,590 :: INFO :: Stop experiment
2024-11-03 16:50:21,594 :: INFO :: Control node : stop of the experiment
2024-11-03 16:50:21,599 :: INFO :: Control node : profile configuration
2024-11-03 16:50:21,602 :: INFO :: Configure profile on Control Node
2024-11-03 16:50:21,647 :: INFO :: Control node : start power of open node
2024-11-03 16:50:21,679 :: INFO :: Node OpenOCD: teardown of openocd node
2024-11-03 16:50:24,696 :: INFO :: openocd node debugger stop
2024-11-03 16:50:25,221 :: INFO :: Node OpenOCD: flash of openocd node
2024-11-03 16:50:25,224 :: INFO :: Flash firmware on OpenOCD: /usr/lib/python3.8/site-packages/gateway_code/static/m3_idle.elf
2024-11-03 16:50:27,365 :: INFO :: Control node : Stop control node serial interface
2024-11-03 16:50:27,370 :: INFO :: Control node : stop power of open node
2024-11-03 16:50:27,411 :: INFO :: Control node : reset
2024-11-03 16:50:27,414 :: INFO :: Reset Control Node
2024-11-03 16:50:30,202 :: INFO :: Stop experiment succeeded
