2024-11-04 10:48:29,338 :: INFO :: Start experiment: perezram-407576
2024-11-04 10:48:29,342 :: INFO :: Control node : Starting of control node serial interface
2024-11-04 10:48:29,345 :: INFO :: Control node : reset
2024-11-04 10:48:29,348 :: INFO :: Reset Control Node
2024-11-04 10:48:32,140 :: INFO :: Control node : start power of open node
2024-11-04 10:48:32,165 :: INFO :: Node OpenOCD: Setup of openocd node
2024-11-04 10:48:35,179 :: INFO :: Node OpenOCD: flash of openocd node
2024-11-04 10:48:35,184 :: INFO :: Flash firmware on OpenOCD: /usr/lib/python3.8/site-packages/gateway_code/static/m3_idle.elf
2024-11-04 10:48:37,329 :: INFO :: Control node : Start experiment
2024-11-04 10:48:37,396 :: INFO :: Control Node set time delay: 15427 us
2024-11-04 10:48:37,444 :: INFO :: Control node : profile configuration
2024-11-04 10:48:37,447 :: INFO :: Configure profile on Control Node
2024-11-04 10:48:37,497 :: INFO :: Start experiment succeeded
2024-11-04 10:49:19,383 :: INFO :: Gateway Manager : Flash of node
2024-11-04 10:49:19,388 :: INFO :: Flash firmware on open node: /tmp/tmpds9gt6jf--firmware5074167216367525631-udp-client.iotlab
2024-11-04 10:49:19,427 :: INFO :: Node OpenOCD: flash of openocd node
2024-11-04 10:49:19,431 :: INFO :: Flash firmware on OpenOCD: /tmp/tmpds9gt6jf--firmware5074167216367525631-udp-client.iotlab
2024-11-04 11:48:47,263 :: INFO :: Gateway Manager : Stop experiment
2024-11-04 11:48:47,272 :: INFO :: Stop experiment
2024-11-04 11:48:47,277 :: INFO :: Control node : stop of the experiment
2024-11-04 11:48:47,282 :: INFO :: Control node : profile configuration
2024-11-04 11:48:47,288 :: INFO :: Configure profile on Control Node
2024-11-04 11:48:47,335 :: INFO :: Control node : start power of open node
2024-11-04 11:48:47,367 :: INFO :: Node OpenOCD: teardown of openocd node
2024-11-04 11:48:50,383 :: INFO :: openocd node debugger stop
2024-11-04 11:48:51,005 :: INFO :: Node OpenOCD: flash of openocd node
2024-11-04 11:48:51,008 :: INFO :: Flash firmware on OpenOCD: /usr/lib/python3.8/site-packages/gateway_code/static/m3_idle.elf
2024-11-04 11:48:53,150 :: INFO :: Control node : Stop control node serial interface
2024-11-04 11:48:53,154 :: INFO :: Control node : stop power of open node
2024-11-04 11:48:53,194 :: INFO :: Control node : reset
2024-11-04 11:48:53,198 :: INFO :: Reset Control Node
2024-11-04 11:48:55,947 :: INFO :: Stop experiment succeeded
