2024-11-04 10:48:29,698 :: INFO :: Start experiment: perezram-407576
2024-11-04 10:48:29,702 :: INFO :: Control node : Starting of control node serial interface
2024-11-04 10:48:29,705 :: INFO :: Control node : reset
2024-11-04 10:48:29,708 :: INFO :: Reset Control Node
2024-11-04 10:48:32,501 :: INFO :: Control node : start power of open node
2024-11-04 10:48:32,519 :: INFO :: Node OpenOCD: Setup of openocd node
2024-11-04 10:48:35,534 :: INFO :: Node OpenOCD: flash of openocd node
2024-11-04 10:48:35,539 :: INFO :: Flash firmware on OpenOCD: /usr/lib/python3.8/site-packages/gateway_code/static/m3_idle.elf
2024-11-04 10:48:37,736 :: INFO :: Control node : Start experiment
2024-11-04 10:48:37,798 :: INFO :: Control Node set time delay: 6686 us
2024-11-04 10:48:37,844 :: INFO :: Control node : profile configuration
2024-11-04 10:48:37,847 :: INFO :: Configure profile on Control Node
2024-11-04 10:48:37,900 :: INFO :: Start experiment succeeded
2024-11-04 10:49:19,458 :: INFO :: Gateway Manager : Flash of node
2024-11-04 10:49:19,463 :: INFO :: Flash firmware on open node: /tmp/tmpop0f7ips--firmware5074167216367525631-udp-client.iotlab
2024-11-04 10:49:19,503 :: INFO :: Node OpenOCD: flash of openocd node
2024-11-04 10:49:19,507 :: INFO :: Flash firmware on OpenOCD: /tmp/tmpop0f7ips--firmware5074167216367525631-udp-client.iotlab
2024-11-04 11:48:47,379 :: INFO :: Gateway Manager : Stop experiment
2024-11-04 11:48:47,385 :: INFO :: Stop experiment
2024-11-04 11:48:47,389 :: INFO :: Control node : stop of the experiment
2024-11-04 11:48:47,394 :: INFO :: Control node : profile configuration
2024-11-04 11:48:47,398 :: INFO :: Configure profile on Control Node
2024-11-04 11:48:47,443 :: INFO :: Control node : start power of open node
2024-11-04 11:48:47,475 :: INFO :: Node OpenOCD: teardown of openocd node
2024-11-04 11:48:50,504 :: INFO :: openocd node debugger stop
2024-11-04 11:48:51,029 :: INFO :: Node OpenOCD: flash of openocd node
2024-11-04 11:48:51,033 :: INFO :: Flash firmware on OpenOCD: /usr/lib/python3.8/site-packages/gateway_code/static/m3_idle.elf
2024-11-04 11:48:53,174 :: INFO :: Control node : Stop control node serial interface
2024-11-04 11:48:53,178 :: INFO :: Control node : stop power of open node
2024-11-04 11:48:53,223 :: INFO :: Control node : reset
2024-11-04 11:48:53,227 :: INFO :: Reset Control Node
2024-11-04 11:48:55,990 :: INFO :: Stop experiment succeeded
