2024-11-04 10:48:29,196 :: INFO :: Start experiment: perezram-407576
2024-11-04 10:48:29,200 :: INFO :: Control node : Starting of control node serial interface
2024-11-04 10:48:29,203 :: INFO :: Control node : reset
2024-11-04 10:48:29,206 :: INFO :: Reset Control Node
2024-11-04 10:48:32,002 :: INFO :: Control node : start power of open node
2024-11-04 10:48:32,020 :: INFO :: Node OpenOCD: Setup of openocd node
2024-11-04 10:48:35,034 :: INFO :: Node OpenOCD: flash of openocd node
2024-11-04 10:48:35,039 :: INFO :: Flash firmware on OpenOCD: /usr/lib/python3.8/site-packages/gateway_code/static/m3_idle.elf
2024-11-04 10:48:37,186 :: INFO :: Control node : Start experiment
2024-11-04 10:48:37,251 :: INFO :: Control Node set time delay: 13028 us
2024-11-04 10:48:37,284 :: INFO :: Control node : profile configuration
2024-11-04 10:48:37,297 :: INFO :: Configure profile on Control Node
2024-11-04 10:48:37,358 :: INFO :: Start experiment succeeded
2024-11-04 10:49:19,322 :: INFO :: Gateway Manager : Flash of node
2024-11-04 10:49:19,328 :: INFO :: Flash firmware on open node: /tmp/tmp_m1i0c5n--firmware5074167216367525631-udp-client.iotlab
2024-11-04 10:49:19,367 :: INFO :: Node OpenOCD: flash of openocd node
2024-11-04 10:49:19,370 :: INFO :: Flash firmware on OpenOCD: /tmp/tmp_m1i0c5n--firmware5074167216367525631-udp-client.iotlab
2024-11-04 11:48:47,042 :: INFO :: Gateway Manager : Stop experiment
2024-11-04 11:48:47,049 :: INFO :: Stop experiment
2024-11-04 11:48:47,054 :: INFO :: Control node : stop of the experiment
2024-11-04 11:48:47,061 :: INFO :: Control node : profile configuration
2024-11-04 11:48:47,065 :: INFO :: Configure profile on Control Node
2024-11-04 11:48:47,121 :: INFO :: Control node : start power of open node
2024-11-04 11:48:47,155 :: INFO :: Node OpenOCD: teardown of openocd node
2024-11-04 11:48:50,173 :: INFO :: openocd node debugger stop
2024-11-04 11:48:50,794 :: INFO :: Node OpenOCD: flash of openocd node
2024-11-04 11:48:50,798 :: INFO :: Flash firmware on OpenOCD: /usr/lib/python3.8/site-packages/gateway_code/static/m3_idle.elf
2024-11-04 11:48:52,940 :: INFO :: Control node : Stop control node serial interface
2024-11-04 11:48:52,945 :: INFO :: Control node : stop power of open node
2024-11-04 11:48:52,981 :: INFO :: Control node : reset
2024-11-04 11:48:52,985 :: INFO :: Reset Control Node
2024-11-04 11:48:55,730 :: INFO :: Stop experiment succeeded
