2024-11-04 10:48:29,446 :: INFO :: Start experiment: perezram-407576
2024-11-04 10:48:29,450 :: INFO :: Control node : Starting of control node serial interface
2024-11-04 10:48:29,453 :: INFO :: Control node : reset
2024-11-04 10:48:29,456 :: INFO :: Reset Control Node
2024-11-04 10:48:32,386 :: INFO :: Control node : start power of open node
2024-11-04 10:48:32,408 :: INFO :: Node OpenOCD: Setup of openocd node
2024-11-04 10:48:35,422 :: INFO :: Node OpenOCD: flash of openocd node
2024-11-04 10:48:35,427 :: INFO :: Flash firmware on OpenOCD: /usr/lib/python3.8/site-packages/gateway_code/static/m3_idle.elf
2024-11-04 10:48:37,573 :: INFO :: Control node : Start experiment
2024-11-04 10:48:37,640 :: INFO :: Control Node set time delay: 9637 us
2024-11-04 10:48:37,672 :: INFO :: Control node : profile configuration
2024-11-04 10:48:37,675 :: INFO :: Configure profile on Control Node
2024-11-04 10:48:37,725 :: INFO :: Start experiment succeeded
2024-11-04 10:49:19,479 :: INFO :: Gateway Manager : Flash of node
2024-11-04 10:49:19,485 :: INFO :: Flash firmware on open node: /tmp/tmp3v3d8ll5--firmware5074167216367525631-udp-client.iotlab
2024-11-04 10:49:19,525 :: INFO :: Node OpenOCD: flash of openocd node
2024-11-04 10:49:19,529 :: INFO :: Flash firmware on OpenOCD: /tmp/tmp3v3d8ll5--firmware5074167216367525631-udp-client.iotlab
2024-11-04 11:48:47,294 :: INFO :: Gateway Manager : Stop experiment
2024-11-04 11:48:47,300 :: INFO :: Stop experiment
2024-11-04 11:48:47,304 :: INFO :: Control node : stop of the experiment
2024-11-04 11:48:47,309 :: INFO :: Control node : profile configuration
2024-11-04 11:48:47,312 :: INFO :: Configure profile on Control Node
2024-11-04 11:48:47,368 :: INFO :: Control node : start power of open node
2024-11-04 11:48:47,400 :: INFO :: Node OpenOCD: teardown of openocd node
2024-11-04 11:48:50,418 :: INFO :: openocd node debugger stop
2024-11-04 11:48:51,040 :: INFO :: Node OpenOCD: flash of openocd node
2024-11-04 11:48:51,043 :: INFO :: Flash firmware on OpenOCD: /usr/lib/python3.8/site-packages/gateway_code/static/m3_idle.elf
2024-11-04 11:48:53,185 :: INFO :: Control node : Stop control node serial interface
2024-11-04 11:48:53,189 :: INFO :: Control node : stop power of open node
2024-11-04 11:48:53,228 :: INFO :: Control node : reset
2024-11-04 11:48:53,232 :: INFO :: Reset Control Node
2024-11-04 11:48:55,982 :: INFO :: Stop experiment succeeded
