2024-11-04 10:48:29,704 :: INFO :: Start experiment: perezram-407576
2024-11-04 10:48:29,708 :: INFO :: Control node : Starting of control node serial interface
2024-11-04 10:48:29,711 :: INFO :: Control node : reset
2024-11-04 10:48:29,714 :: INFO :: Reset Control Node
2024-11-04 10:48:32,509 :: INFO :: Control node : start power of open node
2024-11-04 10:48:32,526 :: INFO :: Node OpenOCD: Setup of openocd node
2024-11-04 10:48:35,541 :: INFO :: Node OpenOCD: flash of openocd node
2024-11-04 10:48:35,546 :: INFO :: Flash firmware on OpenOCD: /usr/lib/python3.8/site-packages/gateway_code/static/m3_idle.elf
2024-11-04 10:48:37,692 :: INFO :: Control node : Start experiment
2024-11-04 10:48:37,757 :: INFO :: Control Node set time delay: 16382 us
2024-11-04 10:48:37,805 :: INFO :: Control node : profile configuration
2024-11-04 10:48:37,808 :: INFO :: Configure profile on Control Node
2024-11-04 10:48:37,859 :: INFO :: Start experiment succeeded
2024-11-04 10:49:19,738 :: INFO :: Gateway Manager : Flash of node
2024-11-04 10:49:19,743 :: INFO :: Flash firmware on open node: /tmp/tmp1a_jli_t--firmware5074167216367525631-udp-client.iotlab
2024-11-04 10:49:19,782 :: INFO :: Node OpenOCD: flash of openocd node
2024-11-04 10:49:19,786 :: INFO :: Flash firmware on OpenOCD: /tmp/tmp1a_jli_t--firmware5074167216367525631-udp-client.iotlab
2024-11-04 11:48:47,389 :: INFO :: Gateway Manager : Stop experiment
2024-11-04 11:48:47,395 :: INFO :: Stop experiment
2024-11-04 11:48:47,399 :: INFO :: Control node : stop of the experiment
2024-11-04 11:48:47,404 :: INFO :: Control node : profile configuration
2024-11-04 11:48:47,407 :: INFO :: Configure profile on Control Node
2024-11-04 11:48:47,464 :: INFO :: Control node : start power of open node
2024-11-04 11:48:47,496 :: INFO :: Node OpenOCD: teardown of openocd node
2024-11-04 11:48:50,513 :: INFO :: openocd node debugger stop
2024-11-04 11:48:51,038 :: INFO :: Node OpenOCD: flash of openocd node
2024-11-04 11:48:51,042 :: INFO :: Flash firmware on OpenOCD: /usr/lib/python3.8/site-packages/gateway_code/static/m3_idle.elf
2024-11-04 11:48:53,183 :: INFO :: Control node : Stop control node serial interface
2024-11-04 11:48:53,188 :: INFO :: Control node : stop power of open node
2024-11-04 11:48:53,228 :: INFO :: Control node : reset
2024-11-04 11:48:53,232 :: INFO :: Reset Control Node
2024-11-04 11:48:55,992 :: INFO :: Stop experiment succeeded
