2024-11-04 10:48:29,332 :: INFO :: Start experiment: perezram-407576
2024-11-04 10:48:29,338 :: INFO :: Control node : Starting of control node serial interface
2024-11-04 10:48:29,342 :: INFO :: Control node : reset
2024-11-04 10:48:29,345 :: INFO :: Reset Control Node
2024-11-04 10:48:32,135 :: INFO :: Control node : start power of open node
2024-11-04 10:48:32,153 :: INFO :: Node OpenOCD: Setup of openocd node
2024-11-04 10:48:35,168 :: INFO :: Node OpenOCD: flash of openocd node
2024-11-04 10:48:35,173 :: INFO :: Flash firmware on OpenOCD: /usr/lib/python3.8/site-packages/gateway_code/static/m3_idle.elf
2024-11-04 10:48:37,321 :: INFO :: Control node : Start experiment
2024-11-04 10:48:37,389 :: INFO :: Control Node set time delay: 10794 us
2024-11-04 10:48:37,417 :: INFO :: Control node : profile configuration
2024-11-04 10:48:37,421 :: INFO :: Configure profile on Control Node
2024-11-04 10:48:37,486 :: INFO :: Start experiment succeeded
2024-11-04 10:49:19,609 :: INFO :: Gateway Manager : Flash of node
2024-11-04 10:49:19,613 :: INFO :: Flash firmware on open node: /tmp/tmp7urotp4a--firmware5074167216367525631-udp-client.iotlab
2024-11-04 10:49:19,654 :: INFO :: Node OpenOCD: flash of openocd node
2024-11-04 10:49:19,657 :: INFO :: Flash firmware on OpenOCD: /tmp/tmp7urotp4a--firmware5074167216367525631-udp-client.iotlab
2024-11-04 11:48:47,196 :: INFO :: Gateway Manager : Stop experiment
2024-11-04 11:48:47,202 :: INFO :: Stop experiment
2024-11-04 11:48:47,206 :: INFO :: Control node : stop of the experiment
2024-11-04 11:48:47,211 :: INFO :: Control node : profile configuration
2024-11-04 11:48:47,214 :: INFO :: Configure profile on Control Node
2024-11-04 11:48:47,267 :: INFO :: Control node : start power of open node
2024-11-04 11:48:47,313 :: INFO :: Node OpenOCD: teardown of openocd node
2024-11-04 11:48:50,329 :: INFO :: openocd node debugger stop
2024-11-04 11:48:50,951 :: INFO :: Node OpenOCD: flash of openocd node
2024-11-04 11:48:50,954 :: INFO :: Flash firmware on OpenOCD: /usr/lib/python3.8/site-packages/gateway_code/static/m3_idle.elf
2024-11-04 11:48:53,095 :: INFO :: Control node : Stop control node serial interface
2024-11-04 11:48:53,100 :: INFO :: Control node : stop power of open node
2024-11-04 11:48:53,140 :: INFO :: Control node : reset
2024-11-04 11:48:53,144 :: INFO :: Reset Control Node
2024-11-04 11:48:55,885 :: INFO :: Stop experiment succeeded
