2024-11-04 10:48:29,686 :: INFO :: Start experiment: perezram-407576
2024-11-04 10:48:29,689 :: INFO :: Control node : Starting of control node serial interface
2024-11-04 10:48:29,693 :: INFO :: Control node : reset
2024-11-04 10:48:29,696 :: INFO :: Reset Control Node
2024-11-04 10:48:32,489 :: INFO :: Control node : start power of open node
2024-11-04 10:48:32,505 :: INFO :: Node OpenOCD: Setup of openocd node
2024-11-04 10:48:35,520 :: INFO :: Node OpenOCD: flash of openocd node
2024-11-04 10:48:35,525 :: INFO :: Flash firmware on OpenOCD: /usr/lib/python3.8/site-packages/gateway_code/static/m3_idle.elf
2024-11-04 10:48:37,670 :: INFO :: Control node : Start experiment
2024-11-04 10:48:37,742 :: INFO :: Control Node set time delay: 6931 us
2024-11-04 10:48:37,770 :: INFO :: Control node : profile configuration
2024-11-04 10:48:37,773 :: INFO :: Configure profile on Control Node
2024-11-04 10:48:37,838 :: INFO :: Start experiment succeeded
2024-11-04 10:49:19,759 :: INFO :: Gateway Manager : Flash of node
2024-11-04 10:49:19,764 :: INFO :: Flash firmware on open node: /tmp/tmpnynn8epe--firmware5074167216367525631-udp-client.iotlab
2024-11-04 10:49:19,804 :: INFO :: Node OpenOCD: flash of openocd node
2024-11-04 10:49:19,808 :: INFO :: Flash firmware on OpenOCD: /tmp/tmpnynn8epe--firmware5074167216367525631-udp-client.iotlab
2024-11-04 11:48:47,392 :: INFO :: Gateway Manager : Stop experiment
2024-11-04 11:48:47,398 :: INFO :: Stop experiment
2024-11-04 11:48:47,402 :: INFO :: Control node : stop of the experiment
2024-11-04 11:48:47,407 :: INFO :: Control node : profile configuration
2024-11-04 11:48:47,410 :: INFO :: Configure profile on Control Node
2024-11-04 11:48:47,457 :: INFO :: Control node : start power of open node
2024-11-04 11:48:47,489 :: INFO :: Node OpenOCD: teardown of openocd node
2024-11-04 11:48:50,511 :: INFO :: openocd node debugger stop
2024-11-04 11:48:51,037 :: INFO :: Node OpenOCD: flash of openocd node
2024-11-04 11:48:51,040 :: INFO :: Flash firmware on OpenOCD: /usr/lib/python3.8/site-packages/gateway_code/static/m3_idle.elf
2024-11-04 11:48:53,182 :: INFO :: Control node : Stop control node serial interface
2024-11-04 11:48:53,186 :: INFO :: Control node : stop power of open node
2024-11-04 11:48:53,220 :: INFO :: Control node : reset
2024-11-04 11:48:53,224 :: INFO :: Reset Control Node
2024-11-04 11:48:55,979 :: INFO :: Stop experiment succeeded
