2024-11-04 10:48:29,304 :: INFO :: Start experiment: perezram-407576
2024-11-04 10:48:29,308 :: INFO :: Control node : Starting of control node serial interface
2024-11-04 10:48:29,312 :: INFO :: Control node : reset
2024-11-04 10:48:29,316 :: INFO :: Reset Control Node
2024-11-04 10:48:32,113 :: INFO :: Control node : start power of open node
2024-11-04 10:48:32,141 :: INFO :: Node OpenOCD: Setup of openocd node
2024-11-04 10:48:35,155 :: INFO :: Node OpenOCD: flash of openocd node
2024-11-04 10:48:35,160 :: INFO :: Flash firmware on OpenOCD: /usr/lib/python3.8/site-packages/gateway_code/static/m3_idle.elf
2024-11-04 10:48:37,307 :: INFO :: Control node : Start experiment
2024-11-04 10:48:37,378 :: INFO :: Control Node set time delay: 12056 us
2024-11-04 10:48:37,405 :: INFO :: Control node : profile configuration
2024-11-04 10:48:37,408 :: INFO :: Configure profile on Control Node
2024-11-04 10:48:37,474 :: INFO :: Start experiment succeeded
2024-11-04 10:49:19,734 :: INFO :: Gateway Manager : Flash of node
2024-11-04 10:49:19,739 :: INFO :: Flash firmware on open node: /tmp/tmpyqf1dv7n--firmware5074167216367525631-udp-client.iotlab
2024-11-04 10:49:19,778 :: INFO :: Node OpenOCD: flash of openocd node
2024-11-04 10:49:19,782 :: INFO :: Flash firmware on OpenOCD: /tmp/tmpyqf1dv7n--firmware5074167216367525631-udp-client.iotlab
2024-11-04 11:48:47,083 :: INFO :: Gateway Manager : Stop experiment
2024-11-04 11:48:47,089 :: INFO :: Stop experiment
2024-11-04 11:48:47,093 :: INFO :: Control node : stop of the experiment
2024-11-04 11:48:47,098 :: INFO :: Control node : profile configuration
2024-11-04 11:48:47,101 :: INFO :: Configure profile on Control Node
2024-11-04 11:48:47,160 :: INFO :: Control node : start power of open node
2024-11-04 11:48:47,191 :: INFO :: Node OpenOCD: teardown of openocd node
2024-11-04 11:48:50,208 :: INFO :: openocd node debugger stop
2024-11-04 11:48:50,830 :: INFO :: Node OpenOCD: flash of openocd node
2024-11-04 11:48:50,833 :: INFO :: Flash firmware on OpenOCD: /usr/lib/python3.8/site-packages/gateway_code/static/m3_idle.elf
2024-11-04 11:48:52,976 :: INFO :: Control node : Stop control node serial interface
2024-11-04 11:48:52,981 :: INFO :: Control node : stop power of open node
2024-11-04 11:48:53,018 :: INFO :: Control node : reset
2024-11-04 11:48:53,022 :: INFO :: Reset Control Node
2024-11-04 11:48:55,762 :: INFO :: Stop experiment succeeded
