2024-11-04 10:48:29,710 :: INFO :: Start experiment: perezram-407576
2024-11-04 10:48:29,714 :: INFO :: Control node : Starting of control node serial interface
2024-11-04 10:48:29,717 :: INFO :: Control node : reset
2024-11-04 10:48:29,720 :: INFO :: Reset Control Node
2024-11-04 10:48:32,514 :: INFO :: Control node : start power of open node
2024-11-04 10:48:32,529 :: INFO :: Node OpenOCD: Setup of openocd node
2024-11-04 10:48:35,544 :: INFO :: Node OpenOCD: flash of openocd node
2024-11-04 10:48:35,549 :: INFO :: Flash firmware on OpenOCD: /usr/lib/python3.8/site-packages/gateway_code/static/m3_idle.elf
2024-11-04 10:48:37,695 :: INFO :: Control node : Start experiment
2024-11-04 10:48:37,764 :: INFO :: Control Node set time delay: 2830 us
2024-11-04 10:48:37,793 :: INFO :: Control node : profile configuration
2024-11-04 10:48:37,806 :: INFO :: Configure profile on Control Node
2024-11-04 10:48:37,862 :: INFO :: Start experiment succeeded
2024-11-04 10:49:19,762 :: INFO :: Gateway Manager : Flash of node
2024-11-04 10:49:19,767 :: INFO :: Flash firmware on open node: /tmp/tmpxjdrk49d--firmware5074167216367525631-udp-client.iotlab
2024-11-04 10:49:19,806 :: INFO :: Node OpenOCD: flash of openocd node
2024-11-04 10:49:19,810 :: INFO :: Flash firmware on OpenOCD: /tmp/tmpxjdrk49d--firmware5074167216367525631-udp-client.iotlab
2024-11-04 11:48:47,376 :: INFO :: Gateway Manager : Stop experiment
2024-11-04 11:48:47,381 :: INFO :: Stop experiment
2024-11-04 11:48:47,385 :: INFO :: Control node : stop of the experiment
2024-11-04 11:48:47,390 :: INFO :: Control node : profile configuration
2024-11-04 11:48:47,394 :: INFO :: Configure profile on Control Node
2024-11-04 11:48:47,445 :: INFO :: Control node : start power of open node
2024-11-04 11:48:47,477 :: INFO :: Node OpenOCD: teardown of openocd node
2024-11-04 11:48:50,507 :: INFO :: openocd node debugger stop
2024-11-04 11:48:51,032 :: INFO :: Node OpenOCD: flash of openocd node
2024-11-04 11:48:51,036 :: INFO :: Flash firmware on OpenOCD: /usr/lib/python3.8/site-packages/gateway_code/static/m3_idle.elf
2024-11-04 11:48:53,176 :: INFO :: Control node : Stop control node serial interface
2024-11-04 11:48:53,181 :: INFO :: Control node : stop power of open node
2024-11-04 11:48:53,225 :: INFO :: Control node : reset
2024-11-04 11:48:53,228 :: INFO :: Reset Control Node
2024-11-04 11:48:55,990 :: INFO :: Stop experiment succeeded
