2024-11-04 10:48:29,705 :: INFO :: Start experiment: perezram-407576
2024-11-04 10:48:29,709 :: INFO :: Control node : Starting of control node serial interface
2024-11-04 10:48:29,712 :: INFO :: Control node : reset
2024-11-04 10:48:29,714 :: INFO :: Reset Control Node
2024-11-04 10:48:32,507 :: INFO :: Control node : start power of open node
2024-11-04 10:48:32,525 :: INFO :: Node OpenOCD: Setup of openocd node
2024-11-04 10:48:35,540 :: INFO :: Node OpenOCD: flash of openocd node
2024-11-04 10:48:35,545 :: INFO :: Flash firmware on OpenOCD: /usr/lib/python3.8/site-packages/gateway_code/static/m3_idle.elf
2024-11-04 10:48:37,690 :: INFO :: Control node : Start experiment
2024-11-04 10:48:37,757 :: INFO :: Control Node set time delay: 7449 us
2024-11-04 10:48:37,789 :: INFO :: Control node : profile configuration
2024-11-04 10:48:37,792 :: INFO :: Configure profile on Control Node
2024-11-04 10:48:37,842 :: INFO :: Start experiment succeeded
2024-11-04 10:49:19,674 :: INFO :: Gateway Manager : Flash of node
2024-11-04 10:49:19,679 :: INFO :: Flash firmware on open node: /tmp/tmpqljd77c_--firmware5074167216367525631-udp-client.iotlab
2024-11-04 10:49:19,718 :: INFO :: Node OpenOCD: flash of openocd node
2024-11-04 10:49:19,721 :: INFO :: Flash firmware on OpenOCD: /tmp/tmpqljd77c_--firmware5074167216367525631-udp-client.iotlab
2024-11-04 11:48:47,384 :: INFO :: Gateway Manager : Stop experiment
2024-11-04 11:48:47,389 :: INFO :: Stop experiment
2024-11-04 11:48:47,393 :: INFO :: Control node : stop of the experiment
2024-11-04 11:48:47,398 :: INFO :: Control node : profile configuration
2024-11-04 11:48:47,401 :: INFO :: Configure profile on Control Node
2024-11-04 11:48:47,456 :: INFO :: Control node : start power of open node
2024-11-04 11:48:47,488 :: INFO :: Node OpenOCD: teardown of openocd node
2024-11-04 11:48:50,510 :: INFO :: openocd node debugger stop
2024-11-04 11:48:51,132 :: INFO :: Node OpenOCD: flash of openocd node
2024-11-04 11:48:51,135 :: INFO :: Flash firmware on OpenOCD: /usr/lib/python3.8/site-packages/gateway_code/static/m3_idle.elf
2024-11-04 11:48:53,276 :: INFO :: Control node : Stop control node serial interface
2024-11-04 11:48:53,281 :: INFO :: Control node : stop power of open node
2024-11-04 11:48:53,316 :: INFO :: Control node : reset
2024-11-04 11:48:53,320 :: INFO :: Reset Control Node
2024-11-04 11:48:56,071 :: INFO :: Stop experiment succeeded
