2024-11-04 10:48:29,225 :: INFO :: Start experiment: perezram-407576
2024-11-04 10:48:29,230 :: INFO :: Control node : Starting of control node serial interface
2024-11-04 10:48:29,234 :: INFO :: Control node : reset
2024-11-04 10:48:29,237 :: INFO :: Reset Control Node
2024-11-04 10:48:32,031 :: INFO :: Control node : start power of open node
2024-11-04 10:48:32,049 :: INFO :: Node OpenOCD: Setup of openocd node
2024-11-04 10:48:35,064 :: INFO :: Node OpenOCD: flash of openocd node
2024-11-04 10:48:35,069 :: INFO :: Flash firmware on OpenOCD: /usr/lib/python3.8/site-packages/gateway_code/static/m3_idle.elf
2024-11-04 10:48:37,216 :: INFO :: Control node : Start experiment
2024-11-04 10:48:37,285 :: INFO :: Control Node set time delay: 11797 us
2024-11-04 10:48:37,313 :: INFO :: Control node : profile configuration
2024-11-04 10:48:37,325 :: INFO :: Configure profile on Control Node
2024-11-04 10:48:37,382 :: INFO :: Start experiment succeeded
2024-11-04 10:49:19,766 :: INFO :: Gateway Manager : Flash of node
2024-11-04 10:49:19,772 :: INFO :: Flash firmware on open node: /tmp/tmp_q6bw4yw--firmware5074167216367525631-udp-client.iotlab
2024-11-04 10:49:19,811 :: INFO :: Node OpenOCD: flash of openocd node
2024-11-04 10:49:19,814 :: INFO :: Flash firmware on OpenOCD: /tmp/tmp_q6bw4yw--firmware5074167216367525631-udp-client.iotlab
2024-11-04 11:48:47,079 :: INFO :: Gateway Manager : Stop experiment
2024-11-04 11:48:47,084 :: INFO :: Stop experiment
2024-11-04 11:48:47,089 :: INFO :: Control node : stop of the experiment
2024-11-04 11:48:47,094 :: INFO :: Control node : profile configuration
2024-11-04 11:48:47,097 :: INFO :: Configure profile on Control Node
2024-11-04 11:48:47,147 :: INFO :: Control node : start power of open node
2024-11-04 11:48:47,181 :: INFO :: Node OpenOCD: teardown of openocd node
2024-11-04 11:48:50,222 :: INFO :: openocd node debugger stop
2024-11-04 11:48:50,844 :: INFO :: Node OpenOCD: flash of openocd node
2024-11-04 11:48:50,847 :: INFO :: Flash firmware on OpenOCD: /usr/lib/python3.8/site-packages/gateway_code/static/m3_idle.elf
2024-11-04 11:48:52,990 :: INFO :: Control node : Stop control node serial interface
2024-11-04 11:48:52,995 :: INFO :: Control node : stop power of open node
2024-11-04 11:48:53,039 :: INFO :: Control node : reset
2024-11-04 11:48:53,043 :: INFO :: Reset Control Node
2024-11-04 11:48:55,779 :: INFO :: Stop experiment succeeded
