2024-11-04 10:48:29,428 :: INFO :: Start experiment: perezram-407576
2024-11-04 10:48:29,432 :: INFO :: Control node : Starting of control node serial interface
2024-11-04 10:48:29,435 :: INFO :: Control node : reset
2024-11-04 10:48:29,438 :: INFO :: Reset Control Node
2024-11-04 10:48:32,382 :: INFO :: Control node : start power of open node
2024-11-04 10:48:32,397 :: INFO :: Node OpenOCD: Setup of openocd node
2024-11-04 10:48:35,412 :: INFO :: Node OpenOCD: flash of openocd node
2024-11-04 10:48:35,417 :: INFO :: Flash firmware on OpenOCD: /usr/lib/python3.8/site-packages/gateway_code/static/m3_idle.elf
2024-11-04 10:48:37,563 :: INFO :: Control node : Start experiment
2024-11-04 10:48:37,629 :: INFO :: Control Node set time delay: 13374 us
2024-11-04 10:48:37,659 :: INFO :: Control node : profile configuration
2024-11-04 10:48:37,662 :: INFO :: Configure profile on Control Node
2024-11-04 10:48:37,730 :: INFO :: Start experiment succeeded
2024-11-04 10:49:19,033 :: INFO :: Gateway Manager : Flash of node
2024-11-04 10:49:19,038 :: INFO :: Flash firmware on open node: /tmp/tmpugrazs46--firmware5074167216367525631-udp-client.iotlab
2024-11-04 10:49:19,078 :: INFO :: Node OpenOCD: flash of openocd node
2024-11-04 10:49:19,081 :: INFO :: Flash firmware on OpenOCD: /tmp/tmpugrazs46--firmware5074167216367525631-udp-client.iotlab
2024-11-04 11:48:47,258 :: INFO :: Gateway Manager : Stop experiment
2024-11-04 11:48:47,265 :: INFO :: Stop experiment
2024-11-04 11:48:47,270 :: INFO :: Control node : stop of the experiment
2024-11-04 11:48:47,279 :: INFO :: Control node : profile configuration
2024-11-04 11:48:47,284 :: INFO :: Configure profile on Control Node
2024-11-04 11:48:47,329 :: INFO :: Control node : start power of open node
2024-11-04 11:48:47,361 :: INFO :: Node OpenOCD: teardown of openocd node
2024-11-04 11:48:50,377 :: INFO :: openocd node debugger stop
2024-11-04 11:48:50,999 :: INFO :: Node OpenOCD: flash of openocd node
2024-11-04 11:48:51,002 :: INFO :: Flash firmware on OpenOCD: /usr/lib/python3.8/site-packages/gateway_code/static/m3_idle.elf
2024-11-04 11:48:53,143 :: INFO :: Control node : Stop control node serial interface
2024-11-04 11:48:53,148 :: INFO :: Control node : stop power of open node
2024-11-04 11:48:53,189 :: INFO :: Control node : reset
2024-11-04 11:48:53,192 :: INFO :: Reset Control Node
2024-11-04 11:48:55,936 :: INFO :: Stop experiment succeeded
