2024-11-04 10:48:29,500 :: INFO :: Start experiment: perezram-407576
2024-11-04 10:48:29,504 :: INFO :: Control node : Starting of control node serial interface
2024-11-04 10:48:29,507 :: INFO :: Control node : reset
2024-11-04 10:48:29,510 :: INFO :: Reset Control Node
2024-11-04 10:48:32,374 :: INFO :: Control node : start power of open node
2024-11-04 10:48:32,391 :: INFO :: Node OpenOCD: Setup of openocd node
2024-11-04 10:48:35,406 :: INFO :: Node OpenOCD: flash of openocd node
2024-11-04 10:48:35,411 :: INFO :: Flash firmware on OpenOCD: /usr/lib/python3.8/site-packages/gateway_code/static/m3_idle.elf
2024-11-04 10:48:37,559 :: INFO :: Control node : Start experiment
2024-11-04 10:48:37,628 :: INFO :: Control Node set time delay: 5778 us
2024-11-04 10:48:37,655 :: INFO :: Control node : profile configuration
2024-11-04 10:48:37,658 :: INFO :: Configure profile on Control Node
2024-11-04 10:48:37,724 :: INFO :: Start experiment succeeded
2024-11-04 10:49:19,625 :: INFO :: Gateway Manager : Flash of node
2024-11-04 10:49:19,631 :: INFO :: Flash firmware on open node: /tmp/tmp6k0k8jc9--firmware5074167216367525631-udp-client.iotlab
2024-11-04 10:49:19,669 :: INFO :: Node OpenOCD: flash of openocd node
2024-11-04 10:49:19,673 :: INFO :: Flash firmware on OpenOCD: /tmp/tmp6k0k8jc9--firmware5074167216367525631-udp-client.iotlab
2024-11-04 11:48:47,268 :: INFO :: Gateway Manager : Stop experiment
2024-11-04 11:48:47,275 :: INFO :: Stop experiment
2024-11-04 11:48:47,279 :: INFO :: Control node : stop of the experiment
2024-11-04 11:48:47,284 :: INFO :: Control node : profile configuration
2024-11-04 11:48:47,287 :: INFO :: Configure profile on Control Node
2024-11-04 11:48:47,343 :: INFO :: Control node : start power of open node
2024-11-04 11:48:47,375 :: INFO :: Node OpenOCD: teardown of openocd node
2024-11-04 11:48:50,393 :: INFO :: openocd node debugger stop
2024-11-04 11:48:50,918 :: INFO :: Node OpenOCD: flash of openocd node
2024-11-04 11:48:50,921 :: INFO :: Flash firmware on OpenOCD: /usr/lib/python3.8/site-packages/gateway_code/static/m3_idle.elf
2024-11-04 11:48:53,064 :: INFO :: Control node : Stop control node serial interface
2024-11-04 11:48:53,068 :: INFO :: Control node : stop power of open node
2024-11-04 11:48:53,106 :: INFO :: Control node : reset
2024-11-04 11:48:53,110 :: INFO :: Reset Control Node
2024-11-04 11:48:55,849 :: INFO :: Stop experiment succeeded
