2024-11-04 10:48:29,331 :: INFO :: Start experiment: perezram-407576
2024-11-04 10:48:29,336 :: INFO :: Control node : Starting of control node serial interface
2024-11-04 10:48:29,340 :: INFO :: Control node : reset
2024-11-04 10:48:29,343 :: INFO :: Reset Control Node
2024-11-04 10:48:32,135 :: INFO :: Control node : start power of open node
2024-11-04 10:48:32,153 :: INFO :: Node OpenOCD: Setup of openocd node
2024-11-04 10:48:35,167 :: INFO :: Node OpenOCD: flash of openocd node
2024-11-04 10:48:35,172 :: INFO :: Flash firmware on OpenOCD: /usr/lib/python3.8/site-packages/gateway_code/static/m3_idle.elf
2024-11-04 10:48:37,318 :: INFO :: Control node : Start experiment
2024-11-04 10:48:37,384 :: INFO :: Control Node set time delay: 12760 us
2024-11-04 10:48:37,417 :: INFO :: Control node : profile configuration
2024-11-04 10:48:37,420 :: INFO :: Configure profile on Control Node
2024-11-04 10:48:37,486 :: INFO :: Start experiment succeeded
2024-11-04 10:49:19,703 :: INFO :: Gateway Manager : Flash of node
2024-11-04 10:49:19,708 :: INFO :: Flash firmware on open node: /tmp/tmpkx6fs5wx--firmware5074167216367525631-udp-client.iotlab
2024-11-04 10:49:19,747 :: INFO :: Node OpenOCD: flash of openocd node
2024-11-04 10:49:19,751 :: INFO :: Flash firmware on OpenOCD: /tmp/tmpkx6fs5wx--firmware5074167216367525631-udp-client.iotlab
2024-11-04 11:48:47,176 :: INFO :: Gateway Manager : Stop experiment
2024-11-04 11:48:47,182 :: INFO :: Stop experiment
2024-11-04 11:48:47,186 :: INFO :: Control node : stop of the experiment
2024-11-04 11:48:47,191 :: INFO :: Control node : profile configuration
2024-11-04 11:48:47,194 :: INFO :: Configure profile on Control Node
2024-11-04 11:48:47,243 :: INFO :: Control node : start power of open node
2024-11-04 11:48:47,278 :: INFO :: Node OpenOCD: teardown of openocd node
2024-11-04 11:48:50,295 :: INFO :: openocd node debugger stop
2024-11-04 11:48:50,916 :: INFO :: Node OpenOCD: flash of openocd node
2024-11-04 11:48:50,920 :: INFO :: Flash firmware on OpenOCD: /usr/lib/python3.8/site-packages/gateway_code/static/m3_idle.elf
2024-11-04 11:48:53,062 :: INFO :: Control node : Stop control node serial interface
2024-11-04 11:48:53,066 :: INFO :: Control node : stop power of open node
2024-11-04 11:48:53,102 :: INFO :: Control node : reset
2024-11-04 11:48:53,105 :: INFO :: Reset Control Node
2024-11-04 11:48:55,853 :: INFO :: Stop experiment succeeded
