2024-11-04 10:48:29,695 :: INFO :: Start experiment: perezram-407576
2024-11-04 10:48:29,699 :: INFO :: Control node : Starting of control node serial interface
2024-11-04 10:48:29,702 :: INFO :: Control node : reset
2024-11-04 10:48:29,705 :: INFO :: Reset Control Node
2024-11-04 10:48:32,497 :: INFO :: Control node : start power of open node
2024-11-04 10:48:32,514 :: INFO :: Node OpenOCD: Setup of openocd node
2024-11-04 10:48:35,529 :: INFO :: Node OpenOCD: flash of openocd node
2024-11-04 10:48:35,534 :: INFO :: Flash firmware on OpenOCD: /usr/lib/python3.8/site-packages/gateway_code/static/m3_idle.elf
2024-11-04 10:48:37,680 :: INFO :: Control node : Start experiment
2024-11-04 10:48:37,750 :: INFO :: Control Node set time delay: 13107 us
2024-11-04 10:48:37,779 :: INFO :: Control node : profile configuration
2024-11-04 10:48:37,782 :: INFO :: Configure profile on Control Node
2024-11-04 10:48:37,847 :: INFO :: Start experiment succeeded
2024-11-04 10:49:19,673 :: INFO :: Gateway Manager : Flash of node
2024-11-04 10:49:19,678 :: INFO :: Flash firmware on open node: /tmp/tmpj3bsl1ku--firmware5074167216367525631-udp-client.iotlab
2024-11-04 10:49:19,717 :: INFO :: Node OpenOCD: flash of openocd node
2024-11-04 10:49:19,720 :: INFO :: Flash firmware on OpenOCD: /tmp/tmpj3bsl1ku--firmware5074167216367525631-udp-client.iotlab
2024-11-04 11:48:47,390 :: INFO :: Gateway Manager : Stop experiment
2024-11-04 11:48:47,395 :: INFO :: Stop experiment
2024-11-04 11:48:47,399 :: INFO :: Control node : stop of the experiment
2024-11-04 11:48:47,404 :: INFO :: Control node : profile configuration
2024-11-04 11:48:47,407 :: INFO :: Configure profile on Control Node
2024-11-04 11:48:47,453 :: INFO :: Control node : start power of open node
2024-11-04 11:48:47,485 :: INFO :: Node OpenOCD: teardown of openocd node
2024-11-04 11:48:50,501 :: INFO :: openocd node debugger stop
2024-11-04 11:48:51,026 :: INFO :: Node OpenOCD: flash of openocd node
2024-11-04 11:48:51,030 :: INFO :: Flash firmware on OpenOCD: /usr/lib/python3.8/site-packages/gateway_code/static/m3_idle.elf
2024-11-04 11:48:53,171 :: INFO :: Control node : Stop control node serial interface
2024-11-04 11:48:53,176 :: INFO :: Control node : stop power of open node
2024-11-04 11:48:53,216 :: INFO :: Control node : reset
2024-11-04 11:48:53,220 :: INFO :: Reset Control Node
2024-11-04 11:48:55,982 :: INFO :: Stop experiment succeeded
