2024-11-04 10:48:29,419 :: INFO :: Start experiment: perezram-407576
2024-11-04 10:48:29,423 :: INFO :: Control node : Starting of control node serial interface
2024-11-04 10:48:29,427 :: INFO :: Control node : reset
2024-11-04 10:48:29,429 :: INFO :: Reset Control Node
2024-11-04 10:48:32,373 :: INFO :: Control node : start power of open node
2024-11-04 10:48:32,390 :: INFO :: Node OpenOCD: Setup of openocd node
2024-11-04 10:48:35,404 :: INFO :: Node OpenOCD: flash of openocd node
2024-11-04 10:48:35,409 :: INFO :: Flash firmware on OpenOCD: /usr/lib/python3.8/site-packages/gateway_code/static/m3_idle.elf
2024-11-04 10:48:37,555 :: INFO :: Control node : Start experiment
2024-11-04 10:48:37,621 :: INFO :: Control Node set time delay: 7353 us
2024-11-04 10:48:37,653 :: INFO :: Control node : profile configuration
2024-11-04 10:48:37,667 :: INFO :: Configure profile on Control Node
2024-11-04 10:48:37,722 :: INFO :: Start experiment succeeded
2024-11-04 10:49:19,577 :: INFO :: Gateway Manager : Flash of node
2024-11-04 10:49:19,582 :: INFO :: Flash firmware on open node: /tmp/tmpv_h_5b6v--firmware5074167216367525631-udp-client.iotlab
2024-11-04 10:49:19,621 :: INFO :: Node OpenOCD: flash of openocd node
2024-11-04 10:49:19,625 :: INFO :: Flash firmware on OpenOCD: /tmp/tmpv_h_5b6v--firmware5074167216367525631-udp-client.iotlab
2024-11-04 11:48:47,187 :: INFO :: Gateway Manager : Stop experiment
2024-11-04 11:48:47,192 :: INFO :: Stop experiment
2024-11-04 11:48:47,196 :: INFO :: Control node : stop of the experiment
2024-11-04 11:48:47,201 :: INFO :: Control node : profile configuration
2024-11-04 11:48:47,205 :: INFO :: Configure profile on Control Node
2024-11-04 11:48:47,257 :: INFO :: Control node : start power of open node
2024-11-04 11:48:47,291 :: INFO :: Node OpenOCD: teardown of openocd node
2024-11-04 11:48:50,311 :: INFO :: openocd node debugger stop
2024-11-04 11:48:50,934 :: INFO :: Node OpenOCD: flash of openocd node
2024-11-04 11:48:50,937 :: INFO :: Flash firmware on OpenOCD: /usr/lib/python3.8/site-packages/gateway_code/static/m3_idle.elf
2024-11-04 11:48:53,078 :: INFO :: Control node : Stop control node serial interface
2024-11-04 11:48:53,083 :: INFO :: Control node : stop power of open node
2024-11-04 11:48:53,130 :: INFO :: Control node : reset
2024-11-04 11:48:53,134 :: INFO :: Reset Control Node
2024-11-04 11:48:55,881 :: INFO :: Stop experiment succeeded
