2024-11-04 10:48:29,644 :: INFO :: Start experiment: perezram-407576
2024-11-04 10:48:29,648 :: INFO :: Control node : Starting of control node serial interface
2024-11-04 10:48:29,651 :: INFO :: Control node : reset
2024-11-04 10:48:29,654 :: INFO :: Reset Control Node
2024-11-04 10:48:32,447 :: INFO :: Control node : start power of open node
2024-11-04 10:48:32,462 :: INFO :: Node OpenOCD: Setup of openocd node
2024-11-04 10:48:35,477 :: INFO :: Node OpenOCD: flash of openocd node
2024-11-04 10:48:35,482 :: INFO :: Flash firmware on OpenOCD: /usr/lib/python3.8/site-packages/gateway_code/static/m3_idle.elf
2024-11-04 10:48:37,629 :: INFO :: Control node : Start experiment
2024-11-04 10:48:37,697 :: INFO :: Control Node set time delay: 4741 us
2024-11-04 10:48:37,726 :: INFO :: Control node : profile configuration
2024-11-04 10:48:37,729 :: INFO :: Configure profile on Control Node
2024-11-04 10:48:37,795 :: INFO :: Start experiment succeeded
2024-11-04 10:49:19,580 :: INFO :: Gateway Manager : Flash of node
2024-11-04 10:49:19,585 :: INFO :: Flash firmware on open node: /tmp/tmpjcba07bg--firmware5074167216367525631-udp-client.iotlab
2024-11-04 10:49:19,623 :: INFO :: Node OpenOCD: flash of openocd node
2024-11-04 10:49:19,627 :: INFO :: Flash firmware on OpenOCD: /tmp/tmpjcba07bg--firmware5074167216367525631-udp-client.iotlab
2024-11-04 11:48:47,351 :: INFO :: Gateway Manager : Stop experiment
2024-11-04 11:48:47,357 :: INFO :: Stop experiment
2024-11-04 11:48:47,361 :: INFO :: Control node : stop of the experiment
2024-11-04 11:48:47,366 :: INFO :: Control node : profile configuration
2024-11-04 11:48:47,369 :: INFO :: Configure profile on Control Node
2024-11-04 11:48:47,416 :: INFO :: Control node : start power of open node
2024-11-04 11:48:47,448 :: INFO :: Node OpenOCD: teardown of openocd node
2024-11-04 11:48:50,463 :: INFO :: openocd node debugger stop
2024-11-04 11:48:51,085 :: INFO :: Node OpenOCD: flash of openocd node
2024-11-04 11:48:51,088 :: INFO :: Flash firmware on OpenOCD: /usr/lib/python3.8/site-packages/gateway_code/static/m3_idle.elf
2024-11-04 11:48:53,230 :: INFO :: Control node : Stop control node serial interface
2024-11-04 11:48:53,235 :: INFO :: Control node : stop power of open node
2024-11-04 11:48:53,275 :: INFO :: Control node : reset
2024-11-04 11:48:53,279 :: INFO :: Reset Control Node
2024-11-04 11:48:56,016 :: INFO :: Stop experiment succeeded
