2024-11-04 10:48:29,689 :: INFO :: Start experiment: perezram-407576
2024-11-04 10:48:29,693 :: INFO :: Control node : Starting of control node serial interface
2024-11-04 10:48:29,696 :: INFO :: Control node : reset
2024-11-04 10:48:29,699 :: INFO :: Reset Control Node
2024-11-04 10:48:32,492 :: INFO :: Control node : start power of open node
2024-11-04 10:48:32,509 :: INFO :: Node OpenOCD: Setup of openocd node
2024-11-04 10:48:35,523 :: INFO :: Node OpenOCD: flash of openocd node
2024-11-04 10:48:35,528 :: INFO :: Flash firmware on OpenOCD: /usr/lib/python3.8/site-packages/gateway_code/static/m3_idle.elf
2024-11-04 10:48:37,676 :: INFO :: Control node : Start experiment
2024-11-04 10:48:37,741 :: INFO :: Control Node set time delay: 7394 us
2024-11-04 10:48:37,771 :: INFO :: Control node : profile configuration
2024-11-04 10:48:37,775 :: INFO :: Configure profile on Control Node
2024-11-04 10:48:37,842 :: INFO :: Start experiment succeeded
2024-11-04 10:49:19,698 :: INFO :: Gateway Manager : Flash of node
2024-11-04 10:49:19,703 :: INFO :: Flash firmware on open node: /tmp/tmp18bhesbr--firmware5074167216367525631-udp-client.iotlab
2024-11-04 10:49:19,742 :: INFO :: Node OpenOCD: flash of openocd node
2024-11-04 10:49:19,746 :: INFO :: Flash firmware on OpenOCD: /tmp/tmp18bhesbr--firmware5074167216367525631-udp-client.iotlab
2024-11-04 11:48:47,375 :: INFO :: Gateway Manager : Stop experiment
2024-11-04 11:48:47,381 :: INFO :: Stop experiment
2024-11-04 11:48:47,385 :: INFO :: Control node : stop of the experiment
2024-11-04 11:48:47,390 :: INFO :: Control node : profile configuration
2024-11-04 11:48:47,393 :: INFO :: Configure profile on Control Node
2024-11-04 11:48:47,446 :: INFO :: Control node : start power of open node
2024-11-04 11:48:47,478 :: INFO :: Node OpenOCD: teardown of openocd node
2024-11-04 11:48:50,503 :: INFO :: openocd node debugger stop
2024-11-04 11:48:51,028 :: INFO :: Node OpenOCD: flash of openocd node
2024-11-04 11:48:51,031 :: INFO :: Flash firmware on OpenOCD: /usr/lib/python3.8/site-packages/gateway_code/static/m3_idle.elf
2024-11-04 11:48:53,173 :: INFO :: Control node : Stop control node serial interface
2024-11-04 11:48:53,177 :: INFO :: Control node : stop power of open node
2024-11-04 11:48:53,210 :: INFO :: Control node : reset
2024-11-04 11:48:53,214 :: INFO :: Reset Control Node
2024-11-04 11:48:55,966 :: INFO :: Stop experiment succeeded
