2024-11-04 10:48:29,407 :: INFO :: Start experiment: perezram-407576
2024-11-04 10:48:29,411 :: INFO :: Control node : Starting of control node serial interface
2024-11-04 10:48:29,414 :: INFO :: Control node : reset
2024-11-04 10:48:29,417 :: INFO :: Reset Control Node
2024-11-04 10:48:32,309 :: INFO :: Control node : start power of open node
2024-11-04 10:48:32,329 :: INFO :: Node OpenOCD: Setup of openocd node
2024-11-04 10:48:35,344 :: INFO :: Node OpenOCD: flash of openocd node
2024-11-04 10:48:35,349 :: INFO :: Flash firmware on OpenOCD: /usr/lib/python3.8/site-packages/gateway_code/static/m3_idle.elf
2024-11-04 10:48:37,496 :: INFO :: Control node : Start experiment
2024-11-04 10:48:37,559 :: INFO :: Control Node set time delay: 4324 us
2024-11-04 10:48:37,608 :: INFO :: Control node : profile configuration
2024-11-04 10:48:37,611 :: INFO :: Configure profile on Control Node
2024-11-04 10:48:37,660 :: INFO :: Start experiment succeeded
2024-11-04 10:49:19,690 :: INFO :: Gateway Manager : Flash of node
2024-11-04 10:49:19,695 :: INFO :: Flash firmware on open node: /tmp/tmpcw5taw8i--firmware5074167216367525631-udp-client.iotlab
2024-11-04 10:49:19,733 :: INFO :: Node OpenOCD: flash of openocd node
2024-11-04 10:49:19,737 :: INFO :: Flash firmware on OpenOCD: /tmp/tmpcw5taw8i--firmware5074167216367525631-udp-client.iotlab
2024-11-04 11:48:47,265 :: INFO :: Gateway Manager : Stop experiment
2024-11-04 11:48:47,272 :: INFO :: Stop experiment
2024-11-04 11:48:47,279 :: INFO :: Control node : stop of the experiment
2024-11-04 11:48:47,285 :: INFO :: Control node : profile configuration
2024-11-04 11:48:47,290 :: INFO :: Configure profile on Control Node
2024-11-04 11:48:47,343 :: INFO :: Control node : start power of open node
2024-11-04 11:48:47,375 :: INFO :: Node OpenOCD: teardown of openocd node
2024-11-04 11:48:50,391 :: INFO :: openocd node debugger stop
2024-11-04 11:48:51,013 :: INFO :: Node OpenOCD: flash of openocd node
2024-11-04 11:48:51,016 :: INFO :: Flash firmware on OpenOCD: /usr/lib/python3.8/site-packages/gateway_code/static/m3_idle.elf
2024-11-04 11:48:53,157 :: INFO :: Control node : Stop control node serial interface
2024-11-04 11:48:53,161 :: INFO :: Control node : stop power of open node
2024-11-04 11:48:53,203 :: INFO :: Control node : reset
2024-11-04 11:48:53,207 :: INFO :: Reset Control Node
2024-11-04 11:48:55,961 :: INFO :: Stop experiment succeeded
