2024-11-04 10:48:29,194 :: INFO :: Start experiment: perezram-407576
2024-11-04 10:48:29,198 :: INFO :: Control node : Starting of control node serial interface
2024-11-04 10:48:29,201 :: INFO :: Control node : reset
2024-11-04 10:48:29,204 :: INFO :: Reset Control Node
2024-11-04 10:48:32,002 :: INFO :: Control node : start power of open node
2024-11-04 10:48:32,020 :: INFO :: Node OpenOCD: Setup of openocd node
2024-11-04 10:48:35,034 :: INFO :: Node OpenOCD: flash of openocd node
2024-11-04 10:48:35,040 :: INFO :: Flash firmware on OpenOCD: /usr/lib/python3.8/site-packages/gateway_code/static/m3_idle.elf
2024-11-04 10:48:37,187 :: INFO :: Control node : Start experiment
2024-11-04 10:48:37,251 :: INFO :: Control Node set time delay: 11985 us
2024-11-04 10:48:37,274 :: INFO :: Control node : profile configuration
2024-11-04 10:48:37,277 :: INFO :: Configure profile on Control Node
2024-11-04 10:48:37,353 :: INFO :: Start experiment succeeded
2024-11-04 10:49:19,168 :: INFO :: Gateway Manager : Flash of node
2024-11-04 10:49:19,173 :: INFO :: Flash firmware on open node: /tmp/tmpd98f0hty--firmware5074167216367525631-udp-client.iotlab
2024-11-04 10:49:19,212 :: INFO :: Node OpenOCD: flash of openocd node
2024-11-04 10:49:19,216 :: INFO :: Flash firmware on OpenOCD: /tmp/tmpd98f0hty--firmware5074167216367525631-udp-client.iotlab
2024-11-04 11:48:47,046 :: INFO :: Gateway Manager : Stop experiment
2024-11-04 11:48:47,053 :: INFO :: Stop experiment
2024-11-04 11:48:47,058 :: INFO :: Control node : stop of the experiment
2024-11-04 11:48:47,065 :: INFO :: Control node : profile configuration
2024-11-04 11:48:47,069 :: INFO :: Configure profile on Control Node
2024-11-04 11:48:47,118 :: INFO :: Control node : start power of open node
2024-11-04 11:48:47,151 :: INFO :: Node OpenOCD: teardown of openocd node
2024-11-04 11:48:50,169 :: INFO :: openocd node debugger stop
2024-11-04 11:48:50,790 :: INFO :: Node OpenOCD: flash of openocd node
2024-11-04 11:48:50,794 :: INFO :: Flash firmware on OpenOCD: /usr/lib/python3.8/site-packages/gateway_code/static/m3_idle.elf
2024-11-04 11:48:52,937 :: INFO :: Control node : Stop control node serial interface
2024-11-04 11:48:52,942 :: INFO :: Control node : stop power of open node
2024-11-04 11:48:52,978 :: INFO :: Control node : reset
2024-11-04 11:48:52,982 :: INFO :: Reset Control Node
2024-11-04 11:48:55,727 :: INFO :: Stop experiment succeeded
