2024-11-04 10:48:29,200 :: INFO :: Start experiment: perezram-407576
2024-11-04 10:48:29,203 :: INFO :: Control node : Starting of control node serial interface
2024-11-04 10:48:29,206 :: INFO :: Control node : reset
2024-11-04 10:48:29,209 :: INFO :: Reset Control Node
2024-11-04 10:48:32,008 :: INFO :: Control node : start power of open node
2024-11-04 10:48:32,026 :: INFO :: Node OpenOCD: Setup of openocd node
2024-11-04 10:48:35,041 :: INFO :: Node OpenOCD: flash of openocd node
2024-11-04 10:48:35,046 :: INFO :: Flash firmware on OpenOCD: /usr/lib/python3.8/site-packages/gateway_code/static/m3_idle.elf
2024-11-04 10:48:37,193 :: INFO :: Control node : Start experiment
2024-11-04 10:48:37,257 :: INFO :: Control Node set time delay: 7345 us
2024-11-04 10:48:37,306 :: INFO :: Control node : profile configuration
2024-11-04 10:48:37,309 :: INFO :: Configure profile on Control Node
2024-11-04 10:48:37,359 :: INFO :: Start experiment succeeded
2024-11-04 10:49:19,597 :: INFO :: Gateway Manager : Flash of node
2024-11-04 10:49:19,602 :: INFO :: Flash firmware on open node: /tmp/tmpotquppbx--firmware5074167216367525631-udp-client.iotlab
2024-11-04 10:49:19,641 :: INFO :: Node OpenOCD: flash of openocd node
2024-11-04 10:49:19,645 :: INFO :: Flash firmware on OpenOCD: /tmp/tmpotquppbx--firmware5074167216367525631-udp-client.iotlab
2024-11-04 11:48:47,049 :: INFO :: Gateway Manager : Stop experiment
2024-11-04 11:48:47,056 :: INFO :: Stop experiment
2024-11-04 11:48:47,061 :: INFO :: Control node : stop of the experiment
2024-11-04 11:48:47,067 :: INFO :: Control node : profile configuration
2024-11-04 11:48:47,072 :: INFO :: Configure profile on Control Node
2024-11-04 11:48:47,127 :: INFO :: Control node : start power of open node
2024-11-04 11:48:47,161 :: INFO :: Node OpenOCD: teardown of openocd node
2024-11-04 11:48:50,178 :: INFO :: openocd node debugger stop
2024-11-04 11:48:50,800 :: INFO :: Node OpenOCD: flash of openocd node
2024-11-04 11:48:50,803 :: INFO :: Flash firmware on OpenOCD: /usr/lib/python3.8/site-packages/gateway_code/static/m3_idle.elf
2024-11-04 11:48:52,946 :: INFO :: Control node : Stop control node serial interface
2024-11-04 11:48:52,951 :: INFO :: Control node : stop power of open node
2024-11-04 11:48:52,986 :: INFO :: Control node : reset
2024-11-04 11:48:52,990 :: INFO :: Reset Control Node
2024-11-04 11:48:55,734 :: INFO :: Stop experiment succeeded
