2024-11-04 10:48:29,218 :: INFO :: Start experiment: perezram-407576
2024-11-04 10:48:29,223 :: INFO :: Control node : Starting of control node serial interface
2024-11-04 10:48:29,228 :: INFO :: Control node : reset
2024-11-04 10:48:29,232 :: INFO :: Reset Control Node
2024-11-04 10:48:32,025 :: INFO :: Control node : start power of open node
2024-11-04 10:48:32,042 :: INFO :: Node OpenOCD: Setup of openocd node
2024-11-04 10:48:35,057 :: INFO :: Node OpenOCD: flash of openocd node
2024-11-04 10:48:35,062 :: INFO :: Flash firmware on OpenOCD: /usr/lib/python3.8/site-packages/gateway_code/static/m3_idle.elf
2024-11-04 10:48:37,208 :: INFO :: Control node : Start experiment
2024-11-04 10:48:37,274 :: INFO :: Control Node set time delay: 8474 us
2024-11-04 10:48:37,297 :: INFO :: Control node : profile configuration
2024-11-04 10:48:37,311 :: INFO :: Configure profile on Control Node
2024-11-04 10:48:37,375 :: INFO :: Start experiment succeeded
2024-11-04 10:49:19,607 :: INFO :: Gateway Manager : Flash of node
2024-11-04 10:49:19,612 :: INFO :: Flash firmware on open node: /tmp/tmp61d09z9v--firmware5074167216367525631-udp-client.iotlab
2024-11-04 10:49:19,651 :: INFO :: Node OpenOCD: flash of openocd node
2024-11-04 10:49:19,654 :: INFO :: Flash firmware on OpenOCD: /tmp/tmp61d09z9v--firmware5074167216367525631-udp-client.iotlab
2024-11-04 11:48:47,064 :: INFO :: Gateway Manager : Stop experiment
2024-11-04 11:48:47,070 :: INFO :: Stop experiment
2024-11-04 11:48:47,075 :: INFO :: Control node : stop of the experiment
2024-11-04 11:48:47,080 :: INFO :: Control node : profile configuration
2024-11-04 11:48:47,084 :: INFO :: Configure profile on Control Node
2024-11-04 11:48:47,134 :: INFO :: Control node : start power of open node
2024-11-04 11:48:47,167 :: INFO :: Node OpenOCD: teardown of openocd node
2024-11-04 11:48:50,185 :: INFO :: openocd node debugger stop
2024-11-04 11:48:50,725 :: INFO :: Node OpenOCD: flash of openocd node
2024-11-04 11:48:50,728 :: INFO :: Flash firmware on OpenOCD: /usr/lib/python3.8/site-packages/gateway_code/static/m3_idle.elf
2024-11-04 11:48:53,582 :: INFO :: Control node : Stop control node serial interface
2024-11-04 11:48:53,586 :: INFO :: Control node : stop power of open node
2024-11-04 11:48:53,633 :: INFO :: Control node : reset
2024-11-04 11:48:53,637 :: INFO :: Reset Control Node
2024-11-04 11:48:56,625 :: INFO :: Stop experiment succeeded
