2024-11-04 10:48:29,668 :: INFO :: Start experiment: perezram-407576
2024-11-04 10:48:29,672 :: INFO :: Control node : Starting of control node serial interface
2024-11-04 10:48:29,675 :: INFO :: Control node : reset
2024-11-04 10:48:29,678 :: INFO :: Reset Control Node
2024-11-04 10:48:32,472 :: INFO :: Control node : start power of open node
2024-11-04 10:48:32,490 :: INFO :: Node OpenOCD: Setup of openocd node
2024-11-04 10:48:35,505 :: INFO :: Node OpenOCD: flash of openocd node
2024-11-04 10:48:35,510 :: INFO :: Flash firmware on OpenOCD: /usr/lib/python3.8/site-packages/gateway_code/static/m3_idle.elf
2024-11-04 10:48:37,656 :: INFO :: Control node : Start experiment
2024-11-04 10:48:37,722 :: INFO :: Control Node set time delay: 13466 us
2024-11-04 10:48:37,754 :: INFO :: Control node : profile configuration
2024-11-04 10:48:37,764 :: INFO :: Configure profile on Control Node
2024-11-04 10:48:37,823 :: INFO :: Start experiment succeeded
2024-11-04 10:49:22,759 :: INFO :: Gateway Manager : Flash of node
2024-11-04 10:49:22,765 :: INFO :: Flash firmware on open node: /tmp/tmp0oibk3za--firmware5074167216367525631-udp-client.iotlab
2024-11-04 10:49:22,805 :: INFO :: Node OpenOCD: flash of openocd node
2024-11-04 10:49:22,808 :: INFO :: Flash firmware on OpenOCD: /tmp/tmp0oibk3za--firmware5074167216367525631-udp-client.iotlab
2024-11-04 11:48:47,390 :: INFO :: Gateway Manager : Stop experiment
2024-11-04 11:48:47,396 :: INFO :: Stop experiment
2024-11-04 11:48:47,400 :: INFO :: Control node : stop of the experiment
2024-11-04 11:48:47,405 :: INFO :: Control node : profile configuration
2024-11-04 11:48:47,408 :: INFO :: Configure profile on Control Node
2024-11-04 11:48:47,462 :: INFO :: Control node : start power of open node
2024-11-04 11:48:47,494 :: INFO :: Node OpenOCD: teardown of openocd node
2024-11-04 11:48:50,514 :: INFO :: openocd node debugger stop
2024-11-04 11:48:51,039 :: INFO :: Node OpenOCD: flash of openocd node
2024-11-04 11:48:51,043 :: INFO :: Flash firmware on OpenOCD: /usr/lib/python3.8/site-packages/gateway_code/static/m3_idle.elf
2024-11-04 11:48:53,185 :: INFO :: Control node : Stop control node serial interface
2024-11-04 11:48:53,190 :: INFO :: Control node : stop power of open node
2024-11-04 11:48:53,225 :: INFO :: Control node : reset
2024-11-04 11:48:53,229 :: INFO :: Reset Control Node
2024-11-04 11:48:55,990 :: INFO :: Stop experiment succeeded
