2024-11-04 10:48:29,605 :: INFO :: Start experiment: perezram-407576
2024-11-04 10:48:29,609 :: INFO :: Control node : Starting of control node serial interface
2024-11-04 10:48:29,612 :: INFO :: Control node : reset
2024-11-04 10:48:29,615 :: INFO :: Reset Control Node
2024-11-04 10:48:32,408 :: INFO :: Control node : start power of open node
2024-11-04 10:48:32,425 :: INFO :: Node OpenOCD: Setup of openocd node
2024-11-04 10:48:35,439 :: INFO :: Node OpenOCD: flash of openocd node
2024-11-04 10:48:35,444 :: INFO :: Flash firmware on OpenOCD: /usr/lib/python3.8/site-packages/gateway_code/static/m3_idle.elf
2024-11-04 10:48:37,591 :: INFO :: Control node : Start experiment
2024-11-04 10:48:37,660 :: INFO :: Control Node set time delay: 11724 us
2024-11-04 10:48:37,688 :: INFO :: Control node : profile configuration
2024-11-04 10:48:37,691 :: INFO :: Configure profile on Control Node
2024-11-04 10:48:37,756 :: INFO :: Start experiment succeeded
2024-11-04 10:49:19,427 :: INFO :: Gateway Manager : Flash of node
2024-11-04 10:49:19,432 :: INFO :: Flash firmware on open node: /tmp/tmptfi1y6si--firmware5074167216367525631-udp-client.iotlab
2024-11-04 10:49:19,472 :: INFO :: Node OpenOCD: flash of openocd node
2024-11-04 10:49:19,476 :: INFO :: Flash firmware on OpenOCD: /tmp/tmptfi1y6si--firmware5074167216367525631-udp-client.iotlab
2024-11-04 11:48:47,352 :: INFO :: Gateway Manager : Stop experiment
2024-11-04 11:48:47,358 :: INFO :: Stop experiment
2024-11-04 11:48:47,362 :: INFO :: Control node : stop of the experiment
2024-11-04 11:48:47,367 :: INFO :: Control node : profile configuration
2024-11-04 11:48:47,370 :: INFO :: Configure profile on Control Node
2024-11-04 11:48:47,421 :: INFO :: Control node : start power of open node
2024-11-04 11:48:47,453 :: INFO :: Node OpenOCD: teardown of openocd node
2024-11-04 11:48:50,469 :: INFO :: openocd node debugger stop
2024-11-04 11:48:51,090 :: INFO :: Node OpenOCD: flash of openocd node
2024-11-04 11:48:51,094 :: INFO :: Flash firmware on OpenOCD: /usr/lib/python3.8/site-packages/gateway_code/static/m3_idle.elf
2024-11-04 11:48:53,235 :: INFO :: Control node : Stop control node serial interface
2024-11-04 11:48:53,239 :: INFO :: Control node : stop power of open node
2024-11-04 11:48:53,281 :: INFO :: Control node : reset
2024-11-04 11:48:53,285 :: INFO :: Reset Control Node
2024-11-04 11:48:56,030 :: INFO :: Stop experiment succeeded
