2024-11-04 10:48:29,642 :: INFO :: Start experiment: perezram-407576
2024-11-04 10:48:29,646 :: INFO :: Control node : Starting of control node serial interface
2024-11-04 10:48:29,649 :: INFO :: Control node : reset
2024-11-04 10:48:29,652 :: INFO :: Reset Control Node
2024-11-04 10:48:32,447 :: INFO :: Control node : start power of open node
2024-11-04 10:48:32,465 :: INFO :: Node OpenOCD: Setup of openocd node
2024-11-04 10:48:35,480 :: INFO :: Node OpenOCD: flash of openocd node
2024-11-04 10:48:35,485 :: INFO :: Flash firmware on OpenOCD: /usr/lib/python3.8/site-packages/gateway_code/static/m3_idle.elf
2024-11-04 10:48:37,631 :: INFO :: Control node : Start experiment
2024-11-04 10:48:37,697 :: INFO :: Control Node set time delay: 13400 us
2024-11-04 10:48:37,729 :: INFO :: Control node : profile configuration
2024-11-04 10:48:37,732 :: INFO :: Configure profile on Control Node
2024-11-04 10:48:37,804 :: INFO :: Start experiment succeeded
2024-11-04 10:49:19,524 :: INFO :: Gateway Manager : Flash of node
2024-11-04 10:49:19,529 :: INFO :: Flash firmware on open node: /tmp/tmp9ceaelbr--firmware5074167216367525631-udp-client.iotlab
2024-11-04 10:49:19,568 :: INFO :: Node OpenOCD: flash of openocd node
2024-11-04 10:49:19,571 :: INFO :: Flash firmware on OpenOCD: /tmp/tmp9ceaelbr--firmware5074167216367525631-udp-client.iotlab
2024-11-04 11:48:47,356 :: INFO :: Gateway Manager : Stop experiment
2024-11-04 11:48:47,362 :: INFO :: Stop experiment
2024-11-04 11:48:47,366 :: INFO :: Control node : stop of the experiment
2024-11-04 11:48:47,371 :: INFO :: Control node : profile configuration
2024-11-04 11:48:47,374 :: INFO :: Configure profile on Control Node
2024-11-04 11:48:47,420 :: INFO :: Control node : start power of open node
2024-11-04 11:48:47,452 :: INFO :: Node OpenOCD: teardown of openocd node
2024-11-04 11:48:50,468 :: INFO :: openocd node debugger stop
2024-11-04 11:48:51,090 :: INFO :: Node OpenOCD: flash of openocd node
2024-11-04 11:48:51,093 :: INFO :: Flash firmware on OpenOCD: /usr/lib/python3.8/site-packages/gateway_code/static/m3_idle.elf
2024-11-04 11:48:53,235 :: INFO :: Control node : Stop control node serial interface
2024-11-04 11:48:53,240 :: INFO :: Control node : stop power of open node
2024-11-04 11:48:53,279 :: INFO :: Control node : reset
2024-11-04 11:48:53,283 :: INFO :: Reset Control Node
2024-11-04 11:48:56,027 :: INFO :: Stop experiment succeeded
