2024-11-04 10:48:29,326 :: INFO :: Start experiment: perezram-407576
2024-11-04 10:48:29,332 :: INFO :: Control node : Starting of control node serial interface
2024-11-04 10:48:29,337 :: INFO :: Control node : reset
2024-11-04 10:48:29,340 :: INFO :: Reset Control Node
2024-11-04 10:48:32,132 :: INFO :: Control node : start power of open node
2024-11-04 10:48:32,150 :: INFO :: Node OpenOCD: Setup of openocd node
2024-11-04 10:48:35,165 :: INFO :: Node OpenOCD: flash of openocd node
2024-11-04 10:48:35,170 :: INFO :: Flash firmware on OpenOCD: /usr/lib/python3.8/site-packages/gateway_code/static/m3_idle.elf
2024-11-04 10:48:37,316 :: INFO :: Control node : Start experiment
2024-11-04 10:48:37,381 :: INFO :: Control Node set time delay: 7384 us
2024-11-04 10:48:37,404 :: INFO :: Control node : profile configuration
2024-11-04 10:48:37,407 :: INFO :: Configure profile on Control Node
2024-11-04 10:48:37,483 :: INFO :: Start experiment succeeded
2024-11-04 10:49:19,596 :: INFO :: Gateway Manager : Flash of node
2024-11-04 10:49:19,602 :: INFO :: Flash firmware on open node: /tmp/tmp0qv_bj5t--firmware5074167216367525631-udp-client.iotlab
2024-11-04 10:49:19,641 :: INFO :: Node OpenOCD: flash of openocd node
2024-11-04 10:49:19,645 :: INFO :: Flash firmware on OpenOCD: /tmp/tmp0qv_bj5t--firmware5074167216367525631-udp-client.iotlab
2024-11-04 11:48:47,173 :: INFO :: Gateway Manager : Stop experiment
2024-11-04 11:48:47,179 :: INFO :: Stop experiment
2024-11-04 11:48:47,183 :: INFO :: Control node : stop of the experiment
2024-11-04 11:48:47,189 :: INFO :: Control node : profile configuration
2024-11-04 11:48:47,192 :: INFO :: Configure profile on Control Node
2024-11-04 11:48:47,249 :: INFO :: Control node : start power of open node
2024-11-04 11:48:47,283 :: INFO :: Node OpenOCD: teardown of openocd node
2024-11-04 11:48:50,299 :: INFO :: openocd node debugger stop
2024-11-04 11:48:50,921 :: INFO :: Node OpenOCD: flash of openocd node
2024-11-04 11:48:50,925 :: INFO :: Flash firmware on OpenOCD: /usr/lib/python3.8/site-packages/gateway_code/static/m3_idle.elf
2024-11-04 11:48:53,067 :: INFO :: Control node : Stop control node serial interface
2024-11-04 11:48:53,071 :: INFO :: Control node : stop power of open node
2024-11-04 11:48:53,107 :: INFO :: Control node : reset
2024-11-04 11:48:53,110 :: INFO :: Reset Control Node
2024-11-04 11:48:55,851 :: INFO :: Stop experiment succeeded
