2024-11-04 16:54:43,950 :: INFO :: Start experiment: perezram-407638
2024-11-04 16:54:43,953 :: INFO :: Control node : Starting of control node serial interface
2024-11-04 16:54:43,957 :: INFO :: Control node : reset
2024-11-04 16:54:43,960 :: INFO :: Reset Control Node
2024-11-04 16:54:46,781 :: INFO :: Control node : start power of open node
2024-11-04 16:54:46,797 :: INFO :: Node OpenOCD: Setup of openocd node
2024-11-04 16:54:49,813 :: INFO :: Node OpenOCD: flash of openocd node
2024-11-04 16:54:49,818 :: INFO :: Flash firmware on OpenOCD: /usr/lib/python3.8/site-packages/gateway_code/static/m3_idle.elf
2024-11-04 16:54:51,965 :: INFO :: Control node : Start experiment
2024-11-04 16:54:52,028 :: INFO :: Control Node set time delay: 9846 us
2024-11-04 16:54:52,050 :: INFO :: Control node : profile configuration
2024-11-04 16:54:52,054 :: INFO :: Configure profile on Control Node
2024-11-04 16:54:52,129 :: INFO :: Start experiment succeeded
2024-11-04 16:56:21,773 :: INFO :: Gateway Manager : Flash of node
2024-11-04 16:56:21,779 :: INFO :: Flash firmware on open node: /tmp/tmp9k2cwe_i--firmware586588828881842938-udp-client.iotlab
2024-11-04 16:56:21,819 :: INFO :: Node OpenOCD: flash of openocd node
2024-11-04 16:56:21,822 :: INFO :: Flash firmware on OpenOCD: /tmp/tmp9k2cwe_i--firmware586588828881842938-udp-client.iotlab
2024-11-04 17:20:24,109 :: INFO :: Gateway Manager : Stop experiment
2024-11-04 17:20:24,115 :: INFO :: Stop experiment
2024-11-04 17:20:24,120 :: INFO :: Control node : stop of the experiment
2024-11-04 17:20:24,125 :: INFO :: Control node : profile configuration
2024-11-04 17:20:24,128 :: INFO :: Configure profile on Control Node
2024-11-04 17:20:24,176 :: INFO :: Control node : start power of open node
2024-11-04 17:20:24,208 :: INFO :: Node OpenOCD: teardown of openocd node
2024-11-04 17:20:27,224 :: INFO :: openocd node debugger stop
2024-11-04 17:20:27,846 :: INFO :: Node OpenOCD: flash of openocd node
2024-11-04 17:20:27,849 :: INFO :: Flash firmware on OpenOCD: /usr/lib/python3.8/site-packages/gateway_code/static/m3_idle.elf
2024-11-04 17:20:29,991 :: INFO :: Control node : Stop control node serial interface
2024-11-04 17:20:29,996 :: INFO :: Control node : stop power of open node
2024-11-04 17:20:30,035 :: INFO :: Control node : reset
2024-11-04 17:20:30,039 :: INFO :: Reset Control Node
