2024-11-04 16:54:44,095 :: INFO :: Start experiment: perezram-407638
2024-11-04 16:54:44,099 :: INFO :: Control node : Starting of control node serial interface
2024-11-04 16:54:44,102 :: INFO :: Control node : reset
2024-11-04 16:54:44,105 :: INFO :: Reset Control Node
2024-11-04 16:54:46,897 :: INFO :: Control node : start power of open node
2024-11-04 16:54:46,919 :: INFO :: Node OpenOCD: Setup of openocd node
2024-11-04 16:54:49,934 :: INFO :: Node OpenOCD: flash of openocd node
2024-11-04 16:54:49,939 :: INFO :: Flash firmware on OpenOCD: /usr/lib/python3.8/site-packages/gateway_code/static/m3_idle.elf
2024-11-04 16:54:52,084 :: INFO :: Control node : Start experiment
2024-11-04 16:54:52,151 :: INFO :: Control Node set time delay: 11911 us
2024-11-04 16:54:52,181 :: INFO :: Control node : profile configuration
2024-11-04 16:54:52,185 :: INFO :: Configure profile on Control Node
2024-11-04 16:54:52,252 :: INFO :: Start experiment succeeded
2024-11-04 16:56:20,920 :: INFO :: Gateway Manager : Flash of node
2024-11-04 16:56:20,925 :: INFO :: Flash firmware on open node: /tmp/tmp6p3negru--firmware586588828881842938-udp-client.iotlab
2024-11-04 16:56:20,964 :: INFO :: Node OpenOCD: flash of openocd node
2024-11-04 16:56:20,968 :: INFO :: Flash firmware on OpenOCD: /tmp/tmp6p3negru--firmware586588828881842938-udp-client.iotlab
2024-11-04 17:20:24,263 :: INFO :: Gateway Manager : Stop experiment
2024-11-04 17:20:24,269 :: INFO :: Stop experiment
2024-11-04 17:20:24,273 :: INFO :: Control node : stop of the experiment
2024-11-04 17:20:24,278 :: INFO :: Control node : profile configuration
2024-11-04 17:20:24,281 :: INFO :: Configure profile on Control Node
2024-11-04 17:20:24,330 :: INFO :: Control node : start power of open node
2024-11-04 17:20:24,362 :: INFO :: Node OpenOCD: teardown of openocd node
2024-11-04 17:20:27,378 :: INFO :: openocd node debugger stop
2024-11-04 17:20:28,000 :: INFO :: Node OpenOCD: flash of openocd node
2024-11-04 17:20:28,003 :: INFO :: Flash firmware on OpenOCD: /usr/lib/python3.8/site-packages/gateway_code/static/m3_idle.elf
