2024-11-04 16:54:44,078 :: INFO :: Start experiment: perezram-407638
2024-11-04 16:54:44,081 :: INFO :: Control node : Starting of control node serial interface
2024-11-04 16:54:44,085 :: INFO :: Control node : reset
2024-11-04 16:54:44,088 :: INFO :: Reset Control Node
2024-11-04 16:54:46,888 :: INFO :: Control node : start power of open node
2024-11-04 16:54:46,905 :: INFO :: Node OpenOCD: Setup of openocd node
2024-11-04 16:54:49,920 :: INFO :: Node OpenOCD: flash of openocd node
2024-11-04 16:54:49,924 :: INFO :: Flash firmware on OpenOCD: /usr/lib/python3.8/site-packages/gateway_code/static/m3_idle.elf
2024-11-04 16:54:52,071 :: INFO :: Control node : Start experiment
2024-11-04 16:54:52,141 :: INFO :: Control Node set time delay: 11955 us
2024-11-04 16:54:52,169 :: INFO :: Control node : profile configuration
2024-11-04 16:54:52,172 :: INFO :: Configure profile on Control Node
2024-11-04 16:54:52,238 :: INFO :: Start experiment succeeded
2024-11-04 16:56:21,215 :: INFO :: Gateway Manager : Flash of node
2024-11-04 16:56:21,220 :: INFO :: Flash firmware on open node: /tmp/tmpw4f3wuj7--firmware586588828881842938-udp-client.iotlab
2024-11-04 16:56:21,260 :: INFO :: Node OpenOCD: flash of openocd node
2024-11-04 16:56:21,263 :: INFO :: Flash firmware on OpenOCD: /tmp/tmpw4f3wuj7--firmware586588828881842938-udp-client.iotlab
2024-11-04 17:20:24,261 :: INFO :: Gateway Manager : Stop experiment
2024-11-04 17:20:24,267 :: INFO :: Stop experiment
2024-11-04 17:20:24,271 :: INFO :: Control node : stop of the experiment
2024-11-04 17:20:24,276 :: INFO :: Control node : profile configuration
2024-11-04 17:20:24,279 :: INFO :: Configure profile on Control Node
2024-11-04 17:20:24,330 :: INFO :: Control node : start power of open node
2024-11-04 17:20:24,362 :: INFO :: Node OpenOCD: teardown of openocd node
2024-11-04 17:20:27,379 :: INFO :: openocd node debugger stop
2024-11-04 17:20:28,001 :: INFO :: Node OpenOCD: flash of openocd node
2024-11-04 17:20:28,004 :: INFO :: Flash firmware on OpenOCD: /usr/lib/python3.8/site-packages/gateway_code/static/m3_idle.elf
