2024-11-04 16:54:43,920 :: INFO :: Start experiment: perezram-407638
2024-11-04 16:54:43,924 :: INFO :: Control node : Starting of control node serial interface
2024-11-04 16:54:43,927 :: INFO :: Control node : reset
2024-11-04 16:54:43,930 :: INFO :: Reset Control Node
2024-11-04 16:54:46,774 :: INFO :: Control node : start power of open node
2024-11-04 16:54:46,792 :: INFO :: Node OpenOCD: Setup of openocd node
2024-11-04 16:54:49,807 :: INFO :: Node OpenOCD: flash of openocd node
2024-11-04 16:54:49,812 :: INFO :: Flash firmware on OpenOCD: /usr/lib/python3.8/site-packages/gateway_code/static/m3_idle.elf
2024-11-04 16:54:51,958 :: INFO :: Control node : Start experiment
2024-11-04 16:54:52,025 :: INFO :: Control Node set time delay: 8763 us
2024-11-04 16:54:52,055 :: INFO :: Control node : profile configuration
2024-11-04 16:54:52,059 :: INFO :: Configure profile on Control Node
2024-11-04 16:54:52,125 :: INFO :: Start experiment succeeded
2024-11-04 16:56:21,797 :: INFO :: Gateway Manager : Flash of node
2024-11-04 16:56:21,802 :: INFO :: Flash firmware on open node: /tmp/tmpdrdm321j--firmware586588828881842938-udp-client.iotlab
2024-11-04 16:56:21,841 :: INFO :: Node OpenOCD: flash of openocd node
2024-11-04 16:56:21,845 :: INFO :: Flash firmware on OpenOCD: /tmp/tmpdrdm321j--firmware586588828881842938-udp-client.iotlab
2024-11-04 17:20:24,140 :: INFO :: Gateway Manager : Stop experiment
2024-11-04 17:20:24,146 :: INFO :: Stop experiment
2024-11-04 17:20:24,151 :: INFO :: Control node : stop of the experiment
2024-11-04 17:20:24,157 :: INFO :: Control node : profile configuration
2024-11-04 17:20:24,161 :: INFO :: Configure profile on Control Node
2024-11-04 17:20:24,213 :: INFO :: Control node : start power of open node
2024-11-04 17:20:24,245 :: INFO :: Node OpenOCD: teardown of openocd node
2024-11-04 17:20:27,261 :: INFO :: openocd node debugger stop
2024-11-04 17:20:27,786 :: INFO :: Node OpenOCD: flash of openocd node
2024-11-04 17:20:27,789 :: INFO :: Flash firmware on OpenOCD: /usr/lib/python3.8/site-packages/gateway_code/static/m3_idle.elf
2024-11-04 17:20:29,930 :: INFO :: Control node : Stop control node serial interface
2024-11-04 17:20:29,935 :: INFO :: Control node : stop power of open node
2024-11-04 17:20:29,977 :: INFO :: Control node : reset
2024-11-04 17:20:29,980 :: INFO :: Reset Control Node
