2024-11-04 16:54:43,775 :: INFO :: Start experiment: perezram-407638
2024-11-04 16:54:43,779 :: INFO :: Control node : Starting of control node serial interface
2024-11-04 16:54:43,784 :: INFO :: Control node : reset
2024-11-04 16:54:43,788 :: INFO :: Reset Control Node
2024-11-04 16:54:46,731 :: INFO :: Control node : start power of open node
2024-11-04 16:54:46,750 :: INFO :: Node OpenOCD: Setup of openocd node
2024-11-04 16:54:49,764 :: INFO :: Node OpenOCD: flash of openocd node
2024-11-04 16:54:49,769 :: INFO :: Flash firmware on OpenOCD: /usr/lib/python3.8/site-packages/gateway_code/static/m3_idle.elf
2024-11-04 16:54:51,915 :: INFO :: Control node : Start experiment
2024-11-04 16:54:51,981 :: INFO :: Control Node set time delay: 4802 us
2024-11-04 16:54:52,014 :: INFO :: Control node : profile configuration
2024-11-04 16:54:52,017 :: INFO :: Configure profile on Control Node
2024-11-04 16:54:52,083 :: INFO :: Start experiment succeeded
2024-11-04 16:56:21,230 :: INFO :: Gateway Manager : Flash of node
2024-11-04 16:56:21,235 :: INFO :: Flash firmware on open node: /tmp/tmp230b5es6--firmware586588828881842938-udp-client.iotlab
2024-11-04 16:56:21,275 :: INFO :: Node OpenOCD: flash of openocd node
2024-11-04 16:56:21,279 :: INFO :: Flash firmware on OpenOCD: /tmp/tmp230b5es6--firmware586588828881842938-udp-client.iotlab
2024-11-04 17:20:24,112 :: INFO :: Gateway Manager : Stop experiment
2024-11-04 17:20:24,118 :: INFO :: Stop experiment
2024-11-04 17:20:24,122 :: INFO :: Control node : stop of the experiment
2024-11-04 17:20:24,127 :: INFO :: Control node : profile configuration
2024-11-04 17:20:24,131 :: INFO :: Configure profile on Control Node
2024-11-04 17:20:24,185 :: INFO :: Control node : start power of open node
2024-11-04 17:20:24,215 :: INFO :: Node OpenOCD: teardown of openocd node
2024-11-04 17:20:27,231 :: INFO :: openocd node debugger stop
2024-11-04 17:20:27,852 :: INFO :: Node OpenOCD: flash of openocd node
2024-11-04 17:20:27,856 :: INFO :: Flash firmware on OpenOCD: /usr/lib/python3.8/site-packages/gateway_code/static/m3_idle.elf
2024-11-04 17:20:29,998 :: INFO :: Control node : Stop control node serial interface
2024-11-04 17:20:30,003 :: INFO :: Control node : stop power of open node
2024-11-04 17:20:30,042 :: INFO :: Control node : reset
2024-11-04 17:20:30,046 :: INFO :: Reset Control Node
