2024-11-04 16:54:44,099 :: INFO :: Start experiment: perezram-407638
2024-11-04 16:54:44,103 :: INFO :: Control node : Starting of control node serial interface
2024-11-04 16:54:44,106 :: INFO :: Control node : reset
2024-11-04 16:54:44,109 :: INFO :: Reset Control Node
2024-11-04 16:54:46,906 :: INFO :: Control node : start power of open node
2024-11-04 16:54:46,923 :: INFO :: Node OpenOCD: Setup of openocd node
2024-11-04 16:54:49,937 :: INFO :: Node OpenOCD: flash of openocd node
2024-11-04 16:54:49,942 :: INFO :: Flash firmware on OpenOCD: /usr/lib/python3.8/site-packages/gateway_code/static/m3_idle.elf
2024-11-04 16:54:52,089 :: INFO :: Control node : Start experiment
2024-11-04 16:54:52,154 :: INFO :: Control Node set time delay: 13551 us
2024-11-04 16:54:52,183 :: INFO :: Control node : profile configuration
2024-11-04 16:54:52,187 :: INFO :: Configure profile on Control Node
2024-11-04 16:54:52,256 :: INFO :: Start experiment succeeded
2024-11-04 16:56:21,782 :: INFO :: Gateway Manager : Flash of node
2024-11-04 16:56:21,786 :: INFO :: Flash firmware on open node: /tmp/tmppgj_nxvu--firmware586588828881842938-udp-client.iotlab
2024-11-04 16:56:21,826 :: INFO :: Node OpenOCD: flash of openocd node
2024-11-04 16:56:21,830 :: INFO :: Flash firmware on OpenOCD: /tmp/tmppgj_nxvu--firmware586588828881842938-udp-client.iotlab
2024-11-04 17:20:24,254 :: INFO :: Gateway Manager : Stop experiment
2024-11-04 17:20:24,259 :: INFO :: Stop experiment
2024-11-04 17:20:24,263 :: INFO :: Control node : stop of the experiment
2024-11-04 17:20:24,268 :: INFO :: Control node : profile configuration
2024-11-04 17:20:24,272 :: INFO :: Configure profile on Control Node
2024-11-04 17:20:24,315 :: INFO :: Control node : start power of open node
2024-11-04 17:20:24,347 :: INFO :: Node OpenOCD: teardown of openocd node
2024-11-04 17:20:27,364 :: INFO :: openocd node debugger stop
2024-11-04 17:20:27,986 :: INFO :: Node OpenOCD: flash of openocd node
2024-11-04 17:20:27,989 :: INFO :: Flash firmware on OpenOCD: /usr/lib/python3.8/site-packages/gateway_code/static/m3_idle.elf
