2024-11-04 16:54:43,928 :: INFO :: Start experiment: perezram-407638
2024-11-04 16:54:43,932 :: INFO :: Control node : Starting of control node serial interface
2024-11-04 16:54:43,935 :: INFO :: Control node : reset
2024-11-04 16:54:43,938 :: INFO :: Reset Control Node
2024-11-04 16:54:46,789 :: INFO :: Control node : start power of open node
2024-11-04 16:54:46,806 :: INFO :: Node OpenOCD: Setup of openocd node
2024-11-04 16:54:49,820 :: INFO :: Node OpenOCD: flash of openocd node
2024-11-04 16:54:49,825 :: INFO :: Flash firmware on OpenOCD: /usr/lib/python3.8/site-packages/gateway_code/static/m3_idle.elf
2024-11-04 16:54:51,971 :: INFO :: Control node : Start experiment
2024-11-04 16:54:52,042 :: INFO :: Control Node set time delay: 8666 us
2024-11-04 16:54:52,071 :: INFO :: Control node : profile configuration
2024-11-04 16:54:52,074 :: INFO :: Configure profile on Control Node
2024-11-04 16:54:52,139 :: INFO :: Start experiment succeeded
2024-11-04 16:56:21,613 :: INFO :: Gateway Manager : Flash of node
2024-11-04 16:56:21,618 :: INFO :: Flash firmware on open node: /tmp/tmpazpkzdpb--firmware586588828881842938-udp-client.iotlab
2024-11-04 16:56:21,658 :: INFO :: Node OpenOCD: flash of openocd node
2024-11-04 16:56:21,662 :: INFO :: Flash firmware on OpenOCD: /tmp/tmpazpkzdpb--firmware586588828881842938-udp-client.iotlab
2024-11-04 17:20:24,108 :: INFO :: Gateway Manager : Stop experiment
2024-11-04 17:20:24,114 :: INFO :: Stop experiment
2024-11-04 17:20:24,120 :: INFO :: Control node : stop of the experiment
2024-11-04 17:20:24,127 :: INFO :: Control node : profile configuration
2024-11-04 17:20:24,130 :: INFO :: Configure profile on Control Node
2024-11-04 17:20:24,187 :: INFO :: Control node : start power of open node
2024-11-04 17:20:24,219 :: INFO :: Node OpenOCD: teardown of openocd node
2024-11-04 17:20:27,235 :: INFO :: openocd node debugger stop
2024-11-04 17:20:27,857 :: INFO :: Node OpenOCD: flash of openocd node
2024-11-04 17:20:27,860 :: INFO :: Flash firmware on OpenOCD: /usr/lib/python3.8/site-packages/gateway_code/static/m3_idle.elf
2024-11-04 17:20:30,002 :: INFO :: Control node : Stop control node serial interface
2024-11-04 17:20:30,007 :: INFO :: Control node : stop power of open node
2024-11-04 17:20:30,047 :: INFO :: Control node : reset
2024-11-04 17:20:30,050 :: INFO :: Reset Control Node
