2024-11-04 16:54:43,658 :: INFO :: Start experiment: perezram-407638
2024-11-04 16:54:43,662 :: INFO :: Control node : Starting of control node serial interface
2024-11-04 16:54:43,665 :: INFO :: Control node : reset
2024-11-04 16:54:43,670 :: INFO :: Reset Control Node
2024-11-04 16:54:46,467 :: INFO :: Control node : start power of open node
2024-11-04 16:54:46,486 :: INFO :: Node OpenOCD: Setup of openocd node
2024-11-04 16:54:49,501 :: INFO :: Node OpenOCD: flash of openocd node
2024-11-04 16:54:49,506 :: INFO :: Flash firmware on OpenOCD: /usr/lib/python3.8/site-packages/gateway_code/static/m3_idle.elf
2024-11-04 16:54:51,654 :: INFO :: Control node : Start experiment
2024-11-04 16:54:51,717 :: INFO :: Control Node set time delay: 6280 us
2024-11-04 16:54:51,749 :: INFO :: Control node : profile configuration
2024-11-04 16:54:51,752 :: INFO :: Configure profile on Control Node
2024-11-04 16:54:51,818 :: INFO :: Start experiment succeeded
2024-11-04 16:56:21,395 :: INFO :: Gateway Manager : Flash of node
2024-11-04 16:56:21,400 :: INFO :: Flash firmware on open node: /tmp/tmpgpvvoaiq--firmware586588828881842938-udp-client.iotlab
2024-11-04 16:56:21,441 :: INFO :: Node OpenOCD: flash of openocd node
2024-11-04 16:56:21,444 :: INFO :: Flash firmware on OpenOCD: /tmp/tmpgpvvoaiq--firmware586588828881842938-udp-client.iotlab
2024-11-04 17:20:24,113 :: INFO :: Gateway Manager : Stop experiment
2024-11-04 17:20:24,119 :: INFO :: Stop experiment
2024-11-04 17:20:24,125 :: INFO :: Control node : stop of the experiment
2024-11-04 17:20:24,135 :: INFO :: Control node : profile configuration
2024-11-04 17:20:24,138 :: INFO :: Configure profile on Control Node
2024-11-04 17:20:24,188 :: INFO :: Control node : start power of open node
2024-11-04 17:20:24,220 :: INFO :: Node OpenOCD: teardown of openocd node
2024-11-04 17:20:27,235 :: INFO :: openocd node debugger stop
2024-11-04 17:20:27,760 :: INFO :: Node OpenOCD: flash of openocd node
2024-11-04 17:20:27,764 :: INFO :: Flash firmware on OpenOCD: /usr/lib/python3.8/site-packages/gateway_code/static/m3_idle.elf
2024-11-04 17:20:29,906 :: INFO :: Control node : Stop control node serial interface
2024-11-04 17:20:29,910 :: INFO :: Control node : stop power of open node
2024-11-04 17:20:29,951 :: INFO :: Control node : reset
2024-11-04 17:20:29,955 :: INFO :: Reset Control Node
