2024-11-04 16:54:43,997 :: INFO :: Start experiment: perezram-407638
2024-11-04 16:54:44,001 :: INFO :: Control node : Starting of control node serial interface
2024-11-04 16:54:44,004 :: INFO :: Control node : reset
2024-11-04 16:54:44,007 :: INFO :: Reset Control Node
2024-11-04 16:54:46,799 :: INFO :: Control node : start power of open node
2024-11-04 16:54:46,817 :: INFO :: Node OpenOCD: Setup of openocd node
2024-11-04 16:54:49,832 :: INFO :: Node OpenOCD: flash of openocd node
2024-11-04 16:54:49,837 :: INFO :: Flash firmware on OpenOCD: /usr/lib/python3.8/site-packages/gateway_code/static/m3_idle.elf
2024-11-04 16:54:51,997 :: INFO :: Control node : Start experiment
2024-11-04 16:54:52,049 :: INFO :: Control Node set time delay: 8175 us
2024-11-04 16:54:52,080 :: INFO :: Control node : profile configuration
2024-11-04 16:54:52,084 :: INFO :: Configure profile on Control Node
2024-11-04 16:54:52,149 :: INFO :: Start experiment succeeded
2024-11-04 16:56:21,465 :: INFO :: Gateway Manager : Flash of node
2024-11-04 16:56:21,470 :: INFO :: Flash firmware on open node: /tmp/tmpk61rh_rl--firmware586588828881842938-udp-client.iotlab
2024-11-04 16:56:21,510 :: INFO :: Node OpenOCD: flash of openocd node
2024-11-04 16:56:21,513 :: INFO :: Flash firmware on OpenOCD: /tmp/tmpk61rh_rl--firmware586588828881842938-udp-client.iotlab
2024-11-04 17:20:24,111 :: INFO :: Gateway Manager : Stop experiment
2024-11-04 17:20:24,117 :: INFO :: Stop experiment
2024-11-04 17:20:24,121 :: INFO :: Control node : stop of the experiment
2024-11-04 17:20:24,130 :: INFO :: Control node : profile configuration
2024-11-04 17:20:24,133 :: INFO :: Configure profile on Control Node
2024-11-04 17:20:24,192 :: INFO :: Control node : start power of open node
2024-11-04 17:20:24,224 :: INFO :: Node OpenOCD: teardown of openocd node
2024-11-04 17:20:27,241 :: INFO :: openocd node debugger stop
2024-11-04 17:20:27,862 :: INFO :: Node OpenOCD: flash of openocd node
2024-11-04 17:20:27,866 :: INFO :: Flash firmware on OpenOCD: /usr/lib/python3.8/site-packages/gateway_code/static/m3_idle.elf
2024-11-04 17:20:30,007 :: INFO :: Control node : Stop control node serial interface
2024-11-04 17:20:30,012 :: INFO :: Control node : stop power of open node
2024-11-04 17:20:30,051 :: INFO :: Control node : reset
2024-11-04 17:20:30,055 :: INFO :: Reset Control Node
