2024-11-04 16:54:43,996 :: INFO :: Start experiment: perezram-407638
2024-11-04 16:54:44,000 :: INFO :: Control node : Starting of control node serial interface
2024-11-04 16:54:44,003 :: INFO :: Control node : reset
2024-11-04 16:54:44,006 :: INFO :: Reset Control Node
2024-11-04 16:54:46,801 :: INFO :: Control node : start power of open node
2024-11-04 16:54:46,816 :: INFO :: Node OpenOCD: Setup of openocd node
2024-11-04 16:54:49,831 :: INFO :: Node OpenOCD: flash of openocd node
2024-11-04 16:54:49,836 :: INFO :: Flash firmware on OpenOCD: /usr/lib/python3.8/site-packages/gateway_code/static/m3_idle.elf
2024-11-04 16:54:52,033 :: INFO :: Control node : Start experiment
2024-11-04 16:54:52,099 :: INFO :: Control Node set time delay: 5050 us
2024-11-04 16:54:52,144 :: INFO :: Control node : profile configuration
2024-11-04 16:54:52,147 :: INFO :: Configure profile on Control Node
2024-11-04 16:54:52,197 :: INFO :: Start experiment succeeded
2024-11-04 16:56:21,789 :: INFO :: Gateway Manager : Flash of node
2024-11-04 16:56:21,794 :: INFO :: Flash firmware on open node: /tmp/tmpl1utbk8k--firmware586588828881842938-udp-client.iotlab
2024-11-04 16:56:21,852 :: INFO :: Node OpenOCD: flash of openocd node
2024-11-04 16:56:21,856 :: INFO :: Flash firmware on OpenOCD: /tmp/tmpl1utbk8k--firmware586588828881842938-udp-client.iotlab
2024-11-04 17:20:24,162 :: INFO :: Gateway Manager : Stop experiment
2024-11-04 17:20:24,167 :: INFO :: Stop experiment
2024-11-04 17:20:24,171 :: INFO :: Control node : stop of the experiment
2024-11-04 17:20:24,176 :: INFO :: Control node : profile configuration
2024-11-04 17:20:24,179 :: INFO :: Configure profile on Control Node
2024-11-04 17:20:24,235 :: INFO :: Control node : start power of open node
2024-11-04 17:20:24,266 :: INFO :: Node OpenOCD: teardown of openocd node
2024-11-04 17:20:27,282 :: INFO :: openocd node debugger stop
2024-11-04 17:20:27,904 :: INFO :: Node OpenOCD: flash of openocd node
2024-11-04 17:20:27,907 :: INFO :: Flash firmware on OpenOCD: /usr/lib/python3.8/site-packages/gateway_code/static/m3_idle.elf
