2024-11-04 16:54:43,649 :: INFO :: Start experiment: perezram-407638
2024-11-04 16:54:43,653 :: INFO :: Control node : Starting of control node serial interface
2024-11-04 16:54:43,656 :: INFO :: Control node : reset
2024-11-04 16:54:43,659 :: INFO :: Reset Control Node
2024-11-04 16:54:46,458 :: INFO :: Control node : start power of open node
2024-11-04 16:54:46,475 :: INFO :: Node OpenOCD: Setup of openocd node
2024-11-04 16:54:49,490 :: INFO :: Node OpenOCD: flash of openocd node
2024-11-04 16:54:49,495 :: INFO :: Flash firmware on OpenOCD: /usr/lib/python3.8/site-packages/gateway_code/static/m3_idle.elf
2024-11-04 16:54:51,647 :: INFO :: Control node : Start experiment
2024-11-04 16:54:51,723 :: INFO :: Control Node set time delay: 6225 us
2024-11-04 16:54:51,752 :: INFO :: Control node : profile configuration
2024-11-04 16:54:51,755 :: INFO :: Configure profile on Control Node
2024-11-04 16:54:51,808 :: INFO :: Start experiment succeeded
2024-11-04 16:56:21,715 :: INFO :: Gateway Manager : Flash of node
2024-11-04 16:56:21,721 :: INFO :: Flash firmware on open node: /tmp/tmpdkbws2ms--firmware586588828881842938-udp-client.iotlab
2024-11-04 16:56:21,760 :: INFO :: Node OpenOCD: flash of openocd node
2024-11-04 16:56:21,764 :: INFO :: Flash firmware on OpenOCD: /tmp/tmpdkbws2ms--firmware586588828881842938-udp-client.iotlab
2024-11-04 17:20:23,925 :: INFO :: Gateway Manager : Stop experiment
2024-11-04 17:20:23,931 :: INFO :: Stop experiment
2024-11-04 17:20:23,935 :: INFO :: Control node : stop of the experiment
2024-11-04 17:20:23,942 :: INFO :: Control node : profile configuration
2024-11-04 17:20:23,947 :: INFO :: Configure profile on Control Node
2024-11-04 17:20:24,000 :: INFO :: Control node : start power of open node
2024-11-04 17:20:24,032 :: INFO :: Node OpenOCD: teardown of openocd node
2024-11-04 17:20:27,048 :: INFO :: openocd node debugger stop
2024-11-04 17:20:27,670 :: INFO :: Node OpenOCD: flash of openocd node
2024-11-04 17:20:27,674 :: INFO :: Flash firmware on OpenOCD: /usr/lib/python3.8/site-packages/gateway_code/static/m3_idle.elf
2024-11-04 17:20:29,816 :: INFO :: Control node : Stop control node serial interface
2024-11-04 17:20:29,821 :: INFO :: Control node : stop power of open node
2024-11-04 17:20:29,860 :: INFO :: Control node : reset
2024-11-04 17:20:29,864 :: INFO :: Reset Control Node
