2024-11-04 16:54:44,101 :: INFO :: Start experiment: perezram-407638
2024-11-04 16:54:44,105 :: INFO :: Control node : Starting of control node serial interface
2024-11-04 16:54:44,108 :: INFO :: Control node : reset
2024-11-04 16:54:44,111 :: INFO :: Reset Control Node
2024-11-04 16:54:46,903 :: INFO :: Control node : start power of open node
2024-11-04 16:54:46,920 :: INFO :: Node OpenOCD: Setup of openocd node
2024-11-04 16:54:49,935 :: INFO :: Node OpenOCD: flash of openocd node
2024-11-04 16:54:49,940 :: INFO :: Flash firmware on OpenOCD: /usr/lib/python3.8/site-packages/gateway_code/static/m3_idle.elf
2024-11-04 16:54:52,086 :: INFO :: Control node : Start experiment
2024-11-04 16:54:52,152 :: INFO :: Control Node set time delay: 7174 us
2024-11-04 16:54:52,184 :: INFO :: Control node : profile configuration
2024-11-04 16:54:52,187 :: INFO :: Configure profile on Control Node
2024-11-04 16:54:52,237 :: INFO :: Start experiment succeeded
2024-11-04 16:56:21,152 :: INFO :: Gateway Manager : Flash of node
2024-11-04 16:56:21,157 :: INFO :: Flash firmware on open node: /tmp/tmpt87akesb--firmware586588828881842938-udp-client.iotlab
2024-11-04 16:56:21,196 :: INFO :: Node OpenOCD: flash of openocd node
2024-11-04 16:56:21,200 :: INFO :: Flash firmware on OpenOCD: /tmp/tmpt87akesb--firmware586588828881842938-udp-client.iotlab
2024-11-04 17:20:24,345 :: INFO :: Gateway Manager : Stop experiment
2024-11-04 17:20:24,351 :: INFO :: Stop experiment
2024-11-04 17:20:24,355 :: INFO :: Control node : stop of the experiment
2024-11-04 17:20:24,360 :: INFO :: Control node : profile configuration
2024-11-04 17:20:24,363 :: INFO :: Configure profile on Control Node
2024-11-04 17:20:24,409 :: INFO :: Control node : start power of open node
2024-11-04 17:20:24,441 :: INFO :: Node OpenOCD: teardown of openocd node
2024-11-04 17:20:27,461 :: INFO :: openocd node debugger stop
2024-11-04 17:20:28,083 :: INFO :: Node OpenOCD: flash of openocd node
2024-11-04 17:20:28,087 :: INFO :: Flash firmware on OpenOCD: /usr/lib/python3.8/site-packages/gateway_code/static/m3_idle.elf
