2024-11-04 16:54:43,906 :: INFO :: Start experiment: perezram-407638
2024-11-04 16:54:43,910 :: INFO :: Control node : Starting of control node serial interface
2024-11-04 16:54:43,913 :: INFO :: Control node : reset
2024-11-04 16:54:43,916 :: INFO :: Reset Control Node
2024-11-04 16:54:46,773 :: INFO :: Control node : start power of open node
2024-11-04 16:54:46,791 :: INFO :: Node OpenOCD: Setup of openocd node
2024-11-04 16:54:49,806 :: INFO :: Node OpenOCD: flash of openocd node
2024-11-04 16:54:49,811 :: INFO :: Flash firmware on OpenOCD: /usr/lib/python3.8/site-packages/gateway_code/static/m3_idle.elf
2024-11-04 16:54:51,957 :: INFO :: Control node : Start experiment
2024-11-04 16:54:52,022 :: INFO :: Control Node set time delay: 13026 us
2024-11-04 16:54:52,055 :: INFO :: Control node : profile configuration
2024-11-04 16:54:52,058 :: INFO :: Configure profile on Control Node
2024-11-04 16:54:52,124 :: INFO :: Start experiment succeeded
2024-11-04 16:56:21,608 :: INFO :: Gateway Manager : Flash of node
2024-11-04 16:56:21,614 :: INFO :: Flash firmware on open node: /tmp/tmphf_7n8cj--firmware586588828881842938-udp-client.iotlab
2024-11-04 16:56:21,672 :: INFO :: Node OpenOCD: flash of openocd node
2024-11-04 16:56:21,676 :: INFO :: Flash firmware on OpenOCD: /tmp/tmphf_7n8cj--firmware586588828881842938-udp-client.iotlab
2024-11-04 17:20:24,112 :: INFO :: Gateway Manager : Stop experiment
2024-11-04 17:20:24,119 :: INFO :: Stop experiment
2024-11-04 17:20:24,125 :: INFO :: Control node : stop of the experiment
2024-11-04 17:20:24,134 :: INFO :: Control node : profile configuration
2024-11-04 17:20:24,137 :: INFO :: Configure profile on Control Node
2024-11-04 17:20:24,190 :: INFO :: Control node : start power of open node
2024-11-04 17:20:24,222 :: INFO :: Node OpenOCD: teardown of openocd node
2024-11-04 17:20:27,239 :: INFO :: openocd node debugger stop
2024-11-04 17:20:27,860 :: INFO :: Node OpenOCD: flash of openocd node
2024-11-04 17:20:27,864 :: INFO :: Flash firmware on OpenOCD: /usr/lib/python3.8/site-packages/gateway_code/static/m3_idle.elf
2024-11-04 17:20:30,005 :: INFO :: Control node : Stop control node serial interface
2024-11-04 17:20:30,010 :: INFO :: Control node : stop power of open node
2024-11-04 17:20:30,050 :: INFO :: Control node : reset
2024-11-04 17:20:30,054 :: INFO :: Reset Control Node
