2024-11-04 16:54:43,661 :: INFO :: Start experiment: perezram-407638
2024-11-04 16:54:43,666 :: INFO :: Control node : Starting of control node serial interface
2024-11-04 16:54:43,670 :: INFO :: Control node : reset
2024-11-04 16:54:43,673 :: INFO :: Reset Control Node
2024-11-04 16:54:46,474 :: INFO :: Control node : start power of open node
2024-11-04 16:54:46,491 :: INFO :: Node OpenOCD: Setup of openocd node
2024-11-04 16:54:49,505 :: INFO :: Node OpenOCD: flash of openocd node
2024-11-04 16:54:49,510 :: INFO :: Flash firmware on OpenOCD: /usr/lib/python3.8/site-packages/gateway_code/static/m3_idle.elf
2024-11-04 16:54:51,657 :: INFO :: Control node : Start experiment
2024-11-04 16:54:51,722 :: INFO :: Control Node set time delay: 13763 us
2024-11-04 16:54:51,743 :: INFO :: Control node : profile configuration
2024-11-04 16:54:51,746 :: INFO :: Configure profile on Control Node
2024-11-04 16:54:51,808 :: INFO :: Start experiment succeeded
2024-11-04 16:56:19,979 :: INFO :: Gateway Manager : Flash of node
2024-11-04 16:56:20,008 :: INFO :: Flash firmware on open node: /tmp/tmppso42iab--firmware586588828881842938-udp-client.iotlab
2024-11-04 16:56:20,047 :: INFO :: Node OpenOCD: flash of openocd node
2024-11-04 16:56:20,051 :: INFO :: Flash firmware on OpenOCD: /tmp/tmppso42iab--firmware586588828881842938-udp-client.iotlab
2024-11-04 17:20:23,929 :: INFO :: Gateway Manager : Stop experiment
2024-11-04 17:20:23,936 :: INFO :: Stop experiment
2024-11-04 17:20:23,940 :: INFO :: Control node : stop of the experiment
2024-11-04 17:20:23,945 :: INFO :: Control node : profile configuration
2024-11-04 17:20:23,948 :: INFO :: Configure profile on Control Node
2024-11-04 17:20:23,993 :: INFO :: Control node : start power of open node
2024-11-04 17:20:24,024 :: INFO :: Node OpenOCD: teardown of openocd node
2024-11-04 17:20:27,041 :: INFO :: openocd node debugger stop
2024-11-04 17:20:27,663 :: INFO :: Node OpenOCD: flash of openocd node
2024-11-04 17:20:27,666 :: INFO :: Flash firmware on OpenOCD: /usr/lib/python3.8/site-packages/gateway_code/static/m3_idle.elf
2024-11-04 17:20:29,808 :: INFO :: Control node : Stop control node serial interface
2024-11-04 17:20:29,813 :: INFO :: Control node : stop power of open node
2024-11-04 17:20:29,852 :: INFO :: Control node : reset
2024-11-04 17:20:29,856 :: INFO :: Reset Control Node
