2024-11-04 16:54:43,657 :: INFO :: Start experiment: perezram-407638
2024-11-04 16:54:43,661 :: INFO :: Control node : Starting of control node serial interface
2024-11-04 16:54:43,664 :: INFO :: Control node : reset
2024-11-04 16:54:43,669 :: INFO :: Reset Control Node
2024-11-04 16:54:46,466 :: INFO :: Control node : start power of open node
2024-11-04 16:54:46,484 :: INFO :: Node OpenOCD: Setup of openocd node
2024-11-04 16:54:49,498 :: INFO :: Node OpenOCD: flash of openocd node
2024-11-04 16:54:49,504 :: INFO :: Flash firmware on OpenOCD: /usr/lib/python3.8/site-packages/gateway_code/static/m3_idle.elf
2024-11-04 16:54:51,651 :: INFO :: Control node : Start experiment
2024-11-04 16:54:51,715 :: INFO :: Control Node set time delay: 6933 us
2024-11-04 16:54:51,764 :: INFO :: Control node : profile configuration
2024-11-04 16:54:51,767 :: INFO :: Configure profile on Control Node
2024-11-04 16:54:51,817 :: INFO :: Start experiment succeeded
2024-11-04 16:56:19,775 :: INFO :: Gateway Manager : Flash of node
2024-11-04 16:56:19,806 :: INFO :: Flash firmware on open node: /tmp/tmpgnel_yiz--firmware586588828881842938-udp-client.iotlab
2024-11-04 16:56:19,846 :: INFO :: Node OpenOCD: flash of openocd node
2024-11-04 16:56:19,850 :: INFO :: Flash firmware on OpenOCD: /tmp/tmpgnel_yiz--firmware586588828881842938-udp-client.iotlab
2024-11-04 17:20:23,923 :: INFO :: Gateway Manager : Stop experiment
2024-11-04 17:20:23,930 :: INFO :: Stop experiment
2024-11-04 17:20:23,936 :: INFO :: Control node : stop of the experiment
2024-11-04 17:20:23,941 :: INFO :: Control node : profile configuration
2024-11-04 17:20:23,944 :: INFO :: Configure profile on Control Node
2024-11-04 17:20:24,002 :: INFO :: Control node : start power of open node
2024-11-04 17:20:24,034 :: INFO :: Node OpenOCD: teardown of openocd node
2024-11-04 17:20:27,049 :: INFO :: openocd node debugger stop
2024-11-04 17:20:27,672 :: INFO :: Node OpenOCD: flash of openocd node
2024-11-04 17:20:27,675 :: INFO :: Flash firmware on OpenOCD: /usr/lib/python3.8/site-packages/gateway_code/static/m3_idle.elf
2024-11-04 17:20:29,819 :: INFO :: Control node : Stop control node serial interface
2024-11-04 17:20:29,823 :: INFO :: Control node : stop power of open node
2024-11-04 17:20:29,861 :: INFO :: Control node : reset
2024-11-04 17:20:29,865 :: INFO :: Reset Control Node
