2024-11-04 16:54:44,078 :: INFO :: Start experiment: perezram-407638
2024-11-04 16:54:44,082 :: INFO :: Control node : Starting of control node serial interface
2024-11-04 16:54:44,085 :: INFO :: Control node : reset
2024-11-04 16:54:44,088 :: INFO :: Reset Control Node
2024-11-04 16:54:46,884 :: INFO :: Control node : start power of open node
2024-11-04 16:54:46,901 :: INFO :: Node OpenOCD: Setup of openocd node
2024-11-04 16:54:49,916 :: INFO :: Node OpenOCD: flash of openocd node
2024-11-04 16:54:49,920 :: INFO :: Flash firmware on OpenOCD: /usr/lib/python3.8/site-packages/gateway_code/static/m3_idle.elf
2024-11-04 16:54:52,066 :: INFO :: Control node : Start experiment
2024-11-04 16:54:52,138 :: INFO :: Control Node set time delay: 7107 us
2024-11-04 16:54:52,165 :: INFO :: Control node : profile configuration
2024-11-04 16:54:52,168 :: INFO :: Configure profile on Control Node
2024-11-04 16:54:52,234 :: INFO :: Start experiment succeeded
2024-11-04 16:56:21,552 :: INFO :: Gateway Manager : Flash of node
2024-11-04 16:56:21,557 :: INFO :: Flash firmware on open node: /tmp/tmpxhqqzxl_--firmware586588828881842938-udp-client.iotlab
2024-11-04 16:56:21,596 :: INFO :: Node OpenOCD: flash of openocd node
2024-11-04 16:56:21,600 :: INFO :: Flash firmware on OpenOCD: /tmp/tmpxhqqzxl_--firmware586588828881842938-udp-client.iotlab
2024-11-04 17:20:24,146 :: INFO :: Gateway Manager : Stop experiment
2024-11-04 17:20:24,152 :: INFO :: Stop experiment
2024-11-04 17:20:24,157 :: INFO :: Control node : stop of the experiment
2024-11-04 17:20:24,163 :: INFO :: Control node : profile configuration
2024-11-04 17:20:24,166 :: INFO :: Configure profile on Control Node
2024-11-04 17:20:24,221 :: INFO :: Control node : start power of open node
2024-11-04 17:20:24,253 :: INFO :: Node OpenOCD: teardown of openocd node
2024-11-04 17:20:27,269 :: INFO :: openocd node debugger stop
2024-11-04 17:20:27,891 :: INFO :: Node OpenOCD: flash of openocd node
2024-11-04 17:20:27,894 :: INFO :: Flash firmware on OpenOCD: /usr/lib/python3.8/site-packages/gateway_code/static/m3_idle.elf
