2024-11-04 16:54:44,103 :: INFO :: Start experiment: perezram-407638
2024-11-04 16:54:44,107 :: INFO :: Control node : Starting of control node serial interface
2024-11-04 16:54:44,110 :: INFO :: Control node : reset
2024-11-04 16:54:44,113 :: INFO :: Reset Control Node
2024-11-04 16:54:46,903 :: INFO :: Control node : start power of open node
2024-11-04 16:54:46,923 :: INFO :: Node OpenOCD: Setup of openocd node
2024-11-04 16:54:49,938 :: INFO :: Node OpenOCD: flash of openocd node
2024-11-04 16:54:49,943 :: INFO :: Flash firmware on OpenOCD: /usr/lib/python3.8/site-packages/gateway_code/static/m3_idle.elf
2024-11-04 16:54:52,089 :: INFO :: Control node : Start experiment
2024-11-04 16:54:52,153 :: INFO :: Control Node set time delay: 11030 us
2024-11-04 16:54:52,201 :: INFO :: Control node : profile configuration
2024-11-04 16:54:52,205 :: INFO :: Configure profile on Control Node
2024-11-04 16:54:52,254 :: INFO :: Start experiment succeeded
2024-11-04 16:56:21,735 :: INFO :: Gateway Manager : Flash of node
2024-11-04 16:56:21,740 :: INFO :: Flash firmware on open node: /tmp/tmprjjwcjpl--firmware586588828881842938-udp-client.iotlab
2024-11-04 16:56:21,780 :: INFO :: Node OpenOCD: flash of openocd node
2024-11-04 16:56:21,783 :: INFO :: Flash firmware on OpenOCD: /tmp/tmprjjwcjpl--firmware586588828881842938-udp-client.iotlab
2024-11-04 17:20:24,278 :: INFO :: Gateway Manager : Stop experiment
2024-11-04 17:20:24,283 :: INFO :: Stop experiment
2024-11-04 17:20:24,287 :: INFO :: Control node : stop of the experiment
2024-11-04 17:20:24,292 :: INFO :: Control node : profile configuration
2024-11-04 17:20:24,295 :: INFO :: Configure profile on Control Node
2024-11-04 17:20:24,340 :: INFO :: Control node : start power of open node
2024-11-04 17:20:24,371 :: INFO :: Node OpenOCD: teardown of openocd node
2024-11-04 17:20:27,400 :: INFO :: openocd node debugger stop
2024-11-04 17:20:28,022 :: INFO :: Node OpenOCD: flash of openocd node
2024-11-04 17:20:28,025 :: INFO :: Flash firmware on OpenOCD: /usr/lib/python3.8/site-packages/gateway_code/static/m3_idle.elf
