2024-11-04 16:54:43,663 :: INFO :: Start experiment: perezram-407638
2024-11-04 16:54:43,667 :: INFO :: Control node : Starting of control node serial interface
2024-11-04 16:54:43,671 :: INFO :: Control node : reset
2024-11-04 16:54:43,675 :: INFO :: Reset Control Node
2024-11-04 16:54:46,472 :: INFO :: Control node : start power of open node
2024-11-04 16:54:46,489 :: INFO :: Node OpenOCD: Setup of openocd node
2024-11-04 16:54:49,503 :: INFO :: Node OpenOCD: flash of openocd node
2024-11-04 16:54:49,508 :: INFO :: Flash firmware on OpenOCD: /usr/lib/python3.8/site-packages/gateway_code/static/m3_idle.elf
2024-11-04 16:54:51,657 :: INFO :: Control node : Start experiment
2024-11-04 16:54:51,723 :: INFO :: Control Node set time delay: 12100 us
2024-11-04 16:54:51,752 :: INFO :: Control node : profile configuration
2024-11-04 16:54:51,755 :: INFO :: Configure profile on Control Node
2024-11-04 16:54:51,821 :: INFO :: Start experiment succeeded
2024-11-04 16:56:19,969 :: INFO :: Gateway Manager : Flash of node
2024-11-04 16:56:19,999 :: INFO :: Flash firmware on open node: /tmp/tmp0svpkuif--firmware586588828881842938-udp-client.iotlab
2024-11-04 16:56:20,038 :: INFO :: Node OpenOCD: flash of openocd node
2024-11-04 16:56:20,042 :: INFO :: Flash firmware on OpenOCD: /tmp/tmp0svpkuif--firmware586588828881842938-udp-client.iotlab
2024-11-04 17:20:24,110 :: INFO :: Gateway Manager : Stop experiment
2024-11-04 17:20:24,118 :: INFO :: Stop experiment
2024-11-04 17:20:24,124 :: INFO :: Control node : stop of the experiment
2024-11-04 17:20:24,132 :: INFO :: Control node : profile configuration
2024-11-04 17:20:24,137 :: INFO :: Configure profile on Control Node
2024-11-04 17:20:24,198 :: INFO :: Control node : start power of open node
2024-11-04 17:20:24,231 :: INFO :: Node OpenOCD: teardown of openocd node
2024-11-04 17:20:27,248 :: INFO :: openocd node debugger stop
2024-11-04 17:20:27,773 :: INFO :: Node OpenOCD: flash of openocd node
2024-11-04 17:20:27,776 :: INFO :: Flash firmware on OpenOCD: /usr/lib/python3.8/site-packages/gateway_code/static/m3_idle.elf
2024-11-04 17:20:29,921 :: INFO :: Control node : Stop control node serial interface
2024-11-04 17:20:29,926 :: INFO :: Control node : stop power of open node
2024-11-04 17:20:29,961 :: INFO :: Control node : reset
2024-11-04 17:20:29,965 :: INFO :: Reset Control Node
