2024-11-04 16:54:44,088 :: INFO :: Start experiment: perezram-407638
2024-11-04 16:54:44,091 :: INFO :: Control node : Starting of control node serial interface
2024-11-04 16:54:44,095 :: INFO :: Control node : reset
2024-11-04 16:54:44,098 :: INFO :: Reset Control Node
2024-11-04 16:54:47,174 :: INFO :: Control node : start power of open node
2024-11-04 16:54:47,199 :: INFO :: Node OpenOCD: Setup of openocd node
2024-11-04 16:54:50,223 :: INFO :: Node OpenOCD: flash of openocd node
2024-11-04 16:54:50,227 :: INFO :: Flash firmware on OpenOCD: /usr/lib/python3.8/site-packages/gateway_code/static/m3_idle.elf
2024-11-04 16:54:53,108 :: INFO :: Control node : Start experiment
2024-11-04 16:54:53,193 :: INFO :: Control Node set time delay: 7588 us
2024-11-04 16:54:53,231 :: INFO :: Control node : profile configuration
2024-11-04 16:54:53,237 :: INFO :: Configure profile on Control Node
2024-11-04 16:54:53,349 :: INFO :: Start experiment succeeded
2024-11-04 16:56:21,860 :: INFO :: Gateway Manager : Flash of node
2024-11-04 16:56:21,865 :: INFO :: Flash firmware on open node: /tmp/tmpxjpa5hqg--firmware586588828881842938-udp-client.iotlab
2024-11-04 16:56:21,905 :: INFO :: Node OpenOCD: flash of openocd node
2024-11-04 16:56:21,908 :: INFO :: Flash firmware on OpenOCD: /tmp/tmpxjpa5hqg--firmware586588828881842938-udp-client.iotlab
2024-11-04 17:20:24,276 :: INFO :: Gateway Manager : Stop experiment
2024-11-04 17:20:24,282 :: INFO :: Stop experiment
2024-11-04 17:20:24,286 :: INFO :: Control node : stop of the experiment
2024-11-04 17:20:24,291 :: INFO :: Control node : profile configuration
2024-11-04 17:20:24,294 :: INFO :: Configure profile on Control Node
2024-11-04 17:20:24,347 :: INFO :: Control node : start power of open node
2024-11-04 17:20:24,379 :: INFO :: Node OpenOCD: teardown of openocd node
2024-11-04 17:20:27,401 :: INFO :: openocd node debugger stop
2024-11-04 17:20:28,023 :: INFO :: Node OpenOCD: flash of openocd node
2024-11-04 17:20:28,026 :: INFO :: Flash firmware on OpenOCD: /usr/lib/python3.8/site-packages/gateway_code/static/m3_idle.elf
