2024-11-04 16:54:44,111 :: INFO :: Start experiment: perezram-407638
2024-11-04 16:54:44,115 :: INFO :: Control node : Starting of control node serial interface
2024-11-04 16:54:44,118 :: INFO :: Control node : reset
2024-11-04 16:54:44,121 :: INFO :: Reset Control Node
2024-11-04 16:54:46,914 :: INFO :: Control node : start power of open node
2024-11-04 16:54:46,930 :: INFO :: Node OpenOCD: Setup of openocd node
2024-11-04 16:54:49,944 :: INFO :: Node OpenOCD: flash of openocd node
2024-11-04 16:54:49,949 :: INFO :: Flash firmware on OpenOCD: /usr/lib/python3.8/site-packages/gateway_code/static/m3_idle.elf
2024-11-04 16:54:52,095 :: INFO :: Control node : Start experiment
2024-11-04 16:54:52,161 :: INFO :: Control Node set time delay: 7985 us
2024-11-04 16:54:52,193 :: INFO :: Control node : profile configuration
2024-11-04 16:54:52,207 :: INFO :: Configure profile on Control Node
2024-11-04 16:54:52,262 :: INFO :: Start experiment succeeded
2024-11-04 16:56:21,505 :: INFO :: Gateway Manager : Flash of node
2024-11-04 16:56:21,510 :: INFO :: Flash firmware on open node: /tmp/tmp6hjcolbm--firmware586588828881842938-udp-client.iotlab
2024-11-04 16:56:21,550 :: INFO :: Node OpenOCD: flash of openocd node
2024-11-04 16:56:21,553 :: INFO :: Flash firmware on OpenOCD: /tmp/tmp6hjcolbm--firmware586588828881842938-udp-client.iotlab
2024-11-04 17:20:24,274 :: INFO :: Gateway Manager : Stop experiment
2024-11-04 17:20:24,279 :: INFO :: Stop experiment
2024-11-04 17:20:24,284 :: INFO :: Control node : stop of the experiment
2024-11-04 17:20:24,289 :: INFO :: Control node : profile configuration
2024-11-04 17:20:24,292 :: INFO :: Configure profile on Control Node
2024-11-04 17:20:24,347 :: INFO :: Control node : start power of open node
2024-11-04 17:20:24,379 :: INFO :: Node OpenOCD: teardown of openocd node
2024-11-04 17:20:27,395 :: INFO :: openocd node debugger stop
2024-11-04 17:20:28,017 :: INFO :: Node OpenOCD: flash of openocd node
2024-11-04 17:20:28,020 :: INFO :: Flash firmware on OpenOCD: /usr/lib/python3.8/site-packages/gateway_code/static/m3_idle.elf
