2024-11-04 16:54:43,752 :: INFO :: Start experiment: perezram-407638
2024-11-04 16:54:43,756 :: INFO :: Control node : Starting of control node serial interface
2024-11-04 16:54:43,759 :: INFO :: Control node : reset
2024-11-04 16:54:43,762 :: INFO :: Reset Control Node
2024-11-04 16:54:46,717 :: INFO :: Control node : start power of open node
2024-11-04 16:54:46,735 :: INFO :: Node OpenOCD: Setup of openocd node
2024-11-04 16:54:49,749 :: INFO :: Node OpenOCD: flash of openocd node
2024-11-04 16:54:49,754 :: INFO :: Flash firmware on OpenOCD: /usr/lib/python3.8/site-packages/gateway_code/static/m3_idle.elf
2024-11-04 16:54:51,901 :: INFO :: Control node : Start experiment
2024-11-04 16:54:51,967 :: INFO :: Control Node set time delay: 5157 us
2024-11-04 16:54:51,999 :: INFO :: Control node : profile configuration
2024-11-04 16:54:52,002 :: INFO :: Configure profile on Control Node
2024-11-04 16:54:52,074 :: INFO :: Start experiment succeeded
2024-11-04 16:56:20,868 :: INFO :: Gateway Manager : Flash of node
2024-11-04 16:56:20,873 :: INFO :: Flash firmware on open node: /tmp/tmprgqrv47u--firmware586588828881842938-udp-client.iotlab
2024-11-04 16:56:20,912 :: INFO :: Node OpenOCD: flash of openocd node
2024-11-04 16:56:20,916 :: INFO :: Flash firmware on OpenOCD: /tmp/tmprgqrv47u--firmware586588828881842938-udp-client.iotlab
2024-11-04 17:20:24,114 :: INFO :: Gateway Manager : Stop experiment
2024-11-04 17:20:24,121 :: INFO :: Stop experiment
2024-11-04 17:20:24,127 :: INFO :: Control node : stop of the experiment
2024-11-04 17:20:24,136 :: INFO :: Control node : profile configuration
2024-11-04 17:20:24,139 :: INFO :: Configure profile on Control Node
2024-11-04 17:20:24,198 :: INFO :: Control node : start power of open node
2024-11-04 17:20:24,230 :: INFO :: Node OpenOCD: teardown of openocd node
2024-11-04 17:20:27,246 :: INFO :: openocd node debugger stop
2024-11-04 17:20:27,771 :: INFO :: Node OpenOCD: flash of openocd node
2024-11-04 17:20:27,775 :: INFO :: Flash firmware on OpenOCD: /usr/lib/python3.8/site-packages/gateway_code/static/m3_idle.elf
2024-11-04 17:20:29,916 :: INFO :: Control node : Stop control node serial interface
2024-11-04 17:20:29,921 :: INFO :: Control node : stop power of open node
2024-11-04 17:20:29,961 :: INFO :: Control node : reset
2024-11-04 17:20:29,965 :: INFO :: Reset Control Node
