2024-11-04 16:54:43,979 :: INFO :: Start experiment: perezram-407638
2024-11-04 16:54:43,983 :: INFO :: Control node : Starting of control node serial interface
2024-11-04 16:54:43,986 :: INFO :: Control node : reset
2024-11-04 16:54:43,989 :: INFO :: Reset Control Node
2024-11-04 16:54:46,787 :: INFO :: Control node : start power of open node
2024-11-04 16:54:46,813 :: INFO :: Node OpenOCD: Setup of openocd node
2024-11-04 16:54:49,827 :: INFO :: Node OpenOCD: flash of openocd node
2024-11-04 16:54:49,832 :: INFO :: Flash firmware on OpenOCD: /usr/lib/python3.8/site-packages/gateway_code/static/m3_idle.elf
2024-11-04 16:54:51,978 :: INFO :: Control node : Start experiment
2024-11-04 16:54:52,044 :: INFO :: Control Node set time delay: 13105 us
2024-11-04 16:54:52,077 :: INFO :: Control node : profile configuration
2024-11-04 16:54:52,080 :: INFO :: Configure profile on Control Node
2024-11-04 16:54:52,146 :: INFO :: Start experiment succeeded
2024-11-04 16:56:21,757 :: INFO :: Gateway Manager : Flash of node
2024-11-04 16:56:21,762 :: INFO :: Flash firmware on open node: /tmp/tmp6x0xba84--firmware586588828881842938-udp-client.iotlab
2024-11-04 16:56:21,801 :: INFO :: Node OpenOCD: flash of openocd node
2024-11-04 16:56:21,805 :: INFO :: Flash firmware on OpenOCD: /tmp/tmp6x0xba84--firmware586588828881842938-udp-client.iotlab
2024-11-04 17:20:24,102 :: INFO :: Gateway Manager : Stop experiment
2024-11-04 17:20:24,108 :: INFO :: Stop experiment
2024-11-04 17:20:24,114 :: INFO :: Control node : stop of the experiment
2024-11-04 17:20:24,121 :: INFO :: Control node : profile configuration
2024-11-04 17:20:24,124 :: INFO :: Configure profile on Control Node
2024-11-04 17:20:24,169 :: INFO :: Control node : start power of open node
2024-11-04 17:20:24,201 :: INFO :: Node OpenOCD: teardown of openocd node
2024-11-04 17:20:27,219 :: INFO :: openocd node debugger stop
2024-11-04 17:20:27,840 :: INFO :: Node OpenOCD: flash of openocd node
2024-11-04 17:20:27,844 :: INFO :: Flash firmware on OpenOCD: /usr/lib/python3.8/site-packages/gateway_code/static/m3_idle.elf
2024-11-04 17:20:29,986 :: INFO :: Control node : Stop control node serial interface
2024-11-04 17:20:29,990 :: INFO :: Control node : stop power of open node
2024-11-04 17:20:30,030 :: INFO :: Control node : reset
2024-11-04 17:20:30,033 :: INFO :: Reset Control Node
