2024-11-04 16:54:43,993 :: INFO :: Start experiment: perezram-407638
2024-11-04 16:54:43,997 :: INFO :: Control node : Starting of control node serial interface
2024-11-04 16:54:44,000 :: INFO :: Control node : reset
2024-11-04 16:54:44,003 :: INFO :: Reset Control Node
2024-11-04 16:54:46,797 :: INFO :: Control node : start power of open node
2024-11-04 16:54:46,817 :: INFO :: Node OpenOCD: Setup of openocd node
2024-11-04 16:54:49,831 :: INFO :: Node OpenOCD: flash of openocd node
2024-11-04 16:54:49,837 :: INFO :: Flash firmware on OpenOCD: /usr/lib/python3.8/site-packages/gateway_code/static/m3_idle.elf
2024-11-04 16:54:51,982 :: INFO :: Control node : Start experiment
2024-11-04 16:54:52,048 :: INFO :: Control Node set time delay: 12106 us
2024-11-04 16:54:52,079 :: INFO :: Control node : profile configuration
2024-11-04 16:54:52,082 :: INFO :: Configure profile on Control Node
2024-11-04 16:54:52,148 :: INFO :: Start experiment succeeded
2024-11-04 16:56:21,758 :: INFO :: Gateway Manager : Flash of node
2024-11-04 16:56:21,763 :: INFO :: Flash firmware on open node: /tmp/tmpvjdpfc4d--firmware586588828881842938-udp-client.iotlab
2024-11-04 16:56:21,803 :: INFO :: Node OpenOCD: flash of openocd node
2024-11-04 16:56:21,807 :: INFO :: Flash firmware on OpenOCD: /tmp/tmpvjdpfc4d--firmware586588828881842938-udp-client.iotlab
2024-11-04 17:20:24,148 :: INFO :: Gateway Manager : Stop experiment
2024-11-04 17:20:24,154 :: INFO :: Stop experiment
2024-11-04 17:20:24,160 :: INFO :: Control node : stop of the experiment
2024-11-04 17:20:24,165 :: INFO :: Control node : profile configuration
2024-11-04 17:20:24,168 :: INFO :: Configure profile on Control Node
2024-11-04 17:20:24,215 :: INFO :: Control node : start power of open node
2024-11-04 17:20:24,248 :: INFO :: Node OpenOCD: teardown of openocd node
2024-11-04 17:20:27,272 :: INFO :: openocd node debugger stop
2024-11-04 17:20:27,894 :: INFO :: Node OpenOCD: flash of openocd node
2024-11-04 17:20:27,897 :: INFO :: Flash firmware on OpenOCD: /usr/lib/python3.8/site-packages/gateway_code/static/m3_idle.elf
2024-11-04 17:20:30,038 :: INFO :: Control node : Stop control node serial interface
2024-11-04 17:20:30,042 :: INFO :: Control node : stop power of open node
2024-11-04 17:20:30,074 :: INFO :: Control node : reset
2024-11-04 17:20:30,078 :: INFO :: Reset Control Node
