2024-11-04 16:54:43,752 :: INFO :: Start experiment: perezram-407638
2024-11-04 16:54:43,756 :: INFO :: Control node : Starting of control node serial interface
2024-11-04 16:54:43,759 :: INFO :: Control node : reset
2024-11-04 16:54:43,762 :: INFO :: Reset Control Node
2024-11-04 16:54:46,711 :: INFO :: Control node : start power of open node
2024-11-04 16:54:46,729 :: INFO :: Node OpenOCD: Setup of openocd node
2024-11-04 16:54:49,744 :: INFO :: Node OpenOCD: flash of openocd node
2024-11-04 16:54:49,749 :: INFO :: Flash firmware on OpenOCD: /usr/lib/python3.8/site-packages/gateway_code/static/m3_idle.elf
2024-11-04 16:54:51,896 :: INFO :: Control node : Start experiment
2024-11-04 16:54:51,961 :: INFO :: Control Node set time delay: 16729 us
2024-11-04 16:54:51,990 :: INFO :: Control node : profile configuration
2024-11-04 16:54:51,994 :: INFO :: Configure profile on Control Node
2024-11-04 16:54:52,062 :: INFO :: Start experiment succeeded
2024-11-04 16:56:21,250 :: INFO :: Gateway Manager : Flash of node
2024-11-04 16:56:21,255 :: INFO :: Flash firmware on open node: /tmp/tmp79ngvi6h--firmware586588828881842938-udp-client.iotlab
2024-11-04 16:56:21,294 :: INFO :: Node OpenOCD: flash of openocd node
2024-11-04 16:56:21,298 :: INFO :: Flash firmware on OpenOCD: /tmp/tmp79ngvi6h--firmware586588828881842938-udp-client.iotlab
2024-11-04 17:20:24,113 :: INFO :: Gateway Manager : Stop experiment
2024-11-04 17:20:24,120 :: INFO :: Stop experiment
2024-11-04 17:20:24,127 :: INFO :: Control node : stop of the experiment
2024-11-04 17:20:24,135 :: INFO :: Control node : profile configuration
2024-11-04 17:20:24,139 :: INFO :: Configure profile on Control Node
2024-11-04 17:20:24,189 :: INFO :: Control node : start power of open node
2024-11-04 17:20:24,221 :: INFO :: Node OpenOCD: teardown of openocd node
2024-11-04 17:20:27,237 :: INFO :: openocd node debugger stop
2024-11-04 17:20:27,859 :: INFO :: Node OpenOCD: flash of openocd node
2024-11-04 17:20:27,863 :: INFO :: Flash firmware on OpenOCD: /usr/lib/python3.8/site-packages/gateway_code/static/m3_idle.elf
2024-11-04 17:20:30,005 :: INFO :: Control node : Stop control node serial interface
2024-11-04 17:20:30,011 :: INFO :: Control node : stop power of open node
2024-11-04 17:20:30,049 :: INFO :: Control node : reset
2024-11-04 17:20:30,053 :: INFO :: Reset Control Node
