2024-11-04 16:54:43,992 :: INFO :: Start experiment: perezram-407638
2024-11-04 16:54:43,996 :: INFO :: Control node : Starting of control node serial interface
2024-11-04 16:54:43,999 :: INFO :: Control node : reset
2024-11-04 16:54:44,002 :: INFO :: Reset Control Node
2024-11-04 16:54:46,797 :: INFO :: Control node : start power of open node
2024-11-04 16:54:46,813 :: INFO :: Node OpenOCD: Setup of openocd node
2024-11-04 16:54:49,828 :: INFO :: Node OpenOCD: flash of openocd node
2024-11-04 16:54:49,833 :: INFO :: Flash firmware on OpenOCD: /usr/lib/python3.8/site-packages/gateway_code/static/m3_idle.elf
2024-11-04 16:54:51,928 :: INFO :: Control node : Start experiment
2024-11-04 16:54:51,996 :: INFO :: Control Node set time delay: 15771 us
2024-11-04 16:54:52,027 :: INFO :: Control node : profile configuration
2024-11-04 16:54:52,030 :: INFO :: Configure profile on Control Node
2024-11-04 16:54:52,104 :: INFO :: Start experiment succeeded
2024-11-04 16:56:21,537 :: INFO :: Gateway Manager : Flash of node
2024-11-04 16:56:21,543 :: INFO :: Flash firmware on open node: /tmp/tmpm097elvm--firmware586588828881842938-udp-client.iotlab
2024-11-04 16:56:21,582 :: INFO :: Node OpenOCD: flash of openocd node
2024-11-04 16:56:21,585 :: INFO :: Flash firmware on OpenOCD: /tmp/tmpm097elvm--firmware586588828881842938-udp-client.iotlab
2024-11-04 17:20:24,146 :: INFO :: Gateway Manager : Stop experiment
2024-11-04 17:20:24,152 :: INFO :: Stop experiment
2024-11-04 17:20:24,157 :: INFO :: Control node : stop of the experiment
2024-11-04 17:20:24,163 :: INFO :: Control node : profile configuration
2024-11-04 17:20:24,166 :: INFO :: Configure profile on Control Node
2024-11-04 17:20:24,216 :: INFO :: Control node : start power of open node
2024-11-04 17:20:24,248 :: INFO :: Node OpenOCD: teardown of openocd node
2024-11-04 17:20:27,266 :: INFO :: openocd node debugger stop
2024-11-04 17:20:27,888 :: INFO :: Node OpenOCD: flash of openocd node
2024-11-04 17:20:27,891 :: INFO :: Flash firmware on OpenOCD: /usr/lib/python3.8/site-packages/gateway_code/static/m3_idle.elf
2024-11-04 17:20:30,032 :: INFO :: Control node : Stop control node serial interface
2024-11-04 17:20:30,037 :: INFO :: Control node : stop power of open node
2024-11-04 17:20:30,076 :: INFO :: Control node : reset
2024-11-04 17:20:30,079 :: INFO :: Reset Control Node
