2024-11-04 16:54:43,767 :: INFO :: Start experiment: perezram-407638
2024-11-04 16:54:43,772 :: INFO :: Control node : Starting of control node serial interface
2024-11-04 16:54:43,776 :: INFO :: Control node : reset
2024-11-04 16:54:43,779 :: INFO :: Reset Control Node
2024-11-04 16:54:46,726 :: INFO :: Control node : start power of open node
2024-11-04 16:54:46,744 :: INFO :: Node OpenOCD: Setup of openocd node
2024-11-04 16:54:49,758 :: INFO :: Node OpenOCD: flash of openocd node
2024-11-04 16:54:49,764 :: INFO :: Flash firmware on OpenOCD: /usr/lib/python3.8/site-packages/gateway_code/static/m3_idle.elf
2024-11-04 16:54:51,911 :: INFO :: Control node : Start experiment
2024-11-04 16:54:51,975 :: INFO :: Control Node set time delay: 7365 us
2024-11-04 16:54:52,006 :: INFO :: Control node : profile configuration
2024-11-04 16:54:52,010 :: INFO :: Configure profile on Control Node
2024-11-04 16:54:52,077 :: INFO :: Start experiment succeeded
2024-11-04 16:56:21,730 :: INFO :: Gateway Manager : Flash of node
2024-11-04 16:56:21,736 :: INFO :: Flash firmware on open node: /tmp/tmpdu8wwi_b--firmware586588828881842938-udp-client.iotlab
2024-11-04 16:56:21,776 :: INFO :: Node OpenOCD: flash of openocd node
2024-11-04 16:56:21,780 :: INFO :: Flash firmware on OpenOCD: /tmp/tmpdu8wwi_b--firmware586588828881842938-udp-client.iotlab
2024-11-04 17:20:24,114 :: INFO :: Gateway Manager : Stop experiment
2024-11-04 17:20:24,121 :: INFO :: Stop experiment
2024-11-04 17:20:24,126 :: INFO :: Control node : stop of the experiment
2024-11-04 17:20:24,135 :: INFO :: Control node : profile configuration
2024-11-04 17:20:24,138 :: INFO :: Configure profile on Control Node
2024-11-04 17:20:24,188 :: INFO :: Control node : start power of open node
2024-11-04 17:20:24,220 :: INFO :: Node OpenOCD: teardown of openocd node
2024-11-04 17:20:27,235 :: INFO :: openocd node debugger stop
2024-11-04 17:20:27,857 :: INFO :: Node OpenOCD: flash of openocd node
2024-11-04 17:20:27,861 :: INFO :: Flash firmware on OpenOCD: /usr/lib/python3.8/site-packages/gateway_code/static/m3_idle.elf
2024-11-04 17:20:30,003 :: INFO :: Control node : Stop control node serial interface
2024-11-04 17:20:30,008 :: INFO :: Control node : stop power of open node
2024-11-04 17:20:30,047 :: INFO :: Control node : reset
2024-11-04 17:20:30,051 :: INFO :: Reset Control Node
