2024-11-04 16:54:44,108 :: INFO :: Start experiment: perezram-407638
2024-11-04 16:54:44,111 :: INFO :: Control node : Starting of control node serial interface
2024-11-04 16:54:44,115 :: INFO :: Control node : reset
2024-11-04 16:54:44,118 :: INFO :: Reset Control Node
2024-11-04 16:54:46,973 :: INFO :: Control node : start power of open node
2024-11-04 16:54:46,989 :: INFO :: Node OpenOCD: Setup of openocd node
2024-11-04 16:54:50,004 :: INFO :: Node OpenOCD: flash of openocd node
2024-11-04 16:54:50,009 :: INFO :: Flash firmware on OpenOCD: /usr/lib/python3.8/site-packages/gateway_code/static/m3_idle.elf
2024-11-04 16:54:52,206 :: INFO :: Control node : Start experiment
2024-11-04 16:54:52,270 :: INFO :: Control Node set time delay: 5004 us
2024-11-04 16:54:52,301 :: INFO :: Control node : profile configuration
2024-11-04 16:54:52,315 :: INFO :: Configure profile on Control Node
2024-11-04 16:54:52,370 :: INFO :: Start experiment succeeded
2024-11-04 16:56:21,812 :: INFO :: Gateway Manager : Flash of node
2024-11-04 16:56:21,818 :: INFO :: Flash firmware on open node: /tmp/tmp_s1ua4ma--firmware586588828881842938-udp-client.iotlab
2024-11-04 16:56:21,876 :: INFO :: Node OpenOCD: flash of openocd node
2024-11-04 16:56:21,879 :: INFO :: Flash firmware on OpenOCD: /tmp/tmp_s1ua4ma--firmware586588828881842938-udp-client.iotlab
2024-11-04 17:20:24,272 :: INFO :: Gateway Manager : Stop experiment
2024-11-04 17:20:24,278 :: INFO :: Stop experiment
2024-11-04 17:20:24,282 :: INFO :: Control node : stop of the experiment
2024-11-04 17:20:24,287 :: INFO :: Control node : profile configuration
2024-11-04 17:20:24,290 :: INFO :: Configure profile on Control Node
2024-11-04 17:20:24,342 :: INFO :: Control node : start power of open node
2024-11-04 17:20:24,374 :: INFO :: Node OpenOCD: teardown of openocd node
2024-11-04 17:20:27,390 :: INFO :: openocd node debugger stop
2024-11-04 17:20:28,011 :: INFO :: Node OpenOCD: flash of openocd node
2024-11-04 17:20:28,015 :: INFO :: Flash firmware on OpenOCD: /usr/lib/python3.8/site-packages/gateway_code/static/m3_idle.elf
