2024-11-04 16:54:44,107 :: INFO :: Start experiment: perezram-407638
2024-11-04 16:54:44,111 :: INFO :: Control node : Starting of control node serial interface
2024-11-04 16:54:44,114 :: INFO :: Control node : reset
2024-11-04 16:54:44,117 :: INFO :: Reset Control Node
2024-11-04 16:54:46,908 :: INFO :: Control node : start power of open node
2024-11-04 16:54:46,924 :: INFO :: Node OpenOCD: Setup of openocd node
2024-11-04 16:54:49,939 :: INFO :: Node OpenOCD: flash of openocd node
2024-11-04 16:54:49,944 :: INFO :: Flash firmware on OpenOCD: /usr/lib/python3.8/site-packages/gateway_code/static/m3_idle.elf
2024-11-04 16:54:52,090 :: INFO :: Control node : Start experiment
2024-11-04 16:54:52,160 :: INFO :: Control Node set time delay: 12790 us
2024-11-04 16:54:52,189 :: INFO :: Control node : profile configuration
2024-11-04 16:54:52,192 :: INFO :: Configure profile on Control Node
2024-11-04 16:54:52,257 :: INFO :: Start experiment succeeded
2024-11-04 16:56:21,454 :: INFO :: Gateway Manager : Flash of node
2024-11-04 16:56:21,459 :: INFO :: Flash firmware on open node: /tmp/tmp72ibyk9q--firmware586588828881842938-udp-client.iotlab
2024-11-04 16:56:21,498 :: INFO :: Node OpenOCD: flash of openocd node
2024-11-04 16:56:21,502 :: INFO :: Flash firmware on OpenOCD: /tmp/tmp72ibyk9q--firmware586588828881842938-udp-client.iotlab
2024-11-04 17:20:24,273 :: INFO :: Gateway Manager : Stop experiment
2024-11-04 17:20:24,278 :: INFO :: Stop experiment
2024-11-04 17:20:24,282 :: INFO :: Control node : stop of the experiment
2024-11-04 17:20:24,288 :: INFO :: Control node : profile configuration
2024-11-04 17:20:24,291 :: INFO :: Configure profile on Control Node
2024-11-04 17:20:24,336 :: INFO :: Control node : start power of open node
2024-11-04 17:20:24,368 :: INFO :: Node OpenOCD: teardown of openocd node
2024-11-04 17:20:27,384 :: INFO :: openocd node debugger stop
2024-11-04 17:20:27,910 :: INFO :: Node OpenOCD: flash of openocd node
2024-11-04 17:20:27,913 :: INFO :: Flash firmware on OpenOCD: /usr/lib/python3.8/site-packages/gateway_code/static/m3_idle.elf
