2024-11-04 16:54:43,673 :: INFO :: Start experiment: perezram-407638
2024-11-04 16:54:43,677 :: INFO :: Control node : Starting of control node serial interface
2024-11-04 16:54:43,680 :: INFO :: Control node : reset
2024-11-04 16:54:43,684 :: INFO :: Reset Control Node
2024-11-04 16:54:46,479 :: INFO :: Control node : start power of open node
2024-11-04 16:54:46,496 :: INFO :: Node OpenOCD: Setup of openocd node
2024-11-04 16:54:49,510 :: INFO :: Node OpenOCD: flash of openocd node
2024-11-04 16:54:49,515 :: INFO :: Flash firmware on OpenOCD: /usr/lib/python3.8/site-packages/gateway_code/static/m3_idle.elf
2024-11-04 16:54:51,665 :: INFO :: Control node : Start experiment
2024-11-04 16:54:51,730 :: INFO :: Control Node set time delay: 6524 us
2024-11-04 16:54:51,760 :: INFO :: Control node : profile configuration
2024-11-04 16:54:51,773 :: INFO :: Configure profile on Control Node
2024-11-04 16:54:51,835 :: INFO :: Start experiment succeeded
2024-11-04 16:56:20,717 :: INFO :: Gateway Manager : Flash of node
2024-11-04 16:56:20,722 :: INFO :: Flash firmware on open node: /tmp/tmpjok31lyd--firmware586588828881842938-udp-client.iotlab
2024-11-04 16:56:20,761 :: INFO :: Node OpenOCD: flash of openocd node
2024-11-04 16:56:20,765 :: INFO :: Flash firmware on OpenOCD: /tmp/tmpjok31lyd--firmware586588828881842938-udp-client.iotlab
2024-11-04 17:20:24,116 :: INFO :: Gateway Manager : Stop experiment
2024-11-04 17:20:24,122 :: INFO :: Stop experiment
2024-11-04 17:20:24,127 :: INFO :: Control node : stop of the experiment
2024-11-04 17:20:24,136 :: INFO :: Control node : profile configuration
2024-11-04 17:20:24,140 :: INFO :: Configure profile on Control Node
2024-11-04 17:20:24,194 :: INFO :: Control node : start power of open node
2024-11-04 17:20:24,228 :: INFO :: Node OpenOCD: teardown of openocd node
2024-11-04 17:20:27,244 :: INFO :: openocd node debugger stop
2024-11-04 17:20:27,768 :: INFO :: Node OpenOCD: flash of openocd node
2024-11-04 17:20:27,772 :: INFO :: Flash firmware on OpenOCD: /usr/lib/python3.8/site-packages/gateway_code/static/m3_idle.elf
2024-11-04 17:20:29,916 :: INFO :: Control node : Stop control node serial interface
2024-11-04 17:20:29,920 :: INFO :: Control node : stop power of open node
2024-11-04 17:20:29,957 :: INFO :: Control node : reset
2024-11-04 17:20:29,961 :: INFO :: Reset Control Node
