2024-11-04 16:54:44,069 :: INFO :: Start experiment: perezram-407638
2024-11-04 16:54:44,073 :: INFO :: Control node : Starting of control node serial interface
2024-11-04 16:54:44,076 :: INFO :: Control node : reset
2024-11-04 16:54:44,080 :: INFO :: Reset Control Node
2024-11-04 16:54:46,873 :: INFO :: Control node : start power of open node
2024-11-04 16:54:46,889 :: INFO :: Node OpenOCD: Setup of openocd node
2024-11-04 16:54:49,904 :: INFO :: Node OpenOCD: flash of openocd node
2024-11-04 16:54:49,909 :: INFO :: Flash firmware on OpenOCD: /usr/lib/python3.8/site-packages/gateway_code/static/m3_idle.elf
2024-11-04 16:54:52,055 :: INFO :: Control node : Start experiment
2024-11-04 16:54:52,121 :: INFO :: Control Node set time delay: 13258 us
2024-11-04 16:54:52,153 :: INFO :: Control node : profile configuration
2024-11-04 16:54:52,156 :: INFO :: Configure profile on Control Node
2024-11-04 16:54:52,222 :: INFO :: Start experiment succeeded
2024-11-04 16:56:21,685 :: INFO :: Gateway Manager : Flash of node
2024-11-04 16:56:21,690 :: INFO :: Flash firmware on open node: /tmp/tmpai8ztsfh--firmware586588828881842938-udp-client.iotlab
2024-11-04 16:56:21,729 :: INFO :: Node OpenOCD: flash of openocd node
2024-11-04 16:56:21,733 :: INFO :: Flash firmware on OpenOCD: /tmp/tmpai8ztsfh--firmware586588828881842938-udp-client.iotlab
2024-11-04 17:20:24,257 :: INFO :: Gateway Manager : Stop experiment
2024-11-04 17:20:24,262 :: INFO :: Stop experiment
2024-11-04 17:20:24,267 :: INFO :: Control node : stop of the experiment
2024-11-04 17:20:24,272 :: INFO :: Control node : profile configuration
2024-11-04 17:20:24,275 :: INFO :: Configure profile on Control Node
2024-11-04 17:20:24,321 :: INFO :: Control node : start power of open node
2024-11-04 17:20:24,353 :: INFO :: Node OpenOCD: teardown of openocd node
2024-11-04 17:20:27,369 :: INFO :: openocd node debugger stop
2024-11-04 17:20:27,991 :: INFO :: Node OpenOCD: flash of openocd node
2024-11-04 17:20:27,994 :: INFO :: Flash firmware on OpenOCD: /usr/lib/python3.8/site-packages/gateway_code/static/m3_idle.elf
