2024-11-04 16:54:43,652 :: INFO :: Start experiment: perezram-407638
2024-11-04 16:54:43,657 :: INFO :: Control node : Starting of control node serial interface
2024-11-04 16:54:43,661 :: INFO :: Control node : reset
2024-11-04 16:54:43,666 :: INFO :: Reset Control Node
2024-11-04 16:54:46,473 :: INFO :: Control node : start power of open node
2024-11-04 16:54:46,490 :: INFO :: Node OpenOCD: Setup of openocd node
2024-11-04 16:54:49,504 :: INFO :: Node OpenOCD: flash of openocd node
2024-11-04 16:54:49,509 :: INFO :: Flash firmware on OpenOCD: /usr/lib/python3.8/site-packages/gateway_code/static/m3_idle.elf
2024-11-04 16:54:51,656 :: INFO :: Control node : Start experiment
2024-11-04 16:54:51,722 :: INFO :: Control Node set time delay: 6706 us
2024-11-04 16:54:51,754 :: INFO :: Control node : profile configuration
2024-11-04 16:54:51,757 :: INFO :: Configure profile on Control Node
2024-11-04 16:54:51,823 :: INFO :: Start experiment succeeded
2024-11-04 16:56:19,802 :: INFO :: Gateway Manager : Flash of node
2024-11-04 16:56:19,832 :: INFO :: Flash firmware on open node: /tmp/tmpyoxgu8sb--firmware586588828881842938-udp-client.iotlab
2024-11-04 16:56:19,871 :: INFO :: Node OpenOCD: flash of openocd node
2024-11-04 16:56:19,875 :: INFO :: Flash firmware on OpenOCD: /tmp/tmpyoxgu8sb--firmware586588828881842938-udp-client.iotlab
2024-11-04 17:20:23,916 :: INFO :: Gateway Manager : Stop experiment
2024-11-04 17:20:23,923 :: INFO :: Stop experiment
2024-11-04 17:20:23,928 :: INFO :: Control node : stop of the experiment
2024-11-04 17:20:23,935 :: INFO :: Control node : profile configuration
2024-11-04 17:20:23,938 :: INFO :: Configure profile on Control Node
2024-11-04 17:20:23,990 :: INFO :: Control node : start power of open node
2024-11-04 17:20:24,020 :: INFO :: Node OpenOCD: teardown of openocd node
2024-11-04 17:20:27,036 :: INFO :: openocd node debugger stop
2024-11-04 17:20:27,657 :: INFO :: Node OpenOCD: flash of openocd node
2024-11-04 17:20:27,661 :: INFO :: Flash firmware on OpenOCD: /usr/lib/python3.8/site-packages/gateway_code/static/m3_idle.elf
2024-11-04 17:20:29,804 :: INFO :: Control node : Stop control node serial interface
2024-11-04 17:20:29,809 :: INFO :: Control node : stop power of open node
2024-11-04 17:20:29,847 :: INFO :: Control node : reset
2024-11-04 17:20:29,851 :: INFO :: Reset Control Node
