2024-11-04 16:54:43,994 :: INFO :: Start experiment: perezram-407638
2024-11-04 16:54:43,998 :: INFO :: Control node : Starting of control node serial interface
2024-11-04 16:54:44,001 :: INFO :: Control node : reset
2024-11-04 16:54:44,004 :: INFO :: Reset Control Node
2024-11-04 16:54:46,798 :: INFO :: Control node : start power of open node
2024-11-04 16:54:46,814 :: INFO :: Node OpenOCD: Setup of openocd node
2024-11-04 16:54:49,828 :: INFO :: Node OpenOCD: flash of openocd node
2024-11-04 16:54:49,833 :: INFO :: Flash firmware on OpenOCD: /usr/lib/python3.8/site-packages/gateway_code/static/m3_idle.elf
2024-11-04 16:54:51,979 :: INFO :: Control node : Start experiment
2024-11-04 16:54:52,045 :: INFO :: Control Node set time delay: 8941 us
2024-11-04 16:54:52,067 :: INFO :: Control node : profile configuration
2024-11-04 16:54:52,081 :: INFO :: Configure profile on Control Node
2024-11-04 16:54:52,146 :: INFO :: Start experiment succeeded
2024-11-04 16:56:21,582 :: INFO :: Gateway Manager : Flash of node
2024-11-04 16:56:21,586 :: INFO :: Flash firmware on open node: /tmp/tmpu47i964j--firmware586588828881842938-udp-client.iotlab
2024-11-04 16:56:21,625 :: INFO :: Node OpenOCD: flash of openocd node
2024-11-04 16:56:21,629 :: INFO :: Flash firmware on OpenOCD: /tmp/tmpu47i964j--firmware586588828881842938-udp-client.iotlab
2024-11-04 17:20:24,111 :: INFO :: Gateway Manager : Stop experiment
2024-11-04 17:20:24,118 :: INFO :: Stop experiment
2024-11-04 17:20:24,123 :: INFO :: Control node : stop of the experiment
2024-11-04 17:20:24,128 :: INFO :: Control node : profile configuration
2024-11-04 17:20:24,135 :: INFO :: Configure profile on Control Node
2024-11-04 17:20:24,193 :: INFO :: Control node : start power of open node
2024-11-04 17:20:24,226 :: INFO :: Node OpenOCD: teardown of openocd node
2024-11-04 17:20:27,242 :: INFO :: openocd node debugger stop
2024-11-04 17:20:27,767 :: INFO :: Node OpenOCD: flash of openocd node
2024-11-04 17:20:27,770 :: INFO :: Flash firmware on OpenOCD: /usr/lib/python3.8/site-packages/gateway_code/static/m3_idle.elf
2024-11-04 17:20:29,912 :: INFO :: Control node : Stop control node serial interface
2024-11-04 17:20:29,917 :: INFO :: Control node : stop power of open node
2024-11-04 17:20:29,956 :: INFO :: Control node : reset
2024-11-04 17:20:29,959 :: INFO :: Reset Control Node
