2024-11-04 16:54:44,001 :: INFO :: Start experiment: perezram-407638
2024-11-04 16:54:44,005 :: INFO :: Control node : Starting of control node serial interface
2024-11-04 16:54:44,008 :: INFO :: Control node : reset
2024-11-04 16:54:44,011 :: INFO :: Reset Control Node
2024-11-04 16:54:46,808 :: INFO :: Control node : start power of open node
2024-11-04 16:54:46,822 :: INFO :: Node OpenOCD: Setup of openocd node
2024-11-04 16:54:49,837 :: INFO :: Node OpenOCD: flash of openocd node
2024-11-04 16:54:49,842 :: INFO :: Flash firmware on OpenOCD: /usr/lib/python3.8/site-packages/gateway_code/static/m3_idle.elf
2024-11-04 16:54:52,038 :: INFO :: Control node : Start experiment
2024-11-04 16:54:52,103 :: INFO :: Control Node set time delay: 1542 us
2024-11-04 16:54:52,134 :: INFO :: Control node : profile configuration
2024-11-04 16:54:52,137 :: INFO :: Configure profile on Control Node
2024-11-04 16:54:52,203 :: INFO :: Start experiment succeeded
2024-11-04 16:56:21,603 :: INFO :: Gateway Manager : Flash of node
2024-11-04 16:56:21,608 :: INFO :: Flash firmware on open node: /tmp/tmpqbz77pnp--firmware586588828881842938-udp-client.iotlab
2024-11-04 16:56:21,666 :: INFO :: Node OpenOCD: flash of openocd node
2024-11-04 16:56:21,670 :: INFO :: Flash firmware on OpenOCD: /tmp/tmpqbz77pnp--firmware586588828881842938-udp-client.iotlab
2024-11-04 17:20:24,134 :: INFO :: Gateway Manager : Stop experiment
2024-11-04 17:20:24,141 :: INFO :: Stop experiment
2024-11-04 17:20:24,146 :: INFO :: Control node : stop of the experiment
2024-11-04 17:20:24,154 :: INFO :: Control node : profile configuration
2024-11-04 17:20:24,158 :: INFO :: Configure profile on Control Node
2024-11-04 17:20:24,213 :: INFO :: Control node : start power of open node
2024-11-04 17:20:24,245 :: INFO :: Node OpenOCD: teardown of openocd node
2024-11-04 17:20:27,261 :: INFO :: openocd node debugger stop
2024-11-04 17:20:27,786 :: INFO :: Node OpenOCD: flash of openocd node
2024-11-04 17:20:27,789 :: INFO :: Flash firmware on OpenOCD: /usr/lib/python3.8/site-packages/gateway_code/static/m3_idle.elf
2024-11-04 17:20:29,931 :: INFO :: Control node : Stop control node serial interface
2024-11-04 17:20:29,935 :: INFO :: Control node : stop power of open node
2024-11-04 17:20:29,977 :: INFO :: Control node : reset
2024-11-04 17:20:29,980 :: INFO :: Reset Control Node
