2024-11-04 16:54:44,099 :: INFO :: Start experiment: perezram-407638
2024-11-04 16:54:44,102 :: INFO :: Control node : Starting of control node serial interface
2024-11-04 16:54:44,106 :: INFO :: Control node : reset
2024-11-04 16:54:44,109 :: INFO :: Reset Control Node
2024-11-04 16:54:46,901 :: INFO :: Control node : start power of open node
2024-11-04 16:54:46,917 :: INFO :: Node OpenOCD: Setup of openocd node
2024-11-04 16:54:49,932 :: INFO :: Node OpenOCD: flash of openocd node
2024-11-04 16:54:49,937 :: INFO :: Flash firmware on OpenOCD: /usr/lib/python3.8/site-packages/gateway_code/static/m3_idle.elf
2024-11-04 16:54:52,082 :: INFO :: Control node : Start experiment
2024-11-04 16:54:52,149 :: INFO :: Control Node set time delay: 13317 us
2024-11-04 16:54:52,180 :: INFO :: Control node : profile configuration
2024-11-04 16:54:52,183 :: INFO :: Configure profile on Control Node
2024-11-04 16:54:52,250 :: INFO :: Start experiment succeeded
2024-11-04 16:56:21,539 :: INFO :: Gateway Manager : Flash of node
2024-11-04 16:56:21,544 :: INFO :: Flash firmware on open node: /tmp/tmp6pw2f974--firmware586588828881842938-udp-client.iotlab
2024-11-04 16:56:21,584 :: INFO :: Node OpenOCD: flash of openocd node
2024-11-04 16:56:21,588 :: INFO :: Flash firmware on OpenOCD: /tmp/tmp6pw2f974--firmware586588828881842938-udp-client.iotlab
2024-11-04 17:20:24,257 :: INFO :: Gateway Manager : Stop experiment
2024-11-04 17:20:24,264 :: INFO :: Stop experiment
2024-11-04 17:20:24,268 :: INFO :: Control node : stop of the experiment
2024-11-04 17:20:24,273 :: INFO :: Control node : profile configuration
2024-11-04 17:20:24,277 :: INFO :: Configure profile on Control Node
2024-11-04 17:20:24,324 :: INFO :: Control node : start power of open node
2024-11-04 17:20:24,356 :: INFO :: Node OpenOCD: teardown of openocd node
2024-11-04 17:20:27,372 :: INFO :: openocd node debugger stop
2024-11-04 17:20:27,993 :: INFO :: Node OpenOCD: flash of openocd node
2024-11-04 17:20:27,997 :: INFO :: Flash firmware on OpenOCD: /usr/lib/python3.8/site-packages/gateway_code/static/m3_idle.elf
