2024-11-04 16:54:43,639 :: INFO :: Start experiment: perezram-407638
2024-11-04 16:54:43,644 :: INFO :: Control node : Starting of control node serial interface
2024-11-04 16:54:43,648 :: INFO :: Control node : reset
2024-11-04 16:54:43,652 :: INFO :: Reset Control Node
2024-11-04 16:54:46,452 :: INFO :: Control node : start power of open node
2024-11-04 16:54:46,468 :: INFO :: Node OpenOCD: Setup of openocd node
2024-11-04 16:54:49,483 :: INFO :: Node OpenOCD: flash of openocd node
2024-11-04 16:54:49,488 :: INFO :: Flash firmware on OpenOCD: /usr/lib/python3.8/site-packages/gateway_code/static/m3_idle.elf
2024-11-04 16:54:51,696 :: INFO :: Control node : Start experiment
2024-11-04 16:54:51,763 :: INFO :: Control Node set time delay: 9266 us
2024-11-04 16:54:51,793 :: INFO :: Control node : profile configuration
2024-11-04 16:54:51,796 :: INFO :: Configure profile on Control Node
2024-11-04 16:54:51,864 :: INFO :: Start experiment succeeded
2024-11-04 16:56:19,805 :: INFO :: Gateway Manager : Flash of node
2024-11-04 16:56:19,834 :: INFO :: Flash firmware on open node: /tmp/tmpkx401cxx--firmware586588828881842938-udp-client.iotlab
2024-11-04 16:56:19,873 :: INFO :: Node OpenOCD: flash of openocd node
2024-11-04 16:56:19,876 :: INFO :: Flash firmware on OpenOCD: /tmp/tmpkx401cxx--firmware586588828881842938-udp-client.iotlab
2024-11-04 17:20:23,921 :: INFO :: Gateway Manager : Stop experiment
2024-11-04 17:20:23,927 :: INFO :: Stop experiment
2024-11-04 17:20:23,933 :: INFO :: Control node : stop of the experiment
2024-11-04 17:20:23,938 :: INFO :: Control node : profile configuration
2024-11-04 17:20:23,942 :: INFO :: Configure profile on Control Node
2024-11-04 17:20:23,991 :: INFO :: Control node : start power of open node
2024-11-04 17:20:24,022 :: INFO :: Node OpenOCD: teardown of openocd node
2024-11-04 17:20:27,038 :: INFO :: openocd node debugger stop
2024-11-04 17:20:27,659 :: INFO :: Node OpenOCD: flash of openocd node
2024-11-04 17:20:27,663 :: INFO :: Flash firmware on OpenOCD: /usr/lib/python3.8/site-packages/gateway_code/static/m3_idle.elf
2024-11-04 17:20:29,805 :: INFO :: Control node : Stop control node serial interface
2024-11-04 17:20:29,810 :: INFO :: Control node : stop power of open node
2024-11-04 17:20:29,849 :: INFO :: Control node : reset
2024-11-04 17:20:29,853 :: INFO :: Reset Control Node
