2024-11-04 16:54:44,035 :: INFO :: Start experiment: perezram-407638
2024-11-04 16:54:44,039 :: INFO :: Control node : Starting of control node serial interface
2024-11-04 16:54:44,042 :: INFO :: Control node : reset
2024-11-04 16:54:44,045 :: INFO :: Reset Control Node
2024-11-04 16:54:46,840 :: INFO :: Control node : start power of open node
2024-11-04 16:54:46,854 :: INFO :: Node OpenOCD: Setup of openocd node
2024-11-04 16:54:49,869 :: INFO :: Node OpenOCD: flash of openocd node
2024-11-04 16:54:49,874 :: INFO :: Flash firmware on OpenOCD: /usr/lib/python3.8/site-packages/gateway_code/static/m3_idle.elf
2024-11-04 16:54:52,021 :: INFO :: Control node : Start experiment
2024-11-04 16:54:52,093 :: INFO :: Control Node set time delay: 12310 us
2024-11-04 16:54:52,119 :: INFO :: Control node : profile configuration
2024-11-04 16:54:52,122 :: INFO :: Configure profile on Control Node
2024-11-04 16:54:52,187 :: INFO :: Start experiment succeeded
2024-11-04 16:56:21,612 :: INFO :: Gateway Manager : Flash of node
2024-11-04 16:56:21,617 :: INFO :: Flash firmware on open node: /tmp/tmp3357dto0--firmware586588828881842938-udp-client.iotlab
2024-11-04 16:56:21,676 :: INFO :: Node OpenOCD: flash of openocd node
2024-11-04 16:56:21,679 :: INFO :: Flash firmware on OpenOCD: /tmp/tmp3357dto0--firmware586588828881842938-udp-client.iotlab
2024-11-04 17:20:24,265 :: INFO :: Gateway Manager : Stop experiment
2024-11-04 17:20:24,271 :: INFO :: Stop experiment
2024-11-04 17:20:24,275 :: INFO :: Control node : stop of the experiment
2024-11-04 17:20:24,280 :: INFO :: Control node : profile configuration
2024-11-04 17:20:24,283 :: INFO :: Configure profile on Control Node
2024-11-04 17:20:24,336 :: INFO :: Control node : start power of open node
2024-11-04 17:20:24,368 :: INFO :: Node OpenOCD: teardown of openocd node
2024-11-04 17:20:27,385 :: INFO :: openocd node debugger stop
2024-11-04 17:20:28,007 :: INFO :: Node OpenOCD: flash of openocd node
2024-11-04 17:20:28,010 :: INFO :: Flash firmware on OpenOCD: /usr/lib/python3.8/site-packages/gateway_code/static/m3_idle.elf
