2024-11-04 16:54:43,644 :: INFO :: Start experiment: perezram-407638
2024-11-04 16:54:43,648 :: INFO :: Control node : Starting of control node serial interface
2024-11-04 16:54:43,653 :: INFO :: Control node : reset
2024-11-04 16:54:43,657 :: INFO :: Reset Control Node
2024-11-04 16:54:46,454 :: INFO :: Control node : start power of open node
2024-11-04 16:54:46,483 :: INFO :: Node OpenOCD: Setup of openocd node
2024-11-04 16:54:49,497 :: INFO :: Node OpenOCD: flash of openocd node
2024-11-04 16:54:49,502 :: INFO :: Flash firmware on OpenOCD: /usr/lib/python3.8/site-packages/gateway_code/static/m3_idle.elf
2024-11-04 16:54:51,649 :: INFO :: Control node : Start experiment
2024-11-04 16:54:51,714 :: INFO :: Control Node set time delay: 8279 us
2024-11-04 16:54:51,738 :: INFO :: Control node : profile configuration
2024-11-04 16:54:51,752 :: INFO :: Configure profile on Control Node
2024-11-04 16:54:51,816 :: INFO :: Start experiment succeeded
2024-11-04 16:56:19,993 :: INFO :: Gateway Manager : Flash of node
2024-11-04 16:56:20,023 :: INFO :: Flash firmware on open node: /tmp/tmpktpogegf--firmware586588828881842938-udp-client.iotlab
2024-11-04 16:56:20,062 :: INFO :: Node OpenOCD: flash of openocd node
2024-11-04 16:56:20,065 :: INFO :: Flash firmware on OpenOCD: /tmp/tmpktpogegf--firmware586588828881842938-udp-client.iotlab
2024-11-04 17:20:23,919 :: INFO :: Gateway Manager : Stop experiment
2024-11-04 17:20:23,925 :: INFO :: Stop experiment
2024-11-04 17:20:23,931 :: INFO :: Control node : stop of the experiment
2024-11-04 17:20:23,937 :: INFO :: Control node : profile configuration
2024-11-04 17:20:23,940 :: INFO :: Configure profile on Control Node
2024-11-04 17:20:23,995 :: INFO :: Control node : start power of open node
2024-11-04 17:20:24,027 :: INFO :: Node OpenOCD: teardown of openocd node
2024-11-04 17:20:27,043 :: INFO :: openocd node debugger stop
2024-11-04 17:20:27,665 :: INFO :: Node OpenOCD: flash of openocd node
2024-11-04 17:20:27,668 :: INFO :: Flash firmware on OpenOCD: /usr/lib/python3.8/site-packages/gateway_code/static/m3_idle.elf
2024-11-04 17:20:29,811 :: INFO :: Control node : Stop control node serial interface
2024-11-04 17:20:29,816 :: INFO :: Control node : stop power of open node
2024-11-04 17:20:29,854 :: INFO :: Control node : reset
2024-11-04 17:20:29,858 :: INFO :: Reset Control Node
