2024-11-04 16:54:43,979 :: INFO :: Start experiment: perezram-407638
2024-11-04 16:54:43,983 :: INFO :: Control node : Starting of control node serial interface
2024-11-04 16:54:43,986 :: INFO :: Control node : reset
2024-11-04 16:54:43,989 :: INFO :: Reset Control Node
2024-11-04 16:54:46,795 :: INFO :: Control node : start power of open node
2024-11-04 16:54:46,811 :: INFO :: Node OpenOCD: Setup of openocd node
2024-11-04 16:54:49,825 :: INFO :: Node OpenOCD: flash of openocd node
2024-11-04 16:54:49,830 :: INFO :: Flash firmware on OpenOCD: /usr/lib/python3.8/site-packages/gateway_code/static/m3_idle.elf
2024-11-04 16:54:51,977 :: INFO :: Control node : Start experiment
2024-11-04 16:54:52,042 :: INFO :: Control Node set time delay: 7364 us
2024-11-04 16:54:52,075 :: INFO :: Control node : profile configuration
2024-11-04 16:54:52,078 :: INFO :: Configure profile on Control Node
2024-11-04 16:54:52,144 :: INFO :: Start experiment succeeded
2024-11-04 16:56:21,626 :: INFO :: Gateway Manager : Flash of node
2024-11-04 16:56:21,631 :: INFO :: Flash firmware on open node: /tmp/tmpn78zy2o_--firmware586588828881842938-udp-client.iotlab
2024-11-04 16:56:21,670 :: INFO :: Node OpenOCD: flash of openocd node
2024-11-04 16:56:21,674 :: INFO :: Flash firmware on OpenOCD: /tmp/tmpn78zy2o_--firmware586588828881842938-udp-client.iotlab
2024-11-04 17:20:24,123 :: INFO :: Gateway Manager : Stop experiment
2024-11-04 17:20:24,129 :: INFO :: Stop experiment
2024-11-04 17:20:24,133 :: INFO :: Control node : stop of the experiment
2024-11-04 17:20:24,139 :: INFO :: Control node : profile configuration
2024-11-04 17:20:24,143 :: INFO :: Configure profile on Control Node
2024-11-04 17:20:24,195 :: INFO :: Control node : start power of open node
2024-11-04 17:20:24,228 :: INFO :: Node OpenOCD: teardown of openocd node
2024-11-04 17:20:27,246 :: INFO :: openocd node debugger stop
2024-11-04 17:20:27,868 :: INFO :: Node OpenOCD: flash of openocd node
2024-11-04 17:20:27,871 :: INFO :: Flash firmware on OpenOCD: /usr/lib/python3.8/site-packages/gateway_code/static/m3_idle.elf
2024-11-04 17:20:30,014 :: INFO :: Control node : Stop control node serial interface
2024-11-04 17:20:30,019 :: INFO :: Control node : stop power of open node
2024-11-04 17:20:30,055 :: INFO :: Control node : reset
2024-11-04 17:20:30,059 :: INFO :: Reset Control Node
