2024-11-04 16:54:43,956 :: INFO :: Start experiment: perezram-407638
2024-11-04 16:54:43,959 :: INFO :: Control node : Starting of control node serial interface
2024-11-04 16:54:43,962 :: INFO :: Control node : reset
2024-11-04 16:54:43,965 :: INFO :: Reset Control Node
2024-11-04 16:54:46,785 :: INFO :: Control node : start power of open node
2024-11-04 16:54:46,801 :: INFO :: Node OpenOCD: Setup of openocd node
2024-11-04 16:54:49,816 :: INFO :: Node OpenOCD: flash of openocd node
2024-11-04 16:54:49,822 :: INFO :: Flash firmware on OpenOCD: /usr/lib/python3.8/site-packages/gateway_code/static/m3_idle.elf
2024-11-04 16:54:51,968 :: INFO :: Control node : Start experiment
2024-11-04 16:54:52,032 :: INFO :: Control Node set time delay: 7398 us
2024-11-04 16:54:52,065 :: INFO :: Control node : profile configuration
2024-11-04 16:54:52,079 :: INFO :: Configure profile on Control Node
2024-11-04 16:54:52,134 :: INFO :: Start experiment succeeded
2024-11-04 16:56:21,653 :: INFO :: Gateway Manager : Flash of node
2024-11-04 16:56:21,658 :: INFO :: Flash firmware on open node: /tmp/tmp8gopw9j_--firmware586588828881842938-udp-client.iotlab
2024-11-04 16:56:21,697 :: INFO :: Node OpenOCD: flash of openocd node
2024-11-04 16:56:21,701 :: INFO :: Flash firmware on OpenOCD: /tmp/tmp8gopw9j_--firmware586588828881842938-udp-client.iotlab
2024-11-04 17:20:24,152 :: INFO :: Gateway Manager : Stop experiment
2024-11-04 17:20:24,158 :: INFO :: Stop experiment
2024-11-04 17:20:24,163 :: INFO :: Control node : stop of the experiment
2024-11-04 17:20:24,168 :: INFO :: Control node : profile configuration
2024-11-04 17:20:24,171 :: INFO :: Configure profile on Control Node
2024-11-04 17:20:24,226 :: INFO :: Control node : start power of open node
2024-11-04 17:20:24,257 :: INFO :: Node OpenOCD: teardown of openocd node
2024-11-04 17:20:27,278 :: INFO :: openocd node debugger stop
2024-11-04 17:20:27,899 :: INFO :: Node OpenOCD: flash of openocd node
2024-11-04 17:20:27,903 :: INFO :: Flash firmware on OpenOCD: /usr/lib/python3.8/site-packages/gateway_code/static/m3_idle.elf
2024-11-04 17:20:30,044 :: INFO :: Control node : Stop control node serial interface
2024-11-04 17:20:30,049 :: INFO :: Control node : stop power of open node
2024-11-04 17:20:30,085 :: INFO :: Control node : reset
2024-11-04 17:20:30,088 :: INFO :: Reset Control Node
