2024-11-04 16:54:43,907 :: INFO :: Start experiment: perezram-407638
2024-11-04 16:54:43,911 :: INFO :: Control node : Starting of control node serial interface
2024-11-04 16:54:43,914 :: INFO :: Control node : reset
2024-11-04 16:54:43,917 :: INFO :: Reset Control Node
2024-11-04 16:54:46,771 :: INFO :: Control node : start power of open node
2024-11-04 16:54:46,788 :: INFO :: Node OpenOCD: Setup of openocd node
2024-11-04 16:54:49,803 :: INFO :: Node OpenOCD: flash of openocd node
2024-11-04 16:54:49,808 :: INFO :: Flash firmware on OpenOCD: /usr/lib/python3.8/site-packages/gateway_code/static/m3_idle.elf
2024-11-04 16:54:51,955 :: INFO :: Control node : Start experiment
2024-11-04 16:54:52,019 :: INFO :: Control Node set time delay: 12739 us
2024-11-04 16:54:52,049 :: INFO :: Control node : profile configuration
2024-11-04 16:54:52,052 :: INFO :: Configure profile on Control Node
2024-11-04 16:54:52,121 :: INFO :: Start experiment succeeded
2024-11-04 16:56:21,527 :: INFO :: Gateway Manager : Flash of node
2024-11-04 16:56:21,532 :: INFO :: Flash firmware on open node: /tmp/tmpeyc9gb36--firmware586588828881842938-udp-client.iotlab
2024-11-04 16:56:21,571 :: INFO :: Node OpenOCD: flash of openocd node
2024-11-04 16:56:21,575 :: INFO :: Flash firmware on OpenOCD: /tmp/tmpeyc9gb36--firmware586588828881842938-udp-client.iotlab
2024-11-04 17:20:24,129 :: INFO :: Gateway Manager : Stop experiment
2024-11-04 17:20:24,135 :: INFO :: Stop experiment
2024-11-04 17:20:24,140 :: INFO :: Control node : stop of the experiment
2024-11-04 17:20:24,146 :: INFO :: Control node : profile configuration
2024-11-04 17:20:24,150 :: INFO :: Configure profile on Control Node
2024-11-04 17:20:24,211 :: INFO :: Control node : start power of open node
2024-11-04 17:20:24,243 :: INFO :: Node OpenOCD: teardown of openocd node
2024-11-04 17:20:27,258 :: INFO :: openocd node debugger stop
2024-11-04 17:20:27,784 :: INFO :: Node OpenOCD: flash of openocd node
2024-11-04 17:20:27,787 :: INFO :: Flash firmware on OpenOCD: /usr/lib/python3.8/site-packages/gateway_code/static/m3_idle.elf
2024-11-04 17:20:29,928 :: INFO :: Control node : Stop control node serial interface
2024-11-04 17:20:29,933 :: INFO :: Control node : stop power of open node
2024-11-04 17:20:29,974 :: INFO :: Control node : reset
2024-11-04 17:20:29,978 :: INFO :: Reset Control Node
