2024-11-04 16:54:43,655 :: INFO :: Start experiment: perezram-407638
2024-11-04 16:54:43,660 :: INFO :: Control node : Starting of control node serial interface
2024-11-04 16:54:43,665 :: INFO :: Control node : reset
2024-11-04 16:54:43,669 :: INFO :: Reset Control Node
2024-11-04 16:54:46,464 :: INFO :: Control node : start power of open node
2024-11-04 16:54:46,483 :: INFO :: Node OpenOCD: Setup of openocd node
2024-11-04 16:54:49,497 :: INFO :: Node OpenOCD: flash of openocd node
2024-11-04 16:54:49,502 :: INFO :: Flash firmware on OpenOCD: /usr/lib/python3.8/site-packages/gateway_code/static/m3_idle.elf
2024-11-04 16:54:51,649 :: INFO :: Control node : Start experiment
2024-11-04 16:54:51,714 :: INFO :: Control Node set time delay: 5461 us
2024-11-04 16:54:51,747 :: INFO :: Control node : profile configuration
2024-11-04 16:54:51,760 :: INFO :: Configure profile on Control Node
2024-11-04 16:54:51,815 :: INFO :: Start experiment succeeded
2024-11-04 16:56:19,983 :: INFO :: Gateway Manager : Flash of node
2024-11-04 16:56:20,013 :: INFO :: Flash firmware on open node: /tmp/tmp9no8i0tj--firmware586588828881842938-udp-client.iotlab
2024-11-04 16:56:20,052 :: INFO :: Node OpenOCD: flash of openocd node
2024-11-04 16:56:20,056 :: INFO :: Flash firmware on OpenOCD: /tmp/tmp9no8i0tj--firmware586588828881842938-udp-client.iotlab
2024-11-04 17:20:23,926 :: INFO :: Gateway Manager : Stop experiment
2024-11-04 17:20:23,932 :: INFO :: Stop experiment
2024-11-04 17:20:23,938 :: INFO :: Control node : stop of the experiment
2024-11-04 17:20:23,943 :: INFO :: Control node : profile configuration
2024-11-04 17:20:23,946 :: INFO :: Configure profile on Control Node
2024-11-04 17:20:24,004 :: INFO :: Control node : start power of open node
2024-11-04 17:20:24,035 :: INFO :: Node OpenOCD: teardown of openocd node
2024-11-04 17:20:27,051 :: INFO :: openocd node debugger stop
2024-11-04 17:20:27,673 :: INFO :: Node OpenOCD: flash of openocd node
2024-11-04 17:20:27,677 :: INFO :: Flash firmware on OpenOCD: /usr/lib/python3.8/site-packages/gateway_code/static/m3_idle.elf
2024-11-04 17:20:29,819 :: INFO :: Control node : Stop control node serial interface
2024-11-04 17:20:29,824 :: INFO :: Control node : stop power of open node
2024-11-04 17:20:29,863 :: INFO :: Control node : reset
2024-11-04 17:20:29,867 :: INFO :: Reset Control Node
