2024-11-04 16:54:43,967 :: INFO :: Start experiment: perezram-407638
2024-11-04 16:54:43,971 :: INFO :: Control node : Starting of control node serial interface
2024-11-04 16:54:43,974 :: INFO :: Control node : reset
2024-11-04 16:54:43,977 :: INFO :: Reset Control Node
2024-11-04 16:54:46,785 :: INFO :: Control node : start power of open node
2024-11-04 16:54:46,802 :: INFO :: Node OpenOCD: Setup of openocd node
2024-11-04 16:54:49,818 :: INFO :: Node OpenOCD: flash of openocd node
2024-11-04 16:54:49,823 :: INFO :: Flash firmware on OpenOCD: /usr/lib/python3.8/site-packages/gateway_code/static/m3_idle.elf
2024-11-04 16:54:52,021 :: INFO :: Control node : Start experiment
2024-11-04 16:54:52,081 :: INFO :: Control Node set time delay: 4614 us
2024-11-04 16:54:52,113 :: INFO :: Control node : profile configuration
2024-11-04 16:54:52,117 :: INFO :: Configure profile on Control Node
2024-11-04 16:54:52,182 :: INFO :: Start experiment succeeded
2024-11-04 16:56:21,793 :: INFO :: Gateway Manager : Flash of node
2024-11-04 16:56:21,798 :: INFO :: Flash firmware on open node: /tmp/tmp3i06rd1p--firmware586588828881842938-udp-client.iotlab
2024-11-04 16:56:21,837 :: INFO :: Node OpenOCD: flash of openocd node
2024-11-04 16:56:21,841 :: INFO :: Flash firmware on OpenOCD: /tmp/tmp3i06rd1p--firmware586588828881842938-udp-client.iotlab
2024-11-04 17:20:24,127 :: INFO :: Gateway Manager : Stop experiment
2024-11-04 17:20:24,136 :: INFO :: Stop experiment
2024-11-04 17:20:24,141 :: INFO :: Control node : stop of the experiment
2024-11-04 17:20:24,149 :: INFO :: Control node : profile configuration
2024-11-04 17:20:24,154 :: INFO :: Configure profile on Control Node
2024-11-04 17:20:24,210 :: INFO :: Control node : start power of open node
2024-11-04 17:20:24,243 :: INFO :: Node OpenOCD: teardown of openocd node
2024-11-04 17:20:27,258 :: INFO :: openocd node debugger stop
2024-11-04 17:20:27,880 :: INFO :: Node OpenOCD: flash of openocd node
2024-11-04 17:20:27,883 :: INFO :: Flash firmware on OpenOCD: /usr/lib/python3.8/site-packages/gateway_code/static/m3_idle.elf
2024-11-04 17:20:30,025 :: INFO :: Control node : Stop control node serial interface
2024-11-04 17:20:30,030 :: INFO :: Control node : stop power of open node
2024-11-04 17:20:30,070 :: INFO :: Control node : reset
2024-11-04 17:20:30,074 :: INFO :: Reset Control Node
