2024-11-04 17:22:38,528 :: INFO :: Start experiment: perezram-407644
2024-11-04 17:22:38,532 :: INFO :: Control node : Starting of control node serial interface
2024-11-04 17:22:38,535 :: INFO :: Control node : reset
2024-11-04 17:22:38,538 :: INFO :: Reset Control Node
2024-11-04 17:22:41,620 :: INFO :: Control node : start power of open node
2024-11-04 17:22:41,649 :: INFO :: Node OpenOCD: Setup of openocd node
2024-11-04 17:22:44,663 :: INFO :: Node OpenOCD: flash of openocd node
2024-11-04 17:22:44,667 :: INFO :: Flash firmware on OpenOCD: /usr/lib/python3.8/site-packages/gateway_code/static/m3_idle.elf
2024-11-04 17:22:47,595 :: INFO :: Control node : Start experiment
2024-11-04 17:22:47,680 :: INFO :: Control Node set time delay: 10020 us
2024-11-04 17:22:47,722 :: INFO :: Control node : profile configuration
2024-11-04 17:22:47,725 :: INFO :: Configure profile on Control Node
2024-11-04 17:22:47,824 :: INFO :: Start experiment succeeded
2024-11-04 17:23:48,231 :: INFO :: Gateway Manager : Flash of node
2024-11-04 17:23:48,236 :: INFO :: Flash firmware on open node: /tmp/tmpwskfu8kb--firmware7952378798657106752-udp-client.iotlab
2024-11-04 17:23:48,276 :: INFO :: Node OpenOCD: flash of openocd node
2024-11-04 17:23:48,279 :: INFO :: Flash firmware on OpenOCD: /tmp/tmpwskfu8kb--firmware7952378798657106752-udp-client.iotlab
2024-11-04 17:52:56,217 :: INFO :: Gateway Manager : Stop experiment
2024-11-04 17:52:56,222 :: INFO :: Stop experiment
2024-11-04 17:52:56,226 :: INFO :: Control node : stop of the experiment
2024-11-04 17:52:56,231 :: INFO :: Control node : profile configuration
2024-11-04 17:52:56,235 :: INFO :: Configure profile on Control Node
2024-11-04 17:52:56,279 :: INFO :: Control node : start power of open node
2024-11-04 17:52:56,311 :: INFO :: Node OpenOCD: teardown of openocd node
2024-11-04 17:52:59,327 :: INFO :: openocd node debugger stop
2024-11-04 17:52:59,852 :: INFO :: Node OpenOCD: flash of openocd node
2024-11-04 17:52:59,856 :: INFO :: Flash firmware on OpenOCD: /usr/lib/python3.8/site-packages/gateway_code/static/m3_idle.elf
2024-11-04 17:53:01,997 :: INFO :: Control node : Stop control node serial interface
2024-11-04 17:53:02,001 :: INFO :: Control node : stop power of open node
2024-11-04 17:53:02,043 :: INFO :: Control node : reset
2024-11-04 17:53:02,046 :: INFO :: Reset Control Node
2024-11-04 17:53:04,788 :: INFO :: Stop experiment succeeded
