2024-11-04 17:22:38,184 :: INFO :: Start experiment: perezram-407644
2024-11-04 17:22:38,188 :: INFO :: Control node : Starting of control node serial interface
2024-11-04 17:22:38,191 :: INFO :: Control node : reset
2024-11-04 17:22:38,194 :: INFO :: Reset Control Node
2024-11-04 17:22:41,034 :: INFO :: Control node : start power of open node
2024-11-04 17:22:41,052 :: INFO :: Node OpenOCD: Setup of openocd node
2024-11-04 17:22:44,066 :: INFO :: Node OpenOCD: flash of openocd node
2024-11-04 17:22:44,071 :: INFO :: Flash firmware on OpenOCD: /usr/lib/python3.8/site-packages/gateway_code/static/m3_idle.elf
2024-11-04 17:22:46,221 :: INFO :: Control node : Start experiment
2024-11-04 17:22:46,283 :: INFO :: Control Node set time delay: 2042 us
2024-11-04 17:22:46,315 :: INFO :: Control node : profile configuration
2024-11-04 17:22:46,319 :: INFO :: Configure profile on Control Node
2024-11-04 17:22:46,384 :: INFO :: Start experiment succeeded
2024-11-04 17:23:48,308 :: INFO :: Gateway Manager : Flash of node
2024-11-04 17:23:48,313 :: INFO :: Flash firmware on open node: /tmp/tmpzcskiqdx--firmware7952378798657106752-udp-client.iotlab
2024-11-04 17:23:48,353 :: INFO :: Node OpenOCD: flash of openocd node
2024-11-04 17:23:48,357 :: INFO :: Flash firmware on OpenOCD: /tmp/tmpzcskiqdx--firmware7952378798657106752-udp-client.iotlab
2024-11-04 17:52:55,933 :: INFO :: Gateway Manager : Stop experiment
2024-11-04 17:52:55,940 :: INFO :: Stop experiment
2024-11-04 17:52:55,944 :: INFO :: Control node : stop of the experiment
2024-11-04 17:52:55,949 :: INFO :: Control node : profile configuration
2024-11-04 17:52:55,952 :: INFO :: Configure profile on Control Node
2024-11-04 17:52:55,999 :: INFO :: Control node : start power of open node
2024-11-04 17:52:56,031 :: INFO :: Node OpenOCD: teardown of openocd node
2024-11-04 17:52:59,050 :: INFO :: openocd node debugger stop
2024-11-04 17:52:59,672 :: INFO :: Node OpenOCD: flash of openocd node
2024-11-04 17:52:59,675 :: INFO :: Flash firmware on OpenOCD: /usr/lib/python3.8/site-packages/gateway_code/static/m3_idle.elf
2024-11-04 17:53:01,817 :: INFO :: Control node : Stop control node serial interface
2024-11-04 17:53:01,822 :: INFO :: Control node : stop power of open node
2024-11-04 17:53:01,858 :: INFO :: Control node : reset
2024-11-04 17:53:01,862 :: INFO :: Reset Control Node
2024-11-04 17:53:04,599 :: INFO :: Stop experiment succeeded
