2024-11-04 17:22:38,078 :: INFO :: Start experiment: perezram-407644
2024-11-04 17:22:38,082 :: INFO :: Control node : Starting of control node serial interface
2024-11-04 17:22:38,086 :: INFO :: Control node : reset
2024-11-04 17:22:38,090 :: INFO :: Reset Control Node
2024-11-04 17:22:40,888 :: INFO :: Control node : start power of open node
2024-11-04 17:22:40,906 :: INFO :: Node OpenOCD: Setup of openocd node
2024-11-04 17:22:43,920 :: INFO :: Node OpenOCD: flash of openocd node
2024-11-04 17:22:43,925 :: INFO :: Flash firmware on OpenOCD: /usr/lib/python3.8/site-packages/gateway_code/static/m3_idle.elf
2024-11-04 17:22:46,072 :: INFO :: Control node : Start experiment
2024-11-04 17:22:46,129 :: INFO :: Control Node set time delay: 2843 us
2024-11-04 17:22:46,154 :: INFO :: Control node : profile configuration
2024-11-04 17:22:46,157 :: INFO :: Configure profile on Control Node
2024-11-04 17:22:46,239 :: INFO :: Start experiment succeeded
2024-11-04 17:23:48,321 :: INFO :: Gateway Manager : Flash of node
2024-11-04 17:23:48,326 :: INFO :: Flash firmware on open node: /tmp/tmpl7lreb9p--firmware7952378798657106752-udp-client.iotlab
2024-11-04 17:23:48,366 :: INFO :: Node OpenOCD: flash of openocd node
2024-11-04 17:23:48,370 :: INFO :: Flash firmware on OpenOCD: /tmp/tmpl7lreb9p--firmware7952378798657106752-udp-client.iotlab
2024-11-04 17:52:55,884 :: INFO :: Gateway Manager : Stop experiment
2024-11-04 17:52:55,891 :: INFO :: Stop experiment
2024-11-04 17:52:55,897 :: INFO :: Control node : stop of the experiment
2024-11-04 17:52:55,903 :: INFO :: Control node : profile configuration
2024-11-04 17:52:55,906 :: INFO :: Configure profile on Control Node
2024-11-04 17:52:55,958 :: INFO :: Control node : start power of open node
2024-11-04 17:52:55,990 :: INFO :: Node OpenOCD: teardown of openocd node
2024-11-04 17:52:59,006 :: INFO :: openocd node debugger stop
2024-11-04 17:52:59,628 :: INFO :: Node OpenOCD: flash of openocd node
2024-11-04 17:52:59,631 :: INFO :: Flash firmware on OpenOCD: /usr/lib/python3.8/site-packages/gateway_code/static/m3_idle.elf
2024-11-04 17:53:01,773 :: INFO :: Control node : Stop control node serial interface
2024-11-04 17:53:01,778 :: INFO :: Control node : stop power of open node
2024-11-04 17:53:01,817 :: INFO :: Control node : reset
2024-11-04 17:53:01,821 :: INFO :: Reset Control Node
2024-11-04 17:53:04,565 :: INFO :: Stop experiment succeeded
