2024-11-04 17:22:38,351 :: INFO :: Start experiment: perezram-407644
2024-11-04 17:22:38,355 :: INFO :: Control node : Starting of control node serial interface
2024-11-04 17:22:38,358 :: INFO :: Control node : reset
2024-11-04 17:22:38,362 :: INFO :: Reset Control Node
2024-11-04 17:22:41,261 :: INFO :: Control node : start power of open node
2024-11-04 17:22:41,277 :: INFO :: Node OpenOCD: Setup of openocd node
2024-11-04 17:22:44,292 :: INFO :: Node OpenOCD: flash of openocd node
2024-11-04 17:22:44,297 :: INFO :: Flash firmware on OpenOCD: /usr/lib/python3.8/site-packages/gateway_code/static/m3_idle.elf
2024-11-04 17:22:46,444 :: INFO :: Control node : Start experiment
2024-11-04 17:22:46,511 :: INFO :: Control Node set time delay: 7960 us
2024-11-04 17:22:46,557 :: INFO :: Control node : profile configuration
2024-11-04 17:22:46,561 :: INFO :: Configure profile on Control Node
2024-11-04 17:22:46,610 :: INFO :: Start experiment succeeded
2024-11-04 17:23:48,066 :: INFO :: Gateway Manager : Flash of node
2024-11-04 17:23:48,072 :: INFO :: Flash firmware on open node: /tmp/tmpmh7ugq7d--firmware7952378798657106752-udp-client.iotlab
2024-11-04 17:23:48,111 :: INFO :: Node OpenOCD: flash of openocd node
2024-11-04 17:23:48,115 :: INFO :: Flash firmware on OpenOCD: /tmp/tmpmh7ugq7d--firmware7952378798657106752-udp-client.iotlab
2024-11-04 17:52:56,050 :: INFO :: Gateway Manager : Stop experiment
2024-11-04 17:52:56,056 :: INFO :: Stop experiment
2024-11-04 17:52:56,060 :: INFO :: Control node : stop of the experiment
2024-11-04 17:52:56,065 :: INFO :: Control node : profile configuration
2024-11-04 17:52:56,068 :: INFO :: Configure profile on Control Node
2024-11-04 17:52:56,118 :: INFO :: Control node : start power of open node
2024-11-04 17:52:56,147 :: INFO :: Node OpenOCD: teardown of openocd node
2024-11-04 17:52:59,163 :: INFO :: openocd node debugger stop
2024-11-04 17:52:59,785 :: INFO :: Node OpenOCD: flash of openocd node
2024-11-04 17:52:59,788 :: INFO :: Flash firmware on OpenOCD: /usr/lib/python3.8/site-packages/gateway_code/static/m3_idle.elf
2024-11-04 17:53:01,930 :: INFO :: Control node : Stop control node serial interface
2024-11-04 17:53:01,935 :: INFO :: Control node : stop power of open node
2024-11-04 17:53:01,974 :: INFO :: Control node : reset
2024-11-04 17:53:01,978 :: INFO :: Reset Control Node
2024-11-04 17:53:04,740 :: INFO :: Stop experiment succeeded
