2024-11-04 17:22:38,548 :: INFO :: Start experiment: perezram-407644
2024-11-04 17:22:38,552 :: INFO :: Control node : Starting of control node serial interface
2024-11-04 17:22:38,555 :: INFO :: Control node : reset
2024-11-04 17:22:38,558 :: INFO :: Reset Control Node
2024-11-04 17:22:41,352 :: INFO :: Control node : start power of open node
2024-11-04 17:22:41,368 :: INFO :: Node OpenOCD: Setup of openocd node
2024-11-04 17:22:44,382 :: INFO :: Node OpenOCD: flash of openocd node
2024-11-04 17:22:44,387 :: INFO :: Flash firmware on OpenOCD: /usr/lib/python3.8/site-packages/gateway_code/static/m3_idle.elf
2024-11-04 17:22:46,536 :: INFO :: Control node : Start experiment
2024-11-04 17:22:46,605 :: INFO :: Control Node set time delay: 11580 us
2024-11-04 17:22:46,632 :: INFO :: Control node : profile configuration
2024-11-04 17:22:46,635 :: INFO :: Configure profile on Control Node
2024-11-04 17:22:46,701 :: INFO :: Start experiment succeeded
2024-11-04 17:23:48,136 :: INFO :: Gateway Manager : Flash of node
2024-11-04 17:23:48,141 :: INFO :: Flash firmware on open node: /tmp/tmp_i0id30z--firmware7952378798657106752-udp-client.iotlab
2024-11-04 17:23:48,181 :: INFO :: Node OpenOCD: flash of openocd node
2024-11-04 17:23:48,185 :: INFO :: Flash firmware on OpenOCD: /tmp/tmp_i0id30z--firmware7952378798657106752-udp-client.iotlab
2024-11-04 17:52:56,206 :: INFO :: Gateway Manager : Stop experiment
2024-11-04 17:52:56,212 :: INFO :: Stop experiment
2024-11-04 17:52:56,216 :: INFO :: Control node : stop of the experiment
2024-11-04 17:52:56,224 :: INFO :: Control node : profile configuration
2024-11-04 17:52:56,229 :: INFO :: Configure profile on Control Node
2024-11-04 17:52:56,287 :: INFO :: Control node : start power of open node
2024-11-04 17:52:56,319 :: INFO :: Node OpenOCD: teardown of openocd node
2024-11-04 17:52:59,334 :: INFO :: openocd node debugger stop
2024-11-04 17:52:59,956 :: INFO :: Node OpenOCD: flash of openocd node
2024-11-04 17:52:59,960 :: INFO :: Flash firmware on OpenOCD: /usr/lib/python3.8/site-packages/gateway_code/static/m3_idle.elf
2024-11-04 17:53:02,104 :: INFO :: Control node : Stop control node serial interface
2024-11-04 17:53:02,109 :: INFO :: Control node : stop power of open node
2024-11-04 17:53:02,146 :: INFO :: Control node : reset
2024-11-04 17:53:02,150 :: INFO :: Reset Control Node
2024-11-04 17:53:04,889 :: INFO :: Stop experiment succeeded
