2024-11-04 17:22:38,540 :: INFO :: Start experiment: perezram-407644
2024-11-04 17:22:38,544 :: INFO :: Control node : Starting of control node serial interface
2024-11-04 17:22:38,547 :: INFO :: Control node : reset
2024-11-04 17:22:38,550 :: INFO :: Reset Control Node
2024-11-04 17:22:41,343 :: INFO :: Control node : start power of open node
2024-11-04 17:22:41,359 :: INFO :: Node OpenOCD: Setup of openocd node
2024-11-04 17:22:44,374 :: INFO :: Node OpenOCD: flash of openocd node
2024-11-04 17:22:44,379 :: INFO :: Flash firmware on OpenOCD: /usr/lib/python3.8/site-packages/gateway_code/static/m3_idle.elf
2024-11-04 17:22:46,525 :: INFO :: Control node : Start experiment
2024-11-04 17:22:46,596 :: INFO :: Control Node set time delay: 12232 us
2024-11-04 17:22:46,623 :: INFO :: Control node : profile configuration
2024-11-04 17:22:46,626 :: INFO :: Configure profile on Control Node
2024-11-04 17:22:46,692 :: INFO :: Start experiment succeeded
2024-11-04 17:23:48,282 :: INFO :: Gateway Manager : Flash of node
2024-11-04 17:23:48,287 :: INFO :: Flash firmware on open node: /tmp/tmp3wx8byyg--firmware7952378798657106752-udp-client.iotlab
2024-11-04 17:23:48,327 :: INFO :: Node OpenOCD: flash of openocd node
2024-11-04 17:23:48,331 :: INFO :: Flash firmware on OpenOCD: /tmp/tmp3wx8byyg--firmware7952378798657106752-udp-client.iotlab
2024-11-04 17:52:56,131 :: INFO :: Gateway Manager : Stop experiment
2024-11-04 17:52:56,138 :: INFO :: Stop experiment
2024-11-04 17:52:56,143 :: INFO :: Control node : stop of the experiment
2024-11-04 17:52:56,147 :: INFO :: Control node : profile configuration
2024-11-04 17:52:56,151 :: INFO :: Configure profile on Control Node
2024-11-04 17:52:56,206 :: INFO :: Control node : start power of open node
2024-11-04 17:52:56,238 :: INFO :: Node OpenOCD: teardown of openocd node
2024-11-04 17:52:59,255 :: INFO :: openocd node debugger stop
2024-11-04 17:52:59,781 :: INFO :: Node OpenOCD: flash of openocd node
2024-11-04 17:52:59,785 :: INFO :: Flash firmware on OpenOCD: /usr/lib/python3.8/site-packages/gateway_code/static/m3_idle.elf
2024-11-04 17:53:01,926 :: INFO :: Control node : Stop control node serial interface
2024-11-04 17:53:01,931 :: INFO :: Control node : stop power of open node
2024-11-04 17:53:01,970 :: INFO :: Control node : reset
2024-11-04 17:53:01,973 :: INFO :: Reset Control Node
2024-11-04 17:53:04,739 :: INFO :: Stop experiment succeeded
