2024-11-04 17:22:38,556 :: INFO :: Start experiment: perezram-407644
2024-11-04 17:22:38,560 :: INFO :: Control node : Starting of control node serial interface
2024-11-04 17:22:38,563 :: INFO :: Control node : reset
2024-11-04 17:22:38,566 :: INFO :: Reset Control Node
2024-11-04 17:22:41,360 :: INFO :: Control node : start power of open node
2024-11-04 17:22:41,375 :: INFO :: Node OpenOCD: Setup of openocd node
2024-11-04 17:22:44,390 :: INFO :: Node OpenOCD: flash of openocd node
2024-11-04 17:22:44,395 :: INFO :: Flash firmware on OpenOCD: /usr/lib/python3.8/site-packages/gateway_code/static/m3_idle.elf
2024-11-04 17:22:46,542 :: INFO :: Control node : Start experiment
2024-11-04 17:22:46,607 :: INFO :: Control Node set time delay: 7550 us
2024-11-04 17:22:46,655 :: INFO :: Control node : profile configuration
2024-11-04 17:22:46,658 :: INFO :: Configure profile on Control Node
2024-11-04 17:22:46,708 :: INFO :: Start experiment succeeded
2024-11-04 17:23:48,220 :: INFO :: Gateway Manager : Flash of node
2024-11-04 17:23:48,225 :: INFO :: Flash firmware on open node: /tmp/tmp5ngl9ivj--firmware7952378798657106752-udp-client.iotlab
2024-11-04 17:23:48,265 :: INFO :: Node OpenOCD: flash of openocd node
2024-11-04 17:23:48,269 :: INFO :: Flash firmware on OpenOCD: /tmp/tmp5ngl9ivj--firmware7952378798657106752-udp-client.iotlab
2024-11-04 17:52:56,212 :: INFO :: Gateway Manager : Stop experiment
2024-11-04 17:52:56,217 :: INFO :: Stop experiment
2024-11-04 17:52:56,221 :: INFO :: Control node : stop of the experiment
2024-11-04 17:52:56,226 :: INFO :: Control node : profile configuration
2024-11-04 17:52:56,229 :: INFO :: Configure profile on Control Node
2024-11-04 17:52:56,285 :: INFO :: Control node : start power of open node
2024-11-04 17:52:56,317 :: INFO :: Node OpenOCD: teardown of openocd node
2024-11-04 17:52:59,344 :: INFO :: openocd node debugger stop
2024-11-04 17:52:59,869 :: INFO :: Node OpenOCD: flash of openocd node
2024-11-04 17:52:59,872 :: INFO :: Flash firmware on OpenOCD: /usr/lib/python3.8/site-packages/gateway_code/static/m3_idle.elf
2024-11-04 17:53:02,014 :: INFO :: Control node : Stop control node serial interface
2024-11-04 17:53:02,019 :: INFO :: Control node : stop power of open node
2024-11-04 17:53:02,065 :: INFO :: Control node : reset
2024-11-04 17:53:02,068 :: INFO :: Reset Control Node
2024-11-04 17:53:04,821 :: INFO :: Stop experiment succeeded
