2024-11-04 17:22:38,167 :: INFO :: Start experiment: perezram-407644
2024-11-04 17:22:38,171 :: INFO :: Control node : Starting of control node serial interface
2024-11-04 17:22:38,174 :: INFO :: Control node : reset
2024-11-04 17:22:38,177 :: INFO :: Reset Control Node
2024-11-04 17:22:40,969 :: INFO :: Control node : start power of open node
2024-11-04 17:22:40,988 :: INFO :: Node OpenOCD: Setup of openocd node
2024-11-04 17:22:44,002 :: INFO :: Node OpenOCD: flash of openocd node
2024-11-04 17:22:44,008 :: INFO :: Flash firmware on OpenOCD: /usr/lib/python3.8/site-packages/gateway_code/static/m3_idle.elf
2024-11-04 17:22:46,156 :: INFO :: Control node : Start experiment
2024-11-04 17:22:46,219 :: INFO :: Control Node set time delay: 11037 us
2024-11-04 17:22:46,251 :: INFO :: Control node : profile configuration
2024-11-04 17:22:46,255 :: INFO :: Configure profile on Control Node
2024-11-04 17:22:46,320 :: INFO :: Start experiment succeeded
2024-11-04 17:23:47,965 :: INFO :: Gateway Manager : Flash of node
2024-11-04 17:23:47,970 :: INFO :: Flash firmware on open node: /tmp/tmp9_essgjc--firmware7952378798657106752-udp-client.iotlab
2024-11-04 17:23:48,009 :: INFO :: Node OpenOCD: flash of openocd node
2024-11-04 17:23:48,013 :: INFO :: Flash firmware on OpenOCD: /tmp/tmp9_essgjc--firmware7952378798657106752-udp-client.iotlab
2024-11-04 17:52:55,936 :: INFO :: Gateway Manager : Stop experiment
2024-11-04 17:52:55,943 :: INFO :: Stop experiment
2024-11-04 17:52:55,948 :: INFO :: Control node : stop of the experiment
2024-11-04 17:52:55,953 :: INFO :: Control node : profile configuration
2024-11-04 17:52:55,956 :: INFO :: Configure profile on Control Node
2024-11-04 17:52:56,005 :: INFO :: Control node : start power of open node
2024-11-04 17:52:56,037 :: INFO :: Node OpenOCD: teardown of openocd node
2024-11-04 17:52:59,056 :: INFO :: openocd node debugger stop
2024-11-04 17:52:59,678 :: INFO :: Node OpenOCD: flash of openocd node
2024-11-04 17:52:59,681 :: INFO :: Flash firmware on OpenOCD: /usr/lib/python3.8/site-packages/gateway_code/static/m3_idle.elf
2024-11-04 17:53:01,825 :: INFO :: Control node : Stop control node serial interface
2024-11-04 17:53:01,829 :: INFO :: Control node : stop power of open node
2024-11-04 17:53:01,863 :: INFO :: Control node : reset
2024-11-04 17:53:01,867 :: INFO :: Reset Control Node
2024-11-04 17:53:04,608 :: INFO :: Stop experiment succeeded
