2024-11-04 17:22:38,428 :: INFO :: Start experiment: perezram-407644
2024-11-04 17:22:38,431 :: INFO :: Control node : Starting of control node serial interface
2024-11-04 17:22:38,434 :: INFO :: Control node : reset
2024-11-04 17:22:38,438 :: INFO :: Reset Control Node
2024-11-04 17:22:41,255 :: INFO :: Control node : start power of open node
2024-11-04 17:22:41,272 :: INFO :: Node OpenOCD: Setup of openocd node
2024-11-04 17:22:44,286 :: INFO :: Node OpenOCD: flash of openocd node
2024-11-04 17:22:44,291 :: INFO :: Flash firmware on OpenOCD: /usr/lib/python3.8/site-packages/gateway_code/static/m3_idle.elf
2024-11-04 17:22:46,439 :: INFO :: Control node : Start experiment
2024-11-04 17:22:46,503 :: INFO :: Control Node set time delay: 7467 us
2024-11-04 17:22:46,536 :: INFO :: Control node : profile configuration
2024-11-04 17:22:46,545 :: INFO :: Configure profile on Control Node
2024-11-04 17:22:46,604 :: INFO :: Start experiment succeeded
2024-11-04 17:23:47,982 :: INFO :: Gateway Manager : Flash of node
2024-11-04 17:23:47,987 :: INFO :: Flash firmware on open node: /tmp/tmpenxygb_m--firmware7952378798657106752-udp-client.iotlab
2024-11-04 17:23:48,026 :: INFO :: Node OpenOCD: flash of openocd node
2024-11-04 17:23:48,030 :: INFO :: Flash firmware on OpenOCD: /tmp/tmpenxygb_m--firmware7952378798657106752-udp-client.iotlab
2024-11-04 17:52:56,109 :: INFO :: Gateway Manager : Stop experiment
2024-11-04 17:52:56,120 :: INFO :: Stop experiment
2024-11-04 17:52:56,124 :: INFO :: Control node : stop of the experiment
2024-11-04 17:52:56,131 :: INFO :: Control node : profile configuration
2024-11-04 17:52:56,134 :: INFO :: Configure profile on Control Node
2024-11-04 17:52:56,179 :: INFO :: Control node : start power of open node
2024-11-04 17:52:56,212 :: INFO :: Node OpenOCD: teardown of openocd node
2024-11-04 17:52:59,227 :: INFO :: openocd node debugger stop
2024-11-04 17:52:59,849 :: INFO :: Node OpenOCD: flash of openocd node
2024-11-04 17:52:59,852 :: INFO :: Flash firmware on OpenOCD: /usr/lib/python3.8/site-packages/gateway_code/static/m3_idle.elf
2024-11-04 17:53:01,994 :: INFO :: Control node : Stop control node serial interface
2024-11-04 17:53:01,999 :: INFO :: Control node : stop power of open node
2024-11-04 17:53:02,039 :: INFO :: Control node : reset
2024-11-04 17:53:02,043 :: INFO :: Reset Control Node
2024-11-04 17:53:04,782 :: INFO :: Stop experiment succeeded
