2024-11-04 17:22:38,442 :: INFO :: Start experiment: perezram-407644
2024-11-04 17:22:38,446 :: INFO :: Control node : Starting of control node serial interface
2024-11-04 17:22:38,449 :: INFO :: Control node : reset
2024-11-04 17:22:38,452 :: INFO :: Reset Control Node
2024-11-04 17:22:41,259 :: INFO :: Control node : start power of open node
2024-11-04 17:22:41,274 :: INFO :: Node OpenOCD: Setup of openocd node
2024-11-04 17:22:44,289 :: INFO :: Node OpenOCD: flash of openocd node
2024-11-04 17:22:44,294 :: INFO :: Flash firmware on OpenOCD: /usr/lib/python3.8/site-packages/gateway_code/static/m3_idle.elf
2024-11-04 17:22:46,440 :: INFO :: Control node : Start experiment
2024-11-04 17:22:46,497 :: INFO :: Control Node set time delay: 2598 us
2024-11-04 17:22:46,528 :: INFO :: Control node : profile configuration
2024-11-04 17:22:46,531 :: INFO :: Configure profile on Control Node
2024-11-04 17:22:46,607 :: INFO :: Start experiment succeeded
2024-11-04 17:23:48,105 :: INFO :: Gateway Manager : Flash of node
2024-11-04 17:23:48,111 :: INFO :: Flash firmware on open node: /tmp/tmpsshon4lf--firmware7952378798657106752-udp-client.iotlab
2024-11-04 17:23:48,150 :: INFO :: Node OpenOCD: flash of openocd node
2024-11-04 17:23:48,154 :: INFO :: Flash firmware on OpenOCD: /tmp/tmpsshon4lf--firmware7952378798657106752-udp-client.iotlab
2024-11-04 17:52:56,138 :: INFO :: Gateway Manager : Stop experiment
2024-11-04 17:52:56,143 :: INFO :: Stop experiment
2024-11-04 17:52:56,148 :: INFO :: Control node : stop of the experiment
2024-11-04 17:52:56,152 :: INFO :: Control node : profile configuration
2024-11-04 17:52:56,156 :: INFO :: Configure profile on Control Node
2024-11-04 17:52:56,207 :: INFO :: Control node : start power of open node
2024-11-04 17:52:56,241 :: INFO :: Node OpenOCD: teardown of openocd node
2024-11-04 17:52:59,260 :: INFO :: openocd node debugger stop
2024-11-04 17:52:59,785 :: INFO :: Node OpenOCD: flash of openocd node
2024-11-04 17:52:59,789 :: INFO :: Flash firmware on OpenOCD: /usr/lib/python3.8/site-packages/gateway_code/static/m3_idle.elf
2024-11-04 17:53:01,930 :: INFO :: Control node : Stop control node serial interface
2024-11-04 17:53:01,935 :: INFO :: Control node : stop power of open node
2024-11-04 17:53:01,970 :: INFO :: Control node : reset
2024-11-04 17:53:01,974 :: INFO :: Reset Control Node
2024-11-04 17:53:04,748 :: INFO :: Stop experiment succeeded
