2024-11-04 17:22:38,540 :: INFO :: Start experiment: perezram-407644
2024-11-04 17:22:38,544 :: INFO :: Control node : Starting of control node serial interface
2024-11-04 17:22:38,547 :: INFO :: Control node : reset
2024-11-04 17:22:38,550 :: INFO :: Reset Control Node
2024-11-04 17:22:41,344 :: INFO :: Control node : start power of open node
2024-11-04 17:22:41,370 :: INFO :: Node OpenOCD: Setup of openocd node
2024-11-04 17:22:44,385 :: INFO :: Node OpenOCD: flash of openocd node
2024-11-04 17:22:44,390 :: INFO :: Flash firmware on OpenOCD: /usr/lib/python3.8/site-packages/gateway_code/static/m3_idle.elf
2024-11-04 17:22:46,535 :: INFO :: Control node : Start experiment
2024-11-04 17:22:46,586 :: INFO :: Control Node set time delay: 1094 us
2024-11-04 17:22:46,619 :: INFO :: Control node : profile configuration
2024-11-04 17:22:46,622 :: INFO :: Configure profile on Control Node
2024-11-04 17:22:46,688 :: INFO :: Start experiment succeeded
2024-11-04 17:23:48,431 :: INFO :: Gateway Manager : Flash of node
2024-11-04 17:23:48,436 :: INFO :: Flash firmware on open node: /tmp/tmpid9qvv6q--firmware7952378798657106752-udp-client.iotlab
2024-11-04 17:23:48,476 :: INFO :: Node OpenOCD: flash of openocd node
2024-11-04 17:23:48,479 :: INFO :: Flash firmware on OpenOCD: /tmp/tmpid9qvv6q--firmware7952378798657106752-udp-client.iotlab
2024-11-04 17:52:56,204 :: INFO :: Gateway Manager : Stop experiment
2024-11-04 17:52:56,209 :: INFO :: Stop experiment
2024-11-04 17:52:56,214 :: INFO :: Control node : stop of the experiment
2024-11-04 17:52:56,219 :: INFO :: Control node : profile configuration
2024-11-04 17:52:56,222 :: INFO :: Configure profile on Control Node
2024-11-04 17:52:56,280 :: INFO :: Control node : start power of open node
2024-11-04 17:52:56,312 :: INFO :: Node OpenOCD: teardown of openocd node
2024-11-04 17:52:59,328 :: INFO :: openocd node debugger stop
2024-11-04 17:52:59,950 :: INFO :: Node OpenOCD: flash of openocd node
2024-11-04 17:52:59,954 :: INFO :: Flash firmware on OpenOCD: /usr/lib/python3.8/site-packages/gateway_code/static/m3_idle.elf
2024-11-04 17:53:02,095 :: INFO :: Control node : Stop control node serial interface
2024-11-04 17:53:02,100 :: INFO :: Control node : stop power of open node
2024-11-04 17:53:02,140 :: INFO :: Control node : reset
2024-11-04 17:53:02,143 :: INFO :: Reset Control Node
2024-11-04 17:53:04,883 :: INFO :: Stop experiment succeeded
