2024-11-04 17:22:38,363 :: INFO :: Start experiment: perezram-407644
2024-11-04 17:22:38,367 :: INFO :: Control node : Starting of control node serial interface
2024-11-04 17:22:38,370 :: INFO :: Control node : reset
2024-11-04 17:22:38,373 :: INFO :: Reset Control Node
2024-11-04 17:22:41,255 :: INFO :: Control node : start power of open node
2024-11-04 17:22:41,269 :: INFO :: Node OpenOCD: Setup of openocd node
2024-11-04 17:22:44,284 :: INFO :: Node OpenOCD: flash of openocd node
2024-11-04 17:22:44,289 :: INFO :: Flash firmware on OpenOCD: /usr/lib/python3.8/site-packages/gateway_code/static/m3_idle.elf
2024-11-04 17:22:46,437 :: INFO :: Control node : Start experiment
2024-11-04 17:22:46,501 :: INFO :: Control Node set time delay: 12457 us
2024-11-04 17:22:46,531 :: INFO :: Control node : profile configuration
2024-11-04 17:22:46,534 :: INFO :: Configure profile on Control Node
2024-11-04 17:22:46,602 :: INFO :: Start experiment succeeded
2024-11-04 17:23:48,328 :: INFO :: Gateway Manager : Flash of node
2024-11-04 17:23:48,333 :: INFO :: Flash firmware on open node: /tmp/tmp8n9a0jw0--firmware7952378798657106752-udp-client.iotlab
2024-11-04 17:23:48,373 :: INFO :: Node OpenOCD: flash of openocd node
2024-11-04 17:23:48,376 :: INFO :: Flash firmware on OpenOCD: /tmp/tmp8n9a0jw0--firmware7952378798657106752-udp-client.iotlab
2024-11-04 17:52:56,136 :: INFO :: Gateway Manager : Stop experiment
2024-11-04 17:52:56,142 :: INFO :: Stop experiment
2024-11-04 17:52:56,146 :: INFO :: Control node : stop of the experiment
2024-11-04 17:52:56,151 :: INFO :: Control node : profile configuration
2024-11-04 17:52:56,154 :: INFO :: Configure profile on Control Node
2024-11-04 17:52:56,210 :: INFO :: Control node : start power of open node
2024-11-04 17:52:56,242 :: INFO :: Node OpenOCD: teardown of openocd node
2024-11-04 17:52:59,258 :: INFO :: openocd node debugger stop
2024-11-04 17:52:59,783 :: INFO :: Node OpenOCD: flash of openocd node
2024-11-04 17:52:59,787 :: INFO :: Flash firmware on OpenOCD: /usr/lib/python3.8/site-packages/gateway_code/static/m3_idle.elf
2024-11-04 17:53:01,928 :: INFO :: Control node : Stop control node serial interface
2024-11-04 17:53:01,932 :: INFO :: Control node : stop power of open node
2024-11-04 17:53:01,973 :: INFO :: Control node : reset
2024-11-04 17:53:01,977 :: INFO :: Reset Control Node
2024-11-04 17:53:04,747 :: INFO :: Stop experiment succeeded
