2024-11-04 17:22:38,432 :: INFO :: Start experiment: perezram-407644
2024-11-04 17:22:38,436 :: INFO :: Control node : Starting of control node serial interface
2024-11-04 17:22:38,439 :: INFO :: Control node : reset
2024-11-04 17:22:38,442 :: INFO :: Reset Control Node
2024-11-04 17:22:41,258 :: INFO :: Control node : start power of open node
2024-11-04 17:22:41,275 :: INFO :: Node OpenOCD: Setup of openocd node
2024-11-04 17:22:44,289 :: INFO :: Node OpenOCD: flash of openocd node
2024-11-04 17:22:44,294 :: INFO :: Flash firmware on OpenOCD: /usr/lib/python3.8/site-packages/gateway_code/static/m3_idle.elf
2024-11-04 17:22:46,492 :: INFO :: Control node : Start experiment
2024-11-04 17:22:46,571 :: INFO :: Control Node set time delay: 15112 us
2024-11-04 17:22:46,588 :: INFO :: Control node : profile configuration
2024-11-04 17:22:46,591 :: INFO :: Configure profile on Control Node
2024-11-04 17:22:46,656 :: INFO :: Start experiment succeeded
2024-11-04 17:23:18,554 :: INFO :: Gateway Manager : Flash of node
2024-11-04 17:23:18,557 :: INFO :: Flash firmware on open node: /tmp/tmpcu1cu2hg--firmware8089317598352328151-udp-server.iotlab
2024-11-04 17:23:18,596 :: INFO :: Node OpenOCD: flash of openocd node
2024-11-04 17:23:18,600 :: INFO :: Flash firmware on OpenOCD: /tmp/tmpcu1cu2hg--firmware8089317598352328151-udp-server.iotlab
2024-11-04 17:52:56,118 :: INFO :: Gateway Manager : Stop experiment
2024-11-04 17:52:56,124 :: INFO :: Stop experiment
2024-11-04 17:52:56,129 :: INFO :: Control node : stop of the experiment
2024-11-04 17:52:56,135 :: INFO :: Control node : profile configuration
2024-11-04 17:52:56,139 :: INFO :: Configure profile on Control Node
2024-11-04 17:52:56,189 :: INFO :: Control node : start power of open node
2024-11-04 17:52:56,221 :: INFO :: Node OpenOCD: teardown of openocd node
2024-11-04 17:52:59,236 :: INFO :: openocd node debugger stop
2024-11-04 17:52:59,858 :: INFO :: Node OpenOCD: flash of openocd node
2024-11-04 17:52:59,861 :: INFO :: Flash firmware on OpenOCD: /usr/lib/python3.8/site-packages/gateway_code/static/m3_idle.elf
2024-11-04 17:53:02,006 :: INFO :: Control node : Stop control node serial interface
2024-11-04 17:53:02,018 :: INFO :: Control node : stop power of open node
2024-11-04 17:53:02,065 :: INFO :: Control node : reset
2024-11-04 17:53:02,068 :: INFO :: Reset Control Node
2024-11-04 17:53:04,824 :: INFO :: Stop experiment succeeded
