2024-11-04 17:22:38,479 :: INFO :: Start experiment: perezram-407644
2024-11-04 17:22:38,483 :: INFO :: Control node : Starting of control node serial interface
2024-11-04 17:22:38,486 :: INFO :: Control node : reset
2024-11-04 17:22:38,489 :: INFO :: Reset Control Node
2024-11-04 17:22:41,285 :: INFO :: Control node : start power of open node
2024-11-04 17:22:41,302 :: INFO :: Node OpenOCD: Setup of openocd node
2024-11-04 17:22:44,316 :: INFO :: Node OpenOCD: flash of openocd node
2024-11-04 17:22:44,321 :: INFO :: Flash firmware on OpenOCD: /usr/lib/python3.8/site-packages/gateway_code/static/m3_idle.elf
2024-11-04 17:22:46,468 :: INFO :: Control node : Start experiment
2024-11-04 17:22:46,534 :: INFO :: Control Node set time delay: 14139 us
2024-11-04 17:22:46,561 :: INFO :: Control node : profile configuration
2024-11-04 17:22:46,565 :: INFO :: Configure profile on Control Node
2024-11-04 17:22:46,635 :: INFO :: Start experiment succeeded
2024-11-04 17:23:48,365 :: INFO :: Gateway Manager : Flash of node
2024-11-04 17:23:48,370 :: INFO :: Flash firmware on open node: /tmp/tmpf2b2hf4r--firmware7952378798657106752-udp-client.iotlab
2024-11-04 17:23:48,410 :: INFO :: Node OpenOCD: flash of openocd node
2024-11-04 17:23:48,413 :: INFO :: Flash firmware on OpenOCD: /tmp/tmpf2b2hf4r--firmware7952378798657106752-udp-client.iotlab
2024-11-04 17:52:56,133 :: INFO :: Gateway Manager : Stop experiment
2024-11-04 17:52:56,139 :: INFO :: Stop experiment
2024-11-04 17:52:56,143 :: INFO :: Control node : stop of the experiment
2024-11-04 17:52:56,148 :: INFO :: Control node : profile configuration
2024-11-04 17:52:56,151 :: INFO :: Configure profile on Control Node
2024-11-04 17:52:56,210 :: INFO :: Control node : start power of open node
2024-11-04 17:52:56,244 :: INFO :: Node OpenOCD: teardown of openocd node
2024-11-04 17:52:59,261 :: INFO :: openocd node debugger stop
2024-11-04 17:52:59,882 :: INFO :: Node OpenOCD: flash of openocd node
2024-11-04 17:52:59,886 :: INFO :: Flash firmware on OpenOCD: /usr/lib/python3.8/site-packages/gateway_code/static/m3_idle.elf
2024-11-04 17:53:02,028 :: INFO :: Control node : Stop control node serial interface
2024-11-04 17:53:02,032 :: INFO :: Control node : stop power of open node
2024-11-04 17:53:02,069 :: INFO :: Control node : reset
2024-11-04 17:53:02,073 :: INFO :: Reset Control Node
2024-11-04 17:53:04,827 :: INFO :: Stop experiment succeeded
